[2024-07-11T04:20:33.932+0000] {processor.py:161} INFO - Started process (PID=76) to work on /home/airflow/.local/lib/python3.12/site-packages/airflow/example_dags/example_display_name.py
[2024-07-11T04:20:33.933+0000] {processor.py:830} INFO - Processing file /home/airflow/.local/lib/python3.12/site-packages/airflow/example_dags/example_display_name.py for tasks to queue
[2024-07-11T04:20:33.937+0000] {logging_mixin.py:188} INFO - [2024-07-11T04:20:33.936+0000] {dagbag.py:545} INFO - Filling up the DagBag from /home/airflow/.local/lib/python3.12/site-packages/airflow/example_dags/example_display_name.py
[2024-07-11T04:20:33.952+0000] {processor.py:840} INFO - DAG(s) 'example_display_name' retrieved from /home/airflow/.local/lib/python3.12/site-packages/airflow/example_dags/example_display_name.py
[2024-07-11T04:20:34.147+0000] {logging_mixin.py:188} INFO - [2024-07-11T04:20:34.147+0000] {dag.py:3096} INFO - Sync 1 DAGs
[2024-07-11T04:20:34.186+0000] {logging_mixin.py:188} INFO - [2024-07-11T04:20:34.185+0000] {dag.py:3954} INFO - Setting next_dagrun for example_display_name to None, run_after=None
[2024-07-11T04:20:34.223+0000] {processor.py:183} INFO - Processing /home/airflow/.local/lib/python3.12/site-packages/airflow/example_dags/example_display_name.py took 0.310 seconds
[2024-07-11T04:21:04.678+0000] {processor.py:161} INFO - Started process (PID=135) to work on /home/airflow/.local/lib/python3.12/site-packages/airflow/example_dags/example_display_name.py
[2024-07-11T04:21:04.678+0000] {processor.py:830} INFO - Processing file /home/airflow/.local/lib/python3.12/site-packages/airflow/example_dags/example_display_name.py for tasks to queue
[2024-07-11T04:21:04.680+0000] {logging_mixin.py:188} INFO - [2024-07-11T04:21:04.680+0000] {dagbag.py:545} INFO - Filling up the DagBag from /home/airflow/.local/lib/python3.12/site-packages/airflow/example_dags/example_display_name.py
[2024-07-11T04:21:04.697+0000] {processor.py:840} INFO - DAG(s) 'example_display_name' retrieved from /home/airflow/.local/lib/python3.12/site-packages/airflow/example_dags/example_display_name.py
[2024-07-11T04:21:04.738+0000] {logging_mixin.py:188} INFO - [2024-07-11T04:21:04.738+0000] {dag.py:3096} INFO - Sync 1 DAGs
[2024-07-11T04:21:04.754+0000] {logging_mixin.py:188} INFO - [2024-07-11T04:21:04.754+0000] {dag.py:3954} INFO - Setting next_dagrun for example_display_name to None, run_after=None
[2024-07-11T04:21:04.786+0000] {processor.py:183} INFO - Processing /home/airflow/.local/lib/python3.12/site-packages/airflow/example_dags/example_display_name.py took 0.121 seconds
[2024-07-11T04:21:35.394+0000] {processor.py:161} INFO - Started process (PID=194) to work on /home/airflow/.local/lib/python3.12/site-packages/airflow/example_dags/example_display_name.py
[2024-07-11T04:21:35.395+0000] {processor.py:830} INFO - Processing file /home/airflow/.local/lib/python3.12/site-packages/airflow/example_dags/example_display_name.py for tasks to queue
[2024-07-11T04:21:35.397+0000] {logging_mixin.py:188} INFO - [2024-07-11T04:21:35.396+0000] {dagbag.py:545} INFO - Filling up the DagBag from /home/airflow/.local/lib/python3.12/site-packages/airflow/example_dags/example_display_name.py
[2024-07-11T04:21:35.402+0000] {processor.py:840} INFO - DAG(s) 'example_display_name' retrieved from /home/airflow/.local/lib/python3.12/site-packages/airflow/example_dags/example_display_name.py
[2024-07-11T04:21:35.424+0000] {logging_mixin.py:188} INFO - [2024-07-11T04:21:35.424+0000] {dag.py:3096} INFO - Sync 1 DAGs
[2024-07-11T04:21:35.439+0000] {logging_mixin.py:188} INFO - [2024-07-11T04:21:35.439+0000] {dag.py:3954} INFO - Setting next_dagrun for example_display_name to None, run_after=None
[2024-07-11T04:21:35.470+0000] {processor.py:183} INFO - Processing /home/airflow/.local/lib/python3.12/site-packages/airflow/example_dags/example_display_name.py took 0.081 seconds
[2024-07-11T04:22:06.330+0000] {processor.py:161} INFO - Started process (PID=252) to work on /home/airflow/.local/lib/python3.12/site-packages/airflow/example_dags/example_display_name.py
[2024-07-11T04:22:06.331+0000] {processor.py:830} INFO - Processing file /home/airflow/.local/lib/python3.12/site-packages/airflow/example_dags/example_display_name.py for tasks to queue
[2024-07-11T04:22:06.333+0000] {logging_mixin.py:188} INFO - [2024-07-11T04:22:06.333+0000] {dagbag.py:545} INFO - Filling up the DagBag from /home/airflow/.local/lib/python3.12/site-packages/airflow/example_dags/example_display_name.py
[2024-07-11T04:22:06.349+0000] {processor.py:840} INFO - DAG(s) 'example_display_name' retrieved from /home/airflow/.local/lib/python3.12/site-packages/airflow/example_dags/example_display_name.py
[2024-07-11T04:22:06.398+0000] {logging_mixin.py:188} INFO - [2024-07-11T04:22:06.398+0000] {dag.py:3096} INFO - Sync 1 DAGs
[2024-07-11T04:22:06.421+0000] {logging_mixin.py:188} INFO - [2024-07-11T04:22:06.421+0000] {dag.py:3954} INFO - Setting next_dagrun for example_display_name to None, run_after=None
[2024-07-11T04:22:06.447+0000] {processor.py:183} INFO - Processing /home/airflow/.local/lib/python3.12/site-packages/airflow/example_dags/example_display_name.py took 0.136 seconds
[2024-07-11T04:22:37.219+0000] {processor.py:161} INFO - Started process (PID=310) to work on /home/airflow/.local/lib/python3.12/site-packages/airflow/example_dags/example_display_name.py
[2024-07-11T04:22:37.219+0000] {processor.py:830} INFO - Processing file /home/airflow/.local/lib/python3.12/site-packages/airflow/example_dags/example_display_name.py for tasks to queue
[2024-07-11T04:22:37.221+0000] {logging_mixin.py:188} INFO - [2024-07-11T04:22:37.221+0000] {dagbag.py:545} INFO - Filling up the DagBag from /home/airflow/.local/lib/python3.12/site-packages/airflow/example_dags/example_display_name.py
[2024-07-11T04:22:37.227+0000] {processor.py:840} INFO - DAG(s) 'example_display_name' retrieved from /home/airflow/.local/lib/python3.12/site-packages/airflow/example_dags/example_display_name.py
[2024-07-11T04:22:37.251+0000] {logging_mixin.py:188} INFO - [2024-07-11T04:22:37.251+0000] {dag.py:3096} INFO - Sync 1 DAGs
[2024-07-11T04:22:37.267+0000] {logging_mixin.py:188} INFO - [2024-07-11T04:22:37.267+0000] {dag.py:3954} INFO - Setting next_dagrun for example_display_name to None, run_after=None
[2024-07-11T04:22:37.294+0000] {processor.py:183} INFO - Processing /home/airflow/.local/lib/python3.12/site-packages/airflow/example_dags/example_display_name.py took 0.081 seconds
[2024-07-11T04:23:07.770+0000] {processor.py:161} INFO - Started process (PID=368) to work on /home/airflow/.local/lib/python3.12/site-packages/airflow/example_dags/example_display_name.py
[2024-07-11T04:23:07.771+0000] {processor.py:830} INFO - Processing file /home/airflow/.local/lib/python3.12/site-packages/airflow/example_dags/example_display_name.py for tasks to queue
[2024-07-11T04:23:07.772+0000] {logging_mixin.py:188} INFO - [2024-07-11T04:23:07.772+0000] {dagbag.py:545} INFO - Filling up the DagBag from /home/airflow/.local/lib/python3.12/site-packages/airflow/example_dags/example_display_name.py
[2024-07-11T04:23:07.777+0000] {processor.py:840} INFO - DAG(s) 'example_display_name' retrieved from /home/airflow/.local/lib/python3.12/site-packages/airflow/example_dags/example_display_name.py
[2024-07-11T04:23:07.792+0000] {logging_mixin.py:188} INFO - [2024-07-11T04:23:07.792+0000] {dag.py:3096} INFO - Sync 1 DAGs
[2024-07-11T04:23:07.803+0000] {logging_mixin.py:188} INFO - [2024-07-11T04:23:07.803+0000] {dag.py:3954} INFO - Setting next_dagrun for example_display_name to None, run_after=None
[2024-07-11T04:23:07.825+0000] {processor.py:183} INFO - Processing /home/airflow/.local/lib/python3.12/site-packages/airflow/example_dags/example_display_name.py took 0.059 seconds
[2024-07-11T04:23:38.341+0000] {processor.py:161} INFO - Started process (PID=425) to work on /home/airflow/.local/lib/python3.12/site-packages/airflow/example_dags/example_display_name.py
[2024-07-11T04:23:38.341+0000] {processor.py:830} INFO - Processing file /home/airflow/.local/lib/python3.12/site-packages/airflow/example_dags/example_display_name.py for tasks to queue
[2024-07-11T04:23:38.343+0000] {logging_mixin.py:188} INFO - [2024-07-11T04:23:38.343+0000] {dagbag.py:545} INFO - Filling up the DagBag from /home/airflow/.local/lib/python3.12/site-packages/airflow/example_dags/example_display_name.py
[2024-07-11T04:23:38.349+0000] {processor.py:840} INFO - DAG(s) 'example_display_name' retrieved from /home/airflow/.local/lib/python3.12/site-packages/airflow/example_dags/example_display_name.py
[2024-07-11T04:23:38.369+0000] {logging_mixin.py:188} INFO - [2024-07-11T04:23:38.369+0000] {dag.py:3096} INFO - Sync 1 DAGs
[2024-07-11T04:23:38.385+0000] {logging_mixin.py:188} INFO - [2024-07-11T04:23:38.385+0000] {dag.py:3954} INFO - Setting next_dagrun for example_display_name to None, run_after=None
[2024-07-11T04:23:38.411+0000] {processor.py:183} INFO - Processing /home/airflow/.local/lib/python3.12/site-packages/airflow/example_dags/example_display_name.py took 0.077 seconds
[2024-07-11T04:24:10.726+0000] {processor.py:161} INFO - Started process (PID=483) to work on /home/airflow/.local/lib/python3.12/site-packages/airflow/example_dags/example_display_name.py
[2024-07-11T04:24:10.746+0000] {processor.py:830} INFO - Processing file /home/airflow/.local/lib/python3.12/site-packages/airflow/example_dags/example_display_name.py for tasks to queue
[2024-07-11T04:24:10.762+0000] {logging_mixin.py:188} INFO - [2024-07-11T04:24:10.753+0000] {dagbag.py:545} INFO - Filling up the DagBag from /home/airflow/.local/lib/python3.12/site-packages/airflow/example_dags/example_display_name.py
[2024-07-11T04:24:10.768+0000] {processor.py:840} INFO - DAG(s) 'example_display_name' retrieved from /home/airflow/.local/lib/python3.12/site-packages/airflow/example_dags/example_display_name.py
[2024-07-11T04:24:10.868+0000] {logging_mixin.py:188} INFO - [2024-07-11T04:24:10.868+0000] {dag.py:3096} INFO - Sync 1 DAGs
[2024-07-11T04:24:10.926+0000] {logging_mixin.py:188} INFO - [2024-07-11T04:24:10.926+0000] {dag.py:3954} INFO - Setting next_dagrun for example_display_name to None, run_after=None
[2024-07-11T04:24:10.985+0000] {processor.py:183} INFO - Processing /home/airflow/.local/lib/python3.12/site-packages/airflow/example_dags/example_display_name.py took 0.287 seconds
[2024-07-11T04:24:41.350+0000] {processor.py:161} INFO - Started process (PID=542) to work on /home/airflow/.local/lib/python3.12/site-packages/airflow/example_dags/example_display_name.py
[2024-07-11T04:24:41.350+0000] {processor.py:830} INFO - Processing file /home/airflow/.local/lib/python3.12/site-packages/airflow/example_dags/example_display_name.py for tasks to queue
[2024-07-11T04:24:41.352+0000] {logging_mixin.py:188} INFO - [2024-07-11T04:24:41.352+0000] {dagbag.py:545} INFO - Filling up the DagBag from /home/airflow/.local/lib/python3.12/site-packages/airflow/example_dags/example_display_name.py
[2024-07-11T04:24:41.357+0000] {processor.py:840} INFO - DAG(s) 'example_display_name' retrieved from /home/airflow/.local/lib/python3.12/site-packages/airflow/example_dags/example_display_name.py
[2024-07-11T04:24:41.383+0000] {logging_mixin.py:188} INFO - [2024-07-11T04:24:41.383+0000] {dag.py:3096} INFO - Sync 1 DAGs
[2024-07-11T04:24:41.401+0000] {logging_mixin.py:188} INFO - [2024-07-11T04:24:41.400+0000] {dag.py:3954} INFO - Setting next_dagrun for example_display_name to None, run_after=None
[2024-07-11T04:24:41.432+0000] {processor.py:183} INFO - Processing /home/airflow/.local/lib/python3.12/site-packages/airflow/example_dags/example_display_name.py took 0.088 seconds
[2024-07-11T04:25:12.277+0000] {processor.py:161} INFO - Started process (PID=600) to work on /home/airflow/.local/lib/python3.12/site-packages/airflow/example_dags/example_display_name.py
[2024-07-11T04:25:12.278+0000] {processor.py:830} INFO - Processing file /home/airflow/.local/lib/python3.12/site-packages/airflow/example_dags/example_display_name.py for tasks to queue
[2024-07-11T04:25:12.279+0000] {logging_mixin.py:188} INFO - [2024-07-11T04:25:12.279+0000] {dagbag.py:545} INFO - Filling up the DagBag from /home/airflow/.local/lib/python3.12/site-packages/airflow/example_dags/example_display_name.py
[2024-07-11T04:25:12.284+0000] {processor.py:840} INFO - DAG(s) 'example_display_name' retrieved from /home/airflow/.local/lib/python3.12/site-packages/airflow/example_dags/example_display_name.py
[2024-07-11T04:25:12.299+0000] {logging_mixin.py:188} INFO - [2024-07-11T04:25:12.299+0000] {dag.py:3096} INFO - Sync 1 DAGs
[2024-07-11T04:25:12.309+0000] {logging_mixin.py:188} INFO - [2024-07-11T04:25:12.309+0000] {dag.py:3954} INFO - Setting next_dagrun for example_display_name to None, run_after=None
[2024-07-11T04:25:12.332+0000] {processor.py:183} INFO - Processing /home/airflow/.local/lib/python3.12/site-packages/airflow/example_dags/example_display_name.py took 0.059 seconds
[2024-07-11T04:25:42.654+0000] {processor.py:161} INFO - Started process (PID=659) to work on /home/airflow/.local/lib/python3.12/site-packages/airflow/example_dags/example_display_name.py
[2024-07-11T04:25:42.655+0000] {processor.py:830} INFO - Processing file /home/airflow/.local/lib/python3.12/site-packages/airflow/example_dags/example_display_name.py for tasks to queue
[2024-07-11T04:25:42.657+0000] {logging_mixin.py:188} INFO - [2024-07-11T04:25:42.656+0000] {dagbag.py:545} INFO - Filling up the DagBag from /home/airflow/.local/lib/python3.12/site-packages/airflow/example_dags/example_display_name.py
[2024-07-11T04:25:42.662+0000] {processor.py:840} INFO - DAG(s) 'example_display_name' retrieved from /home/airflow/.local/lib/python3.12/site-packages/airflow/example_dags/example_display_name.py
[2024-07-11T04:25:42.684+0000] {logging_mixin.py:188} INFO - [2024-07-11T04:25:42.684+0000] {dag.py:3096} INFO - Sync 1 DAGs
[2024-07-11T04:25:42.700+0000] {logging_mixin.py:188} INFO - [2024-07-11T04:25:42.700+0000] {dag.py:3954} INFO - Setting next_dagrun for example_display_name to None, run_after=None
[2024-07-11T04:25:42.727+0000] {processor.py:183} INFO - Processing /home/airflow/.local/lib/python3.12/site-packages/airflow/example_dags/example_display_name.py took 0.079 seconds
[2024-07-11T04:26:13.294+0000] {processor.py:161} INFO - Started process (PID=718) to work on /home/airflow/.local/lib/python3.12/site-packages/airflow/example_dags/example_display_name.py
[2024-07-11T04:26:13.295+0000] {processor.py:830} INFO - Processing file /home/airflow/.local/lib/python3.12/site-packages/airflow/example_dags/example_display_name.py for tasks to queue
[2024-07-11T04:26:13.296+0000] {logging_mixin.py:188} INFO - [2024-07-11T04:26:13.296+0000] {dagbag.py:545} INFO - Filling up the DagBag from /home/airflow/.local/lib/python3.12/site-packages/airflow/example_dags/example_display_name.py
[2024-07-11T04:26:13.300+0000] {processor.py:840} INFO - DAG(s) 'example_display_name' retrieved from /home/airflow/.local/lib/python3.12/site-packages/airflow/example_dags/example_display_name.py
[2024-07-11T04:26:13.316+0000] {logging_mixin.py:188} INFO - [2024-07-11T04:26:13.316+0000] {dag.py:3096} INFO - Sync 1 DAGs
[2024-07-11T04:26:13.326+0000] {logging_mixin.py:188} INFO - [2024-07-11T04:26:13.326+0000] {dag.py:3954} INFO - Setting next_dagrun for example_display_name to None, run_after=None
[2024-07-11T04:26:13.349+0000] {processor.py:183} INFO - Processing /home/airflow/.local/lib/python3.12/site-packages/airflow/example_dags/example_display_name.py took 0.059 seconds
[2024-07-11T04:26:43.872+0000] {processor.py:161} INFO - Started process (PID=777) to work on /home/airflow/.local/lib/python3.12/site-packages/airflow/example_dags/example_display_name.py
[2024-07-11T04:26:43.873+0000] {processor.py:830} INFO - Processing file /home/airflow/.local/lib/python3.12/site-packages/airflow/example_dags/example_display_name.py for tasks to queue
[2024-07-11T04:26:43.875+0000] {logging_mixin.py:188} INFO - [2024-07-11T04:26:43.874+0000] {dagbag.py:545} INFO - Filling up the DagBag from /home/airflow/.local/lib/python3.12/site-packages/airflow/example_dags/example_display_name.py
[2024-07-11T04:26:43.880+0000] {processor.py:840} INFO - DAG(s) 'example_display_name' retrieved from /home/airflow/.local/lib/python3.12/site-packages/airflow/example_dags/example_display_name.py
[2024-07-11T04:26:43.901+0000] {logging_mixin.py:188} INFO - [2024-07-11T04:26:43.901+0000] {dag.py:3096} INFO - Sync 1 DAGs
[2024-07-11T04:26:43.916+0000] {logging_mixin.py:188} INFO - [2024-07-11T04:26:43.916+0000] {dag.py:3954} INFO - Setting next_dagrun for example_display_name to None, run_after=None
[2024-07-11T04:26:43.941+0000] {processor.py:183} INFO - Processing /home/airflow/.local/lib/python3.12/site-packages/airflow/example_dags/example_display_name.py took 0.075 seconds
[2024-07-11T04:27:14.350+0000] {processor.py:161} INFO - Started process (PID=835) to work on /home/airflow/.local/lib/python3.12/site-packages/airflow/example_dags/example_display_name.py
[2024-07-11T04:27:14.351+0000] {processor.py:830} INFO - Processing file /home/airflow/.local/lib/python3.12/site-packages/airflow/example_dags/example_display_name.py for tasks to queue
[2024-07-11T04:27:14.354+0000] {logging_mixin.py:188} INFO - [2024-07-11T04:27:14.353+0000] {dagbag.py:545} INFO - Filling up the DagBag from /home/airflow/.local/lib/python3.12/site-packages/airflow/example_dags/example_display_name.py
[2024-07-11T04:27:14.364+0000] {processor.py:840} INFO - DAG(s) 'example_display_name' retrieved from /home/airflow/.local/lib/python3.12/site-packages/airflow/example_dags/example_display_name.py
[2024-07-11T04:27:14.406+0000] {logging_mixin.py:188} INFO - [2024-07-11T04:27:14.406+0000] {dag.py:3096} INFO - Sync 1 DAGs
[2024-07-11T04:27:14.423+0000] {logging_mixin.py:188} INFO - [2024-07-11T04:27:14.422+0000] {dag.py:3954} INFO - Setting next_dagrun for example_display_name to None, run_after=None
[2024-07-11T04:27:14.452+0000] {processor.py:183} INFO - Processing /home/airflow/.local/lib/python3.12/site-packages/airflow/example_dags/example_display_name.py took 0.112 seconds
[2024-07-11T04:27:45.000+0000] {processor.py:161} INFO - Started process (PID=894) to work on /home/airflow/.local/lib/python3.12/site-packages/airflow/example_dags/example_display_name.py
[2024-07-11T04:27:45.000+0000] {processor.py:830} INFO - Processing file /home/airflow/.local/lib/python3.12/site-packages/airflow/example_dags/example_display_name.py for tasks to queue
[2024-07-11T04:27:45.002+0000] {logging_mixin.py:188} INFO - [2024-07-11T04:27:45.002+0000] {dagbag.py:545} INFO - Filling up the DagBag from /home/airflow/.local/lib/python3.12/site-packages/airflow/example_dags/example_display_name.py
[2024-07-11T04:27:45.009+0000] {processor.py:840} INFO - DAG(s) 'example_display_name' retrieved from /home/airflow/.local/lib/python3.12/site-packages/airflow/example_dags/example_display_name.py
[2024-07-11T04:27:45.074+0000] {logging_mixin.py:188} INFO - [2024-07-11T04:27:45.074+0000] {dag.py:3096} INFO - Sync 1 DAGs
[2024-07-11T04:27:45.107+0000] {logging_mixin.py:188} INFO - [2024-07-11T04:27:45.107+0000] {dag.py:3954} INFO - Setting next_dagrun for example_display_name to None, run_after=None
[2024-07-11T04:27:45.160+0000] {processor.py:183} INFO - Processing /home/airflow/.local/lib/python3.12/site-packages/airflow/example_dags/example_display_name.py took 0.168 seconds
[2024-07-11T04:28:15.560+0000] {processor.py:161} INFO - Started process (PID=953) to work on /home/airflow/.local/lib/python3.12/site-packages/airflow/example_dags/example_display_name.py
[2024-07-11T04:28:15.561+0000] {processor.py:830} INFO - Processing file /home/airflow/.local/lib/python3.12/site-packages/airflow/example_dags/example_display_name.py for tasks to queue
[2024-07-11T04:28:15.562+0000] {logging_mixin.py:188} INFO - [2024-07-11T04:28:15.562+0000] {dagbag.py:545} INFO - Filling up the DagBag from /home/airflow/.local/lib/python3.12/site-packages/airflow/example_dags/example_display_name.py
[2024-07-11T04:28:15.568+0000] {processor.py:840} INFO - DAG(s) 'example_display_name' retrieved from /home/airflow/.local/lib/python3.12/site-packages/airflow/example_dags/example_display_name.py
[2024-07-11T04:28:15.591+0000] {logging_mixin.py:188} INFO - [2024-07-11T04:28:15.591+0000] {dag.py:3096} INFO - Sync 1 DAGs
[2024-07-11T04:28:15.607+0000] {logging_mixin.py:188} INFO - [2024-07-11T04:28:15.607+0000] {dag.py:3954} INFO - Setting next_dagrun for example_display_name to None, run_after=None
[2024-07-11T04:28:15.634+0000] {processor.py:183} INFO - Processing /home/airflow/.local/lib/python3.12/site-packages/airflow/example_dags/example_display_name.py took 0.080 seconds
[2024-07-11T04:28:45.879+0000] {processor.py:161} INFO - Started process (PID=1011) to work on /home/airflow/.local/lib/python3.12/site-packages/airflow/example_dags/example_display_name.py
[2024-07-11T04:28:45.880+0000] {processor.py:830} INFO - Processing file /home/airflow/.local/lib/python3.12/site-packages/airflow/example_dags/example_display_name.py for tasks to queue
[2024-07-11T04:28:45.881+0000] {logging_mixin.py:188} INFO - [2024-07-11T04:28:45.881+0000] {dagbag.py:545} INFO - Filling up the DagBag from /home/airflow/.local/lib/python3.12/site-packages/airflow/example_dags/example_display_name.py
[2024-07-11T04:28:45.887+0000] {processor.py:840} INFO - DAG(s) 'example_display_name' retrieved from /home/airflow/.local/lib/python3.12/site-packages/airflow/example_dags/example_display_name.py
[2024-07-11T04:28:45.909+0000] {logging_mixin.py:188} INFO - [2024-07-11T04:28:45.909+0000] {dag.py:3096} INFO - Sync 1 DAGs
[2024-07-11T04:28:45.925+0000] {logging_mixin.py:188} INFO - [2024-07-11T04:28:45.924+0000] {dag.py:3954} INFO - Setting next_dagrun for example_display_name to None, run_after=None
[2024-07-11T04:28:45.952+0000] {processor.py:183} INFO - Processing /home/airflow/.local/lib/python3.12/site-packages/airflow/example_dags/example_display_name.py took 0.079 seconds
[2024-07-11T04:29:17.319+0000] {processor.py:161} INFO - Started process (PID=1069) to work on /home/airflow/.local/lib/python3.12/site-packages/airflow/example_dags/example_display_name.py
[2024-07-11T04:29:17.320+0000] {processor.py:830} INFO - Processing file /home/airflow/.local/lib/python3.12/site-packages/airflow/example_dags/example_display_name.py for tasks to queue
[2024-07-11T04:29:17.322+0000] {logging_mixin.py:188} INFO - [2024-07-11T04:29:17.322+0000] {dagbag.py:545} INFO - Filling up the DagBag from /home/airflow/.local/lib/python3.12/site-packages/airflow/example_dags/example_display_name.py
[2024-07-11T04:29:17.327+0000] {processor.py:840} INFO - DAG(s) 'example_display_name' retrieved from /home/airflow/.local/lib/python3.12/site-packages/airflow/example_dags/example_display_name.py
[2024-07-11T04:29:17.360+0000] {logging_mixin.py:188} INFO - [2024-07-11T04:29:17.359+0000] {dag.py:3096} INFO - Sync 1 DAGs
[2024-07-11T04:29:17.379+0000] {logging_mixin.py:188} INFO - [2024-07-11T04:29:17.379+0000] {dag.py:3954} INFO - Setting next_dagrun for example_display_name to None, run_after=None
[2024-07-11T04:29:17.425+0000] {processor.py:183} INFO - Processing /home/airflow/.local/lib/python3.12/site-packages/airflow/example_dags/example_display_name.py took 0.117 seconds
