[2024-07-11T04:20:28.792+0000] {processor.py:161} INFO - Started process (PID=58) to work on /home/airflow/.local/lib/python3.12/site-packages/airflow/example_dags/example_branch_day_of_week_operator.py
[2024-07-11T04:20:28.799+0000] {processor.py:830} INFO - Processing file /home/airflow/.local/lib/python3.12/site-packages/airflow/example_dags/example_branch_day_of_week_operator.py for tasks to queue
[2024-07-11T04:20:28.811+0000] {logging_mixin.py:188} INFO - [2024-07-11T04:20:28.810+0000] {dagbag.py:545} INFO - Filling up the DagBag from /home/airflow/.local/lib/python3.12/site-packages/airflow/example_dags/example_branch_day_of_week_operator.py
[2024-07-11T04:20:28.875+0000] {processor.py:840} INFO - DAG(s) 'example_weekday_branch_operator' retrieved from /home/airflow/.local/lib/python3.12/site-packages/airflow/example_dags/example_branch_day_of_week_operator.py
[2024-07-11T04:20:29.466+0000] {logging_mixin.py:188} INFO - [2024-07-11T04:20:29.466+0000] {dag.py:3096} INFO - Sync 1 DAGs
[2024-07-11T04:20:29.532+0000] {logging_mixin.py:188} INFO - [2024-07-11T04:20:29.532+0000] {dag.py:3954} INFO - Setting next_dagrun for example_weekday_branch_operator to 2024-07-10 00:00:00+00:00, run_after=2024-07-11 00:00:00+00:00
[2024-07-11T04:20:29.610+0000] {processor.py:183} INFO - Processing /home/airflow/.local/lib/python3.12/site-packages/airflow/example_dags/example_branch_day_of_week_operator.py took 0.853 seconds
[2024-07-11T04:21:00.289+0000] {processor.py:161} INFO - Started process (PID=117) to work on /home/airflow/.local/lib/python3.12/site-packages/airflow/example_dags/example_branch_day_of_week_operator.py
[2024-07-11T04:21:00.289+0000] {processor.py:830} INFO - Processing file /home/airflow/.local/lib/python3.12/site-packages/airflow/example_dags/example_branch_day_of_week_operator.py for tasks to queue
[2024-07-11T04:21:00.291+0000] {logging_mixin.py:188} INFO - [2024-07-11T04:21:00.291+0000] {dagbag.py:545} INFO - Filling up the DagBag from /home/airflow/.local/lib/python3.12/site-packages/airflow/example_dags/example_branch_day_of_week_operator.py
[2024-07-11T04:21:00.300+0000] {processor.py:840} INFO - DAG(s) 'example_weekday_branch_operator' retrieved from /home/airflow/.local/lib/python3.12/site-packages/airflow/example_dags/example_branch_day_of_week_operator.py
[2024-07-11T04:21:00.324+0000] {logging_mixin.py:188} INFO - [2024-07-11T04:21:00.324+0000] {dag.py:3096} INFO - Sync 1 DAGs
[2024-07-11T04:21:00.351+0000] {logging_mixin.py:188} INFO - [2024-07-11T04:21:00.351+0000] {dag.py:3954} INFO - Setting next_dagrun for example_weekday_branch_operator to 2024-07-10 00:00:00+00:00, run_after=2024-07-11 00:00:00+00:00
[2024-07-11T04:21:00.379+0000] {processor.py:183} INFO - Processing /home/airflow/.local/lib/python3.12/site-packages/airflow/example_dags/example_branch_day_of_week_operator.py took 0.096 seconds
[2024-07-11T04:21:31.125+0000] {processor.py:161} INFO - Started process (PID=176) to work on /home/airflow/.local/lib/python3.12/site-packages/airflow/example_dags/example_branch_day_of_week_operator.py
[2024-07-11T04:21:31.126+0000] {processor.py:830} INFO - Processing file /home/airflow/.local/lib/python3.12/site-packages/airflow/example_dags/example_branch_day_of_week_operator.py for tasks to queue
[2024-07-11T04:21:31.128+0000] {logging_mixin.py:188} INFO - [2024-07-11T04:21:31.128+0000] {dagbag.py:545} INFO - Filling up the DagBag from /home/airflow/.local/lib/python3.12/site-packages/airflow/example_dags/example_branch_day_of_week_operator.py
[2024-07-11T04:21:31.137+0000] {processor.py:840} INFO - DAG(s) 'example_weekday_branch_operator' retrieved from /home/airflow/.local/lib/python3.12/site-packages/airflow/example_dags/example_branch_day_of_week_operator.py
[2024-07-11T04:21:31.163+0000] {logging_mixin.py:188} INFO - [2024-07-11T04:21:31.163+0000] {dag.py:3096} INFO - Sync 1 DAGs
[2024-07-11T04:21:31.190+0000] {logging_mixin.py:188} INFO - [2024-07-11T04:21:31.190+0000] {dag.py:3954} INFO - Setting next_dagrun for example_weekday_branch_operator to 2024-07-10 00:00:00+00:00, run_after=2024-07-11 00:00:00+00:00
[2024-07-11T04:21:31.219+0000] {processor.py:183} INFO - Processing /home/airflow/.local/lib/python3.12/site-packages/airflow/example_dags/example_branch_day_of_week_operator.py took 0.099 seconds
[2024-07-11T04:22:01.918+0000] {processor.py:161} INFO - Started process (PID=234) to work on /home/airflow/.local/lib/python3.12/site-packages/airflow/example_dags/example_branch_day_of_week_operator.py
[2024-07-11T04:22:01.925+0000] {processor.py:830} INFO - Processing file /home/airflow/.local/lib/python3.12/site-packages/airflow/example_dags/example_branch_day_of_week_operator.py for tasks to queue
[2024-07-11T04:22:01.927+0000] {logging_mixin.py:188} INFO - [2024-07-11T04:22:01.926+0000] {dagbag.py:545} INFO - Filling up the DagBag from /home/airflow/.local/lib/python3.12/site-packages/airflow/example_dags/example_branch_day_of_week_operator.py
[2024-07-11T04:22:01.948+0000] {processor.py:840} INFO - DAG(s) 'example_weekday_branch_operator' retrieved from /home/airflow/.local/lib/python3.12/site-packages/airflow/example_dags/example_branch_day_of_week_operator.py
[2024-07-11T04:22:01.985+0000] {logging_mixin.py:188} INFO - [2024-07-11T04:22:01.985+0000] {dag.py:3096} INFO - Sync 1 DAGs
[2024-07-11T04:22:02.051+0000] {logging_mixin.py:188} INFO - [2024-07-11T04:22:02.051+0000] {dag.py:3954} INFO - Setting next_dagrun for example_weekday_branch_operator to 2024-07-10 00:00:00+00:00, run_after=2024-07-11 00:00:00+00:00
[2024-07-11T04:22:02.085+0000] {processor.py:183} INFO - Processing /home/airflow/.local/lib/python3.12/site-packages/airflow/example_dags/example_branch_day_of_week_operator.py took 0.185 seconds
[2024-07-11T04:22:32.837+0000] {processor.py:161} INFO - Started process (PID=292) to work on /home/airflow/.local/lib/python3.12/site-packages/airflow/example_dags/example_branch_day_of_week_operator.py
[2024-07-11T04:22:32.838+0000] {processor.py:830} INFO - Processing file /home/airflow/.local/lib/python3.12/site-packages/airflow/example_dags/example_branch_day_of_week_operator.py for tasks to queue
[2024-07-11T04:22:32.840+0000] {logging_mixin.py:188} INFO - [2024-07-11T04:22:32.840+0000] {dagbag.py:545} INFO - Filling up the DagBag from /home/airflow/.local/lib/python3.12/site-packages/airflow/example_dags/example_branch_day_of_week_operator.py
[2024-07-11T04:22:32.854+0000] {processor.py:840} INFO - DAG(s) 'example_weekday_branch_operator' retrieved from /home/airflow/.local/lib/python3.12/site-packages/airflow/example_dags/example_branch_day_of_week_operator.py
[2024-07-11T04:22:32.881+0000] {logging_mixin.py:188} INFO - [2024-07-11T04:22:32.880+0000] {dag.py:3096} INFO - Sync 1 DAGs
[2024-07-11T04:22:32.910+0000] {logging_mixin.py:188} INFO - [2024-07-11T04:22:32.910+0000] {dag.py:3954} INFO - Setting next_dagrun for example_weekday_branch_operator to 2024-07-10 00:00:00+00:00, run_after=2024-07-11 00:00:00+00:00
[2024-07-11T04:22:32.936+0000] {processor.py:183} INFO - Processing /home/airflow/.local/lib/python3.12/site-packages/airflow/example_dags/example_branch_day_of_week_operator.py took 0.106 seconds
[2024-07-11T04:23:03.467+0000] {processor.py:161} INFO - Started process (PID=350) to work on /home/airflow/.local/lib/python3.12/site-packages/airflow/example_dags/example_branch_day_of_week_operator.py
[2024-07-11T04:23:03.468+0000] {processor.py:830} INFO - Processing file /home/airflow/.local/lib/python3.12/site-packages/airflow/example_dags/example_branch_day_of_week_operator.py for tasks to queue
[2024-07-11T04:23:03.470+0000] {logging_mixin.py:188} INFO - [2024-07-11T04:23:03.470+0000] {dagbag.py:545} INFO - Filling up the DagBag from /home/airflow/.local/lib/python3.12/site-packages/airflow/example_dags/example_branch_day_of_week_operator.py
[2024-07-11T04:23:03.479+0000] {processor.py:840} INFO - DAG(s) 'example_weekday_branch_operator' retrieved from /home/airflow/.local/lib/python3.12/site-packages/airflow/example_dags/example_branch_day_of_week_operator.py
[2024-07-11T04:23:03.504+0000] {logging_mixin.py:188} INFO - [2024-07-11T04:23:03.504+0000] {dag.py:3096} INFO - Sync 1 DAGs
[2024-07-11T04:23:03.533+0000] {logging_mixin.py:188} INFO - [2024-07-11T04:23:03.532+0000] {dag.py:3954} INFO - Setting next_dagrun for example_weekday_branch_operator to 2024-07-10 00:00:00+00:00, run_after=2024-07-11 00:00:00+00:00
[2024-07-11T04:23:03.560+0000] {processor.py:183} INFO - Processing /home/airflow/.local/lib/python3.12/site-packages/airflow/example_dags/example_branch_day_of_week_operator.py took 0.099 seconds
[2024-07-11T04:23:34.037+0000] {processor.py:161} INFO - Started process (PID=407) to work on /home/airflow/.local/lib/python3.12/site-packages/airflow/example_dags/example_branch_day_of_week_operator.py
[2024-07-11T04:23:34.041+0000] {processor.py:830} INFO - Processing file /home/airflow/.local/lib/python3.12/site-packages/airflow/example_dags/example_branch_day_of_week_operator.py for tasks to queue
[2024-07-11T04:23:34.044+0000] {logging_mixin.py:188} INFO - [2024-07-11T04:23:34.043+0000] {dagbag.py:545} INFO - Filling up the DagBag from /home/airflow/.local/lib/python3.12/site-packages/airflow/example_dags/example_branch_day_of_week_operator.py
[2024-07-11T04:23:34.075+0000] {processor.py:840} INFO - DAG(s) 'example_weekday_branch_operator' retrieved from /home/airflow/.local/lib/python3.12/site-packages/airflow/example_dags/example_branch_day_of_week_operator.py
[2024-07-11T04:23:34.161+0000] {logging_mixin.py:188} INFO - [2024-07-11T04:23:34.160+0000] {dag.py:3096} INFO - Sync 1 DAGs
[2024-07-11T04:23:34.285+0000] {logging_mixin.py:188} INFO - [2024-07-11T04:23:34.284+0000] {dag.py:3954} INFO - Setting next_dagrun for example_weekday_branch_operator to 2024-07-10 00:00:00+00:00, run_after=2024-07-11 00:00:00+00:00
[2024-07-11T04:23:34.384+0000] {processor.py:183} INFO - Processing /home/airflow/.local/lib/python3.12/site-packages/airflow/example_dags/example_branch_day_of_week_operator.py took 0.361 seconds
[2024-07-11T04:24:04.480+0000] {processor.py:161} INFO - Started process (PID=465) to work on /home/airflow/.local/lib/python3.12/site-packages/airflow/example_dags/example_branch_day_of_week_operator.py
[2024-07-11T04:24:04.481+0000] {processor.py:830} INFO - Processing file /home/airflow/.local/lib/python3.12/site-packages/airflow/example_dags/example_branch_day_of_week_operator.py for tasks to queue
[2024-07-11T04:24:04.482+0000] {logging_mixin.py:188} INFO - [2024-07-11T04:24:04.482+0000] {dagbag.py:545} INFO - Filling up the DagBag from /home/airflow/.local/lib/python3.12/site-packages/airflow/example_dags/example_branch_day_of_week_operator.py
[2024-07-11T04:24:04.488+0000] {processor.py:840} INFO - DAG(s) 'example_weekday_branch_operator' retrieved from /home/airflow/.local/lib/python3.12/site-packages/airflow/example_dags/example_branch_day_of_week_operator.py
[2024-07-11T04:24:04.506+0000] {logging_mixin.py:188} INFO - [2024-07-11T04:24:04.506+0000] {dag.py:3096} INFO - Sync 1 DAGs
[2024-07-11T04:24:04.525+0000] {logging_mixin.py:188} INFO - [2024-07-11T04:24:04.525+0000] {dag.py:3954} INFO - Setting next_dagrun for example_weekday_branch_operator to 2024-07-10 00:00:00+00:00, run_after=2024-07-11 00:00:00+00:00
[2024-07-11T04:24:04.552+0000] {processor.py:183} INFO - Processing /home/airflow/.local/lib/python3.12/site-packages/airflow/example_dags/example_branch_day_of_week_operator.py took 0.076 seconds
[2024-07-11T04:24:34.696+0000] {processor.py:161} INFO - Started process (PID=524) to work on /home/airflow/.local/lib/python3.12/site-packages/airflow/example_dags/example_branch_day_of_week_operator.py
[2024-07-11T04:24:34.696+0000] {processor.py:830} INFO - Processing file /home/airflow/.local/lib/python3.12/site-packages/airflow/example_dags/example_branch_day_of_week_operator.py for tasks to queue
[2024-07-11T04:24:34.698+0000] {logging_mixin.py:188} INFO - [2024-07-11T04:24:34.697+0000] {dagbag.py:545} INFO - Filling up the DagBag from /home/airflow/.local/lib/python3.12/site-packages/airflow/example_dags/example_branch_day_of_week_operator.py
[2024-07-11T04:24:34.704+0000] {processor.py:840} INFO - DAG(s) 'example_weekday_branch_operator' retrieved from /home/airflow/.local/lib/python3.12/site-packages/airflow/example_dags/example_branch_day_of_week_operator.py
[2024-07-11T04:24:34.721+0000] {logging_mixin.py:188} INFO - [2024-07-11T04:24:34.721+0000] {dag.py:3096} INFO - Sync 1 DAGs
[2024-07-11T04:24:34.742+0000] {logging_mixin.py:188} INFO - [2024-07-11T04:24:34.742+0000] {dag.py:3954} INFO - Setting next_dagrun for example_weekday_branch_operator to 2024-07-10 00:00:00+00:00, run_after=2024-07-11 00:00:00+00:00
[2024-07-11T04:24:34.767+0000] {processor.py:183} INFO - Processing /home/airflow/.local/lib/python3.12/site-packages/airflow/example_dags/example_branch_day_of_week_operator.py took 0.076 seconds
[2024-07-11T04:25:04.900+0000] {processor.py:161} INFO - Started process (PID=582) to work on /home/airflow/.local/lib/python3.12/site-packages/airflow/example_dags/example_branch_day_of_week_operator.py
[2024-07-11T04:25:04.900+0000] {processor.py:830} INFO - Processing file /home/airflow/.local/lib/python3.12/site-packages/airflow/example_dags/example_branch_day_of_week_operator.py for tasks to queue
[2024-07-11T04:25:04.902+0000] {logging_mixin.py:188} INFO - [2024-07-11T04:25:04.902+0000] {dagbag.py:545} INFO - Filling up the DagBag from /home/airflow/.local/lib/python3.12/site-packages/airflow/example_dags/example_branch_day_of_week_operator.py
[2024-07-11T04:25:04.912+0000] {processor.py:840} INFO - DAG(s) 'example_weekday_branch_operator' retrieved from /home/airflow/.local/lib/python3.12/site-packages/airflow/example_dags/example_branch_day_of_week_operator.py
[2024-07-11T04:25:04.939+0000] {logging_mixin.py:188} INFO - [2024-07-11T04:25:04.939+0000] {dag.py:3096} INFO - Sync 1 DAGs
[2024-07-11T04:25:04.970+0000] {logging_mixin.py:188} INFO - [2024-07-11T04:25:04.970+0000] {dag.py:3954} INFO - Setting next_dagrun for example_weekday_branch_operator to 2024-07-10 00:00:00+00:00, run_after=2024-07-11 00:00:00+00:00
[2024-07-11T04:25:05.003+0000] {processor.py:183} INFO - Processing /home/airflow/.local/lib/python3.12/site-packages/airflow/example_dags/example_branch_day_of_week_operator.py took 0.112 seconds
[2024-07-11T04:25:35.341+0000] {processor.py:161} INFO - Started process (PID=641) to work on /home/airflow/.local/lib/python3.12/site-packages/airflow/example_dags/example_branch_day_of_week_operator.py
[2024-07-11T04:25:35.341+0000] {processor.py:830} INFO - Processing file /home/airflow/.local/lib/python3.12/site-packages/airflow/example_dags/example_branch_day_of_week_operator.py for tasks to queue
[2024-07-11T04:25:35.343+0000] {logging_mixin.py:188} INFO - [2024-07-11T04:25:35.343+0000] {dagbag.py:545} INFO - Filling up the DagBag from /home/airflow/.local/lib/python3.12/site-packages/airflow/example_dags/example_branch_day_of_week_operator.py
[2024-07-11T04:25:35.352+0000] {processor.py:840} INFO - DAG(s) 'example_weekday_branch_operator' retrieved from /home/airflow/.local/lib/python3.12/site-packages/airflow/example_dags/example_branch_day_of_week_operator.py
[2024-07-11T04:25:35.387+0000] {logging_mixin.py:188} INFO - [2024-07-11T04:25:35.387+0000] {dag.py:3096} INFO - Sync 1 DAGs
[2024-07-11T04:25:35.420+0000] {logging_mixin.py:188} INFO - [2024-07-11T04:25:35.420+0000] {dag.py:3954} INFO - Setting next_dagrun for example_weekday_branch_operator to 2024-07-10 00:00:00+00:00, run_after=2024-07-11 00:00:00+00:00
[2024-07-11T04:25:35.448+0000] {processor.py:183} INFO - Processing /home/airflow/.local/lib/python3.12/site-packages/airflow/example_dags/example_branch_day_of_week_operator.py took 0.113 seconds
[2024-07-11T04:26:05.998+0000] {processor.py:161} INFO - Started process (PID=700) to work on /home/airflow/.local/lib/python3.12/site-packages/airflow/example_dags/example_branch_day_of_week_operator.py
[2024-07-11T04:26:05.999+0000] {processor.py:830} INFO - Processing file /home/airflow/.local/lib/python3.12/site-packages/airflow/example_dags/example_branch_day_of_week_operator.py for tasks to queue
[2024-07-11T04:26:06.001+0000] {logging_mixin.py:188} INFO - [2024-07-11T04:26:06.000+0000] {dagbag.py:545} INFO - Filling up the DagBag from /home/airflow/.local/lib/python3.12/site-packages/airflow/example_dags/example_branch_day_of_week_operator.py
[2024-07-11T04:26:06.014+0000] {processor.py:840} INFO - DAG(s) 'example_weekday_branch_operator' retrieved from /home/airflow/.local/lib/python3.12/site-packages/airflow/example_dags/example_branch_day_of_week_operator.py
[2024-07-11T04:26:06.041+0000] {logging_mixin.py:188} INFO - [2024-07-11T04:26:06.041+0000] {dag.py:3096} INFO - Sync 1 DAGs
[2024-07-11T04:26:06.070+0000] {logging_mixin.py:188} INFO - [2024-07-11T04:26:06.070+0000] {dag.py:3954} INFO - Setting next_dagrun for example_weekday_branch_operator to 2024-07-10 00:00:00+00:00, run_after=2024-07-11 00:00:00+00:00
[2024-07-11T04:26:06.098+0000] {processor.py:183} INFO - Processing /home/airflow/.local/lib/python3.12/site-packages/airflow/example_dags/example_branch_day_of_week_operator.py took 0.106 seconds
[2024-07-11T04:26:36.414+0000] {processor.py:161} INFO - Started process (PID=759) to work on /home/airflow/.local/lib/python3.12/site-packages/airflow/example_dags/example_branch_day_of_week_operator.py
[2024-07-11T04:26:36.415+0000] {processor.py:830} INFO - Processing file /home/airflow/.local/lib/python3.12/site-packages/airflow/example_dags/example_branch_day_of_week_operator.py for tasks to queue
[2024-07-11T04:26:36.417+0000] {logging_mixin.py:188} INFO - [2024-07-11T04:26:36.416+0000] {dagbag.py:545} INFO - Filling up the DagBag from /home/airflow/.local/lib/python3.12/site-packages/airflow/example_dags/example_branch_day_of_week_operator.py
[2024-07-11T04:26:36.432+0000] {processor.py:840} INFO - DAG(s) 'example_weekday_branch_operator' retrieved from /home/airflow/.local/lib/python3.12/site-packages/airflow/example_dags/example_branch_day_of_week_operator.py
[2024-07-11T04:26:36.469+0000] {logging_mixin.py:188} INFO - [2024-07-11T04:26:36.469+0000] {dag.py:3096} INFO - Sync 1 DAGs
[2024-07-11T04:26:36.518+0000] {logging_mixin.py:188} INFO - [2024-07-11T04:26:36.517+0000] {dag.py:3954} INFO - Setting next_dagrun for example_weekday_branch_operator to 2024-07-10 00:00:00+00:00, run_after=2024-07-11 00:00:00+00:00
[2024-07-11T04:26:36.553+0000] {processor.py:183} INFO - Processing /home/airflow/.local/lib/python3.12/site-packages/airflow/example_dags/example_branch_day_of_week_operator.py took 0.149 seconds
[2024-07-11T04:27:07.005+0000] {processor.py:161} INFO - Started process (PID=817) to work on /home/airflow/.local/lib/python3.12/site-packages/airflow/example_dags/example_branch_day_of_week_operator.py
[2024-07-11T04:27:07.006+0000] {processor.py:830} INFO - Processing file /home/airflow/.local/lib/python3.12/site-packages/airflow/example_dags/example_branch_day_of_week_operator.py for tasks to queue
[2024-07-11T04:27:07.008+0000] {logging_mixin.py:188} INFO - [2024-07-11T04:27:07.008+0000] {dagbag.py:545} INFO - Filling up the DagBag from /home/airflow/.local/lib/python3.12/site-packages/airflow/example_dags/example_branch_day_of_week_operator.py
[2024-07-11T04:27:07.017+0000] {processor.py:840} INFO - DAG(s) 'example_weekday_branch_operator' retrieved from /home/airflow/.local/lib/python3.12/site-packages/airflow/example_dags/example_branch_day_of_week_operator.py
[2024-07-11T04:27:07.042+0000] {logging_mixin.py:188} INFO - [2024-07-11T04:27:07.042+0000] {dag.py:3096} INFO - Sync 1 DAGs
[2024-07-11T04:27:07.070+0000] {logging_mixin.py:188} INFO - [2024-07-11T04:27:07.070+0000] {dag.py:3954} INFO - Setting next_dagrun for example_weekday_branch_operator to 2024-07-10 00:00:00+00:00, run_after=2024-07-11 00:00:00+00:00
[2024-07-11T04:27:07.097+0000] {processor.py:183} INFO - Processing /home/airflow/.local/lib/python3.12/site-packages/airflow/example_dags/example_branch_day_of_week_operator.py took 0.097 seconds
[2024-07-11T04:27:37.761+0000] {processor.py:161} INFO - Started process (PID=876) to work on /home/airflow/.local/lib/python3.12/site-packages/airflow/example_dags/example_branch_day_of_week_operator.py
[2024-07-11T04:27:37.762+0000] {processor.py:830} INFO - Processing file /home/airflow/.local/lib/python3.12/site-packages/airflow/example_dags/example_branch_day_of_week_operator.py for tasks to queue
[2024-07-11T04:27:37.765+0000] {logging_mixin.py:188} INFO - [2024-07-11T04:27:37.764+0000] {dagbag.py:545} INFO - Filling up the DagBag from /home/airflow/.local/lib/python3.12/site-packages/airflow/example_dags/example_branch_day_of_week_operator.py
[2024-07-11T04:27:37.775+0000] {processor.py:840} INFO - DAG(s) 'example_weekday_branch_operator' retrieved from /home/airflow/.local/lib/python3.12/site-packages/airflow/example_dags/example_branch_day_of_week_operator.py
[2024-07-11T04:27:37.834+0000] {logging_mixin.py:188} INFO - [2024-07-11T04:27:37.834+0000] {dag.py:3096} INFO - Sync 1 DAGs
[2024-07-11T04:27:37.881+0000] {logging_mixin.py:188} INFO - [2024-07-11T04:27:37.881+0000] {dag.py:3954} INFO - Setting next_dagrun for example_weekday_branch_operator to 2024-07-10 00:00:00+00:00, run_after=2024-07-11 00:00:00+00:00
[2024-07-11T04:27:37.926+0000] {processor.py:183} INFO - Processing /home/airflow/.local/lib/python3.12/site-packages/airflow/example_dags/example_branch_day_of_week_operator.py took 0.175 seconds
[2024-07-11T04:28:08.467+0000] {processor.py:161} INFO - Started process (PID=935) to work on /home/airflow/.local/lib/python3.12/site-packages/airflow/example_dags/example_branch_day_of_week_operator.py
[2024-07-11T04:28:08.470+0000] {processor.py:830} INFO - Processing file /home/airflow/.local/lib/python3.12/site-packages/airflow/example_dags/example_branch_day_of_week_operator.py for tasks to queue
[2024-07-11T04:28:08.486+0000] {logging_mixin.py:188} INFO - [2024-07-11T04:28:08.486+0000] {dagbag.py:545} INFO - Filling up the DagBag from /home/airflow/.local/lib/python3.12/site-packages/airflow/example_dags/example_branch_day_of_week_operator.py
[2024-07-11T04:28:08.546+0000] {processor.py:840} INFO - DAG(s) 'example_weekday_branch_operator' retrieved from /home/airflow/.local/lib/python3.12/site-packages/airflow/example_dags/example_branch_day_of_week_operator.py
[2024-07-11T04:28:08.602+0000] {logging_mixin.py:188} INFO - [2024-07-11T04:28:08.602+0000] {dag.py:3096} INFO - Sync 1 DAGs
[2024-07-11T04:28:08.664+0000] {logging_mixin.py:188} INFO - [2024-07-11T04:28:08.664+0000] {dag.py:3954} INFO - Setting next_dagrun for example_weekday_branch_operator to 2024-07-10 00:00:00+00:00, run_after=2024-07-11 00:00:00+00:00
[2024-07-11T04:28:08.711+0000] {processor.py:183} INFO - Processing /home/airflow/.local/lib/python3.12/site-packages/airflow/example_dags/example_branch_day_of_week_operator.py took 0.282 seconds
[2024-07-11T04:28:39.630+0000] {processor.py:161} INFO - Started process (PID=993) to work on /home/airflow/.local/lib/python3.12/site-packages/airflow/example_dags/example_branch_day_of_week_operator.py
[2024-07-11T04:28:39.631+0000] {processor.py:830} INFO - Processing file /home/airflow/.local/lib/python3.12/site-packages/airflow/example_dags/example_branch_day_of_week_operator.py for tasks to queue
[2024-07-11T04:28:39.633+0000] {logging_mixin.py:188} INFO - [2024-07-11T04:28:39.633+0000] {dagbag.py:545} INFO - Filling up the DagBag from /home/airflow/.local/lib/python3.12/site-packages/airflow/example_dags/example_branch_day_of_week_operator.py
[2024-07-11T04:28:39.654+0000] {processor.py:840} INFO - DAG(s) 'example_weekday_branch_operator' retrieved from /home/airflow/.local/lib/python3.12/site-packages/airflow/example_dags/example_branch_day_of_week_operator.py
[2024-07-11T04:28:39.681+0000] {logging_mixin.py:188} INFO - [2024-07-11T04:28:39.680+0000] {dag.py:3096} INFO - Sync 1 DAGs
[2024-07-11T04:28:39.709+0000] {logging_mixin.py:188} INFO - [2024-07-11T04:28:39.709+0000] {dag.py:3954} INFO - Setting next_dagrun for example_weekday_branch_operator to 2024-07-10 00:00:00+00:00, run_after=2024-07-11 00:00:00+00:00
[2024-07-11T04:28:39.744+0000] {processor.py:183} INFO - Processing /home/airflow/.local/lib/python3.12/site-packages/airflow/example_dags/example_branch_day_of_week_operator.py took 0.136 seconds
[2024-07-11T04:29:10.280+0000] {processor.py:161} INFO - Started process (PID=1051) to work on /home/airflow/.local/lib/python3.12/site-packages/airflow/example_dags/example_branch_day_of_week_operator.py
[2024-07-11T04:29:10.281+0000] {processor.py:830} INFO - Processing file /home/airflow/.local/lib/python3.12/site-packages/airflow/example_dags/example_branch_day_of_week_operator.py for tasks to queue
[2024-07-11T04:29:10.287+0000] {logging_mixin.py:188} INFO - [2024-07-11T04:29:10.287+0000] {dagbag.py:545} INFO - Filling up the DagBag from /home/airflow/.local/lib/python3.12/site-packages/airflow/example_dags/example_branch_day_of_week_operator.py
[2024-07-11T04:29:10.323+0000] {processor.py:840} INFO - DAG(s) 'example_weekday_branch_operator' retrieved from /home/airflow/.local/lib/python3.12/site-packages/airflow/example_dags/example_branch_day_of_week_operator.py
[2024-07-11T04:29:10.410+0000] {logging_mixin.py:188} INFO - [2024-07-11T04:29:10.410+0000] {dag.py:3096} INFO - Sync 1 DAGs
[2024-07-11T04:29:10.488+0000] {logging_mixin.py:188} INFO - [2024-07-11T04:29:10.488+0000] {dag.py:3954} INFO - Setting next_dagrun for example_weekday_branch_operator to 2024-07-10 00:00:00+00:00, run_after=2024-07-11 00:00:00+00:00
[2024-07-11T04:29:10.572+0000] {processor.py:183} INFO - Processing /home/airflow/.local/lib/python3.12/site-packages/airflow/example_dags/example_branch_day_of_week_operator.py took 0.313 seconds
