[2024-07-11T04:20:30.999+0000] {processor.py:161} INFO - Started process (PID=63) to work on /home/airflow/.local/lib/python3.12/site-packages/airflow/example_dags/example_external_task_marker_dag.py
[2024-07-11T04:20:31.000+0000] {processor.py:830} INFO - Processing file /home/airflow/.local/lib/python3.12/site-packages/airflow/example_dags/example_external_task_marker_dag.py for tasks to queue
[2024-07-11T04:20:31.002+0000] {logging_mixin.py:188} INFO - [2024-07-11T04:20:31.002+0000] {dagbag.py:545} INFO - Filling up the DagBag from /home/airflow/.local/lib/python3.12/site-packages/airflow/example_dags/example_external_task_marker_dag.py
[2024-07-11T04:20:31.010+0000] {processor.py:840} INFO - DAG(s) 'example_external_task_marker_parent', 'example_external_task_marker_child' retrieved from /home/airflow/.local/lib/python3.12/site-packages/airflow/example_dags/example_external_task_marker_dag.py
[2024-07-11T04:20:31.241+0000] {logging_mixin.py:188} INFO - [2024-07-11T04:20:31.240+0000] {dag.py:3096} INFO - Sync 2 DAGs
[2024-07-11T04:20:31.277+0000] {logging_mixin.py:188} INFO - [2024-07-11T04:20:31.273+0000] {dag.py:3954} INFO - Setting next_dagrun for example_external_task_marker_child to None, run_after=None
[2024-07-11T04:20:31.281+0000] {logging_mixin.py:188} INFO - [2024-07-11T04:20:31.280+0000] {dag.py:3954} INFO - Setting next_dagrun for example_external_task_marker_parent to None, run_after=None
[2024-07-11T04:20:31.322+0000] {processor.py:183} INFO - Processing /home/airflow/.local/lib/python3.12/site-packages/airflow/example_dags/example_external_task_marker_dag.py took 0.329 seconds
[2024-07-11T04:21:01.593+0000] {processor.py:161} INFO - Started process (PID=122) to work on /home/airflow/.local/lib/python3.12/site-packages/airflow/example_dags/example_external_task_marker_dag.py
[2024-07-11T04:21:01.597+0000] {processor.py:830} INFO - Processing file /home/airflow/.local/lib/python3.12/site-packages/airflow/example_dags/example_external_task_marker_dag.py for tasks to queue
[2024-07-11T04:21:01.612+0000] {logging_mixin.py:188} INFO - [2024-07-11T04:21:01.612+0000] {dagbag.py:545} INFO - Filling up the DagBag from /home/airflow/.local/lib/python3.12/site-packages/airflow/example_dags/example_external_task_marker_dag.py
[2024-07-11T04:21:01.621+0000] {processor.py:840} INFO - DAG(s) 'example_external_task_marker_parent', 'example_external_task_marker_child' retrieved from /home/airflow/.local/lib/python3.12/site-packages/airflow/example_dags/example_external_task_marker_dag.py
[2024-07-11T04:21:01.663+0000] {logging_mixin.py:188} INFO - [2024-07-11T04:21:01.662+0000] {dag.py:3096} INFO - Sync 2 DAGs
[2024-07-11T04:21:01.678+0000] {logging_mixin.py:188} INFO - [2024-07-11T04:21:01.677+0000] {dag.py:3954} INFO - Setting next_dagrun for example_external_task_marker_child to None, run_after=None
[2024-07-11T04:21:01.682+0000] {logging_mixin.py:188} INFO - [2024-07-11T04:21:01.681+0000] {dag.py:3954} INFO - Setting next_dagrun for example_external_task_marker_parent to None, run_after=None
[2024-07-11T04:21:01.706+0000] {processor.py:183} INFO - Processing /home/airflow/.local/lib/python3.12/site-packages/airflow/example_dags/example_external_task_marker_dag.py took 0.135 seconds
[2024-07-11T04:21:32.487+0000] {processor.py:161} INFO - Started process (PID=181) to work on /home/airflow/.local/lib/python3.12/site-packages/airflow/example_dags/example_external_task_marker_dag.py
[2024-07-11T04:21:32.488+0000] {processor.py:830} INFO - Processing file /home/airflow/.local/lib/python3.12/site-packages/airflow/example_dags/example_external_task_marker_dag.py for tasks to queue
[2024-07-11T04:21:32.490+0000] {logging_mixin.py:188} INFO - [2024-07-11T04:21:32.489+0000] {dagbag.py:545} INFO - Filling up the DagBag from /home/airflow/.local/lib/python3.12/site-packages/airflow/example_dags/example_external_task_marker_dag.py
[2024-07-11T04:21:32.498+0000] {processor.py:840} INFO - DAG(s) 'example_external_task_marker_parent', 'example_external_task_marker_child' retrieved from /home/airflow/.local/lib/python3.12/site-packages/airflow/example_dags/example_external_task_marker_dag.py
[2024-07-11T04:21:32.522+0000] {logging_mixin.py:188} INFO - [2024-07-11T04:21:32.522+0000] {dag.py:3096} INFO - Sync 2 DAGs
[2024-07-11T04:21:32.540+0000] {logging_mixin.py:188} INFO - [2024-07-11T04:21:32.540+0000] {dag.py:3954} INFO - Setting next_dagrun for example_external_task_marker_child to None, run_after=None
[2024-07-11T04:21:32.545+0000] {logging_mixin.py:188} INFO - [2024-07-11T04:21:32.545+0000] {dag.py:3954} INFO - Setting next_dagrun for example_external_task_marker_parent to None, run_after=None
[2024-07-11T04:21:32.570+0000] {processor.py:183} INFO - Processing /home/airflow/.local/lib/python3.12/site-packages/airflow/example_dags/example_external_task_marker_dag.py took 0.089 seconds
[2024-07-11T04:22:03.364+0000] {processor.py:161} INFO - Started process (PID=239) to work on /home/airflow/.local/lib/python3.12/site-packages/airflow/example_dags/example_external_task_marker_dag.py
[2024-07-11T04:22:03.365+0000] {processor.py:830} INFO - Processing file /home/airflow/.local/lib/python3.12/site-packages/airflow/example_dags/example_external_task_marker_dag.py for tasks to queue
[2024-07-11T04:22:03.366+0000] {logging_mixin.py:188} INFO - [2024-07-11T04:22:03.366+0000] {dagbag.py:545} INFO - Filling up the DagBag from /home/airflow/.local/lib/python3.12/site-packages/airflow/example_dags/example_external_task_marker_dag.py
[2024-07-11T04:22:03.373+0000] {processor.py:840} INFO - DAG(s) 'example_external_task_marker_parent', 'example_external_task_marker_child' retrieved from /home/airflow/.local/lib/python3.12/site-packages/airflow/example_dags/example_external_task_marker_dag.py
[2024-07-11T04:22:03.401+0000] {logging_mixin.py:188} INFO - [2024-07-11T04:22:03.400+0000] {dag.py:3096} INFO - Sync 2 DAGs
[2024-07-11T04:22:03.416+0000] {logging_mixin.py:188} INFO - [2024-07-11T04:22:03.416+0000] {dag.py:3954} INFO - Setting next_dagrun for example_external_task_marker_child to None, run_after=None
[2024-07-11T04:22:03.421+0000] {logging_mixin.py:188} INFO - [2024-07-11T04:22:03.421+0000] {dag.py:3954} INFO - Setting next_dagrun for example_external_task_marker_parent to None, run_after=None
[2024-07-11T04:22:03.444+0000] {processor.py:183} INFO - Processing /home/airflow/.local/lib/python3.12/site-packages/airflow/example_dags/example_external_task_marker_dag.py took 0.086 seconds
[2024-07-11T04:22:34.227+0000] {processor.py:161} INFO - Started process (PID=297) to work on /home/airflow/.local/lib/python3.12/site-packages/airflow/example_dags/example_external_task_marker_dag.py
[2024-07-11T04:22:34.228+0000] {processor.py:830} INFO - Processing file /home/airflow/.local/lib/python3.12/site-packages/airflow/example_dags/example_external_task_marker_dag.py for tasks to queue
[2024-07-11T04:22:34.230+0000] {logging_mixin.py:188} INFO - [2024-07-11T04:22:34.230+0000] {dagbag.py:545} INFO - Filling up the DagBag from /home/airflow/.local/lib/python3.12/site-packages/airflow/example_dags/example_external_task_marker_dag.py
[2024-07-11T04:22:34.237+0000] {processor.py:840} INFO - DAG(s) 'example_external_task_marker_child', 'example_external_task_marker_parent' retrieved from /home/airflow/.local/lib/python3.12/site-packages/airflow/example_dags/example_external_task_marker_dag.py
[2024-07-11T04:22:34.262+0000] {logging_mixin.py:188} INFO - [2024-07-11T04:22:34.262+0000] {dag.py:3096} INFO - Sync 2 DAGs
[2024-07-11T04:22:34.278+0000] {logging_mixin.py:188} INFO - [2024-07-11T04:22:34.278+0000] {dag.py:3954} INFO - Setting next_dagrun for example_external_task_marker_child to None, run_after=None
[2024-07-11T04:22:34.283+0000] {logging_mixin.py:188} INFO - [2024-07-11T04:22:34.282+0000] {dag.py:3954} INFO - Setting next_dagrun for example_external_task_marker_parent to None, run_after=None
[2024-07-11T04:22:34.307+0000] {processor.py:183} INFO - Processing /home/airflow/.local/lib/python3.12/site-packages/airflow/example_dags/example_external_task_marker_dag.py took 0.086 seconds
[2024-07-11T04:23:04.748+0000] {processor.py:161} INFO - Started process (PID=355) to work on /home/airflow/.local/lib/python3.12/site-packages/airflow/example_dags/example_external_task_marker_dag.py
[2024-07-11T04:23:04.748+0000] {processor.py:830} INFO - Processing file /home/airflow/.local/lib/python3.12/site-packages/airflow/example_dags/example_external_task_marker_dag.py for tasks to queue
[2024-07-11T04:23:04.750+0000] {logging_mixin.py:188} INFO - [2024-07-11T04:23:04.750+0000] {dagbag.py:545} INFO - Filling up the DagBag from /home/airflow/.local/lib/python3.12/site-packages/airflow/example_dags/example_external_task_marker_dag.py
[2024-07-11T04:23:04.757+0000] {processor.py:840} INFO - DAG(s) 'example_external_task_marker_child', 'example_external_task_marker_parent' retrieved from /home/airflow/.local/lib/python3.12/site-packages/airflow/example_dags/example_external_task_marker_dag.py
[2024-07-11T04:23:04.783+0000] {logging_mixin.py:188} INFO - [2024-07-11T04:23:04.782+0000] {dag.py:3096} INFO - Sync 2 DAGs
[2024-07-11T04:23:04.797+0000] {logging_mixin.py:188} INFO - [2024-07-11T04:23:04.797+0000] {dag.py:3954} INFO - Setting next_dagrun for example_external_task_marker_child to None, run_after=None
[2024-07-11T04:23:04.800+0000] {logging_mixin.py:188} INFO - [2024-07-11T04:23:04.800+0000] {dag.py:3954} INFO - Setting next_dagrun for example_external_task_marker_parent to None, run_after=None
[2024-07-11T04:23:04.823+0000] {processor.py:183} INFO - Processing /home/airflow/.local/lib/python3.12/site-packages/airflow/example_dags/example_external_task_marker_dag.py took 0.082 seconds
[2024-07-11T04:23:35.977+0000] {processor.py:161} INFO - Started process (PID=412) to work on /home/airflow/.local/lib/python3.12/site-packages/airflow/example_dags/example_external_task_marker_dag.py
[2024-07-11T04:23:35.984+0000] {processor.py:830} INFO - Processing file /home/airflow/.local/lib/python3.12/site-packages/airflow/example_dags/example_external_task_marker_dag.py for tasks to queue
[2024-07-11T04:23:35.990+0000] {logging_mixin.py:188} INFO - [2024-07-11T04:23:35.985+0000] {dagbag.py:545} INFO - Filling up the DagBag from /home/airflow/.local/lib/python3.12/site-packages/airflow/example_dags/example_external_task_marker_dag.py
[2024-07-11T04:23:36.034+0000] {processor.py:840} INFO - DAG(s) 'example_external_task_marker_parent', 'example_external_task_marker_child' retrieved from /home/airflow/.local/lib/python3.12/site-packages/airflow/example_dags/example_external_task_marker_dag.py
[2024-07-11T04:23:36.138+0000] {logging_mixin.py:188} INFO - [2024-07-11T04:23:36.138+0000] {dag.py:3096} INFO - Sync 2 DAGs
[2024-07-11T04:23:36.218+0000] {logging_mixin.py:188} INFO - [2024-07-11T04:23:36.218+0000] {dag.py:3954} INFO - Setting next_dagrun for example_external_task_marker_child to None, run_after=None
[2024-07-11T04:23:36.246+0000] {logging_mixin.py:188} INFO - [2024-07-11T04:23:36.246+0000] {dag.py:3954} INFO - Setting next_dagrun for example_external_task_marker_parent to None, run_after=None
[2024-07-11T04:23:36.307+0000] {processor.py:183} INFO - Processing /home/airflow/.local/lib/python3.12/site-packages/airflow/example_dags/example_external_task_marker_dag.py took 0.355 seconds
[2024-07-11T04:24:06.750+0000] {processor.py:161} INFO - Started process (PID=470) to work on /home/airflow/.local/lib/python3.12/site-packages/airflow/example_dags/example_external_task_marker_dag.py
[2024-07-11T04:24:06.751+0000] {processor.py:830} INFO - Processing file /home/airflow/.local/lib/python3.12/site-packages/airflow/example_dags/example_external_task_marker_dag.py for tasks to queue
[2024-07-11T04:24:06.753+0000] {logging_mixin.py:188} INFO - [2024-07-11T04:24:06.752+0000] {dagbag.py:545} INFO - Filling up the DagBag from /home/airflow/.local/lib/python3.12/site-packages/airflow/example_dags/example_external_task_marker_dag.py
[2024-07-11T04:24:06.759+0000] {processor.py:840} INFO - DAG(s) 'example_external_task_marker_child', 'example_external_task_marker_parent' retrieved from /home/airflow/.local/lib/python3.12/site-packages/airflow/example_dags/example_external_task_marker_dag.py
[2024-07-11T04:24:06.786+0000] {logging_mixin.py:188} INFO - [2024-07-11T04:24:06.786+0000] {dag.py:3096} INFO - Sync 2 DAGs
[2024-07-11T04:24:06.799+0000] {logging_mixin.py:188} INFO - [2024-07-11T04:24:06.799+0000] {dag.py:3954} INFO - Setting next_dagrun for example_external_task_marker_child to None, run_after=None
[2024-07-11T04:24:06.804+0000] {logging_mixin.py:188} INFO - [2024-07-11T04:24:06.803+0000] {dag.py:3954} INFO - Setting next_dagrun for example_external_task_marker_parent to None, run_after=None
[2024-07-11T04:24:06.826+0000] {processor.py:183} INFO - Processing /home/airflow/.local/lib/python3.12/site-packages/airflow/example_dags/example_external_task_marker_dag.py took 0.083 seconds
[2024-07-11T04:24:36.974+0000] {processor.py:161} INFO - Started process (PID=529) to work on /home/airflow/.local/lib/python3.12/site-packages/airflow/example_dags/example_external_task_marker_dag.py
[2024-07-11T04:24:36.975+0000] {processor.py:830} INFO - Processing file /home/airflow/.local/lib/python3.12/site-packages/airflow/example_dags/example_external_task_marker_dag.py for tasks to queue
[2024-07-11T04:24:36.977+0000] {logging_mixin.py:188} INFO - [2024-07-11T04:24:36.976+0000] {dagbag.py:545} INFO - Filling up the DagBag from /home/airflow/.local/lib/python3.12/site-packages/airflow/example_dags/example_external_task_marker_dag.py
[2024-07-11T04:24:36.984+0000] {processor.py:840} INFO - DAG(s) 'example_external_task_marker_parent', 'example_external_task_marker_child' retrieved from /home/airflow/.local/lib/python3.12/site-packages/airflow/example_dags/example_external_task_marker_dag.py
[2024-07-11T04:24:37.035+0000] {logging_mixin.py:188} INFO - [2024-07-11T04:24:37.035+0000] {dag.py:3096} INFO - Sync 2 DAGs
[2024-07-11T04:24:37.068+0000] {logging_mixin.py:188} INFO - [2024-07-11T04:24:37.067+0000] {dag.py:3954} INFO - Setting next_dagrun for example_external_task_marker_child to None, run_after=None
[2024-07-11T04:24:37.079+0000] {logging_mixin.py:188} INFO - [2024-07-11T04:24:37.078+0000] {dag.py:3954} INFO - Setting next_dagrun for example_external_task_marker_parent to None, run_after=None
[2024-07-11T04:24:37.151+0000] {processor.py:183} INFO - Processing /home/airflow/.local/lib/python3.12/site-packages/airflow/example_dags/example_external_task_marker_dag.py took 0.186 seconds
[2024-07-11T04:25:07.220+0000] {processor.py:161} INFO - Started process (PID=587) to work on /home/airflow/.local/lib/python3.12/site-packages/airflow/example_dags/example_external_task_marker_dag.py
[2024-07-11T04:25:07.221+0000] {processor.py:830} INFO - Processing file /home/airflow/.local/lib/python3.12/site-packages/airflow/example_dags/example_external_task_marker_dag.py for tasks to queue
[2024-07-11T04:25:07.223+0000] {logging_mixin.py:188} INFO - [2024-07-11T04:25:07.223+0000] {dagbag.py:545} INFO - Filling up the DagBag from /home/airflow/.local/lib/python3.12/site-packages/airflow/example_dags/example_external_task_marker_dag.py
[2024-07-11T04:25:07.230+0000] {processor.py:840} INFO - DAG(s) 'example_external_task_marker_child', 'example_external_task_marker_parent' retrieved from /home/airflow/.local/lib/python3.12/site-packages/airflow/example_dags/example_external_task_marker_dag.py
[2024-07-11T04:25:07.256+0000] {logging_mixin.py:188} INFO - [2024-07-11T04:25:07.256+0000] {dag.py:3096} INFO - Sync 2 DAGs
[2024-07-11T04:25:07.270+0000] {logging_mixin.py:188} INFO - [2024-07-11T04:25:07.269+0000] {dag.py:3954} INFO - Setting next_dagrun for example_external_task_marker_child to None, run_after=None
[2024-07-11T04:25:07.274+0000] {logging_mixin.py:188} INFO - [2024-07-11T04:25:07.274+0000] {dag.py:3954} INFO - Setting next_dagrun for example_external_task_marker_parent to None, run_after=None
[2024-07-11T04:25:07.299+0000] {processor.py:183} INFO - Processing /home/airflow/.local/lib/python3.12/site-packages/airflow/example_dags/example_external_task_marker_dag.py took 0.086 seconds
[2024-07-11T04:25:37.621+0000] {processor.py:161} INFO - Started process (PID=646) to work on /home/airflow/.local/lib/python3.12/site-packages/airflow/example_dags/example_external_task_marker_dag.py
[2024-07-11T04:25:37.623+0000] {processor.py:830} INFO - Processing file /home/airflow/.local/lib/python3.12/site-packages/airflow/example_dags/example_external_task_marker_dag.py for tasks to queue
[2024-07-11T04:25:37.624+0000] {logging_mixin.py:188} INFO - [2024-07-11T04:25:37.624+0000] {dagbag.py:545} INFO - Filling up the DagBag from /home/airflow/.local/lib/python3.12/site-packages/airflow/example_dags/example_external_task_marker_dag.py
[2024-07-11T04:25:37.631+0000] {processor.py:840} INFO - DAG(s) 'example_external_task_marker_child', 'example_external_task_marker_parent' retrieved from /home/airflow/.local/lib/python3.12/site-packages/airflow/example_dags/example_external_task_marker_dag.py
[2024-07-11T04:25:37.657+0000] {logging_mixin.py:188} INFO - [2024-07-11T04:25:37.657+0000] {dag.py:3096} INFO - Sync 2 DAGs
[2024-07-11T04:25:37.677+0000] {logging_mixin.py:188} INFO - [2024-07-11T04:25:37.677+0000] {dag.py:3954} INFO - Setting next_dagrun for example_external_task_marker_child to None, run_after=None
[2024-07-11T04:25:37.682+0000] {logging_mixin.py:188} INFO - [2024-07-11T04:25:37.682+0000] {dag.py:3954} INFO - Setting next_dagrun for example_external_task_marker_parent to None, run_after=None
[2024-07-11T04:25:37.709+0000] {processor.py:183} INFO - Processing /home/airflow/.local/lib/python3.12/site-packages/airflow/example_dags/example_external_task_marker_dag.py took 0.094 seconds
[2024-07-11T04:26:08.339+0000] {processor.py:161} INFO - Started process (PID=705) to work on /home/airflow/.local/lib/python3.12/site-packages/airflow/example_dags/example_external_task_marker_dag.py
[2024-07-11T04:26:08.340+0000] {processor.py:830} INFO - Processing file /home/airflow/.local/lib/python3.12/site-packages/airflow/example_dags/example_external_task_marker_dag.py for tasks to queue
[2024-07-11T04:26:08.342+0000] {logging_mixin.py:188} INFO - [2024-07-11T04:26:08.342+0000] {dagbag.py:545} INFO - Filling up the DagBag from /home/airflow/.local/lib/python3.12/site-packages/airflow/example_dags/example_external_task_marker_dag.py
[2024-07-11T04:26:08.348+0000] {processor.py:840} INFO - DAG(s) 'example_external_task_marker_parent', 'example_external_task_marker_child' retrieved from /home/airflow/.local/lib/python3.12/site-packages/airflow/example_dags/example_external_task_marker_dag.py
[2024-07-11T04:26:08.377+0000] {logging_mixin.py:188} INFO - [2024-07-11T04:26:08.377+0000] {dag.py:3096} INFO - Sync 2 DAGs
[2024-07-11T04:26:08.394+0000] {logging_mixin.py:188} INFO - [2024-07-11T04:26:08.393+0000] {dag.py:3954} INFO - Setting next_dagrun for example_external_task_marker_child to None, run_after=None
[2024-07-11T04:26:08.398+0000] {logging_mixin.py:188} INFO - [2024-07-11T04:26:08.398+0000] {dag.py:3954} INFO - Setting next_dagrun for example_external_task_marker_parent to None, run_after=None
[2024-07-11T04:26:08.420+0000] {processor.py:183} INFO - Processing /home/airflow/.local/lib/python3.12/site-packages/airflow/example_dags/example_external_task_marker_dag.py took 0.087 seconds
[2024-07-11T04:26:38.810+0000] {processor.py:161} INFO - Started process (PID=764) to work on /home/airflow/.local/lib/python3.12/site-packages/airflow/example_dags/example_external_task_marker_dag.py
[2024-07-11T04:26:38.810+0000] {processor.py:830} INFO - Processing file /home/airflow/.local/lib/python3.12/site-packages/airflow/example_dags/example_external_task_marker_dag.py for tasks to queue
[2024-07-11T04:26:38.812+0000] {logging_mixin.py:188} INFO - [2024-07-11T04:26:38.812+0000] {dagbag.py:545} INFO - Filling up the DagBag from /home/airflow/.local/lib/python3.12/site-packages/airflow/example_dags/example_external_task_marker_dag.py
[2024-07-11T04:26:38.828+0000] {processor.py:840} INFO - DAG(s) 'example_external_task_marker_parent', 'example_external_task_marker_child' retrieved from /home/airflow/.local/lib/python3.12/site-packages/airflow/example_dags/example_external_task_marker_dag.py
[2024-07-11T04:26:38.855+0000] {logging_mixin.py:188} INFO - [2024-07-11T04:26:38.855+0000] {dag.py:3096} INFO - Sync 2 DAGs
[2024-07-11T04:26:38.869+0000] {logging_mixin.py:188} INFO - [2024-07-11T04:26:38.869+0000] {dag.py:3954} INFO - Setting next_dagrun for example_external_task_marker_child to None, run_after=None
[2024-07-11T04:26:38.874+0000] {logging_mixin.py:188} INFO - [2024-07-11T04:26:38.874+0000] {dag.py:3954} INFO - Setting next_dagrun for example_external_task_marker_parent to None, run_after=None
[2024-07-11T04:26:38.897+0000] {processor.py:183} INFO - Processing /home/airflow/.local/lib/python3.12/site-packages/airflow/example_dags/example_external_task_marker_dag.py took 0.099 seconds
[2024-07-11T04:27:09.378+0000] {processor.py:161} INFO - Started process (PID=822) to work on /home/airflow/.local/lib/python3.12/site-packages/airflow/example_dags/example_external_task_marker_dag.py
[2024-07-11T04:27:09.378+0000] {processor.py:830} INFO - Processing file /home/airflow/.local/lib/python3.12/site-packages/airflow/example_dags/example_external_task_marker_dag.py for tasks to queue
[2024-07-11T04:27:09.380+0000] {logging_mixin.py:188} INFO - [2024-07-11T04:27:09.380+0000] {dagbag.py:545} INFO - Filling up the DagBag from /home/airflow/.local/lib/python3.12/site-packages/airflow/example_dags/example_external_task_marker_dag.py
[2024-07-11T04:27:09.387+0000] {processor.py:840} INFO - DAG(s) 'example_external_task_marker_parent', 'example_external_task_marker_child' retrieved from /home/airflow/.local/lib/python3.12/site-packages/airflow/example_dags/example_external_task_marker_dag.py
[2024-07-11T04:27:09.414+0000] {logging_mixin.py:188} INFO - [2024-07-11T04:27:09.414+0000] {dag.py:3096} INFO - Sync 2 DAGs
[2024-07-11T04:27:09.430+0000] {logging_mixin.py:188} INFO - [2024-07-11T04:27:09.430+0000] {dag.py:3954} INFO - Setting next_dagrun for example_external_task_marker_child to None, run_after=None
[2024-07-11T04:27:09.435+0000] {logging_mixin.py:188} INFO - [2024-07-11T04:27:09.435+0000] {dag.py:3954} INFO - Setting next_dagrun for example_external_task_marker_parent to None, run_after=None
[2024-07-11T04:27:09.473+0000] {processor.py:183} INFO - Processing /home/airflow/.local/lib/python3.12/site-packages/airflow/example_dags/example_external_task_marker_dag.py took 0.101 seconds
[2024-07-11T04:27:40.182+0000] {processor.py:161} INFO - Started process (PID=881) to work on /home/airflow/.local/lib/python3.12/site-packages/airflow/example_dags/example_external_task_marker_dag.py
[2024-07-11T04:27:40.183+0000] {processor.py:830} INFO - Processing file /home/airflow/.local/lib/python3.12/site-packages/airflow/example_dags/example_external_task_marker_dag.py for tasks to queue
[2024-07-11T04:27:40.185+0000] {logging_mixin.py:188} INFO - [2024-07-11T04:27:40.184+0000] {dagbag.py:545} INFO - Filling up the DagBag from /home/airflow/.local/lib/python3.12/site-packages/airflow/example_dags/example_external_task_marker_dag.py
[2024-07-11T04:27:40.191+0000] {processor.py:840} INFO - DAG(s) 'example_external_task_marker_parent', 'example_external_task_marker_child' retrieved from /home/airflow/.local/lib/python3.12/site-packages/airflow/example_dags/example_external_task_marker_dag.py
[2024-07-11T04:27:40.218+0000] {logging_mixin.py:188} INFO - [2024-07-11T04:27:40.218+0000] {dag.py:3096} INFO - Sync 2 DAGs
[2024-07-11T04:27:40.234+0000] {logging_mixin.py:188} INFO - [2024-07-11T04:27:40.234+0000] {dag.py:3954} INFO - Setting next_dagrun for example_external_task_marker_child to None, run_after=None
[2024-07-11T04:27:40.239+0000] {logging_mixin.py:188} INFO - [2024-07-11T04:27:40.239+0000] {dag.py:3954} INFO - Setting next_dagrun for example_external_task_marker_parent to None, run_after=None
[2024-07-11T04:27:40.261+0000] {processor.py:183} INFO - Processing /home/airflow/.local/lib/python3.12/site-packages/airflow/example_dags/example_external_task_marker_dag.py took 0.085 seconds
[2024-07-11T04:28:11.067+0000] {processor.py:161} INFO - Started process (PID=940) to work on /home/airflow/.local/lib/python3.12/site-packages/airflow/example_dags/example_external_task_marker_dag.py
[2024-07-11T04:28:11.071+0000] {processor.py:830} INFO - Processing file /home/airflow/.local/lib/python3.12/site-packages/airflow/example_dags/example_external_task_marker_dag.py for tasks to queue
[2024-07-11T04:28:11.073+0000] {logging_mixin.py:188} INFO - [2024-07-11T04:28:11.072+0000] {dagbag.py:545} INFO - Filling up the DagBag from /home/airflow/.local/lib/python3.12/site-packages/airflow/example_dags/example_external_task_marker_dag.py
[2024-07-11T04:28:11.086+0000] {processor.py:840} INFO - DAG(s) 'example_external_task_marker_parent', 'example_external_task_marker_child' retrieved from /home/airflow/.local/lib/python3.12/site-packages/airflow/example_dags/example_external_task_marker_dag.py
[2024-07-11T04:28:11.142+0000] {logging_mixin.py:188} INFO - [2024-07-11T04:28:11.141+0000] {dag.py:3096} INFO - Sync 2 DAGs
[2024-07-11T04:28:11.172+0000] {logging_mixin.py:188} INFO - [2024-07-11T04:28:11.171+0000] {dag.py:3954} INFO - Setting next_dagrun for example_external_task_marker_child to None, run_after=None
[2024-07-11T04:28:11.176+0000] {logging_mixin.py:188} INFO - [2024-07-11T04:28:11.176+0000] {dag.py:3954} INFO - Setting next_dagrun for example_external_task_marker_parent to None, run_after=None
[2024-07-11T04:28:11.234+0000] {processor.py:183} INFO - Processing /home/airflow/.local/lib/python3.12/site-packages/airflow/example_dags/example_external_task_marker_dag.py took 0.194 seconds
[2024-07-11T04:28:42.052+0000] {processor.py:161} INFO - Started process (PID=998) to work on /home/airflow/.local/lib/python3.12/site-packages/airflow/example_dags/example_external_task_marker_dag.py
[2024-07-11T04:28:42.055+0000] {processor.py:830} INFO - Processing file /home/airflow/.local/lib/python3.12/site-packages/airflow/example_dags/example_external_task_marker_dag.py for tasks to queue
[2024-07-11T04:28:42.057+0000] {logging_mixin.py:188} INFO - [2024-07-11T04:28:42.057+0000] {dagbag.py:545} INFO - Filling up the DagBag from /home/airflow/.local/lib/python3.12/site-packages/airflow/example_dags/example_external_task_marker_dag.py
[2024-07-11T04:28:42.065+0000] {processor.py:840} INFO - DAG(s) 'example_external_task_marker_parent', 'example_external_task_marker_child' retrieved from /home/airflow/.local/lib/python3.12/site-packages/airflow/example_dags/example_external_task_marker_dag.py
[2024-07-11T04:28:42.117+0000] {logging_mixin.py:188} INFO - [2024-07-11T04:28:42.117+0000] {dag.py:3096} INFO - Sync 2 DAGs
[2024-07-11T04:28:42.146+0000] {logging_mixin.py:188} INFO - [2024-07-11T04:28:42.145+0000] {dag.py:3954} INFO - Setting next_dagrun for example_external_task_marker_child to None, run_after=None
[2024-07-11T04:28:42.152+0000] {logging_mixin.py:188} INFO - [2024-07-11T04:28:42.152+0000] {dag.py:3954} INFO - Setting next_dagrun for example_external_task_marker_parent to None, run_after=None
[2024-07-11T04:28:42.203+0000] {processor.py:183} INFO - Processing /home/airflow/.local/lib/python3.12/site-packages/airflow/example_dags/example_external_task_marker_dag.py took 0.176 seconds
[2024-07-11T04:29:13.270+0000] {processor.py:161} INFO - Started process (PID=1056) to work on /home/airflow/.local/lib/python3.12/site-packages/airflow/example_dags/example_external_task_marker_dag.py
[2024-07-11T04:29:13.273+0000] {processor.py:830} INFO - Processing file /home/airflow/.local/lib/python3.12/site-packages/airflow/example_dags/example_external_task_marker_dag.py for tasks to queue
[2024-07-11T04:29:13.275+0000] {logging_mixin.py:188} INFO - [2024-07-11T04:29:13.275+0000] {dagbag.py:545} INFO - Filling up the DagBag from /home/airflow/.local/lib/python3.12/site-packages/airflow/example_dags/example_external_task_marker_dag.py
[2024-07-11T04:29:13.300+0000] {processor.py:840} INFO - DAG(s) 'example_external_task_marker_child', 'example_external_task_marker_parent' retrieved from /home/airflow/.local/lib/python3.12/site-packages/airflow/example_dags/example_external_task_marker_dag.py
[2024-07-11T04:29:13.417+0000] {logging_mixin.py:188} INFO - [2024-07-11T04:29:13.417+0000] {dag.py:3096} INFO - Sync 2 DAGs
[2024-07-11T04:29:13.504+0000] {logging_mixin.py:188} INFO - [2024-07-11T04:29:13.504+0000] {dag.py:3954} INFO - Setting next_dagrun for example_external_task_marker_child to None, run_after=None
[2024-07-11T04:29:13.510+0000] {logging_mixin.py:188} INFO - [2024-07-11T04:29:13.510+0000] {dag.py:3954} INFO - Setting next_dagrun for example_external_task_marker_parent to None, run_after=None
[2024-07-11T04:29:13.565+0000] {processor.py:183} INFO - Processing /home/airflow/.local/lib/python3.12/site-packages/airflow/example_dags/example_external_task_marker_dag.py took 0.333 seconds
