[2024-07-11T04:20:21.370+0000] {processor.py:161} INFO - Started process (PID=35) to work on /home/airflow/.local/lib/python3.12/site-packages/airflow/example_dags/example_datasets.py
[2024-07-11T04:20:21.371+0000] {processor.py:830} INFO - Processing file /home/airflow/.local/lib/python3.12/site-packages/airflow/example_dags/example_datasets.py for tasks to queue
[2024-07-11T04:20:21.373+0000] {logging_mixin.py:188} INFO - [2024-07-11T04:20:21.372+0000] {dagbag.py:545} INFO - Filling up the DagBag from /home/airflow/.local/lib/python3.12/site-packages/airflow/example_dags/example_datasets.py
[2024-07-11T04:20:21.448+0000] {processor.py:840} INFO - DAG(s) 'consume_1_and_2_with_dataset_expressions', 'dataset_consumes_1', 'consume_1_or_both_2_and_3_with_dataset_expressions', 'dataset_consumes_1_and_2', 'dataset_produces_2', 'consume_1_or_2_with_dataset_expressions', 'conditional_dataset_and_time_based_timetable', 'dataset_consumes_1_never_scheduled', 'dataset_consumes_unknown_never_scheduled', 'dataset_produces_1' retrieved from /home/airflow/.local/lib/python3.12/site-packages/airflow/example_dags/example_datasets.py
[2024-07-11T04:20:22.163+0000] {logging_mixin.py:188} INFO - [2024-07-11T04:20:22.162+0000] {dag.py:3096} INFO - Sync 10 DAGs
[2024-07-11T04:20:22.239+0000] {logging_mixin.py:188} INFO - [2024-07-11T04:20:22.239+0000] {dag.py:3954} INFO - Setting next_dagrun for conditional_dataset_and_time_based_timetable to 2024-07-10 01:00:00+00:00, run_after=2024-07-10 01:00:00+00:00
[2024-07-11T04:20:22.248+0000] {logging_mixin.py:188} INFO - [2024-07-11T04:20:22.247+0000] {dag.py:3954} INFO - Setting next_dagrun for consume_1_and_2_with_dataset_expressions to None, run_after=None
[2024-07-11T04:20:22.249+0000] {logging_mixin.py:188} INFO - [2024-07-11T04:20:22.249+0000] {dag.py:3954} INFO - Setting next_dagrun for consume_1_or_2_with_dataset_expressions to None, run_after=None
[2024-07-11T04:20:22.254+0000] {logging_mixin.py:188} INFO - [2024-07-11T04:20:22.253+0000] {dag.py:3954} INFO - Setting next_dagrun for consume_1_or_both_2_and_3_with_dataset_expressions to None, run_after=None
[2024-07-11T04:20:22.255+0000] {logging_mixin.py:188} INFO - [2024-07-11T04:20:22.255+0000] {dag.py:3954} INFO - Setting next_dagrun for dataset_consumes_1 to None, run_after=None
[2024-07-11T04:20:22.256+0000] {logging_mixin.py:188} INFO - [2024-07-11T04:20:22.256+0000] {dag.py:3954} INFO - Setting next_dagrun for dataset_consumes_1_and_2 to None, run_after=None
[2024-07-11T04:20:22.261+0000] {logging_mixin.py:188} INFO - [2024-07-11T04:20:22.261+0000] {dag.py:3954} INFO - Setting next_dagrun for dataset_consumes_1_never_scheduled to None, run_after=None
[2024-07-11T04:20:22.262+0000] {logging_mixin.py:188} INFO - [2024-07-11T04:20:22.262+0000] {dag.py:3954} INFO - Setting next_dagrun for dataset_consumes_unknown_never_scheduled to None, run_after=None
[2024-07-11T04:20:22.267+0000] {logging_mixin.py:188} INFO - [2024-07-11T04:20:22.267+0000] {dag.py:3954} INFO - Setting next_dagrun for dataset_produces_1 to 2024-07-10 00:00:00+00:00, run_after=2024-07-11 00:00:00+00:00
[2024-07-11T04:20:22.275+0000] {logging_mixin.py:188} INFO - [2024-07-11T04:20:22.274+0000] {dag.py:3954} INFO - Setting next_dagrun for dataset_produces_2 to None, run_after=None
[2024-07-11T04:20:22.374+0000] {processor.py:183} INFO - Processing /home/airflow/.local/lib/python3.12/site-packages/airflow/example_dags/example_datasets.py took 1.011 seconds
[2024-07-11T04:20:52.902+0000] {processor.py:161} INFO - Started process (PID=92) to work on /home/airflow/.local/lib/python3.12/site-packages/airflow/example_dags/example_datasets.py
[2024-07-11T04:20:52.903+0000] {processor.py:830} INFO - Processing file /home/airflow/.local/lib/python3.12/site-packages/airflow/example_dags/example_datasets.py for tasks to queue
[2024-07-11T04:20:52.905+0000] {logging_mixin.py:188} INFO - [2024-07-11T04:20:52.905+0000] {dagbag.py:545} INFO - Filling up the DagBag from /home/airflow/.local/lib/python3.12/site-packages/airflow/example_dags/example_datasets.py
[2024-07-11T04:20:52.925+0000] {processor.py:840} INFO - DAG(s) 'dataset_consumes_1_never_scheduled', 'consume_1_or_2_with_dataset_expressions', 'dataset_consumes_1', 'conditional_dataset_and_time_based_timetable', 'consume_1_and_2_with_dataset_expressions', 'dataset_consumes_1_and_2', 'dataset_produces_2', 'dataset_consumes_unknown_never_scheduled', 'dataset_produces_1', 'consume_1_or_both_2_and_3_with_dataset_expressions' retrieved from /home/airflow/.local/lib/python3.12/site-packages/airflow/example_dags/example_datasets.py
[2024-07-11T04:20:52.980+0000] {logging_mixin.py:188} INFO - [2024-07-11T04:20:52.979+0000] {dag.py:3096} INFO - Sync 10 DAGs
[2024-07-11T04:20:53.015+0000] {logging_mixin.py:188} INFO - [2024-07-11T04:20:53.015+0000] {dag.py:3954} INFO - Setting next_dagrun for conditional_dataset_and_time_based_timetable to 2024-07-10 01:00:00+00:00, run_after=2024-07-10 01:00:00+00:00
[2024-07-11T04:20:53.020+0000] {logging_mixin.py:188} INFO - [2024-07-11T04:20:53.020+0000] {dag.py:3954} INFO - Setting next_dagrun for consume_1_and_2_with_dataset_expressions to None, run_after=None
[2024-07-11T04:20:53.022+0000] {logging_mixin.py:188} INFO - [2024-07-11T04:20:53.022+0000] {dag.py:3954} INFO - Setting next_dagrun for consume_1_or_2_with_dataset_expressions to None, run_after=None
[2024-07-11T04:20:53.023+0000] {logging_mixin.py:188} INFO - [2024-07-11T04:20:53.023+0000] {dag.py:3954} INFO - Setting next_dagrun for consume_1_or_both_2_and_3_with_dataset_expressions to None, run_after=None
[2024-07-11T04:20:53.024+0000] {logging_mixin.py:188} INFO - [2024-07-11T04:20:53.024+0000] {dag.py:3954} INFO - Setting next_dagrun for dataset_consumes_1 to None, run_after=None
[2024-07-11T04:20:53.026+0000] {logging_mixin.py:188} INFO - [2024-07-11T04:20:53.025+0000] {dag.py:3954} INFO - Setting next_dagrun for dataset_consumes_1_and_2 to None, run_after=None
[2024-07-11T04:20:53.027+0000] {logging_mixin.py:188} INFO - [2024-07-11T04:20:53.027+0000] {dag.py:3954} INFO - Setting next_dagrun for dataset_consumes_1_never_scheduled to None, run_after=None
[2024-07-11T04:20:53.028+0000] {logging_mixin.py:188} INFO - [2024-07-11T04:20:53.028+0000] {dag.py:3954} INFO - Setting next_dagrun for dataset_consumes_unknown_never_scheduled to None, run_after=None
[2024-07-11T04:20:53.031+0000] {logging_mixin.py:188} INFO - [2024-07-11T04:20:53.031+0000] {dag.py:3954} INFO - Setting next_dagrun for dataset_produces_1 to 2024-07-10 00:00:00+00:00, run_after=2024-07-11 00:00:00+00:00
[2024-07-11T04:20:53.032+0000] {logging_mixin.py:188} INFO - [2024-07-11T04:20:53.032+0000] {dag.py:3954} INFO - Setting next_dagrun for dataset_produces_2 to None, run_after=None
[2024-07-11T04:20:53.085+0000] {processor.py:183} INFO - Processing /home/airflow/.local/lib/python3.12/site-packages/airflow/example_dags/example_datasets.py took 0.187 seconds
[2024-07-11T04:21:24.067+0000] {processor.py:161} INFO - Started process (PID=151) to work on /home/airflow/.local/lib/python3.12/site-packages/airflow/example_dags/example_datasets.py
[2024-07-11T04:21:24.068+0000] {processor.py:830} INFO - Processing file /home/airflow/.local/lib/python3.12/site-packages/airflow/example_dags/example_datasets.py for tasks to queue
[2024-07-11T04:21:24.070+0000] {logging_mixin.py:188} INFO - [2024-07-11T04:21:24.069+0000] {dagbag.py:545} INFO - Filling up the DagBag from /home/airflow/.local/lib/python3.12/site-packages/airflow/example_dags/example_datasets.py
[2024-07-11T04:21:24.088+0000] {processor.py:840} INFO - DAG(s) 'dataset_produces_1', 'dataset_consumes_1_never_scheduled', 'dataset_consumes_1', 'consume_1_and_2_with_dataset_expressions', 'dataset_produces_2', 'consume_1_or_2_with_dataset_expressions', 'consume_1_or_both_2_and_3_with_dataset_expressions', 'dataset_consumes_1_and_2', 'conditional_dataset_and_time_based_timetable', 'dataset_consumes_unknown_never_scheduled' retrieved from /home/airflow/.local/lib/python3.12/site-packages/airflow/example_dags/example_datasets.py
[2024-07-11T04:21:24.145+0000] {logging_mixin.py:188} INFO - [2024-07-11T04:21:24.145+0000] {dag.py:3096} INFO - Sync 10 DAGs
[2024-07-11T04:21:24.175+0000] {logging_mixin.py:188} INFO - [2024-07-11T04:21:24.175+0000] {dag.py:3954} INFO - Setting next_dagrun for conditional_dataset_and_time_based_timetable to 2024-07-10 01:00:00+00:00, run_after=2024-07-10 01:00:00+00:00
[2024-07-11T04:21:24.180+0000] {logging_mixin.py:188} INFO - [2024-07-11T04:21:24.180+0000] {dag.py:3954} INFO - Setting next_dagrun for consume_1_and_2_with_dataset_expressions to None, run_after=None
[2024-07-11T04:21:24.181+0000] {logging_mixin.py:188} INFO - [2024-07-11T04:21:24.181+0000] {dag.py:3954} INFO - Setting next_dagrun for consume_1_or_2_with_dataset_expressions to None, run_after=None
[2024-07-11T04:21:24.183+0000] {logging_mixin.py:188} INFO - [2024-07-11T04:21:24.182+0000] {dag.py:3954} INFO - Setting next_dagrun for consume_1_or_both_2_and_3_with_dataset_expressions to None, run_after=None
[2024-07-11T04:21:24.184+0000] {logging_mixin.py:188} INFO - [2024-07-11T04:21:24.184+0000] {dag.py:3954} INFO - Setting next_dagrun for dataset_consumes_1 to None, run_after=None
[2024-07-11T04:21:24.185+0000] {logging_mixin.py:188} INFO - [2024-07-11T04:21:24.185+0000] {dag.py:3954} INFO - Setting next_dagrun for dataset_consumes_1_and_2 to None, run_after=None
[2024-07-11T04:21:24.186+0000] {logging_mixin.py:188} INFO - [2024-07-11T04:21:24.186+0000] {dag.py:3954} INFO - Setting next_dagrun for dataset_consumes_1_never_scheduled to None, run_after=None
[2024-07-11T04:21:24.188+0000] {logging_mixin.py:188} INFO - [2024-07-11T04:21:24.187+0000] {dag.py:3954} INFO - Setting next_dagrun for dataset_consumes_unknown_never_scheduled to None, run_after=None
[2024-07-11T04:21:24.191+0000] {logging_mixin.py:188} INFO - [2024-07-11T04:21:24.190+0000] {dag.py:3954} INFO - Setting next_dagrun for dataset_produces_1 to 2024-07-10 00:00:00+00:00, run_after=2024-07-11 00:00:00+00:00
[2024-07-11T04:21:24.192+0000] {logging_mixin.py:188} INFO - [2024-07-11T04:21:24.192+0000] {dag.py:3954} INFO - Setting next_dagrun for dataset_produces_2 to None, run_after=None
[2024-07-11T04:21:24.265+0000] {processor.py:183} INFO - Processing /home/airflow/.local/lib/python3.12/site-packages/airflow/example_dags/example_datasets.py took 0.205 seconds
[2024-07-11T04:21:54.702+0000] {processor.py:161} INFO - Started process (PID=210) to work on /home/airflow/.local/lib/python3.12/site-packages/airflow/example_dags/example_datasets.py
[2024-07-11T04:21:54.703+0000] {processor.py:830} INFO - Processing file /home/airflow/.local/lib/python3.12/site-packages/airflow/example_dags/example_datasets.py for tasks to queue
[2024-07-11T04:21:54.704+0000] {logging_mixin.py:188} INFO - [2024-07-11T04:21:54.704+0000] {dagbag.py:545} INFO - Filling up the DagBag from /home/airflow/.local/lib/python3.12/site-packages/airflow/example_dags/example_datasets.py
[2024-07-11T04:21:54.721+0000] {processor.py:840} INFO - DAG(s) 'dataset_produces_2', 'dataset_produces_1', 'dataset_consumes_unknown_never_scheduled', 'dataset_consumes_1_never_scheduled', 'dataset_consumes_1_and_2', 'consume_1_and_2_with_dataset_expressions', 'consume_1_or_2_with_dataset_expressions', 'consume_1_or_both_2_and_3_with_dataset_expressions', 'dataset_consumes_1', 'conditional_dataset_and_time_based_timetable' retrieved from /home/airflow/.local/lib/python3.12/site-packages/airflow/example_dags/example_datasets.py
[2024-07-11T04:21:54.779+0000] {logging_mixin.py:188} INFO - [2024-07-11T04:21:54.779+0000] {dag.py:3096} INFO - Sync 10 DAGs
[2024-07-11T04:21:54.813+0000] {logging_mixin.py:188} INFO - [2024-07-11T04:21:54.813+0000] {dag.py:3954} INFO - Setting next_dagrun for conditional_dataset_and_time_based_timetable to 2024-07-10 01:00:00+00:00, run_after=2024-07-10 01:00:00+00:00
[2024-07-11T04:21:54.818+0000] {logging_mixin.py:188} INFO - [2024-07-11T04:21:54.818+0000] {dag.py:3954} INFO - Setting next_dagrun for consume_1_and_2_with_dataset_expressions to None, run_after=None
[2024-07-11T04:21:54.819+0000] {logging_mixin.py:188} INFO - [2024-07-11T04:21:54.819+0000] {dag.py:3954} INFO - Setting next_dagrun for consume_1_or_2_with_dataset_expressions to None, run_after=None
[2024-07-11T04:21:54.821+0000] {logging_mixin.py:188} INFO - [2024-07-11T04:21:54.820+0000] {dag.py:3954} INFO - Setting next_dagrun for consume_1_or_both_2_and_3_with_dataset_expressions to None, run_after=None
[2024-07-11T04:21:54.822+0000] {logging_mixin.py:188} INFO - [2024-07-11T04:21:54.822+0000] {dag.py:3954} INFO - Setting next_dagrun for dataset_consumes_1 to None, run_after=None
[2024-07-11T04:21:54.823+0000] {logging_mixin.py:188} INFO - [2024-07-11T04:21:54.823+0000] {dag.py:3954} INFO - Setting next_dagrun for dataset_consumes_1_and_2 to None, run_after=None
[2024-07-11T04:21:54.824+0000] {logging_mixin.py:188} INFO - [2024-07-11T04:21:54.824+0000] {dag.py:3954} INFO - Setting next_dagrun for dataset_consumes_1_never_scheduled to None, run_after=None
[2024-07-11T04:21:54.826+0000] {logging_mixin.py:188} INFO - [2024-07-11T04:21:54.826+0000] {dag.py:3954} INFO - Setting next_dagrun for dataset_consumes_unknown_never_scheduled to None, run_after=None
[2024-07-11T04:21:54.829+0000] {logging_mixin.py:188} INFO - [2024-07-11T04:21:54.829+0000] {dag.py:3954} INFO - Setting next_dagrun for dataset_produces_1 to 2024-07-10 00:00:00+00:00, run_after=2024-07-11 00:00:00+00:00
[2024-07-11T04:21:54.830+0000] {logging_mixin.py:188} INFO - [2024-07-11T04:21:54.830+0000] {dag.py:3954} INFO - Setting next_dagrun for dataset_produces_2 to None, run_after=None
[2024-07-11T04:21:54.872+0000] {processor.py:183} INFO - Processing /home/airflow/.local/lib/python3.12/site-packages/airflow/example_dags/example_datasets.py took 0.176 seconds
[2024-07-11T04:22:25.509+0000] {processor.py:161} INFO - Started process (PID=268) to work on /home/airflow/.local/lib/python3.12/site-packages/airflow/example_dags/example_datasets.py
[2024-07-11T04:22:25.510+0000] {processor.py:830} INFO - Processing file /home/airflow/.local/lib/python3.12/site-packages/airflow/example_dags/example_datasets.py for tasks to queue
[2024-07-11T04:22:25.512+0000] {logging_mixin.py:188} INFO - [2024-07-11T04:22:25.512+0000] {dagbag.py:545} INFO - Filling up the DagBag from /home/airflow/.local/lib/python3.12/site-packages/airflow/example_dags/example_datasets.py
[2024-07-11T04:22:25.612+0000] {processor.py:840} INFO - DAG(s) 'dataset_consumes_unknown_never_scheduled', 'dataset_consumes_1_never_scheduled', 'consume_1_or_both_2_and_3_with_dataset_expressions', 'dataset_consumes_1', 'consume_1_or_2_with_dataset_expressions', 'conditional_dataset_and_time_based_timetable', 'dataset_consumes_1_and_2', 'dataset_produces_2', 'consume_1_and_2_with_dataset_expressions', 'dataset_produces_1' retrieved from /home/airflow/.local/lib/python3.12/site-packages/airflow/example_dags/example_datasets.py
[2024-07-11T04:22:25.842+0000] {logging_mixin.py:188} INFO - [2024-07-11T04:22:25.841+0000] {dag.py:3096} INFO - Sync 10 DAGs
[2024-07-11T04:22:26.016+0000] {logging_mixin.py:188} INFO - [2024-07-11T04:22:26.016+0000] {dag.py:3954} INFO - Setting next_dagrun for conditional_dataset_and_time_based_timetable to 2024-07-10 01:00:00+00:00, run_after=2024-07-10 01:00:00+00:00
[2024-07-11T04:22:26.043+0000] {logging_mixin.py:188} INFO - [2024-07-11T04:22:26.043+0000] {dag.py:3954} INFO - Setting next_dagrun for consume_1_and_2_with_dataset_expressions to None, run_after=None
[2024-07-11T04:22:26.052+0000] {logging_mixin.py:188} INFO - [2024-07-11T04:22:26.052+0000] {dag.py:3954} INFO - Setting next_dagrun for consume_1_or_2_with_dataset_expressions to None, run_after=None
[2024-07-11T04:22:26.054+0000] {logging_mixin.py:188} INFO - [2024-07-11T04:22:26.054+0000] {dag.py:3954} INFO - Setting next_dagrun for consume_1_or_both_2_and_3_with_dataset_expressions to None, run_after=None
[2024-07-11T04:22:26.062+0000] {logging_mixin.py:188} INFO - [2024-07-11T04:22:26.061+0000] {dag.py:3954} INFO - Setting next_dagrun for dataset_consumes_1 to None, run_after=None
[2024-07-11T04:22:26.063+0000] {logging_mixin.py:188} INFO - [2024-07-11T04:22:26.063+0000] {dag.py:3954} INFO - Setting next_dagrun for dataset_consumes_1_and_2 to None, run_after=None
[2024-07-11T04:22:26.070+0000] {logging_mixin.py:188} INFO - [2024-07-11T04:22:26.069+0000] {dag.py:3954} INFO - Setting next_dagrun for dataset_consumes_1_never_scheduled to None, run_after=None
[2024-07-11T04:22:26.073+0000] {logging_mixin.py:188} INFO - [2024-07-11T04:22:26.072+0000] {dag.py:3954} INFO - Setting next_dagrun for dataset_consumes_unknown_never_scheduled to None, run_after=None
[2024-07-11T04:22:26.080+0000] {logging_mixin.py:188} INFO - [2024-07-11T04:22:26.079+0000] {dag.py:3954} INFO - Setting next_dagrun for dataset_produces_1 to 2024-07-10 00:00:00+00:00, run_after=2024-07-11 00:00:00+00:00
[2024-07-11T04:22:26.088+0000] {logging_mixin.py:188} INFO - [2024-07-11T04:22:26.087+0000] {dag.py:3954} INFO - Setting next_dagrun for dataset_produces_2 to None, run_after=None
[2024-07-11T04:22:26.218+0000] {processor.py:183} INFO - Processing /home/airflow/.local/lib/python3.12/site-packages/airflow/example_dags/example_datasets.py took 0.768 seconds
[2024-07-11T04:22:56.378+0000] {processor.py:161} INFO - Started process (PID=326) to work on /home/airflow/.local/lib/python3.12/site-packages/airflow/example_dags/example_datasets.py
[2024-07-11T04:22:56.378+0000] {processor.py:830} INFO - Processing file /home/airflow/.local/lib/python3.12/site-packages/airflow/example_dags/example_datasets.py for tasks to queue
[2024-07-11T04:22:56.380+0000] {logging_mixin.py:188} INFO - [2024-07-11T04:22:56.380+0000] {dagbag.py:545} INFO - Filling up the DagBag from /home/airflow/.local/lib/python3.12/site-packages/airflow/example_dags/example_datasets.py
[2024-07-11T04:22:56.412+0000] {processor.py:840} INFO - DAG(s) 'conditional_dataset_and_time_based_timetable', 'dataset_consumes_1_never_scheduled', 'dataset_produces_1', 'consume_1_and_2_with_dataset_expressions', 'consume_1_or_2_with_dataset_expressions', 'consume_1_or_both_2_and_3_with_dataset_expressions', 'dataset_consumes_unknown_never_scheduled', 'dataset_consumes_1', 'dataset_consumes_1_and_2', 'dataset_produces_2' retrieved from /home/airflow/.local/lib/python3.12/site-packages/airflow/example_dags/example_datasets.py
[2024-07-11T04:22:56.470+0000] {logging_mixin.py:188} INFO - [2024-07-11T04:22:56.470+0000] {dag.py:3096} INFO - Sync 10 DAGs
[2024-07-11T04:22:56.501+0000] {logging_mixin.py:188} INFO - [2024-07-11T04:22:56.501+0000] {dag.py:3954} INFO - Setting next_dagrun for conditional_dataset_and_time_based_timetable to 2024-07-10 01:00:00+00:00, run_after=2024-07-10 01:00:00+00:00
[2024-07-11T04:22:56.505+0000] {logging_mixin.py:188} INFO - [2024-07-11T04:22:56.505+0000] {dag.py:3954} INFO - Setting next_dagrun for consume_1_and_2_with_dataset_expressions to None, run_after=None
[2024-07-11T04:22:56.507+0000] {logging_mixin.py:188} INFO - [2024-07-11T04:22:56.507+0000] {dag.py:3954} INFO - Setting next_dagrun for consume_1_or_2_with_dataset_expressions to None, run_after=None
[2024-07-11T04:22:56.508+0000] {logging_mixin.py:188} INFO - [2024-07-11T04:22:56.508+0000] {dag.py:3954} INFO - Setting next_dagrun for consume_1_or_both_2_and_3_with_dataset_expressions to None, run_after=None
[2024-07-11T04:22:56.510+0000] {logging_mixin.py:188} INFO - [2024-07-11T04:22:56.509+0000] {dag.py:3954} INFO - Setting next_dagrun for dataset_consumes_1 to None, run_after=None
[2024-07-11T04:22:56.511+0000] {logging_mixin.py:188} INFO - [2024-07-11T04:22:56.511+0000] {dag.py:3954} INFO - Setting next_dagrun for dataset_consumes_1_and_2 to None, run_after=None
[2024-07-11T04:22:56.512+0000] {logging_mixin.py:188} INFO - [2024-07-11T04:22:56.512+0000] {dag.py:3954} INFO - Setting next_dagrun for dataset_consumes_1_never_scheduled to None, run_after=None
[2024-07-11T04:22:56.513+0000] {logging_mixin.py:188} INFO - [2024-07-11T04:22:56.513+0000] {dag.py:3954} INFO - Setting next_dagrun for dataset_consumes_unknown_never_scheduled to None, run_after=None
[2024-07-11T04:22:56.516+0000] {logging_mixin.py:188} INFO - [2024-07-11T04:22:56.516+0000] {dag.py:3954} INFO - Setting next_dagrun for dataset_produces_1 to 2024-07-10 00:00:00+00:00, run_after=2024-07-11 00:00:00+00:00
[2024-07-11T04:22:56.518+0000] {logging_mixin.py:188} INFO - [2024-07-11T04:22:56.518+0000] {dag.py:3954} INFO - Setting next_dagrun for dataset_produces_2 to None, run_after=None
[2024-07-11T04:22:56.559+0000] {processor.py:183} INFO - Processing /home/airflow/.local/lib/python3.12/site-packages/airflow/example_dags/example_datasets.py took 0.187 seconds
[2024-07-11T04:23:26.693+0000] {processor.py:161} INFO - Started process (PID=385) to work on /home/airflow/.local/lib/python3.12/site-packages/airflow/example_dags/example_datasets.py
[2024-07-11T04:23:26.694+0000] {processor.py:830} INFO - Processing file /home/airflow/.local/lib/python3.12/site-packages/airflow/example_dags/example_datasets.py for tasks to queue
[2024-07-11T04:23:26.696+0000] {logging_mixin.py:188} INFO - [2024-07-11T04:23:26.695+0000] {dagbag.py:545} INFO - Filling up the DagBag from /home/airflow/.local/lib/python3.12/site-packages/airflow/example_dags/example_datasets.py
[2024-07-11T04:23:26.712+0000] {processor.py:840} INFO - DAG(s) 'dataset_produces_1', 'consume_1_or_both_2_and_3_with_dataset_expressions', 'dataset_consumes_1_and_2', 'dataset_consumes_1', 'dataset_consumes_1_never_scheduled', 'conditional_dataset_and_time_based_timetable', 'consume_1_and_2_with_dataset_expressions', 'consume_1_or_2_with_dataset_expressions', 'dataset_produces_2', 'dataset_consumes_unknown_never_scheduled' retrieved from /home/airflow/.local/lib/python3.12/site-packages/airflow/example_dags/example_datasets.py
[2024-07-11T04:23:26.766+0000] {logging_mixin.py:188} INFO - [2024-07-11T04:23:26.765+0000] {dag.py:3096} INFO - Sync 10 DAGs
[2024-07-11T04:23:26.802+0000] {logging_mixin.py:188} INFO - [2024-07-11T04:23:26.802+0000] {dag.py:3954} INFO - Setting next_dagrun for conditional_dataset_and_time_based_timetable to 2024-07-10 01:00:00+00:00, run_after=2024-07-10 01:00:00+00:00
[2024-07-11T04:23:26.807+0000] {logging_mixin.py:188} INFO - [2024-07-11T04:23:26.807+0000] {dag.py:3954} INFO - Setting next_dagrun for consume_1_and_2_with_dataset_expressions to None, run_after=None
[2024-07-11T04:23:26.809+0000] {logging_mixin.py:188} INFO - [2024-07-11T04:23:26.809+0000] {dag.py:3954} INFO - Setting next_dagrun for consume_1_or_2_with_dataset_expressions to None, run_after=None
[2024-07-11T04:23:26.810+0000] {logging_mixin.py:188} INFO - [2024-07-11T04:23:26.810+0000] {dag.py:3954} INFO - Setting next_dagrun for consume_1_or_both_2_and_3_with_dataset_expressions to None, run_after=None
[2024-07-11T04:23:26.812+0000] {logging_mixin.py:188} INFO - [2024-07-11T04:23:26.812+0000] {dag.py:3954} INFO - Setting next_dagrun for dataset_consumes_1 to None, run_after=None
[2024-07-11T04:23:26.813+0000] {logging_mixin.py:188} INFO - [2024-07-11T04:23:26.813+0000] {dag.py:3954} INFO - Setting next_dagrun for dataset_consumes_1_and_2 to None, run_after=None
[2024-07-11T04:23:26.814+0000] {logging_mixin.py:188} INFO - [2024-07-11T04:23:26.814+0000] {dag.py:3954} INFO - Setting next_dagrun for dataset_consumes_1_never_scheduled to None, run_after=None
[2024-07-11T04:23:26.816+0000] {logging_mixin.py:188} INFO - [2024-07-11T04:23:26.815+0000] {dag.py:3954} INFO - Setting next_dagrun for dataset_consumes_unknown_never_scheduled to None, run_after=None
[2024-07-11T04:23:26.819+0000] {logging_mixin.py:188} INFO - [2024-07-11T04:23:26.819+0000] {dag.py:3954} INFO - Setting next_dagrun for dataset_produces_1 to 2024-07-10 00:00:00+00:00, run_after=2024-07-11 00:00:00+00:00
[2024-07-11T04:23:26.820+0000] {logging_mixin.py:188} INFO - [2024-07-11T04:23:26.820+0000] {dag.py:3954} INFO - Setting next_dagrun for dataset_produces_2 to None, run_after=None
[2024-07-11T04:23:26.864+0000] {processor.py:183} INFO - Processing /home/airflow/.local/lib/python3.12/site-packages/airflow/example_dags/example_datasets.py took 0.177 seconds
[2024-07-11T04:23:57.027+0000] {processor.py:161} INFO - Started process (PID=441) to work on /home/airflow/.local/lib/python3.12/site-packages/airflow/example_dags/example_datasets.py
[2024-07-11T04:23:57.028+0000] {processor.py:830} INFO - Processing file /home/airflow/.local/lib/python3.12/site-packages/airflow/example_dags/example_datasets.py for tasks to queue
[2024-07-11T04:23:57.029+0000] {logging_mixin.py:188} INFO - [2024-07-11T04:23:57.029+0000] {dagbag.py:545} INFO - Filling up the DagBag from /home/airflow/.local/lib/python3.12/site-packages/airflow/example_dags/example_datasets.py
[2024-07-11T04:23:57.046+0000] {processor.py:840} INFO - DAG(s) 'consume_1_or_2_with_dataset_expressions', 'dataset_consumes_1_never_scheduled', 'dataset_produces_2', 'dataset_produces_1', 'conditional_dataset_and_time_based_timetable', 'dataset_consumes_1_and_2', 'consume_1_or_both_2_and_3_with_dataset_expressions', 'consume_1_and_2_with_dataset_expressions', 'dataset_consumes_1', 'dataset_consumes_unknown_never_scheduled' retrieved from /home/airflow/.local/lib/python3.12/site-packages/airflow/example_dags/example_datasets.py
[2024-07-11T04:23:57.104+0000] {logging_mixin.py:188} INFO - [2024-07-11T04:23:57.104+0000] {dag.py:3096} INFO - Sync 10 DAGs
[2024-07-11T04:23:57.135+0000] {logging_mixin.py:188} INFO - [2024-07-11T04:23:57.135+0000] {dag.py:3954} INFO - Setting next_dagrun for conditional_dataset_and_time_based_timetable to 2024-07-10 01:00:00+00:00, run_after=2024-07-10 01:00:00+00:00
[2024-07-11T04:23:57.140+0000] {logging_mixin.py:188} INFO - [2024-07-11T04:23:57.140+0000] {dag.py:3954} INFO - Setting next_dagrun for consume_1_and_2_with_dataset_expressions to None, run_after=None
[2024-07-11T04:23:57.141+0000] {logging_mixin.py:188} INFO - [2024-07-11T04:23:57.141+0000] {dag.py:3954} INFO - Setting next_dagrun for consume_1_or_2_with_dataset_expressions to None, run_after=None
[2024-07-11T04:23:57.142+0000] {logging_mixin.py:188} INFO - [2024-07-11T04:23:57.142+0000] {dag.py:3954} INFO - Setting next_dagrun for consume_1_or_both_2_and_3_with_dataset_expressions to None, run_after=None
[2024-07-11T04:23:57.144+0000] {logging_mixin.py:188} INFO - [2024-07-11T04:23:57.144+0000] {dag.py:3954} INFO - Setting next_dagrun for dataset_consumes_1 to None, run_after=None
[2024-07-11T04:23:57.145+0000] {logging_mixin.py:188} INFO - [2024-07-11T04:23:57.145+0000] {dag.py:3954} INFO - Setting next_dagrun for dataset_consumes_1_and_2 to None, run_after=None
[2024-07-11T04:23:57.146+0000] {logging_mixin.py:188} INFO - [2024-07-11T04:23:57.146+0000] {dag.py:3954} INFO - Setting next_dagrun for dataset_consumes_1_never_scheduled to None, run_after=None
[2024-07-11T04:23:57.148+0000] {logging_mixin.py:188} INFO - [2024-07-11T04:23:57.147+0000] {dag.py:3954} INFO - Setting next_dagrun for dataset_consumes_unknown_never_scheduled to None, run_after=None
[2024-07-11T04:23:57.151+0000] {logging_mixin.py:188} INFO - [2024-07-11T04:23:57.151+0000] {dag.py:3954} INFO - Setting next_dagrun for dataset_produces_1 to 2024-07-10 00:00:00+00:00, run_after=2024-07-11 00:00:00+00:00
[2024-07-11T04:23:57.152+0000] {logging_mixin.py:188} INFO - [2024-07-11T04:23:57.152+0000] {dag.py:3954} INFO - Setting next_dagrun for dataset_produces_2 to None, run_after=None
[2024-07-11T04:23:57.194+0000] {processor.py:183} INFO - Processing /home/airflow/.local/lib/python3.12/site-packages/airflow/example_dags/example_datasets.py took 0.173 seconds
[2024-07-11T04:24:27.389+0000] {processor.py:161} INFO - Started process (PID=499) to work on /home/airflow/.local/lib/python3.12/site-packages/airflow/example_dags/example_datasets.py
[2024-07-11T04:24:27.389+0000] {processor.py:830} INFO - Processing file /home/airflow/.local/lib/python3.12/site-packages/airflow/example_dags/example_datasets.py for tasks to queue
[2024-07-11T04:24:27.391+0000] {logging_mixin.py:188} INFO - [2024-07-11T04:24:27.391+0000] {dagbag.py:545} INFO - Filling up the DagBag from /home/airflow/.local/lib/python3.12/site-packages/airflow/example_dags/example_datasets.py
[2024-07-11T04:24:27.407+0000] {processor.py:840} INFO - DAG(s) 'dataset_consumes_1_and_2', 'dataset_consumes_1_never_scheduled', 'consume_1_or_2_with_dataset_expressions', 'dataset_produces_2', 'consume_1_or_both_2_and_3_with_dataset_expressions', 'dataset_consumes_unknown_never_scheduled', 'conditional_dataset_and_time_based_timetable', 'dataset_produces_1', 'consume_1_and_2_with_dataset_expressions', 'dataset_consumes_1' retrieved from /home/airflow/.local/lib/python3.12/site-packages/airflow/example_dags/example_datasets.py
[2024-07-11T04:24:27.465+0000] {logging_mixin.py:188} INFO - [2024-07-11T04:24:27.464+0000] {dag.py:3096} INFO - Sync 10 DAGs
[2024-07-11T04:24:27.514+0000] {logging_mixin.py:188} INFO - [2024-07-11T04:24:27.514+0000] {dag.py:3954} INFO - Setting next_dagrun for conditional_dataset_and_time_based_timetable to 2024-07-10 01:00:00+00:00, run_after=2024-07-10 01:00:00+00:00
[2024-07-11T04:24:27.520+0000] {logging_mixin.py:188} INFO - [2024-07-11T04:24:27.520+0000] {dag.py:3954} INFO - Setting next_dagrun for consume_1_and_2_with_dataset_expressions to None, run_after=None
[2024-07-11T04:24:27.522+0000] {logging_mixin.py:188} INFO - [2024-07-11T04:24:27.521+0000] {dag.py:3954} INFO - Setting next_dagrun for consume_1_or_2_with_dataset_expressions to None, run_after=None
[2024-07-11T04:24:27.523+0000] {logging_mixin.py:188} INFO - [2024-07-11T04:24:27.523+0000] {dag.py:3954} INFO - Setting next_dagrun for consume_1_or_both_2_and_3_with_dataset_expressions to None, run_after=None
[2024-07-11T04:24:27.524+0000] {logging_mixin.py:188} INFO - [2024-07-11T04:24:27.524+0000] {dag.py:3954} INFO - Setting next_dagrun for dataset_consumes_1 to None, run_after=None
[2024-07-11T04:24:27.526+0000] {logging_mixin.py:188} INFO - [2024-07-11T04:24:27.526+0000] {dag.py:3954} INFO - Setting next_dagrun for dataset_consumes_1_and_2 to None, run_after=None
[2024-07-11T04:24:27.527+0000] {logging_mixin.py:188} INFO - [2024-07-11T04:24:27.527+0000] {dag.py:3954} INFO - Setting next_dagrun for dataset_consumes_1_never_scheduled to None, run_after=None
[2024-07-11T04:24:27.528+0000] {logging_mixin.py:188} INFO - [2024-07-11T04:24:27.528+0000] {dag.py:3954} INFO - Setting next_dagrun for dataset_consumes_unknown_never_scheduled to None, run_after=None
[2024-07-11T04:24:27.531+0000] {logging_mixin.py:188} INFO - [2024-07-11T04:24:27.531+0000] {dag.py:3954} INFO - Setting next_dagrun for dataset_produces_1 to 2024-07-10 00:00:00+00:00, run_after=2024-07-11 00:00:00+00:00
[2024-07-11T04:24:27.533+0000] {logging_mixin.py:188} INFO - [2024-07-11T04:24:27.532+0000] {dag.py:3954} INFO - Setting next_dagrun for dataset_produces_2 to None, run_after=None
[2024-07-11T04:24:27.574+0000] {processor.py:183} INFO - Processing /home/airflow/.local/lib/python3.12/site-packages/airflow/example_dags/example_datasets.py took 0.192 seconds
[2024-07-11T04:24:57.608+0000] {processor.py:161} INFO - Started process (PID=558) to work on /home/airflow/.local/lib/python3.12/site-packages/airflow/example_dags/example_datasets.py
[2024-07-11T04:24:57.612+0000] {processor.py:830} INFO - Processing file /home/airflow/.local/lib/python3.12/site-packages/airflow/example_dags/example_datasets.py for tasks to queue
[2024-07-11T04:24:57.614+0000] {logging_mixin.py:188} INFO - [2024-07-11T04:24:57.614+0000] {dagbag.py:545} INFO - Filling up the DagBag from /home/airflow/.local/lib/python3.12/site-packages/airflow/example_dags/example_datasets.py
[2024-07-11T04:24:57.634+0000] {processor.py:840} INFO - DAG(s) 'dataset_produces_2', 'dataset_consumes_1', 'dataset_consumes_1_never_scheduled', 'conditional_dataset_and_time_based_timetable', 'consume_1_and_2_with_dataset_expressions', 'dataset_consumes_unknown_never_scheduled', 'dataset_produces_1', 'consume_1_or_2_with_dataset_expressions', 'dataset_consumes_1_and_2', 'consume_1_or_both_2_and_3_with_dataset_expressions' retrieved from /home/airflow/.local/lib/python3.12/site-packages/airflow/example_dags/example_datasets.py
[2024-07-11T04:24:57.689+0000] {logging_mixin.py:188} INFO - [2024-07-11T04:24:57.689+0000] {dag.py:3096} INFO - Sync 10 DAGs
[2024-07-11T04:24:57.720+0000] {logging_mixin.py:188} INFO - [2024-07-11T04:24:57.720+0000] {dag.py:3954} INFO - Setting next_dagrun for conditional_dataset_and_time_based_timetable to 2024-07-10 01:00:00+00:00, run_after=2024-07-10 01:00:00+00:00
[2024-07-11T04:24:57.725+0000] {logging_mixin.py:188} INFO - [2024-07-11T04:24:57.724+0000] {dag.py:3954} INFO - Setting next_dagrun for consume_1_and_2_with_dataset_expressions to None, run_after=None
[2024-07-11T04:24:57.726+0000] {logging_mixin.py:188} INFO - [2024-07-11T04:24:57.726+0000] {dag.py:3954} INFO - Setting next_dagrun for consume_1_or_2_with_dataset_expressions to None, run_after=None
[2024-07-11T04:24:57.727+0000] {logging_mixin.py:188} INFO - [2024-07-11T04:24:57.727+0000] {dag.py:3954} INFO - Setting next_dagrun for consume_1_or_both_2_and_3_with_dataset_expressions to None, run_after=None
[2024-07-11T04:24:57.729+0000] {logging_mixin.py:188} INFO - [2024-07-11T04:24:57.728+0000] {dag.py:3954} INFO - Setting next_dagrun for dataset_consumes_1 to None, run_after=None
[2024-07-11T04:24:57.730+0000] {logging_mixin.py:188} INFO - [2024-07-11T04:24:57.730+0000] {dag.py:3954} INFO - Setting next_dagrun for dataset_consumes_1_and_2 to None, run_after=None
[2024-07-11T04:24:57.731+0000] {logging_mixin.py:188} INFO - [2024-07-11T04:24:57.731+0000] {dag.py:3954} INFO - Setting next_dagrun for dataset_consumes_1_never_scheduled to None, run_after=None
[2024-07-11T04:24:57.732+0000] {logging_mixin.py:188} INFO - [2024-07-11T04:24:57.732+0000] {dag.py:3954} INFO - Setting next_dagrun for dataset_consumes_unknown_never_scheduled to None, run_after=None
[2024-07-11T04:24:57.736+0000] {logging_mixin.py:188} INFO - [2024-07-11T04:24:57.735+0000] {dag.py:3954} INFO - Setting next_dagrun for dataset_produces_1 to 2024-07-10 00:00:00+00:00, run_after=2024-07-11 00:00:00+00:00
[2024-07-11T04:24:57.737+0000] {logging_mixin.py:188} INFO - [2024-07-11T04:24:57.737+0000] {dag.py:3954} INFO - Setting next_dagrun for dataset_produces_2 to None, run_after=None
[2024-07-11T04:24:57.776+0000] {processor.py:183} INFO - Processing /home/airflow/.local/lib/python3.12/site-packages/airflow/example_dags/example_datasets.py took 0.174 seconds
[2024-07-11T04:25:28.145+0000] {processor.py:161} INFO - Started process (PID=616) to work on /home/airflow/.local/lib/python3.12/site-packages/airflow/example_dags/example_datasets.py
[2024-07-11T04:25:28.146+0000] {processor.py:830} INFO - Processing file /home/airflow/.local/lib/python3.12/site-packages/airflow/example_dags/example_datasets.py for tasks to queue
[2024-07-11T04:25:28.147+0000] {logging_mixin.py:188} INFO - [2024-07-11T04:25:28.147+0000] {dagbag.py:545} INFO - Filling up the DagBag from /home/airflow/.local/lib/python3.12/site-packages/airflow/example_dags/example_datasets.py
[2024-07-11T04:25:28.164+0000] {processor.py:840} INFO - DAG(s) 'consume_1_or_both_2_and_3_with_dataset_expressions', 'consume_1_and_2_with_dataset_expressions', 'dataset_produces_2', 'dataset_consumes_1_and_2', 'conditional_dataset_and_time_based_timetable', 'consume_1_or_2_with_dataset_expressions', 'dataset_consumes_unknown_never_scheduled', 'dataset_consumes_1_never_scheduled', 'dataset_produces_1', 'dataset_consumes_1' retrieved from /home/airflow/.local/lib/python3.12/site-packages/airflow/example_dags/example_datasets.py
[2024-07-11T04:25:28.223+0000] {logging_mixin.py:188} INFO - [2024-07-11T04:25:28.222+0000] {dag.py:3096} INFO - Sync 10 DAGs
[2024-07-11T04:25:28.285+0000] {logging_mixin.py:188} INFO - [2024-07-11T04:25:28.285+0000] {dag.py:3954} INFO - Setting next_dagrun for conditional_dataset_and_time_based_timetable to 2024-07-10 01:00:00+00:00, run_after=2024-07-10 01:00:00+00:00
[2024-07-11T04:25:28.294+0000] {logging_mixin.py:188} INFO - [2024-07-11T04:25:28.294+0000] {dag.py:3954} INFO - Setting next_dagrun for consume_1_and_2_with_dataset_expressions to None, run_after=None
[2024-07-11T04:25:28.296+0000] {logging_mixin.py:188} INFO - [2024-07-11T04:25:28.295+0000] {dag.py:3954} INFO - Setting next_dagrun for consume_1_or_2_with_dataset_expressions to None, run_after=None
[2024-07-11T04:25:28.297+0000] {logging_mixin.py:188} INFO - [2024-07-11T04:25:28.297+0000] {dag.py:3954} INFO - Setting next_dagrun for consume_1_or_both_2_and_3_with_dataset_expressions to None, run_after=None
[2024-07-11T04:25:28.299+0000] {logging_mixin.py:188} INFO - [2024-07-11T04:25:28.298+0000] {dag.py:3954} INFO - Setting next_dagrun for dataset_consumes_1 to None, run_after=None
[2024-07-11T04:25:28.300+0000] {logging_mixin.py:188} INFO - [2024-07-11T04:25:28.300+0000] {dag.py:3954} INFO - Setting next_dagrun for dataset_consumes_1_and_2 to None, run_after=None
[2024-07-11T04:25:28.301+0000] {logging_mixin.py:188} INFO - [2024-07-11T04:25:28.301+0000] {dag.py:3954} INFO - Setting next_dagrun for dataset_consumes_1_never_scheduled to None, run_after=None
[2024-07-11T04:25:28.303+0000] {logging_mixin.py:188} INFO - [2024-07-11T04:25:28.302+0000] {dag.py:3954} INFO - Setting next_dagrun for dataset_consumes_unknown_never_scheduled to None, run_after=None
[2024-07-11T04:25:28.306+0000] {logging_mixin.py:188} INFO - [2024-07-11T04:25:28.306+0000] {dag.py:3954} INFO - Setting next_dagrun for dataset_produces_1 to 2024-07-10 00:00:00+00:00, run_after=2024-07-11 00:00:00+00:00
[2024-07-11T04:25:28.308+0000] {logging_mixin.py:188} INFO - [2024-07-11T04:25:28.308+0000] {dag.py:3954} INFO - Setting next_dagrun for dataset_produces_2 to None, run_after=None
[2024-07-11T04:25:28.397+0000] {processor.py:183} INFO - Processing /home/airflow/.local/lib/python3.12/site-packages/airflow/example_dags/example_datasets.py took 0.258 seconds
[2024-07-11T04:25:58.650+0000] {processor.py:161} INFO - Started process (PID=675) to work on /home/airflow/.local/lib/python3.12/site-packages/airflow/example_dags/example_datasets.py
[2024-07-11T04:25:58.651+0000] {processor.py:830} INFO - Processing file /home/airflow/.local/lib/python3.12/site-packages/airflow/example_dags/example_datasets.py for tasks to queue
[2024-07-11T04:25:58.653+0000] {logging_mixin.py:188} INFO - [2024-07-11T04:25:58.652+0000] {dagbag.py:545} INFO - Filling up the DagBag from /home/airflow/.local/lib/python3.12/site-packages/airflow/example_dags/example_datasets.py
[2024-07-11T04:25:58.670+0000] {processor.py:840} INFO - DAG(s) 'consume_1_and_2_with_dataset_expressions', 'conditional_dataset_and_time_based_timetable', 'dataset_consumes_unknown_never_scheduled', 'dataset_produces_1', 'consume_1_or_2_with_dataset_expressions', 'dataset_consumes_1_and_2', 'consume_1_or_both_2_and_3_with_dataset_expressions', 'dataset_produces_2', 'dataset_consumes_1', 'dataset_consumes_1_never_scheduled' retrieved from /home/airflow/.local/lib/python3.12/site-packages/airflow/example_dags/example_datasets.py
[2024-07-11T04:25:58.728+0000] {logging_mixin.py:188} INFO - [2024-07-11T04:25:58.727+0000] {dag.py:3096} INFO - Sync 10 DAGs
[2024-07-11T04:25:58.758+0000] {logging_mixin.py:188} INFO - [2024-07-11T04:25:58.758+0000] {dag.py:3954} INFO - Setting next_dagrun for conditional_dataset_and_time_based_timetable to 2024-07-10 01:00:00+00:00, run_after=2024-07-10 01:00:00+00:00
[2024-07-11T04:25:58.762+0000] {logging_mixin.py:188} INFO - [2024-07-11T04:25:58.762+0000] {dag.py:3954} INFO - Setting next_dagrun for consume_1_and_2_with_dataset_expressions to None, run_after=None
[2024-07-11T04:25:58.764+0000] {logging_mixin.py:188} INFO - [2024-07-11T04:25:58.764+0000] {dag.py:3954} INFO - Setting next_dagrun for consume_1_or_2_with_dataset_expressions to None, run_after=None
[2024-07-11T04:25:58.765+0000] {logging_mixin.py:188} INFO - [2024-07-11T04:25:58.765+0000] {dag.py:3954} INFO - Setting next_dagrun for consume_1_or_both_2_and_3_with_dataset_expressions to None, run_after=None
[2024-07-11T04:25:58.766+0000] {logging_mixin.py:188} INFO - [2024-07-11T04:25:58.766+0000] {dag.py:3954} INFO - Setting next_dagrun for dataset_consumes_1 to None, run_after=None
[2024-07-11T04:25:58.768+0000] {logging_mixin.py:188} INFO - [2024-07-11T04:25:58.767+0000] {dag.py:3954} INFO - Setting next_dagrun for dataset_consumes_1_and_2 to None, run_after=None
[2024-07-11T04:25:58.769+0000] {logging_mixin.py:188} INFO - [2024-07-11T04:25:58.769+0000] {dag.py:3954} INFO - Setting next_dagrun for dataset_consumes_1_never_scheduled to None, run_after=None
[2024-07-11T04:25:58.770+0000] {logging_mixin.py:188} INFO - [2024-07-11T04:25:58.770+0000] {dag.py:3954} INFO - Setting next_dagrun for dataset_consumes_unknown_never_scheduled to None, run_after=None
[2024-07-11T04:25:58.773+0000] {logging_mixin.py:188} INFO - [2024-07-11T04:25:58.773+0000] {dag.py:3954} INFO - Setting next_dagrun for dataset_produces_1 to 2024-07-10 00:00:00+00:00, run_after=2024-07-11 00:00:00+00:00
[2024-07-11T04:25:58.775+0000] {logging_mixin.py:188} INFO - [2024-07-11T04:25:58.774+0000] {dag.py:3954} INFO - Setting next_dagrun for dataset_produces_2 to None, run_after=None
[2024-07-11T04:25:58.814+0000] {processor.py:183} INFO - Processing /home/airflow/.local/lib/python3.12/site-packages/airflow/example_dags/example_datasets.py took 0.170 seconds
[2024-07-11T04:26:29.255+0000] {processor.py:161} INFO - Started process (PID=734) to work on /home/airflow/.local/lib/python3.12/site-packages/airflow/example_dags/example_datasets.py
[2024-07-11T04:26:29.256+0000] {processor.py:830} INFO - Processing file /home/airflow/.local/lib/python3.12/site-packages/airflow/example_dags/example_datasets.py for tasks to queue
[2024-07-11T04:26:29.258+0000] {logging_mixin.py:188} INFO - [2024-07-11T04:26:29.257+0000] {dagbag.py:545} INFO - Filling up the DagBag from /home/airflow/.local/lib/python3.12/site-packages/airflow/example_dags/example_datasets.py
[2024-07-11T04:26:29.274+0000] {processor.py:840} INFO - DAG(s) 'consume_1_or_2_with_dataset_expressions', 'dataset_produces_1', 'consume_1_or_both_2_and_3_with_dataset_expressions', 'dataset_consumes_unknown_never_scheduled', 'dataset_consumes_1_and_2', 'conditional_dataset_and_time_based_timetable', 'dataset_consumes_1', 'dataset_produces_2', 'dataset_consumes_1_never_scheduled', 'consume_1_and_2_with_dataset_expressions' retrieved from /home/airflow/.local/lib/python3.12/site-packages/airflow/example_dags/example_datasets.py
[2024-07-11T04:26:29.331+0000] {logging_mixin.py:188} INFO - [2024-07-11T04:26:29.331+0000] {dag.py:3096} INFO - Sync 10 DAGs
[2024-07-11T04:26:29.372+0000] {logging_mixin.py:188} INFO - [2024-07-11T04:26:29.372+0000] {dag.py:3954} INFO - Setting next_dagrun for conditional_dataset_and_time_based_timetable to 2024-07-10 01:00:00+00:00, run_after=2024-07-10 01:00:00+00:00
[2024-07-11T04:26:29.382+0000] {logging_mixin.py:188} INFO - [2024-07-11T04:26:29.382+0000] {dag.py:3954} INFO - Setting next_dagrun for consume_1_and_2_with_dataset_expressions to None, run_after=None
[2024-07-11T04:26:29.391+0000] {logging_mixin.py:188} INFO - [2024-07-11T04:26:29.390+0000] {dag.py:3954} INFO - Setting next_dagrun for consume_1_or_2_with_dataset_expressions to None, run_after=None
[2024-07-11T04:26:29.392+0000] {logging_mixin.py:188} INFO - [2024-07-11T04:26:29.392+0000] {dag.py:3954} INFO - Setting next_dagrun for consume_1_or_both_2_and_3_with_dataset_expressions to None, run_after=None
[2024-07-11T04:26:29.393+0000] {logging_mixin.py:188} INFO - [2024-07-11T04:26:29.393+0000] {dag.py:3954} INFO - Setting next_dagrun for dataset_consumes_1 to None, run_after=None
[2024-07-11T04:26:29.394+0000] {logging_mixin.py:188} INFO - [2024-07-11T04:26:29.394+0000] {dag.py:3954} INFO - Setting next_dagrun for dataset_consumes_1_and_2 to None, run_after=None
[2024-07-11T04:26:29.395+0000] {logging_mixin.py:188} INFO - [2024-07-11T04:26:29.395+0000] {dag.py:3954} INFO - Setting next_dagrun for dataset_consumes_1_never_scheduled to None, run_after=None
[2024-07-11T04:26:29.398+0000] {logging_mixin.py:188} INFO - [2024-07-11T04:26:29.398+0000] {dag.py:3954} INFO - Setting next_dagrun for dataset_consumes_unknown_never_scheduled to None, run_after=None
[2024-07-11T04:26:29.407+0000] {logging_mixin.py:188} INFO - [2024-07-11T04:26:29.407+0000] {dag.py:3954} INFO - Setting next_dagrun for dataset_produces_1 to 2024-07-10 00:00:00+00:00, run_after=2024-07-11 00:00:00+00:00
[2024-07-11T04:26:29.409+0000] {logging_mixin.py:188} INFO - [2024-07-11T04:26:29.409+0000] {dag.py:3954} INFO - Setting next_dagrun for dataset_produces_2 to None, run_after=None
[2024-07-11T04:26:29.478+0000] {processor.py:183} INFO - Processing /home/airflow/.local/lib/python3.12/site-packages/airflow/example_dags/example_datasets.py took 0.233 seconds
[2024-07-11T04:26:59.809+0000] {processor.py:161} INFO - Started process (PID=793) to work on /home/airflow/.local/lib/python3.12/site-packages/airflow/example_dags/example_datasets.py
[2024-07-11T04:26:59.811+0000] {processor.py:830} INFO - Processing file /home/airflow/.local/lib/python3.12/site-packages/airflow/example_dags/example_datasets.py for tasks to queue
[2024-07-11T04:26:59.826+0000] {logging_mixin.py:188} INFO - [2024-07-11T04:26:59.826+0000] {dagbag.py:545} INFO - Filling up the DagBag from /home/airflow/.local/lib/python3.12/site-packages/airflow/example_dags/example_datasets.py
[2024-07-11T04:26:59.872+0000] {processor.py:840} INFO - DAG(s) 'dataset_consumes_unknown_never_scheduled', 'consume_1_and_2_with_dataset_expressions', 'dataset_produces_2', 'dataset_consumes_1_and_2', 'conditional_dataset_and_time_based_timetable', 'dataset_consumes_1_never_scheduled', 'consume_1_or_2_with_dataset_expressions', 'consume_1_or_both_2_and_3_with_dataset_expressions', 'dataset_consumes_1', 'dataset_produces_1' retrieved from /home/airflow/.local/lib/python3.12/site-packages/airflow/example_dags/example_datasets.py
[2024-07-11T04:27:00.182+0000] {logging_mixin.py:188} INFO - [2024-07-11T04:27:00.181+0000] {dag.py:3096} INFO - Sync 10 DAGs
[2024-07-11T04:27:00.247+0000] {logging_mixin.py:188} INFO - [2024-07-11T04:27:00.247+0000] {dag.py:3954} INFO - Setting next_dagrun for conditional_dataset_and_time_based_timetable to 2024-07-10 01:00:00+00:00, run_after=2024-07-10 01:00:00+00:00
[2024-07-11T04:27:00.266+0000] {logging_mixin.py:188} INFO - [2024-07-11T04:27:00.266+0000] {dag.py:3954} INFO - Setting next_dagrun for consume_1_and_2_with_dataset_expressions to None, run_after=None
[2024-07-11T04:27:00.267+0000] {logging_mixin.py:188} INFO - [2024-07-11T04:27:00.267+0000] {dag.py:3954} INFO - Setting next_dagrun for consume_1_or_2_with_dataset_expressions to None, run_after=None
[2024-07-11T04:27:00.278+0000] {logging_mixin.py:188} INFO - [2024-07-11T04:27:00.278+0000] {dag.py:3954} INFO - Setting next_dagrun for consume_1_or_both_2_and_3_with_dataset_expressions to None, run_after=None
[2024-07-11T04:27:00.279+0000] {logging_mixin.py:188} INFO - [2024-07-11T04:27:00.279+0000] {dag.py:3954} INFO - Setting next_dagrun for dataset_consumes_1 to None, run_after=None
[2024-07-11T04:27:00.280+0000] {logging_mixin.py:188} INFO - [2024-07-11T04:27:00.280+0000] {dag.py:3954} INFO - Setting next_dagrun for dataset_consumes_1_and_2 to None, run_after=None
[2024-07-11T04:27:00.282+0000] {logging_mixin.py:188} INFO - [2024-07-11T04:27:00.282+0000] {dag.py:3954} INFO - Setting next_dagrun for dataset_consumes_1_never_scheduled to None, run_after=None
[2024-07-11T04:27:00.292+0000] {logging_mixin.py:188} INFO - [2024-07-11T04:27:00.292+0000] {dag.py:3954} INFO - Setting next_dagrun for dataset_consumes_unknown_never_scheduled to None, run_after=None
[2024-07-11T04:27:00.296+0000] {logging_mixin.py:188} INFO - [2024-07-11T04:27:00.296+0000] {dag.py:3954} INFO - Setting next_dagrun for dataset_produces_1 to 2024-07-10 00:00:00+00:00, run_after=2024-07-11 00:00:00+00:00
[2024-07-11T04:27:00.306+0000] {logging_mixin.py:188} INFO - [2024-07-11T04:27:00.306+0000] {dag.py:3954} INFO - Setting next_dagrun for dataset_produces_2 to None, run_after=None
[2024-07-11T04:27:00.422+0000] {processor.py:183} INFO - Processing /home/airflow/.local/lib/python3.12/site-packages/airflow/example_dags/example_datasets.py took 0.630 seconds
[2024-07-11T04:27:31.369+0000] {processor.py:161} INFO - Started process (PID=858) to work on /home/airflow/.local/lib/python3.12/site-packages/airflow/example_dags/example_datasets.py
[2024-07-11T04:27:31.377+0000] {processor.py:830} INFO - Processing file /home/airflow/.local/lib/python3.12/site-packages/airflow/example_dags/example_datasets.py for tasks to queue
[2024-07-11T04:27:31.378+0000] {logging_mixin.py:188} INFO - [2024-07-11T04:27:31.378+0000] {dagbag.py:545} INFO - Filling up the DagBag from /home/airflow/.local/lib/python3.12/site-packages/airflow/example_dags/example_datasets.py
[2024-07-11T04:27:31.395+0000] {processor.py:840} INFO - DAG(s) 'consume_1_and_2_with_dataset_expressions', 'dataset_consumes_unknown_never_scheduled', 'dataset_consumes_1_never_scheduled', 'consume_1_or_2_with_dataset_expressions', 'dataset_produces_1', 'consume_1_or_both_2_and_3_with_dataset_expressions', 'dataset_consumes_1_and_2', 'dataset_consumes_1', 'dataset_produces_2', 'conditional_dataset_and_time_based_timetable' retrieved from /home/airflow/.local/lib/python3.12/site-packages/airflow/example_dags/example_datasets.py
[2024-07-11T04:27:31.452+0000] {logging_mixin.py:188} INFO - [2024-07-11T04:27:31.451+0000] {dag.py:3096} INFO - Sync 10 DAGs
[2024-07-11T04:27:31.483+0000] {logging_mixin.py:188} INFO - [2024-07-11T04:27:31.483+0000] {dag.py:3954} INFO - Setting next_dagrun for conditional_dataset_and_time_based_timetable to 2024-07-10 01:00:00+00:00, run_after=2024-07-10 01:00:00+00:00
[2024-07-11T04:27:31.487+0000] {logging_mixin.py:188} INFO - [2024-07-11T04:27:31.487+0000] {dag.py:3954} INFO - Setting next_dagrun for consume_1_and_2_with_dataset_expressions to None, run_after=None
[2024-07-11T04:27:31.489+0000] {logging_mixin.py:188} INFO - [2024-07-11T04:27:31.489+0000] {dag.py:3954} INFO - Setting next_dagrun for consume_1_or_2_with_dataset_expressions to None, run_after=None
[2024-07-11T04:27:31.490+0000] {logging_mixin.py:188} INFO - [2024-07-11T04:27:31.490+0000] {dag.py:3954} INFO - Setting next_dagrun for consume_1_or_both_2_and_3_with_dataset_expressions to None, run_after=None
[2024-07-11T04:27:31.491+0000] {logging_mixin.py:188} INFO - [2024-07-11T04:27:31.491+0000] {dag.py:3954} INFO - Setting next_dagrun for dataset_consumes_1 to None, run_after=None
[2024-07-11T04:27:31.493+0000] {logging_mixin.py:188} INFO - [2024-07-11T04:27:31.493+0000] {dag.py:3954} INFO - Setting next_dagrun for dataset_consumes_1_and_2 to None, run_after=None
[2024-07-11T04:27:31.494+0000] {logging_mixin.py:188} INFO - [2024-07-11T04:27:31.494+0000] {dag.py:3954} INFO - Setting next_dagrun for dataset_consumes_1_never_scheduled to None, run_after=None
[2024-07-11T04:27:31.495+0000] {logging_mixin.py:188} INFO - [2024-07-11T04:27:31.495+0000] {dag.py:3954} INFO - Setting next_dagrun for dataset_consumes_unknown_never_scheduled to None, run_after=None
[2024-07-11T04:27:31.497+0000] {logging_mixin.py:188} INFO - [2024-07-11T04:27:31.497+0000] {dag.py:3954} INFO - Setting next_dagrun for dataset_produces_1 to 2024-07-10 00:00:00+00:00, run_after=2024-07-11 00:00:00+00:00
[2024-07-11T04:27:31.498+0000] {logging_mixin.py:188} INFO - [2024-07-11T04:27:31.498+0000] {dag.py:3954} INFO - Setting next_dagrun for dataset_produces_2 to None, run_after=None
[2024-07-11T04:27:31.566+0000] {processor.py:183} INFO - Processing /home/airflow/.local/lib/python3.12/site-packages/airflow/example_dags/example_datasets.py took 0.210 seconds
[2024-07-11T04:28:01.881+0000] {processor.py:161} INFO - Started process (PID=917) to work on /home/airflow/.local/lib/python3.12/site-packages/airflow/example_dags/example_datasets.py
[2024-07-11T04:28:01.882+0000] {processor.py:830} INFO - Processing file /home/airflow/.local/lib/python3.12/site-packages/airflow/example_dags/example_datasets.py for tasks to queue
[2024-07-11T04:28:01.887+0000] {logging_mixin.py:188} INFO - [2024-07-11T04:28:01.887+0000] {dagbag.py:545} INFO - Filling up the DagBag from /home/airflow/.local/lib/python3.12/site-packages/airflow/example_dags/example_datasets.py
[2024-07-11T04:28:01.920+0000] {processor.py:840} INFO - DAG(s) 'consume_1_or_both_2_and_3_with_dataset_expressions', 'consume_1_and_2_with_dataset_expressions', 'conditional_dataset_and_time_based_timetable', 'dataset_consumes_1_never_scheduled', 'consume_1_or_2_with_dataset_expressions', 'dataset_consumes_unknown_never_scheduled', 'dataset_consumes_1_and_2', 'dataset_consumes_1', 'dataset_produces_2', 'dataset_produces_1' retrieved from /home/airflow/.local/lib/python3.12/site-packages/airflow/example_dags/example_datasets.py
[2024-07-11T04:28:01.989+0000] {logging_mixin.py:188} INFO - [2024-07-11T04:28:01.989+0000] {dag.py:3096} INFO - Sync 10 DAGs
[2024-07-11T04:28:02.026+0000] {logging_mixin.py:188} INFO - [2024-07-11T04:28:02.026+0000] {dag.py:3954} INFO - Setting next_dagrun for conditional_dataset_and_time_based_timetable to 2024-07-10 01:00:00+00:00, run_after=2024-07-10 01:00:00+00:00
[2024-07-11T04:28:02.030+0000] {logging_mixin.py:188} INFO - [2024-07-11T04:28:02.030+0000] {dag.py:3954} INFO - Setting next_dagrun for consume_1_and_2_with_dataset_expressions to None, run_after=None
[2024-07-11T04:28:02.032+0000] {logging_mixin.py:188} INFO - [2024-07-11T04:28:02.031+0000] {dag.py:3954} INFO - Setting next_dagrun for consume_1_or_2_with_dataset_expressions to None, run_after=None
[2024-07-11T04:28:02.033+0000] {logging_mixin.py:188} INFO - [2024-07-11T04:28:02.033+0000] {dag.py:3954} INFO - Setting next_dagrun for consume_1_or_both_2_and_3_with_dataset_expressions to None, run_after=None
[2024-07-11T04:28:02.034+0000] {logging_mixin.py:188} INFO - [2024-07-11T04:28:02.034+0000] {dag.py:3954} INFO - Setting next_dagrun for dataset_consumes_1 to None, run_after=None
[2024-07-11T04:28:02.035+0000] {logging_mixin.py:188} INFO - [2024-07-11T04:28:02.035+0000] {dag.py:3954} INFO - Setting next_dagrun for dataset_consumes_1_and_2 to None, run_after=None
[2024-07-11T04:28:02.036+0000] {logging_mixin.py:188} INFO - [2024-07-11T04:28:02.036+0000] {dag.py:3954} INFO - Setting next_dagrun for dataset_consumes_1_never_scheduled to None, run_after=None
[2024-07-11T04:28:02.040+0000] {logging_mixin.py:188} INFO - [2024-07-11T04:28:02.040+0000] {dag.py:3954} INFO - Setting next_dagrun for dataset_consumes_unknown_never_scheduled to None, run_after=None
[2024-07-11T04:28:02.049+0000] {logging_mixin.py:188} INFO - [2024-07-11T04:28:02.049+0000] {dag.py:3954} INFO - Setting next_dagrun for dataset_produces_1 to 2024-07-10 00:00:00+00:00, run_after=2024-07-11 00:00:00+00:00
[2024-07-11T04:28:02.051+0000] {logging_mixin.py:188} INFO - [2024-07-11T04:28:02.051+0000] {dag.py:3954} INFO - Setting next_dagrun for dataset_produces_2 to None, run_after=None
[2024-07-11T04:28:02.110+0000] {processor.py:183} INFO - Processing /home/airflow/.local/lib/python3.12/site-packages/airflow/example_dags/example_datasets.py took 0.249 seconds
[2024-07-11T04:28:32.316+0000] {processor.py:161} INFO - Started process (PID=975) to work on /home/airflow/.local/lib/python3.12/site-packages/airflow/example_dags/example_datasets.py
[2024-07-11T04:28:32.320+0000] {processor.py:830} INFO - Processing file /home/airflow/.local/lib/python3.12/site-packages/airflow/example_dags/example_datasets.py for tasks to queue
[2024-07-11T04:28:32.323+0000] {logging_mixin.py:188} INFO - [2024-07-11T04:28:32.323+0000] {dagbag.py:545} INFO - Filling up the DagBag from /home/airflow/.local/lib/python3.12/site-packages/airflow/example_dags/example_datasets.py
[2024-07-11T04:28:32.349+0000] {processor.py:840} INFO - DAG(s) 'dataset_consumes_1_and_2', 'dataset_produces_2', 'dataset_consumes_1', 'dataset_consumes_unknown_never_scheduled', 'consume_1_and_2_with_dataset_expressions', 'dataset_consumes_1_never_scheduled', 'dataset_produces_1', 'consume_1_or_both_2_and_3_with_dataset_expressions', 'consume_1_or_2_with_dataset_expressions', 'conditional_dataset_and_time_based_timetable' retrieved from /home/airflow/.local/lib/python3.12/site-packages/airflow/example_dags/example_datasets.py
[2024-07-11T04:28:32.407+0000] {logging_mixin.py:188} INFO - [2024-07-11T04:28:32.407+0000] {dag.py:3096} INFO - Sync 10 DAGs
[2024-07-11T04:28:32.438+0000] {logging_mixin.py:188} INFO - [2024-07-11T04:28:32.438+0000] {dag.py:3954} INFO - Setting next_dagrun for conditional_dataset_and_time_based_timetable to 2024-07-10 01:00:00+00:00, run_after=2024-07-10 01:00:00+00:00
[2024-07-11T04:28:32.443+0000] {logging_mixin.py:188} INFO - [2024-07-11T04:28:32.443+0000] {dag.py:3954} INFO - Setting next_dagrun for consume_1_and_2_with_dataset_expressions to None, run_after=None
[2024-07-11T04:28:32.444+0000] {logging_mixin.py:188} INFO - [2024-07-11T04:28:32.444+0000] {dag.py:3954} INFO - Setting next_dagrun for consume_1_or_2_with_dataset_expressions to None, run_after=None
[2024-07-11T04:28:32.445+0000] {logging_mixin.py:188} INFO - [2024-07-11T04:28:32.445+0000] {dag.py:3954} INFO - Setting next_dagrun for consume_1_or_both_2_and_3_with_dataset_expressions to None, run_after=None
[2024-07-11T04:28:32.447+0000] {logging_mixin.py:188} INFO - [2024-07-11T04:28:32.447+0000] {dag.py:3954} INFO - Setting next_dagrun for dataset_consumes_1 to None, run_after=None
[2024-07-11T04:28:32.448+0000] {logging_mixin.py:188} INFO - [2024-07-11T04:28:32.448+0000] {dag.py:3954} INFO - Setting next_dagrun for dataset_consumes_1_and_2 to None, run_after=None
[2024-07-11T04:28:32.449+0000] {logging_mixin.py:188} INFO - [2024-07-11T04:28:32.449+0000] {dag.py:3954} INFO - Setting next_dagrun for dataset_consumes_1_never_scheduled to None, run_after=None
[2024-07-11T04:28:32.450+0000] {logging_mixin.py:188} INFO - [2024-07-11T04:28:32.450+0000] {dag.py:3954} INFO - Setting next_dagrun for dataset_consumes_unknown_never_scheduled to None, run_after=None
[2024-07-11T04:28:32.454+0000] {logging_mixin.py:188} INFO - [2024-07-11T04:28:32.453+0000] {dag.py:3954} INFO - Setting next_dagrun for dataset_produces_1 to 2024-07-10 00:00:00+00:00, run_after=2024-07-11 00:00:00+00:00
[2024-07-11T04:28:32.455+0000] {logging_mixin.py:188} INFO - [2024-07-11T04:28:32.455+0000] {dag.py:3954} INFO - Setting next_dagrun for dataset_produces_2 to None, run_after=None
[2024-07-11T04:28:32.495+0000] {processor.py:183} INFO - Processing /home/airflow/.local/lib/python3.12/site-packages/airflow/example_dags/example_datasets.py took 0.186 seconds
[2024-07-11T04:29:02.671+0000] {processor.py:161} INFO - Started process (PID=1033) to work on /home/airflow/.local/lib/python3.12/site-packages/airflow/example_dags/example_datasets.py
[2024-07-11T04:29:02.671+0000] {processor.py:830} INFO - Processing file /home/airflow/.local/lib/python3.12/site-packages/airflow/example_dags/example_datasets.py for tasks to queue
[2024-07-11T04:29:02.673+0000] {logging_mixin.py:188} INFO - [2024-07-11T04:29:02.673+0000] {dagbag.py:545} INFO - Filling up the DagBag from /home/airflow/.local/lib/python3.12/site-packages/airflow/example_dags/example_datasets.py
[2024-07-11T04:29:02.715+0000] {processor.py:840} INFO - DAG(s) 'consume_1_or_2_with_dataset_expressions', 'dataset_consumes_unknown_never_scheduled', 'dataset_produces_1', 'conditional_dataset_and_time_based_timetable', 'consume_1_or_both_2_and_3_with_dataset_expressions', 'consume_1_and_2_with_dataset_expressions', 'dataset_consumes_1', 'dataset_consumes_1_never_scheduled', 'dataset_produces_2', 'dataset_consumes_1_and_2' retrieved from /home/airflow/.local/lib/python3.12/site-packages/airflow/example_dags/example_datasets.py
[2024-07-11T04:29:02.829+0000] {logging_mixin.py:188} INFO - [2024-07-11T04:29:02.829+0000] {dag.py:3096} INFO - Sync 10 DAGs
[2024-07-11T04:29:02.890+0000] {logging_mixin.py:188} INFO - [2024-07-11T04:29:02.890+0000] {dag.py:3954} INFO - Setting next_dagrun for conditional_dataset_and_time_based_timetable to 2024-07-10 01:00:00+00:00, run_after=2024-07-10 01:00:00+00:00
[2024-07-11T04:29:02.895+0000] {logging_mixin.py:188} INFO - [2024-07-11T04:29:02.895+0000] {dag.py:3954} INFO - Setting next_dagrun for consume_1_and_2_with_dataset_expressions to None, run_after=None
[2024-07-11T04:29:02.896+0000] {logging_mixin.py:188} INFO - [2024-07-11T04:29:02.896+0000] {dag.py:3954} INFO - Setting next_dagrun for consume_1_or_2_with_dataset_expressions to None, run_after=None
[2024-07-11T04:29:02.898+0000] {logging_mixin.py:188} INFO - [2024-07-11T04:29:02.898+0000] {dag.py:3954} INFO - Setting next_dagrun for consume_1_or_both_2_and_3_with_dataset_expressions to None, run_after=None
[2024-07-11T04:29:02.899+0000] {logging_mixin.py:188} INFO - [2024-07-11T04:29:02.899+0000] {dag.py:3954} INFO - Setting next_dagrun for dataset_consumes_1 to None, run_after=None
[2024-07-11T04:29:02.900+0000] {logging_mixin.py:188} INFO - [2024-07-11T04:29:02.900+0000] {dag.py:3954} INFO - Setting next_dagrun for dataset_consumes_1_and_2 to None, run_after=None
[2024-07-11T04:29:02.902+0000] {logging_mixin.py:188} INFO - [2024-07-11T04:29:02.902+0000] {dag.py:3954} INFO - Setting next_dagrun for dataset_consumes_1_never_scheduled to None, run_after=None
[2024-07-11T04:29:02.903+0000] {logging_mixin.py:188} INFO - [2024-07-11T04:29:02.903+0000] {dag.py:3954} INFO - Setting next_dagrun for dataset_consumes_unknown_never_scheduled to None, run_after=None
[2024-07-11T04:29:02.906+0000] {logging_mixin.py:188} INFO - [2024-07-11T04:29:02.906+0000] {dag.py:3954} INFO - Setting next_dagrun for dataset_produces_1 to 2024-07-10 00:00:00+00:00, run_after=2024-07-11 00:00:00+00:00
[2024-07-11T04:29:02.907+0000] {logging_mixin.py:188} INFO - [2024-07-11T04:29:02.907+0000] {dag.py:3954} INFO - Setting next_dagrun for dataset_produces_2 to None, run_after=None
[2024-07-11T04:29:02.956+0000] {processor.py:183} INFO - Processing /home/airflow/.local/lib/python3.12/site-packages/airflow/example_dags/example_datasets.py took 0.300 seconds
