[2024-07-11T04:20:34.798+0000] {processor.py:161} INFO - Started process (PID=79) to work on /home/airflow/.local/lib/python3.12/site-packages/airflow/example_dags/example_skip_dag.py
[2024-07-11T04:20:34.799+0000] {processor.py:830} INFO - Processing file /home/airflow/.local/lib/python3.12/site-packages/airflow/example_dags/example_skip_dag.py for tasks to queue
[2024-07-11T04:20:34.801+0000] {logging_mixin.py:188} INFO - [2024-07-11T04:20:34.800+0000] {dagbag.py:545} INFO - Filling up the DagBag from /home/airflow/.local/lib/python3.12/site-packages/airflow/example_dags/example_skip_dag.py
[2024-07-11T04:20:34.823+0000] {processor.py:840} INFO - DAG(s) 'example_skip_dag' retrieved from /home/airflow/.local/lib/python3.12/site-packages/airflow/example_dags/example_skip_dag.py
[2024-07-11T04:20:35.305+0000] {logging_mixin.py:188} INFO - [2024-07-11T04:20:35.305+0000] {dag.py:3096} INFO - Sync 1 DAGs
[2024-07-11T04:20:35.350+0000] {logging_mixin.py:188} INFO - [2024-07-11T04:20:35.349+0000] {dag.py:3954} INFO - Setting next_dagrun for example_skip_dag to 2024-07-10 00:00:00+00:00, run_after=2024-07-11 00:00:00+00:00
[2024-07-11T04:20:35.459+0000] {processor.py:183} INFO - Processing /home/airflow/.local/lib/python3.12/site-packages/airflow/example_dags/example_skip_dag.py took 0.691 seconds
[2024-07-11T04:21:05.961+0000] {processor.py:161} INFO - Started process (PID=138) to work on /home/airflow/.local/lib/python3.12/site-packages/airflow/example_dags/example_skip_dag.py
[2024-07-11T04:21:05.969+0000] {processor.py:830} INFO - Processing file /home/airflow/.local/lib/python3.12/site-packages/airflow/example_dags/example_skip_dag.py for tasks to queue
[2024-07-11T04:21:05.971+0000] {logging_mixin.py:188} INFO - [2024-07-11T04:21:05.971+0000] {dagbag.py:545} INFO - Filling up the DagBag from /home/airflow/.local/lib/python3.12/site-packages/airflow/example_dags/example_skip_dag.py
[2024-07-11T04:21:05.987+0000] {processor.py:840} INFO - DAG(s) 'example_skip_dag' retrieved from /home/airflow/.local/lib/python3.12/site-packages/airflow/example_dags/example_skip_dag.py
[2024-07-11T04:21:06.032+0000] {logging_mixin.py:188} INFO - [2024-07-11T04:21:06.031+0000] {dag.py:3096} INFO - Sync 1 DAGs
[2024-07-11T04:21:06.059+0000] {logging_mixin.py:188} INFO - [2024-07-11T04:21:06.059+0000] {dag.py:3954} INFO - Setting next_dagrun for example_skip_dag to 2024-07-10 00:00:00+00:00, run_after=2024-07-11 00:00:00+00:00
[2024-07-11T04:21:06.087+0000] {processor.py:183} INFO - Processing /home/airflow/.local/lib/python3.12/site-packages/airflow/example_dags/example_skip_dag.py took 0.135 seconds
[2024-07-11T04:21:36.649+0000] {processor.py:161} INFO - Started process (PID=197) to work on /home/airflow/.local/lib/python3.12/site-packages/airflow/example_dags/example_skip_dag.py
[2024-07-11T04:21:36.650+0000] {processor.py:830} INFO - Processing file /home/airflow/.local/lib/python3.12/site-packages/airflow/example_dags/example_skip_dag.py for tasks to queue
[2024-07-11T04:21:36.651+0000] {logging_mixin.py:188} INFO - [2024-07-11T04:21:36.651+0000] {dagbag.py:545} INFO - Filling up the DagBag from /home/airflow/.local/lib/python3.12/site-packages/airflow/example_dags/example_skip_dag.py
[2024-07-11T04:21:36.659+0000] {processor.py:840} INFO - DAG(s) 'example_skip_dag' retrieved from /home/airflow/.local/lib/python3.12/site-packages/airflow/example_dags/example_skip_dag.py
[2024-07-11T04:21:36.686+0000] {logging_mixin.py:188} INFO - [2024-07-11T04:21:36.686+0000] {dag.py:3096} INFO - Sync 1 DAGs
[2024-07-11T04:21:36.714+0000] {logging_mixin.py:188} INFO - [2024-07-11T04:21:36.714+0000] {dag.py:3954} INFO - Setting next_dagrun for example_skip_dag to 2024-07-10 00:00:00+00:00, run_after=2024-07-11 00:00:00+00:00
[2024-07-11T04:21:36.745+0000] {processor.py:183} INFO - Processing /home/airflow/.local/lib/python3.12/site-packages/airflow/example_dags/example_skip_dag.py took 0.103 seconds
[2024-07-11T04:22:07.573+0000] {processor.py:161} INFO - Started process (PID=255) to work on /home/airflow/.local/lib/python3.12/site-packages/airflow/example_dags/example_skip_dag.py
[2024-07-11T04:22:07.574+0000] {processor.py:830} INFO - Processing file /home/airflow/.local/lib/python3.12/site-packages/airflow/example_dags/example_skip_dag.py for tasks to queue
[2024-07-11T04:22:07.576+0000] {logging_mixin.py:188} INFO - [2024-07-11T04:22:07.576+0000] {dagbag.py:545} INFO - Filling up the DagBag from /home/airflow/.local/lib/python3.12/site-packages/airflow/example_dags/example_skip_dag.py
[2024-07-11T04:22:07.584+0000] {processor.py:840} INFO - DAG(s) 'example_skip_dag' retrieved from /home/airflow/.local/lib/python3.12/site-packages/airflow/example_dags/example_skip_dag.py
[2024-07-11T04:22:07.620+0000] {logging_mixin.py:188} INFO - [2024-07-11T04:22:07.620+0000] {dag.py:3096} INFO - Sync 1 DAGs
[2024-07-11T04:22:07.646+0000] {logging_mixin.py:188} INFO - [2024-07-11T04:22:07.646+0000] {dag.py:3954} INFO - Setting next_dagrun for example_skip_dag to 2024-07-10 00:00:00+00:00, run_after=2024-07-11 00:00:00+00:00
[2024-07-11T04:22:07.678+0000] {processor.py:183} INFO - Processing /home/airflow/.local/lib/python3.12/site-packages/airflow/example_dags/example_skip_dag.py took 0.111 seconds
[2024-07-11T04:22:38.365+0000] {processor.py:161} INFO - Started process (PID=313) to work on /home/airflow/.local/lib/python3.12/site-packages/airflow/example_dags/example_skip_dag.py
[2024-07-11T04:22:38.369+0000] {processor.py:830} INFO - Processing file /home/airflow/.local/lib/python3.12/site-packages/airflow/example_dags/example_skip_dag.py for tasks to queue
[2024-07-11T04:22:38.376+0000] {logging_mixin.py:188} INFO - [2024-07-11T04:22:38.375+0000] {dagbag.py:545} INFO - Filling up the DagBag from /home/airflow/.local/lib/python3.12/site-packages/airflow/example_dags/example_skip_dag.py
[2024-07-11T04:22:38.385+0000] {processor.py:840} INFO - DAG(s) 'example_skip_dag' retrieved from /home/airflow/.local/lib/python3.12/site-packages/airflow/example_dags/example_skip_dag.py
[2024-07-11T04:22:38.414+0000] {logging_mixin.py:188} INFO - [2024-07-11T04:22:38.413+0000] {dag.py:3096} INFO - Sync 1 DAGs
[2024-07-11T04:22:38.441+0000] {logging_mixin.py:188} INFO - [2024-07-11T04:22:38.441+0000] {dag.py:3954} INFO - Setting next_dagrun for example_skip_dag to 2024-07-10 00:00:00+00:00, run_after=2024-07-11 00:00:00+00:00
[2024-07-11T04:22:38.467+0000] {processor.py:183} INFO - Processing /home/airflow/.local/lib/python3.12/site-packages/airflow/example_dags/example_skip_dag.py took 0.111 seconds
[2024-07-11T04:23:08.975+0000] {processor.py:161} INFO - Started process (PID=371) to work on /home/airflow/.local/lib/python3.12/site-packages/airflow/example_dags/example_skip_dag.py
[2024-07-11T04:23:08.976+0000] {processor.py:830} INFO - Processing file /home/airflow/.local/lib/python3.12/site-packages/airflow/example_dags/example_skip_dag.py for tasks to queue
[2024-07-11T04:23:08.978+0000] {logging_mixin.py:188} INFO - [2024-07-11T04:23:08.977+0000] {dagbag.py:545} INFO - Filling up the DagBag from /home/airflow/.local/lib/python3.12/site-packages/airflow/example_dags/example_skip_dag.py
[2024-07-11T04:23:08.985+0000] {processor.py:840} INFO - DAG(s) 'example_skip_dag' retrieved from /home/airflow/.local/lib/python3.12/site-packages/airflow/example_dags/example_skip_dag.py
[2024-07-11T04:23:09.011+0000] {logging_mixin.py:188} INFO - [2024-07-11T04:23:09.010+0000] {dag.py:3096} INFO - Sync 1 DAGs
[2024-07-11T04:23:09.037+0000] {logging_mixin.py:188} INFO - [2024-07-11T04:23:09.036+0000] {dag.py:3954} INFO - Setting next_dagrun for example_skip_dag to 2024-07-10 00:00:00+00:00, run_after=2024-07-11 00:00:00+00:00
[2024-07-11T04:23:09.077+0000] {processor.py:183} INFO - Processing /home/airflow/.local/lib/python3.12/site-packages/airflow/example_dags/example_skip_dag.py took 0.107 seconds
[2024-07-11T04:23:39.488+0000] {processor.py:161} INFO - Started process (PID=428) to work on /home/airflow/.local/lib/python3.12/site-packages/airflow/example_dags/example_skip_dag.py
[2024-07-11T04:23:39.489+0000] {processor.py:830} INFO - Processing file /home/airflow/.local/lib/python3.12/site-packages/airflow/example_dags/example_skip_dag.py for tasks to queue
[2024-07-11T04:23:39.490+0000] {logging_mixin.py:188} INFO - [2024-07-11T04:23:39.490+0000] {dagbag.py:545} INFO - Filling up the DagBag from /home/airflow/.local/lib/python3.12/site-packages/airflow/example_dags/example_skip_dag.py
[2024-07-11T04:23:39.497+0000] {processor.py:840} INFO - DAG(s) 'example_skip_dag' retrieved from /home/airflow/.local/lib/python3.12/site-packages/airflow/example_dags/example_skip_dag.py
[2024-07-11T04:23:39.524+0000] {logging_mixin.py:188} INFO - [2024-07-11T04:23:39.523+0000] {dag.py:3096} INFO - Sync 1 DAGs
[2024-07-11T04:23:39.550+0000] {logging_mixin.py:188} INFO - [2024-07-11T04:23:39.550+0000] {dag.py:3954} INFO - Setting next_dagrun for example_skip_dag to 2024-07-10 00:00:00+00:00, run_after=2024-07-11 00:00:00+00:00
[2024-07-11T04:23:39.582+0000] {processor.py:183} INFO - Processing /home/airflow/.local/lib/python3.12/site-packages/airflow/example_dags/example_skip_dag.py took 0.100 seconds
[2024-07-11T04:24:11.183+0000] {processor.py:161} INFO - Started process (PID=486) to work on /home/airflow/.local/lib/python3.12/site-packages/airflow/example_dags/example_skip_dag.py
[2024-07-11T04:24:11.184+0000] {processor.py:830} INFO - Processing file /home/airflow/.local/lib/python3.12/site-packages/airflow/example_dags/example_skip_dag.py for tasks to queue
[2024-07-11T04:24:11.186+0000] {logging_mixin.py:188} INFO - [2024-07-11T04:24:11.186+0000] {dagbag.py:545} INFO - Filling up the DagBag from /home/airflow/.local/lib/python3.12/site-packages/airflow/example_dags/example_skip_dag.py
[2024-07-11T04:24:11.201+0000] {processor.py:840} INFO - DAG(s) 'example_skip_dag' retrieved from /home/airflow/.local/lib/python3.12/site-packages/airflow/example_dags/example_skip_dag.py
[2024-07-11T04:24:11.306+0000] {logging_mixin.py:188} INFO - [2024-07-11T04:24:11.306+0000] {dag.py:3096} INFO - Sync 1 DAGs
[2024-07-11T04:24:11.398+0000] {logging_mixin.py:188} INFO - [2024-07-11T04:24:11.398+0000] {dag.py:3954} INFO - Setting next_dagrun for example_skip_dag to 2024-07-10 00:00:00+00:00, run_after=2024-07-11 00:00:00+00:00
[2024-07-11T04:24:11.478+0000] {processor.py:183} INFO - Processing /home/airflow/.local/lib/python3.12/site-packages/airflow/example_dags/example_skip_dag.py took 0.315 seconds
[2024-07-11T04:24:41.641+0000] {processor.py:161} INFO - Started process (PID=545) to work on /home/airflow/.local/lib/python3.12/site-packages/airflow/example_dags/example_skip_dag.py
[2024-07-11T04:24:41.642+0000] {processor.py:830} INFO - Processing file /home/airflow/.local/lib/python3.12/site-packages/airflow/example_dags/example_skip_dag.py for tasks to queue
[2024-07-11T04:24:41.644+0000] {logging_mixin.py:188} INFO - [2024-07-11T04:24:41.643+0000] {dagbag.py:545} INFO - Filling up the DagBag from /home/airflow/.local/lib/python3.12/site-packages/airflow/example_dags/example_skip_dag.py
[2024-07-11T04:24:41.661+0000] {processor.py:840} INFO - DAG(s) 'example_skip_dag' retrieved from /home/airflow/.local/lib/python3.12/site-packages/airflow/example_dags/example_skip_dag.py
[2024-07-11T04:24:41.755+0000] {logging_mixin.py:188} INFO - [2024-07-11T04:24:41.755+0000] {dag.py:3096} INFO - Sync 1 DAGs
[2024-07-11T04:24:41.784+0000] {logging_mixin.py:188} INFO - [2024-07-11T04:24:41.784+0000] {dag.py:3954} INFO - Setting next_dagrun for example_skip_dag to 2024-07-10 00:00:00+00:00, run_after=2024-07-11 00:00:00+00:00
[2024-07-11T04:24:41.813+0000] {processor.py:183} INFO - Processing /home/airflow/.local/lib/python3.12/site-packages/airflow/example_dags/example_skip_dag.py took 0.179 seconds
[2024-07-11T04:25:12.484+0000] {processor.py:161} INFO - Started process (PID=603) to work on /home/airflow/.local/lib/python3.12/site-packages/airflow/example_dags/example_skip_dag.py
[2024-07-11T04:25:12.485+0000] {processor.py:830} INFO - Processing file /home/airflow/.local/lib/python3.12/site-packages/airflow/example_dags/example_skip_dag.py for tasks to queue
[2024-07-11T04:25:12.487+0000] {logging_mixin.py:188} INFO - [2024-07-11T04:25:12.487+0000] {dagbag.py:545} INFO - Filling up the DagBag from /home/airflow/.local/lib/python3.12/site-packages/airflow/example_dags/example_skip_dag.py
[2024-07-11T04:25:12.495+0000] {processor.py:840} INFO - DAG(s) 'example_skip_dag' retrieved from /home/airflow/.local/lib/python3.12/site-packages/airflow/example_dags/example_skip_dag.py
[2024-07-11T04:25:12.522+0000] {logging_mixin.py:188} INFO - [2024-07-11T04:25:12.522+0000] {dag.py:3096} INFO - Sync 1 DAGs
[2024-07-11T04:25:12.550+0000] {logging_mixin.py:188} INFO - [2024-07-11T04:25:12.549+0000] {dag.py:3954} INFO - Setting next_dagrun for example_skip_dag to 2024-07-10 00:00:00+00:00, run_after=2024-07-11 00:00:00+00:00
[2024-07-11T04:25:12.576+0000] {processor.py:183} INFO - Processing /home/airflow/.local/lib/python3.12/site-packages/airflow/example_dags/example_skip_dag.py took 0.098 seconds
[2024-07-11T04:25:42.854+0000] {processor.py:161} INFO - Started process (PID=662) to work on /home/airflow/.local/lib/python3.12/site-packages/airflow/example_dags/example_skip_dag.py
[2024-07-11T04:25:42.855+0000] {processor.py:830} INFO - Processing file /home/airflow/.local/lib/python3.12/site-packages/airflow/example_dags/example_skip_dag.py for tasks to queue
[2024-07-11T04:25:42.857+0000] {logging_mixin.py:188} INFO - [2024-07-11T04:25:42.857+0000] {dagbag.py:545} INFO - Filling up the DagBag from /home/airflow/.local/lib/python3.12/site-packages/airflow/example_dags/example_skip_dag.py
[2024-07-11T04:25:42.865+0000] {processor.py:840} INFO - DAG(s) 'example_skip_dag' retrieved from /home/airflow/.local/lib/python3.12/site-packages/airflow/example_dags/example_skip_dag.py
[2024-07-11T04:25:42.889+0000] {logging_mixin.py:188} INFO - [2024-07-11T04:25:42.889+0000] {dag.py:3096} INFO - Sync 1 DAGs
[2024-07-11T04:25:42.919+0000] {logging_mixin.py:188} INFO - [2024-07-11T04:25:42.918+0000] {dag.py:3954} INFO - Setting next_dagrun for example_skip_dag to 2024-07-10 00:00:00+00:00, run_after=2024-07-11 00:00:00+00:00
[2024-07-11T04:25:42.943+0000] {processor.py:183} INFO - Processing /home/airflow/.local/lib/python3.12/site-packages/airflow/example_dags/example_skip_dag.py took 0.095 seconds
[2024-07-11T04:26:13.489+0000] {processor.py:161} INFO - Started process (PID=721) to work on /home/airflow/.local/lib/python3.12/site-packages/airflow/example_dags/example_skip_dag.py
[2024-07-11T04:26:13.490+0000] {processor.py:830} INFO - Processing file /home/airflow/.local/lib/python3.12/site-packages/airflow/example_dags/example_skip_dag.py for tasks to queue
[2024-07-11T04:26:13.491+0000] {logging_mixin.py:188} INFO - [2024-07-11T04:26:13.491+0000] {dagbag.py:545} INFO - Filling up the DagBag from /home/airflow/.local/lib/python3.12/site-packages/airflow/example_dags/example_skip_dag.py
[2024-07-11T04:26:13.496+0000] {processor.py:840} INFO - DAG(s) 'example_skip_dag' retrieved from /home/airflow/.local/lib/python3.12/site-packages/airflow/example_dags/example_skip_dag.py
[2024-07-11T04:26:13.514+0000] {logging_mixin.py:188} INFO - [2024-07-11T04:26:13.514+0000] {dag.py:3096} INFO - Sync 1 DAGs
[2024-07-11T04:26:13.531+0000] {logging_mixin.py:188} INFO - [2024-07-11T04:26:13.531+0000] {dag.py:3954} INFO - Setting next_dagrun for example_skip_dag to 2024-07-10 00:00:00+00:00, run_after=2024-07-11 00:00:00+00:00
[2024-07-11T04:26:13.566+0000] {processor.py:183} INFO - Processing /home/airflow/.local/lib/python3.12/site-packages/airflow/example_dags/example_skip_dag.py took 0.081 seconds
[2024-07-11T04:26:44.136+0000] {processor.py:161} INFO - Started process (PID=780) to work on /home/airflow/.local/lib/python3.12/site-packages/airflow/example_dags/example_skip_dag.py
[2024-07-11T04:26:44.137+0000] {processor.py:830} INFO - Processing file /home/airflow/.local/lib/python3.12/site-packages/airflow/example_dags/example_skip_dag.py for tasks to queue
[2024-07-11T04:26:44.139+0000] {logging_mixin.py:188} INFO - [2024-07-11T04:26:44.139+0000] {dagbag.py:545} INFO - Filling up the DagBag from /home/airflow/.local/lib/python3.12/site-packages/airflow/example_dags/example_skip_dag.py
[2024-07-11T04:26:44.147+0000] {processor.py:840} INFO - DAG(s) 'example_skip_dag' retrieved from /home/airflow/.local/lib/python3.12/site-packages/airflow/example_dags/example_skip_dag.py
[2024-07-11T04:26:44.171+0000] {logging_mixin.py:188} INFO - [2024-07-11T04:26:44.171+0000] {dag.py:3096} INFO - Sync 1 DAGs
[2024-07-11T04:26:44.200+0000] {logging_mixin.py:188} INFO - [2024-07-11T04:26:44.199+0000] {dag.py:3954} INFO - Setting next_dagrun for example_skip_dag to 2024-07-10 00:00:00+00:00, run_after=2024-07-11 00:00:00+00:00
[2024-07-11T04:26:44.225+0000] {processor.py:183} INFO - Processing /home/airflow/.local/lib/python3.12/site-packages/airflow/example_dags/example_skip_dag.py took 0.096 seconds
[2024-07-11T04:27:14.583+0000] {processor.py:161} INFO - Started process (PID=838) to work on /home/airflow/.local/lib/python3.12/site-packages/airflow/example_dags/example_skip_dag.py
[2024-07-11T04:27:14.589+0000] {processor.py:830} INFO - Processing file /home/airflow/.local/lib/python3.12/site-packages/airflow/example_dags/example_skip_dag.py for tasks to queue
[2024-07-11T04:27:14.591+0000] {logging_mixin.py:188} INFO - [2024-07-11T04:27:14.591+0000] {dagbag.py:545} INFO - Filling up the DagBag from /home/airflow/.local/lib/python3.12/site-packages/airflow/example_dags/example_skip_dag.py
[2024-07-11T04:27:14.605+0000] {processor.py:840} INFO - DAG(s) 'example_skip_dag' retrieved from /home/airflow/.local/lib/python3.12/site-packages/airflow/example_dags/example_skip_dag.py
[2024-07-11T04:27:14.630+0000] {logging_mixin.py:188} INFO - [2024-07-11T04:27:14.630+0000] {dag.py:3096} INFO - Sync 1 DAGs
[2024-07-11T04:27:14.657+0000] {logging_mixin.py:188} INFO - [2024-07-11T04:27:14.657+0000] {dag.py:3954} INFO - Setting next_dagrun for example_skip_dag to 2024-07-10 00:00:00+00:00, run_after=2024-07-11 00:00:00+00:00
[2024-07-11T04:27:14.699+0000] {processor.py:183} INFO - Processing /home/airflow/.local/lib/python3.12/site-packages/airflow/example_dags/example_skip_dag.py took 0.126 seconds
[2024-07-11T04:27:45.246+0000] {processor.py:161} INFO - Started process (PID=897) to work on /home/airflow/.local/lib/python3.12/site-packages/airflow/example_dags/example_skip_dag.py
[2024-07-11T04:27:45.247+0000] {processor.py:830} INFO - Processing file /home/airflow/.local/lib/python3.12/site-packages/airflow/example_dags/example_skip_dag.py for tasks to queue
[2024-07-11T04:27:45.249+0000] {logging_mixin.py:188} INFO - [2024-07-11T04:27:45.248+0000] {dagbag.py:545} INFO - Filling up the DagBag from /home/airflow/.local/lib/python3.12/site-packages/airflow/example_dags/example_skip_dag.py
[2024-07-11T04:27:45.256+0000] {processor.py:840} INFO - DAG(s) 'example_skip_dag' retrieved from /home/airflow/.local/lib/python3.12/site-packages/airflow/example_dags/example_skip_dag.py
[2024-07-11T04:27:45.282+0000] {logging_mixin.py:188} INFO - [2024-07-11T04:27:45.281+0000] {dag.py:3096} INFO - Sync 1 DAGs
[2024-07-11T04:27:45.305+0000] {logging_mixin.py:188} INFO - [2024-07-11T04:27:45.304+0000] {dag.py:3954} INFO - Setting next_dagrun for example_skip_dag to 2024-07-10 00:00:00+00:00, run_after=2024-07-11 00:00:00+00:00
[2024-07-11T04:27:45.330+0000] {processor.py:183} INFO - Processing /home/airflow/.local/lib/python3.12/site-packages/airflow/example_dags/example_skip_dag.py took 0.090 seconds
[2024-07-11T04:28:15.690+0000] {processor.py:161} INFO - Started process (PID=956) to work on /home/airflow/.local/lib/python3.12/site-packages/airflow/example_dags/example_skip_dag.py
[2024-07-11T04:28:15.691+0000] {processor.py:830} INFO - Processing file /home/airflow/.local/lib/python3.12/site-packages/airflow/example_dags/example_skip_dag.py for tasks to queue
[2024-07-11T04:28:15.692+0000] {logging_mixin.py:188} INFO - [2024-07-11T04:28:15.692+0000] {dagbag.py:545} INFO - Filling up the DagBag from /home/airflow/.local/lib/python3.12/site-packages/airflow/example_dags/example_skip_dag.py
[2024-07-11T04:28:15.700+0000] {processor.py:840} INFO - DAG(s) 'example_skip_dag' retrieved from /home/airflow/.local/lib/python3.12/site-packages/airflow/example_dags/example_skip_dag.py
[2024-07-11T04:28:15.727+0000] {logging_mixin.py:188} INFO - [2024-07-11T04:28:15.727+0000] {dag.py:3096} INFO - Sync 1 DAGs
[2024-07-11T04:28:15.752+0000] {logging_mixin.py:188} INFO - [2024-07-11T04:28:15.752+0000] {dag.py:3954} INFO - Setting next_dagrun for example_skip_dag to 2024-07-10 00:00:00+00:00, run_after=2024-07-11 00:00:00+00:00
[2024-07-11T04:28:15.778+0000] {processor.py:183} INFO - Processing /home/airflow/.local/lib/python3.12/site-packages/airflow/example_dags/example_skip_dag.py took 0.095 seconds
[2024-07-11T04:28:46.011+0000] {processor.py:161} INFO - Started process (PID=1014) to work on /home/airflow/.local/lib/python3.12/site-packages/airflow/example_dags/example_skip_dag.py
[2024-07-11T04:28:46.011+0000] {processor.py:830} INFO - Processing file /home/airflow/.local/lib/python3.12/site-packages/airflow/example_dags/example_skip_dag.py for tasks to queue
[2024-07-11T04:28:46.013+0000] {logging_mixin.py:188} INFO - [2024-07-11T04:28:46.013+0000] {dagbag.py:545} INFO - Filling up the DagBag from /home/airflow/.local/lib/python3.12/site-packages/airflow/example_dags/example_skip_dag.py
[2024-07-11T04:28:46.020+0000] {processor.py:840} INFO - DAG(s) 'example_skip_dag' retrieved from /home/airflow/.local/lib/python3.12/site-packages/airflow/example_dags/example_skip_dag.py
[2024-07-11T04:28:46.046+0000] {logging_mixin.py:188} INFO - [2024-07-11T04:28:46.046+0000] {dag.py:3096} INFO - Sync 1 DAGs
[2024-07-11T04:28:46.069+0000] {logging_mixin.py:188} INFO - [2024-07-11T04:28:46.068+0000] {dag.py:3954} INFO - Setting next_dagrun for example_skip_dag to 2024-07-10 00:00:00+00:00, run_after=2024-07-11 00:00:00+00:00
[2024-07-11T04:28:46.096+0000] {processor.py:183} INFO - Processing /home/airflow/.local/lib/python3.12/site-packages/airflow/example_dags/example_skip_dag.py took 0.092 seconds
[2024-07-11T04:29:17.573+0000] {processor.py:161} INFO - Started process (PID=1072) to work on /home/airflow/.local/lib/python3.12/site-packages/airflow/example_dags/example_skip_dag.py
[2024-07-11T04:29:17.582+0000] {processor.py:830} INFO - Processing file /home/airflow/.local/lib/python3.12/site-packages/airflow/example_dags/example_skip_dag.py for tasks to queue
[2024-07-11T04:29:17.584+0000] {logging_mixin.py:188} INFO - [2024-07-11T04:29:17.583+0000] {dagbag.py:545} INFO - Filling up the DagBag from /home/airflow/.local/lib/python3.12/site-packages/airflow/example_dags/example_skip_dag.py
[2024-07-11T04:29:17.603+0000] {processor.py:840} INFO - DAG(s) 'example_skip_dag' retrieved from /home/airflow/.local/lib/python3.12/site-packages/airflow/example_dags/example_skip_dag.py
[2024-07-11T04:29:17.643+0000] {logging_mixin.py:188} INFO - [2024-07-11T04:29:17.642+0000] {dag.py:3096} INFO - Sync 1 DAGs
[2024-07-11T04:29:17.682+0000] {logging_mixin.py:188} INFO - [2024-07-11T04:29:17.682+0000] {dag.py:3954} INFO - Setting next_dagrun for example_skip_dag to 2024-07-10 00:00:00+00:00, run_after=2024-07-11 00:00:00+00:00
[2024-07-11T04:29:17.734+0000] {processor.py:183} INFO - Processing /home/airflow/.local/lib/python3.12/site-packages/airflow/example_dags/example_skip_dag.py took 0.171 seconds
