[2024-07-11T04:20:24.821+0000] {processor.py:161} INFO - Started process (PID=44) to work on /home/airflow/.local/lib/python3.12/site-packages/airflow/example_dags/example_latest_only.py
[2024-07-11T04:20:24.822+0000] {processor.py:830} INFO - Processing file /home/airflow/.local/lib/python3.12/site-packages/airflow/example_dags/example_latest_only.py for tasks to queue
[2024-07-11T04:20:24.824+0000] {logging_mixin.py:188} INFO - [2024-07-11T04:20:24.823+0000] {dagbag.py:545} INFO - Filling up the DagBag from /home/airflow/.local/lib/python3.12/site-packages/airflow/example_dags/example_latest_only.py
[2024-07-11T04:20:24.845+0000] {processor.py:840} INFO - DAG(s) 'latest_only' retrieved from /home/airflow/.local/lib/python3.12/site-packages/airflow/example_dags/example_latest_only.py
[2024-07-11T04:20:25.375+0000] {logging_mixin.py:188} INFO - [2024-07-11T04:20:25.374+0000] {dag.py:3096} INFO - Sync 1 DAGs
[2024-07-11T04:20:25.485+0000] {logging_mixin.py:188} INFO - [2024-07-11T04:20:25.485+0000] {dag.py:3954} INFO - Setting next_dagrun for latest_only to 2024-07-11 00:00:00+00:00, run_after=2024-07-11 04:00:00+00:00
[2024-07-11T04:20:25.530+0000] {processor.py:183} INFO - Processing /home/airflow/.local/lib/python3.12/site-packages/airflow/example_dags/example_latest_only.py took 0.721 seconds
[2024-07-11T04:20:55.716+0000] {processor.py:161} INFO - Started process (PID=101) to work on /home/airflow/.local/lib/python3.12/site-packages/airflow/example_dags/example_latest_only.py
[2024-07-11T04:20:55.724+0000] {processor.py:830} INFO - Processing file /home/airflow/.local/lib/python3.12/site-packages/airflow/example_dags/example_latest_only.py for tasks to queue
[2024-07-11T04:20:55.732+0000] {logging_mixin.py:188} INFO - [2024-07-11T04:20:55.731+0000] {dagbag.py:545} INFO - Filling up the DagBag from /home/airflow/.local/lib/python3.12/site-packages/airflow/example_dags/example_latest_only.py
[2024-07-11T04:20:55.744+0000] {processor.py:840} INFO - DAG(s) 'latest_only' retrieved from /home/airflow/.local/lib/python3.12/site-packages/airflow/example_dags/example_latest_only.py
[2024-07-11T04:20:55.788+0000] {logging_mixin.py:188} INFO - [2024-07-11T04:20:55.787+0000] {dag.py:3096} INFO - Sync 1 DAGs
[2024-07-11T04:20:55.819+0000] {logging_mixin.py:188} INFO - [2024-07-11T04:20:55.819+0000] {dag.py:3954} INFO - Setting next_dagrun for latest_only to 2024-07-11 00:00:00+00:00, run_after=2024-07-11 04:00:00+00:00
[2024-07-11T04:20:55.863+0000] {processor.py:183} INFO - Processing /home/airflow/.local/lib/python3.12/site-packages/airflow/example_dags/example_latest_only.py took 0.164 seconds
[2024-07-11T04:21:26.649+0000] {processor.py:161} INFO - Started process (PID=160) to work on /home/airflow/.local/lib/python3.12/site-packages/airflow/example_dags/example_latest_only.py
[2024-07-11T04:21:26.650+0000] {processor.py:830} INFO - Processing file /home/airflow/.local/lib/python3.12/site-packages/airflow/example_dags/example_latest_only.py for tasks to queue
[2024-07-11T04:21:26.651+0000] {logging_mixin.py:188} INFO - [2024-07-11T04:21:26.651+0000] {dagbag.py:545} INFO - Filling up the DagBag from /home/airflow/.local/lib/python3.12/site-packages/airflow/example_dags/example_latest_only.py
[2024-07-11T04:21:26.656+0000] {processor.py:840} INFO - DAG(s) 'latest_only' retrieved from /home/airflow/.local/lib/python3.12/site-packages/airflow/example_dags/example_latest_only.py
[2024-07-11T04:21:26.679+0000] {logging_mixin.py:188} INFO - [2024-07-11T04:21:26.679+0000] {dag.py:3096} INFO - Sync 1 DAGs
[2024-07-11T04:21:26.705+0000] {logging_mixin.py:188} INFO - [2024-07-11T04:21:26.705+0000] {dag.py:3954} INFO - Setting next_dagrun for latest_only to 2024-07-11 00:00:00+00:00, run_after=2024-07-11 04:00:00+00:00
[2024-07-11T04:21:26.731+0000] {processor.py:183} INFO - Processing /home/airflow/.local/lib/python3.12/site-packages/airflow/example_dags/example_latest_only.py took 0.088 seconds
[2024-07-11T04:21:57.255+0000] {processor.py:161} INFO - Started process (PID=219) to work on /home/airflow/.local/lib/python3.12/site-packages/airflow/example_dags/example_latest_only.py
[2024-07-11T04:21:57.256+0000] {processor.py:830} INFO - Processing file /home/airflow/.local/lib/python3.12/site-packages/airflow/example_dags/example_latest_only.py for tasks to queue
[2024-07-11T04:21:57.258+0000] {logging_mixin.py:188} INFO - [2024-07-11T04:21:57.258+0000] {dagbag.py:545} INFO - Filling up the DagBag from /home/airflow/.local/lib/python3.12/site-packages/airflow/example_dags/example_latest_only.py
[2024-07-11T04:21:57.263+0000] {processor.py:840} INFO - DAG(s) 'latest_only' retrieved from /home/airflow/.local/lib/python3.12/site-packages/airflow/example_dags/example_latest_only.py
[2024-07-11T04:21:57.284+0000] {logging_mixin.py:188} INFO - [2024-07-11T04:21:57.284+0000] {dag.py:3096} INFO - Sync 1 DAGs
[2024-07-11T04:21:57.311+0000] {logging_mixin.py:188} INFO - [2024-07-11T04:21:57.311+0000] {dag.py:3954} INFO - Setting next_dagrun for latest_only to 2024-07-11 00:00:00+00:00, run_after=2024-07-11 04:00:00+00:00
[2024-07-11T04:21:57.337+0000] {processor.py:183} INFO - Processing /home/airflow/.local/lib/python3.12/site-packages/airflow/example_dags/example_latest_only.py took 0.088 seconds
[2024-07-11T04:22:28.286+0000] {processor.py:161} INFO - Started process (PID=277) to work on /home/airflow/.local/lib/python3.12/site-packages/airflow/example_dags/example_latest_only.py
[2024-07-11T04:22:28.287+0000] {processor.py:830} INFO - Processing file /home/airflow/.local/lib/python3.12/site-packages/airflow/example_dags/example_latest_only.py for tasks to queue
[2024-07-11T04:22:28.289+0000] {logging_mixin.py:188} INFO - [2024-07-11T04:22:28.289+0000] {dagbag.py:545} INFO - Filling up the DagBag from /home/airflow/.local/lib/python3.12/site-packages/airflow/example_dags/example_latest_only.py
[2024-07-11T04:22:28.294+0000] {processor.py:840} INFO - DAG(s) 'latest_only' retrieved from /home/airflow/.local/lib/python3.12/site-packages/airflow/example_dags/example_latest_only.py
[2024-07-11T04:22:28.315+0000] {logging_mixin.py:188} INFO - [2024-07-11T04:22:28.315+0000] {dag.py:3096} INFO - Sync 1 DAGs
[2024-07-11T04:22:28.341+0000] {logging_mixin.py:188} INFO - [2024-07-11T04:22:28.340+0000] {dag.py:3954} INFO - Setting next_dagrun for latest_only to 2024-07-11 00:00:00+00:00, run_after=2024-07-11 04:00:00+00:00
[2024-07-11T04:22:28.375+0000] {processor.py:183} INFO - Processing /home/airflow/.local/lib/python3.12/site-packages/airflow/example_dags/example_latest_only.py took 0.096 seconds
[2024-07-11T04:22:59.725+0000] {processor.py:161} INFO - Started process (PID=341) to work on /home/airflow/.local/lib/python3.12/site-packages/airflow/example_dags/example_latest_only.py
[2024-07-11T04:22:59.734+0000] {processor.py:830} INFO - Processing file /home/airflow/.local/lib/python3.12/site-packages/airflow/example_dags/example_latest_only.py for tasks to queue
[2024-07-11T04:22:59.738+0000] {logging_mixin.py:188} INFO - [2024-07-11T04:22:59.738+0000] {dagbag.py:545} INFO - Filling up the DagBag from /home/airflow/.local/lib/python3.12/site-packages/airflow/example_dags/example_latest_only.py
[2024-07-11T04:22:59.751+0000] {processor.py:840} INFO - DAG(s) 'latest_only' retrieved from /home/airflow/.local/lib/python3.12/site-packages/airflow/example_dags/example_latest_only.py
[2024-07-11T04:22:59.834+0000] {logging_mixin.py:188} INFO - [2024-07-11T04:22:59.834+0000] {dag.py:3096} INFO - Sync 1 DAGs
[2024-07-11T04:22:59.905+0000] {logging_mixin.py:188} INFO - [2024-07-11T04:22:59.905+0000] {dag.py:3954} INFO - Setting next_dagrun for latest_only to 2024-07-11 00:00:00+00:00, run_after=2024-07-11 04:00:00+00:00
[2024-07-11T04:22:59.973+0000] {processor.py:183} INFO - Processing /home/airflow/.local/lib/python3.12/site-packages/airflow/example_dags/example_latest_only.py took 0.267 seconds
[2024-07-11T04:23:30.223+0000] {processor.py:161} INFO - Started process (PID=398) to work on /home/airflow/.local/lib/python3.12/site-packages/airflow/example_dags/example_latest_only.py
[2024-07-11T04:23:30.224+0000] {processor.py:830} INFO - Processing file /home/airflow/.local/lib/python3.12/site-packages/airflow/example_dags/example_latest_only.py for tasks to queue
[2024-07-11T04:23:30.226+0000] {logging_mixin.py:188} INFO - [2024-07-11T04:23:30.225+0000] {dagbag.py:545} INFO - Filling up the DagBag from /home/airflow/.local/lib/python3.12/site-packages/airflow/example_dags/example_latest_only.py
[2024-07-11T04:23:30.232+0000] {processor.py:840} INFO - DAG(s) 'latest_only' retrieved from /home/airflow/.local/lib/python3.12/site-packages/airflow/example_dags/example_latest_only.py
[2024-07-11T04:23:30.257+0000] {logging_mixin.py:188} INFO - [2024-07-11T04:23:30.257+0000] {dag.py:3096} INFO - Sync 1 DAGs
[2024-07-11T04:23:30.281+0000] {logging_mixin.py:188} INFO - [2024-07-11T04:23:30.280+0000] {dag.py:3954} INFO - Setting next_dagrun for latest_only to 2024-07-11 00:00:00+00:00, run_after=2024-07-11 04:00:00+00:00
[2024-07-11T04:23:30.315+0000] {processor.py:183} INFO - Processing /home/airflow/.local/lib/python3.12/site-packages/airflow/example_dags/example_latest_only.py took 0.110 seconds
[2024-07-11T04:24:00.786+0000] {processor.py:161} INFO - Started process (PID=456) to work on /home/airflow/.local/lib/python3.12/site-packages/airflow/example_dags/example_latest_only.py
[2024-07-11T04:24:00.787+0000] {processor.py:830} INFO - Processing file /home/airflow/.local/lib/python3.12/site-packages/airflow/example_dags/example_latest_only.py for tasks to queue
[2024-07-11T04:24:00.789+0000] {logging_mixin.py:188} INFO - [2024-07-11T04:24:00.789+0000] {dagbag.py:545} INFO - Filling up the DagBag from /home/airflow/.local/lib/python3.12/site-packages/airflow/example_dags/example_latest_only.py
[2024-07-11T04:24:00.794+0000] {processor.py:840} INFO - DAG(s) 'latest_only' retrieved from /home/airflow/.local/lib/python3.12/site-packages/airflow/example_dags/example_latest_only.py
[2024-07-11T04:24:00.817+0000] {logging_mixin.py:188} INFO - [2024-07-11T04:24:00.817+0000] {dag.py:3096} INFO - Sync 1 DAGs
[2024-07-11T04:24:00.849+0000] {logging_mixin.py:188} INFO - [2024-07-11T04:24:00.848+0000] {dag.py:3954} INFO - Setting next_dagrun for latest_only to 2024-07-11 00:00:00+00:00, run_after=2024-07-11 04:00:00+00:00
[2024-07-11T04:24:00.888+0000] {processor.py:183} INFO - Processing /home/airflow/.local/lib/python3.12/site-packages/airflow/example_dags/example_latest_only.py took 0.109 seconds
[2024-07-11T04:24:31.133+0000] {processor.py:161} INFO - Started process (PID=515) to work on /home/airflow/.local/lib/python3.12/site-packages/airflow/example_dags/example_latest_only.py
[2024-07-11T04:24:31.134+0000] {processor.py:830} INFO - Processing file /home/airflow/.local/lib/python3.12/site-packages/airflow/example_dags/example_latest_only.py for tasks to queue
[2024-07-11T04:24:31.135+0000] {logging_mixin.py:188} INFO - [2024-07-11T04:24:31.135+0000] {dagbag.py:545} INFO - Filling up the DagBag from /home/airflow/.local/lib/python3.12/site-packages/airflow/example_dags/example_latest_only.py
[2024-07-11T04:24:31.140+0000] {processor.py:840} INFO - DAG(s) 'latest_only' retrieved from /home/airflow/.local/lib/python3.12/site-packages/airflow/example_dags/example_latest_only.py
[2024-07-11T04:24:31.164+0000] {logging_mixin.py:188} INFO - [2024-07-11T04:24:31.163+0000] {dag.py:3096} INFO - Sync 1 DAGs
[2024-07-11T04:24:31.190+0000] {logging_mixin.py:188} INFO - [2024-07-11T04:24:31.189+0000] {dag.py:3954} INFO - Setting next_dagrun for latest_only to 2024-07-11 00:00:00+00:00, run_after=2024-07-11 04:00:00+00:00
[2024-07-11T04:24:31.214+0000] {processor.py:183} INFO - Processing /home/airflow/.local/lib/python3.12/site-packages/airflow/example_dags/example_latest_only.py took 0.088 seconds
[2024-07-11T04:25:01.258+0000] {processor.py:161} INFO - Started process (PID=573) to work on /home/airflow/.local/lib/python3.12/site-packages/airflow/example_dags/example_latest_only.py
[2024-07-11T04:25:01.259+0000] {processor.py:830} INFO - Processing file /home/airflow/.local/lib/python3.12/site-packages/airflow/example_dags/example_latest_only.py for tasks to queue
[2024-07-11T04:25:01.266+0000] {logging_mixin.py:188} INFO - [2024-07-11T04:25:01.265+0000] {dagbag.py:545} INFO - Filling up the DagBag from /home/airflow/.local/lib/python3.12/site-packages/airflow/example_dags/example_latest_only.py
[2024-07-11T04:25:01.271+0000] {processor.py:840} INFO - DAG(s) 'latest_only' retrieved from /home/airflow/.local/lib/python3.12/site-packages/airflow/example_dags/example_latest_only.py
[2024-07-11T04:25:01.320+0000] {logging_mixin.py:188} INFO - [2024-07-11T04:25:01.320+0000] {dag.py:3096} INFO - Sync 1 DAGs
[2024-07-11T04:25:01.350+0000] {logging_mixin.py:188} INFO - [2024-07-11T04:25:01.349+0000] {dag.py:3954} INFO - Setting next_dagrun for latest_only to 2024-07-11 00:00:00+00:00, run_after=2024-07-11 04:00:00+00:00
[2024-07-11T04:25:01.377+0000] {processor.py:183} INFO - Processing /home/airflow/.local/lib/python3.12/site-packages/airflow/example_dags/example_latest_only.py took 0.135 seconds
[2024-07-11T04:25:31.829+0000] {processor.py:161} INFO - Started process (PID=632) to work on /home/airflow/.local/lib/python3.12/site-packages/airflow/example_dags/example_latest_only.py
[2024-07-11T04:25:31.830+0000] {processor.py:830} INFO - Processing file /home/airflow/.local/lib/python3.12/site-packages/airflow/example_dags/example_latest_only.py for tasks to queue
[2024-07-11T04:25:31.831+0000] {logging_mixin.py:188} INFO - [2024-07-11T04:25:31.831+0000] {dagbag.py:545} INFO - Filling up the DagBag from /home/airflow/.local/lib/python3.12/site-packages/airflow/example_dags/example_latest_only.py
[2024-07-11T04:25:31.836+0000] {processor.py:840} INFO - DAG(s) 'latest_only' retrieved from /home/airflow/.local/lib/python3.12/site-packages/airflow/example_dags/example_latest_only.py
[2024-07-11T04:25:31.860+0000] {logging_mixin.py:188} INFO - [2024-07-11T04:25:31.860+0000] {dag.py:3096} INFO - Sync 1 DAGs
[2024-07-11T04:25:31.887+0000] {logging_mixin.py:188} INFO - [2024-07-11T04:25:31.887+0000] {dag.py:3954} INFO - Setting next_dagrun for latest_only to 2024-07-11 00:00:00+00:00, run_after=2024-07-11 04:00:00+00:00
[2024-07-11T04:25:31.919+0000] {processor.py:183} INFO - Processing /home/airflow/.local/lib/python3.12/site-packages/airflow/example_dags/example_latest_only.py took 0.097 seconds
[2024-07-11T04:26:02.314+0000] {processor.py:161} INFO - Started process (PID=691) to work on /home/airflow/.local/lib/python3.12/site-packages/airflow/example_dags/example_latest_only.py
[2024-07-11T04:26:02.319+0000] {processor.py:830} INFO - Processing file /home/airflow/.local/lib/python3.12/site-packages/airflow/example_dags/example_latest_only.py for tasks to queue
[2024-07-11T04:26:02.321+0000] {logging_mixin.py:188} INFO - [2024-07-11T04:26:02.320+0000] {dagbag.py:545} INFO - Filling up the DagBag from /home/airflow/.local/lib/python3.12/site-packages/airflow/example_dags/example_latest_only.py
[2024-07-11T04:26:02.326+0000] {processor.py:840} INFO - DAG(s) 'latest_only' retrieved from /home/airflow/.local/lib/python3.12/site-packages/airflow/example_dags/example_latest_only.py
[2024-07-11T04:26:02.400+0000] {logging_mixin.py:188} INFO - [2024-07-11T04:26:02.399+0000] {dag.py:3096} INFO - Sync 1 DAGs
[2024-07-11T04:26:02.446+0000] {logging_mixin.py:188} INFO - [2024-07-11T04:26:02.446+0000] {dag.py:3954} INFO - Setting next_dagrun for latest_only to 2024-07-11 00:00:00+00:00, run_after=2024-07-11 04:00:00+00:00
[2024-07-11T04:26:02.471+0000] {processor.py:183} INFO - Processing /home/airflow/.local/lib/python3.12/site-packages/airflow/example_dags/example_latest_only.py took 0.172 seconds
[2024-07-11T04:26:32.894+0000] {processor.py:161} INFO - Started process (PID=750) to work on /home/airflow/.local/lib/python3.12/site-packages/airflow/example_dags/example_latest_only.py
[2024-07-11T04:26:32.895+0000] {processor.py:830} INFO - Processing file /home/airflow/.local/lib/python3.12/site-packages/airflow/example_dags/example_latest_only.py for tasks to queue
[2024-07-11T04:26:32.897+0000] {logging_mixin.py:188} INFO - [2024-07-11T04:26:32.896+0000] {dagbag.py:545} INFO - Filling up the DagBag from /home/airflow/.local/lib/python3.12/site-packages/airflow/example_dags/example_latest_only.py
[2024-07-11T04:26:32.902+0000] {processor.py:840} INFO - DAG(s) 'latest_only' retrieved from /home/airflow/.local/lib/python3.12/site-packages/airflow/example_dags/example_latest_only.py
[2024-07-11T04:26:32.924+0000] {logging_mixin.py:188} INFO - [2024-07-11T04:26:32.924+0000] {dag.py:3096} INFO - Sync 1 DAGs
[2024-07-11T04:26:32.950+0000] {logging_mixin.py:188} INFO - [2024-07-11T04:26:32.950+0000] {dag.py:3954} INFO - Setting next_dagrun for latest_only to 2024-07-11 00:00:00+00:00, run_after=2024-07-11 04:00:00+00:00
[2024-07-11T04:26:32.984+0000] {processor.py:183} INFO - Processing /home/airflow/.local/lib/python3.12/site-packages/airflow/example_dags/example_latest_only.py took 0.096 seconds
[2024-07-11T04:27:03.580+0000] {processor.py:161} INFO - Started process (PID=808) to work on /home/airflow/.local/lib/python3.12/site-packages/airflow/example_dags/example_latest_only.py
[2024-07-11T04:27:03.585+0000] {processor.py:830} INFO - Processing file /home/airflow/.local/lib/python3.12/site-packages/airflow/example_dags/example_latest_only.py for tasks to queue
[2024-07-11T04:27:03.587+0000] {logging_mixin.py:188} INFO - [2024-07-11T04:27:03.587+0000] {dagbag.py:545} INFO - Filling up the DagBag from /home/airflow/.local/lib/python3.12/site-packages/airflow/example_dags/example_latest_only.py
[2024-07-11T04:27:03.593+0000] {processor.py:840} INFO - DAG(s) 'latest_only' retrieved from /home/airflow/.local/lib/python3.12/site-packages/airflow/example_dags/example_latest_only.py
[2024-07-11T04:27:03.641+0000] {logging_mixin.py:188} INFO - [2024-07-11T04:27:03.641+0000] {dag.py:3096} INFO - Sync 1 DAGs
[2024-07-11T04:27:03.698+0000] {logging_mixin.py:188} INFO - [2024-07-11T04:27:03.698+0000] {dag.py:3954} INFO - Setting next_dagrun for latest_only to 2024-07-11 00:00:00+00:00, run_after=2024-07-11 04:00:00+00:00
[2024-07-11T04:27:03.756+0000] {processor.py:183} INFO - Processing /home/airflow/.local/lib/python3.12/site-packages/airflow/example_dags/example_latest_only.py took 0.191 seconds
[2024-07-11T04:27:34.452+0000] {processor.py:161} INFO - Started process (PID=867) to work on /home/airflow/.local/lib/python3.12/site-packages/airflow/example_dags/example_latest_only.py
[2024-07-11T04:27:34.453+0000] {processor.py:830} INFO - Processing file /home/airflow/.local/lib/python3.12/site-packages/airflow/example_dags/example_latest_only.py for tasks to queue
[2024-07-11T04:27:34.467+0000] {logging_mixin.py:188} INFO - [2024-07-11T04:27:34.467+0000] {dagbag.py:545} INFO - Filling up the DagBag from /home/airflow/.local/lib/python3.12/site-packages/airflow/example_dags/example_latest_only.py
[2024-07-11T04:27:34.492+0000] {processor.py:840} INFO - DAG(s) 'latest_only' retrieved from /home/airflow/.local/lib/python3.12/site-packages/airflow/example_dags/example_latest_only.py
[2024-07-11T04:27:34.568+0000] {logging_mixin.py:188} INFO - [2024-07-11T04:27:34.567+0000] {dag.py:3096} INFO - Sync 1 DAGs
[2024-07-11T04:27:34.676+0000] {logging_mixin.py:188} INFO - [2024-07-11T04:27:34.676+0000] {dag.py:3954} INFO - Setting next_dagrun for latest_only to 2024-07-11 00:00:00+00:00, run_after=2024-07-11 04:00:00+00:00
[2024-07-11T04:27:34.758+0000] {processor.py:183} INFO - Processing /home/airflow/.local/lib/python3.12/site-packages/airflow/example_dags/example_latest_only.py took 0.330 seconds
[2024-07-11T04:28:05.561+0000] {processor.py:161} INFO - Started process (PID=926) to work on /home/airflow/.local/lib/python3.12/site-packages/airflow/example_dags/example_latest_only.py
[2024-07-11T04:28:05.562+0000] {processor.py:830} INFO - Processing file /home/airflow/.local/lib/python3.12/site-packages/airflow/example_dags/example_latest_only.py for tasks to queue
[2024-07-11T04:28:05.565+0000] {logging_mixin.py:188} INFO - [2024-07-11T04:28:05.565+0000] {dagbag.py:545} INFO - Filling up the DagBag from /home/airflow/.local/lib/python3.12/site-packages/airflow/example_dags/example_latest_only.py
[2024-07-11T04:28:05.570+0000] {processor.py:840} INFO - DAG(s) 'latest_only' retrieved from /home/airflow/.local/lib/python3.12/site-packages/airflow/example_dags/example_latest_only.py
[2024-07-11T04:28:05.591+0000] {logging_mixin.py:188} INFO - [2024-07-11T04:28:05.591+0000] {dag.py:3096} INFO - Sync 1 DAGs
[2024-07-11T04:28:05.617+0000] {logging_mixin.py:188} INFO - [2024-07-11T04:28:05.617+0000] {dag.py:3954} INFO - Setting next_dagrun for latest_only to 2024-07-11 00:00:00+00:00, run_after=2024-07-11 04:00:00+00:00
[2024-07-11T04:28:05.646+0000] {processor.py:183} INFO - Processing /home/airflow/.local/lib/python3.12/site-packages/airflow/example_dags/example_latest_only.py took 0.091 seconds
[2024-07-11T04:28:35.886+0000] {processor.py:161} INFO - Started process (PID=984) to work on /home/airflow/.local/lib/python3.12/site-packages/airflow/example_dags/example_latest_only.py
[2024-07-11T04:28:35.887+0000] {processor.py:830} INFO - Processing file /home/airflow/.local/lib/python3.12/site-packages/airflow/example_dags/example_latest_only.py for tasks to queue
[2024-07-11T04:28:35.889+0000] {logging_mixin.py:188} INFO - [2024-07-11T04:28:35.889+0000] {dagbag.py:545} INFO - Filling up the DagBag from /home/airflow/.local/lib/python3.12/site-packages/airflow/example_dags/example_latest_only.py
[2024-07-11T04:28:35.895+0000] {processor.py:840} INFO - DAG(s) 'latest_only' retrieved from /home/airflow/.local/lib/python3.12/site-packages/airflow/example_dags/example_latest_only.py
[2024-07-11T04:28:35.915+0000] {logging_mixin.py:188} INFO - [2024-07-11T04:28:35.915+0000] {dag.py:3096} INFO - Sync 1 DAGs
[2024-07-11T04:28:35.940+0000] {logging_mixin.py:188} INFO - [2024-07-11T04:28:35.940+0000] {dag.py:3954} INFO - Setting next_dagrun for latest_only to 2024-07-11 00:00:00+00:00, run_after=2024-07-11 04:00:00+00:00
[2024-07-11T04:28:35.966+0000] {processor.py:183} INFO - Processing /home/airflow/.local/lib/python3.12/site-packages/airflow/example_dags/example_latest_only.py took 0.086 seconds
[2024-07-11T04:29:06.494+0000] {processor.py:161} INFO - Started process (PID=1042) to work on /home/airflow/.local/lib/python3.12/site-packages/airflow/example_dags/example_latest_only.py
[2024-07-11T04:29:06.495+0000] {processor.py:830} INFO - Processing file /home/airflow/.local/lib/python3.12/site-packages/airflow/example_dags/example_latest_only.py for tasks to queue
[2024-07-11T04:29:06.497+0000] {logging_mixin.py:188} INFO - [2024-07-11T04:29:06.496+0000] {dagbag.py:545} INFO - Filling up the DagBag from /home/airflow/.local/lib/python3.12/site-packages/airflow/example_dags/example_latest_only.py
[2024-07-11T04:29:06.501+0000] {processor.py:840} INFO - DAG(s) 'latest_only' retrieved from /home/airflow/.local/lib/python3.12/site-packages/airflow/example_dags/example_latest_only.py
[2024-07-11T04:29:06.521+0000] {logging_mixin.py:188} INFO - [2024-07-11T04:29:06.521+0000] {dag.py:3096} INFO - Sync 1 DAGs
[2024-07-11T04:29:06.545+0000] {logging_mixin.py:188} INFO - [2024-07-11T04:29:06.544+0000] {dag.py:3954} INFO - Setting next_dagrun for latest_only to 2024-07-11 00:00:00+00:00, run_after=2024-07-11 04:00:00+00:00
[2024-07-11T04:29:06.570+0000] {processor.py:183} INFO - Processing /home/airflow/.local/lib/python3.12/site-packages/airflow/example_dags/example_latest_only.py took 0.082 seconds
