[2024-07-11T04:20:31.607+0000] {processor.py:161} INFO - Started process (PID=66) to work on /home/airflow/.local/lib/python3.12/site-packages/airflow/example_dags/example_branch_python_dop_operator_3.py
[2024-07-11T04:20:31.608+0000] {processor.py:830} INFO - Processing file /home/airflow/.local/lib/python3.12/site-packages/airflow/example_dags/example_branch_python_dop_operator_3.py for tasks to queue
[2024-07-11T04:20:31.610+0000] {logging_mixin.py:188} INFO - [2024-07-11T04:20:31.609+0000] {dagbag.py:545} INFO - Filling up the DagBag from /home/airflow/.local/lib/python3.12/site-packages/airflow/example_dags/example_branch_python_dop_operator_3.py
[2024-07-11T04:20:31.621+0000] {processor.py:840} INFO - DAG(s) 'example_branch_dop_operator_v3' retrieved from /home/airflow/.local/lib/python3.12/site-packages/airflow/example_dags/example_branch_python_dop_operator_3.py
[2024-07-11T04:20:31.908+0000] {logging_mixin.py:188} INFO - [2024-07-11T04:20:31.908+0000] {dag.py:3096} INFO - Sync 1 DAGs
[2024-07-11T04:20:31.958+0000] {logging_mixin.py:188} INFO - [2024-07-11T04:20:31.958+0000] {dag.py:3954} INFO - Setting next_dagrun for example_branch_dop_operator_v3 to 2024-07-11 04:19:00+00:00, run_after=2024-07-11 04:20:00+00:00
[2024-07-11T04:20:31.990+0000] {processor.py:183} INFO - Processing /home/airflow/.local/lib/python3.12/site-packages/airflow/example_dags/example_branch_python_dop_operator_3.py took 0.391 seconds
[2024-07-11T04:21:02.784+0000] {processor.py:161} INFO - Started process (PID=125) to work on /home/airflow/.local/lib/python3.12/site-packages/airflow/example_dags/example_branch_python_dop_operator_3.py
[2024-07-11T04:21:02.785+0000] {processor.py:830} INFO - Processing file /home/airflow/.local/lib/python3.12/site-packages/airflow/example_dags/example_branch_python_dop_operator_3.py for tasks to queue
[2024-07-11T04:21:02.787+0000] {logging_mixin.py:188} INFO - [2024-07-11T04:21:02.787+0000] {dagbag.py:545} INFO - Filling up the DagBag from /home/airflow/.local/lib/python3.12/site-packages/airflow/example_dags/example_branch_python_dop_operator_3.py
[2024-07-11T04:21:02.801+0000] {processor.py:840} INFO - DAG(s) 'example_branch_dop_operator_v3' retrieved from /home/airflow/.local/lib/python3.12/site-packages/airflow/example_dags/example_branch_python_dop_operator_3.py
[2024-07-11T04:21:02.838+0000] {logging_mixin.py:188} INFO - [2024-07-11T04:21:02.838+0000] {dag.py:3096} INFO - Sync 1 DAGs
[2024-07-11T04:21:02.875+0000] {logging_mixin.py:188} INFO - [2024-07-11T04:21:02.875+0000] {dag.py:3954} INFO - Setting next_dagrun for example_branch_dop_operator_v3 to 2024-07-11 04:20:00+00:00, run_after=2024-07-11 04:21:00+00:00
[2024-07-11T04:21:02.902+0000] {processor.py:183} INFO - Processing /home/airflow/.local/lib/python3.12/site-packages/airflow/example_dags/example_branch_python_dop_operator_3.py took 0.125 seconds
[2024-07-11T04:21:33.614+0000] {processor.py:161} INFO - Started process (PID=184) to work on /home/airflow/.local/lib/python3.12/site-packages/airflow/example_dags/example_branch_python_dop_operator_3.py
[2024-07-11T04:21:33.615+0000] {processor.py:830} INFO - Processing file /home/airflow/.local/lib/python3.12/site-packages/airflow/example_dags/example_branch_python_dop_operator_3.py for tasks to queue
[2024-07-11T04:21:33.617+0000] {logging_mixin.py:188} INFO - [2024-07-11T04:21:33.617+0000] {dagbag.py:545} INFO - Filling up the DagBag from /home/airflow/.local/lib/python3.12/site-packages/airflow/example_dags/example_branch_python_dop_operator_3.py
[2024-07-11T04:21:33.627+0000] {processor.py:840} INFO - DAG(s) 'example_branch_dop_operator_v3' retrieved from /home/airflow/.local/lib/python3.12/site-packages/airflow/example_dags/example_branch_python_dop_operator_3.py
[2024-07-11T04:21:33.652+0000] {logging_mixin.py:188} INFO - [2024-07-11T04:21:33.651+0000] {dag.py:3096} INFO - Sync 1 DAGs
[2024-07-11T04:21:33.682+0000] {logging_mixin.py:188} INFO - [2024-07-11T04:21:33.681+0000] {dag.py:3954} INFO - Setting next_dagrun for example_branch_dop_operator_v3 to 2024-07-11 04:20:00+00:00, run_after=2024-07-11 04:21:00+00:00
[2024-07-11T04:21:33.710+0000] {processor.py:183} INFO - Processing /home/airflow/.local/lib/python3.12/site-packages/airflow/example_dags/example_branch_python_dop_operator_3.py took 0.102 seconds
[2024-07-11T04:22:04.487+0000] {processor.py:161} INFO - Started process (PID=242) to work on /home/airflow/.local/lib/python3.12/site-packages/airflow/example_dags/example_branch_python_dop_operator_3.py
[2024-07-11T04:22:04.488+0000] {processor.py:830} INFO - Processing file /home/airflow/.local/lib/python3.12/site-packages/airflow/example_dags/example_branch_python_dop_operator_3.py for tasks to queue
[2024-07-11T04:22:04.490+0000] {logging_mixin.py:188} INFO - [2024-07-11T04:22:04.489+0000] {dagbag.py:545} INFO - Filling up the DagBag from /home/airflow/.local/lib/python3.12/site-packages/airflow/example_dags/example_branch_python_dop_operator_3.py
[2024-07-11T04:22:04.500+0000] {processor.py:840} INFO - DAG(s) 'example_branch_dop_operator_v3' retrieved from /home/airflow/.local/lib/python3.12/site-packages/airflow/example_dags/example_branch_python_dop_operator_3.py
[2024-07-11T04:22:04.522+0000] {logging_mixin.py:188} INFO - [2024-07-11T04:22:04.521+0000] {dag.py:3096} INFO - Sync 1 DAGs
[2024-07-11T04:22:04.572+0000] {logging_mixin.py:188} INFO - [2024-07-11T04:22:04.572+0000] {dag.py:3954} INFO - Setting next_dagrun for example_branch_dop_operator_v3 to 2024-07-11 04:21:00+00:00, run_after=2024-07-11 04:22:00+00:00
[2024-07-11T04:22:04.608+0000] {processor.py:183} INFO - Processing /home/airflow/.local/lib/python3.12/site-packages/airflow/example_dags/example_branch_python_dop_operator_3.py took 0.126 seconds
[2024-07-11T04:22:35.355+0000] {processor.py:161} INFO - Started process (PID=300) to work on /home/airflow/.local/lib/python3.12/site-packages/airflow/example_dags/example_branch_python_dop_operator_3.py
[2024-07-11T04:22:35.355+0000] {processor.py:830} INFO - Processing file /home/airflow/.local/lib/python3.12/site-packages/airflow/example_dags/example_branch_python_dop_operator_3.py for tasks to queue
[2024-07-11T04:22:35.357+0000] {logging_mixin.py:188} INFO - [2024-07-11T04:22:35.357+0000] {dagbag.py:545} INFO - Filling up the DagBag from /home/airflow/.local/lib/python3.12/site-packages/airflow/example_dags/example_branch_python_dop_operator_3.py
[2024-07-11T04:22:35.368+0000] {processor.py:840} INFO - DAG(s) 'example_branch_dop_operator_v3' retrieved from /home/airflow/.local/lib/python3.12/site-packages/airflow/example_dags/example_branch_python_dop_operator_3.py
[2024-07-11T04:22:35.396+0000] {logging_mixin.py:188} INFO - [2024-07-11T04:22:35.396+0000] {dag.py:3096} INFO - Sync 1 DAGs
[2024-07-11T04:22:35.434+0000] {logging_mixin.py:188} INFO - [2024-07-11T04:22:35.434+0000] {dag.py:3954} INFO - Setting next_dagrun for example_branch_dop_operator_v3 to 2024-07-11 04:21:00+00:00, run_after=2024-07-11 04:22:00+00:00
[2024-07-11T04:22:35.462+0000] {processor.py:183} INFO - Processing /home/airflow/.local/lib/python3.12/site-packages/airflow/example_dags/example_branch_python_dop_operator_3.py took 0.114 seconds
[2024-07-11T04:23:05.896+0000] {processor.py:161} INFO - Started process (PID=358) to work on /home/airflow/.local/lib/python3.12/site-packages/airflow/example_dags/example_branch_python_dop_operator_3.py
[2024-07-11T04:23:05.897+0000] {processor.py:830} INFO - Processing file /home/airflow/.local/lib/python3.12/site-packages/airflow/example_dags/example_branch_python_dop_operator_3.py for tasks to queue
[2024-07-11T04:23:05.899+0000] {logging_mixin.py:188} INFO - [2024-07-11T04:23:05.898+0000] {dagbag.py:545} INFO - Filling up the DagBag from /home/airflow/.local/lib/python3.12/site-packages/airflow/example_dags/example_branch_python_dop_operator_3.py
[2024-07-11T04:23:05.924+0000] {processor.py:840} INFO - DAG(s) 'example_branch_dop_operator_v3' retrieved from /home/airflow/.local/lib/python3.12/site-packages/airflow/example_dags/example_branch_python_dop_operator_3.py
[2024-07-11T04:23:05.974+0000] {logging_mixin.py:188} INFO - [2024-07-11T04:23:05.974+0000] {dag.py:3096} INFO - Sync 1 DAGs
[2024-07-11T04:23:06.035+0000] {logging_mixin.py:188} INFO - [2024-07-11T04:23:06.032+0000] {dag.py:3954} INFO - Setting next_dagrun for example_branch_dop_operator_v3 to 2024-07-11 04:22:00+00:00, run_after=2024-07-11 04:23:00+00:00
[2024-07-11T04:23:06.080+0000] {processor.py:183} INFO - Processing /home/airflow/.local/lib/python3.12/site-packages/airflow/example_dags/example_branch_python_dop_operator_3.py took 0.199 seconds
[2024-07-11T04:23:36.693+0000] {processor.py:161} INFO - Started process (PID=415) to work on /home/airflow/.local/lib/python3.12/site-packages/airflow/example_dags/example_branch_python_dop_operator_3.py
[2024-07-11T04:23:36.694+0000] {processor.py:830} INFO - Processing file /home/airflow/.local/lib/python3.12/site-packages/airflow/example_dags/example_branch_python_dop_operator_3.py for tasks to queue
[2024-07-11T04:23:36.696+0000] {logging_mixin.py:188} INFO - [2024-07-11T04:23:36.696+0000] {dagbag.py:545} INFO - Filling up the DagBag from /home/airflow/.local/lib/python3.12/site-packages/airflow/example_dags/example_branch_python_dop_operator_3.py
[2024-07-11T04:23:36.723+0000] {processor.py:840} INFO - DAG(s) 'example_branch_dop_operator_v3' retrieved from /home/airflow/.local/lib/python3.12/site-packages/airflow/example_dags/example_branch_python_dop_operator_3.py
[2024-07-11T04:23:36.790+0000] {logging_mixin.py:188} INFO - [2024-07-11T04:23:36.790+0000] {dag.py:3096} INFO - Sync 1 DAGs
[2024-07-11T04:23:36.890+0000] {logging_mixin.py:188} INFO - [2024-07-11T04:23:36.889+0000] {dag.py:3954} INFO - Setting next_dagrun for example_branch_dop_operator_v3 to 2024-07-11 04:22:00+00:00, run_after=2024-07-11 04:23:00+00:00
[2024-07-11T04:23:36.964+0000] {processor.py:183} INFO - Processing /home/airflow/.local/lib/python3.12/site-packages/airflow/example_dags/example_branch_python_dop_operator_3.py took 0.302 seconds
[2024-07-11T04:24:07.895+0000] {processor.py:161} INFO - Started process (PID=473) to work on /home/airflow/.local/lib/python3.12/site-packages/airflow/example_dags/example_branch_python_dop_operator_3.py
[2024-07-11T04:24:07.896+0000] {processor.py:830} INFO - Processing file /home/airflow/.local/lib/python3.12/site-packages/airflow/example_dags/example_branch_python_dop_operator_3.py for tasks to queue
[2024-07-11T04:24:07.898+0000] {logging_mixin.py:188} INFO - [2024-07-11T04:24:07.898+0000] {dagbag.py:545} INFO - Filling up the DagBag from /home/airflow/.local/lib/python3.12/site-packages/airflow/example_dags/example_branch_python_dop_operator_3.py
[2024-07-11T04:24:07.922+0000] {processor.py:840} INFO - DAG(s) 'example_branch_dop_operator_v3' retrieved from /home/airflow/.local/lib/python3.12/site-packages/airflow/example_dags/example_branch_python_dop_operator_3.py
[2024-07-11T04:24:07.961+0000] {logging_mixin.py:188} INFO - [2024-07-11T04:24:07.961+0000] {dag.py:3096} INFO - Sync 1 DAGs
[2024-07-11T04:24:08.024+0000] {logging_mixin.py:188} INFO - [2024-07-11T04:24:08.024+0000] {dag.py:3954} INFO - Setting next_dagrun for example_branch_dop_operator_v3 to 2024-07-11 04:23:00+00:00, run_after=2024-07-11 04:24:00+00:00
[2024-07-11T04:24:08.077+0000] {processor.py:183} INFO - Processing /home/airflow/.local/lib/python3.12/site-packages/airflow/example_dags/example_branch_python_dop_operator_3.py took 0.205 seconds
[2024-07-11T04:24:38.195+0000] {processor.py:161} INFO - Started process (PID=531) to work on /home/airflow/.local/lib/python3.12/site-packages/airflow/example_dags/example_branch_python_dop_operator_3.py
[2024-07-11T04:24:38.196+0000] {processor.py:830} INFO - Processing file /home/airflow/.local/lib/python3.12/site-packages/airflow/example_dags/example_branch_python_dop_operator_3.py for tasks to queue
[2024-07-11T04:24:38.197+0000] {logging_mixin.py:188} INFO - [2024-07-11T04:24:38.197+0000] {dagbag.py:545} INFO - Filling up the DagBag from /home/airflow/.local/lib/python3.12/site-packages/airflow/example_dags/example_branch_python_dop_operator_3.py
[2024-07-11T04:24:38.205+0000] {processor.py:840} INFO - DAG(s) 'example_branch_dop_operator_v3' retrieved from /home/airflow/.local/lib/python3.12/site-packages/airflow/example_dags/example_branch_python_dop_operator_3.py
[2024-07-11T04:24:38.225+0000] {logging_mixin.py:188} INFO - [2024-07-11T04:24:38.225+0000] {dag.py:3096} INFO - Sync 1 DAGs
[2024-07-11T04:24:38.248+0000] {logging_mixin.py:188} INFO - [2024-07-11T04:24:38.248+0000] {dag.py:3954} INFO - Setting next_dagrun for example_branch_dop_operator_v3 to 2024-07-11 04:23:00+00:00, run_after=2024-07-11 04:24:00+00:00
[2024-07-11T04:24:38.271+0000] {processor.py:183} INFO - Processing /home/airflow/.local/lib/python3.12/site-packages/airflow/example_dags/example_branch_python_dop_operator_3.py took 0.081 seconds
[2024-07-11T04:25:08.333+0000] {processor.py:161} INFO - Started process (PID=589) to work on /home/airflow/.local/lib/python3.12/site-packages/airflow/example_dags/example_branch_python_dop_operator_3.py
[2024-07-11T04:25:08.333+0000] {processor.py:830} INFO - Processing file /home/airflow/.local/lib/python3.12/site-packages/airflow/example_dags/example_branch_python_dop_operator_3.py for tasks to queue
[2024-07-11T04:25:08.335+0000] {logging_mixin.py:188} INFO - [2024-07-11T04:25:08.335+0000] {dagbag.py:545} INFO - Filling up the DagBag from /home/airflow/.local/lib/python3.12/site-packages/airflow/example_dags/example_branch_python_dop_operator_3.py
[2024-07-11T04:25:08.342+0000] {processor.py:840} INFO - DAG(s) 'example_branch_dop_operator_v3' retrieved from /home/airflow/.local/lib/python3.12/site-packages/airflow/example_dags/example_branch_python_dop_operator_3.py
[2024-07-11T04:25:08.358+0000] {logging_mixin.py:188} INFO - [2024-07-11T04:25:08.358+0000] {dag.py:3096} INFO - Sync 1 DAGs
[2024-07-11T04:25:08.380+0000] {logging_mixin.py:188} INFO - [2024-07-11T04:25:08.380+0000] {dag.py:3954} INFO - Setting next_dagrun for example_branch_dop_operator_v3 to 2024-07-11 04:24:00+00:00, run_after=2024-07-11 04:25:00+00:00
[2024-07-11T04:25:08.403+0000] {processor.py:183} INFO - Processing /home/airflow/.local/lib/python3.12/site-packages/airflow/example_dags/example_branch_python_dop_operator_3.py took 0.075 seconds
[2024-07-11T04:25:38.745+0000] {processor.py:161} INFO - Started process (PID=648) to work on /home/airflow/.local/lib/python3.12/site-packages/airflow/example_dags/example_branch_python_dop_operator_3.py
[2024-07-11T04:25:38.746+0000] {processor.py:830} INFO - Processing file /home/airflow/.local/lib/python3.12/site-packages/airflow/example_dags/example_branch_python_dop_operator_3.py for tasks to queue
[2024-07-11T04:25:38.748+0000] {logging_mixin.py:188} INFO - [2024-07-11T04:25:38.747+0000] {dagbag.py:545} INFO - Filling up the DagBag from /home/airflow/.local/lib/python3.12/site-packages/airflow/example_dags/example_branch_python_dop_operator_3.py
[2024-07-11T04:25:38.755+0000] {processor.py:840} INFO - DAG(s) 'example_branch_dop_operator_v3' retrieved from /home/airflow/.local/lib/python3.12/site-packages/airflow/example_dags/example_branch_python_dop_operator_3.py
[2024-07-11T04:25:38.772+0000] {logging_mixin.py:188} INFO - [2024-07-11T04:25:38.772+0000] {dag.py:3096} INFO - Sync 1 DAGs
[2024-07-11T04:25:38.794+0000] {logging_mixin.py:188} INFO - [2024-07-11T04:25:38.794+0000] {dag.py:3954} INFO - Setting next_dagrun for example_branch_dop_operator_v3 to 2024-07-11 04:24:00+00:00, run_after=2024-07-11 04:25:00+00:00
[2024-07-11T04:25:38.816+0000] {processor.py:183} INFO - Processing /home/airflow/.local/lib/python3.12/site-packages/airflow/example_dags/example_branch_python_dop_operator_3.py took 0.075 seconds
[2024-07-11T04:26:09.451+0000] {processor.py:161} INFO - Started process (PID=707) to work on /home/airflow/.local/lib/python3.12/site-packages/airflow/example_dags/example_branch_python_dop_operator_3.py
[2024-07-11T04:26:09.452+0000] {processor.py:830} INFO - Processing file /home/airflow/.local/lib/python3.12/site-packages/airflow/example_dags/example_branch_python_dop_operator_3.py for tasks to queue
[2024-07-11T04:26:09.453+0000] {logging_mixin.py:188} INFO - [2024-07-11T04:26:09.453+0000] {dagbag.py:545} INFO - Filling up the DagBag from /home/airflow/.local/lib/python3.12/site-packages/airflow/example_dags/example_branch_python_dop_operator_3.py
[2024-07-11T04:26:09.460+0000] {processor.py:840} INFO - DAG(s) 'example_branch_dop_operator_v3' retrieved from /home/airflow/.local/lib/python3.12/site-packages/airflow/example_dags/example_branch_python_dop_operator_3.py
[2024-07-11T04:26:09.475+0000] {logging_mixin.py:188} INFO - [2024-07-11T04:26:09.475+0000] {dag.py:3096} INFO - Sync 1 DAGs
[2024-07-11T04:26:09.496+0000] {logging_mixin.py:188} INFO - [2024-07-11T04:26:09.495+0000] {dag.py:3954} INFO - Setting next_dagrun for example_branch_dop_operator_v3 to 2024-07-11 04:25:00+00:00, run_after=2024-07-11 04:26:00+00:00
[2024-07-11T04:26:09.519+0000] {processor.py:183} INFO - Processing /home/airflow/.local/lib/python3.12/site-packages/airflow/example_dags/example_branch_python_dop_operator_3.py took 0.074 seconds
[2024-07-11T04:26:39.931+0000] {processor.py:161} INFO - Started process (PID=766) to work on /home/airflow/.local/lib/python3.12/site-packages/airflow/example_dags/example_branch_python_dop_operator_3.py
[2024-07-11T04:26:39.932+0000] {processor.py:830} INFO - Processing file /home/airflow/.local/lib/python3.12/site-packages/airflow/example_dags/example_branch_python_dop_operator_3.py for tasks to queue
[2024-07-11T04:26:39.933+0000] {logging_mixin.py:188} INFO - [2024-07-11T04:26:39.933+0000] {dagbag.py:545} INFO - Filling up the DagBag from /home/airflow/.local/lib/python3.12/site-packages/airflow/example_dags/example_branch_python_dop_operator_3.py
[2024-07-11T04:26:39.940+0000] {processor.py:840} INFO - DAG(s) 'example_branch_dop_operator_v3' retrieved from /home/airflow/.local/lib/python3.12/site-packages/airflow/example_dags/example_branch_python_dop_operator_3.py
[2024-07-11T04:26:39.957+0000] {logging_mixin.py:188} INFO - [2024-07-11T04:26:39.957+0000] {dag.py:3096} INFO - Sync 1 DAGs
[2024-07-11T04:26:39.981+0000] {logging_mixin.py:188} INFO - [2024-07-11T04:26:39.980+0000] {dag.py:3954} INFO - Setting next_dagrun for example_branch_dop_operator_v3 to 2024-07-11 04:25:00+00:00, run_after=2024-07-11 04:26:00+00:00
[2024-07-11T04:26:40.005+0000] {processor.py:183} INFO - Processing /home/airflow/.local/lib/python3.12/site-packages/airflow/example_dags/example_branch_python_dop_operator_3.py took 0.078 seconds
[2024-07-11T04:27:10.518+0000] {processor.py:161} INFO - Started process (PID=824) to work on /home/airflow/.local/lib/python3.12/site-packages/airflow/example_dags/example_branch_python_dop_operator_3.py
[2024-07-11T04:27:10.519+0000] {processor.py:830} INFO - Processing file /home/airflow/.local/lib/python3.12/site-packages/airflow/example_dags/example_branch_python_dop_operator_3.py for tasks to queue
[2024-07-11T04:27:10.520+0000] {logging_mixin.py:188} INFO - [2024-07-11T04:27:10.520+0000] {dagbag.py:545} INFO - Filling up the DagBag from /home/airflow/.local/lib/python3.12/site-packages/airflow/example_dags/example_branch_python_dop_operator_3.py
[2024-07-11T04:27:10.527+0000] {processor.py:840} INFO - DAG(s) 'example_branch_dop_operator_v3' retrieved from /home/airflow/.local/lib/python3.12/site-packages/airflow/example_dags/example_branch_python_dop_operator_3.py
[2024-07-11T04:27:10.543+0000] {logging_mixin.py:188} INFO - [2024-07-11T04:27:10.542+0000] {dag.py:3096} INFO - Sync 1 DAGs
[2024-07-11T04:27:10.563+0000] {logging_mixin.py:188} INFO - [2024-07-11T04:27:10.563+0000] {dag.py:3954} INFO - Setting next_dagrun for example_branch_dop_operator_v3 to 2024-07-11 04:26:00+00:00, run_after=2024-07-11 04:27:00+00:00
[2024-07-11T04:27:10.587+0000] {processor.py:183} INFO - Processing /home/airflow/.local/lib/python3.12/site-packages/airflow/example_dags/example_branch_python_dop_operator_3.py took 0.074 seconds
[2024-07-11T04:27:41.292+0000] {processor.py:161} INFO - Started process (PID=883) to work on /home/airflow/.local/lib/python3.12/site-packages/airflow/example_dags/example_branch_python_dop_operator_3.py
[2024-07-11T04:27:41.293+0000] {processor.py:830} INFO - Processing file /home/airflow/.local/lib/python3.12/site-packages/airflow/example_dags/example_branch_python_dop_operator_3.py for tasks to queue
[2024-07-11T04:27:41.294+0000] {logging_mixin.py:188} INFO - [2024-07-11T04:27:41.294+0000] {dagbag.py:545} INFO - Filling up the DagBag from /home/airflow/.local/lib/python3.12/site-packages/airflow/example_dags/example_branch_python_dop_operator_3.py
[2024-07-11T04:27:41.301+0000] {processor.py:840} INFO - DAG(s) 'example_branch_dop_operator_v3' retrieved from /home/airflow/.local/lib/python3.12/site-packages/airflow/example_dags/example_branch_python_dop_operator_3.py
[2024-07-11T04:27:41.321+0000] {logging_mixin.py:188} INFO - [2024-07-11T04:27:41.321+0000] {dag.py:3096} INFO - Sync 1 DAGs
[2024-07-11T04:27:41.342+0000] {logging_mixin.py:188} INFO - [2024-07-11T04:27:41.342+0000] {dag.py:3954} INFO - Setting next_dagrun for example_branch_dop_operator_v3 to 2024-07-11 04:26:00+00:00, run_after=2024-07-11 04:27:00+00:00
[2024-07-11T04:27:41.364+0000] {processor.py:183} INFO - Processing /home/airflow/.local/lib/python3.12/site-packages/airflow/example_dags/example_branch_python_dop_operator_3.py took 0.077 seconds
[2024-07-11T04:28:12.275+0000] {processor.py:161} INFO - Started process (PID=942) to work on /home/airflow/.local/lib/python3.12/site-packages/airflow/example_dags/example_branch_python_dop_operator_3.py
[2024-07-11T04:28:12.276+0000] {processor.py:830} INFO - Processing file /home/airflow/.local/lib/python3.12/site-packages/airflow/example_dags/example_branch_python_dop_operator_3.py for tasks to queue
[2024-07-11T04:28:12.277+0000] {logging_mixin.py:188} INFO - [2024-07-11T04:28:12.277+0000] {dagbag.py:545} INFO - Filling up the DagBag from /home/airflow/.local/lib/python3.12/site-packages/airflow/example_dags/example_branch_python_dop_operator_3.py
[2024-07-11T04:28:12.284+0000] {processor.py:840} INFO - DAG(s) 'example_branch_dop_operator_v3' retrieved from /home/airflow/.local/lib/python3.12/site-packages/airflow/example_dags/example_branch_python_dop_operator_3.py
[2024-07-11T04:28:12.301+0000] {logging_mixin.py:188} INFO - [2024-07-11T04:28:12.301+0000] {dag.py:3096} INFO - Sync 1 DAGs
[2024-07-11T04:28:12.322+0000] {logging_mixin.py:188} INFO - [2024-07-11T04:28:12.322+0000] {dag.py:3954} INFO - Setting next_dagrun for example_branch_dop_operator_v3 to 2024-07-11 04:27:00+00:00, run_after=2024-07-11 04:28:00+00:00
[2024-07-11T04:28:12.344+0000] {processor.py:183} INFO - Processing /home/airflow/.local/lib/python3.12/site-packages/airflow/example_dags/example_branch_python_dop_operator_3.py took 0.073 seconds
[2024-07-11T04:28:42.395+0000] {processor.py:161} INFO - Started process (PID=1000) to work on /home/airflow/.local/lib/python3.12/site-packages/airflow/example_dags/example_branch_python_dop_operator_3.py
[2024-07-11T04:28:42.396+0000] {processor.py:830} INFO - Processing file /home/airflow/.local/lib/python3.12/site-packages/airflow/example_dags/example_branch_python_dop_operator_3.py for tasks to queue
[2024-07-11T04:28:42.398+0000] {logging_mixin.py:188} INFO - [2024-07-11T04:28:42.397+0000] {dagbag.py:545} INFO - Filling up the DagBag from /home/airflow/.local/lib/python3.12/site-packages/airflow/example_dags/example_branch_python_dop_operator_3.py
[2024-07-11T04:28:42.412+0000] {processor.py:840} INFO - DAG(s) 'example_branch_dop_operator_v3' retrieved from /home/airflow/.local/lib/python3.12/site-packages/airflow/example_dags/example_branch_python_dop_operator_3.py
[2024-07-11T04:28:42.472+0000] {logging_mixin.py:188} INFO - [2024-07-11T04:28:42.471+0000] {dag.py:3096} INFO - Sync 1 DAGs
[2024-07-11T04:28:42.550+0000] {logging_mixin.py:188} INFO - [2024-07-11T04:28:42.550+0000] {dag.py:3954} INFO - Setting next_dagrun for example_branch_dop_operator_v3 to 2024-07-11 04:27:00+00:00, run_after=2024-07-11 04:28:00+00:00
[2024-07-11T04:28:42.611+0000] {processor.py:183} INFO - Processing /home/airflow/.local/lib/python3.12/site-packages/airflow/example_dags/example_branch_python_dop_operator_3.py took 0.223 seconds
[2024-07-11T04:29:13.684+0000] {processor.py:161} INFO - Started process (PID=1058) to work on /home/airflow/.local/lib/python3.12/site-packages/airflow/example_dags/example_branch_python_dop_operator_3.py
[2024-07-11T04:29:13.697+0000] {processor.py:830} INFO - Processing file /home/airflow/.local/lib/python3.12/site-packages/airflow/example_dags/example_branch_python_dop_operator_3.py for tasks to queue
[2024-07-11T04:29:13.699+0000] {logging_mixin.py:188} INFO - [2024-07-11T04:29:13.699+0000] {dagbag.py:545} INFO - Filling up the DagBag from /home/airflow/.local/lib/python3.12/site-packages/airflow/example_dags/example_branch_python_dop_operator_3.py
[2024-07-11T04:29:13.755+0000] {processor.py:840} INFO - DAG(s) 'example_branch_dop_operator_v3' retrieved from /home/airflow/.local/lib/python3.12/site-packages/airflow/example_dags/example_branch_python_dop_operator_3.py
[2024-07-11T04:29:13.854+0000] {logging_mixin.py:188} INFO - [2024-07-11T04:29:13.854+0000] {dag.py:3096} INFO - Sync 1 DAGs
[2024-07-11T04:29:13.936+0000] {logging_mixin.py:188} INFO - [2024-07-11T04:29:13.936+0000] {dag.py:3954} INFO - Setting next_dagrun for example_branch_dop_operator_v3 to 2024-07-11 04:28:00+00:00, run_after=2024-07-11 04:29:00+00:00
[2024-07-11T04:29:13.985+0000] {processor.py:183} INFO - Processing /home/airflow/.local/lib/python3.12/site-packages/airflow/example_dags/example_branch_python_dop_operator_3.py took 0.329 seconds
