[2024-07-11T04:20:34.302+0000] {processor.py:161} INFO - Started process (PID=78) to work on /home/airflow/.local/lib/python3.12/site-packages/airflow/example_dags/example_setup_teardown.py
[2024-07-11T04:20:34.303+0000] {processor.py:830} INFO - Processing file /home/airflow/.local/lib/python3.12/site-packages/airflow/example_dags/example_setup_teardown.py for tasks to queue
[2024-07-11T04:20:34.305+0000] {logging_mixin.py:188} INFO - [2024-07-11T04:20:34.304+0000] {dagbag.py:545} INFO - Filling up the DagBag from /home/airflow/.local/lib/python3.12/site-packages/airflow/example_dags/example_setup_teardown.py
[2024-07-11T04:20:34.313+0000] {processor.py:840} INFO - DAG(s) 'example_setup_teardown' retrieved from /home/airflow/.local/lib/python3.12/site-packages/airflow/example_dags/example_setup_teardown.py
[2024-07-11T04:20:34.666+0000] {logging_mixin.py:188} INFO - [2024-07-11T04:20:34.665+0000] {dag.py:3096} INFO - Sync 1 DAGs
[2024-07-11T04:20:34.698+0000] {logging_mixin.py:188} INFO - [2024-07-11T04:20:34.697+0000] {dag.py:3954} INFO - Setting next_dagrun for example_setup_teardown to 2024-07-10 00:00:00+00:00, run_after=2024-07-11 00:00:00+00:00
[2024-07-11T04:20:34.764+0000] {processor.py:183} INFO - Processing /home/airflow/.local/lib/python3.12/site-packages/airflow/example_dags/example_setup_teardown.py took 0.470 seconds
[2024-07-11T04:21:04.936+0000] {processor.py:161} INFO - Started process (PID=137) to work on /home/airflow/.local/lib/python3.12/site-packages/airflow/example_dags/example_setup_teardown.py
[2024-07-11T04:21:04.936+0000] {processor.py:830} INFO - Processing file /home/airflow/.local/lib/python3.12/site-packages/airflow/example_dags/example_setup_teardown.py for tasks to queue
[2024-07-11T04:21:04.938+0000] {logging_mixin.py:188} INFO - [2024-07-11T04:21:04.937+0000] {dagbag.py:545} INFO - Filling up the DagBag from /home/airflow/.local/lib/python3.12/site-packages/airflow/example_dags/example_setup_teardown.py
[2024-07-11T04:21:04.943+0000] {processor.py:840} INFO - DAG(s) 'example_setup_teardown' retrieved from /home/airflow/.local/lib/python3.12/site-packages/airflow/example_dags/example_setup_teardown.py
[2024-07-11T04:21:04.960+0000] {logging_mixin.py:188} INFO - [2024-07-11T04:21:04.960+0000] {dag.py:3096} INFO - Sync 1 DAGs
[2024-07-11T04:21:04.981+0000] {logging_mixin.py:188} INFO - [2024-07-11T04:21:04.981+0000] {dag.py:3954} INFO - Setting next_dagrun for example_setup_teardown to 2024-07-10 00:00:00+00:00, run_after=2024-07-11 00:00:00+00:00
[2024-07-11T04:21:05.002+0000] {processor.py:183} INFO - Processing /home/airflow/.local/lib/python3.12/site-packages/airflow/example_dags/example_setup_teardown.py took 0.071 seconds
[2024-07-11T04:21:35.550+0000] {processor.py:161} INFO - Started process (PID=196) to work on /home/airflow/.local/lib/python3.12/site-packages/airflow/example_dags/example_setup_teardown.py
[2024-07-11T04:21:35.551+0000] {processor.py:830} INFO - Processing file /home/airflow/.local/lib/python3.12/site-packages/airflow/example_dags/example_setup_teardown.py for tasks to queue
[2024-07-11T04:21:35.552+0000] {logging_mixin.py:188} INFO - [2024-07-11T04:21:35.552+0000] {dagbag.py:545} INFO - Filling up the DagBag from /home/airflow/.local/lib/python3.12/site-packages/airflow/example_dags/example_setup_teardown.py
[2024-07-11T04:21:35.560+0000] {processor.py:840} INFO - DAG(s) 'example_setup_teardown' retrieved from /home/airflow/.local/lib/python3.12/site-packages/airflow/example_dags/example_setup_teardown.py
[2024-07-11T04:21:35.585+0000] {logging_mixin.py:188} INFO - [2024-07-11T04:21:35.585+0000] {dag.py:3096} INFO - Sync 1 DAGs
[2024-07-11T04:21:35.610+0000] {logging_mixin.py:188} INFO - [2024-07-11T04:21:35.609+0000] {dag.py:3954} INFO - Setting next_dagrun for example_setup_teardown to 2024-07-10 00:00:00+00:00, run_after=2024-07-11 00:00:00+00:00
[2024-07-11T04:21:35.634+0000] {processor.py:183} INFO - Processing /home/airflow/.local/lib/python3.12/site-packages/airflow/example_dags/example_setup_teardown.py took 0.092 seconds
[2024-07-11T04:22:06.481+0000] {processor.py:161} INFO - Started process (PID=254) to work on /home/airflow/.local/lib/python3.12/site-packages/airflow/example_dags/example_setup_teardown.py
[2024-07-11T04:22:06.482+0000] {processor.py:830} INFO - Processing file /home/airflow/.local/lib/python3.12/site-packages/airflow/example_dags/example_setup_teardown.py for tasks to queue
[2024-07-11T04:22:06.484+0000] {logging_mixin.py:188} INFO - [2024-07-11T04:22:06.483+0000] {dagbag.py:545} INFO - Filling up the DagBag from /home/airflow/.local/lib/python3.12/site-packages/airflow/example_dags/example_setup_teardown.py
[2024-07-11T04:22:06.494+0000] {processor.py:840} INFO - DAG(s) 'example_setup_teardown' retrieved from /home/airflow/.local/lib/python3.12/site-packages/airflow/example_dags/example_setup_teardown.py
[2024-07-11T04:22:06.518+0000] {logging_mixin.py:188} INFO - [2024-07-11T04:22:06.518+0000] {dag.py:3096} INFO - Sync 1 DAGs
[2024-07-11T04:22:06.541+0000] {logging_mixin.py:188} INFO - [2024-07-11T04:22:06.540+0000] {dag.py:3954} INFO - Setting next_dagrun for example_setup_teardown to 2024-07-10 00:00:00+00:00, run_after=2024-07-11 00:00:00+00:00
[2024-07-11T04:22:06.565+0000] {processor.py:183} INFO - Processing /home/airflow/.local/lib/python3.12/site-packages/airflow/example_dags/example_setup_teardown.py took 0.091 seconds
[2024-07-11T04:22:37.325+0000] {processor.py:161} INFO - Started process (PID=312) to work on /home/airflow/.local/lib/python3.12/site-packages/airflow/example_dags/example_setup_teardown.py
[2024-07-11T04:22:37.325+0000] {processor.py:830} INFO - Processing file /home/airflow/.local/lib/python3.12/site-packages/airflow/example_dags/example_setup_teardown.py for tasks to queue
[2024-07-11T04:22:37.327+0000] {logging_mixin.py:188} INFO - [2024-07-11T04:22:37.327+0000] {dagbag.py:545} INFO - Filling up the DagBag from /home/airflow/.local/lib/python3.12/site-packages/airflow/example_dags/example_setup_teardown.py
[2024-07-11T04:22:37.334+0000] {processor.py:840} INFO - DAG(s) 'example_setup_teardown' retrieved from /home/airflow/.local/lib/python3.12/site-packages/airflow/example_dags/example_setup_teardown.py
[2024-07-11T04:22:37.350+0000] {logging_mixin.py:188} INFO - [2024-07-11T04:22:37.350+0000] {dag.py:3096} INFO - Sync 1 DAGs
[2024-07-11T04:22:37.368+0000] {logging_mixin.py:188} INFO - [2024-07-11T04:22:37.368+0000] {dag.py:3954} INFO - Setting next_dagrun for example_setup_teardown to 2024-07-10 00:00:00+00:00, run_after=2024-07-11 00:00:00+00:00
[2024-07-11T04:22:37.390+0000] {processor.py:183} INFO - Processing /home/airflow/.local/lib/python3.12/site-packages/airflow/example_dags/example_setup_teardown.py took 0.072 seconds
[2024-07-11T04:23:07.858+0000] {processor.py:161} INFO - Started process (PID=370) to work on /home/airflow/.local/lib/python3.12/site-packages/airflow/example_dags/example_setup_teardown.py
[2024-07-11T04:23:07.859+0000] {processor.py:830} INFO - Processing file /home/airflow/.local/lib/python3.12/site-packages/airflow/example_dags/example_setup_teardown.py for tasks to queue
[2024-07-11T04:23:07.861+0000] {logging_mixin.py:188} INFO - [2024-07-11T04:23:07.861+0000] {dagbag.py:545} INFO - Filling up the DagBag from /home/airflow/.local/lib/python3.12/site-packages/airflow/example_dags/example_setup_teardown.py
[2024-07-11T04:23:07.869+0000] {processor.py:840} INFO - DAG(s) 'example_setup_teardown' retrieved from /home/airflow/.local/lib/python3.12/site-packages/airflow/example_dags/example_setup_teardown.py
[2024-07-11T04:23:07.892+0000] {logging_mixin.py:188} INFO - [2024-07-11T04:23:07.892+0000] {dag.py:3096} INFO - Sync 1 DAGs
[2024-07-11T04:23:07.919+0000] {logging_mixin.py:188} INFO - [2024-07-11T04:23:07.918+0000] {dag.py:3954} INFO - Setting next_dagrun for example_setup_teardown to 2024-07-10 00:00:00+00:00, run_after=2024-07-11 00:00:00+00:00
[2024-07-11T04:23:07.949+0000] {processor.py:183} INFO - Processing /home/airflow/.local/lib/python3.12/site-packages/airflow/example_dags/example_setup_teardown.py took 0.097 seconds
[2024-07-11T04:23:38.441+0000] {processor.py:161} INFO - Started process (PID=427) to work on /home/airflow/.local/lib/python3.12/site-packages/airflow/example_dags/example_setup_teardown.py
[2024-07-11T04:23:38.441+0000] {processor.py:830} INFO - Processing file /home/airflow/.local/lib/python3.12/site-packages/airflow/example_dags/example_setup_teardown.py for tasks to queue
[2024-07-11T04:23:38.442+0000] {logging_mixin.py:188} INFO - [2024-07-11T04:23:38.442+0000] {dagbag.py:545} INFO - Filling up the DagBag from /home/airflow/.local/lib/python3.12/site-packages/airflow/example_dags/example_setup_teardown.py
[2024-07-11T04:23:38.449+0000] {processor.py:840} INFO - DAG(s) 'example_setup_teardown' retrieved from /home/airflow/.local/lib/python3.12/site-packages/airflow/example_dags/example_setup_teardown.py
[2024-07-11T04:23:38.471+0000] {logging_mixin.py:188} INFO - [2024-07-11T04:23:38.471+0000] {dag.py:3096} INFO - Sync 1 DAGs
[2024-07-11T04:23:38.489+0000] {logging_mixin.py:188} INFO - [2024-07-11T04:23:38.488+0000] {dag.py:3954} INFO - Setting next_dagrun for example_setup_teardown to 2024-07-10 00:00:00+00:00, run_after=2024-07-11 00:00:00+00:00
[2024-07-11T04:23:38.509+0000] {processor.py:183} INFO - Processing /home/airflow/.local/lib/python3.12/site-packages/airflow/example_dags/example_setup_teardown.py took 0.074 seconds
[2024-07-11T04:24:11.079+0000] {processor.py:161} INFO - Started process (PID=485) to work on /home/airflow/.local/lib/python3.12/site-packages/airflow/example_dags/example_setup_teardown.py
[2024-07-11T04:24:11.082+0000] {processor.py:830} INFO - Processing file /home/airflow/.local/lib/python3.12/site-packages/airflow/example_dags/example_setup_teardown.py for tasks to queue
[2024-07-11T04:24:11.086+0000] {logging_mixin.py:188} INFO - [2024-07-11T04:24:11.086+0000] {dagbag.py:545} INFO - Filling up the DagBag from /home/airflow/.local/lib/python3.12/site-packages/airflow/example_dags/example_setup_teardown.py
[2024-07-11T04:24:11.108+0000] {processor.py:840} INFO - DAG(s) 'example_setup_teardown' retrieved from /home/airflow/.local/lib/python3.12/site-packages/airflow/example_dags/example_setup_teardown.py
[2024-07-11T04:24:11.203+0000] {logging_mixin.py:188} INFO - [2024-07-11T04:24:11.203+0000] {dag.py:3096} INFO - Sync 1 DAGs
[2024-07-11T04:24:11.293+0000] {logging_mixin.py:188} INFO - [2024-07-11T04:24:11.293+0000] {dag.py:3954} INFO - Setting next_dagrun for example_setup_teardown to 2024-07-10 00:00:00+00:00, run_after=2024-07-11 00:00:00+00:00
[2024-07-11T04:24:11.344+0000] {processor.py:183} INFO - Processing /home/airflow/.local/lib/python3.12/site-packages/airflow/example_dags/example_setup_teardown.py took 0.278 seconds
[2024-07-11T04:24:41.552+0000] {processor.py:161} INFO - Started process (PID=544) to work on /home/airflow/.local/lib/python3.12/site-packages/airflow/example_dags/example_setup_teardown.py
[2024-07-11T04:24:41.562+0000] {processor.py:830} INFO - Processing file /home/airflow/.local/lib/python3.12/site-packages/airflow/example_dags/example_setup_teardown.py for tasks to queue
[2024-07-11T04:24:41.564+0000] {logging_mixin.py:188} INFO - [2024-07-11T04:24:41.564+0000] {dagbag.py:545} INFO - Filling up the DagBag from /home/airflow/.local/lib/python3.12/site-packages/airflow/example_dags/example_setup_teardown.py
[2024-07-11T04:24:41.581+0000] {processor.py:840} INFO - DAG(s) 'example_setup_teardown' retrieved from /home/airflow/.local/lib/python3.12/site-packages/airflow/example_dags/example_setup_teardown.py
[2024-07-11T04:24:41.615+0000] {logging_mixin.py:188} INFO - [2024-07-11T04:24:41.612+0000] {dag.py:3096} INFO - Sync 1 DAGs
[2024-07-11T04:24:41.643+0000] {logging_mixin.py:188} INFO - [2024-07-11T04:24:41.643+0000] {dag.py:3954} INFO - Setting next_dagrun for example_setup_teardown to 2024-07-10 00:00:00+00:00, run_after=2024-07-11 00:00:00+00:00
[2024-07-11T04:24:41.694+0000] {processor.py:183} INFO - Processing /home/airflow/.local/lib/python3.12/site-packages/airflow/example_dags/example_setup_teardown.py took 0.171 seconds
[2024-07-11T04:25:12.367+0000] {processor.py:161} INFO - Started process (PID=602) to work on /home/airflow/.local/lib/python3.12/site-packages/airflow/example_dags/example_setup_teardown.py
[2024-07-11T04:25:12.368+0000] {processor.py:830} INFO - Processing file /home/airflow/.local/lib/python3.12/site-packages/airflow/example_dags/example_setup_teardown.py for tasks to queue
[2024-07-11T04:25:12.370+0000] {logging_mixin.py:188} INFO - [2024-07-11T04:25:12.370+0000] {dagbag.py:545} INFO - Filling up the DagBag from /home/airflow/.local/lib/python3.12/site-packages/airflow/example_dags/example_setup_teardown.py
[2024-07-11T04:25:12.378+0000] {processor.py:840} INFO - DAG(s) 'example_setup_teardown' retrieved from /home/airflow/.local/lib/python3.12/site-packages/airflow/example_dags/example_setup_teardown.py
[2024-07-11T04:25:12.401+0000] {logging_mixin.py:188} INFO - [2024-07-11T04:25:12.401+0000] {dag.py:3096} INFO - Sync 1 DAGs
[2024-07-11T04:25:12.427+0000] {logging_mixin.py:188} INFO - [2024-07-11T04:25:12.427+0000] {dag.py:3954} INFO - Setting next_dagrun for example_setup_teardown to 2024-07-10 00:00:00+00:00, run_after=2024-07-11 00:00:00+00:00
[2024-07-11T04:25:12.454+0000] {processor.py:183} INFO - Processing /home/airflow/.local/lib/python3.12/site-packages/airflow/example_dags/example_setup_teardown.py took 0.093 seconds
[2024-07-11T04:25:42.846+0000] {processor.py:161} INFO - Started process (PID=661) to work on /home/airflow/.local/lib/python3.12/site-packages/airflow/example_dags/example_setup_teardown.py
[2024-07-11T04:25:42.847+0000] {processor.py:830} INFO - Processing file /home/airflow/.local/lib/python3.12/site-packages/airflow/example_dags/example_setup_teardown.py for tasks to queue
[2024-07-11T04:25:42.849+0000] {logging_mixin.py:188} INFO - [2024-07-11T04:25:42.848+0000] {dagbag.py:545} INFO - Filling up the DagBag from /home/airflow/.local/lib/python3.12/site-packages/airflow/example_dags/example_setup_teardown.py
[2024-07-11T04:25:42.856+0000] {processor.py:840} INFO - DAG(s) 'example_setup_teardown' retrieved from /home/airflow/.local/lib/python3.12/site-packages/airflow/example_dags/example_setup_teardown.py
[2024-07-11T04:25:42.880+0000] {logging_mixin.py:188} INFO - [2024-07-11T04:25:42.880+0000] {dag.py:3096} INFO - Sync 1 DAGs
[2024-07-11T04:25:42.906+0000] {logging_mixin.py:188} INFO - [2024-07-11T04:25:42.906+0000] {dag.py:3954} INFO - Setting next_dagrun for example_setup_teardown to 2024-07-10 00:00:00+00:00, run_after=2024-07-11 00:00:00+00:00
[2024-07-11T04:25:42.932+0000] {processor.py:183} INFO - Processing /home/airflow/.local/lib/python3.12/site-packages/airflow/example_dags/example_setup_teardown.py took 0.092 seconds
[2024-07-11T04:26:13.382+0000] {processor.py:161} INFO - Started process (PID=720) to work on /home/airflow/.local/lib/python3.12/site-packages/airflow/example_dags/example_setup_teardown.py
[2024-07-11T04:26:13.383+0000] {processor.py:830} INFO - Processing file /home/airflow/.local/lib/python3.12/site-packages/airflow/example_dags/example_setup_teardown.py for tasks to queue
[2024-07-11T04:26:13.384+0000] {logging_mixin.py:188} INFO - [2024-07-11T04:26:13.384+0000] {dagbag.py:545} INFO - Filling up the DagBag from /home/airflow/.local/lib/python3.12/site-packages/airflow/example_dags/example_setup_teardown.py
[2024-07-11T04:26:13.392+0000] {processor.py:840} INFO - DAG(s) 'example_setup_teardown' retrieved from /home/airflow/.local/lib/python3.12/site-packages/airflow/example_dags/example_setup_teardown.py
[2024-07-11T04:26:13.414+0000] {logging_mixin.py:188} INFO - [2024-07-11T04:26:13.414+0000] {dag.py:3096} INFO - Sync 1 DAGs
[2024-07-11T04:26:13.442+0000] {logging_mixin.py:188} INFO - [2024-07-11T04:26:13.442+0000] {dag.py:3954} INFO - Setting next_dagrun for example_setup_teardown to 2024-07-10 00:00:00+00:00, run_after=2024-07-11 00:00:00+00:00
[2024-07-11T04:26:13.470+0000] {processor.py:183} INFO - Processing /home/airflow/.local/lib/python3.12/site-packages/airflow/example_dags/example_setup_teardown.py took 0.095 seconds
[2024-07-11T04:26:43.990+0000] {processor.py:161} INFO - Started process (PID=779) to work on /home/airflow/.local/lib/python3.12/site-packages/airflow/example_dags/example_setup_teardown.py
[2024-07-11T04:26:43.991+0000] {processor.py:830} INFO - Processing file /home/airflow/.local/lib/python3.12/site-packages/airflow/example_dags/example_setup_teardown.py for tasks to queue
[2024-07-11T04:26:43.993+0000] {logging_mixin.py:188} INFO - [2024-07-11T04:26:43.993+0000] {dagbag.py:545} INFO - Filling up the DagBag from /home/airflow/.local/lib/python3.12/site-packages/airflow/example_dags/example_setup_teardown.py
[2024-07-11T04:26:44.015+0000] {processor.py:840} INFO - DAG(s) 'example_setup_teardown' retrieved from /home/airflow/.local/lib/python3.12/site-packages/airflow/example_dags/example_setup_teardown.py
[2024-07-11T04:26:44.051+0000] {logging_mixin.py:188} INFO - [2024-07-11T04:26:44.050+0000] {dag.py:3096} INFO - Sync 1 DAGs
[2024-07-11T04:26:44.093+0000] {logging_mixin.py:188} INFO - [2024-07-11T04:26:44.093+0000] {dag.py:3954} INFO - Setting next_dagrun for example_setup_teardown to 2024-07-10 00:00:00+00:00, run_after=2024-07-11 00:00:00+00:00
[2024-07-11T04:26:44.127+0000] {processor.py:183} INFO - Processing /home/airflow/.local/lib/python3.12/site-packages/airflow/example_dags/example_setup_teardown.py took 0.144 seconds
[2024-07-11T04:27:14.579+0000] {processor.py:161} INFO - Started process (PID=837) to work on /home/airflow/.local/lib/python3.12/site-packages/airflow/example_dags/example_setup_teardown.py
[2024-07-11T04:27:14.579+0000] {processor.py:830} INFO - Processing file /home/airflow/.local/lib/python3.12/site-packages/airflow/example_dags/example_setup_teardown.py for tasks to queue
[2024-07-11T04:27:14.584+0000] {logging_mixin.py:188} INFO - [2024-07-11T04:27:14.584+0000] {dagbag.py:545} INFO - Filling up the DagBag from /home/airflow/.local/lib/python3.12/site-packages/airflow/example_dags/example_setup_teardown.py
[2024-07-11T04:27:14.600+0000] {processor.py:840} INFO - DAG(s) 'example_setup_teardown' retrieved from /home/airflow/.local/lib/python3.12/site-packages/airflow/example_dags/example_setup_teardown.py
[2024-07-11T04:27:14.688+0000] {logging_mixin.py:188} INFO - [2024-07-11T04:27:14.688+0000] {dag.py:3096} INFO - Sync 1 DAGs
[2024-07-11T04:27:14.770+0000] {logging_mixin.py:188} INFO - [2024-07-11T04:27:14.765+0000] {dag.py:3954} INFO - Setting next_dagrun for example_setup_teardown to 2024-07-10 00:00:00+00:00, run_after=2024-07-11 00:00:00+00:00
[2024-07-11T04:27:14.802+0000] {processor.py:183} INFO - Processing /home/airflow/.local/lib/python3.12/site-packages/airflow/example_dags/example_setup_teardown.py took 0.238 seconds
[2024-07-11T04:27:45.213+0000] {processor.py:161} INFO - Started process (PID=896) to work on /home/airflow/.local/lib/python3.12/site-packages/airflow/example_dags/example_setup_teardown.py
[2024-07-11T04:27:45.214+0000] {processor.py:830} INFO - Processing file /home/airflow/.local/lib/python3.12/site-packages/airflow/example_dags/example_setup_teardown.py for tasks to queue
[2024-07-11T04:27:45.216+0000] {logging_mixin.py:188} INFO - [2024-07-11T04:27:45.215+0000] {dagbag.py:545} INFO - Filling up the DagBag from /home/airflow/.local/lib/python3.12/site-packages/airflow/example_dags/example_setup_teardown.py
[2024-07-11T04:27:45.223+0000] {processor.py:840} INFO - DAG(s) 'example_setup_teardown' retrieved from /home/airflow/.local/lib/python3.12/site-packages/airflow/example_dags/example_setup_teardown.py
[2024-07-11T04:27:45.246+0000] {logging_mixin.py:188} INFO - [2024-07-11T04:27:45.246+0000] {dag.py:3096} INFO - Sync 1 DAGs
[2024-07-11T04:27:45.276+0000] {logging_mixin.py:188} INFO - [2024-07-11T04:27:45.275+0000] {dag.py:3954} INFO - Setting next_dagrun for example_setup_teardown to 2024-07-10 00:00:00+00:00, run_after=2024-07-11 00:00:00+00:00
[2024-07-11T04:27:45.302+0000] {processor.py:183} INFO - Processing /home/airflow/.local/lib/python3.12/site-packages/airflow/example_dags/example_setup_teardown.py took 0.096 seconds
[2024-07-11T04:28:15.664+0000] {processor.py:161} INFO - Started process (PID=955) to work on /home/airflow/.local/lib/python3.12/site-packages/airflow/example_dags/example_setup_teardown.py
[2024-07-11T04:28:15.665+0000] {processor.py:830} INFO - Processing file /home/airflow/.local/lib/python3.12/site-packages/airflow/example_dags/example_setup_teardown.py for tasks to queue
[2024-07-11T04:28:15.666+0000] {logging_mixin.py:188} INFO - [2024-07-11T04:28:15.666+0000] {dagbag.py:545} INFO - Filling up the DagBag from /home/airflow/.local/lib/python3.12/site-packages/airflow/example_dags/example_setup_teardown.py
[2024-07-11T04:28:15.674+0000] {processor.py:840} INFO - DAG(s) 'example_setup_teardown' retrieved from /home/airflow/.local/lib/python3.12/site-packages/airflow/example_dags/example_setup_teardown.py
[2024-07-11T04:28:15.697+0000] {logging_mixin.py:188} INFO - [2024-07-11T04:28:15.697+0000] {dag.py:3096} INFO - Sync 1 DAGs
[2024-07-11T04:28:15.724+0000] {logging_mixin.py:188} INFO - [2024-07-11T04:28:15.724+0000] {dag.py:3954} INFO - Setting next_dagrun for example_setup_teardown to 2024-07-10 00:00:00+00:00, run_after=2024-07-11 00:00:00+00:00
[2024-07-11T04:28:15.762+0000] {processor.py:183} INFO - Processing /home/airflow/.local/lib/python3.12/site-packages/airflow/example_dags/example_setup_teardown.py took 0.104 seconds
[2024-07-11T04:28:45.984+0000] {processor.py:161} INFO - Started process (PID=1013) to work on /home/airflow/.local/lib/python3.12/site-packages/airflow/example_dags/example_setup_teardown.py
[2024-07-11T04:28:45.985+0000] {processor.py:830} INFO - Processing file /home/airflow/.local/lib/python3.12/site-packages/airflow/example_dags/example_setup_teardown.py for tasks to queue
[2024-07-11T04:28:45.986+0000] {logging_mixin.py:188} INFO - [2024-07-11T04:28:45.986+0000] {dagbag.py:545} INFO - Filling up the DagBag from /home/airflow/.local/lib/python3.12/site-packages/airflow/example_dags/example_setup_teardown.py
[2024-07-11T04:28:45.994+0000] {processor.py:840} INFO - DAG(s) 'example_setup_teardown' retrieved from /home/airflow/.local/lib/python3.12/site-packages/airflow/example_dags/example_setup_teardown.py
[2024-07-11T04:28:46.016+0000] {logging_mixin.py:188} INFO - [2024-07-11T04:28:46.016+0000] {dag.py:3096} INFO - Sync 1 DAGs
[2024-07-11T04:28:46.044+0000] {logging_mixin.py:188} INFO - [2024-07-11T04:28:46.044+0000] {dag.py:3954} INFO - Setting next_dagrun for example_setup_teardown to 2024-07-10 00:00:00+00:00, run_after=2024-07-11 00:00:00+00:00
[2024-07-11T04:28:46.071+0000] {processor.py:183} INFO - Processing /home/airflow/.local/lib/python3.12/site-packages/airflow/example_dags/example_setup_teardown.py took 0.093 seconds
[2024-07-11T04:29:17.473+0000] {processor.py:161} INFO - Started process (PID=1071) to work on /home/airflow/.local/lib/python3.12/site-packages/airflow/example_dags/example_setup_teardown.py
[2024-07-11T04:29:17.477+0000] {processor.py:830} INFO - Processing file /home/airflow/.local/lib/python3.12/site-packages/airflow/example_dags/example_setup_teardown.py for tasks to queue
[2024-07-11T04:29:17.480+0000] {logging_mixin.py:188} INFO - [2024-07-11T04:29:17.479+0000] {dagbag.py:545} INFO - Filling up the DagBag from /home/airflow/.local/lib/python3.12/site-packages/airflow/example_dags/example_setup_teardown.py
[2024-07-11T04:29:17.492+0000] {processor.py:840} INFO - DAG(s) 'example_setup_teardown' retrieved from /home/airflow/.local/lib/python3.12/site-packages/airflow/example_dags/example_setup_teardown.py
[2024-07-11T04:29:17.550+0000] {logging_mixin.py:188} INFO - [2024-07-11T04:29:17.549+0000] {dag.py:3096} INFO - Sync 1 DAGs
[2024-07-11T04:29:17.604+0000] {logging_mixin.py:188} INFO - [2024-07-11T04:29:17.604+0000] {dag.py:3954} INFO - Setting next_dagrun for example_setup_teardown to 2024-07-10 00:00:00+00:00, run_after=2024-07-11 00:00:00+00:00
[2024-07-11T04:29:17.652+0000] {processor.py:183} INFO - Processing /home/airflow/.local/lib/python3.12/site-packages/airflow/example_dags/example_setup_teardown.py took 0.191 seconds
