[2024-07-11T04:20:24.040+0000] {processor.py:161} INFO - Started process (PID=42) to work on /home/airflow/.local/lib/python3.12/site-packages/airflow/example_dags/example_short_circuit_operator.py
[2024-07-11T04:20:24.052+0000] {processor.py:830} INFO - Processing file /home/airflow/.local/lib/python3.12/site-packages/airflow/example_dags/example_short_circuit_operator.py for tasks to queue
[2024-07-11T04:20:24.057+0000] {logging_mixin.py:188} INFO - [2024-07-11T04:20:24.056+0000] {dagbag.py:545} INFO - Filling up the DagBag from /home/airflow/.local/lib/python3.12/site-packages/airflow/example_dags/example_short_circuit_operator.py
[2024-07-11T04:20:24.100+0000] {processor.py:840} INFO - DAG(s) 'example_short_circuit_operator' retrieved from /home/airflow/.local/lib/python3.12/site-packages/airflow/example_dags/example_short_circuit_operator.py
[2024-07-11T04:20:24.405+0000] {logging_mixin.py:188} INFO - [2024-07-11T04:20:24.405+0000] {dag.py:3096} INFO - Sync 1 DAGs
[2024-07-11T04:20:24.600+0000] {logging_mixin.py:188} INFO - [2024-07-11T04:20:24.600+0000] {dag.py:3954} INFO - Setting next_dagrun for example_short_circuit_operator to 2024-07-10 00:00:00+00:00, run_after=2024-07-11 00:00:00+00:00
[2024-07-11T04:20:24.739+0000] {processor.py:183} INFO - Processing /home/airflow/.local/lib/python3.12/site-packages/airflow/example_dags/example_short_circuit_operator.py took 0.742 seconds
[2024-07-11T04:20:55.473+0000] {processor.py:161} INFO - Started process (PID=99) to work on /home/airflow/.local/lib/python3.12/site-packages/airflow/example_dags/example_short_circuit_operator.py
[2024-07-11T04:20:55.474+0000] {processor.py:830} INFO - Processing file /home/airflow/.local/lib/python3.12/site-packages/airflow/example_dags/example_short_circuit_operator.py for tasks to queue
[2024-07-11T04:20:55.475+0000] {logging_mixin.py:188} INFO - [2024-07-11T04:20:55.475+0000] {dagbag.py:545} INFO - Filling up the DagBag from /home/airflow/.local/lib/python3.12/site-packages/airflow/example_dags/example_short_circuit_operator.py
[2024-07-11T04:20:55.484+0000] {processor.py:840} INFO - DAG(s) 'example_short_circuit_operator' retrieved from /home/airflow/.local/lib/python3.12/site-packages/airflow/example_dags/example_short_circuit_operator.py
[2024-07-11T04:20:55.565+0000] {logging_mixin.py:188} INFO - [2024-07-11T04:20:55.564+0000] {dag.py:3096} INFO - Sync 1 DAGs
[2024-07-11T04:20:55.616+0000] {logging_mixin.py:188} INFO - [2024-07-11T04:20:55.616+0000] {dag.py:3954} INFO - Setting next_dagrun for example_short_circuit_operator to 2024-07-10 00:00:00+00:00, run_after=2024-07-11 00:00:00+00:00
[2024-07-11T04:20:55.656+0000] {processor.py:183} INFO - Processing /home/airflow/.local/lib/python3.12/site-packages/airflow/example_dags/example_short_circuit_operator.py took 0.189 seconds
[2024-07-11T04:21:26.514+0000] {processor.py:161} INFO - Started process (PID=158) to work on /home/airflow/.local/lib/python3.12/site-packages/airflow/example_dags/example_short_circuit_operator.py
[2024-07-11T04:21:26.515+0000] {processor.py:830} INFO - Processing file /home/airflow/.local/lib/python3.12/site-packages/airflow/example_dags/example_short_circuit_operator.py for tasks to queue
[2024-07-11T04:21:26.517+0000] {logging_mixin.py:188} INFO - [2024-07-11T04:21:26.516+0000] {dagbag.py:545} INFO - Filling up the DagBag from /home/airflow/.local/lib/python3.12/site-packages/airflow/example_dags/example_short_circuit_operator.py
[2024-07-11T04:21:26.525+0000] {processor.py:840} INFO - DAG(s) 'example_short_circuit_operator' retrieved from /home/airflow/.local/lib/python3.12/site-packages/airflow/example_dags/example_short_circuit_operator.py
[2024-07-11T04:21:26.556+0000] {logging_mixin.py:188} INFO - [2024-07-11T04:21:26.556+0000] {dag.py:3096} INFO - Sync 1 DAGs
[2024-07-11T04:21:26.582+0000] {logging_mixin.py:188} INFO - [2024-07-11T04:21:26.582+0000] {dag.py:3954} INFO - Setting next_dagrun for example_short_circuit_operator to 2024-07-10 00:00:00+00:00, run_after=2024-07-11 00:00:00+00:00
[2024-07-11T04:21:26.607+0000] {processor.py:183} INFO - Processing /home/airflow/.local/lib/python3.12/site-packages/airflow/example_dags/example_short_circuit_operator.py took 0.103 seconds
[2024-07-11T04:21:57.121+0000] {processor.py:161} INFO - Started process (PID=217) to work on /home/airflow/.local/lib/python3.12/site-packages/airflow/example_dags/example_short_circuit_operator.py
[2024-07-11T04:21:57.122+0000] {processor.py:830} INFO - Processing file /home/airflow/.local/lib/python3.12/site-packages/airflow/example_dags/example_short_circuit_operator.py for tasks to queue
[2024-07-11T04:21:57.124+0000] {logging_mixin.py:188} INFO - [2024-07-11T04:21:57.124+0000] {dagbag.py:545} INFO - Filling up the DagBag from /home/airflow/.local/lib/python3.12/site-packages/airflow/example_dags/example_short_circuit_operator.py
[2024-07-11T04:21:57.132+0000] {processor.py:840} INFO - DAG(s) 'example_short_circuit_operator' retrieved from /home/airflow/.local/lib/python3.12/site-packages/airflow/example_dags/example_short_circuit_operator.py
[2024-07-11T04:21:57.160+0000] {logging_mixin.py:188} INFO - [2024-07-11T04:21:57.160+0000] {dag.py:3096} INFO - Sync 1 DAGs
[2024-07-11T04:21:57.186+0000] {logging_mixin.py:188} INFO - [2024-07-11T04:21:57.186+0000] {dag.py:3954} INFO - Setting next_dagrun for example_short_circuit_operator to 2024-07-10 00:00:00+00:00, run_after=2024-07-11 00:00:00+00:00
[2024-07-11T04:21:57.212+0000] {processor.py:183} INFO - Processing /home/airflow/.local/lib/python3.12/site-packages/airflow/example_dags/example_short_circuit_operator.py took 0.098 seconds
[2024-07-11T04:22:28.016+0000] {processor.py:161} INFO - Started process (PID=275) to work on /home/airflow/.local/lib/python3.12/site-packages/airflow/example_dags/example_short_circuit_operator.py
[2024-07-11T04:22:28.025+0000] {processor.py:830} INFO - Processing file /home/airflow/.local/lib/python3.12/site-packages/airflow/example_dags/example_short_circuit_operator.py for tasks to queue
[2024-07-11T04:22:28.027+0000] {logging_mixin.py:188} INFO - [2024-07-11T04:22:28.027+0000] {dagbag.py:545} INFO - Filling up the DagBag from /home/airflow/.local/lib/python3.12/site-packages/airflow/example_dags/example_short_circuit_operator.py
[2024-07-11T04:22:28.035+0000] {processor.py:840} INFO - DAG(s) 'example_short_circuit_operator' retrieved from /home/airflow/.local/lib/python3.12/site-packages/airflow/example_dags/example_short_circuit_operator.py
[2024-07-11T04:22:28.109+0000] {logging_mixin.py:188} INFO - [2024-07-11T04:22:28.109+0000] {dag.py:3096} INFO - Sync 1 DAGs
[2024-07-11T04:22:28.199+0000] {logging_mixin.py:188} INFO - [2024-07-11T04:22:28.199+0000] {dag.py:3954} INFO - Setting next_dagrun for example_short_circuit_operator to 2024-07-10 00:00:00+00:00, run_after=2024-07-11 00:00:00+00:00
[2024-07-11T04:22:28.233+0000] {processor.py:183} INFO - Processing /home/airflow/.local/lib/python3.12/site-packages/airflow/example_dags/example_short_circuit_operator.py took 0.231 seconds
[2024-07-11T04:22:59.130+0000] {processor.py:161} INFO - Started process (PID=339) to work on /home/airflow/.local/lib/python3.12/site-packages/airflow/example_dags/example_short_circuit_operator.py
[2024-07-11T04:22:59.134+0000] {processor.py:830} INFO - Processing file /home/airflow/.local/lib/python3.12/site-packages/airflow/example_dags/example_short_circuit_operator.py for tasks to queue
[2024-07-11T04:22:59.171+0000] {logging_mixin.py:188} INFO - [2024-07-11T04:22:59.165+0000] {dagbag.py:545} INFO - Filling up the DagBag from /home/airflow/.local/lib/python3.12/site-packages/airflow/example_dags/example_short_circuit_operator.py
[2024-07-11T04:22:59.213+0000] {processor.py:840} INFO - DAG(s) 'example_short_circuit_operator' retrieved from /home/airflow/.local/lib/python3.12/site-packages/airflow/example_dags/example_short_circuit_operator.py
[2024-07-11T04:22:59.350+0000] {logging_mixin.py:188} INFO - [2024-07-11T04:22:59.350+0000] {dag.py:3096} INFO - Sync 1 DAGs
[2024-07-11T04:22:59.507+0000] {logging_mixin.py:188} INFO - [2024-07-11T04:22:59.507+0000] {dag.py:3954} INFO - Setting next_dagrun for example_short_circuit_operator to 2024-07-10 00:00:00+00:00, run_after=2024-07-11 00:00:00+00:00
[2024-07-11T04:22:59.578+0000] {processor.py:183} INFO - Processing /home/airflow/.local/lib/python3.12/site-packages/airflow/example_dags/example_short_circuit_operator.py took 0.484 seconds
[2024-07-11T04:23:30.036+0000] {processor.py:161} INFO - Started process (PID=396) to work on /home/airflow/.local/lib/python3.12/site-packages/airflow/example_dags/example_short_circuit_operator.py
[2024-07-11T04:23:30.036+0000] {processor.py:830} INFO - Processing file /home/airflow/.local/lib/python3.12/site-packages/airflow/example_dags/example_short_circuit_operator.py for tasks to queue
[2024-07-11T04:23:30.038+0000] {logging_mixin.py:188} INFO - [2024-07-11T04:23:30.038+0000] {dagbag.py:545} INFO - Filling up the DagBag from /home/airflow/.local/lib/python3.12/site-packages/airflow/example_dags/example_short_circuit_operator.py
[2024-07-11T04:23:30.046+0000] {processor.py:840} INFO - DAG(s) 'example_short_circuit_operator' retrieved from /home/airflow/.local/lib/python3.12/site-packages/airflow/example_dags/example_short_circuit_operator.py
[2024-07-11T04:23:30.078+0000] {logging_mixin.py:188} INFO - [2024-07-11T04:23:30.078+0000] {dag.py:3096} INFO - Sync 1 DAGs
[2024-07-11T04:23:30.104+0000] {logging_mixin.py:188} INFO - [2024-07-11T04:23:30.104+0000] {dag.py:3954} INFO - Setting next_dagrun for example_short_circuit_operator to 2024-07-10 00:00:00+00:00, run_after=2024-07-11 00:00:00+00:00
[2024-07-11T04:23:30.129+0000] {processor.py:183} INFO - Processing /home/airflow/.local/lib/python3.12/site-packages/airflow/example_dags/example_short_circuit_operator.py took 0.100 seconds
[2024-07-11T04:24:00.545+0000] {processor.py:161} INFO - Started process (PID=454) to work on /home/airflow/.local/lib/python3.12/site-packages/airflow/example_dags/example_short_circuit_operator.py
[2024-07-11T04:24:00.545+0000] {processor.py:830} INFO - Processing file /home/airflow/.local/lib/python3.12/site-packages/airflow/example_dags/example_short_circuit_operator.py for tasks to queue
[2024-07-11T04:24:00.551+0000] {logging_mixin.py:188} INFO - [2024-07-11T04:24:00.547+0000] {dagbag.py:545} INFO - Filling up the DagBag from /home/airflow/.local/lib/python3.12/site-packages/airflow/example_dags/example_short_circuit_operator.py
[2024-07-11T04:24:00.560+0000] {processor.py:840} INFO - DAG(s) 'example_short_circuit_operator' retrieved from /home/airflow/.local/lib/python3.12/site-packages/airflow/example_dags/example_short_circuit_operator.py
[2024-07-11T04:24:00.587+0000] {logging_mixin.py:188} INFO - [2024-07-11T04:24:00.587+0000] {dag.py:3096} INFO - Sync 1 DAGs
[2024-07-11T04:24:00.614+0000] {logging_mixin.py:188} INFO - [2024-07-11T04:24:00.614+0000] {dag.py:3954} INFO - Setting next_dagrun for example_short_circuit_operator to 2024-07-10 00:00:00+00:00, run_after=2024-07-11 00:00:00+00:00
[2024-07-11T04:24:00.639+0000] {processor.py:183} INFO - Processing /home/airflow/.local/lib/python3.12/site-packages/airflow/example_dags/example_short_circuit_operator.py took 0.101 seconds
[2024-07-11T04:24:30.829+0000] {processor.py:161} INFO - Started process (PID=513) to work on /home/airflow/.local/lib/python3.12/site-packages/airflow/example_dags/example_short_circuit_operator.py
[2024-07-11T04:24:30.830+0000] {processor.py:830} INFO - Processing file /home/airflow/.local/lib/python3.12/site-packages/airflow/example_dags/example_short_circuit_operator.py for tasks to queue
[2024-07-11T04:24:30.832+0000] {logging_mixin.py:188} INFO - [2024-07-11T04:24:30.832+0000] {dagbag.py:545} INFO - Filling up the DagBag from /home/airflow/.local/lib/python3.12/site-packages/airflow/example_dags/example_short_circuit_operator.py
[2024-07-11T04:24:30.841+0000] {processor.py:840} INFO - DAG(s) 'example_short_circuit_operator' retrieved from /home/airflow/.local/lib/python3.12/site-packages/airflow/example_dags/example_short_circuit_operator.py
[2024-07-11T04:24:30.874+0000] {logging_mixin.py:188} INFO - [2024-07-11T04:24:30.873+0000] {dag.py:3096} INFO - Sync 1 DAGs
[2024-07-11T04:24:30.907+0000] {logging_mixin.py:188} INFO - [2024-07-11T04:24:30.906+0000] {dag.py:3954} INFO - Setting next_dagrun for example_short_circuit_operator to 2024-07-10 00:00:00+00:00, run_after=2024-07-11 00:00:00+00:00
[2024-07-11T04:24:30.945+0000] {processor.py:183} INFO - Processing /home/airflow/.local/lib/python3.12/site-packages/airflow/example_dags/example_short_circuit_operator.py took 0.122 seconds
[2024-07-11T04:25:01.011+0000] {processor.py:161} INFO - Started process (PID=570) to work on /home/airflow/.local/lib/python3.12/site-packages/airflow/example_dags/example_short_circuit_operator.py
[2024-07-11T04:25:01.011+0000] {processor.py:830} INFO - Processing file /home/airflow/.local/lib/python3.12/site-packages/airflow/example_dags/example_short_circuit_operator.py for tasks to queue
[2024-07-11T04:25:01.013+0000] {logging_mixin.py:188} INFO - [2024-07-11T04:25:01.013+0000] {dagbag.py:545} INFO - Filling up the DagBag from /home/airflow/.local/lib/python3.12/site-packages/airflow/example_dags/example_short_circuit_operator.py
[2024-07-11T04:25:01.019+0000] {processor.py:840} INFO - DAG(s) 'example_short_circuit_operator' retrieved from /home/airflow/.local/lib/python3.12/site-packages/airflow/example_dags/example_short_circuit_operator.py
[2024-07-11T04:25:01.043+0000] {logging_mixin.py:188} INFO - [2024-07-11T04:25:01.043+0000] {dag.py:3096} INFO - Sync 1 DAGs
[2024-07-11T04:25:01.069+0000] {logging_mixin.py:188} INFO - [2024-07-11T04:25:01.069+0000] {dag.py:3954} INFO - Setting next_dagrun for example_short_circuit_operator to 2024-07-10 00:00:00+00:00, run_after=2024-07-11 00:00:00+00:00
[2024-07-11T04:25:01.101+0000] {processor.py:183} INFO - Processing /home/airflow/.local/lib/python3.12/site-packages/airflow/example_dags/example_short_circuit_operator.py took 0.095 seconds
[2024-07-11T04:25:31.688+0000] {processor.py:161} INFO - Started process (PID=630) to work on /home/airflow/.local/lib/python3.12/site-packages/airflow/example_dags/example_short_circuit_operator.py
[2024-07-11T04:25:31.688+0000] {processor.py:830} INFO - Processing file /home/airflow/.local/lib/python3.12/site-packages/airflow/example_dags/example_short_circuit_operator.py for tasks to queue
[2024-07-11T04:25:31.690+0000] {logging_mixin.py:188} INFO - [2024-07-11T04:25:31.690+0000] {dagbag.py:545} INFO - Filling up the DagBag from /home/airflow/.local/lib/python3.12/site-packages/airflow/example_dags/example_short_circuit_operator.py
[2024-07-11T04:25:31.698+0000] {processor.py:840} INFO - DAG(s) 'example_short_circuit_operator' retrieved from /home/airflow/.local/lib/python3.12/site-packages/airflow/example_dags/example_short_circuit_operator.py
[2024-07-11T04:25:31.728+0000] {logging_mixin.py:188} INFO - [2024-07-11T04:25:31.728+0000] {dag.py:3096} INFO - Sync 1 DAGs
[2024-07-11T04:25:31.754+0000] {logging_mixin.py:188} INFO - [2024-07-11T04:25:31.754+0000] {dag.py:3954} INFO - Setting next_dagrun for example_short_circuit_operator to 2024-07-10 00:00:00+00:00, run_after=2024-07-11 00:00:00+00:00
[2024-07-11T04:25:31.783+0000] {processor.py:183} INFO - Processing /home/airflow/.local/lib/python3.12/site-packages/airflow/example_dags/example_short_circuit_operator.py took 0.102 seconds
[2024-07-11T04:26:02.075+0000] {processor.py:161} INFO - Started process (PID=689) to work on /home/airflow/.local/lib/python3.12/site-packages/airflow/example_dags/example_short_circuit_operator.py
[2024-07-11T04:26:02.076+0000] {processor.py:830} INFO - Processing file /home/airflow/.local/lib/python3.12/site-packages/airflow/example_dags/example_short_circuit_operator.py for tasks to queue
[2024-07-11T04:26:02.078+0000] {logging_mixin.py:188} INFO - [2024-07-11T04:26:02.077+0000] {dagbag.py:545} INFO - Filling up the DagBag from /home/airflow/.local/lib/python3.12/site-packages/airflow/example_dags/example_short_circuit_operator.py
[2024-07-11T04:26:02.086+0000] {processor.py:840} INFO - DAG(s) 'example_short_circuit_operator' retrieved from /home/airflow/.local/lib/python3.12/site-packages/airflow/example_dags/example_short_circuit_operator.py
[2024-07-11T04:26:02.115+0000] {logging_mixin.py:188} INFO - [2024-07-11T04:26:02.115+0000] {dag.py:3096} INFO - Sync 1 DAGs
[2024-07-11T04:26:02.142+0000] {logging_mixin.py:188} INFO - [2024-07-11T04:26:02.142+0000] {dag.py:3954} INFO - Setting next_dagrun for example_short_circuit_operator to 2024-07-10 00:00:00+00:00, run_after=2024-07-11 00:00:00+00:00
[2024-07-11T04:26:02.169+0000] {processor.py:183} INFO - Processing /home/airflow/.local/lib/python3.12/site-packages/airflow/example_dags/example_short_circuit_operator.py took 0.100 seconds
[2024-07-11T04:26:32.756+0000] {processor.py:161} INFO - Started process (PID=748) to work on /home/airflow/.local/lib/python3.12/site-packages/airflow/example_dags/example_short_circuit_operator.py
[2024-07-11T04:26:32.757+0000] {processor.py:830} INFO - Processing file /home/airflow/.local/lib/python3.12/site-packages/airflow/example_dags/example_short_circuit_operator.py for tasks to queue
[2024-07-11T04:26:32.759+0000] {logging_mixin.py:188} INFO - [2024-07-11T04:26:32.758+0000] {dagbag.py:545} INFO - Filling up the DagBag from /home/airflow/.local/lib/python3.12/site-packages/airflow/example_dags/example_short_circuit_operator.py
[2024-07-11T04:26:32.767+0000] {processor.py:840} INFO - DAG(s) 'example_short_circuit_operator' retrieved from /home/airflow/.local/lib/python3.12/site-packages/airflow/example_dags/example_short_circuit_operator.py
[2024-07-11T04:26:32.795+0000] {logging_mixin.py:188} INFO - [2024-07-11T04:26:32.795+0000] {dag.py:3096} INFO - Sync 1 DAGs
[2024-07-11T04:26:32.821+0000] {logging_mixin.py:188} INFO - [2024-07-11T04:26:32.821+0000] {dag.py:3954} INFO - Setting next_dagrun for example_short_circuit_operator to 2024-07-10 00:00:00+00:00, run_after=2024-07-11 00:00:00+00:00
[2024-07-11T04:26:32.848+0000] {processor.py:183} INFO - Processing /home/airflow/.local/lib/python3.12/site-packages/airflow/example_dags/example_short_circuit_operator.py took 0.102 seconds
[2024-07-11T04:27:03.223+0000] {processor.py:161} INFO - Started process (PID=806) to work on /home/airflow/.local/lib/python3.12/site-packages/airflow/example_dags/example_short_circuit_operator.py
[2024-07-11T04:27:03.225+0000] {processor.py:830} INFO - Processing file /home/airflow/.local/lib/python3.12/site-packages/airflow/example_dags/example_short_circuit_operator.py for tasks to queue
[2024-07-11T04:27:03.227+0000] {logging_mixin.py:188} INFO - [2024-07-11T04:27:03.227+0000] {dagbag.py:545} INFO - Filling up the DagBag from /home/airflow/.local/lib/python3.12/site-packages/airflow/example_dags/example_short_circuit_operator.py
[2024-07-11T04:27:03.247+0000] {processor.py:840} INFO - DAG(s) 'example_short_circuit_operator' retrieved from /home/airflow/.local/lib/python3.12/site-packages/airflow/example_dags/example_short_circuit_operator.py
[2024-07-11T04:27:03.274+0000] {logging_mixin.py:188} INFO - [2024-07-11T04:27:03.274+0000] {dag.py:3096} INFO - Sync 1 DAGs
[2024-07-11T04:27:03.309+0000] {logging_mixin.py:188} INFO - [2024-07-11T04:27:03.309+0000] {dag.py:3954} INFO - Setting next_dagrun for example_short_circuit_operator to 2024-07-10 00:00:00+00:00, run_after=2024-07-11 00:00:00+00:00
[2024-07-11T04:27:03.368+0000] {processor.py:183} INFO - Processing /home/airflow/.local/lib/python3.12/site-packages/airflow/example_dags/example_short_circuit_operator.py took 0.195 seconds
[2024-07-11T04:27:33.929+0000] {processor.py:161} INFO - Started process (PID=865) to work on /home/airflow/.local/lib/python3.12/site-packages/airflow/example_dags/example_short_circuit_operator.py
[2024-07-11T04:27:33.944+0000] {processor.py:830} INFO - Processing file /home/airflow/.local/lib/python3.12/site-packages/airflow/example_dags/example_short_circuit_operator.py for tasks to queue
[2024-07-11T04:27:33.947+0000] {logging_mixin.py:188} INFO - [2024-07-11T04:27:33.946+0000] {dagbag.py:545} INFO - Filling up the DagBag from /home/airflow/.local/lib/python3.12/site-packages/airflow/example_dags/example_short_circuit_operator.py
[2024-07-11T04:27:33.971+0000] {processor.py:840} INFO - DAG(s) 'example_short_circuit_operator' retrieved from /home/airflow/.local/lib/python3.12/site-packages/airflow/example_dags/example_short_circuit_operator.py
[2024-07-11T04:27:34.079+0000] {logging_mixin.py:188} INFO - [2024-07-11T04:27:34.079+0000] {dag.py:3096} INFO - Sync 1 DAGs
[2024-07-11T04:27:34.171+0000] {logging_mixin.py:188} INFO - [2024-07-11T04:27:34.171+0000] {dag.py:3954} INFO - Setting next_dagrun for example_short_circuit_operator to 2024-07-10 00:00:00+00:00, run_after=2024-07-11 00:00:00+00:00
[2024-07-11T04:27:34.314+0000] {processor.py:183} INFO - Processing /home/airflow/.local/lib/python3.12/site-packages/airflow/example_dags/example_short_circuit_operator.py took 0.408 seconds
[2024-07-11T04:28:04.385+0000] {processor.py:161} INFO - Started process (PID=924) to work on /home/airflow/.local/lib/python3.12/site-packages/airflow/example_dags/example_short_circuit_operator.py
[2024-07-11T04:28:04.388+0000] {processor.py:830} INFO - Processing file /home/airflow/.local/lib/python3.12/site-packages/airflow/example_dags/example_short_circuit_operator.py for tasks to queue
[2024-07-11T04:28:04.389+0000] {logging_mixin.py:188} INFO - [2024-07-11T04:28:04.389+0000] {dagbag.py:545} INFO - Filling up the DagBag from /home/airflow/.local/lib/python3.12/site-packages/airflow/example_dags/example_short_circuit_operator.py
[2024-07-11T04:28:04.398+0000] {processor.py:840} INFO - DAG(s) 'example_short_circuit_operator' retrieved from /home/airflow/.local/lib/python3.12/site-packages/airflow/example_dags/example_short_circuit_operator.py
[2024-07-11T04:28:04.442+0000] {logging_mixin.py:188} INFO - [2024-07-11T04:28:04.442+0000] {dag.py:3096} INFO - Sync 1 DAGs
[2024-07-11T04:28:04.472+0000] {logging_mixin.py:188} INFO - [2024-07-11T04:28:04.472+0000] {dag.py:3954} INFO - Setting next_dagrun for example_short_circuit_operator to 2024-07-10 00:00:00+00:00, run_after=2024-07-11 00:00:00+00:00
[2024-07-11T04:28:04.514+0000] {processor.py:183} INFO - Processing /home/airflow/.local/lib/python3.12/site-packages/airflow/example_dags/example_short_circuit_operator.py took 0.146 seconds
[2024-07-11T04:28:34.749+0000] {processor.py:161} INFO - Started process (PID=982) to work on /home/airflow/.local/lib/python3.12/site-packages/airflow/example_dags/example_short_circuit_operator.py
[2024-07-11T04:28:34.750+0000] {processor.py:830} INFO - Processing file /home/airflow/.local/lib/python3.12/site-packages/airflow/example_dags/example_short_circuit_operator.py for tasks to queue
[2024-07-11T04:28:34.751+0000] {logging_mixin.py:188} INFO - [2024-07-11T04:28:34.751+0000] {dagbag.py:545} INFO - Filling up the DagBag from /home/airflow/.local/lib/python3.12/site-packages/airflow/example_dags/example_short_circuit_operator.py
[2024-07-11T04:28:34.759+0000] {processor.py:840} INFO - DAG(s) 'example_short_circuit_operator' retrieved from /home/airflow/.local/lib/python3.12/site-packages/airflow/example_dags/example_short_circuit_operator.py
[2024-07-11T04:28:34.789+0000] {logging_mixin.py:188} INFO - [2024-07-11T04:28:34.789+0000] {dag.py:3096} INFO - Sync 1 DAGs
[2024-07-11T04:28:34.815+0000] {logging_mixin.py:188} INFO - [2024-07-11T04:28:34.815+0000] {dag.py:3954} INFO - Setting next_dagrun for example_short_circuit_operator to 2024-07-10 00:00:00+00:00, run_after=2024-07-11 00:00:00+00:00
[2024-07-11T04:28:34.842+0000] {processor.py:183} INFO - Processing /home/airflow/.local/lib/python3.12/site-packages/airflow/example_dags/example_short_circuit_operator.py took 0.100 seconds
[2024-07-11T04:29:05.334+0000] {processor.py:161} INFO - Started process (PID=1040) to work on /home/airflow/.local/lib/python3.12/site-packages/airflow/example_dags/example_short_circuit_operator.py
[2024-07-11T04:29:05.335+0000] {processor.py:830} INFO - Processing file /home/airflow/.local/lib/python3.12/site-packages/airflow/example_dags/example_short_circuit_operator.py for tasks to queue
[2024-07-11T04:29:05.341+0000] {logging_mixin.py:188} INFO - [2024-07-11T04:29:05.339+0000] {dagbag.py:545} INFO - Filling up the DagBag from /home/airflow/.local/lib/python3.12/site-packages/airflow/example_dags/example_short_circuit_operator.py
[2024-07-11T04:29:05.349+0000] {processor.py:840} INFO - DAG(s) 'example_short_circuit_operator' retrieved from /home/airflow/.local/lib/python3.12/site-packages/airflow/example_dags/example_short_circuit_operator.py
[2024-07-11T04:29:05.388+0000] {logging_mixin.py:188} INFO - [2024-07-11T04:29:05.387+0000] {dag.py:3096} INFO - Sync 1 DAGs
[2024-07-11T04:29:05.414+0000] {logging_mixin.py:188} INFO - [2024-07-11T04:29:05.414+0000] {dag.py:3954} INFO - Setting next_dagrun for example_short_circuit_operator to 2024-07-10 00:00:00+00:00, run_after=2024-07-11 00:00:00+00:00
[2024-07-11T04:29:05.449+0000] {processor.py:183} INFO - Processing /home/airflow/.local/lib/python3.12/site-packages/airflow/example_dags/example_short_circuit_operator.py took 0.122 seconds
