[2024-07-11T04:20:30.051+0000] {processor.py:161} INFO - Started process (PID=61) to work on /home/airflow/.local/lib/python3.12/site-packages/airflow/example_dags/example_dynamic_task_mapping_with_no_taskflow_operators.py
[2024-07-11T04:20:30.056+0000] {processor.py:830} INFO - Processing file /home/airflow/.local/lib/python3.12/site-packages/airflow/example_dags/example_dynamic_task_mapping_with_no_taskflow_operators.py for tasks to queue
[2024-07-11T04:20:30.060+0000] {logging_mixin.py:188} INFO - [2024-07-11T04:20:30.059+0000] {dagbag.py:545} INFO - Filling up the DagBag from /home/airflow/.local/lib/python3.12/site-packages/airflow/example_dags/example_dynamic_task_mapping_with_no_taskflow_operators.py
[2024-07-11T04:20:30.067+0000] {processor.py:840} INFO - DAG(s) 'example_dynamic_task_mapping_with_no_taskflow_operators' retrieved from /home/airflow/.local/lib/python3.12/site-packages/airflow/example_dags/example_dynamic_task_mapping_with_no_taskflow_operators.py
[2024-07-11T04:20:30.386+0000] {logging_mixin.py:188} INFO - [2024-07-11T04:20:30.386+0000] {dag.py:3096} INFO - Sync 1 DAGs
[2024-07-11T04:20:30.435+0000] {logging_mixin.py:188} INFO - [2024-07-11T04:20:30.435+0000] {dag.py:3954} INFO - Setting next_dagrun for example_dynamic_task_mapping_with_no_taskflow_operators to 2024-07-10 00:00:00+00:00, run_after=2024-07-11 00:00:00+00:00
[2024-07-11T04:20:30.545+0000] {processor.py:183} INFO - Processing /home/airflow/.local/lib/python3.12/site-packages/airflow/example_dags/example_dynamic_task_mapping_with_no_taskflow_operators.py took 0.529 seconds
[2024-07-11T04:21:01.444+0000] {processor.py:161} INFO - Started process (PID=120) to work on /home/airflow/.local/lib/python3.12/site-packages/airflow/example_dags/example_dynamic_task_mapping_with_no_taskflow_operators.py
[2024-07-11T04:21:01.444+0000] {processor.py:830} INFO - Processing file /home/airflow/.local/lib/python3.12/site-packages/airflow/example_dags/example_dynamic_task_mapping_with_no_taskflow_operators.py for tasks to queue
[2024-07-11T04:21:01.447+0000] {logging_mixin.py:188} INFO - [2024-07-11T04:21:01.446+0000] {dagbag.py:545} INFO - Filling up the DagBag from /home/airflow/.local/lib/python3.12/site-packages/airflow/example_dags/example_dynamic_task_mapping_with_no_taskflow_operators.py
[2024-07-11T04:21:01.453+0000] {processor.py:840} INFO - DAG(s) 'example_dynamic_task_mapping_with_no_taskflow_operators' retrieved from /home/airflow/.local/lib/python3.12/site-packages/airflow/example_dags/example_dynamic_task_mapping_with_no_taskflow_operators.py
[2024-07-11T04:21:01.473+0000] {logging_mixin.py:188} INFO - [2024-07-11T04:21:01.473+0000] {dag.py:3096} INFO - Sync 1 DAGs
[2024-07-11T04:21:01.500+0000] {logging_mixin.py:188} INFO - [2024-07-11T04:21:01.500+0000] {dag.py:3954} INFO - Setting next_dagrun for example_dynamic_task_mapping_with_no_taskflow_operators to 2024-07-10 00:00:00+00:00, run_after=2024-07-11 00:00:00+00:00
[2024-07-11T04:21:01.526+0000] {processor.py:183} INFO - Processing /home/airflow/.local/lib/python3.12/site-packages/airflow/example_dags/example_dynamic_task_mapping_with_no_taskflow_operators.py took 0.088 seconds
[2024-07-11T04:21:32.260+0000] {processor.py:161} INFO - Started process (PID=179) to work on /home/airflow/.local/lib/python3.12/site-packages/airflow/example_dags/example_dynamic_task_mapping_with_no_taskflow_operators.py
[2024-07-11T04:21:32.261+0000] {processor.py:830} INFO - Processing file /home/airflow/.local/lib/python3.12/site-packages/airflow/example_dags/example_dynamic_task_mapping_with_no_taskflow_operators.py for tasks to queue
[2024-07-11T04:21:32.274+0000] {logging_mixin.py:188} INFO - [2024-07-11T04:21:32.273+0000] {dagbag.py:545} INFO - Filling up the DagBag from /home/airflow/.local/lib/python3.12/site-packages/airflow/example_dags/example_dynamic_task_mapping_with_no_taskflow_operators.py
[2024-07-11T04:21:32.282+0000] {processor.py:840} INFO - DAG(s) 'example_dynamic_task_mapping_with_no_taskflow_operators' retrieved from /home/airflow/.local/lib/python3.12/site-packages/airflow/example_dags/example_dynamic_task_mapping_with_no_taskflow_operators.py
[2024-07-11T04:21:32.320+0000] {logging_mixin.py:188} INFO - [2024-07-11T04:21:32.320+0000] {dag.py:3096} INFO - Sync 1 DAGs
[2024-07-11T04:21:32.374+0000] {logging_mixin.py:188} INFO - [2024-07-11T04:21:32.374+0000] {dag.py:3954} INFO - Setting next_dagrun for example_dynamic_task_mapping_with_no_taskflow_operators to 2024-07-10 00:00:00+00:00, run_after=2024-07-11 00:00:00+00:00
[2024-07-11T04:21:32.420+0000] {processor.py:183} INFO - Processing /home/airflow/.local/lib/python3.12/site-packages/airflow/example_dags/example_dynamic_task_mapping_with_no_taskflow_operators.py took 0.166 seconds
[2024-07-11T04:22:03.148+0000] {processor.py:161} INFO - Started process (PID=237) to work on /home/airflow/.local/lib/python3.12/site-packages/airflow/example_dags/example_dynamic_task_mapping_with_no_taskflow_operators.py
[2024-07-11T04:22:03.149+0000] {processor.py:830} INFO - Processing file /home/airflow/.local/lib/python3.12/site-packages/airflow/example_dags/example_dynamic_task_mapping_with_no_taskflow_operators.py for tasks to queue
[2024-07-11T04:22:03.151+0000] {logging_mixin.py:188} INFO - [2024-07-11T04:22:03.150+0000] {dagbag.py:545} INFO - Filling up the DagBag from /home/airflow/.local/lib/python3.12/site-packages/airflow/example_dags/example_dynamic_task_mapping_with_no_taskflow_operators.py
[2024-07-11T04:22:03.161+0000] {processor.py:840} INFO - DAG(s) 'example_dynamic_task_mapping_with_no_taskflow_operators' retrieved from /home/airflow/.local/lib/python3.12/site-packages/airflow/example_dags/example_dynamic_task_mapping_with_no_taskflow_operators.py
[2024-07-11T04:22:03.182+0000] {logging_mixin.py:188} INFO - [2024-07-11T04:22:03.181+0000] {dag.py:3096} INFO - Sync 1 DAGs
[2024-07-11T04:22:03.207+0000] {logging_mixin.py:188} INFO - [2024-07-11T04:22:03.207+0000] {dag.py:3954} INFO - Setting next_dagrun for example_dynamic_task_mapping_with_no_taskflow_operators to 2024-07-10 00:00:00+00:00, run_after=2024-07-11 00:00:00+00:00
[2024-07-11T04:22:03.233+0000] {processor.py:183} INFO - Processing /home/airflow/.local/lib/python3.12/site-packages/airflow/example_dags/example_dynamic_task_mapping_with_no_taskflow_operators.py took 0.091 seconds
[2024-07-11T04:22:33.980+0000] {processor.py:161} INFO - Started process (PID=295) to work on /home/airflow/.local/lib/python3.12/site-packages/airflow/example_dags/example_dynamic_task_mapping_with_no_taskflow_operators.py
[2024-07-11T04:22:33.980+0000] {processor.py:830} INFO - Processing file /home/airflow/.local/lib/python3.12/site-packages/airflow/example_dags/example_dynamic_task_mapping_with_no_taskflow_operators.py for tasks to queue
[2024-07-11T04:22:33.982+0000] {logging_mixin.py:188} INFO - [2024-07-11T04:22:33.982+0000] {dagbag.py:545} INFO - Filling up the DagBag from /home/airflow/.local/lib/python3.12/site-packages/airflow/example_dags/example_dynamic_task_mapping_with_no_taskflow_operators.py
[2024-07-11T04:22:33.989+0000] {processor.py:840} INFO - DAG(s) 'example_dynamic_task_mapping_with_no_taskflow_operators' retrieved from /home/airflow/.local/lib/python3.12/site-packages/airflow/example_dags/example_dynamic_task_mapping_with_no_taskflow_operators.py
[2024-07-11T04:22:34.020+0000] {logging_mixin.py:188} INFO - [2024-07-11T04:22:34.020+0000] {dag.py:3096} INFO - Sync 1 DAGs
[2024-07-11T04:22:34.048+0000] {logging_mixin.py:188} INFO - [2024-07-11T04:22:34.048+0000] {dag.py:3954} INFO - Setting next_dagrun for example_dynamic_task_mapping_with_no_taskflow_operators to 2024-07-10 00:00:00+00:00, run_after=2024-07-11 00:00:00+00:00
[2024-07-11T04:22:34.104+0000] {processor.py:183} INFO - Processing /home/airflow/.local/lib/python3.12/site-packages/airflow/example_dags/example_dynamic_task_mapping_with_no_taskflow_operators.py took 0.131 seconds
[2024-07-11T04:23:04.633+0000] {processor.py:161} INFO - Started process (PID=353) to work on /home/airflow/.local/lib/python3.12/site-packages/airflow/example_dags/example_dynamic_task_mapping_with_no_taskflow_operators.py
[2024-07-11T04:23:04.633+0000] {processor.py:830} INFO - Processing file /home/airflow/.local/lib/python3.12/site-packages/airflow/example_dags/example_dynamic_task_mapping_with_no_taskflow_operators.py for tasks to queue
[2024-07-11T04:23:04.635+0000] {logging_mixin.py:188} INFO - [2024-07-11T04:23:04.635+0000] {dagbag.py:545} INFO - Filling up the DagBag from /home/airflow/.local/lib/python3.12/site-packages/airflow/example_dags/example_dynamic_task_mapping_with_no_taskflow_operators.py
[2024-07-11T04:23:04.642+0000] {processor.py:840} INFO - DAG(s) 'example_dynamic_task_mapping_with_no_taskflow_operators' retrieved from /home/airflow/.local/lib/python3.12/site-packages/airflow/example_dags/example_dynamic_task_mapping_with_no_taskflow_operators.py
[2024-07-11T04:23:04.663+0000] {logging_mixin.py:188} INFO - [2024-07-11T04:23:04.663+0000] {dag.py:3096} INFO - Sync 1 DAGs
[2024-07-11T04:23:04.689+0000] {logging_mixin.py:188} INFO - [2024-07-11T04:23:04.688+0000] {dag.py:3954} INFO - Setting next_dagrun for example_dynamic_task_mapping_with_no_taskflow_operators to 2024-07-10 00:00:00+00:00, run_after=2024-07-11 00:00:00+00:00
[2024-07-11T04:23:04.715+0000] {processor.py:183} INFO - Processing /home/airflow/.local/lib/python3.12/site-packages/airflow/example_dags/example_dynamic_task_mapping_with_no_taskflow_operators.py took 0.089 seconds
[2024-07-11T04:23:35.570+0000] {processor.py:161} INFO - Started process (PID=410) to work on /home/airflow/.local/lib/python3.12/site-packages/airflow/example_dags/example_dynamic_task_mapping_with_no_taskflow_operators.py
[2024-07-11T04:23:35.581+0000] {processor.py:830} INFO - Processing file /home/airflow/.local/lib/python3.12/site-packages/airflow/example_dags/example_dynamic_task_mapping_with_no_taskflow_operators.py for tasks to queue
[2024-07-11T04:23:35.583+0000] {logging_mixin.py:188} INFO - [2024-07-11T04:23:35.583+0000] {dagbag.py:545} INFO - Filling up the DagBag from /home/airflow/.local/lib/python3.12/site-packages/airflow/example_dags/example_dynamic_task_mapping_with_no_taskflow_operators.py
[2024-07-11T04:23:35.626+0000] {processor.py:840} INFO - DAG(s) 'example_dynamic_task_mapping_with_no_taskflow_operators' retrieved from /home/airflow/.local/lib/python3.12/site-packages/airflow/example_dags/example_dynamic_task_mapping_with_no_taskflow_operators.py
[2024-07-11T04:23:35.717+0000] {logging_mixin.py:188} INFO - [2024-07-11T04:23:35.717+0000] {dag.py:3096} INFO - Sync 1 DAGs
[2024-07-11T04:23:35.772+0000] {logging_mixin.py:188} INFO - [2024-07-11T04:23:35.771+0000] {dag.py:3954} INFO - Setting next_dagrun for example_dynamic_task_mapping_with_no_taskflow_operators to 2024-07-10 00:00:00+00:00, run_after=2024-07-11 00:00:00+00:00
[2024-07-11T04:23:35.817+0000] {processor.py:183} INFO - Processing /home/airflow/.local/lib/python3.12/site-packages/airflow/example_dags/example_dynamic_task_mapping_with_no_taskflow_operators.py took 0.294 seconds
[2024-07-11T04:24:06.611+0000] {processor.py:161} INFO - Started process (PID=468) to work on /home/airflow/.local/lib/python3.12/site-packages/airflow/example_dags/example_dynamic_task_mapping_with_no_taskflow_operators.py
[2024-07-11T04:24:06.612+0000] {processor.py:830} INFO - Processing file /home/airflow/.local/lib/python3.12/site-packages/airflow/example_dags/example_dynamic_task_mapping_with_no_taskflow_operators.py for tasks to queue
[2024-07-11T04:24:06.614+0000] {logging_mixin.py:188} INFO - [2024-07-11T04:24:06.614+0000] {dagbag.py:545} INFO - Filling up the DagBag from /home/airflow/.local/lib/python3.12/site-packages/airflow/example_dags/example_dynamic_task_mapping_with_no_taskflow_operators.py
[2024-07-11T04:24:06.621+0000] {processor.py:840} INFO - DAG(s) 'example_dynamic_task_mapping_with_no_taskflow_operators' retrieved from /home/airflow/.local/lib/python3.12/site-packages/airflow/example_dags/example_dynamic_task_mapping_with_no_taskflow_operators.py
[2024-07-11T04:24:06.643+0000] {logging_mixin.py:188} INFO - [2024-07-11T04:24:06.643+0000] {dag.py:3096} INFO - Sync 1 DAGs
[2024-07-11T04:24:06.669+0000] {logging_mixin.py:188} INFO - [2024-07-11T04:24:06.669+0000] {dag.py:3954} INFO - Setting next_dagrun for example_dynamic_task_mapping_with_no_taskflow_operators to 2024-07-10 00:00:00+00:00, run_after=2024-07-11 00:00:00+00:00
[2024-07-11T04:24:06.697+0000] {processor.py:183} INFO - Processing /home/airflow/.local/lib/python3.12/site-packages/airflow/example_dags/example_dynamic_task_mapping_with_no_taskflow_operators.py took 0.092 seconds
[2024-07-11T04:24:36.827+0000] {processor.py:161} INFO - Started process (PID=527) to work on /home/airflow/.local/lib/python3.12/site-packages/airflow/example_dags/example_dynamic_task_mapping_with_no_taskflow_operators.py
[2024-07-11T04:24:36.829+0000] {processor.py:830} INFO - Processing file /home/airflow/.local/lib/python3.12/site-packages/airflow/example_dags/example_dynamic_task_mapping_with_no_taskflow_operators.py for tasks to queue
[2024-07-11T04:24:36.831+0000] {logging_mixin.py:188} INFO - [2024-07-11T04:24:36.831+0000] {dagbag.py:545} INFO - Filling up the DagBag from /home/airflow/.local/lib/python3.12/site-packages/airflow/example_dags/example_dynamic_task_mapping_with_no_taskflow_operators.py
[2024-07-11T04:24:36.841+0000] {processor.py:840} INFO - DAG(s) 'example_dynamic_task_mapping_with_no_taskflow_operators' retrieved from /home/airflow/.local/lib/python3.12/site-packages/airflow/example_dags/example_dynamic_task_mapping_with_no_taskflow_operators.py
[2024-07-11T04:24:36.863+0000] {logging_mixin.py:188} INFO - [2024-07-11T04:24:36.863+0000] {dag.py:3096} INFO - Sync 1 DAGs
[2024-07-11T04:24:36.904+0000] {logging_mixin.py:188} INFO - [2024-07-11T04:24:36.904+0000] {dag.py:3954} INFO - Setting next_dagrun for example_dynamic_task_mapping_with_no_taskflow_operators to 2024-07-10 00:00:00+00:00, run_after=2024-07-11 00:00:00+00:00
[2024-07-11T04:24:36.933+0000] {processor.py:183} INFO - Processing /home/airflow/.local/lib/python3.12/site-packages/airflow/example_dags/example_dynamic_task_mapping_with_no_taskflow_operators.py took 0.112 seconds
[2024-07-11T04:25:07.057+0000] {processor.py:161} INFO - Started process (PID=585) to work on /home/airflow/.local/lib/python3.12/site-packages/airflow/example_dags/example_dynamic_task_mapping_with_no_taskflow_operators.py
[2024-07-11T04:25:07.058+0000] {processor.py:830} INFO - Processing file /home/airflow/.local/lib/python3.12/site-packages/airflow/example_dags/example_dynamic_task_mapping_with_no_taskflow_operators.py for tasks to queue
[2024-07-11T04:25:07.060+0000] {logging_mixin.py:188} INFO - [2024-07-11T04:25:07.060+0000] {dagbag.py:545} INFO - Filling up the DagBag from /home/airflow/.local/lib/python3.12/site-packages/airflow/example_dags/example_dynamic_task_mapping_with_no_taskflow_operators.py
[2024-07-11T04:25:07.068+0000] {processor.py:840} INFO - DAG(s) 'example_dynamic_task_mapping_with_no_taskflow_operators' retrieved from /home/airflow/.local/lib/python3.12/site-packages/airflow/example_dags/example_dynamic_task_mapping_with_no_taskflow_operators.py
[2024-07-11T04:25:07.111+0000] {logging_mixin.py:188} INFO - [2024-07-11T04:25:07.110+0000] {dag.py:3096} INFO - Sync 1 DAGs
[2024-07-11T04:25:07.138+0000] {logging_mixin.py:188} INFO - [2024-07-11T04:25:07.138+0000] {dag.py:3954} INFO - Setting next_dagrun for example_dynamic_task_mapping_with_no_taskflow_operators to 2024-07-10 00:00:00+00:00, run_after=2024-07-11 00:00:00+00:00
[2024-07-11T04:25:07.167+0000] {processor.py:183} INFO - Processing /home/airflow/.local/lib/python3.12/site-packages/airflow/example_dags/example_dynamic_task_mapping_with_no_taskflow_operators.py took 0.116 seconds
[2024-07-11T04:25:37.498+0000] {processor.py:161} INFO - Started process (PID=644) to work on /home/airflow/.local/lib/python3.12/site-packages/airflow/example_dags/example_dynamic_task_mapping_with_no_taskflow_operators.py
[2024-07-11T04:25:37.499+0000] {processor.py:830} INFO - Processing file /home/airflow/.local/lib/python3.12/site-packages/airflow/example_dags/example_dynamic_task_mapping_with_no_taskflow_operators.py for tasks to queue
[2024-07-11T04:25:37.501+0000] {logging_mixin.py:188} INFO - [2024-07-11T04:25:37.500+0000] {dagbag.py:545} INFO - Filling up the DagBag from /home/airflow/.local/lib/python3.12/site-packages/airflow/example_dags/example_dynamic_task_mapping_with_no_taskflow_operators.py
[2024-07-11T04:25:37.508+0000] {processor.py:840} INFO - DAG(s) 'example_dynamic_task_mapping_with_no_taskflow_operators' retrieved from /home/airflow/.local/lib/python3.12/site-packages/airflow/example_dags/example_dynamic_task_mapping_with_no_taskflow_operators.py
[2024-07-11T04:25:37.528+0000] {logging_mixin.py:188} INFO - [2024-07-11T04:25:37.527+0000] {dag.py:3096} INFO - Sync 1 DAGs
[2024-07-11T04:25:37.554+0000] {logging_mixin.py:188} INFO - [2024-07-11T04:25:37.553+0000] {dag.py:3954} INFO - Setting next_dagrun for example_dynamic_task_mapping_with_no_taskflow_operators to 2024-07-10 00:00:00+00:00, run_after=2024-07-11 00:00:00+00:00
[2024-07-11T04:25:37.578+0000] {processor.py:183} INFO - Processing /home/airflow/.local/lib/python3.12/site-packages/airflow/example_dags/example_dynamic_task_mapping_with_no_taskflow_operators.py took 0.088 seconds
[2024-07-11T04:26:08.151+0000] {processor.py:161} INFO - Started process (PID=703) to work on /home/airflow/.local/lib/python3.12/site-packages/airflow/example_dags/example_dynamic_task_mapping_with_no_taskflow_operators.py
[2024-07-11T04:26:08.151+0000] {processor.py:830} INFO - Processing file /home/airflow/.local/lib/python3.12/site-packages/airflow/example_dags/example_dynamic_task_mapping_with_no_taskflow_operators.py for tasks to queue
[2024-07-11T04:26:08.153+0000] {logging_mixin.py:188} INFO - [2024-07-11T04:26:08.153+0000] {dagbag.py:545} INFO - Filling up the DagBag from /home/airflow/.local/lib/python3.12/site-packages/airflow/example_dags/example_dynamic_task_mapping_with_no_taskflow_operators.py
[2024-07-11T04:26:08.160+0000] {processor.py:840} INFO - DAG(s) 'example_dynamic_task_mapping_with_no_taskflow_operators' retrieved from /home/airflow/.local/lib/python3.12/site-packages/airflow/example_dags/example_dynamic_task_mapping_with_no_taskflow_operators.py
[2024-07-11T04:26:08.181+0000] {logging_mixin.py:188} INFO - [2024-07-11T04:26:08.181+0000] {dag.py:3096} INFO - Sync 1 DAGs
[2024-07-11T04:26:08.207+0000] {logging_mixin.py:188} INFO - [2024-07-11T04:26:08.207+0000] {dag.py:3954} INFO - Setting next_dagrun for example_dynamic_task_mapping_with_no_taskflow_operators to 2024-07-10 00:00:00+00:00, run_after=2024-07-11 00:00:00+00:00
[2024-07-11T04:26:08.231+0000] {processor.py:183} INFO - Processing /home/airflow/.local/lib/python3.12/site-packages/airflow/example_dags/example_dynamic_task_mapping_with_no_taskflow_operators.py took 0.087 seconds
[2024-07-11T04:26:38.615+0000] {processor.py:161} INFO - Started process (PID=762) to work on /home/airflow/.local/lib/python3.12/site-packages/airflow/example_dags/example_dynamic_task_mapping_with_no_taskflow_operators.py
[2024-07-11T04:26:38.616+0000] {processor.py:830} INFO - Processing file /home/airflow/.local/lib/python3.12/site-packages/airflow/example_dags/example_dynamic_task_mapping_with_no_taskflow_operators.py for tasks to queue
[2024-07-11T04:26:38.618+0000] {logging_mixin.py:188} INFO - [2024-07-11T04:26:38.617+0000] {dagbag.py:545} INFO - Filling up the DagBag from /home/airflow/.local/lib/python3.12/site-packages/airflow/example_dags/example_dynamic_task_mapping_with_no_taskflow_operators.py
[2024-07-11T04:26:38.625+0000] {processor.py:840} INFO - DAG(s) 'example_dynamic_task_mapping_with_no_taskflow_operators' retrieved from /home/airflow/.local/lib/python3.12/site-packages/airflow/example_dags/example_dynamic_task_mapping_with_no_taskflow_operators.py
[2024-07-11T04:26:38.646+0000] {logging_mixin.py:188} INFO - [2024-07-11T04:26:38.646+0000] {dag.py:3096} INFO - Sync 1 DAGs
[2024-07-11T04:26:38.683+0000] {logging_mixin.py:188} INFO - [2024-07-11T04:26:38.683+0000] {dag.py:3954} INFO - Setting next_dagrun for example_dynamic_task_mapping_with_no_taskflow_operators to 2024-07-10 00:00:00+00:00, run_after=2024-07-11 00:00:00+00:00
[2024-07-11T04:26:38.720+0000] {processor.py:183} INFO - Processing /home/airflow/.local/lib/python3.12/site-packages/airflow/example_dags/example_dynamic_task_mapping_with_no_taskflow_operators.py took 0.111 seconds
[2024-07-11T04:27:09.147+0000] {processor.py:161} INFO - Started process (PID=820) to work on /home/airflow/.local/lib/python3.12/site-packages/airflow/example_dags/example_dynamic_task_mapping_with_no_taskflow_operators.py
[2024-07-11T04:27:09.148+0000] {processor.py:830} INFO - Processing file /home/airflow/.local/lib/python3.12/site-packages/airflow/example_dags/example_dynamic_task_mapping_with_no_taskflow_operators.py for tasks to queue
[2024-07-11T04:27:09.149+0000] {logging_mixin.py:188} INFO - [2024-07-11T04:27:09.149+0000] {dagbag.py:545} INFO - Filling up the DagBag from /home/airflow/.local/lib/python3.12/site-packages/airflow/example_dags/example_dynamic_task_mapping_with_no_taskflow_operators.py
[2024-07-11T04:27:09.156+0000] {processor.py:840} INFO - DAG(s) 'example_dynamic_task_mapping_with_no_taskflow_operators' retrieved from /home/airflow/.local/lib/python3.12/site-packages/airflow/example_dags/example_dynamic_task_mapping_with_no_taskflow_operators.py
[2024-07-11T04:27:09.177+0000] {logging_mixin.py:188} INFO - [2024-07-11T04:27:09.177+0000] {dag.py:3096} INFO - Sync 1 DAGs
[2024-07-11T04:27:09.235+0000] {logging_mixin.py:188} INFO - [2024-07-11T04:27:09.235+0000] {dag.py:3954} INFO - Setting next_dagrun for example_dynamic_task_mapping_with_no_taskflow_operators to 2024-07-10 00:00:00+00:00, run_after=2024-07-11 00:00:00+00:00
[2024-07-11T04:27:09.276+0000] {processor.py:183} INFO - Processing /home/airflow/.local/lib/python3.12/site-packages/airflow/example_dags/example_dynamic_task_mapping_with_no_taskflow_operators.py took 0.139 seconds
[2024-07-11T04:27:39.989+0000] {processor.py:161} INFO - Started process (PID=879) to work on /home/airflow/.local/lib/python3.12/site-packages/airflow/example_dags/example_dynamic_task_mapping_with_no_taskflow_operators.py
[2024-07-11T04:27:39.990+0000] {processor.py:830} INFO - Processing file /home/airflow/.local/lib/python3.12/site-packages/airflow/example_dags/example_dynamic_task_mapping_with_no_taskflow_operators.py for tasks to queue
[2024-07-11T04:27:39.991+0000] {logging_mixin.py:188} INFO - [2024-07-11T04:27:39.991+0000] {dagbag.py:545} INFO - Filling up the DagBag from /home/airflow/.local/lib/python3.12/site-packages/airflow/example_dags/example_dynamic_task_mapping_with_no_taskflow_operators.py
[2024-07-11T04:27:40.002+0000] {processor.py:840} INFO - DAG(s) 'example_dynamic_task_mapping_with_no_taskflow_operators' retrieved from /home/airflow/.local/lib/python3.12/site-packages/airflow/example_dags/example_dynamic_task_mapping_with_no_taskflow_operators.py
[2024-07-11T04:27:40.022+0000] {logging_mixin.py:188} INFO - [2024-07-11T04:27:40.022+0000] {dag.py:3096} INFO - Sync 1 DAGs
[2024-07-11T04:27:40.048+0000] {logging_mixin.py:188} INFO - [2024-07-11T04:27:40.048+0000] {dag.py:3954} INFO - Setting next_dagrun for example_dynamic_task_mapping_with_no_taskflow_operators to 2024-07-10 00:00:00+00:00, run_after=2024-07-11 00:00:00+00:00
[2024-07-11T04:27:40.073+0000] {processor.py:183} INFO - Processing /home/airflow/.local/lib/python3.12/site-packages/airflow/example_dags/example_dynamic_task_mapping_with_no_taskflow_operators.py took 0.091 seconds
[2024-07-11T04:28:10.807+0000] {processor.py:161} INFO - Started process (PID=938) to work on /home/airflow/.local/lib/python3.12/site-packages/airflow/example_dags/example_dynamic_task_mapping_with_no_taskflow_operators.py
[2024-07-11T04:28:10.808+0000] {processor.py:830} INFO - Processing file /home/airflow/.local/lib/python3.12/site-packages/airflow/example_dags/example_dynamic_task_mapping_with_no_taskflow_operators.py for tasks to queue
[2024-07-11T04:28:10.810+0000] {logging_mixin.py:188} INFO - [2024-07-11T04:28:10.810+0000] {dagbag.py:545} INFO - Filling up the DagBag from /home/airflow/.local/lib/python3.12/site-packages/airflow/example_dags/example_dynamic_task_mapping_with_no_taskflow_operators.py
[2024-07-11T04:28:10.826+0000] {processor.py:840} INFO - DAG(s) 'example_dynamic_task_mapping_with_no_taskflow_operators' retrieved from /home/airflow/.local/lib/python3.12/site-packages/airflow/example_dags/example_dynamic_task_mapping_with_no_taskflow_operators.py
[2024-07-11T04:28:10.872+0000] {logging_mixin.py:188} INFO - [2024-07-11T04:28:10.871+0000] {dag.py:3096} INFO - Sync 1 DAGs
[2024-07-11T04:28:10.926+0000] {logging_mixin.py:188} INFO - [2024-07-11T04:28:10.926+0000] {dag.py:3954} INFO - Setting next_dagrun for example_dynamic_task_mapping_with_no_taskflow_operators to 2024-07-10 00:00:00+00:00, run_after=2024-07-11 00:00:00+00:00
[2024-07-11T04:28:10.971+0000] {processor.py:183} INFO - Processing /home/airflow/.local/lib/python3.12/site-packages/airflow/example_dags/example_dynamic_task_mapping_with_no_taskflow_operators.py took 0.179 seconds
[2024-07-11T04:28:41.822+0000] {processor.py:161} INFO - Started process (PID=996) to work on /home/airflow/.local/lib/python3.12/site-packages/airflow/example_dags/example_dynamic_task_mapping_with_no_taskflow_operators.py
[2024-07-11T04:28:41.824+0000] {processor.py:830} INFO - Processing file /home/airflow/.local/lib/python3.12/site-packages/airflow/example_dags/example_dynamic_task_mapping_with_no_taskflow_operators.py for tasks to queue
[2024-07-11T04:28:41.826+0000] {logging_mixin.py:188} INFO - [2024-07-11T04:28:41.826+0000] {dagbag.py:545} INFO - Filling up the DagBag from /home/airflow/.local/lib/python3.12/site-packages/airflow/example_dags/example_dynamic_task_mapping_with_no_taskflow_operators.py
[2024-07-11T04:28:41.837+0000] {processor.py:840} INFO - DAG(s) 'example_dynamic_task_mapping_with_no_taskflow_operators' retrieved from /home/airflow/.local/lib/python3.12/site-packages/airflow/example_dags/example_dynamic_task_mapping_with_no_taskflow_operators.py
[2024-07-11T04:28:41.894+0000] {logging_mixin.py:188} INFO - [2024-07-11T04:28:41.894+0000] {dag.py:3096} INFO - Sync 1 DAGs
[2024-07-11T04:28:41.936+0000] {logging_mixin.py:188} INFO - [2024-07-11T04:28:41.935+0000] {dag.py:3954} INFO - Setting next_dagrun for example_dynamic_task_mapping_with_no_taskflow_operators to 2024-07-10 00:00:00+00:00, run_after=2024-07-11 00:00:00+00:00
[2024-07-11T04:28:41.967+0000] {processor.py:183} INFO - Processing /home/airflow/.local/lib/python3.12/site-packages/airflow/example_dags/example_dynamic_task_mapping_with_no_taskflow_operators.py took 0.166 seconds
[2024-07-11T04:29:12.729+0000] {processor.py:161} INFO - Started process (PID=1054) to work on /home/airflow/.local/lib/python3.12/site-packages/airflow/example_dags/example_dynamic_task_mapping_with_no_taskflow_operators.py
[2024-07-11T04:29:12.731+0000] {processor.py:830} INFO - Processing file /home/airflow/.local/lib/python3.12/site-packages/airflow/example_dags/example_dynamic_task_mapping_with_no_taskflow_operators.py for tasks to queue
[2024-07-11T04:29:12.736+0000] {logging_mixin.py:188} INFO - [2024-07-11T04:29:12.736+0000] {dagbag.py:545} INFO - Filling up the DagBag from /home/airflow/.local/lib/python3.12/site-packages/airflow/example_dags/example_dynamic_task_mapping_with_no_taskflow_operators.py
[2024-07-11T04:29:12.761+0000] {processor.py:840} INFO - DAG(s) 'example_dynamic_task_mapping_with_no_taskflow_operators' retrieved from /home/airflow/.local/lib/python3.12/site-packages/airflow/example_dags/example_dynamic_task_mapping_with_no_taskflow_operators.py
[2024-07-11T04:29:12.831+0000] {logging_mixin.py:188} INFO - [2024-07-11T04:29:12.831+0000] {dag.py:3096} INFO - Sync 1 DAGs
[2024-07-11T04:29:12.915+0000] {logging_mixin.py:188} INFO - [2024-07-11T04:29:12.914+0000] {dag.py:3954} INFO - Setting next_dagrun for example_dynamic_task_mapping_with_no_taskflow_operators to 2024-07-10 00:00:00+00:00, run_after=2024-07-11 00:00:00+00:00
[2024-07-11T04:29:13.030+0000] {processor.py:183} INFO - Processing /home/airflow/.local/lib/python3.12/site-packages/airflow/example_dags/example_dynamic_task_mapping_with_no_taskflow_operators.py took 0.348 seconds
