[2024-07-11T04:20:27.851+0000] {processor.py:161} INFO - Started process (PID=52) to work on /home/airflow/.local/lib/python3.12/site-packages/airflow/example_dags/example_branch_labels.py
[2024-07-11T04:20:27.852+0000] {processor.py:830} INFO - Processing file /home/airflow/.local/lib/python3.12/site-packages/airflow/example_dags/example_branch_labels.py for tasks to queue
[2024-07-11T04:20:27.874+0000] {logging_mixin.py:188} INFO - [2024-07-11T04:20:27.853+0000] {dagbag.py:545} INFO - Filling up the DagBag from /home/airflow/.local/lib/python3.12/site-packages/airflow/example_dags/example_branch_labels.py
[2024-07-11T04:20:27.947+0000] {processor.py:840} INFO - DAG(s) 'example_branch_labels' retrieved from /home/airflow/.local/lib/python3.12/site-packages/airflow/example_dags/example_branch_labels.py
[2024-07-11T04:20:28.444+0000] {logging_mixin.py:188} INFO - [2024-07-11T04:20:28.444+0000] {dag.py:3096} INFO - Sync 1 DAGs
[2024-07-11T04:20:28.524+0000] {logging_mixin.py:188} INFO - [2024-07-11T04:20:28.524+0000] {dag.py:3954} INFO - Setting next_dagrun for example_branch_labels to 2024-07-10 00:00:00+00:00, run_after=2024-07-11 00:00:00+00:00
[2024-07-11T04:20:28.686+0000] {processor.py:183} INFO - Processing /home/airflow/.local/lib/python3.12/site-packages/airflow/example_dags/example_branch_labels.py took 0.858 seconds
[2024-07-11T04:20:59.181+0000] {processor.py:161} INFO - Started process (PID=116) to work on /home/airflow/.local/lib/python3.12/site-packages/airflow/example_dags/example_branch_labels.py
[2024-07-11T04:20:59.181+0000] {processor.py:830} INFO - Processing file /home/airflow/.local/lib/python3.12/site-packages/airflow/example_dags/example_branch_labels.py for tasks to queue
[2024-07-11T04:20:59.184+0000] {logging_mixin.py:188} INFO - [2024-07-11T04:20:59.183+0000] {dagbag.py:545} INFO - Filling up the DagBag from /home/airflow/.local/lib/python3.12/site-packages/airflow/example_dags/example_branch_labels.py
[2024-07-11T04:20:59.196+0000] {processor.py:840} INFO - DAG(s) 'example_branch_labels' retrieved from /home/airflow/.local/lib/python3.12/site-packages/airflow/example_dags/example_branch_labels.py
[2024-07-11T04:20:59.223+0000] {logging_mixin.py:188} INFO - [2024-07-11T04:20:59.222+0000] {dag.py:3096} INFO - Sync 1 DAGs
[2024-07-11T04:20:59.253+0000] {logging_mixin.py:188} INFO - [2024-07-11T04:20:59.252+0000] {dag.py:3954} INFO - Setting next_dagrun for example_branch_labels to 2024-07-10 00:00:00+00:00, run_after=2024-07-11 00:00:00+00:00
[2024-07-11T04:20:59.283+0000] {processor.py:183} INFO - Processing /home/airflow/.local/lib/python3.12/site-packages/airflow/example_dags/example_branch_labels.py took 0.109 seconds
[2024-07-11T04:21:30.069+0000] {processor.py:161} INFO - Started process (PID=175) to work on /home/airflow/.local/lib/python3.12/site-packages/airflow/example_dags/example_branch_labels.py
[2024-07-11T04:21:30.082+0000] {processor.py:830} INFO - Processing file /home/airflow/.local/lib/python3.12/site-packages/airflow/example_dags/example_branch_labels.py for tasks to queue
[2024-07-11T04:21:30.084+0000] {logging_mixin.py:188} INFO - [2024-07-11T04:21:30.084+0000] {dagbag.py:545} INFO - Filling up the DagBag from /home/airflow/.local/lib/python3.12/site-packages/airflow/example_dags/example_branch_labels.py
[2024-07-11T04:21:30.096+0000] {processor.py:840} INFO - DAG(s) 'example_branch_labels' retrieved from /home/airflow/.local/lib/python3.12/site-packages/airflow/example_dags/example_branch_labels.py
[2024-07-11T04:21:30.125+0000] {logging_mixin.py:188} INFO - [2024-07-11T04:21:30.125+0000] {dag.py:3096} INFO - Sync 1 DAGs
[2024-07-11T04:21:30.155+0000] {logging_mixin.py:188} INFO - [2024-07-11T04:21:30.155+0000] {dag.py:3954} INFO - Setting next_dagrun for example_branch_labels to 2024-07-10 00:00:00+00:00, run_after=2024-07-11 00:00:00+00:00
[2024-07-11T04:21:30.183+0000] {processor.py:183} INFO - Processing /home/airflow/.local/lib/python3.12/site-packages/airflow/example_dags/example_branch_labels.py took 0.122 seconds
[2024-07-11T04:22:00.790+0000] {processor.py:161} INFO - Started process (PID=233) to work on /home/airflow/.local/lib/python3.12/site-packages/airflow/example_dags/example_branch_labels.py
[2024-07-11T04:22:00.791+0000] {processor.py:830} INFO - Processing file /home/airflow/.local/lib/python3.12/site-packages/airflow/example_dags/example_branch_labels.py for tasks to queue
[2024-07-11T04:22:00.793+0000] {logging_mixin.py:188} INFO - [2024-07-11T04:22:00.793+0000] {dagbag.py:545} INFO - Filling up the DagBag from /home/airflow/.local/lib/python3.12/site-packages/airflow/example_dags/example_branch_labels.py
[2024-07-11T04:22:00.802+0000] {processor.py:840} INFO - DAG(s) 'example_branch_labels' retrieved from /home/airflow/.local/lib/python3.12/site-packages/airflow/example_dags/example_branch_labels.py
[2024-07-11T04:22:00.826+0000] {logging_mixin.py:188} INFO - [2024-07-11T04:22:00.826+0000] {dag.py:3096} INFO - Sync 1 DAGs
[2024-07-11T04:22:00.853+0000] {logging_mixin.py:188} INFO - [2024-07-11T04:22:00.853+0000] {dag.py:3954} INFO - Setting next_dagrun for example_branch_labels to 2024-07-10 00:00:00+00:00, run_after=2024-07-11 00:00:00+00:00
[2024-07-11T04:22:00.876+0000] {processor.py:183} INFO - Processing /home/airflow/.local/lib/python3.12/site-packages/airflow/example_dags/example_branch_labels.py took 0.092 seconds
[2024-07-11T04:22:31.725+0000] {processor.py:161} INFO - Started process (PID=291) to work on /home/airflow/.local/lib/python3.12/site-packages/airflow/example_dags/example_branch_labels.py
[2024-07-11T04:22:31.725+0000] {processor.py:830} INFO - Processing file /home/airflow/.local/lib/python3.12/site-packages/airflow/example_dags/example_branch_labels.py for tasks to queue
[2024-07-11T04:22:31.727+0000] {logging_mixin.py:188} INFO - [2024-07-11T04:22:31.727+0000] {dagbag.py:545} INFO - Filling up the DagBag from /home/airflow/.local/lib/python3.12/site-packages/airflow/example_dags/example_branch_labels.py
[2024-07-11T04:22:31.737+0000] {processor.py:840} INFO - DAG(s) 'example_branch_labels' retrieved from /home/airflow/.local/lib/python3.12/site-packages/airflow/example_dags/example_branch_labels.py
[2024-07-11T04:22:31.760+0000] {logging_mixin.py:188} INFO - [2024-07-11T04:22:31.760+0000] {dag.py:3096} INFO - Sync 1 DAGs
[2024-07-11T04:22:31.791+0000] {logging_mixin.py:188} INFO - [2024-07-11T04:22:31.791+0000] {dag.py:3954} INFO - Setting next_dagrun for example_branch_labels to 2024-07-10 00:00:00+00:00, run_after=2024-07-11 00:00:00+00:00
[2024-07-11T04:22:31.817+0000] {processor.py:183} INFO - Processing /home/airflow/.local/lib/python3.12/site-packages/airflow/example_dags/example_branch_labels.py took 0.099 seconds
[2024-07-11T04:23:02.300+0000] {processor.py:161} INFO - Started process (PID=349) to work on /home/airflow/.local/lib/python3.12/site-packages/airflow/example_dags/example_branch_labels.py
[2024-07-11T04:23:02.309+0000] {processor.py:830} INFO - Processing file /home/airflow/.local/lib/python3.12/site-packages/airflow/example_dags/example_branch_labels.py for tasks to queue
[2024-07-11T04:23:02.311+0000] {logging_mixin.py:188} INFO - [2024-07-11T04:23:02.311+0000] {dagbag.py:545} INFO - Filling up the DagBag from /home/airflow/.local/lib/python3.12/site-packages/airflow/example_dags/example_branch_labels.py
[2024-07-11T04:23:02.320+0000] {processor.py:840} INFO - DAG(s) 'example_branch_labels' retrieved from /home/airflow/.local/lib/python3.12/site-packages/airflow/example_dags/example_branch_labels.py
[2024-07-11T04:23:02.378+0000] {logging_mixin.py:188} INFO - [2024-07-11T04:23:02.377+0000] {dag.py:3096} INFO - Sync 1 DAGs
[2024-07-11T04:23:02.414+0000] {logging_mixin.py:188} INFO - [2024-07-11T04:23:02.414+0000] {dag.py:3954} INFO - Setting next_dagrun for example_branch_labels to 2024-07-10 00:00:00+00:00, run_after=2024-07-11 00:00:00+00:00
[2024-07-11T04:23:02.459+0000] {processor.py:183} INFO - Processing /home/airflow/.local/lib/python3.12/site-packages/airflow/example_dags/example_branch_labels.py took 0.174 seconds
[2024-07-11T04:23:32.878+0000] {processor.py:161} INFO - Started process (PID=406) to work on /home/airflow/.local/lib/python3.12/site-packages/airflow/example_dags/example_branch_labels.py
[2024-07-11T04:23:32.879+0000] {processor.py:830} INFO - Processing file /home/airflow/.local/lib/python3.12/site-packages/airflow/example_dags/example_branch_labels.py for tasks to queue
[2024-07-11T04:23:32.881+0000] {logging_mixin.py:188} INFO - [2024-07-11T04:23:32.880+0000] {dagbag.py:545} INFO - Filling up the DagBag from /home/airflow/.local/lib/python3.12/site-packages/airflow/example_dags/example_branch_labels.py
[2024-07-11T04:23:32.891+0000] {processor.py:840} INFO - DAG(s) 'example_branch_labels' retrieved from /home/airflow/.local/lib/python3.12/site-packages/airflow/example_dags/example_branch_labels.py
[2024-07-11T04:23:32.946+0000] {logging_mixin.py:188} INFO - [2024-07-11T04:23:32.946+0000] {dag.py:3096} INFO - Sync 1 DAGs
[2024-07-11T04:23:32.997+0000] {logging_mixin.py:188} INFO - [2024-07-11T04:23:32.997+0000] {dag.py:3954} INFO - Setting next_dagrun for example_branch_labels to 2024-07-10 00:00:00+00:00, run_after=2024-07-11 00:00:00+00:00
[2024-07-11T04:23:33.051+0000] {processor.py:183} INFO - Processing /home/airflow/.local/lib/python3.12/site-packages/airflow/example_dags/example_branch_labels.py took 0.180 seconds
[2024-07-11T04:24:03.354+0000] {processor.py:161} INFO - Started process (PID=464) to work on /home/airflow/.local/lib/python3.12/site-packages/airflow/example_dags/example_branch_labels.py
[2024-07-11T04:24:03.355+0000] {processor.py:830} INFO - Processing file /home/airflow/.local/lib/python3.12/site-packages/airflow/example_dags/example_branch_labels.py for tasks to queue
[2024-07-11T04:24:03.357+0000] {logging_mixin.py:188} INFO - [2024-07-11T04:24:03.356+0000] {dagbag.py:545} INFO - Filling up the DagBag from /home/airflow/.local/lib/python3.12/site-packages/airflow/example_dags/example_branch_labels.py
[2024-07-11T04:24:03.366+0000] {processor.py:840} INFO - DAG(s) 'example_branch_labels' retrieved from /home/airflow/.local/lib/python3.12/site-packages/airflow/example_dags/example_branch_labels.py
[2024-07-11T04:24:03.391+0000] {logging_mixin.py:188} INFO - [2024-07-11T04:24:03.391+0000] {dag.py:3096} INFO - Sync 1 DAGs
[2024-07-11T04:24:03.426+0000] {logging_mixin.py:188} INFO - [2024-07-11T04:24:03.426+0000] {dag.py:3954} INFO - Setting next_dagrun for example_branch_labels to 2024-07-10 00:00:00+00:00, run_after=2024-07-11 00:00:00+00:00
[2024-07-11T04:24:03.453+0000] {processor.py:183} INFO - Processing /home/airflow/.local/lib/python3.12/site-packages/airflow/example_dags/example_branch_labels.py took 0.103 seconds
[2024-07-11T04:24:33.687+0000] {processor.py:161} INFO - Started process (PID=523) to work on /home/airflow/.local/lib/python3.12/site-packages/airflow/example_dags/example_branch_labels.py
[2024-07-11T04:24:33.688+0000] {processor.py:830} INFO - Processing file /home/airflow/.local/lib/python3.12/site-packages/airflow/example_dags/example_branch_labels.py for tasks to queue
[2024-07-11T04:24:33.690+0000] {logging_mixin.py:188} INFO - [2024-07-11T04:24:33.689+0000] {dagbag.py:545} INFO - Filling up the DagBag from /home/airflow/.local/lib/python3.12/site-packages/airflow/example_dags/example_branch_labels.py
[2024-07-11T04:24:33.697+0000] {processor.py:840} INFO - DAG(s) 'example_branch_labels' retrieved from /home/airflow/.local/lib/python3.12/site-packages/airflow/example_dags/example_branch_labels.py
[2024-07-11T04:24:33.715+0000] {logging_mixin.py:188} INFO - [2024-07-11T04:24:33.715+0000] {dag.py:3096} INFO - Sync 1 DAGs
[2024-07-11T04:24:33.735+0000] {logging_mixin.py:188} INFO - [2024-07-11T04:24:33.735+0000] {dag.py:3954} INFO - Setting next_dagrun for example_branch_labels to 2024-07-10 00:00:00+00:00, run_after=2024-07-11 00:00:00+00:00
[2024-07-11T04:24:33.757+0000] {processor.py:183} INFO - Processing /home/airflow/.local/lib/python3.12/site-packages/airflow/example_dags/example_branch_labels.py took 0.075 seconds
[2024-07-11T04:25:03.885+0000] {processor.py:161} INFO - Started process (PID=581) to work on /home/airflow/.local/lib/python3.12/site-packages/airflow/example_dags/example_branch_labels.py
[2024-07-11T04:25:03.885+0000] {processor.py:830} INFO - Processing file /home/airflow/.local/lib/python3.12/site-packages/airflow/example_dags/example_branch_labels.py for tasks to queue
[2024-07-11T04:25:03.887+0000] {logging_mixin.py:188} INFO - [2024-07-11T04:25:03.887+0000] {dagbag.py:545} INFO - Filling up the DagBag from /home/airflow/.local/lib/python3.12/site-packages/airflow/example_dags/example_branch_labels.py
[2024-07-11T04:25:03.897+0000] {processor.py:840} INFO - DAG(s) 'example_branch_labels' retrieved from /home/airflow/.local/lib/python3.12/site-packages/airflow/example_dags/example_branch_labels.py
[2024-07-11T04:25:03.932+0000] {logging_mixin.py:188} INFO - [2024-07-11T04:25:03.932+0000] {dag.py:3096} INFO - Sync 1 DAGs
[2024-07-11T04:25:03.950+0000] {logging_mixin.py:188} INFO - [2024-07-11T04:25:03.950+0000] {dag.py:3954} INFO - Setting next_dagrun for example_branch_labels to 2024-07-10 00:00:00+00:00, run_after=2024-07-11 00:00:00+00:00
[2024-07-11T04:25:03.972+0000] {processor.py:183} INFO - Processing /home/airflow/.local/lib/python3.12/site-packages/airflow/example_dags/example_branch_labels.py took 0.094 seconds
[2024-07-11T04:25:34.325+0000] {processor.py:161} INFO - Started process (PID=640) to work on /home/airflow/.local/lib/python3.12/site-packages/airflow/example_dags/example_branch_labels.py
[2024-07-11T04:25:34.326+0000] {processor.py:830} INFO - Processing file /home/airflow/.local/lib/python3.12/site-packages/airflow/example_dags/example_branch_labels.py for tasks to queue
[2024-07-11T04:25:34.327+0000] {logging_mixin.py:188} INFO - [2024-07-11T04:25:34.327+0000] {dagbag.py:545} INFO - Filling up the DagBag from /home/airflow/.local/lib/python3.12/site-packages/airflow/example_dags/example_branch_labels.py
[2024-07-11T04:25:34.333+0000] {processor.py:840} INFO - DAG(s) 'example_branch_labels' retrieved from /home/airflow/.local/lib/python3.12/site-packages/airflow/example_dags/example_branch_labels.py
[2024-07-11T04:25:34.350+0000] {logging_mixin.py:188} INFO - [2024-07-11T04:25:34.350+0000] {dag.py:3096} INFO - Sync 1 DAGs
[2024-07-11T04:25:34.368+0000] {logging_mixin.py:188} INFO - [2024-07-11T04:25:34.368+0000] {dag.py:3954} INFO - Setting next_dagrun for example_branch_labels to 2024-07-10 00:00:00+00:00, run_after=2024-07-11 00:00:00+00:00
[2024-07-11T04:25:34.390+0000] {processor.py:183} INFO - Processing /home/airflow/.local/lib/python3.12/site-packages/airflow/example_dags/example_branch_labels.py took 0.070 seconds
[2024-07-11T04:26:04.890+0000] {processor.py:161} INFO - Started process (PID=699) to work on /home/airflow/.local/lib/python3.12/site-packages/airflow/example_dags/example_branch_labels.py
[2024-07-11T04:26:04.891+0000] {processor.py:830} INFO - Processing file /home/airflow/.local/lib/python3.12/site-packages/airflow/example_dags/example_branch_labels.py for tasks to queue
[2024-07-11T04:26:04.892+0000] {logging_mixin.py:188} INFO - [2024-07-11T04:26:04.892+0000] {dagbag.py:545} INFO - Filling up the DagBag from /home/airflow/.local/lib/python3.12/site-packages/airflow/example_dags/example_branch_labels.py
[2024-07-11T04:26:04.902+0000] {processor.py:840} INFO - DAG(s) 'example_branch_labels' retrieved from /home/airflow/.local/lib/python3.12/site-packages/airflow/example_dags/example_branch_labels.py
[2024-07-11T04:26:04.926+0000] {logging_mixin.py:188} INFO - [2024-07-11T04:26:04.926+0000] {dag.py:3096} INFO - Sync 1 DAGs
[2024-07-11T04:26:04.953+0000] {logging_mixin.py:188} INFO - [2024-07-11T04:26:04.953+0000] {dag.py:3954} INFO - Setting next_dagrun for example_branch_labels to 2024-07-10 00:00:00+00:00, run_after=2024-07-11 00:00:00+00:00
[2024-07-11T04:26:04.976+0000] {processor.py:183} INFO - Processing /home/airflow/.local/lib/python3.12/site-packages/airflow/example_dags/example_branch_labels.py took 0.093 seconds
[2024-07-11T04:26:35.397+0000] {processor.py:161} INFO - Started process (PID=758) to work on /home/airflow/.local/lib/python3.12/site-packages/airflow/example_dags/example_branch_labels.py
[2024-07-11T04:26:35.398+0000] {processor.py:830} INFO - Processing file /home/airflow/.local/lib/python3.12/site-packages/airflow/example_dags/example_branch_labels.py for tasks to queue
[2024-07-11T04:26:35.399+0000] {logging_mixin.py:188} INFO - [2024-07-11T04:26:35.399+0000] {dagbag.py:545} INFO - Filling up the DagBag from /home/airflow/.local/lib/python3.12/site-packages/airflow/example_dags/example_branch_labels.py
[2024-07-11T04:26:35.405+0000] {processor.py:840} INFO - DAG(s) 'example_branch_labels' retrieved from /home/airflow/.local/lib/python3.12/site-packages/airflow/example_dags/example_branch_labels.py
[2024-07-11T04:26:35.423+0000] {logging_mixin.py:188} INFO - [2024-07-11T04:26:35.423+0000] {dag.py:3096} INFO - Sync 1 DAGs
[2024-07-11T04:26:35.446+0000] {logging_mixin.py:188} INFO - [2024-07-11T04:26:35.446+0000] {dag.py:3954} INFO - Setting next_dagrun for example_branch_labels to 2024-07-10 00:00:00+00:00, run_after=2024-07-11 00:00:00+00:00
[2024-07-11T04:26:35.469+0000] {processor.py:183} INFO - Processing /home/airflow/.local/lib/python3.12/site-packages/airflow/example_dags/example_branch_labels.py took 0.076 seconds
[2024-07-11T04:27:05.975+0000] {processor.py:161} INFO - Started process (PID=816) to work on /home/airflow/.local/lib/python3.12/site-packages/airflow/example_dags/example_branch_labels.py
[2024-07-11T04:27:05.976+0000] {processor.py:830} INFO - Processing file /home/airflow/.local/lib/python3.12/site-packages/airflow/example_dags/example_branch_labels.py for tasks to queue
[2024-07-11T04:27:05.978+0000] {logging_mixin.py:188} INFO - [2024-07-11T04:27:05.977+0000] {dagbag.py:545} INFO - Filling up the DagBag from /home/airflow/.local/lib/python3.12/site-packages/airflow/example_dags/example_branch_labels.py
[2024-07-11T04:27:05.986+0000] {processor.py:840} INFO - DAG(s) 'example_branch_labels' retrieved from /home/airflow/.local/lib/python3.12/site-packages/airflow/example_dags/example_branch_labels.py
[2024-07-11T04:27:06.003+0000] {logging_mixin.py:188} INFO - [2024-07-11T04:27:06.003+0000] {dag.py:3096} INFO - Sync 1 DAGs
[2024-07-11T04:27:06.022+0000] {logging_mixin.py:188} INFO - [2024-07-11T04:27:06.022+0000] {dag.py:3954} INFO - Setting next_dagrun for example_branch_labels to 2024-07-10 00:00:00+00:00, run_after=2024-07-11 00:00:00+00:00
[2024-07-11T04:27:06.043+0000] {processor.py:183} INFO - Processing /home/airflow/.local/lib/python3.12/site-packages/airflow/example_dags/example_branch_labels.py took 0.074 seconds
[2024-07-11T04:27:36.546+0000] {processor.py:161} INFO - Started process (PID=875) to work on /home/airflow/.local/lib/python3.12/site-packages/airflow/example_dags/example_branch_labels.py
[2024-07-11T04:27:36.561+0000] {processor.py:830} INFO - Processing file /home/airflow/.local/lib/python3.12/site-packages/airflow/example_dags/example_branch_labels.py for tasks to queue
[2024-07-11T04:27:36.563+0000] {logging_mixin.py:188} INFO - [2024-07-11T04:27:36.563+0000] {dagbag.py:545} INFO - Filling up the DagBag from /home/airflow/.local/lib/python3.12/site-packages/airflow/example_dags/example_branch_labels.py
[2024-07-11T04:27:36.598+0000] {processor.py:840} INFO - DAG(s) 'example_branch_labels' retrieved from /home/airflow/.local/lib/python3.12/site-packages/airflow/example_dags/example_branch_labels.py
[2024-07-11T04:27:36.680+0000] {logging_mixin.py:188} INFO - [2024-07-11T04:27:36.680+0000] {dag.py:3096} INFO - Sync 1 DAGs
[2024-07-11T04:27:36.738+0000] {logging_mixin.py:188} INFO - [2024-07-11T04:27:36.738+0000] {dag.py:3954} INFO - Setting next_dagrun for example_branch_labels to 2024-07-10 00:00:00+00:00, run_after=2024-07-11 00:00:00+00:00
[2024-07-11T04:27:36.766+0000] {processor.py:183} INFO - Processing /home/airflow/.local/lib/python3.12/site-packages/airflow/example_dags/example_branch_labels.py took 0.245 seconds
[2024-07-11T04:28:07.348+0000] {processor.py:161} INFO - Started process (PID=934) to work on /home/airflow/.local/lib/python3.12/site-packages/airflow/example_dags/example_branch_labels.py
[2024-07-11T04:28:07.349+0000] {processor.py:830} INFO - Processing file /home/airflow/.local/lib/python3.12/site-packages/airflow/example_dags/example_branch_labels.py for tasks to queue
[2024-07-11T04:28:07.351+0000] {logging_mixin.py:188} INFO - [2024-07-11T04:28:07.350+0000] {dagbag.py:545} INFO - Filling up the DagBag from /home/airflow/.local/lib/python3.12/site-packages/airflow/example_dags/example_branch_labels.py
[2024-07-11T04:28:07.360+0000] {processor.py:840} INFO - DAG(s) 'example_branch_labels' retrieved from /home/airflow/.local/lib/python3.12/site-packages/airflow/example_dags/example_branch_labels.py
[2024-07-11T04:28:07.398+0000] {logging_mixin.py:188} INFO - [2024-07-11T04:28:07.398+0000] {dag.py:3096} INFO - Sync 1 DAGs
[2024-07-11T04:28:07.427+0000] {logging_mixin.py:188} INFO - [2024-07-11T04:28:07.427+0000] {dag.py:3954} INFO - Setting next_dagrun for example_branch_labels to 2024-07-10 00:00:00+00:00, run_after=2024-07-11 00:00:00+00:00
[2024-07-11T04:28:07.453+0000] {processor.py:183} INFO - Processing /home/airflow/.local/lib/python3.12/site-packages/airflow/example_dags/example_branch_labels.py took 0.112 seconds
[2024-07-11T04:28:37.498+0000] {processor.py:161} INFO - Started process (PID=992) to work on /home/airflow/.local/lib/python3.12/site-packages/airflow/example_dags/example_branch_labels.py
[2024-07-11T04:28:37.498+0000] {processor.py:830} INFO - Processing file /home/airflow/.local/lib/python3.12/site-packages/airflow/example_dags/example_branch_labels.py for tasks to queue
[2024-07-11T04:28:37.500+0000] {logging_mixin.py:188} INFO - [2024-07-11T04:28:37.500+0000] {dagbag.py:545} INFO - Filling up the DagBag from /home/airflow/.local/lib/python3.12/site-packages/airflow/example_dags/example_branch_labels.py
[2024-07-11T04:28:37.510+0000] {processor.py:840} INFO - DAG(s) 'example_branch_labels' retrieved from /home/airflow/.local/lib/python3.12/site-packages/airflow/example_dags/example_branch_labels.py
[2024-07-11T04:28:37.534+0000] {logging_mixin.py:188} INFO - [2024-07-11T04:28:37.533+0000] {dag.py:3096} INFO - Sync 1 DAGs
[2024-07-11T04:28:37.560+0000] {logging_mixin.py:188} INFO - [2024-07-11T04:28:37.560+0000] {dag.py:3954} INFO - Setting next_dagrun for example_branch_labels to 2024-07-10 00:00:00+00:00, run_after=2024-07-11 00:00:00+00:00
[2024-07-11T04:28:37.588+0000] {processor.py:183} INFO - Processing /home/airflow/.local/lib/python3.12/site-packages/airflow/example_dags/example_branch_labels.py took 0.097 seconds
[2024-07-11T04:29:08.192+0000] {processor.py:161} INFO - Started process (PID=1050) to work on /home/airflow/.local/lib/python3.12/site-packages/airflow/example_dags/example_branch_labels.py
[2024-07-11T04:29:08.193+0000] {processor.py:830} INFO - Processing file /home/airflow/.local/lib/python3.12/site-packages/airflow/example_dags/example_branch_labels.py for tasks to queue
[2024-07-11T04:29:08.194+0000] {logging_mixin.py:188} INFO - [2024-07-11T04:29:08.194+0000] {dagbag.py:545} INFO - Filling up the DagBag from /home/airflow/.local/lib/python3.12/site-packages/airflow/example_dags/example_branch_labels.py
[2024-07-11T04:29:08.204+0000] {processor.py:840} INFO - DAG(s) 'example_branch_labels' retrieved from /home/airflow/.local/lib/python3.12/site-packages/airflow/example_dags/example_branch_labels.py
[2024-07-11T04:29:08.229+0000] {logging_mixin.py:188} INFO - [2024-07-11T04:29:08.229+0000] {dag.py:3096} INFO - Sync 1 DAGs
[2024-07-11T04:29:08.248+0000] {logging_mixin.py:188} INFO - [2024-07-11T04:29:08.248+0000] {dag.py:3954} INFO - Setting next_dagrun for example_branch_labels to 2024-07-10 00:00:00+00:00, run_after=2024-07-11 00:00:00+00:00
[2024-07-11T04:29:08.271+0000] {processor.py:183} INFO - Processing /home/airflow/.local/lib/python3.12/site-packages/airflow/example_dags/example_branch_labels.py took 0.086 seconds
