[2024-07-11T04:20:26.703+0000] {processor.py:161} INFO - Started process (PID=48) to work on /home/airflow/.local/lib/python3.12/site-packages/airflow/example_dags/tutorial.py
[2024-07-11T04:20:26.704+0000] {processor.py:830} INFO - Processing file /home/airflow/.local/lib/python3.12/site-packages/airflow/example_dags/tutorial.py for tasks to queue
[2024-07-11T04:20:26.725+0000] {logging_mixin.py:188} INFO - [2024-07-11T04:20:26.705+0000] {dagbag.py:545} INFO - Filling up the DagBag from /home/airflow/.local/lib/python3.12/site-packages/airflow/example_dags/tutorial.py
[2024-07-11T04:20:26.799+0000] {processor.py:840} INFO - DAG(s) 'tutorial' retrieved from /home/airflow/.local/lib/python3.12/site-packages/airflow/example_dags/tutorial.py
[2024-07-11T04:20:27.130+0000] {logging_mixin.py:188} INFO - [2024-07-11T04:20:27.130+0000] {dag.py:3096} INFO - Sync 1 DAGs
[2024-07-11T04:20:27.227+0000] {logging_mixin.py:188} INFO - [2024-07-11T04:20:27.226+0000] {dag.py:3954} INFO - Setting next_dagrun for tutorial to 2024-07-10 00:00:00+00:00, run_after=2024-07-11 00:00:00+00:00
[2024-07-11T04:20:27.280+0000] {processor.py:183} INFO - Processing /home/airflow/.local/lib/python3.12/site-packages/airflow/example_dags/tutorial.py took 0.588 seconds
[2024-07-11T04:20:58.017+0000] {processor.py:161} INFO - Started process (PID=105) to work on /home/airflow/.local/lib/python3.12/site-packages/airflow/example_dags/tutorial.py
[2024-07-11T04:20:58.018+0000] {processor.py:830} INFO - Processing file /home/airflow/.local/lib/python3.12/site-packages/airflow/example_dags/tutorial.py for tasks to queue
[2024-07-11T04:20:58.019+0000] {logging_mixin.py:188} INFO - [2024-07-11T04:20:58.019+0000] {dagbag.py:545} INFO - Filling up the DagBag from /home/airflow/.local/lib/python3.12/site-packages/airflow/example_dags/tutorial.py
[2024-07-11T04:20:58.025+0000] {processor.py:840} INFO - DAG(s) 'tutorial' retrieved from /home/airflow/.local/lib/python3.12/site-packages/airflow/example_dags/tutorial.py
[2024-07-11T04:20:58.051+0000] {logging_mixin.py:188} INFO - [2024-07-11T04:20:58.051+0000] {dag.py:3096} INFO - Sync 1 DAGs
[2024-07-11T04:20:58.079+0000] {logging_mixin.py:188} INFO - [2024-07-11T04:20:58.079+0000] {dag.py:3954} INFO - Setting next_dagrun for tutorial to 2024-07-10 00:00:00+00:00, run_after=2024-07-11 00:00:00+00:00
[2024-07-11T04:20:58.111+0000] {processor.py:183} INFO - Processing /home/airflow/.local/lib/python3.12/site-packages/airflow/example_dags/tutorial.py took 0.101 seconds
[2024-07-11T04:21:28.890+0000] {processor.py:161} INFO - Started process (PID=171) to work on /home/airflow/.local/lib/python3.12/site-packages/airflow/example_dags/tutorial.py
[2024-07-11T04:21:28.891+0000] {processor.py:830} INFO - Processing file /home/airflow/.local/lib/python3.12/site-packages/airflow/example_dags/tutorial.py for tasks to queue
[2024-07-11T04:21:28.892+0000] {logging_mixin.py:188} INFO - [2024-07-11T04:21:28.892+0000] {dagbag.py:545} INFO - Filling up the DagBag from /home/airflow/.local/lib/python3.12/site-packages/airflow/example_dags/tutorial.py
[2024-07-11T04:21:28.898+0000] {processor.py:840} INFO - DAG(s) 'tutorial' retrieved from /home/airflow/.local/lib/python3.12/site-packages/airflow/example_dags/tutorial.py
[2024-07-11T04:21:28.921+0000] {logging_mixin.py:188} INFO - [2024-07-11T04:21:28.921+0000] {dag.py:3096} INFO - Sync 1 DAGs
[2024-07-11T04:21:28.947+0000] {logging_mixin.py:188} INFO - [2024-07-11T04:21:28.947+0000] {dag.py:3954} INFO - Setting next_dagrun for tutorial to 2024-07-10 00:00:00+00:00, run_after=2024-07-11 00:00:00+00:00
[2024-07-11T04:21:28.975+0000] {processor.py:183} INFO - Processing /home/airflow/.local/lib/python3.12/site-packages/airflow/example_dags/tutorial.py took 0.091 seconds
[2024-07-11T04:21:59.623+0000] {processor.py:161} INFO - Started process (PID=229) to work on /home/airflow/.local/lib/python3.12/site-packages/airflow/example_dags/tutorial.py
[2024-07-11T04:21:59.623+0000] {processor.py:830} INFO - Processing file /home/airflow/.local/lib/python3.12/site-packages/airflow/example_dags/tutorial.py for tasks to queue
[2024-07-11T04:21:59.625+0000] {logging_mixin.py:188} INFO - [2024-07-11T04:21:59.625+0000] {dagbag.py:545} INFO - Filling up the DagBag from /home/airflow/.local/lib/python3.12/site-packages/airflow/example_dags/tutorial.py
[2024-07-11T04:21:59.631+0000] {processor.py:840} INFO - DAG(s) 'tutorial' retrieved from /home/airflow/.local/lib/python3.12/site-packages/airflow/example_dags/tutorial.py
[2024-07-11T04:21:59.654+0000] {logging_mixin.py:188} INFO - [2024-07-11T04:21:59.654+0000] {dag.py:3096} INFO - Sync 1 DAGs
[2024-07-11T04:21:59.681+0000] {logging_mixin.py:188} INFO - [2024-07-11T04:21:59.681+0000] {dag.py:3954} INFO - Setting next_dagrun for tutorial to 2024-07-10 00:00:00+00:00, run_after=2024-07-11 00:00:00+00:00
[2024-07-11T04:21:59.708+0000] {processor.py:183} INFO - Processing /home/airflow/.local/lib/python3.12/site-packages/airflow/example_dags/tutorial.py took 0.092 seconds
[2024-07-11T04:22:30.532+0000] {processor.py:161} INFO - Started process (PID=287) to work on /home/airflow/.local/lib/python3.12/site-packages/airflow/example_dags/tutorial.py
[2024-07-11T04:22:30.535+0000] {processor.py:830} INFO - Processing file /home/airflow/.local/lib/python3.12/site-packages/airflow/example_dags/tutorial.py for tasks to queue
[2024-07-11T04:22:30.544+0000] {logging_mixin.py:188} INFO - [2024-07-11T04:22:30.544+0000] {dagbag.py:545} INFO - Filling up the DagBag from /home/airflow/.local/lib/python3.12/site-packages/airflow/example_dags/tutorial.py
[2024-07-11T04:22:30.557+0000] {processor.py:840} INFO - DAG(s) 'tutorial' retrieved from /home/airflow/.local/lib/python3.12/site-packages/airflow/example_dags/tutorial.py
[2024-07-11T04:22:30.604+0000] {logging_mixin.py:188} INFO - [2024-07-11T04:22:30.603+0000] {dag.py:3096} INFO - Sync 1 DAGs
[2024-07-11T04:22:30.631+0000] {logging_mixin.py:188} INFO - [2024-07-11T04:22:30.631+0000] {dag.py:3954} INFO - Setting next_dagrun for tutorial to 2024-07-10 00:00:00+00:00, run_after=2024-07-11 00:00:00+00:00
[2024-07-11T04:22:30.660+0000] {processor.py:183} INFO - Processing /home/airflow/.local/lib/python3.12/site-packages/airflow/example_dags/tutorial.py took 0.137 seconds
[2024-07-11T04:23:01.679+0000] {processor.py:161} INFO - Started process (PID=345) to work on /home/airflow/.local/lib/python3.12/site-packages/airflow/example_dags/tutorial.py
[2024-07-11T04:23:01.682+0000] {processor.py:830} INFO - Processing file /home/airflow/.local/lib/python3.12/site-packages/airflow/example_dags/tutorial.py for tasks to queue
[2024-07-11T04:23:01.684+0000] {logging_mixin.py:188} INFO - [2024-07-11T04:23:01.683+0000] {dagbag.py:545} INFO - Filling up the DagBag from /home/airflow/.local/lib/python3.12/site-packages/airflow/example_dags/tutorial.py
[2024-07-11T04:23:01.720+0000] {processor.py:840} INFO - DAG(s) 'tutorial' retrieved from /home/airflow/.local/lib/python3.12/site-packages/airflow/example_dags/tutorial.py
[2024-07-11T04:23:01.841+0000] {logging_mixin.py:188} INFO - [2024-07-11T04:23:01.841+0000] {dag.py:3096} INFO - Sync 1 DAGs
[2024-07-11T04:23:01.947+0000] {logging_mixin.py:188} INFO - [2024-07-11T04:23:01.947+0000] {dag.py:3954} INFO - Setting next_dagrun for tutorial to 2024-07-10 00:00:00+00:00, run_after=2024-07-11 00:00:00+00:00
[2024-07-11T04:23:02.032+0000] {processor.py:183} INFO - Processing /home/airflow/.local/lib/python3.12/site-packages/airflow/example_dags/tutorial.py took 0.399 seconds
[2024-07-11T04:23:32.526+0000] {processor.py:161} INFO - Started process (PID=402) to work on /home/airflow/.local/lib/python3.12/site-packages/airflow/example_dags/tutorial.py
[2024-07-11T04:23:32.527+0000] {processor.py:830} INFO - Processing file /home/airflow/.local/lib/python3.12/site-packages/airflow/example_dags/tutorial.py for tasks to queue
[2024-07-11T04:23:32.529+0000] {logging_mixin.py:188} INFO - [2024-07-11T04:23:32.528+0000] {dagbag.py:545} INFO - Filling up the DagBag from /home/airflow/.local/lib/python3.12/site-packages/airflow/example_dags/tutorial.py
[2024-07-11T04:23:32.537+0000] {processor.py:840} INFO - DAG(s) 'tutorial' retrieved from /home/airflow/.local/lib/python3.12/site-packages/airflow/example_dags/tutorial.py
[2024-07-11T04:23:32.577+0000] {logging_mixin.py:188} INFO - [2024-07-11T04:23:32.577+0000] {dag.py:3096} INFO - Sync 1 DAGs
[2024-07-11T04:23:32.611+0000] {logging_mixin.py:188} INFO - [2024-07-11T04:23:32.610+0000] {dag.py:3954} INFO - Setting next_dagrun for tutorial to 2024-07-10 00:00:00+00:00, run_after=2024-07-11 00:00:00+00:00
[2024-07-11T04:23:32.653+0000] {processor.py:183} INFO - Processing /home/airflow/.local/lib/python3.12/site-packages/airflow/example_dags/tutorial.py took 0.147 seconds
[2024-07-11T04:24:03.056+0000] {processor.py:161} INFO - Started process (PID=460) to work on /home/airflow/.local/lib/python3.12/site-packages/airflow/example_dags/tutorial.py
[2024-07-11T04:24:03.057+0000] {processor.py:830} INFO - Processing file /home/airflow/.local/lib/python3.12/site-packages/airflow/example_dags/tutorial.py for tasks to queue
[2024-07-11T04:24:03.059+0000] {logging_mixin.py:188} INFO - [2024-07-11T04:24:03.059+0000] {dagbag.py:545} INFO - Filling up the DagBag from /home/airflow/.local/lib/python3.12/site-packages/airflow/example_dags/tutorial.py
[2024-07-11T04:24:03.069+0000] {processor.py:840} INFO - DAG(s) 'tutorial' retrieved from /home/airflow/.local/lib/python3.12/site-packages/airflow/example_dags/tutorial.py
[2024-07-11T04:24:03.097+0000] {logging_mixin.py:188} INFO - [2024-07-11T04:24:03.097+0000] {dag.py:3096} INFO - Sync 1 DAGs
[2024-07-11T04:24:03.124+0000] {logging_mixin.py:188} INFO - [2024-07-11T04:24:03.124+0000] {dag.py:3954} INFO - Setting next_dagrun for tutorial to 2024-07-10 00:00:00+00:00, run_after=2024-07-11 00:00:00+00:00
[2024-07-11T04:24:03.155+0000] {processor.py:183} INFO - Processing /home/airflow/.local/lib/python3.12/site-packages/airflow/example_dags/tutorial.py took 0.107 seconds
[2024-07-11T04:24:33.424+0000] {processor.py:161} INFO - Started process (PID=519) to work on /home/airflow/.local/lib/python3.12/site-packages/airflow/example_dags/tutorial.py
[2024-07-11T04:24:33.425+0000] {processor.py:830} INFO - Processing file /home/airflow/.local/lib/python3.12/site-packages/airflow/example_dags/tutorial.py for tasks to queue
[2024-07-11T04:24:33.427+0000] {logging_mixin.py:188} INFO - [2024-07-11T04:24:33.426+0000] {dagbag.py:545} INFO - Filling up the DagBag from /home/airflow/.local/lib/python3.12/site-packages/airflow/example_dags/tutorial.py
[2024-07-11T04:24:33.433+0000] {processor.py:840} INFO - DAG(s) 'tutorial' retrieved from /home/airflow/.local/lib/python3.12/site-packages/airflow/example_dags/tutorial.py
[2024-07-11T04:24:33.460+0000] {logging_mixin.py:188} INFO - [2024-07-11T04:24:33.459+0000] {dag.py:3096} INFO - Sync 1 DAGs
[2024-07-11T04:24:33.487+0000] {logging_mixin.py:188} INFO - [2024-07-11T04:24:33.487+0000] {dag.py:3954} INFO - Setting next_dagrun for tutorial to 2024-07-10 00:00:00+00:00, run_after=2024-07-11 00:00:00+00:00
[2024-07-11T04:24:33.518+0000] {processor.py:183} INFO - Processing /home/airflow/.local/lib/python3.12/site-packages/airflow/example_dags/tutorial.py took 0.100 seconds
[2024-07-11T04:25:03.549+0000] {processor.py:161} INFO - Started process (PID=577) to work on /home/airflow/.local/lib/python3.12/site-packages/airflow/example_dags/tutorial.py
[2024-07-11T04:25:03.549+0000] {processor.py:830} INFO - Processing file /home/airflow/.local/lib/python3.12/site-packages/airflow/example_dags/tutorial.py for tasks to queue
[2024-07-11T04:25:03.550+0000] {logging_mixin.py:188} INFO - [2024-07-11T04:25:03.550+0000] {dagbag.py:545} INFO - Filling up the DagBag from /home/airflow/.local/lib/python3.12/site-packages/airflow/example_dags/tutorial.py
[2024-07-11T04:25:03.555+0000] {processor.py:840} INFO - DAG(s) 'tutorial' retrieved from /home/airflow/.local/lib/python3.12/site-packages/airflow/example_dags/tutorial.py
[2024-07-11T04:25:03.572+0000] {logging_mixin.py:188} INFO - [2024-07-11T04:25:03.572+0000] {dag.py:3096} INFO - Sync 1 DAGs
[2024-07-11T04:25:03.590+0000] {logging_mixin.py:188} INFO - [2024-07-11T04:25:03.590+0000] {dag.py:3954} INFO - Setting next_dagrun for tutorial to 2024-07-10 00:00:00+00:00, run_after=2024-07-11 00:00:00+00:00
[2024-07-11T04:25:03.612+0000] {processor.py:183} INFO - Processing /home/airflow/.local/lib/python3.12/site-packages/airflow/example_dags/tutorial.py took 0.068 seconds
[2024-07-11T04:25:34.066+0000] {processor.py:161} INFO - Started process (PID=636) to work on /home/airflow/.local/lib/python3.12/site-packages/airflow/example_dags/tutorial.py
[2024-07-11T04:25:34.066+0000] {processor.py:830} INFO - Processing file /home/airflow/.local/lib/python3.12/site-packages/airflow/example_dags/tutorial.py for tasks to queue
[2024-07-11T04:25:34.068+0000] {logging_mixin.py:188} INFO - [2024-07-11T04:25:34.068+0000] {dagbag.py:545} INFO - Filling up the DagBag from /home/airflow/.local/lib/python3.12/site-packages/airflow/example_dags/tutorial.py
[2024-07-11T04:25:34.074+0000] {processor.py:840} INFO - DAG(s) 'tutorial' retrieved from /home/airflow/.local/lib/python3.12/site-packages/airflow/example_dags/tutorial.py
[2024-07-11T04:25:34.096+0000] {logging_mixin.py:188} INFO - [2024-07-11T04:25:34.096+0000] {dag.py:3096} INFO - Sync 1 DAGs
[2024-07-11T04:25:34.123+0000] {logging_mixin.py:188} INFO - [2024-07-11T04:25:34.123+0000] {dag.py:3954} INFO - Setting next_dagrun for tutorial to 2024-07-10 00:00:00+00:00, run_after=2024-07-11 00:00:00+00:00
[2024-07-11T04:25:34.167+0000] {processor.py:183} INFO - Processing /home/airflow/.local/lib/python3.12/site-packages/airflow/example_dags/tutorial.py took 0.107 seconds
[2024-07-11T04:26:04.648+0000] {processor.py:161} INFO - Started process (PID=695) to work on /home/airflow/.local/lib/python3.12/site-packages/airflow/example_dags/tutorial.py
[2024-07-11T04:26:04.649+0000] {processor.py:830} INFO - Processing file /home/airflow/.local/lib/python3.12/site-packages/airflow/example_dags/tutorial.py for tasks to queue
[2024-07-11T04:26:04.650+0000] {logging_mixin.py:188} INFO - [2024-07-11T04:26:04.650+0000] {dagbag.py:545} INFO - Filling up the DagBag from /home/airflow/.local/lib/python3.12/site-packages/airflow/example_dags/tutorial.py
[2024-07-11T04:26:04.656+0000] {processor.py:840} INFO - DAG(s) 'tutorial' retrieved from /home/airflow/.local/lib/python3.12/site-packages/airflow/example_dags/tutorial.py
[2024-07-11T04:26:04.679+0000] {logging_mixin.py:188} INFO - [2024-07-11T04:26:04.678+0000] {dag.py:3096} INFO - Sync 1 DAGs
[2024-07-11T04:26:04.726+0000] {logging_mixin.py:188} INFO - [2024-07-11T04:26:04.726+0000] {dag.py:3954} INFO - Setting next_dagrun for tutorial to 2024-07-10 00:00:00+00:00, run_after=2024-07-11 00:00:00+00:00
[2024-07-11T04:26:04.752+0000] {processor.py:183} INFO - Processing /home/airflow/.local/lib/python3.12/site-packages/airflow/example_dags/tutorial.py took 0.111 seconds
[2024-07-11T04:26:35.129+0000] {processor.py:161} INFO - Started process (PID=754) to work on /home/airflow/.local/lib/python3.12/site-packages/airflow/example_dags/tutorial.py
[2024-07-11T04:26:35.129+0000] {processor.py:830} INFO - Processing file /home/airflow/.local/lib/python3.12/site-packages/airflow/example_dags/tutorial.py for tasks to queue
[2024-07-11T04:26:35.131+0000] {logging_mixin.py:188} INFO - [2024-07-11T04:26:35.131+0000] {dagbag.py:545} INFO - Filling up the DagBag from /home/airflow/.local/lib/python3.12/site-packages/airflow/example_dags/tutorial.py
[2024-07-11T04:26:35.137+0000] {processor.py:840} INFO - DAG(s) 'tutorial' retrieved from /home/airflow/.local/lib/python3.12/site-packages/airflow/example_dags/tutorial.py
[2024-07-11T04:26:35.159+0000] {logging_mixin.py:188} INFO - [2024-07-11T04:26:35.159+0000] {dag.py:3096} INFO - Sync 1 DAGs
[2024-07-11T04:26:35.186+0000] {logging_mixin.py:188} INFO - [2024-07-11T04:26:35.186+0000] {dag.py:3954} INFO - Setting next_dagrun for tutorial to 2024-07-10 00:00:00+00:00, run_after=2024-07-11 00:00:00+00:00
[2024-07-11T04:26:35.232+0000] {processor.py:183} INFO - Processing /home/airflow/.local/lib/python3.12/site-packages/airflow/example_dags/tutorial.py took 0.109 seconds
[2024-07-11T04:27:05.699+0000] {processor.py:161} INFO - Started process (PID=812) to work on /home/airflow/.local/lib/python3.12/site-packages/airflow/example_dags/tutorial.py
[2024-07-11T04:27:05.700+0000] {processor.py:830} INFO - Processing file /home/airflow/.local/lib/python3.12/site-packages/airflow/example_dags/tutorial.py for tasks to queue
[2024-07-11T04:27:05.702+0000] {logging_mixin.py:188} INFO - [2024-07-11T04:27:05.702+0000] {dagbag.py:545} INFO - Filling up the DagBag from /home/airflow/.local/lib/python3.12/site-packages/airflow/example_dags/tutorial.py
[2024-07-11T04:27:05.708+0000] {processor.py:840} INFO - DAG(s) 'tutorial' retrieved from /home/airflow/.local/lib/python3.12/site-packages/airflow/example_dags/tutorial.py
[2024-07-11T04:27:05.730+0000] {logging_mixin.py:188} INFO - [2024-07-11T04:27:05.730+0000] {dag.py:3096} INFO - Sync 1 DAGs
[2024-07-11T04:27:05.759+0000] {logging_mixin.py:188} INFO - [2024-07-11T04:27:05.759+0000] {dag.py:3954} INFO - Setting next_dagrun for tutorial to 2024-07-10 00:00:00+00:00, run_after=2024-07-11 00:00:00+00:00
[2024-07-11T04:27:05.786+0000] {processor.py:183} INFO - Processing /home/airflow/.local/lib/python3.12/site-packages/airflow/example_dags/tutorial.py took 0.092 seconds
[2024-07-11T04:27:36.034+0000] {processor.py:161} INFO - Started process (PID=871) to work on /home/airflow/.local/lib/python3.12/site-packages/airflow/example_dags/tutorial.py
[2024-07-11T04:27:36.034+0000] {processor.py:830} INFO - Processing file /home/airflow/.local/lib/python3.12/site-packages/airflow/example_dags/tutorial.py for tasks to queue
[2024-07-11T04:27:36.036+0000] {logging_mixin.py:188} INFO - [2024-07-11T04:27:36.036+0000] {dagbag.py:545} INFO - Filling up the DagBag from /home/airflow/.local/lib/python3.12/site-packages/airflow/example_dags/tutorial.py
[2024-07-11T04:27:36.052+0000] {processor.py:840} INFO - DAG(s) 'tutorial' retrieved from /home/airflow/.local/lib/python3.12/site-packages/airflow/example_dags/tutorial.py
[2024-07-11T04:27:36.114+0000] {logging_mixin.py:188} INFO - [2024-07-11T04:27:36.114+0000] {dag.py:3096} INFO - Sync 1 DAGs
[2024-07-11T04:27:36.150+0000] {logging_mixin.py:188} INFO - [2024-07-11T04:27:36.150+0000] {dag.py:3954} INFO - Setting next_dagrun for tutorial to 2024-07-10 00:00:00+00:00, run_after=2024-07-11 00:00:00+00:00
[2024-07-11T04:27:36.181+0000] {processor.py:183} INFO - Processing /home/airflow/.local/lib/python3.12/site-packages/airflow/example_dags/tutorial.py took 0.163 seconds
[2024-07-11T04:28:06.890+0000] {processor.py:161} INFO - Started process (PID=930) to work on /home/airflow/.local/lib/python3.12/site-packages/airflow/example_dags/tutorial.py
[2024-07-11T04:28:06.891+0000] {processor.py:830} INFO - Processing file /home/airflow/.local/lib/python3.12/site-packages/airflow/example_dags/tutorial.py for tasks to queue
[2024-07-11T04:28:06.893+0000] {logging_mixin.py:188} INFO - [2024-07-11T04:28:06.892+0000] {dagbag.py:545} INFO - Filling up the DagBag from /home/airflow/.local/lib/python3.12/site-packages/airflow/example_dags/tutorial.py
[2024-07-11T04:28:06.899+0000] {processor.py:840} INFO - DAG(s) 'tutorial' retrieved from /home/airflow/.local/lib/python3.12/site-packages/airflow/example_dags/tutorial.py
[2024-07-11T04:28:06.924+0000] {logging_mixin.py:188} INFO - [2024-07-11T04:28:06.924+0000] {dag.py:3096} INFO - Sync 1 DAGs
[2024-07-11T04:28:06.958+0000] {logging_mixin.py:188} INFO - [2024-07-11T04:28:06.958+0000] {dag.py:3954} INFO - Setting next_dagrun for tutorial to 2024-07-10 00:00:00+00:00, run_after=2024-07-11 00:00:00+00:00
[2024-07-11T04:28:07.003+0000] {processor.py:183} INFO - Processing /home/airflow/.local/lib/python3.12/site-packages/airflow/example_dags/tutorial.py took 0.119 seconds
[2024-07-11T04:28:37.193+0000] {processor.py:161} INFO - Started process (PID=988) to work on /home/airflow/.local/lib/python3.12/site-packages/airflow/example_dags/tutorial.py
[2024-07-11T04:28:37.193+0000] {processor.py:830} INFO - Processing file /home/airflow/.local/lib/python3.12/site-packages/airflow/example_dags/tutorial.py for tasks to queue
[2024-07-11T04:28:37.195+0000] {logging_mixin.py:188} INFO - [2024-07-11T04:28:37.195+0000] {dagbag.py:545} INFO - Filling up the DagBag from /home/airflow/.local/lib/python3.12/site-packages/airflow/example_dags/tutorial.py
[2024-07-11T04:28:37.199+0000] {processor.py:840} INFO - DAG(s) 'tutorial' retrieved from /home/airflow/.local/lib/python3.12/site-packages/airflow/example_dags/tutorial.py
[2024-07-11T04:28:37.215+0000] {logging_mixin.py:188} INFO - [2024-07-11T04:28:37.215+0000] {dag.py:3096} INFO - Sync 1 DAGs
[2024-07-11T04:28:37.233+0000] {logging_mixin.py:188} INFO - [2024-07-11T04:28:37.233+0000] {dag.py:3954} INFO - Setting next_dagrun for tutorial to 2024-07-10 00:00:00+00:00, run_after=2024-07-11 00:00:00+00:00
[2024-07-11T04:28:37.257+0000] {processor.py:183} INFO - Processing /home/airflow/.local/lib/python3.12/site-packages/airflow/example_dags/tutorial.py took 0.069 seconds
[2024-07-11T04:29:07.735+0000] {processor.py:161} INFO - Started process (PID=1046) to work on /home/airflow/.local/lib/python3.12/site-packages/airflow/example_dags/tutorial.py
[2024-07-11T04:29:07.736+0000] {processor.py:830} INFO - Processing file /home/airflow/.local/lib/python3.12/site-packages/airflow/example_dags/tutorial.py for tasks to queue
[2024-07-11T04:29:07.738+0000] {logging_mixin.py:188} INFO - [2024-07-11T04:29:07.737+0000] {dagbag.py:545} INFO - Filling up the DagBag from /home/airflow/.local/lib/python3.12/site-packages/airflow/example_dags/tutorial.py
[2024-07-11T04:29:07.745+0000] {processor.py:840} INFO - DAG(s) 'tutorial' retrieved from /home/airflow/.local/lib/python3.12/site-packages/airflow/example_dags/tutorial.py
[2024-07-11T04:29:07.769+0000] {logging_mixin.py:188} INFO - [2024-07-11T04:29:07.769+0000] {dag.py:3096} INFO - Sync 1 DAGs
[2024-07-11T04:29:07.800+0000] {logging_mixin.py:188} INFO - [2024-07-11T04:29:07.799+0000] {dag.py:3954} INFO - Setting next_dagrun for tutorial to 2024-07-10 00:00:00+00:00, run_after=2024-07-11 00:00:00+00:00
[2024-07-11T04:29:07.859+0000] {processor.py:183} INFO - Processing /home/airflow/.local/lib/python3.12/site-packages/airflow/example_dags/tutorial.py took 0.131 seconds
