[2024-07-14T01:12:46.587+0000] {processor.py:161} INFO - Started process (PID=32) to work on /opt/airflow/dags/dndClassPipeline.py
[2024-07-14T01:12:46.603+0000] {processor.py:830} INFO - Processing file /opt/airflow/dags/dndClassPipeline.py for tasks to queue
[2024-07-14T01:12:46.605+0000] {logging_mixin.py:188} INFO - [2024-07-14T01:12:46.604+0000] {dagbag.py:545} INFO - Filling up the DagBag from /opt/airflow/dags/dndClassPipeline.py
[2024-07-14T01:13:04.873+0000] {processor.py:840} INFO - DAG(s) 'dnd_classification_RFModel' retrieved from /opt/airflow/dags/dndClassPipeline.py
[2024-07-14T01:13:04.940+0000] {logging_mixin.py:188} INFO - [2024-07-14T01:13:04.940+0000] {dag.py:3096} INFO - Sync 1 DAGs
[2024-07-14T01:13:04.970+0000] {logging_mixin.py:188} INFO - [2024-07-14T01:13:04.970+0000] {dag.py:3954} INFO - Setting next_dagrun for dnd_classification_RFModel to 2024-07-14 00:00:00+00:00, run_after=2024-07-15 00:00:00+00:00
[2024-07-14T01:13:05.011+0000] {processor.py:183} INFO - Processing /opt/airflow/dags/dndClassPipeline.py took 18.450 seconds
[2024-07-14T01:13:15.867+0000] {processor.py:161} INFO - Started process (PID=93) to work on /opt/airflow/dags/dndClassPipeline.py
[2024-07-14T01:13:15.868+0000] {processor.py:830} INFO - Processing file /opt/airflow/dags/dndClassPipeline.py for tasks to queue
[2024-07-14T01:13:15.869+0000] {logging_mixin.py:188} INFO - [2024-07-14T01:13:15.869+0000] {dagbag.py:545} INFO - Filling up the DagBag from /opt/airflow/dags/dndClassPipeline.py
[2024-07-14T01:13:17.500+0000] {processor.py:840} INFO - DAG(s) 'dnd_classification_RFModel' retrieved from /opt/airflow/dags/dndClassPipeline.py
[2024-07-14T01:13:17.516+0000] {logging_mixin.py:188} INFO - [2024-07-14T01:13:17.515+0000] {taskinstance.py:2907} ERROR - {'DAG Id': 'dnd_classification_RFModel', 'Task Id': 'hyperopt_experiment', 'Run Id': 'scheduled__2024-07-13T00:00:00+00:00', 'Hostname': '9c450fba646b', 'External Executor Id': 'f518dc5e-ba2f-4f98-9b60-7229dfd659d4'}
[2024-07-14T01:13:17.527+0000] {logging_mixin.py:188} INFO - [2024-07-14T01:13:17.527+0000] {taskinstance.py:1206} INFO - Marking task as FAILED. dag_id=dnd_classification_RFModel, task_id=hyperopt_experiment, run_id=scheduled__2024-07-13T00:00:00+00:00, execution_date=20240713T000000, start_date=20240714T011310, end_date=20240714T011317
[2024-07-14T01:13:17.553+0000] {processor.py:791} INFO - Executed failure callback for <TaskInstance: dnd_classification_RFModel.hyperopt_experiment scheduled__2024-07-13T00:00:00+00:00 [failed]> in state failed
[2024-07-14T01:13:17.569+0000] {logging_mixin.py:188} INFO - [2024-07-14T01:13:17.568+0000] {dag.py:3096} INFO - Sync 1 DAGs
[2024-07-14T01:13:17.582+0000] {logging_mixin.py:188} INFO - [2024-07-14T01:13:17.582+0000] {dag.py:3954} INFO - Setting next_dagrun for dnd_classification_RFModel to 2024-07-14 00:00:00+00:00, run_after=2024-07-15 00:00:00+00:00
[2024-07-14T01:13:17.603+0000] {processor.py:183} INFO - Processing /opt/airflow/dags/dndClassPipeline.py took 1.741 seconds
[2024-07-14T01:13:47.966+0000] {processor.py:161} INFO - Started process (PID=155) to work on /opt/airflow/dags/dndClassPipeline.py
[2024-07-14T01:13:47.967+0000] {processor.py:830} INFO - Processing file /opt/airflow/dags/dndClassPipeline.py for tasks to queue
[2024-07-14T01:13:47.970+0000] {logging_mixin.py:188} INFO - [2024-07-14T01:13:47.969+0000] {dagbag.py:545} INFO - Filling up the DagBag from /opt/airflow/dags/dndClassPipeline.py
[2024-07-14T01:13:49.615+0000] {processor.py:840} INFO - DAG(s) 'dnd_classification_RFModel' retrieved from /opt/airflow/dags/dndClassPipeline.py
[2024-07-14T01:13:49.627+0000] {logging_mixin.py:188} INFO - [2024-07-14T01:13:49.627+0000] {dag.py:3096} INFO - Sync 1 DAGs
[2024-07-14T01:13:49.643+0000] {logging_mixin.py:188} INFO - [2024-07-14T01:13:49.643+0000] {dag.py:3954} INFO - Setting next_dagrun for dnd_classification_RFModel to 2024-07-14 00:00:00+00:00, run_after=2024-07-15 00:00:00+00:00
[2024-07-14T01:13:49.664+0000] {processor.py:183} INFO - Processing /opt/airflow/dags/dndClassPipeline.py took 1.704 seconds
[2024-07-14T01:14:20.188+0000] {processor.py:161} INFO - Started process (PID=217) to work on /opt/airflow/dags/dndClassPipeline.py
[2024-07-14T01:14:20.188+0000] {processor.py:830} INFO - Processing file /opt/airflow/dags/dndClassPipeline.py for tasks to queue
[2024-07-14T01:14:20.189+0000] {logging_mixin.py:188} INFO - [2024-07-14T01:14:20.189+0000] {dagbag.py:545} INFO - Filling up the DagBag from /opt/airflow/dags/dndClassPipeline.py
[2024-07-14T01:14:22.132+0000] {processor.py:840} INFO - DAG(s) 'dnd_classification_RFModel' retrieved from /opt/airflow/dags/dndClassPipeline.py
[2024-07-14T01:14:22.144+0000] {logging_mixin.py:188} INFO - [2024-07-14T01:14:22.144+0000] {dag.py:3096} INFO - Sync 1 DAGs
[2024-07-14T01:14:22.160+0000] {logging_mixin.py:188} INFO - [2024-07-14T01:14:22.159+0000] {dag.py:3954} INFO - Setting next_dagrun for dnd_classification_RFModel to 2024-07-14 00:00:00+00:00, run_after=2024-07-15 00:00:00+00:00
[2024-07-14T01:14:22.182+0000] {processor.py:183} INFO - Processing /opt/airflow/dags/dndClassPipeline.py took 1.998 seconds
[2024-07-14T01:14:52.268+0000] {processor.py:161} INFO - Started process (PID=283) to work on /opt/airflow/dags/dndClassPipeline.py
[2024-07-14T01:14:52.272+0000] {processor.py:830} INFO - Processing file /opt/airflow/dags/dndClassPipeline.py for tasks to queue
[2024-07-14T01:14:52.273+0000] {logging_mixin.py:188} INFO - [2024-07-14T01:14:52.273+0000] {dagbag.py:545} INFO - Filling up the DagBag from /opt/airflow/dags/dndClassPipeline.py
[2024-07-14T01:14:54.514+0000] {processor.py:840} INFO - DAG(s) 'dnd_classification_RFModel' retrieved from /opt/airflow/dags/dndClassPipeline.py
[2024-07-14T01:14:54.532+0000] {logging_mixin.py:188} INFO - [2024-07-14T01:14:54.531+0000] {dag.py:3096} INFO - Sync 1 DAGs
[2024-07-14T01:14:54.554+0000] {logging_mixin.py:188} INFO - [2024-07-14T01:14:54.554+0000] {dag.py:3954} INFO - Setting next_dagrun for dnd_classification_RFModel to 2024-07-14 00:00:00+00:00, run_after=2024-07-15 00:00:00+00:00
[2024-07-14T01:14:54.580+0000] {processor.py:183} INFO - Processing /opt/airflow/dags/dndClassPipeline.py took 2.317 seconds
[2024-07-14T01:15:24.795+0000] {processor.py:161} INFO - Started process (PID=348) to work on /opt/airflow/dags/dndClassPipeline.py
[2024-07-14T01:15:24.796+0000] {processor.py:830} INFO - Processing file /opt/airflow/dags/dndClassPipeline.py for tasks to queue
[2024-07-14T01:15:24.797+0000] {logging_mixin.py:188} INFO - [2024-07-14T01:15:24.797+0000] {dagbag.py:545} INFO - Filling up the DagBag from /opt/airflow/dags/dndClassPipeline.py
[2024-07-14T01:15:26.952+0000] {processor.py:840} INFO - DAG(s) 'dnd_classification_RFModel' retrieved from /opt/airflow/dags/dndClassPipeline.py
[2024-07-14T01:15:26.986+0000] {logging_mixin.py:188} INFO - [2024-07-14T01:15:26.984+0000] {dag.py:3096} INFO - Sync 1 DAGs
[2024-07-14T01:15:27.050+0000] {logging_mixin.py:188} INFO - [2024-07-14T01:15:27.050+0000] {dag.py:3954} INFO - Setting next_dagrun for dnd_classification_RFModel to 2024-07-14 00:00:00+00:00, run_after=2024-07-15 00:00:00+00:00
[2024-07-14T01:15:27.089+0000] {processor.py:183} INFO - Processing /opt/airflow/dags/dndClassPipeline.py took 2.299 seconds
[2024-07-14T01:15:57.446+0000] {processor.py:161} INFO - Started process (PID=418) to work on /opt/airflow/dags/dndClassPipeline.py
[2024-07-14T01:15:57.446+0000] {processor.py:830} INFO - Processing file /opt/airflow/dags/dndClassPipeline.py for tasks to queue
[2024-07-14T01:15:57.448+0000] {logging_mixin.py:188} INFO - [2024-07-14T01:15:57.448+0000] {dagbag.py:545} INFO - Filling up the DagBag from /opt/airflow/dags/dndClassPipeline.py
[2024-07-14T01:15:59.338+0000] {processor.py:840} INFO - DAG(s) 'dnd_classification_RFModel' retrieved from /opt/airflow/dags/dndClassPipeline.py
[2024-07-14T01:15:59.350+0000] {logging_mixin.py:188} INFO - [2024-07-14T01:15:59.350+0000] {dag.py:3096} INFO - Sync 1 DAGs
[2024-07-14T01:15:59.366+0000] {logging_mixin.py:188} INFO - [2024-07-14T01:15:59.365+0000] {dag.py:3954} INFO - Setting next_dagrun for dnd_classification_RFModel to 2024-07-14 00:00:00+00:00, run_after=2024-07-15 00:00:00+00:00
[2024-07-14T01:15:59.388+0000] {processor.py:183} INFO - Processing /opt/airflow/dags/dndClassPipeline.py took 1.947 seconds
[2024-07-14T01:16:29.567+0000] {processor.py:161} INFO - Started process (PID=481) to work on /opt/airflow/dags/dndClassPipeline.py
[2024-07-14T01:16:29.568+0000] {processor.py:830} INFO - Processing file /opt/airflow/dags/dndClassPipeline.py for tasks to queue
[2024-07-14T01:16:29.569+0000] {logging_mixin.py:188} INFO - [2024-07-14T01:16:29.569+0000] {dagbag.py:545} INFO - Filling up the DagBag from /opt/airflow/dags/dndClassPipeline.py
[2024-07-14T01:16:31.908+0000] {processor.py:840} INFO - DAG(s) 'dnd_classification_RFModel' retrieved from /opt/airflow/dags/dndClassPipeline.py
[2024-07-14T01:16:31.922+0000] {logging_mixin.py:188} INFO - [2024-07-14T01:16:31.921+0000] {dag.py:3096} INFO - Sync 1 DAGs
[2024-07-14T01:16:31.941+0000] {logging_mixin.py:188} INFO - [2024-07-14T01:16:31.940+0000] {dag.py:3954} INFO - Setting next_dagrun for dnd_classification_RFModel to 2024-07-14 00:00:00+00:00, run_after=2024-07-15 00:00:00+00:00
[2024-07-14T01:16:31.961+0000] {processor.py:183} INFO - Processing /opt/airflow/dags/dndClassPipeline.py took 2.400 seconds
[2024-07-14T01:17:02.073+0000] {processor.py:161} INFO - Started process (PID=551) to work on /opt/airflow/dags/dndClassPipeline.py
[2024-07-14T01:17:02.083+0000] {processor.py:830} INFO - Processing file /opt/airflow/dags/dndClassPipeline.py for tasks to queue
[2024-07-14T01:17:02.090+0000] {logging_mixin.py:188} INFO - [2024-07-14T01:17:02.090+0000] {dagbag.py:545} INFO - Filling up the DagBag from /opt/airflow/dags/dndClassPipeline.py
[2024-07-14T01:17:04.523+0000] {processor.py:840} INFO - DAG(s) 'dnd_classification_RFModel' retrieved from /opt/airflow/dags/dndClassPipeline.py
[2024-07-14T01:17:04.573+0000] {logging_mixin.py:188} INFO - [2024-07-14T01:17:04.573+0000] {dag.py:3096} INFO - Sync 1 DAGs
[2024-07-14T01:17:04.592+0000] {logging_mixin.py:188} INFO - [2024-07-14T01:17:04.592+0000] {dag.py:3954} INFO - Setting next_dagrun for dnd_classification_RFModel to 2024-07-14 00:00:00+00:00, run_after=2024-07-15 00:00:00+00:00
[2024-07-14T01:17:04.612+0000] {processor.py:183} INFO - Processing /opt/airflow/dags/dndClassPipeline.py took 2.546 seconds
[2024-07-14T01:17:35.090+0000] {processor.py:161} INFO - Started process (PID=618) to work on /opt/airflow/dags/dndClassPipeline.py
[2024-07-14T01:17:35.100+0000] {processor.py:830} INFO - Processing file /opt/airflow/dags/dndClassPipeline.py for tasks to queue
[2024-07-14T01:17:35.102+0000] {logging_mixin.py:188} INFO - [2024-07-14T01:17:35.101+0000] {dagbag.py:545} INFO - Filling up the DagBag from /opt/airflow/dags/dndClassPipeline.py
[2024-07-14T01:17:40.715+0000] {processor.py:840} INFO - DAG(s) 'dnd_classification_RFModel' retrieved from /opt/airflow/dags/dndClassPipeline.py
[2024-07-14T01:17:40.731+0000] {logging_mixin.py:188} INFO - [2024-07-14T01:17:40.731+0000] {dag.py:3096} INFO - Sync 1 DAGs
[2024-07-14T01:17:40.748+0000] {logging_mixin.py:188} INFO - [2024-07-14T01:17:40.748+0000] {dag.py:3954} INFO - Setting next_dagrun for dnd_classification_RFModel to 2024-07-14 00:00:00+00:00, run_after=2024-07-15 00:00:00+00:00
[2024-07-14T01:17:40.768+0000] {processor.py:183} INFO - Processing /opt/airflow/dags/dndClassPipeline.py took 5.700 seconds
[2024-07-14T01:18:11.098+0000] {processor.py:161} INFO - Started process (PID=694) to work on /opt/airflow/dags/dndClassPipeline.py
[2024-07-14T01:18:11.108+0000] {processor.py:830} INFO - Processing file /opt/airflow/dags/dndClassPipeline.py for tasks to queue
[2024-07-14T01:18:11.110+0000] {logging_mixin.py:188} INFO - [2024-07-14T01:18:11.109+0000] {dagbag.py:545} INFO - Filling up the DagBag from /opt/airflow/dags/dndClassPipeline.py
[2024-07-14T01:18:16.244+0000] {processor.py:840} INFO - DAG(s) 'dnd_classification_RFModel' retrieved from /opt/airflow/dags/dndClassPipeline.py
[2024-07-14T01:18:16.300+0000] {logging_mixin.py:188} INFO - [2024-07-14T01:18:16.299+0000] {dag.py:3096} INFO - Sync 1 DAGs
[2024-07-14T01:18:16.360+0000] {logging_mixin.py:188} INFO - [2024-07-14T01:18:16.359+0000] {dag.py:3954} INFO - Setting next_dagrun for dnd_classification_RFModel to 2024-07-14 00:00:00+00:00, run_after=2024-07-15 00:00:00+00:00
[2024-07-14T01:18:16.408+0000] {processor.py:183} INFO - Processing /opt/airflow/dags/dndClassPipeline.py took 5.328 seconds
[2024-07-14T01:18:46.586+0000] {processor.py:161} INFO - Started process (PID=762) to work on /opt/airflow/dags/dndClassPipeline.py
[2024-07-14T01:18:46.586+0000] {processor.py:830} INFO - Processing file /opt/airflow/dags/dndClassPipeline.py for tasks to queue
[2024-07-14T01:18:46.588+0000] {logging_mixin.py:188} INFO - [2024-07-14T01:18:46.587+0000] {dagbag.py:545} INFO - Filling up the DagBag from /opt/airflow/dags/dndClassPipeline.py
[2024-07-14T01:18:50.442+0000] {processor.py:840} INFO - DAG(s) 'dnd_classification_RFModel' retrieved from /opt/airflow/dags/dndClassPipeline.py
[2024-07-14T01:18:50.474+0000] {logging_mixin.py:188} INFO - [2024-07-14T01:18:50.473+0000] {dag.py:3096} INFO - Sync 1 DAGs
[2024-07-14T01:18:50.517+0000] {logging_mixin.py:188} INFO - [2024-07-14T01:18:50.516+0000] {dag.py:3954} INFO - Setting next_dagrun for dnd_classification_RFModel to 2024-07-14 00:00:00+00:00, run_after=2024-07-15 00:00:00+00:00
[2024-07-14T01:18:50.551+0000] {processor.py:183} INFO - Processing /opt/airflow/dags/dndClassPipeline.py took 3.969 seconds
[2024-07-14T01:19:20.947+0000] {processor.py:161} INFO - Started process (PID=823) to work on /opt/airflow/dags/dndClassPipeline.py
[2024-07-14T01:19:20.948+0000] {processor.py:830} INFO - Processing file /opt/airflow/dags/dndClassPipeline.py for tasks to queue
[2024-07-14T01:19:20.949+0000] {logging_mixin.py:188} INFO - [2024-07-14T01:19:20.949+0000] {dagbag.py:545} INFO - Filling up the DagBag from /opt/airflow/dags/dndClassPipeline.py
[2024-07-14T01:19:22.829+0000] {processor.py:840} INFO - DAG(s) 'dnd_classification_RFModel' retrieved from /opt/airflow/dags/dndClassPipeline.py
[2024-07-14T01:19:22.842+0000] {logging_mixin.py:188} INFO - [2024-07-14T01:19:22.842+0000] {dag.py:3096} INFO - Sync 1 DAGs
[2024-07-14T01:19:22.861+0000] {logging_mixin.py:188} INFO - [2024-07-14T01:19:22.860+0000] {dag.py:3954} INFO - Setting next_dagrun for dnd_classification_RFModel to 2024-07-14 00:00:00+00:00, run_after=2024-07-15 00:00:00+00:00
[2024-07-14T01:19:22.884+0000] {processor.py:183} INFO - Processing /opt/airflow/dags/dndClassPipeline.py took 1.941 seconds
[2024-07-14T01:19:53.413+0000] {processor.py:161} INFO - Started process (PID=886) to work on /opt/airflow/dags/dndClassPipeline.py
[2024-07-14T01:19:53.419+0000] {processor.py:830} INFO - Processing file /opt/airflow/dags/dndClassPipeline.py for tasks to queue
[2024-07-14T01:19:53.421+0000] {logging_mixin.py:188} INFO - [2024-07-14T01:19:53.421+0000] {dagbag.py:545} INFO - Filling up the DagBag from /opt/airflow/dags/dndClassPipeline.py
[2024-07-14T01:19:55.003+0000] {processor.py:840} INFO - DAG(s) 'dnd_classification_RFModel' retrieved from /opt/airflow/dags/dndClassPipeline.py
[2024-07-14T01:19:55.017+0000] {logging_mixin.py:188} INFO - [2024-07-14T01:19:55.017+0000] {dag.py:3096} INFO - Sync 1 DAGs
[2024-07-14T01:19:55.033+0000] {logging_mixin.py:188} INFO - [2024-07-14T01:19:55.033+0000] {dag.py:3954} INFO - Setting next_dagrun for dnd_classification_RFModel to 2024-07-14 00:00:00+00:00, run_after=2024-07-15 00:00:00+00:00
[2024-07-14T01:19:55.054+0000] {processor.py:183} INFO - Processing /opt/airflow/dags/dndClassPipeline.py took 1.649 seconds
[2024-07-14T01:20:25.763+0000] {processor.py:161} INFO - Started process (PID=947) to work on /opt/airflow/dags/dndClassPipeline.py
[2024-07-14T01:20:25.764+0000] {processor.py:830} INFO - Processing file /opt/airflow/dags/dndClassPipeline.py for tasks to queue
[2024-07-14T01:20:25.765+0000] {logging_mixin.py:188} INFO - [2024-07-14T01:20:25.765+0000] {dagbag.py:545} INFO - Filling up the DagBag from /opt/airflow/dags/dndClassPipeline.py
[2024-07-14T01:20:27.523+0000] {processor.py:840} INFO - DAG(s) 'dnd_classification_RFModel' retrieved from /opt/airflow/dags/dndClassPipeline.py
[2024-07-14T01:20:27.537+0000] {logging_mixin.py:188} INFO - [2024-07-14T01:20:27.537+0000] {dag.py:3096} INFO - Sync 1 DAGs
[2024-07-14T01:20:27.552+0000] {logging_mixin.py:188} INFO - [2024-07-14T01:20:27.552+0000] {dag.py:3954} INFO - Setting next_dagrun for dnd_classification_RFModel to 2024-07-14 00:00:00+00:00, run_after=2024-07-15 00:00:00+00:00
[2024-07-14T01:20:27.573+0000] {processor.py:183} INFO - Processing /opt/airflow/dags/dndClassPipeline.py took 1.814 seconds
[2024-07-14T01:20:58.284+0000] {processor.py:161} INFO - Started process (PID=1011) to work on /opt/airflow/dags/dndClassPipeline.py
[2024-07-14T01:20:58.285+0000] {processor.py:830} INFO - Processing file /opt/airflow/dags/dndClassPipeline.py for tasks to queue
[2024-07-14T01:20:58.287+0000] {logging_mixin.py:188} INFO - [2024-07-14T01:20:58.286+0000] {dagbag.py:545} INFO - Filling up the DagBag from /opt/airflow/dags/dndClassPipeline.py
[2024-07-14T01:21:00.177+0000] {processor.py:840} INFO - DAG(s) 'dnd_classification_RFModel' retrieved from /opt/airflow/dags/dndClassPipeline.py
[2024-07-14T01:21:00.194+0000] {logging_mixin.py:188} INFO - [2024-07-14T01:21:00.193+0000] {dag.py:3096} INFO - Sync 1 DAGs
[2024-07-14T01:21:00.213+0000] {logging_mixin.py:188} INFO - [2024-07-14T01:21:00.213+0000] {dag.py:3954} INFO - Setting next_dagrun for dnd_classification_RFModel to 2024-07-14 00:00:00+00:00, run_after=2024-07-15 00:00:00+00:00
[2024-07-14T01:21:00.238+0000] {processor.py:183} INFO - Processing /opt/airflow/dags/dndClassPipeline.py took 1.960 seconds
[2024-07-14T01:21:31.019+0000] {processor.py:161} INFO - Started process (PID=1075) to work on /opt/airflow/dags/dndClassPipeline.py
[2024-07-14T01:21:31.025+0000] {processor.py:830} INFO - Processing file /opt/airflow/dags/dndClassPipeline.py for tasks to queue
[2024-07-14T01:21:31.027+0000] {logging_mixin.py:188} INFO - [2024-07-14T01:21:31.027+0000] {dagbag.py:545} INFO - Filling up the DagBag from /opt/airflow/dags/dndClassPipeline.py
[2024-07-14T01:21:33.418+0000] {processor.py:840} INFO - DAG(s) 'dnd_classification_RFModel' retrieved from /opt/airflow/dags/dndClassPipeline.py
[2024-07-14T01:21:33.434+0000] {logging_mixin.py:188} INFO - [2024-07-14T01:21:33.433+0000] {dag.py:3096} INFO - Sync 1 DAGs
[2024-07-14T01:21:33.455+0000] {logging_mixin.py:188} INFO - [2024-07-14T01:21:33.455+0000] {dag.py:3954} INFO - Setting next_dagrun for dnd_classification_RFModel to 2024-07-14 00:00:00+00:00, run_after=2024-07-15 00:00:00+00:00
[2024-07-14T01:21:33.479+0000] {processor.py:183} INFO - Processing /opt/airflow/dags/dndClassPipeline.py took 2.477 seconds
[2024-07-14T01:22:04.340+0000] {processor.py:161} INFO - Started process (PID=1143) to work on /opt/airflow/dags/dndClassPipeline.py
[2024-07-14T01:22:04.341+0000] {processor.py:830} INFO - Processing file /opt/airflow/dags/dndClassPipeline.py for tasks to queue
[2024-07-14T01:22:04.343+0000] {logging_mixin.py:188} INFO - [2024-07-14T01:22:04.343+0000] {dagbag.py:545} INFO - Filling up the DagBag from /opt/airflow/dags/dndClassPipeline.py
[2024-07-14T01:22:06.653+0000] {processor.py:840} INFO - DAG(s) 'dnd_classification_RFModel' retrieved from /opt/airflow/dags/dndClassPipeline.py
[2024-07-14T01:22:06.669+0000] {logging_mixin.py:188} INFO - [2024-07-14T01:22:06.668+0000] {dag.py:3096} INFO - Sync 1 DAGs
[2024-07-14T01:22:06.685+0000] {logging_mixin.py:188} INFO - [2024-07-14T01:22:06.684+0000] {dag.py:3954} INFO - Setting next_dagrun for dnd_classification_RFModel to 2024-07-14 00:00:00+00:00, run_after=2024-07-15 00:00:00+00:00
[2024-07-14T01:22:06.705+0000] {processor.py:183} INFO - Processing /opt/airflow/dags/dndClassPipeline.py took 2.370 seconds
[2024-07-14T01:22:37.232+0000] {processor.py:161} INFO - Started process (PID=1214) to work on /opt/airflow/dags/dndClassPipeline.py
[2024-07-14T01:22:37.232+0000] {processor.py:830} INFO - Processing file /opt/airflow/dags/dndClassPipeline.py for tasks to queue
[2024-07-14T01:22:37.234+0000] {logging_mixin.py:188} INFO - [2024-07-14T01:22:37.234+0000] {dagbag.py:545} INFO - Filling up the DagBag from /opt/airflow/dags/dndClassPipeline.py
[2024-07-14T01:22:39.156+0000] {processor.py:840} INFO - DAG(s) 'dnd_classification_RFModel' retrieved from /opt/airflow/dags/dndClassPipeline.py
[2024-07-14T01:22:39.169+0000] {logging_mixin.py:188} INFO - [2024-07-14T01:22:39.169+0000] {dag.py:3096} INFO - Sync 1 DAGs
[2024-07-14T01:22:39.185+0000] {logging_mixin.py:188} INFO - [2024-07-14T01:22:39.185+0000] {dag.py:3954} INFO - Setting next_dagrun for dnd_classification_RFModel to 2024-07-14 00:00:00+00:00, run_after=2024-07-15 00:00:00+00:00
[2024-07-14T01:22:39.206+0000] {processor.py:183} INFO - Processing /opt/airflow/dags/dndClassPipeline.py took 1.980 seconds
[2024-07-14T01:23:09.270+0000] {processor.py:161} INFO - Started process (PID=1279) to work on /opt/airflow/dags/dndClassPipeline.py
[2024-07-14T01:23:09.271+0000] {processor.py:830} INFO - Processing file /opt/airflow/dags/dndClassPipeline.py for tasks to queue
[2024-07-14T01:23:09.287+0000] {logging_mixin.py:188} INFO - [2024-07-14T01:23:09.286+0000] {dagbag.py:545} INFO - Filling up the DagBag from /opt/airflow/dags/dndClassPipeline.py
[2024-07-14T01:23:12.167+0000] {processor.py:840} INFO - DAG(s) 'dnd_classification_RFModel' retrieved from /opt/airflow/dags/dndClassPipeline.py
[2024-07-14T01:23:12.208+0000] {logging_mixin.py:188} INFO - [2024-07-14T01:23:12.207+0000] {dag.py:3096} INFO - Sync 1 DAGs
[2024-07-14T01:23:12.239+0000] {logging_mixin.py:188} INFO - [2024-07-14T01:23:12.238+0000] {dag.py:3954} INFO - Setting next_dagrun for dnd_classification_RFModel to 2024-07-14 00:00:00+00:00, run_after=2024-07-15 00:00:00+00:00
[2024-07-14T01:23:12.281+0000] {processor.py:183} INFO - Processing /opt/airflow/dags/dndClassPipeline.py took 3.018 seconds
[2024-07-14T01:23:42.812+0000] {processor.py:161} INFO - Started process (PID=1345) to work on /opt/airflow/dags/dndClassPipeline.py
[2024-07-14T01:23:42.813+0000] {processor.py:830} INFO - Processing file /opt/airflow/dags/dndClassPipeline.py for tasks to queue
[2024-07-14T01:23:42.815+0000] {logging_mixin.py:188} INFO - [2024-07-14T01:23:42.815+0000] {dagbag.py:545} INFO - Filling up the DagBag from /opt/airflow/dags/dndClassPipeline.py
[2024-07-14T01:23:44.549+0000] {processor.py:840} INFO - DAG(s) 'dnd_classification_RFModel' retrieved from /opt/airflow/dags/dndClassPipeline.py
[2024-07-14T01:23:44.571+0000] {logging_mixin.py:188} INFO - [2024-07-14T01:23:44.570+0000] {dag.py:3096} INFO - Sync 1 DAGs
[2024-07-14T01:23:44.589+0000] {logging_mixin.py:188} INFO - [2024-07-14T01:23:44.588+0000] {dag.py:3954} INFO - Setting next_dagrun for dnd_classification_RFModel to 2024-07-14 00:00:00+00:00, run_after=2024-07-15 00:00:00+00:00
[2024-07-14T01:23:44.610+0000] {processor.py:183} INFO - Processing /opt/airflow/dags/dndClassPipeline.py took 1.803 seconds
[2024-07-14T01:24:14.815+0000] {processor.py:161} INFO - Started process (PID=1415) to work on /opt/airflow/dags/dndClassPipeline.py
[2024-07-14T01:24:14.815+0000] {processor.py:830} INFO - Processing file /opt/airflow/dags/dndClassPipeline.py for tasks to queue
[2024-07-14T01:24:14.817+0000] {logging_mixin.py:188} INFO - [2024-07-14T01:24:14.816+0000] {dagbag.py:545} INFO - Filling up the DagBag from /opt/airflow/dags/dndClassPipeline.py
[2024-07-14T01:24:17.374+0000] {processor.py:840} INFO - DAG(s) 'dnd_classification_RFModel' retrieved from /opt/airflow/dags/dndClassPipeline.py
[2024-07-14T01:24:17.387+0000] {logging_mixin.py:188} INFO - [2024-07-14T01:24:17.386+0000] {dag.py:3096} INFO - Sync 1 DAGs
[2024-07-14T01:24:17.403+0000] {logging_mixin.py:188} INFO - [2024-07-14T01:24:17.403+0000] {dag.py:3954} INFO - Setting next_dagrun for dnd_classification_RFModel to 2024-07-14 00:00:00+00:00, run_after=2024-07-15 00:00:00+00:00
[2024-07-14T01:24:17.425+0000] {processor.py:183} INFO - Processing /opt/airflow/dags/dndClassPipeline.py took 2.614 seconds
[2024-07-14T01:24:47.768+0000] {processor.py:161} INFO - Started process (PID=1478) to work on /opt/airflow/dags/dndClassPipeline.py
[2024-07-14T01:24:47.776+0000] {processor.py:830} INFO - Processing file /opt/airflow/dags/dndClassPipeline.py for tasks to queue
[2024-07-14T01:24:47.788+0000] {logging_mixin.py:188} INFO - [2024-07-14T01:24:47.779+0000] {dagbag.py:545} INFO - Filling up the DagBag from /opt/airflow/dags/dndClassPipeline.py
[2024-07-14T01:24:53.789+0000] {processor.py:840} INFO - DAG(s) 'dnd_classification_RFModel' retrieved from /opt/airflow/dags/dndClassPipeline.py
[2024-07-14T01:24:53.804+0000] {logging_mixin.py:188} INFO - [2024-07-14T01:24:53.803+0000] {dag.py:3096} INFO - Sync 1 DAGs
[2024-07-14T01:24:53.827+0000] {logging_mixin.py:188} INFO - [2024-07-14T01:24:53.827+0000] {dag.py:3954} INFO - Setting next_dagrun for dnd_classification_RFModel to 2024-07-14 00:00:00+00:00, run_after=2024-07-15 00:00:00+00:00
[2024-07-14T01:24:53.851+0000] {processor.py:183} INFO - Processing /opt/airflow/dags/dndClassPipeline.py took 6.097 seconds
[2024-07-14T01:25:24.088+0000] {processor.py:161} INFO - Started process (PID=1550) to work on /opt/airflow/dags/dndClassPipeline.py
[2024-07-14T01:25:24.089+0000] {processor.py:830} INFO - Processing file /opt/airflow/dags/dndClassPipeline.py for tasks to queue
[2024-07-14T01:25:24.092+0000] {logging_mixin.py:188} INFO - [2024-07-14T01:25:24.091+0000] {dagbag.py:545} INFO - Filling up the DagBag from /opt/airflow/dags/dndClassPipeline.py
[2024-07-14T01:25:30.089+0000] {processor.py:840} INFO - DAG(s) 'dnd_classification_RFModel' retrieved from /opt/airflow/dags/dndClassPipeline.py
[2024-07-14T01:25:30.131+0000] {logging_mixin.py:188} INFO - [2024-07-14T01:25:30.131+0000] {dag.py:3096} INFO - Sync 1 DAGs
[2024-07-14T01:25:30.157+0000] {logging_mixin.py:188} INFO - [2024-07-14T01:25:30.157+0000] {dag.py:3954} INFO - Setting next_dagrun for dnd_classification_RFModel to 2024-07-14 00:00:00+00:00, run_after=2024-07-15 00:00:00+00:00
[2024-07-14T01:25:30.191+0000] {processor.py:183} INFO - Processing /opt/airflow/dags/dndClassPipeline.py took 6.123 seconds
[2024-07-14T01:26:00.386+0000] {processor.py:161} INFO - Started process (PID=1614) to work on /opt/airflow/dags/dndClassPipeline.py
[2024-07-14T01:26:00.395+0000] {processor.py:830} INFO - Processing file /opt/airflow/dags/dndClassPipeline.py for tasks to queue
[2024-07-14T01:26:00.397+0000] {logging_mixin.py:188} INFO - [2024-07-14T01:26:00.397+0000] {dagbag.py:545} INFO - Filling up the DagBag from /opt/airflow/dags/dndClassPipeline.py
[2024-07-14T01:26:05.273+0000] {processor.py:840} INFO - DAG(s) 'dnd_classification_RFModel' retrieved from /opt/airflow/dags/dndClassPipeline.py
[2024-07-14T01:26:05.293+0000] {logging_mixin.py:188} INFO - [2024-07-14T01:26:05.292+0000] {dag.py:3096} INFO - Sync 1 DAGs
[2024-07-14T01:26:05.316+0000] {logging_mixin.py:188} INFO - [2024-07-14T01:26:05.315+0000] {dag.py:3954} INFO - Setting next_dagrun for dnd_classification_RFModel to 2024-07-14 00:00:00+00:00, run_after=2024-07-15 00:00:00+00:00
[2024-07-14T01:26:05.340+0000] {processor.py:183} INFO - Processing /opt/airflow/dags/dndClassPipeline.py took 4.981 seconds
[2024-07-14T01:26:35.899+0000] {processor.py:161} INFO - Started process (PID=1681) to work on /opt/airflow/dags/dndClassPipeline.py
[2024-07-14T01:26:35.907+0000] {processor.py:830} INFO - Processing file /opt/airflow/dags/dndClassPipeline.py for tasks to queue
[2024-07-14T01:26:35.909+0000] {logging_mixin.py:188} INFO - [2024-07-14T01:26:35.909+0000] {dagbag.py:545} INFO - Filling up the DagBag from /opt/airflow/dags/dndClassPipeline.py
[2024-07-14T01:26:40.290+0000] {processor.py:840} INFO - DAG(s) 'dnd_classification_RFModel' retrieved from /opt/airflow/dags/dndClassPipeline.py
[2024-07-14T01:26:40.309+0000] {logging_mixin.py:188} INFO - [2024-07-14T01:26:40.308+0000] {dag.py:3096} INFO - Sync 1 DAGs
[2024-07-14T01:26:40.332+0000] {logging_mixin.py:188} INFO - [2024-07-14T01:26:40.331+0000] {dag.py:3954} INFO - Setting next_dagrun for dnd_classification_RFModel to 2024-07-14 00:00:00+00:00, run_after=2024-07-15 00:00:00+00:00
[2024-07-14T01:26:40.355+0000] {processor.py:183} INFO - Processing /opt/airflow/dags/dndClassPipeline.py took 4.469 seconds
[2024-07-14T01:27:11.063+0000] {processor.py:161} INFO - Started process (PID=1752) to work on /opt/airflow/dags/dndClassPipeline.py
[2024-07-14T01:27:11.064+0000] {processor.py:830} INFO - Processing file /opt/airflow/dags/dndClassPipeline.py for tasks to queue
[2024-07-14T01:27:11.066+0000] {logging_mixin.py:188} INFO - [2024-07-14T01:27:11.066+0000] {dagbag.py:545} INFO - Filling up the DagBag from /opt/airflow/dags/dndClassPipeline.py
[2024-07-14T01:27:15.904+0000] {processor.py:840} INFO - DAG(s) 'dnd_classification_RFModel' retrieved from /opt/airflow/dags/dndClassPipeline.py
[2024-07-14T01:27:15.938+0000] {logging_mixin.py:188} INFO - [2024-07-14T01:27:15.937+0000] {dag.py:3096} INFO - Sync 1 DAGs
[2024-07-14T01:27:15.984+0000] {logging_mixin.py:188} INFO - [2024-07-14T01:27:15.984+0000] {dag.py:3954} INFO - Setting next_dagrun for dnd_classification_RFModel to 2024-07-14 00:00:00+00:00, run_after=2024-07-15 00:00:00+00:00
[2024-07-14T01:27:16.031+0000] {processor.py:183} INFO - Processing /opt/airflow/dags/dndClassPipeline.py took 4.975 seconds
[2024-07-14T01:27:46.851+0000] {processor.py:161} INFO - Started process (PID=1831) to work on /opt/airflow/dags/dndClassPipeline.py
[2024-07-14T01:27:46.852+0000] {processor.py:830} INFO - Processing file /opt/airflow/dags/dndClassPipeline.py for tasks to queue
[2024-07-14T01:27:46.854+0000] {logging_mixin.py:188} INFO - [2024-07-14T01:27:46.854+0000] {dagbag.py:545} INFO - Filling up the DagBag from /opt/airflow/dags/dndClassPipeline.py
[2024-07-14T01:27:50.416+0000] {processor.py:840} INFO - DAG(s) 'dnd_classification_RFModel' retrieved from /opt/airflow/dags/dndClassPipeline.py
[2024-07-14T01:27:50.435+0000] {logging_mixin.py:188} INFO - [2024-07-14T01:27:50.435+0000] {dag.py:3096} INFO - Sync 1 DAGs
[2024-07-14T01:27:50.458+0000] {logging_mixin.py:188} INFO - [2024-07-14T01:27:50.458+0000] {dag.py:3954} INFO - Setting next_dagrun for dnd_classification_RFModel to 2024-07-14 00:00:00+00:00, run_after=2024-07-15 00:00:00+00:00
[2024-07-14T01:27:50.492+0000] {processor.py:183} INFO - Processing /opt/airflow/dags/dndClassPipeline.py took 3.648 seconds
[2024-07-14T01:28:20.790+0000] {processor.py:161} INFO - Started process (PID=1901) to work on /opt/airflow/dags/dndClassPipeline.py
[2024-07-14T01:28:20.799+0000] {processor.py:830} INFO - Processing file /opt/airflow/dags/dndClassPipeline.py for tasks to queue
[2024-07-14T01:28:20.801+0000] {logging_mixin.py:188} INFO - [2024-07-14T01:28:20.801+0000] {dagbag.py:545} INFO - Filling up the DagBag from /opt/airflow/dags/dndClassPipeline.py
[2024-07-14T01:28:28.182+0000] {processor.py:840} INFO - DAG(s) 'dnd_classification_RFModel' retrieved from /opt/airflow/dags/dndClassPipeline.py
[2024-07-14T01:28:28.250+0000] {logging_mixin.py:188} INFO - [2024-07-14T01:28:28.250+0000] {dag.py:3096} INFO - Sync 1 DAGs
[2024-07-14T01:28:28.287+0000] {logging_mixin.py:188} INFO - [2024-07-14T01:28:28.287+0000] {dag.py:3954} INFO - Setting next_dagrun for dnd_classification_RFModel to 2024-07-14 00:00:00+00:00, run_after=2024-07-15 00:00:00+00:00
[2024-07-14T01:28:28.391+0000] {processor.py:183} INFO - Processing /opt/airflow/dags/dndClassPipeline.py took 7.607 seconds
[2024-07-14T01:28:58.593+0000] {processor.py:161} INFO - Started process (PID=1974) to work on /opt/airflow/dags/dndClassPipeline.py
[2024-07-14T01:28:58.594+0000] {processor.py:830} INFO - Processing file /opt/airflow/dags/dndClassPipeline.py for tasks to queue
[2024-07-14T01:28:58.596+0000] {logging_mixin.py:188} INFO - [2024-07-14T01:28:58.595+0000] {dagbag.py:545} INFO - Filling up the DagBag from /opt/airflow/dags/dndClassPipeline.py
[2024-07-14T01:29:01.604+0000] {processor.py:840} INFO - DAG(s) 'dnd_classification_RFModel' retrieved from /opt/airflow/dags/dndClassPipeline.py
[2024-07-14T01:29:01.686+0000] {logging_mixin.py:188} INFO - [2024-07-14T01:29:01.682+0000] {dag.py:3096} INFO - Sync 1 DAGs
[2024-07-14T01:29:01.768+0000] {logging_mixin.py:188} INFO - [2024-07-14T01:29:01.768+0000] {dag.py:3954} INFO - Setting next_dagrun for dnd_classification_RFModel to 2024-07-14 00:00:00+00:00, run_after=2024-07-15 00:00:00+00:00
[2024-07-14T01:29:01.791+0000] {processor.py:183} INFO - Processing /opt/airflow/dags/dndClassPipeline.py took 3.204 seconds
[2024-07-14T01:29:32.263+0000] {processor.py:161} INFO - Started process (PID=2037) to work on /opt/airflow/dags/dndClassPipeline.py
[2024-07-14T01:29:32.264+0000] {processor.py:830} INFO - Processing file /opt/airflow/dags/dndClassPipeline.py for tasks to queue
[2024-07-14T01:29:32.265+0000] {logging_mixin.py:188} INFO - [2024-07-14T01:29:32.265+0000] {dagbag.py:545} INFO - Filling up the DagBag from /opt/airflow/dags/dndClassPipeline.py
[2024-07-14T01:29:34.188+0000] {processor.py:840} INFO - DAG(s) 'dnd_classification_RFModel' retrieved from /opt/airflow/dags/dndClassPipeline.py
[2024-07-14T01:29:34.205+0000] {logging_mixin.py:188} INFO - [2024-07-14T01:29:34.205+0000] {dag.py:3096} INFO - Sync 1 DAGs
[2024-07-14T01:29:34.228+0000] {logging_mixin.py:188} INFO - [2024-07-14T01:29:34.227+0000] {dag.py:3954} INFO - Setting next_dagrun for dnd_classification_RFModel to 2024-07-14 00:00:00+00:00, run_after=2024-07-15 00:00:00+00:00
[2024-07-14T01:29:34.253+0000] {processor.py:183} INFO - Processing /opt/airflow/dags/dndClassPipeline.py took 1.995 seconds
[2024-07-14T01:30:04.789+0000] {processor.py:161} INFO - Started process (PID=2098) to work on /opt/airflow/dags/dndClassPipeline.py
[2024-07-14T01:30:04.790+0000] {processor.py:830} INFO - Processing file /opt/airflow/dags/dndClassPipeline.py for tasks to queue
[2024-07-14T01:30:04.791+0000] {logging_mixin.py:188} INFO - [2024-07-14T01:30:04.791+0000] {dagbag.py:545} INFO - Filling up the DagBag from /opt/airflow/dags/dndClassPipeline.py
[2024-07-14T01:30:06.874+0000] {processor.py:840} INFO - DAG(s) 'dnd_classification_RFModel' retrieved from /opt/airflow/dags/dndClassPipeline.py
[2024-07-14T01:30:06.888+0000] {logging_mixin.py:188} INFO - [2024-07-14T01:30:06.887+0000] {dag.py:3096} INFO - Sync 1 DAGs
[2024-07-14T01:30:06.903+0000] {logging_mixin.py:188} INFO - [2024-07-14T01:30:06.902+0000] {dag.py:3954} INFO - Setting next_dagrun for dnd_classification_RFModel to 2024-07-14 00:00:00+00:00, run_after=2024-07-15 00:00:00+00:00
[2024-07-14T01:30:06.923+0000] {processor.py:183} INFO - Processing /opt/airflow/dags/dndClassPipeline.py took 2.138 seconds
[2024-07-14T01:30:37.153+0000] {processor.py:161} INFO - Started process (PID=2161) to work on /opt/airflow/dags/dndClassPipeline.py
[2024-07-14T01:30:37.153+0000] {processor.py:830} INFO - Processing file /opt/airflow/dags/dndClassPipeline.py for tasks to queue
[2024-07-14T01:30:37.155+0000] {logging_mixin.py:188} INFO - [2024-07-14T01:30:37.155+0000] {dagbag.py:545} INFO - Filling up the DagBag from /opt/airflow/dags/dndClassPipeline.py
[2024-07-14T01:30:39.328+0000] {processor.py:840} INFO - DAG(s) 'dnd_classification_RFModel' retrieved from /opt/airflow/dags/dndClassPipeline.py
[2024-07-14T01:30:39.341+0000] {logging_mixin.py:188} INFO - [2024-07-14T01:30:39.341+0000] {dag.py:3096} INFO - Sync 1 DAGs
[2024-07-14T01:30:39.357+0000] {logging_mixin.py:188} INFO - [2024-07-14T01:30:39.357+0000] {dag.py:3954} INFO - Setting next_dagrun for dnd_classification_RFModel to 2024-07-14 00:00:00+00:00, run_after=2024-07-15 00:00:00+00:00
[2024-07-14T01:30:39.378+0000] {processor.py:183} INFO - Processing /opt/airflow/dags/dndClassPipeline.py took 2.231 seconds
[2024-07-14T01:31:10.379+0000] {processor.py:161} INFO - Started process (PID=2228) to work on /opt/airflow/dags/dndClassPipeline.py
[2024-07-14T01:31:10.380+0000] {processor.py:830} INFO - Processing file /opt/airflow/dags/dndClassPipeline.py for tasks to queue
[2024-07-14T01:31:10.382+0000] {logging_mixin.py:188} INFO - [2024-07-14T01:31:10.382+0000] {dagbag.py:545} INFO - Filling up the DagBag from /opt/airflow/dags/dndClassPipeline.py
[2024-07-14T01:31:14.822+0000] {processor.py:840} INFO - DAG(s) 'dnd_classification_RFModel' retrieved from /opt/airflow/dags/dndClassPipeline.py
[2024-07-14T01:31:14.840+0000] {logging_mixin.py:188} INFO - [2024-07-14T01:31:14.840+0000] {dag.py:3096} INFO - Sync 1 DAGs
[2024-07-14T01:31:14.864+0000] {logging_mixin.py:188} INFO - [2024-07-14T01:31:14.864+0000] {dag.py:3954} INFO - Setting next_dagrun for dnd_classification_RFModel to 2024-07-14 00:00:00+00:00, run_after=2024-07-15 00:00:00+00:00
[2024-07-14T01:31:14.890+0000] {processor.py:183} INFO - Processing /opt/airflow/dags/dndClassPipeline.py took 4.518 seconds
[2024-07-14T01:31:45.277+0000] {processor.py:161} INFO - Started process (PID=2299) to work on /opt/airflow/dags/dndClassPipeline.py
[2024-07-14T01:31:45.278+0000] {processor.py:830} INFO - Processing file /opt/airflow/dags/dndClassPipeline.py for tasks to queue
[2024-07-14T01:31:45.279+0000] {logging_mixin.py:188} INFO - [2024-07-14T01:31:45.279+0000] {dagbag.py:545} INFO - Filling up the DagBag from /opt/airflow/dags/dndClassPipeline.py
[2024-07-14T01:31:47.300+0000] {processor.py:840} INFO - DAG(s) 'dnd_classification_RFModel' retrieved from /opt/airflow/dags/dndClassPipeline.py
[2024-07-14T01:31:47.313+0000] {logging_mixin.py:188} INFO - [2024-07-14T01:31:47.312+0000] {dag.py:3096} INFO - Sync 1 DAGs
[2024-07-14T01:31:47.328+0000] {logging_mixin.py:188} INFO - [2024-07-14T01:31:47.328+0000] {dag.py:3954} INFO - Setting next_dagrun for dnd_classification_RFModel to 2024-07-14 00:00:00+00:00, run_after=2024-07-15 00:00:00+00:00
[2024-07-14T01:31:47.349+0000] {processor.py:183} INFO - Processing /opt/airflow/dags/dndClassPipeline.py took 2.076 seconds
[2024-07-14T01:32:18.241+0000] {processor.py:161} INFO - Started process (PID=2370) to work on /opt/airflow/dags/dndClassPipeline.py
[2024-07-14T01:32:18.247+0000] {processor.py:830} INFO - Processing file /opt/airflow/dags/dndClassPipeline.py for tasks to queue
[2024-07-14T01:32:18.260+0000] {logging_mixin.py:188} INFO - [2024-07-14T01:32:18.259+0000] {dagbag.py:545} INFO - Filling up the DagBag from /opt/airflow/dags/dndClassPipeline.py
[2024-07-14T01:32:24.436+0000] {processor.py:840} INFO - DAG(s) 'dnd_classification_RFModel' retrieved from /opt/airflow/dags/dndClassPipeline.py
[2024-07-14T01:32:24.458+0000] {logging_mixin.py:188} INFO - [2024-07-14T01:32:24.457+0000] {dag.py:3096} INFO - Sync 1 DAGs
[2024-07-14T01:32:24.533+0000] {logging_mixin.py:188} INFO - [2024-07-14T01:32:24.530+0000] {dag.py:3954} INFO - Setting next_dagrun for dnd_classification_RFModel to 2024-07-14 00:00:00+00:00, run_after=2024-07-15 00:00:00+00:00
[2024-07-14T01:32:24.599+0000] {processor.py:183} INFO - Processing /opt/airflow/dags/dndClassPipeline.py took 6.372 seconds
[2024-07-14T01:32:55.151+0000] {processor.py:161} INFO - Started process (PID=2441) to work on /opt/airflow/dags/dndClassPipeline.py
[2024-07-14T01:32:55.151+0000] {processor.py:830} INFO - Processing file /opt/airflow/dags/dndClassPipeline.py for tasks to queue
[2024-07-14T01:32:55.153+0000] {logging_mixin.py:188} INFO - [2024-07-14T01:32:55.153+0000] {dagbag.py:545} INFO - Filling up the DagBag from /opt/airflow/dags/dndClassPipeline.py
[2024-07-14T01:32:57.192+0000] {processor.py:840} INFO - DAG(s) 'dnd_classification_RFModel' retrieved from /opt/airflow/dags/dndClassPipeline.py
[2024-07-14T01:32:57.293+0000] {logging_mixin.py:188} INFO - [2024-07-14T01:32:57.292+0000] {dag.py:3096} INFO - Sync 1 DAGs
[2024-07-14T01:32:57.307+0000] {logging_mixin.py:188} INFO - [2024-07-14T01:32:57.307+0000] {dag.py:3954} INFO - Setting next_dagrun for dnd_classification_RFModel to 2024-07-14 00:00:00+00:00, run_after=2024-07-15 00:00:00+00:00
[2024-07-14T01:32:57.328+0000] {processor.py:183} INFO - Processing /opt/airflow/dags/dndClassPipeline.py took 2.184 seconds
[2024-07-14T01:33:27.747+0000] {processor.py:161} INFO - Started process (PID=2507) to work on /opt/airflow/dags/dndClassPipeline.py
[2024-07-14T01:33:27.759+0000] {processor.py:830} INFO - Processing file /opt/airflow/dags/dndClassPipeline.py for tasks to queue
[2024-07-14T01:33:27.761+0000] {logging_mixin.py:188} INFO - [2024-07-14T01:33:27.761+0000] {dagbag.py:545} INFO - Filling up the DagBag from /opt/airflow/dags/dndClassPipeline.py
[2024-07-14T01:33:30.082+0000] {processor.py:840} INFO - DAG(s) 'dnd_classification_RFModel' retrieved from /opt/airflow/dags/dndClassPipeline.py
[2024-07-14T01:33:30.095+0000] {logging_mixin.py:188} INFO - [2024-07-14T01:33:30.094+0000] {dag.py:3096} INFO - Sync 1 DAGs
[2024-07-14T01:33:30.109+0000] {logging_mixin.py:188} INFO - [2024-07-14T01:33:30.109+0000] {dag.py:3954} INFO - Setting next_dagrun for dnd_classification_RFModel to 2024-07-14 00:00:00+00:00, run_after=2024-07-15 00:00:00+00:00
[2024-07-14T01:33:30.128+0000] {processor.py:183} INFO - Processing /opt/airflow/dags/dndClassPipeline.py took 2.392 seconds
[2024-07-14T01:34:00.185+0000] {processor.py:161} INFO - Started process (PID=2570) to work on /opt/airflow/dags/dndClassPipeline.py
[2024-07-14T01:34:00.196+0000] {processor.py:830} INFO - Processing file /opt/airflow/dags/dndClassPipeline.py for tasks to queue
[2024-07-14T01:34:00.198+0000] {logging_mixin.py:188} INFO - [2024-07-14T01:34:00.198+0000] {dagbag.py:545} INFO - Filling up the DagBag from /opt/airflow/dags/dndClassPipeline.py
[2024-07-14T01:34:03.355+0000] {processor.py:840} INFO - DAG(s) 'dnd_classification_RFModel' retrieved from /opt/airflow/dags/dndClassPipeline.py
[2024-07-14T01:34:03.368+0000] {logging_mixin.py:188} INFO - [2024-07-14T01:34:03.367+0000] {dag.py:3096} INFO - Sync 1 DAGs
[2024-07-14T01:34:03.382+0000] {logging_mixin.py:188} INFO - [2024-07-14T01:34:03.382+0000] {dag.py:3954} INFO - Setting next_dagrun for dnd_classification_RFModel to 2024-07-14 00:00:00+00:00, run_after=2024-07-15 00:00:00+00:00
[2024-07-14T01:34:03.403+0000] {processor.py:183} INFO - Processing /opt/airflow/dags/dndClassPipeline.py took 3.224 seconds
[2024-07-14T01:34:33.621+0000] {processor.py:161} INFO - Started process (PID=2638) to work on /opt/airflow/dags/dndClassPipeline.py
[2024-07-14T01:34:33.632+0000] {processor.py:830} INFO - Processing file /opt/airflow/dags/dndClassPipeline.py for tasks to queue
[2024-07-14T01:34:33.634+0000] {logging_mixin.py:188} INFO - [2024-07-14T01:34:33.633+0000] {dagbag.py:545} INFO - Filling up the DagBag from /opt/airflow/dags/dndClassPipeline.py
[2024-07-14T01:34:36.804+0000] {processor.py:840} INFO - DAG(s) 'dnd_classification_RFModel' retrieved from /opt/airflow/dags/dndClassPipeline.py
[2024-07-14T01:34:36.820+0000] {logging_mixin.py:188} INFO - [2024-07-14T01:34:36.820+0000] {dag.py:3096} INFO - Sync 1 DAGs
[2024-07-14T01:34:36.840+0000] {logging_mixin.py:188} INFO - [2024-07-14T01:34:36.840+0000] {dag.py:3954} INFO - Setting next_dagrun for dnd_classification_RFModel to 2024-07-14 00:00:00+00:00, run_after=2024-07-15 00:00:00+00:00
[2024-07-14T01:34:36.865+0000] {processor.py:183} INFO - Processing /opt/airflow/dags/dndClassPipeline.py took 3.251 seconds
[2024-07-14T01:35:07.412+0000] {processor.py:161} INFO - Started process (PID=2704) to work on /opt/airflow/dags/dndClassPipeline.py
[2024-07-14T01:35:07.423+0000] {processor.py:830} INFO - Processing file /opt/airflow/dags/dndClassPipeline.py for tasks to queue
[2024-07-14T01:35:07.425+0000] {logging_mixin.py:188} INFO - [2024-07-14T01:35:07.425+0000] {dagbag.py:545} INFO - Filling up the DagBag from /opt/airflow/dags/dndClassPipeline.py
[2024-07-14T01:35:10.614+0000] {processor.py:840} INFO - DAG(s) 'dnd_classification_RFModel' retrieved from /opt/airflow/dags/dndClassPipeline.py
[2024-07-14T01:35:10.631+0000] {logging_mixin.py:188} INFO - [2024-07-14T01:35:10.631+0000] {dag.py:3096} INFO - Sync 1 DAGs
[2024-07-14T01:35:10.655+0000] {logging_mixin.py:188} INFO - [2024-07-14T01:35:10.655+0000] {dag.py:3954} INFO - Setting next_dagrun for dnd_classification_RFModel to 2024-07-14 00:00:00+00:00, run_after=2024-07-15 00:00:00+00:00
[2024-07-14T01:35:10.689+0000] {processor.py:183} INFO - Processing /opt/airflow/dags/dndClassPipeline.py took 3.291 seconds
[2024-07-14T01:35:40.827+0000] {processor.py:161} INFO - Started process (PID=2766) to work on /opt/airflow/dags/dndClassPipeline.py
[2024-07-14T01:35:40.827+0000] {processor.py:830} INFO - Processing file /opt/airflow/dags/dndClassPipeline.py for tasks to queue
[2024-07-14T01:35:40.829+0000] {logging_mixin.py:188} INFO - [2024-07-14T01:35:40.829+0000] {dagbag.py:545} INFO - Filling up the DagBag from /opt/airflow/dags/dndClassPipeline.py
[2024-07-14T01:35:43.332+0000] {processor.py:840} INFO - DAG(s) 'dnd_classification_RFModel' retrieved from /opt/airflow/dags/dndClassPipeline.py
[2024-07-14T01:35:43.350+0000] {logging_mixin.py:188} INFO - [2024-07-14T01:35:43.349+0000] {dag.py:3096} INFO - Sync 1 DAGs
[2024-07-14T01:35:43.372+0000] {logging_mixin.py:188} INFO - [2024-07-14T01:35:43.372+0000] {dag.py:3954} INFO - Setting next_dagrun for dnd_classification_RFModel to 2024-07-14 00:00:00+00:00, run_after=2024-07-15 00:00:00+00:00
[2024-07-14T01:35:43.397+0000] {processor.py:183} INFO - Processing /opt/airflow/dags/dndClassPipeline.py took 2.576 seconds
[2024-07-14T01:36:13.653+0000] {processor.py:161} INFO - Started process (PID=2829) to work on /opt/airflow/dags/dndClassPipeline.py
[2024-07-14T01:36:13.654+0000] {processor.py:830} INFO - Processing file /opt/airflow/dags/dndClassPipeline.py for tasks to queue
[2024-07-14T01:36:13.656+0000] {logging_mixin.py:188} INFO - [2024-07-14T01:36:13.655+0000] {dagbag.py:545} INFO - Filling up the DagBag from /opt/airflow/dags/dndClassPipeline.py
[2024-07-14T01:36:15.359+0000] {processor.py:840} INFO - DAG(s) 'dnd_classification_RFModel' retrieved from /opt/airflow/dags/dndClassPipeline.py
[2024-07-14T01:36:15.372+0000] {logging_mixin.py:188} INFO - [2024-07-14T01:36:15.371+0000] {dag.py:3096} INFO - Sync 1 DAGs
[2024-07-14T01:36:15.387+0000] {logging_mixin.py:188} INFO - [2024-07-14T01:36:15.387+0000] {dag.py:3954} INFO - Setting next_dagrun for dnd_classification_RFModel to 2024-07-14 00:00:00+00:00, run_after=2024-07-15 00:00:00+00:00
[2024-07-14T01:36:15.410+0000] {processor.py:183} INFO - Processing /opt/airflow/dags/dndClassPipeline.py took 1.763 seconds
[2024-07-14T01:36:45.561+0000] {processor.py:161} INFO - Started process (PID=2892) to work on /opt/airflow/dags/dndClassPipeline.py
[2024-07-14T01:36:45.562+0000] {processor.py:830} INFO - Processing file /opt/airflow/dags/dndClassPipeline.py for tasks to queue
[2024-07-14T01:36:45.563+0000] {logging_mixin.py:188} INFO - [2024-07-14T01:36:45.563+0000] {dagbag.py:545} INFO - Filling up the DagBag from /opt/airflow/dags/dndClassPipeline.py
[2024-07-14T01:36:47.471+0000] {processor.py:840} INFO - DAG(s) 'dnd_classification_RFModel' retrieved from /opt/airflow/dags/dndClassPipeline.py
[2024-07-14T01:36:47.488+0000] {logging_mixin.py:188} INFO - [2024-07-14T01:36:47.488+0000] {dag.py:3096} INFO - Sync 1 DAGs
[2024-07-14T01:36:47.513+0000] {logging_mixin.py:188} INFO - [2024-07-14T01:36:47.512+0000] {dag.py:3954} INFO - Setting next_dagrun for dnd_classification_RFModel to 2024-07-14 00:00:00+00:00, run_after=2024-07-15 00:00:00+00:00
[2024-07-14T01:36:47.553+0000] {processor.py:183} INFO - Processing /opt/airflow/dags/dndClassPipeline.py took 1.997 seconds
[2024-07-14T01:37:18.005+0000] {processor.py:161} INFO - Started process (PID=2961) to work on /opt/airflow/dags/dndClassPipeline.py
[2024-07-14T01:37:18.010+0000] {processor.py:830} INFO - Processing file /opt/airflow/dags/dndClassPipeline.py for tasks to queue
[2024-07-14T01:37:18.011+0000] {logging_mixin.py:188} INFO - [2024-07-14T01:37:18.011+0000] {dagbag.py:545} INFO - Filling up the DagBag from /opt/airflow/dags/dndClassPipeline.py
[2024-07-14T01:37:20.226+0000] {processor.py:840} INFO - DAG(s) 'dnd_classification_RFModel' retrieved from /opt/airflow/dags/dndClassPipeline.py
[2024-07-14T01:37:20.243+0000] {logging_mixin.py:188} INFO - [2024-07-14T01:37:20.243+0000] {dag.py:3096} INFO - Sync 1 DAGs
[2024-07-14T01:37:20.264+0000] {logging_mixin.py:188} INFO - [2024-07-14T01:37:20.263+0000] {dag.py:3954} INFO - Setting next_dagrun for dnd_classification_RFModel to 2024-07-14 00:00:00+00:00, run_after=2024-07-15 00:00:00+00:00
[2024-07-14T01:37:20.288+0000] {processor.py:183} INFO - Processing /opt/airflow/dags/dndClassPipeline.py took 2.293 seconds
[2024-07-14T01:37:51.098+0000] {processor.py:161} INFO - Started process (PID=3027) to work on /opt/airflow/dags/dndClassPipeline.py
[2024-07-14T01:37:51.099+0000] {processor.py:830} INFO - Processing file /opt/airflow/dags/dndClassPipeline.py for tasks to queue
[2024-07-14T01:37:51.101+0000] {logging_mixin.py:188} INFO - [2024-07-14T01:37:51.100+0000] {dagbag.py:545} INFO - Filling up the DagBag from /opt/airflow/dags/dndClassPipeline.py
[2024-07-14T01:37:53.513+0000] {processor.py:840} INFO - DAG(s) 'dnd_classification_RFModel' retrieved from /opt/airflow/dags/dndClassPipeline.py
[2024-07-14T01:37:53.529+0000] {logging_mixin.py:188} INFO - [2024-07-14T01:37:53.529+0000] {dag.py:3096} INFO - Sync 1 DAGs
[2024-07-14T01:37:53.548+0000] {logging_mixin.py:188} INFO - [2024-07-14T01:37:53.548+0000] {dag.py:3954} INFO - Setting next_dagrun for dnd_classification_RFModel to 2024-07-14 00:00:00+00:00, run_after=2024-07-15 00:00:00+00:00
[2024-07-14T01:37:53.569+0000] {processor.py:183} INFO - Processing /opt/airflow/dags/dndClassPipeline.py took 2.476 seconds
[2024-07-14T01:38:23.936+0000] {processor.py:161} INFO - Started process (PID=3100) to work on /opt/airflow/dags/dndClassPipeline.py
[2024-07-14T01:38:23.937+0000] {processor.py:830} INFO - Processing file /opt/airflow/dags/dndClassPipeline.py for tasks to queue
[2024-07-14T01:38:23.938+0000] {logging_mixin.py:188} INFO - [2024-07-14T01:38:23.938+0000] {dagbag.py:545} INFO - Filling up the DagBag from /opt/airflow/dags/dndClassPipeline.py
[2024-07-14T01:38:25.715+0000] {processor.py:840} INFO - DAG(s) 'dnd_classification_RFModel' retrieved from /opt/airflow/dags/dndClassPipeline.py
[2024-07-14T01:38:25.731+0000] {logging_mixin.py:188} INFO - [2024-07-14T01:38:25.730+0000] {dag.py:3096} INFO - Sync 1 DAGs
[2024-07-14T01:38:25.762+0000] {logging_mixin.py:188} INFO - [2024-07-14T01:38:25.762+0000] {dag.py:3954} INFO - Setting next_dagrun for dnd_classification_RFModel to 2024-07-14 00:00:00+00:00, run_after=2024-07-15 00:00:00+00:00
[2024-07-14T01:38:25.804+0000] {processor.py:183} INFO - Processing /opt/airflow/dags/dndClassPipeline.py took 1.872 seconds
[2024-07-14T01:38:56.202+0000] {processor.py:161} INFO - Started process (PID=3161) to work on /opt/airflow/dags/dndClassPipeline.py
[2024-07-14T01:38:56.203+0000] {processor.py:830} INFO - Processing file /opt/airflow/dags/dndClassPipeline.py for tasks to queue
[2024-07-14T01:38:56.205+0000] {logging_mixin.py:188} INFO - [2024-07-14T01:38:56.205+0000] {dagbag.py:545} INFO - Filling up the DagBag from /opt/airflow/dags/dndClassPipeline.py
[2024-07-14T01:38:58.121+0000] {processor.py:840} INFO - DAG(s) 'dnd_classification_RFModel' retrieved from /opt/airflow/dags/dndClassPipeline.py
[2024-07-14T01:38:58.134+0000] {logging_mixin.py:188} INFO - [2024-07-14T01:38:58.133+0000] {dag.py:3096} INFO - Sync 1 DAGs
[2024-07-14T01:38:58.149+0000] {logging_mixin.py:188} INFO - [2024-07-14T01:38:58.149+0000] {dag.py:3954} INFO - Setting next_dagrun for dnd_classification_RFModel to 2024-07-14 00:00:00+00:00, run_after=2024-07-15 00:00:00+00:00
[2024-07-14T01:38:58.169+0000] {processor.py:183} INFO - Processing /opt/airflow/dags/dndClassPipeline.py took 1.972 seconds
[2024-07-14T01:39:28.566+0000] {processor.py:161} INFO - Started process (PID=3225) to work on /opt/airflow/dags/dndClassPipeline.py
[2024-07-14T01:39:28.577+0000] {processor.py:830} INFO - Processing file /opt/airflow/dags/dndClassPipeline.py for tasks to queue
[2024-07-14T01:39:28.579+0000] {logging_mixin.py:188} INFO - [2024-07-14T01:39:28.578+0000] {dagbag.py:545} INFO - Filling up the DagBag from /opt/airflow/dags/dndClassPipeline.py
[2024-07-14T01:39:30.531+0000] {processor.py:840} INFO - DAG(s) 'dnd_classification_RFModel' retrieved from /opt/airflow/dags/dndClassPipeline.py
[2024-07-14T01:39:30.543+0000] {logging_mixin.py:188} INFO - [2024-07-14T01:39:30.543+0000] {dag.py:3096} INFO - Sync 1 DAGs
[2024-07-14T01:39:30.559+0000] {logging_mixin.py:188} INFO - [2024-07-14T01:39:30.559+0000] {dag.py:3954} INFO - Setting next_dagrun for dnd_classification_RFModel to 2024-07-14 00:00:00+00:00, run_after=2024-07-15 00:00:00+00:00
[2024-07-14T01:39:30.581+0000] {processor.py:183} INFO - Processing /opt/airflow/dags/dndClassPipeline.py took 2.021 seconds
[2024-07-14T01:40:01.357+0000] {processor.py:161} INFO - Started process (PID=3291) to work on /opt/airflow/dags/dndClassPipeline.py
[2024-07-14T01:40:01.358+0000] {processor.py:830} INFO - Processing file /opt/airflow/dags/dndClassPipeline.py for tasks to queue
[2024-07-14T01:40:01.360+0000] {logging_mixin.py:188} INFO - [2024-07-14T01:40:01.360+0000] {dagbag.py:545} INFO - Filling up the DagBag from /opt/airflow/dags/dndClassPipeline.py
[2024-07-14T01:40:03.714+0000] {processor.py:840} INFO - DAG(s) 'dnd_classification_RFModel' retrieved from /opt/airflow/dags/dndClassPipeline.py
[2024-07-14T01:40:03.728+0000] {logging_mixin.py:188} INFO - [2024-07-14T01:40:03.728+0000] {dag.py:3096} INFO - Sync 1 DAGs
[2024-07-14T01:40:03.744+0000] {logging_mixin.py:188} INFO - [2024-07-14T01:40:03.743+0000] {dag.py:3954} INFO - Setting next_dagrun for dnd_classification_RFModel to 2024-07-14 00:00:00+00:00, run_after=2024-07-15 00:00:00+00:00
[2024-07-14T01:40:03.765+0000] {processor.py:183} INFO - Processing /opt/airflow/dags/dndClassPipeline.py took 2.412 seconds
[2024-07-14T01:40:34.050+0000] {processor.py:161} INFO - Started process (PID=3360) to work on /opt/airflow/dags/dndClassPipeline.py
[2024-07-14T01:40:34.055+0000] {processor.py:830} INFO - Processing file /opt/airflow/dags/dndClassPipeline.py for tasks to queue
[2024-07-14T01:40:34.058+0000] {logging_mixin.py:188} INFO - [2024-07-14T01:40:34.058+0000] {dagbag.py:545} INFO - Filling up the DagBag from /opt/airflow/dags/dndClassPipeline.py
[2024-07-14T01:40:35.816+0000] {processor.py:840} INFO - DAG(s) 'dnd_classification_RFModel' retrieved from /opt/airflow/dags/dndClassPipeline.py
[2024-07-14T01:40:35.829+0000] {logging_mixin.py:188} INFO - [2024-07-14T01:40:35.829+0000] {dag.py:3096} INFO - Sync 1 DAGs
[2024-07-14T01:40:35.845+0000] {logging_mixin.py:188} INFO - [2024-07-14T01:40:35.845+0000] {dag.py:3954} INFO - Setting next_dagrun for dnd_classification_RFModel to 2024-07-14 00:00:00+00:00, run_after=2024-07-15 00:00:00+00:00
[2024-07-14T01:40:35.865+0000] {processor.py:183} INFO - Processing /opt/airflow/dags/dndClassPipeline.py took 1.832 seconds
[2024-07-14T01:41:06.530+0000] {processor.py:161} INFO - Started process (PID=3422) to work on /opt/airflow/dags/dndClassPipeline.py
[2024-07-14T01:41:06.530+0000] {processor.py:830} INFO - Processing file /opt/airflow/dags/dndClassPipeline.py for tasks to queue
[2024-07-14T01:41:06.532+0000] {logging_mixin.py:188} INFO - [2024-07-14T01:41:06.531+0000] {dagbag.py:545} INFO - Filling up the DagBag from /opt/airflow/dags/dndClassPipeline.py
[2024-07-14T01:41:08.193+0000] {processor.py:840} INFO - DAG(s) 'dnd_classification_RFModel' retrieved from /opt/airflow/dags/dndClassPipeline.py
[2024-07-14T01:41:08.205+0000] {logging_mixin.py:188} INFO - [2024-07-14T01:41:08.205+0000] {dag.py:3096} INFO - Sync 1 DAGs
[2024-07-14T01:41:08.221+0000] {logging_mixin.py:188} INFO - [2024-07-14T01:41:08.221+0000] {dag.py:3954} INFO - Setting next_dagrun for dnd_classification_RFModel to 2024-07-14 00:00:00+00:00, run_after=2024-07-15 00:00:00+00:00
[2024-07-14T01:41:08.242+0000] {processor.py:183} INFO - Processing /opt/airflow/dags/dndClassPipeline.py took 1.717 seconds
[2024-07-14T01:41:38.392+0000] {processor.py:161} INFO - Started process (PID=3484) to work on /opt/airflow/dags/dndClassPipeline.py
[2024-07-14T01:41:38.393+0000] {processor.py:830} INFO - Processing file /opt/airflow/dags/dndClassPipeline.py for tasks to queue
[2024-07-14T01:41:38.395+0000] {logging_mixin.py:188} INFO - [2024-07-14T01:41:38.395+0000] {dagbag.py:545} INFO - Filling up the DagBag from /opt/airflow/dags/dndClassPipeline.py
[2024-07-14T01:41:40.424+0000] {processor.py:840} INFO - DAG(s) 'dnd_classification_RFModel' retrieved from /opt/airflow/dags/dndClassPipeline.py
[2024-07-14T01:41:40.437+0000] {logging_mixin.py:188} INFO - [2024-07-14T01:41:40.436+0000] {dag.py:3096} INFO - Sync 1 DAGs
[2024-07-14T01:41:40.453+0000] {logging_mixin.py:188} INFO - [2024-07-14T01:41:40.452+0000] {dag.py:3954} INFO - Setting next_dagrun for dnd_classification_RFModel to 2024-07-14 00:00:00+00:00, run_after=2024-07-15 00:00:00+00:00
[2024-07-14T01:41:40.473+0000] {processor.py:183} INFO - Processing /opt/airflow/dags/dndClassPipeline.py took 2.087 seconds
[2024-07-14T01:42:10.944+0000] {processor.py:161} INFO - Started process (PID=3550) to work on /opt/airflow/dags/dndClassPipeline.py
[2024-07-14T01:42:10.945+0000] {processor.py:830} INFO - Processing file /opt/airflow/dags/dndClassPipeline.py for tasks to queue
[2024-07-14T01:42:10.946+0000] {logging_mixin.py:188} INFO - [2024-07-14T01:42:10.946+0000] {dagbag.py:545} INFO - Filling up the DagBag from /opt/airflow/dags/dndClassPipeline.py
[2024-07-14T01:42:12.920+0000] {processor.py:840} INFO - DAG(s) 'dnd_classification_RFModel' retrieved from /opt/airflow/dags/dndClassPipeline.py
[2024-07-14T01:42:12.942+0000] {logging_mixin.py:188} INFO - [2024-07-14T01:42:12.941+0000] {dag.py:3096} INFO - Sync 1 DAGs
[2024-07-14T01:42:12.963+0000] {logging_mixin.py:188} INFO - [2024-07-14T01:42:12.963+0000] {dag.py:3954} INFO - Setting next_dagrun for dnd_classification_RFModel to 2024-07-14 00:00:00+00:00, run_after=2024-07-15 00:00:00+00:00
[2024-07-14T01:42:12.988+0000] {processor.py:183} INFO - Processing /opt/airflow/dags/dndClassPipeline.py took 2.050 seconds
[2024-07-14T01:42:43.811+0000] {processor.py:161} INFO - Started process (PID=3619) to work on /opt/airflow/dags/dndClassPipeline.py
[2024-07-14T01:42:43.812+0000] {processor.py:830} INFO - Processing file /opt/airflow/dags/dndClassPipeline.py for tasks to queue
[2024-07-14T01:42:43.813+0000] {logging_mixin.py:188} INFO - [2024-07-14T01:42:43.813+0000] {dagbag.py:545} INFO - Filling up the DagBag from /opt/airflow/dags/dndClassPipeline.py
[2024-07-14T01:42:45.497+0000] {processor.py:840} INFO - DAG(s) 'dnd_classification_RFModel' retrieved from /opt/airflow/dags/dndClassPipeline.py
[2024-07-14T01:42:45.510+0000] {logging_mixin.py:188} INFO - [2024-07-14T01:42:45.510+0000] {dag.py:3096} INFO - Sync 1 DAGs
[2024-07-14T01:42:45.530+0000] {logging_mixin.py:188} INFO - [2024-07-14T01:42:45.530+0000] {dag.py:3954} INFO - Setting next_dagrun for dnd_classification_RFModel to 2024-07-14 00:00:00+00:00, run_after=2024-07-15 00:00:00+00:00
[2024-07-14T01:42:45.555+0000] {processor.py:183} INFO - Processing /opt/airflow/dags/dndClassPipeline.py took 1.750 seconds
[2024-07-14T01:43:16.261+0000] {processor.py:161} INFO - Started process (PID=3681) to work on /opt/airflow/dags/dndClassPipeline.py
[2024-07-14T01:43:16.262+0000] {processor.py:830} INFO - Processing file /opt/airflow/dags/dndClassPipeline.py for tasks to queue
[2024-07-14T01:43:16.263+0000] {logging_mixin.py:188} INFO - [2024-07-14T01:43:16.263+0000] {dagbag.py:545} INFO - Filling up the DagBag from /opt/airflow/dags/dndClassPipeline.py
[2024-07-14T01:43:17.975+0000] {processor.py:840} INFO - DAG(s) 'dnd_classification_RFModel' retrieved from /opt/airflow/dags/dndClassPipeline.py
[2024-07-14T01:43:17.991+0000] {logging_mixin.py:188} INFO - [2024-07-14T01:43:17.991+0000] {dag.py:3096} INFO - Sync 1 DAGs
[2024-07-14T01:43:18.007+0000] {logging_mixin.py:188} INFO - [2024-07-14T01:43:18.007+0000] {dag.py:3954} INFO - Setting next_dagrun for dnd_classification_RFModel to 2024-07-14 00:00:00+00:00, run_after=2024-07-15 00:00:00+00:00
[2024-07-14T01:43:18.032+0000] {processor.py:183} INFO - Processing /opt/airflow/dags/dndClassPipeline.py took 1.778 seconds
[2024-07-14T01:43:48.486+0000] {processor.py:161} INFO - Started process (PID=3750) to work on /opt/airflow/dags/dndClassPipeline.py
[2024-07-14T01:43:48.487+0000] {processor.py:830} INFO - Processing file /opt/airflow/dags/dndClassPipeline.py for tasks to queue
[2024-07-14T01:43:48.489+0000] {logging_mixin.py:188} INFO - [2024-07-14T01:43:48.488+0000] {dagbag.py:545} INFO - Filling up the DagBag from /opt/airflow/dags/dndClassPipeline.py
[2024-07-14T01:43:50.389+0000] {processor.py:840} INFO - DAG(s) 'dnd_classification_RFModel' retrieved from /opt/airflow/dags/dndClassPipeline.py
[2024-07-14T01:43:50.402+0000] {logging_mixin.py:188} INFO - [2024-07-14T01:43:50.402+0000] {dag.py:3096} INFO - Sync 1 DAGs
[2024-07-14T01:43:50.418+0000] {logging_mixin.py:188} INFO - [2024-07-14T01:43:50.417+0000] {dag.py:3954} INFO - Setting next_dagrun for dnd_classification_RFModel to 2024-07-14 00:00:00+00:00, run_after=2024-07-15 00:00:00+00:00
[2024-07-14T01:43:50.437+0000] {processor.py:183} INFO - Processing /opt/airflow/dags/dndClassPipeline.py took 1.956 seconds
[2024-07-14T01:44:20.596+0000] {processor.py:161} INFO - Started process (PID=3811) to work on /opt/airflow/dags/dndClassPipeline.py
[2024-07-14T01:44:20.597+0000] {processor.py:830} INFO - Processing file /opt/airflow/dags/dndClassPipeline.py for tasks to queue
[2024-07-14T01:44:20.598+0000] {logging_mixin.py:188} INFO - [2024-07-14T01:44:20.598+0000] {dagbag.py:545} INFO - Filling up the DagBag from /opt/airflow/dags/dndClassPipeline.py
[2024-07-14T01:44:22.593+0000] {processor.py:840} INFO - DAG(s) 'dnd_classification_RFModel' retrieved from /opt/airflow/dags/dndClassPipeline.py
[2024-07-14T01:44:22.605+0000] {logging_mixin.py:188} INFO - [2024-07-14T01:44:22.605+0000] {dag.py:3096} INFO - Sync 1 DAGs
[2024-07-14T01:44:22.620+0000] {logging_mixin.py:188} INFO - [2024-07-14T01:44:22.620+0000] {dag.py:3954} INFO - Setting next_dagrun for dnd_classification_RFModel to 2024-07-14 00:00:00+00:00, run_after=2024-07-15 00:00:00+00:00
[2024-07-14T01:44:22.641+0000] {processor.py:183} INFO - Processing /opt/airflow/dags/dndClassPipeline.py took 2.051 seconds
[2024-07-14T01:44:53.267+0000] {processor.py:161} INFO - Started process (PID=3877) to work on /opt/airflow/dags/dndClassPipeline.py
[2024-07-14T01:44:53.268+0000] {processor.py:830} INFO - Processing file /opt/airflow/dags/dndClassPipeline.py for tasks to queue
[2024-07-14T01:44:53.270+0000] {logging_mixin.py:188} INFO - [2024-07-14T01:44:53.270+0000] {dagbag.py:545} INFO - Filling up the DagBag from /opt/airflow/dags/dndClassPipeline.py
[2024-07-14T01:44:55.270+0000] {processor.py:840} INFO - DAG(s) 'dnd_classification_RFModel' retrieved from /opt/airflow/dags/dndClassPipeline.py
[2024-07-14T01:44:55.282+0000] {logging_mixin.py:188} INFO - [2024-07-14T01:44:55.282+0000] {dag.py:3096} INFO - Sync 1 DAGs
[2024-07-14T01:44:55.298+0000] {logging_mixin.py:188} INFO - [2024-07-14T01:44:55.298+0000] {dag.py:3954} INFO - Setting next_dagrun for dnd_classification_RFModel to 2024-07-14 00:00:00+00:00, run_after=2024-07-15 00:00:00+00:00
[2024-07-14T01:44:55.319+0000] {processor.py:183} INFO - Processing /opt/airflow/dags/dndClassPipeline.py took 2.059 seconds
[2024-07-14T01:47:13.232+0000] {processor.py:161} INFO - Started process (PID=33) to work on /opt/airflow/dags/dndClassPipeline.py
[2024-07-14T01:47:13.237+0000] {processor.py:830} INFO - Processing file /opt/airflow/dags/dndClassPipeline.py for tasks to queue
[2024-07-14T01:47:13.244+0000] {logging_mixin.py:188} INFO - [2024-07-14T01:47:13.243+0000] {dagbag.py:545} INFO - Filling up the DagBag from /opt/airflow/dags/dndClassPipeline.py
[2024-07-14T01:47:22.165+0000] {processor.py:840} INFO - DAG(s) 'dnd_classification_RFModel' retrieved from /opt/airflow/dags/dndClassPipeline.py
[2024-07-14T01:47:22.605+0000] {logging_mixin.py:188} INFO - [2024-07-14T01:47:22.604+0000] {dag.py:3096} INFO - Sync 1 DAGs
[2024-07-14T01:47:22.651+0000] {logging_mixin.py:188} INFO - [2024-07-14T01:47:22.651+0000] {dag.py:3954} INFO - Setting next_dagrun for dnd_classification_RFModel to 2024-07-14 00:00:00+00:00, run_after=2024-07-15 00:00:00+00:00
[2024-07-14T01:47:22.712+0000] {processor.py:183} INFO - Processing /opt/airflow/dags/dndClassPipeline.py took 9.496 seconds
[2024-07-14T01:47:53.292+0000] {processor.py:161} INFO - Started process (PID=105) to work on /opt/airflow/dags/dndClassPipeline.py
[2024-07-14T01:47:53.293+0000] {processor.py:830} INFO - Processing file /opt/airflow/dags/dndClassPipeline.py for tasks to queue
[2024-07-14T01:47:53.295+0000] {logging_mixin.py:188} INFO - [2024-07-14T01:47:53.295+0000] {dagbag.py:545} INFO - Filling up the DagBag from /opt/airflow/dags/dndClassPipeline.py
[2024-07-14T01:47:55.771+0000] {processor.py:840} INFO - DAG(s) 'dnd_classification_RFModel' retrieved from /opt/airflow/dags/dndClassPipeline.py
[2024-07-14T01:47:55.789+0000] {logging_mixin.py:188} INFO - [2024-07-14T01:47:55.789+0000] {dag.py:3096} INFO - Sync 1 DAGs
[2024-07-14T01:47:55.814+0000] {logging_mixin.py:188} INFO - [2024-07-14T01:47:55.813+0000] {dag.py:3954} INFO - Setting next_dagrun for dnd_classification_RFModel to 2024-07-14 00:00:00+00:00, run_after=2024-07-15 00:00:00+00:00
[2024-07-14T01:47:55.838+0000] {processor.py:183} INFO - Processing /opt/airflow/dags/dndClassPipeline.py took 2.551 seconds
[2024-07-14T01:48:26.283+0000] {processor.py:161} INFO - Started process (PID=176) to work on /opt/airflow/dags/dndClassPipeline.py
[2024-07-14T01:48:26.284+0000] {processor.py:830} INFO - Processing file /opt/airflow/dags/dndClassPipeline.py for tasks to queue
[2024-07-14T01:48:26.288+0000] {logging_mixin.py:188} INFO - [2024-07-14T01:48:26.288+0000] {dagbag.py:545} INFO - Filling up the DagBag from /opt/airflow/dags/dndClassPipeline.py
[2024-07-14T01:48:31.026+0000] {processor.py:840} INFO - DAG(s) 'dnd_classification_RFModel' retrieved from /opt/airflow/dags/dndClassPipeline.py
[2024-07-14T01:48:31.043+0000] {logging_mixin.py:188} INFO - [2024-07-14T01:48:31.042+0000] {dag.py:3096} INFO - Sync 1 DAGs
[2024-07-14T01:48:31.066+0000] {logging_mixin.py:188} INFO - [2024-07-14T01:48:31.066+0000] {dag.py:3954} INFO - Setting next_dagrun for dnd_classification_RFModel to 2024-07-14 00:00:00+00:00, run_after=2024-07-15 00:00:00+00:00
[2024-07-14T01:48:31.093+0000] {processor.py:183} INFO - Processing /opt/airflow/dags/dndClassPipeline.py took 4.817 seconds
[2024-07-14T01:49:02.295+0000] {processor.py:161} INFO - Started process (PID=261) to work on /opt/airflow/dags/dndClassPipeline.py
[2024-07-14T01:49:02.298+0000] {processor.py:830} INFO - Processing file /opt/airflow/dags/dndClassPipeline.py for tasks to queue
[2024-07-14T01:49:02.308+0000] {logging_mixin.py:188} INFO - [2024-07-14T01:49:02.308+0000] {dagbag.py:545} INFO - Filling up the DagBag from /opt/airflow/dags/dndClassPipeline.py
[2024-07-14T01:49:06.802+0000] {processor.py:840} INFO - DAG(s) 'dnd_classification_RFModel' retrieved from /opt/airflow/dags/dndClassPipeline.py
[2024-07-14T01:49:06.815+0000] {logging_mixin.py:188} INFO - [2024-07-14T01:49:06.814+0000] {dag.py:3096} INFO - Sync 1 DAGs
[2024-07-14T01:49:06.830+0000] {logging_mixin.py:188} INFO - [2024-07-14T01:49:06.830+0000] {dag.py:3954} INFO - Setting next_dagrun for dnd_classification_RFModel to 2024-07-14 00:00:00+00:00, run_after=2024-07-15 00:00:00+00:00
[2024-07-14T01:49:06.852+0000] {processor.py:183} INFO - Processing /opt/airflow/dags/dndClassPipeline.py took 4.563 seconds
[2024-07-14T01:49:37.817+0000] {processor.py:161} INFO - Started process (PID=331) to work on /opt/airflow/dags/dndClassPipeline.py
[2024-07-14T01:49:37.818+0000] {processor.py:830} INFO - Processing file /opt/airflow/dags/dndClassPipeline.py for tasks to queue
[2024-07-14T01:49:37.820+0000] {logging_mixin.py:188} INFO - [2024-07-14T01:49:37.820+0000] {dagbag.py:545} INFO - Filling up the DagBag from /opt/airflow/dags/dndClassPipeline.py
[2024-07-14T01:49:39.891+0000] {processor.py:840} INFO - DAG(s) 'dnd_classification_RFModel' retrieved from /opt/airflow/dags/dndClassPipeline.py
[2024-07-14T01:49:39.903+0000] {logging_mixin.py:188} INFO - [2024-07-14T01:49:39.903+0000] {dag.py:3096} INFO - Sync 1 DAGs
[2024-07-14T01:49:39.918+0000] {logging_mixin.py:188} INFO - [2024-07-14T01:49:39.918+0000] {dag.py:3954} INFO - Setting next_dagrun for dnd_classification_RFModel to 2024-07-14 00:00:00+00:00, run_after=2024-07-15 00:00:00+00:00
[2024-07-14T01:49:39.939+0000] {processor.py:183} INFO - Processing /opt/airflow/dags/dndClassPipeline.py took 2.128 seconds
[2024-07-14T01:50:10.230+0000] {processor.py:161} INFO - Started process (PID=399) to work on /opt/airflow/dags/dndClassPipeline.py
[2024-07-14T01:50:10.234+0000] {processor.py:830} INFO - Processing file /opt/airflow/dags/dndClassPipeline.py for tasks to queue
[2024-07-14T01:50:10.235+0000] {logging_mixin.py:188} INFO - [2024-07-14T01:50:10.235+0000] {dagbag.py:545} INFO - Filling up the DagBag from /opt/airflow/dags/dndClassPipeline.py
[2024-07-14T01:50:13.206+0000] {processor.py:840} INFO - DAG(s) 'dnd_classification_RFModel' retrieved from /opt/airflow/dags/dndClassPipeline.py
[2024-07-14T01:50:13.228+0000] {logging_mixin.py:188} INFO - [2024-07-14T01:50:13.227+0000] {dag.py:3096} INFO - Sync 1 DAGs
[2024-07-14T01:50:13.250+0000] {logging_mixin.py:188} INFO - [2024-07-14T01:50:13.250+0000] {dag.py:3954} INFO - Setting next_dagrun for dnd_classification_RFModel to 2024-07-14 00:00:00+00:00, run_after=2024-07-15 00:00:00+00:00
[2024-07-14T01:50:13.275+0000] {processor.py:183} INFO - Processing /opt/airflow/dags/dndClassPipeline.py took 3.059 seconds
[2024-07-14T01:50:43.679+0000] {processor.py:161} INFO - Started process (PID=460) to work on /opt/airflow/dags/dndClassPipeline.py
[2024-07-14T01:50:43.682+0000] {processor.py:830} INFO - Processing file /opt/airflow/dags/dndClassPipeline.py for tasks to queue
[2024-07-14T01:50:43.687+0000] {logging_mixin.py:188} INFO - [2024-07-14T01:50:43.683+0000] {dagbag.py:545} INFO - Filling up the DagBag from /opt/airflow/dags/dndClassPipeline.py
[2024-07-14T01:50:46.750+0000] {processor.py:840} INFO - DAG(s) 'dnd_classification_RFModel' retrieved from /opt/airflow/dags/dndClassPipeline.py
[2024-07-14T01:50:46.769+0000] {logging_mixin.py:188} INFO - [2024-07-14T01:50:46.769+0000] {dag.py:3096} INFO - Sync 1 DAGs
[2024-07-14T01:50:46.791+0000] {logging_mixin.py:188} INFO - [2024-07-14T01:50:46.791+0000] {dag.py:3954} INFO - Setting next_dagrun for dnd_classification_RFModel to 2024-07-14 00:00:00+00:00, run_after=2024-07-15 00:00:00+00:00
[2024-07-14T01:50:46.822+0000] {processor.py:183} INFO - Processing /opt/airflow/dags/dndClassPipeline.py took 3.174 seconds
[2024-07-14T01:51:17.166+0000] {processor.py:161} INFO - Started process (PID=521) to work on /opt/airflow/dags/dndClassPipeline.py
[2024-07-14T01:51:17.167+0000] {processor.py:830} INFO - Processing file /opt/airflow/dags/dndClassPipeline.py for tasks to queue
[2024-07-14T01:51:17.169+0000] {logging_mixin.py:188} INFO - [2024-07-14T01:51:17.168+0000] {dagbag.py:545} INFO - Filling up the DagBag from /opt/airflow/dags/dndClassPipeline.py
[2024-07-14T01:51:20.083+0000] {processor.py:840} INFO - DAG(s) 'dnd_classification_RFModel' retrieved from /opt/airflow/dags/dndClassPipeline.py
[2024-07-14T01:51:20.101+0000] {logging_mixin.py:188} INFO - [2024-07-14T01:51:20.100+0000] {dag.py:3096} INFO - Sync 1 DAGs
[2024-07-14T01:51:20.127+0000] {logging_mixin.py:188} INFO - [2024-07-14T01:51:20.126+0000] {dag.py:3954} INFO - Setting next_dagrun for dnd_classification_RFModel to 2024-07-14 00:00:00+00:00, run_after=2024-07-15 00:00:00+00:00
[2024-07-14T01:51:20.150+0000] {processor.py:183} INFO - Processing /opt/airflow/dags/dndClassPipeline.py took 2.991 seconds
[2024-07-14T01:51:51.067+0000] {processor.py:161} INFO - Started process (PID=586) to work on /opt/airflow/dags/dndClassPipeline.py
[2024-07-14T01:51:51.067+0000] {processor.py:830} INFO - Processing file /opt/airflow/dags/dndClassPipeline.py for tasks to queue
[2024-07-14T01:51:51.069+0000] {logging_mixin.py:188} INFO - [2024-07-14T01:51:51.069+0000] {dagbag.py:545} INFO - Filling up the DagBag from /opt/airflow/dags/dndClassPipeline.py
[2024-07-14T01:51:53.623+0000] {processor.py:840} INFO - DAG(s) 'dnd_classification_RFModel' retrieved from /opt/airflow/dags/dndClassPipeline.py
[2024-07-14T01:51:53.641+0000] {logging_mixin.py:188} INFO - [2024-07-14T01:51:53.640+0000] {dag.py:3096} INFO - Sync 1 DAGs
[2024-07-14T01:51:53.665+0000] {logging_mixin.py:188} INFO - [2024-07-14T01:51:53.664+0000] {dag.py:3954} INFO - Setting next_dagrun for dnd_classification_RFModel to 2024-07-14 00:00:00+00:00, run_after=2024-07-15 00:00:00+00:00
[2024-07-14T01:51:53.691+0000] {processor.py:183} INFO - Processing /opt/airflow/dags/dndClassPipeline.py took 2.630 seconds
