[2024-07-13T01:35:44.278+0000] {local_task_job_runner.py:120} INFO - ::group::Pre task execution logs
[2024-07-13T01:35:44.341+0000] {taskinstance.py:2076} INFO - Dependencies all met for dep_context=non-requeueable deps ti=<TaskInstance: dnd_classification_models.register_model manual__2024-07-13T01:35:15.726648+00:00 [queued]>
[2024-07-13T01:35:44.346+0000] {taskinstance.py:2076} INFO - Dependencies all met for dep_context=requeueable deps ti=<TaskInstance: dnd_classification_models.register_model manual__2024-07-13T01:35:15.726648+00:00 [queued]>
[2024-07-13T01:35:44.346+0000] {taskinstance.py:2306} INFO - Starting attempt 1 of 1
[2024-07-13T01:35:44.364+0000] {taskinstance.py:2330} INFO - Executing <Task(PythonOperator): register_model> on 2024-07-13 01:35:15.726648+00:00
[2024-07-13T01:35:44.376+0000] {standard_task_runner.py:90} INFO - Running: ['***', 'tasks', 'run', 'dnd_classification_models', 'register_model', 'manual__2024-07-13T01:35:15.726648+00:00', '--job-id', '8', '--raw', '--subdir', 'DAGS_FOLDER/sklearn_ml_pipeline.py', '--cfg-path', '/tmp/tmpwcxy56rp']
[2024-07-13T01:35:44.378+0000] {standard_task_runner.py:91} INFO - Job 8: Subtask register_model
[2024-07-13T01:35:44.381+0000] {warnings.py:112} WARNING - /home/***/.local/lib/python3.12/site-packages/***/task/task_runner/standard_task_runner.py:61: DeprecationWarning: This process (pid=137) is multi-threaded, use of fork() may lead to deadlocks in the child.
  pid = os.fork()

[2024-07-13T01:35:44.382+0000] {standard_task_runner.py:63} INFO - Started process 140 to run task
[2024-07-13T01:35:44.421+0000] {task_command.py:426} INFO - Running <TaskInstance: dnd_classification_models.register_model manual__2024-07-13T01:35:15.726648+00:00 [running]> on host 64ae5f811ff0
[2024-07-13T01:35:44.506+0000] {taskinstance.py:2648} INFO - Exporting env vars: AIRFLOW_CTX_DAG_OWNER='***' AIRFLOW_CTX_DAG_ID='dnd_classification_models' AIRFLOW_CTX_TASK_ID='register_model' AIRFLOW_CTX_EXECUTION_DATE='2024-07-13T01:35:15.726648+00:00' AIRFLOW_CTX_TRY_NUMBER='1' AIRFLOW_CTX_DAG_RUN_ID='manual__2024-07-13T01:35:15.726648+00:00'
[2024-07-13T01:35:44.507+0000] {taskinstance.py:430} INFO - ::endgroup::
[2024-07-13T01:35:44.524+0000] {logging_mixin.py:188} WARNING - 2024/07/13 01:35:44 INFO mlflow.tracking.fluent: Experiment with name 'DnD-classification' does not exist. Creating a new experiment.
[2024-07-13T01:35:44.693+0000] {logging_mixin.py:188} WARNING - 2024/07/13 01:35:44 WARNING mlflow.utils.autologging_utils: You are using an unsupported version of sklearn. If you encounter errors during autologging, try upgrading / downgrading sklearn to a supported version, or try upgrading MLflow.
[2024-07-13T01:35:48.164+0000] {logging_mixin.py:188} WARNING - 2024/07/13 01:35:48 INFO mlflow.store.db.utils: Creating initial MLflow database tables...
[2024-07-13T01:35:48.534+0000] {logging_mixin.py:188} WARNING - 2024/07/13 01:35:48 INFO mlflow.store.db.utils: Updating database tables
[2024-07-13T01:35:49.322+0000] {local_task_job_runner.py:240} INFO - Task exited with return code 1
[2024-07-13T01:35:49.485+0000] {taskinstance.py:3503} INFO - 0 downstream tasks scheduled from follow-on schedule check
[2024-07-13T01:35:49.501+0000] {local_task_job_runner.py:222} INFO - ::endgroup::
