[2024-07-14T01:12:55.757+0000] {processor.py:161} INFO - Started process (PID=63) to work on /home/airflow/.local/lib/python3.12/site-packages/airflow/example_dags/example_branch_labels.py
[2024-07-14T01:12:55.758+0000] {processor.py:830} INFO - Processing file /home/airflow/.local/lib/python3.12/site-packages/airflow/example_dags/example_branch_labels.py for tasks to queue
[2024-07-14T01:12:55.760+0000] {logging_mixin.py:188} INFO - [2024-07-14T01:12:55.759+0000] {dagbag.py:545} INFO - Filling up the DagBag from /home/airflow/.local/lib/python3.12/site-packages/airflow/example_dags/example_branch_labels.py
[2024-07-14T01:12:55.783+0000] {processor.py:840} INFO - DAG(s) 'example_branch_labels' retrieved from /home/airflow/.local/lib/python3.12/site-packages/airflow/example_dags/example_branch_labels.py
[2024-07-14T01:12:55.810+0000] {logging_mixin.py:188} INFO - [2024-07-14T01:12:55.810+0000] {dag.py:3096} INFO - Sync 1 DAGs
[2024-07-14T01:12:55.830+0000] {logging_mixin.py:188} INFO - [2024-07-14T01:12:55.830+0000] {dag.py:3954} INFO - Setting next_dagrun for example_branch_labels to 2024-07-13 00:00:00+00:00, run_after=2024-07-14 00:00:00+00:00
[2024-07-14T01:12:55.857+0000] {processor.py:183} INFO - Processing /home/airflow/.local/lib/python3.12/site-packages/airflow/example_dags/example_branch_labels.py took 0.105 seconds
[2024-07-14T01:13:25.895+0000] {processor.py:161} INFO - Started process (PID=124) to work on /home/airflow/.local/lib/python3.12/site-packages/airflow/example_dags/example_branch_labels.py
[2024-07-14T01:13:25.896+0000] {processor.py:830} INFO - Processing file /home/airflow/.local/lib/python3.12/site-packages/airflow/example_dags/example_branch_labels.py for tasks to queue
[2024-07-14T01:13:25.898+0000] {logging_mixin.py:188} INFO - [2024-07-14T01:13:25.898+0000] {dagbag.py:545} INFO - Filling up the DagBag from /home/airflow/.local/lib/python3.12/site-packages/airflow/example_dags/example_branch_labels.py
[2024-07-14T01:13:25.906+0000] {processor.py:840} INFO - DAG(s) 'example_branch_labels' retrieved from /home/airflow/.local/lib/python3.12/site-packages/airflow/example_dags/example_branch_labels.py
[2024-07-14T01:13:25.929+0000] {logging_mixin.py:188} INFO - [2024-07-14T01:13:25.929+0000] {dag.py:3096} INFO - Sync 1 DAGs
[2024-07-14T01:13:25.996+0000] {logging_mixin.py:188} INFO - [2024-07-14T01:13:25.996+0000] {dag.py:3954} INFO - Setting next_dagrun for example_branch_labels to 2024-07-13 00:00:00+00:00, run_after=2024-07-14 00:00:00+00:00
[2024-07-14T01:13:26.029+0000] {processor.py:183} INFO - Processing /home/airflow/.local/lib/python3.12/site-packages/airflow/example_dags/example_branch_labels.py took 0.141 seconds
[2024-07-14T01:13:56.663+0000] {processor.py:161} INFO - Started process (PID=186) to work on /home/airflow/.local/lib/python3.12/site-packages/airflow/example_dags/example_branch_labels.py
[2024-07-14T01:13:56.664+0000] {processor.py:830} INFO - Processing file /home/airflow/.local/lib/python3.12/site-packages/airflow/example_dags/example_branch_labels.py for tasks to queue
[2024-07-14T01:13:56.666+0000] {logging_mixin.py:188} INFO - [2024-07-14T01:13:56.666+0000] {dagbag.py:545} INFO - Filling up the DagBag from /home/airflow/.local/lib/python3.12/site-packages/airflow/example_dags/example_branch_labels.py
[2024-07-14T01:13:56.674+0000] {processor.py:840} INFO - DAG(s) 'example_branch_labels' retrieved from /home/airflow/.local/lib/python3.12/site-packages/airflow/example_dags/example_branch_labels.py
[2024-07-14T01:13:56.699+0000] {logging_mixin.py:188} INFO - [2024-07-14T01:13:56.699+0000] {dag.py:3096} INFO - Sync 1 DAGs
[2024-07-14T01:13:56.727+0000] {logging_mixin.py:188} INFO - [2024-07-14T01:13:56.727+0000] {dag.py:3954} INFO - Setting next_dagrun for example_branch_labels to 2024-07-13 00:00:00+00:00, run_after=2024-07-14 00:00:00+00:00
[2024-07-14T01:13:56.755+0000] {processor.py:183} INFO - Processing /home/airflow/.local/lib/python3.12/site-packages/airflow/example_dags/example_branch_labels.py took 0.099 seconds
[2024-07-14T01:14:27.325+0000] {processor.py:161} INFO - Started process (PID=247) to work on /home/airflow/.local/lib/python3.12/site-packages/airflow/example_dags/example_branch_labels.py
[2024-07-14T01:14:27.326+0000] {processor.py:830} INFO - Processing file /home/airflow/.local/lib/python3.12/site-packages/airflow/example_dags/example_branch_labels.py for tasks to queue
[2024-07-14T01:14:27.328+0000] {logging_mixin.py:188} INFO - [2024-07-14T01:14:27.327+0000] {dagbag.py:545} INFO - Filling up the DagBag from /home/airflow/.local/lib/python3.12/site-packages/airflow/example_dags/example_branch_labels.py
[2024-07-14T01:14:27.336+0000] {processor.py:840} INFO - DAG(s) 'example_branch_labels' retrieved from /home/airflow/.local/lib/python3.12/site-packages/airflow/example_dags/example_branch_labels.py
[2024-07-14T01:14:27.354+0000] {logging_mixin.py:188} INFO - [2024-07-14T01:14:27.354+0000] {dag.py:3096} INFO - Sync 1 DAGs
[2024-07-14T01:14:27.376+0000] {logging_mixin.py:188} INFO - [2024-07-14T01:14:27.376+0000] {dag.py:3954} INFO - Setting next_dagrun for example_branch_labels to 2024-07-13 00:00:00+00:00, run_after=2024-07-14 00:00:00+00:00
[2024-07-14T01:14:27.402+0000] {processor.py:183} INFO - Processing /home/airflow/.local/lib/python3.12/site-packages/airflow/example_dags/example_branch_labels.py took 0.083 seconds
[2024-07-14T01:14:58.281+0000] {processor.py:161} INFO - Started process (PID=307) to work on /home/airflow/.local/lib/python3.12/site-packages/airflow/example_dags/example_branch_labels.py
[2024-07-14T01:14:58.282+0000] {processor.py:830} INFO - Processing file /home/airflow/.local/lib/python3.12/site-packages/airflow/example_dags/example_branch_labels.py for tasks to queue
[2024-07-14T01:14:58.283+0000] {logging_mixin.py:188} INFO - [2024-07-14T01:14:58.283+0000] {dagbag.py:545} INFO - Filling up the DagBag from /home/airflow/.local/lib/python3.12/site-packages/airflow/example_dags/example_branch_labels.py
[2024-07-14T01:14:58.290+0000] {processor.py:840} INFO - DAG(s) 'example_branch_labels' retrieved from /home/airflow/.local/lib/python3.12/site-packages/airflow/example_dags/example_branch_labels.py
[2024-07-14T01:14:58.311+0000] {logging_mixin.py:188} INFO - [2024-07-14T01:14:58.311+0000] {dag.py:3096} INFO - Sync 1 DAGs
[2024-07-14T01:14:58.335+0000] {logging_mixin.py:188} INFO - [2024-07-14T01:14:58.334+0000] {dag.py:3954} INFO - Setting next_dagrun for example_branch_labels to 2024-07-13 00:00:00+00:00, run_after=2024-07-14 00:00:00+00:00
[2024-07-14T01:14:58.360+0000] {processor.py:183} INFO - Processing /home/airflow/.local/lib/python3.12/site-packages/airflow/example_dags/example_branch_labels.py took 0.084 seconds
[2024-07-14T01:15:28.554+0000] {processor.py:161} INFO - Started process (PID=368) to work on /home/airflow/.local/lib/python3.12/site-packages/airflow/example_dags/example_branch_labels.py
[2024-07-14T01:15:28.555+0000] {processor.py:830} INFO - Processing file /home/airflow/.local/lib/python3.12/site-packages/airflow/example_dags/example_branch_labels.py for tasks to queue
[2024-07-14T01:15:28.557+0000] {logging_mixin.py:188} INFO - [2024-07-14T01:15:28.556+0000] {dagbag.py:545} INFO - Filling up the DagBag from /home/airflow/.local/lib/python3.12/site-packages/airflow/example_dags/example_branch_labels.py
[2024-07-14T01:15:28.565+0000] {processor.py:840} INFO - DAG(s) 'example_branch_labels' retrieved from /home/airflow/.local/lib/python3.12/site-packages/airflow/example_dags/example_branch_labels.py
[2024-07-14T01:15:28.584+0000] {logging_mixin.py:188} INFO - [2024-07-14T01:15:28.584+0000] {dag.py:3096} INFO - Sync 1 DAGs
[2024-07-14T01:15:28.606+0000] {logging_mixin.py:188} INFO - [2024-07-14T01:15:28.606+0000] {dag.py:3954} INFO - Setting next_dagrun for example_branch_labels to 2024-07-13 00:00:00+00:00, run_after=2024-07-14 00:00:00+00:00
[2024-07-14T01:15:28.632+0000] {processor.py:183} INFO - Processing /home/airflow/.local/lib/python3.12/site-packages/airflow/example_dags/example_branch_labels.py took 0.085 seconds
[2024-07-14T01:15:59.713+0000] {processor.py:161} INFO - Started process (PID=429) to work on /home/airflow/.local/lib/python3.12/site-packages/airflow/example_dags/example_branch_labels.py
[2024-07-14T01:15:59.714+0000] {processor.py:830} INFO - Processing file /home/airflow/.local/lib/python3.12/site-packages/airflow/example_dags/example_branch_labels.py for tasks to queue
[2024-07-14T01:15:59.716+0000] {logging_mixin.py:188} INFO - [2024-07-14T01:15:59.716+0000] {dagbag.py:545} INFO - Filling up the DagBag from /home/airflow/.local/lib/python3.12/site-packages/airflow/example_dags/example_branch_labels.py
[2024-07-14T01:15:59.725+0000] {processor.py:840} INFO - DAG(s) 'example_branch_labels' retrieved from /home/airflow/.local/lib/python3.12/site-packages/airflow/example_dags/example_branch_labels.py
[2024-07-14T01:15:59.748+0000] {logging_mixin.py:188} INFO - [2024-07-14T01:15:59.748+0000] {dag.py:3096} INFO - Sync 1 DAGs
[2024-07-14T01:15:59.768+0000] {logging_mixin.py:188} INFO - [2024-07-14T01:15:59.768+0000] {dag.py:3954} INFO - Setting next_dagrun for example_branch_labels to 2024-07-13 00:00:00+00:00, run_after=2024-07-14 00:00:00+00:00
[2024-07-14T01:15:59.792+0000] {processor.py:183} INFO - Processing /home/airflow/.local/lib/python3.12/site-packages/airflow/example_dags/example_branch_labels.py took 0.084 seconds
[2024-07-14T01:16:30.418+0000] {processor.py:161} INFO - Started process (PID=490) to work on /home/airflow/.local/lib/python3.12/site-packages/airflow/example_dags/example_branch_labels.py
[2024-07-14T01:16:30.419+0000] {processor.py:830} INFO - Processing file /home/airflow/.local/lib/python3.12/site-packages/airflow/example_dags/example_branch_labels.py for tasks to queue
[2024-07-14T01:16:30.420+0000] {logging_mixin.py:188} INFO - [2024-07-14T01:16:30.420+0000] {dagbag.py:545} INFO - Filling up the DagBag from /home/airflow/.local/lib/python3.12/site-packages/airflow/example_dags/example_branch_labels.py
[2024-07-14T01:16:30.429+0000] {processor.py:840} INFO - DAG(s) 'example_branch_labels' retrieved from /home/airflow/.local/lib/python3.12/site-packages/airflow/example_dags/example_branch_labels.py
[2024-07-14T01:16:30.452+0000] {logging_mixin.py:188} INFO - [2024-07-14T01:16:30.452+0000] {dag.py:3096} INFO - Sync 1 DAGs
[2024-07-14T01:16:30.476+0000] {logging_mixin.py:188} INFO - [2024-07-14T01:16:30.476+0000] {dag.py:3954} INFO - Setting next_dagrun for example_branch_labels to 2024-07-13 00:00:00+00:00, run_after=2024-07-14 00:00:00+00:00
[2024-07-14T01:16:30.502+0000] {processor.py:183} INFO - Processing /home/airflow/.local/lib/python3.12/site-packages/airflow/example_dags/example_branch_labels.py took 0.090 seconds
[2024-07-14T01:17:01.737+0000] {processor.py:161} INFO - Started process (PID=549) to work on /home/airflow/.local/lib/python3.12/site-packages/airflow/example_dags/example_branch_labels.py
[2024-07-14T01:17:01.738+0000] {processor.py:830} INFO - Processing file /home/airflow/.local/lib/python3.12/site-packages/airflow/example_dags/example_branch_labels.py for tasks to queue
[2024-07-14T01:17:01.740+0000] {logging_mixin.py:188} INFO - [2024-07-14T01:17:01.739+0000] {dagbag.py:545} INFO - Filling up the DagBag from /home/airflow/.local/lib/python3.12/site-packages/airflow/example_dags/example_branch_labels.py
[2024-07-14T01:17:01.755+0000] {processor.py:840} INFO - DAG(s) 'example_branch_labels' retrieved from /home/airflow/.local/lib/python3.12/site-packages/airflow/example_dags/example_branch_labels.py
[2024-07-14T01:17:01.823+0000] {logging_mixin.py:188} INFO - [2024-07-14T01:17:01.823+0000] {dag.py:3096} INFO - Sync 1 DAGs
[2024-07-14T01:17:01.939+0000] {logging_mixin.py:188} INFO - [2024-07-14T01:17:01.939+0000] {dag.py:3954} INFO - Setting next_dagrun for example_branch_labels to 2024-07-13 00:00:00+00:00, run_after=2024-07-14 00:00:00+00:00
[2024-07-14T01:17:01.994+0000] {processor.py:183} INFO - Processing /home/airflow/.local/lib/python3.12/site-packages/airflow/example_dags/example_branch_labels.py took 0.287 seconds
[2024-07-14T01:17:32.411+0000] {processor.py:161} INFO - Started process (PID=610) to work on /home/airflow/.local/lib/python3.12/site-packages/airflow/example_dags/example_branch_labels.py
[2024-07-14T01:17:32.411+0000] {processor.py:830} INFO - Processing file /home/airflow/.local/lib/python3.12/site-packages/airflow/example_dags/example_branch_labels.py for tasks to queue
[2024-07-14T01:17:32.413+0000] {logging_mixin.py:188} INFO - [2024-07-14T01:17:32.412+0000] {dagbag.py:545} INFO - Filling up the DagBag from /home/airflow/.local/lib/python3.12/site-packages/airflow/example_dags/example_branch_labels.py
[2024-07-14T01:17:32.421+0000] {processor.py:840} INFO - DAG(s) 'example_branch_labels' retrieved from /home/airflow/.local/lib/python3.12/site-packages/airflow/example_dags/example_branch_labels.py
[2024-07-14T01:17:32.443+0000] {logging_mixin.py:188} INFO - [2024-07-14T01:17:32.443+0000] {dag.py:3096} INFO - Sync 1 DAGs
[2024-07-14T01:17:32.467+0000] {logging_mixin.py:188} INFO - [2024-07-14T01:17:32.467+0000] {dag.py:3954} INFO - Setting next_dagrun for example_branch_labels to 2024-07-13 00:00:00+00:00, run_after=2024-07-14 00:00:00+00:00
[2024-07-14T01:17:32.496+0000] {processor.py:183} INFO - Processing /home/airflow/.local/lib/python3.12/site-packages/airflow/example_dags/example_branch_labels.py took 0.090 seconds
[2024-07-14T01:18:03.613+0000] {processor.py:161} INFO - Started process (PID=672) to work on /home/airflow/.local/lib/python3.12/site-packages/airflow/example_dags/example_branch_labels.py
[2024-07-14T01:18:03.614+0000] {processor.py:830} INFO - Processing file /home/airflow/.local/lib/python3.12/site-packages/airflow/example_dags/example_branch_labels.py for tasks to queue
[2024-07-14T01:18:03.617+0000] {logging_mixin.py:188} INFO - [2024-07-14T01:18:03.616+0000] {dagbag.py:545} INFO - Filling up the DagBag from /home/airflow/.local/lib/python3.12/site-packages/airflow/example_dags/example_branch_labels.py
[2024-07-14T01:18:03.624+0000] {processor.py:840} INFO - DAG(s) 'example_branch_labels' retrieved from /home/airflow/.local/lib/python3.12/site-packages/airflow/example_dags/example_branch_labels.py
[2024-07-14T01:18:03.645+0000] {logging_mixin.py:188} INFO - [2024-07-14T01:18:03.645+0000] {dag.py:3096} INFO - Sync 1 DAGs
[2024-07-14T01:18:03.667+0000] {logging_mixin.py:188} INFO - [2024-07-14T01:18:03.666+0000] {dag.py:3954} INFO - Setting next_dagrun for example_branch_labels to 2024-07-13 00:00:00+00:00, run_after=2024-07-14 00:00:00+00:00
[2024-07-14T01:18:03.695+0000] {processor.py:183} INFO - Processing /home/airflow/.local/lib/python3.12/site-packages/airflow/example_dags/example_branch_labels.py took 0.087 seconds
[2024-07-14T01:18:33.905+0000] {processor.py:161} INFO - Started process (PID=732) to work on /home/airflow/.local/lib/python3.12/site-packages/airflow/example_dags/example_branch_labels.py
[2024-07-14T01:18:33.906+0000] {processor.py:830} INFO - Processing file /home/airflow/.local/lib/python3.12/site-packages/airflow/example_dags/example_branch_labels.py for tasks to queue
[2024-07-14T01:18:33.907+0000] {logging_mixin.py:188} INFO - [2024-07-14T01:18:33.907+0000] {dagbag.py:545} INFO - Filling up the DagBag from /home/airflow/.local/lib/python3.12/site-packages/airflow/example_dags/example_branch_labels.py
[2024-07-14T01:18:33.916+0000] {processor.py:840} INFO - DAG(s) 'example_branch_labels' retrieved from /home/airflow/.local/lib/python3.12/site-packages/airflow/example_dags/example_branch_labels.py
[2024-07-14T01:18:33.938+0000] {logging_mixin.py:188} INFO - [2024-07-14T01:18:33.938+0000] {dag.py:3096} INFO - Sync 1 DAGs
[2024-07-14T01:18:33.962+0000] {logging_mixin.py:188} INFO - [2024-07-14T01:18:33.961+0000] {dag.py:3954} INFO - Setting next_dagrun for example_branch_labels to 2024-07-13 00:00:00+00:00, run_after=2024-07-14 00:00:00+00:00
[2024-07-14T01:18:33.993+0000] {processor.py:183} INFO - Processing /home/airflow/.local/lib/python3.12/site-packages/airflow/example_dags/example_branch_labels.py took 0.094 seconds
[2024-07-14T01:19:04.392+0000] {processor.py:161} INFO - Started process (PID=793) to work on /home/airflow/.local/lib/python3.12/site-packages/airflow/example_dags/example_branch_labels.py
[2024-07-14T01:19:04.397+0000] {processor.py:830} INFO - Processing file /home/airflow/.local/lib/python3.12/site-packages/airflow/example_dags/example_branch_labels.py for tasks to queue
[2024-07-14T01:19:04.402+0000] {logging_mixin.py:188} INFO - [2024-07-14T01:19:04.402+0000] {dagbag.py:545} INFO - Filling up the DagBag from /home/airflow/.local/lib/python3.12/site-packages/airflow/example_dags/example_branch_labels.py
[2024-07-14T01:19:04.411+0000] {processor.py:840} INFO - DAG(s) 'example_branch_labels' retrieved from /home/airflow/.local/lib/python3.12/site-packages/airflow/example_dags/example_branch_labels.py
[2024-07-14T01:19:04.501+0000] {logging_mixin.py:188} INFO - [2024-07-14T01:19:04.500+0000] {dag.py:3096} INFO - Sync 1 DAGs
[2024-07-14T01:19:04.536+0000] {logging_mixin.py:188} INFO - [2024-07-14T01:19:04.536+0000] {dag.py:3954} INFO - Setting next_dagrun for example_branch_labels to 2024-07-13 00:00:00+00:00, run_after=2024-07-14 00:00:00+00:00
[2024-07-14T01:19:04.573+0000] {processor.py:183} INFO - Processing /home/airflow/.local/lib/python3.12/site-packages/airflow/example_dags/example_branch_labels.py took 0.202 seconds
[2024-07-14T01:19:34.662+0000] {processor.py:161} INFO - Started process (PID=854) to work on /home/airflow/.local/lib/python3.12/site-packages/airflow/example_dags/example_branch_labels.py
[2024-07-14T01:19:34.662+0000] {processor.py:830} INFO - Processing file /home/airflow/.local/lib/python3.12/site-packages/airflow/example_dags/example_branch_labels.py for tasks to queue
[2024-07-14T01:19:34.664+0000] {logging_mixin.py:188} INFO - [2024-07-14T01:19:34.664+0000] {dagbag.py:545} INFO - Filling up the DagBag from /home/airflow/.local/lib/python3.12/site-packages/airflow/example_dags/example_branch_labels.py
[2024-07-14T01:19:34.673+0000] {processor.py:840} INFO - DAG(s) 'example_branch_labels' retrieved from /home/airflow/.local/lib/python3.12/site-packages/airflow/example_dags/example_branch_labels.py
[2024-07-14T01:19:34.697+0000] {logging_mixin.py:188} INFO - [2024-07-14T01:19:34.697+0000] {dag.py:3096} INFO - Sync 1 DAGs
[2024-07-14T01:19:34.719+0000] {logging_mixin.py:188} INFO - [2024-07-14T01:19:34.719+0000] {dag.py:3954} INFO - Setting next_dagrun for example_branch_labels to 2024-07-13 00:00:00+00:00, run_after=2024-07-14 00:00:00+00:00
[2024-07-14T01:19:34.742+0000] {processor.py:183} INFO - Processing /home/airflow/.local/lib/python3.12/site-packages/airflow/example_dags/example_branch_labels.py took 0.087 seconds
[2024-07-14T01:20:05.607+0000] {processor.py:161} INFO - Started process (PID=916) to work on /home/airflow/.local/lib/python3.12/site-packages/airflow/example_dags/example_branch_labels.py
[2024-07-14T01:20:05.608+0000] {processor.py:830} INFO - Processing file /home/airflow/.local/lib/python3.12/site-packages/airflow/example_dags/example_branch_labels.py for tasks to queue
[2024-07-14T01:20:05.610+0000] {logging_mixin.py:188} INFO - [2024-07-14T01:20:05.609+0000] {dagbag.py:545} INFO - Filling up the DagBag from /home/airflow/.local/lib/python3.12/site-packages/airflow/example_dags/example_branch_labels.py
[2024-07-14T01:20:05.620+0000] {processor.py:840} INFO - DAG(s) 'example_branch_labels' retrieved from /home/airflow/.local/lib/python3.12/site-packages/airflow/example_dags/example_branch_labels.py
[2024-07-14T01:20:05.652+0000] {logging_mixin.py:188} INFO - [2024-07-14T01:20:05.652+0000] {dag.py:3096} INFO - Sync 1 DAGs
[2024-07-14T01:20:05.677+0000] {logging_mixin.py:188} INFO - [2024-07-14T01:20:05.676+0000] {dag.py:3954} INFO - Setting next_dagrun for example_branch_labels to 2024-07-13 00:00:00+00:00, run_after=2024-07-14 00:00:00+00:00
[2024-07-14T01:20:05.702+0000] {processor.py:183} INFO - Processing /home/airflow/.local/lib/python3.12/site-packages/airflow/example_dags/example_branch_labels.py took 0.101 seconds
[2024-07-14T01:20:36.325+0000] {processor.py:161} INFO - Started process (PID=977) to work on /home/airflow/.local/lib/python3.12/site-packages/airflow/example_dags/example_branch_labels.py
[2024-07-14T01:20:36.327+0000] {processor.py:830} INFO - Processing file /home/airflow/.local/lib/python3.12/site-packages/airflow/example_dags/example_branch_labels.py for tasks to queue
[2024-07-14T01:20:36.343+0000] {logging_mixin.py:188} INFO - [2024-07-14T01:20:36.343+0000] {dagbag.py:545} INFO - Filling up the DagBag from /home/airflow/.local/lib/python3.12/site-packages/airflow/example_dags/example_branch_labels.py
[2024-07-14T01:20:36.358+0000] {processor.py:840} INFO - DAG(s) 'example_branch_labels' retrieved from /home/airflow/.local/lib/python3.12/site-packages/airflow/example_dags/example_branch_labels.py
[2024-07-14T01:20:36.429+0000] {logging_mixin.py:188} INFO - [2024-07-14T01:20:36.429+0000] {dag.py:3096} INFO - Sync 1 DAGs
[2024-07-14T01:20:36.535+0000] {logging_mixin.py:188} INFO - [2024-07-14T01:20:36.534+0000] {dag.py:3954} INFO - Setting next_dagrun for example_branch_labels to 2024-07-13 00:00:00+00:00, run_after=2024-07-14 00:00:00+00:00
[2024-07-14T01:20:36.588+0000] {processor.py:183} INFO - Processing /home/airflow/.local/lib/python3.12/site-packages/airflow/example_dags/example_branch_labels.py took 0.294 seconds
[2024-07-14T01:21:07.211+0000] {processor.py:161} INFO - Started process (PID=1039) to work on /home/airflow/.local/lib/python3.12/site-packages/airflow/example_dags/example_branch_labels.py
[2024-07-14T01:21:07.211+0000] {processor.py:830} INFO - Processing file /home/airflow/.local/lib/python3.12/site-packages/airflow/example_dags/example_branch_labels.py for tasks to queue
[2024-07-14T01:21:07.214+0000] {logging_mixin.py:188} INFO - [2024-07-14T01:21:07.214+0000] {dagbag.py:545} INFO - Filling up the DagBag from /home/airflow/.local/lib/python3.12/site-packages/airflow/example_dags/example_branch_labels.py
[2024-07-14T01:21:07.247+0000] {processor.py:840} INFO - DAG(s) 'example_branch_labels' retrieved from /home/airflow/.local/lib/python3.12/site-packages/airflow/example_dags/example_branch_labels.py
[2024-07-14T01:21:07.319+0000] {logging_mixin.py:188} INFO - [2024-07-14T01:21:07.318+0000] {dag.py:3096} INFO - Sync 1 DAGs
[2024-07-14T01:21:07.372+0000] {logging_mixin.py:188} INFO - [2024-07-14T01:21:07.372+0000] {dag.py:3954} INFO - Setting next_dagrun for example_branch_labels to 2024-07-13 00:00:00+00:00, run_after=2024-07-14 00:00:00+00:00
[2024-07-14T01:21:07.424+0000] {processor.py:183} INFO - Processing /home/airflow/.local/lib/python3.12/site-packages/airflow/example_dags/example_branch_labels.py took 0.225 seconds
[2024-07-14T01:21:38.351+0000] {processor.py:161} INFO - Started process (PID=1099) to work on /home/airflow/.local/lib/python3.12/site-packages/airflow/example_dags/example_branch_labels.py
[2024-07-14T01:21:38.352+0000] {processor.py:830} INFO - Processing file /home/airflow/.local/lib/python3.12/site-packages/airflow/example_dags/example_branch_labels.py for tasks to queue
[2024-07-14T01:21:38.354+0000] {logging_mixin.py:188} INFO - [2024-07-14T01:21:38.353+0000] {dagbag.py:545} INFO - Filling up the DagBag from /home/airflow/.local/lib/python3.12/site-packages/airflow/example_dags/example_branch_labels.py
[2024-07-14T01:21:38.362+0000] {processor.py:840} INFO - DAG(s) 'example_branch_labels' retrieved from /home/airflow/.local/lib/python3.12/site-packages/airflow/example_dags/example_branch_labels.py
[2024-07-14T01:21:38.390+0000] {logging_mixin.py:188} INFO - [2024-07-14T01:21:38.390+0000] {dag.py:3096} INFO - Sync 1 DAGs
[2024-07-14T01:21:38.414+0000] {logging_mixin.py:188} INFO - [2024-07-14T01:21:38.414+0000] {dag.py:3954} INFO - Setting next_dagrun for example_branch_labels to 2024-07-13 00:00:00+00:00, run_after=2024-07-14 00:00:00+00:00
[2024-07-14T01:21:38.437+0000] {processor.py:183} INFO - Processing /home/airflow/.local/lib/python3.12/site-packages/airflow/example_dags/example_branch_labels.py took 0.092 seconds
[2024-07-14T01:22:08.896+0000] {processor.py:161} INFO - Started process (PID=1160) to work on /home/airflow/.local/lib/python3.12/site-packages/airflow/example_dags/example_branch_labels.py
[2024-07-14T01:22:08.896+0000] {processor.py:830} INFO - Processing file /home/airflow/.local/lib/python3.12/site-packages/airflow/example_dags/example_branch_labels.py for tasks to queue
[2024-07-14T01:22:08.898+0000] {logging_mixin.py:188} INFO - [2024-07-14T01:22:08.897+0000] {dagbag.py:545} INFO - Filling up the DagBag from /home/airflow/.local/lib/python3.12/site-packages/airflow/example_dags/example_branch_labels.py
[2024-07-14T01:22:08.903+0000] {processor.py:840} INFO - DAG(s) 'example_branch_labels' retrieved from /home/airflow/.local/lib/python3.12/site-packages/airflow/example_dags/example_branch_labels.py
[2024-07-14T01:22:08.919+0000] {logging_mixin.py:188} INFO - [2024-07-14T01:22:08.919+0000] {dag.py:3096} INFO - Sync 1 DAGs
[2024-07-14T01:22:08.936+0000] {logging_mixin.py:188} INFO - [2024-07-14T01:22:08.935+0000] {dag.py:3954} INFO - Setting next_dagrun for example_branch_labels to 2024-07-13 00:00:00+00:00, run_after=2024-07-14 00:00:00+00:00
[2024-07-14T01:22:08.957+0000] {processor.py:183} INFO - Processing /home/airflow/.local/lib/python3.12/site-packages/airflow/example_dags/example_branch_labels.py took 0.066 seconds
[2024-07-14T01:22:39.244+0000] {processor.py:161} INFO - Started process (PID=1221) to work on /home/airflow/.local/lib/python3.12/site-packages/airflow/example_dags/example_branch_labels.py
[2024-07-14T01:22:39.245+0000] {processor.py:830} INFO - Processing file /home/airflow/.local/lib/python3.12/site-packages/airflow/example_dags/example_branch_labels.py for tasks to queue
[2024-07-14T01:22:39.246+0000] {logging_mixin.py:188} INFO - [2024-07-14T01:22:39.246+0000] {dagbag.py:545} INFO - Filling up the DagBag from /home/airflow/.local/lib/python3.12/site-packages/airflow/example_dags/example_branch_labels.py
[2024-07-14T01:22:39.252+0000] {processor.py:840} INFO - DAG(s) 'example_branch_labels' retrieved from /home/airflow/.local/lib/python3.12/site-packages/airflow/example_dags/example_branch_labels.py
[2024-07-14T01:22:39.268+0000] {logging_mixin.py:188} INFO - [2024-07-14T01:22:39.268+0000] {dag.py:3096} INFO - Sync 1 DAGs
[2024-07-14T01:22:39.285+0000] {logging_mixin.py:188} INFO - [2024-07-14T01:22:39.284+0000] {dag.py:3954} INFO - Setting next_dagrun for example_branch_labels to 2024-07-13 00:00:00+00:00, run_after=2024-07-14 00:00:00+00:00
[2024-07-14T01:22:39.305+0000] {processor.py:183} INFO - Processing /home/airflow/.local/lib/python3.12/site-packages/airflow/example_dags/example_branch_labels.py took 0.066 seconds
[2024-07-14T01:23:10.239+0000] {processor.py:161} INFO - Started process (PID=1282) to work on /home/airflow/.local/lib/python3.12/site-packages/airflow/example_dags/example_branch_labels.py
[2024-07-14T01:23:10.252+0000] {processor.py:830} INFO - Processing file /home/airflow/.local/lib/python3.12/site-packages/airflow/example_dags/example_branch_labels.py for tasks to queue
[2024-07-14T01:23:10.254+0000] {logging_mixin.py:188} INFO - [2024-07-14T01:23:10.254+0000] {dagbag.py:545} INFO - Filling up the DagBag from /home/airflow/.local/lib/python3.12/site-packages/airflow/example_dags/example_branch_labels.py
[2024-07-14T01:23:10.275+0000] {processor.py:840} INFO - DAG(s) 'example_branch_labels' retrieved from /home/airflow/.local/lib/python3.12/site-packages/airflow/example_dags/example_branch_labels.py
[2024-07-14T01:23:10.324+0000] {logging_mixin.py:188} INFO - [2024-07-14T01:23:10.323+0000] {dag.py:3096} INFO - Sync 1 DAGs
[2024-07-14T01:23:10.370+0000] {logging_mixin.py:188} INFO - [2024-07-14T01:23:10.369+0000] {dag.py:3954} INFO - Setting next_dagrun for example_branch_labels to 2024-07-13 00:00:00+00:00, run_after=2024-07-14 00:00:00+00:00
[2024-07-14T01:23:10.412+0000] {processor.py:183} INFO - Processing /home/airflow/.local/lib/python3.12/site-packages/airflow/example_dags/example_branch_labels.py took 0.188 seconds
[2024-07-14T01:23:40.478+0000] {processor.py:161} INFO - Started process (PID=1340) to work on /home/airflow/.local/lib/python3.12/site-packages/airflow/example_dags/example_branch_labels.py
[2024-07-14T01:23:40.479+0000] {processor.py:830} INFO - Processing file /home/airflow/.local/lib/python3.12/site-packages/airflow/example_dags/example_branch_labels.py for tasks to queue
[2024-07-14T01:23:40.481+0000] {logging_mixin.py:188} INFO - [2024-07-14T01:23:40.481+0000] {dagbag.py:545} INFO - Filling up the DagBag from /home/airflow/.local/lib/python3.12/site-packages/airflow/example_dags/example_branch_labels.py
[2024-07-14T01:23:40.490+0000] {processor.py:840} INFO - DAG(s) 'example_branch_labels' retrieved from /home/airflow/.local/lib/python3.12/site-packages/airflow/example_dags/example_branch_labels.py
[2024-07-14T01:23:40.513+0000] {logging_mixin.py:188} INFO - [2024-07-14T01:23:40.513+0000] {dag.py:3096} INFO - Sync 1 DAGs
[2024-07-14T01:23:40.539+0000] {logging_mixin.py:188} INFO - [2024-07-14T01:23:40.539+0000] {dag.py:3954} INFO - Setting next_dagrun for example_branch_labels to 2024-07-13 00:00:00+00:00, run_after=2024-07-14 00:00:00+00:00
[2024-07-14T01:23:40.561+0000] {processor.py:183} INFO - Processing /home/airflow/.local/lib/python3.12/site-packages/airflow/example_dags/example_branch_labels.py took 0.089 seconds
[2024-07-14T01:24:10.728+0000] {processor.py:161} INFO - Started process (PID=1400) to work on /home/airflow/.local/lib/python3.12/site-packages/airflow/example_dags/example_branch_labels.py
[2024-07-14T01:24:10.730+0000] {processor.py:830} INFO - Processing file /home/airflow/.local/lib/python3.12/site-packages/airflow/example_dags/example_branch_labels.py for tasks to queue
[2024-07-14T01:24:10.737+0000] {logging_mixin.py:188} INFO - [2024-07-14T01:24:10.736+0000] {dagbag.py:545} INFO - Filling up the DagBag from /home/airflow/.local/lib/python3.12/site-packages/airflow/example_dags/example_branch_labels.py
[2024-07-14T01:24:10.761+0000] {processor.py:840} INFO - DAG(s) 'example_branch_labels' retrieved from /home/airflow/.local/lib/python3.12/site-packages/airflow/example_dags/example_branch_labels.py
[2024-07-14T01:24:10.811+0000] {logging_mixin.py:188} INFO - [2024-07-14T01:24:10.810+0000] {dag.py:3096} INFO - Sync 1 DAGs
[2024-07-14T01:24:10.859+0000] {logging_mixin.py:188} INFO - [2024-07-14T01:24:10.858+0000] {dag.py:3954} INFO - Setting next_dagrun for example_branch_labels to 2024-07-13 00:00:00+00:00, run_after=2024-07-14 00:00:00+00:00
[2024-07-14T01:24:10.897+0000] {processor.py:183} INFO - Processing /home/airflow/.local/lib/python3.12/site-packages/airflow/example_dags/example_branch_labels.py took 0.185 seconds
[2024-07-14T01:24:41.353+0000] {processor.py:161} INFO - Started process (PID=1461) to work on /home/airflow/.local/lib/python3.12/site-packages/airflow/example_dags/example_branch_labels.py
[2024-07-14T01:24:41.354+0000] {processor.py:830} INFO - Processing file /home/airflow/.local/lib/python3.12/site-packages/airflow/example_dags/example_branch_labels.py for tasks to queue
[2024-07-14T01:24:41.356+0000] {logging_mixin.py:188} INFO - [2024-07-14T01:24:41.356+0000] {dagbag.py:545} INFO - Filling up the DagBag from /home/airflow/.local/lib/python3.12/site-packages/airflow/example_dags/example_branch_labels.py
[2024-07-14T01:24:41.365+0000] {processor.py:840} INFO - DAG(s) 'example_branch_labels' retrieved from /home/airflow/.local/lib/python3.12/site-packages/airflow/example_dags/example_branch_labels.py
[2024-07-14T01:24:41.403+0000] {logging_mixin.py:188} INFO - [2024-07-14T01:24:41.403+0000] {dag.py:3096} INFO - Sync 1 DAGs
[2024-07-14T01:24:41.439+0000] {logging_mixin.py:188} INFO - [2024-07-14T01:24:41.438+0000] {dag.py:3954} INFO - Setting next_dagrun for example_branch_labels to 2024-07-13 00:00:00+00:00, run_after=2024-07-14 00:00:00+00:00
[2024-07-14T01:24:41.490+0000] {processor.py:183} INFO - Processing /home/airflow/.local/lib/python3.12/site-packages/airflow/example_dags/example_branch_labels.py took 0.152 seconds
[2024-07-14T01:25:11.674+0000] {processor.py:161} INFO - Started process (PID=1521) to work on /home/airflow/.local/lib/python3.12/site-packages/airflow/example_dags/example_branch_labels.py
[2024-07-14T01:25:11.677+0000] {processor.py:830} INFO - Processing file /home/airflow/.local/lib/python3.12/site-packages/airflow/example_dags/example_branch_labels.py for tasks to queue
[2024-07-14T01:25:11.679+0000] {logging_mixin.py:188} INFO - [2024-07-14T01:25:11.678+0000] {dagbag.py:545} INFO - Filling up the DagBag from /home/airflow/.local/lib/python3.12/site-packages/airflow/example_dags/example_branch_labels.py
[2024-07-14T01:25:11.689+0000] {processor.py:840} INFO - DAG(s) 'example_branch_labels' retrieved from /home/airflow/.local/lib/python3.12/site-packages/airflow/example_dags/example_branch_labels.py
[2024-07-14T01:25:11.745+0000] {logging_mixin.py:188} INFO - [2024-07-14T01:25:11.745+0000] {dag.py:3096} INFO - Sync 1 DAGs
[2024-07-14T01:25:11.785+0000] {logging_mixin.py:188} INFO - [2024-07-14T01:25:11.785+0000] {dag.py:3954} INFO - Setting next_dagrun for example_branch_labels to 2024-07-13 00:00:00+00:00, run_after=2024-07-14 00:00:00+00:00
[2024-07-14T01:25:11.822+0000] {processor.py:183} INFO - Processing /home/airflow/.local/lib/python3.12/site-packages/airflow/example_dags/example_branch_labels.py took 0.154 seconds
[2024-07-14T01:25:42.027+0000] {processor.py:161} INFO - Started process (PID=1583) to work on /home/airflow/.local/lib/python3.12/site-packages/airflow/example_dags/example_branch_labels.py
[2024-07-14T01:25:42.028+0000] {processor.py:830} INFO - Processing file /home/airflow/.local/lib/python3.12/site-packages/airflow/example_dags/example_branch_labels.py for tasks to queue
[2024-07-14T01:25:42.029+0000] {logging_mixin.py:188} INFO - [2024-07-14T01:25:42.029+0000] {dagbag.py:545} INFO - Filling up the DagBag from /home/airflow/.local/lib/python3.12/site-packages/airflow/example_dags/example_branch_labels.py
[2024-07-14T01:25:42.049+0000] {processor.py:840} INFO - DAG(s) 'example_branch_labels' retrieved from /home/airflow/.local/lib/python3.12/site-packages/airflow/example_dags/example_branch_labels.py
[2024-07-14T01:25:42.107+0000] {logging_mixin.py:188} INFO - [2024-07-14T01:25:42.107+0000] {dag.py:3096} INFO - Sync 1 DAGs
[2024-07-14T01:25:42.154+0000] {logging_mixin.py:188} INFO - [2024-07-14T01:25:42.153+0000] {dag.py:3954} INFO - Setting next_dagrun for example_branch_labels to 2024-07-13 00:00:00+00:00, run_after=2024-07-14 00:00:00+00:00
[2024-07-14T01:25:42.200+0000] {processor.py:183} INFO - Processing /home/airflow/.local/lib/python3.12/site-packages/airflow/example_dags/example_branch_labels.py took 0.196 seconds
[2024-07-14T01:26:12.668+0000] {processor.py:161} INFO - Started process (PID=1644) to work on /home/airflow/.local/lib/python3.12/site-packages/airflow/example_dags/example_branch_labels.py
[2024-07-14T01:26:12.669+0000] {processor.py:830} INFO - Processing file /home/airflow/.local/lib/python3.12/site-packages/airflow/example_dags/example_branch_labels.py for tasks to queue
[2024-07-14T01:26:12.671+0000] {logging_mixin.py:188} INFO - [2024-07-14T01:26:12.671+0000] {dagbag.py:545} INFO - Filling up the DagBag from /home/airflow/.local/lib/python3.12/site-packages/airflow/example_dags/example_branch_labels.py
[2024-07-14T01:26:12.680+0000] {processor.py:840} INFO - DAG(s) 'example_branch_labels' retrieved from /home/airflow/.local/lib/python3.12/site-packages/airflow/example_dags/example_branch_labels.py
[2024-07-14T01:26:12.700+0000] {logging_mixin.py:188} INFO - [2024-07-14T01:26:12.700+0000] {dag.py:3096} INFO - Sync 1 DAGs
[2024-07-14T01:26:12.722+0000] {logging_mixin.py:188} INFO - [2024-07-14T01:26:12.722+0000] {dag.py:3954} INFO - Setting next_dagrun for example_branch_labels to 2024-07-13 00:00:00+00:00, run_after=2024-07-14 00:00:00+00:00
[2024-07-14T01:26:12.744+0000] {processor.py:183} INFO - Processing /home/airflow/.local/lib/python3.12/site-packages/airflow/example_dags/example_branch_labels.py took 0.088 seconds
[2024-07-14T01:26:43.309+0000] {processor.py:161} INFO - Started process (PID=1705) to work on /home/airflow/.local/lib/python3.12/site-packages/airflow/example_dags/example_branch_labels.py
[2024-07-14T01:26:43.313+0000] {processor.py:830} INFO - Processing file /home/airflow/.local/lib/python3.12/site-packages/airflow/example_dags/example_branch_labels.py for tasks to queue
[2024-07-14T01:26:43.315+0000] {logging_mixin.py:188} INFO - [2024-07-14T01:26:43.314+0000] {dagbag.py:545} INFO - Filling up the DagBag from /home/airflow/.local/lib/python3.12/site-packages/airflow/example_dags/example_branch_labels.py
[2024-07-14T01:26:43.326+0000] {processor.py:840} INFO - DAG(s) 'example_branch_labels' retrieved from /home/airflow/.local/lib/python3.12/site-packages/airflow/example_dags/example_branch_labels.py
[2024-07-14T01:26:43.345+0000] {logging_mixin.py:188} INFO - [2024-07-14T01:26:43.345+0000] {dag.py:3096} INFO - Sync 1 DAGs
[2024-07-14T01:26:43.362+0000] {logging_mixin.py:188} INFO - [2024-07-14T01:26:43.362+0000] {dag.py:3954} INFO - Setting next_dagrun for example_branch_labels to 2024-07-13 00:00:00+00:00, run_after=2024-07-14 00:00:00+00:00
[2024-07-14T01:26:43.383+0000] {processor.py:183} INFO - Processing /home/airflow/.local/lib/python3.12/site-packages/airflow/example_dags/example_branch_labels.py took 0.084 seconds
[2024-07-14T01:27:15.657+0000] {processor.py:161} INFO - Started process (PID=1772) to work on /home/airflow/.local/lib/python3.12/site-packages/airflow/example_dags/example_branch_labels.py
[2024-07-14T01:27:15.658+0000] {processor.py:830} INFO - Processing file /home/airflow/.local/lib/python3.12/site-packages/airflow/example_dags/example_branch_labels.py for tasks to queue
[2024-07-14T01:27:15.660+0000] {logging_mixin.py:188} INFO - [2024-07-14T01:27:15.660+0000] {dagbag.py:545} INFO - Filling up the DagBag from /home/airflow/.local/lib/python3.12/site-packages/airflow/example_dags/example_branch_labels.py
[2024-07-14T01:27:15.669+0000] {processor.py:840} INFO - DAG(s) 'example_branch_labels' retrieved from /home/airflow/.local/lib/python3.12/site-packages/airflow/example_dags/example_branch_labels.py
[2024-07-14T01:27:15.695+0000] {logging_mixin.py:188} INFO - [2024-07-14T01:27:15.694+0000] {dag.py:3096} INFO - Sync 1 DAGs
[2024-07-14T01:27:15.721+0000] {logging_mixin.py:188} INFO - [2024-07-14T01:27:15.721+0000] {dag.py:3954} INFO - Setting next_dagrun for example_branch_labels to 2024-07-13 00:00:00+00:00, run_after=2024-07-14 00:00:00+00:00
[2024-07-14T01:27:15.777+0000] {processor.py:183} INFO - Processing /home/airflow/.local/lib/python3.12/site-packages/airflow/example_dags/example_branch_labels.py took 0.126 seconds
[2024-07-14T01:27:45.819+0000] {processor.py:161} INFO - Started process (PID=1830) to work on /home/airflow/.local/lib/python3.12/site-packages/airflow/example_dags/example_branch_labels.py
[2024-07-14T01:27:45.820+0000] {processor.py:830} INFO - Processing file /home/airflow/.local/lib/python3.12/site-packages/airflow/example_dags/example_branch_labels.py for tasks to queue
[2024-07-14T01:27:45.822+0000] {logging_mixin.py:188} INFO - [2024-07-14T01:27:45.821+0000] {dagbag.py:545} INFO - Filling up the DagBag from /home/airflow/.local/lib/python3.12/site-packages/airflow/example_dags/example_branch_labels.py
[2024-07-14T01:27:45.830+0000] {processor.py:840} INFO - DAG(s) 'example_branch_labels' retrieved from /home/airflow/.local/lib/python3.12/site-packages/airflow/example_dags/example_branch_labels.py
[2024-07-14T01:27:45.853+0000] {logging_mixin.py:188} INFO - [2024-07-14T01:27:45.853+0000] {dag.py:3096} INFO - Sync 1 DAGs
[2024-07-14T01:27:45.877+0000] {logging_mixin.py:188} INFO - [2024-07-14T01:27:45.877+0000] {dag.py:3954} INFO - Setting next_dagrun for example_branch_labels to 2024-07-13 00:00:00+00:00, run_after=2024-07-14 00:00:00+00:00
[2024-07-14T01:27:45.908+0000] {processor.py:183} INFO - Processing /home/airflow/.local/lib/python3.12/site-packages/airflow/example_dags/example_branch_labels.py took 0.095 seconds
[2024-07-14T01:28:16.537+0000] {processor.py:161} INFO - Started process (PID=1892) to work on /home/airflow/.local/lib/python3.12/site-packages/airflow/example_dags/example_branch_labels.py
[2024-07-14T01:28:16.538+0000] {processor.py:830} INFO - Processing file /home/airflow/.local/lib/python3.12/site-packages/airflow/example_dags/example_branch_labels.py for tasks to queue
[2024-07-14T01:28:16.540+0000] {logging_mixin.py:188} INFO - [2024-07-14T01:28:16.539+0000] {dagbag.py:545} INFO - Filling up the DagBag from /home/airflow/.local/lib/python3.12/site-packages/airflow/example_dags/example_branch_labels.py
[2024-07-14T01:28:16.548+0000] {processor.py:840} INFO - DAG(s) 'example_branch_labels' retrieved from /home/airflow/.local/lib/python3.12/site-packages/airflow/example_dags/example_branch_labels.py
[2024-07-14T01:28:16.581+0000] {logging_mixin.py:188} INFO - [2024-07-14T01:28:16.580+0000] {dag.py:3096} INFO - Sync 1 DAGs
[2024-07-14T01:28:16.630+0000] {logging_mixin.py:188} INFO - [2024-07-14T01:28:16.630+0000] {dag.py:3954} INFO - Setting next_dagrun for example_branch_labels to 2024-07-13 00:00:00+00:00, run_after=2024-07-14 00:00:00+00:00
[2024-07-14T01:28:16.676+0000] {processor.py:183} INFO - Processing /home/airflow/.local/lib/python3.12/site-packages/airflow/example_dags/example_branch_labels.py took 0.147 seconds
[2024-07-14T01:28:46.888+0000] {processor.py:161} INFO - Started process (PID=1953) to work on /home/airflow/.local/lib/python3.12/site-packages/airflow/example_dags/example_branch_labels.py
[2024-07-14T01:28:46.889+0000] {processor.py:830} INFO - Processing file /home/airflow/.local/lib/python3.12/site-packages/airflow/example_dags/example_branch_labels.py for tasks to queue
[2024-07-14T01:28:46.891+0000] {logging_mixin.py:188} INFO - [2024-07-14T01:28:46.891+0000] {dagbag.py:545} INFO - Filling up the DagBag from /home/airflow/.local/lib/python3.12/site-packages/airflow/example_dags/example_branch_labels.py
[2024-07-14T01:28:46.902+0000] {processor.py:840} INFO - DAG(s) 'example_branch_labels' retrieved from /home/airflow/.local/lib/python3.12/site-packages/airflow/example_dags/example_branch_labels.py
[2024-07-14T01:28:46.931+0000] {logging_mixin.py:188} INFO - [2024-07-14T01:28:46.928+0000] {dag.py:3096} INFO - Sync 1 DAGs
[2024-07-14T01:28:46.958+0000] {logging_mixin.py:188} INFO - [2024-07-14T01:28:46.958+0000] {dag.py:3954} INFO - Setting next_dagrun for example_branch_labels to 2024-07-13 00:00:00+00:00, run_after=2024-07-14 00:00:00+00:00
[2024-07-14T01:28:47.000+0000] {processor.py:183} INFO - Processing /home/airflow/.local/lib/python3.12/site-packages/airflow/example_dags/example_branch_labels.py took 0.127 seconds
[2024-07-14T01:29:17.548+0000] {processor.py:161} INFO - Started process (PID=2014) to work on /home/airflow/.local/lib/python3.12/site-packages/airflow/example_dags/example_branch_labels.py
[2024-07-14T01:29:17.556+0000] {processor.py:830} INFO - Processing file /home/airflow/.local/lib/python3.12/site-packages/airflow/example_dags/example_branch_labels.py for tasks to queue
[2024-07-14T01:29:17.558+0000] {logging_mixin.py:188} INFO - [2024-07-14T01:29:17.557+0000] {dagbag.py:545} INFO - Filling up the DagBag from /home/airflow/.local/lib/python3.12/site-packages/airflow/example_dags/example_branch_labels.py
[2024-07-14T01:29:17.570+0000] {processor.py:840} INFO - DAG(s) 'example_branch_labels' retrieved from /home/airflow/.local/lib/python3.12/site-packages/airflow/example_dags/example_branch_labels.py
[2024-07-14T01:29:17.617+0000] {logging_mixin.py:188} INFO - [2024-07-14T01:29:17.616+0000] {dag.py:3096} INFO - Sync 1 DAGs
[2024-07-14T01:29:17.668+0000] {logging_mixin.py:188} INFO - [2024-07-14T01:29:17.668+0000] {dag.py:3954} INFO - Setting next_dagrun for example_branch_labels to 2024-07-13 00:00:00+00:00, run_after=2024-07-14 00:00:00+00:00
[2024-07-14T01:29:17.712+0000] {processor.py:183} INFO - Processing /home/airflow/.local/lib/python3.12/site-packages/airflow/example_dags/example_branch_labels.py took 0.174 seconds
[2024-07-14T01:29:48.069+0000] {processor.py:161} INFO - Started process (PID=2075) to work on /home/airflow/.local/lib/python3.12/site-packages/airflow/example_dags/example_branch_labels.py
[2024-07-14T01:29:48.070+0000] {processor.py:830} INFO - Processing file /home/airflow/.local/lib/python3.12/site-packages/airflow/example_dags/example_branch_labels.py for tasks to queue
[2024-07-14T01:29:48.080+0000] {logging_mixin.py:188} INFO - [2024-07-14T01:29:48.080+0000] {dagbag.py:545} INFO - Filling up the DagBag from /home/airflow/.local/lib/python3.12/site-packages/airflow/example_dags/example_branch_labels.py
[2024-07-14T01:29:48.101+0000] {processor.py:840} INFO - DAG(s) 'example_branch_labels' retrieved from /home/airflow/.local/lib/python3.12/site-packages/airflow/example_dags/example_branch_labels.py
[2024-07-14T01:29:48.129+0000] {logging_mixin.py:188} INFO - [2024-07-14T01:29:48.128+0000] {dag.py:3096} INFO - Sync 1 DAGs
[2024-07-14T01:29:48.152+0000] {logging_mixin.py:188} INFO - [2024-07-14T01:29:48.152+0000] {dag.py:3954} INFO - Setting next_dagrun for example_branch_labels to 2024-07-13 00:00:00+00:00, run_after=2024-07-14 00:00:00+00:00
[2024-07-14T01:29:48.178+0000] {processor.py:183} INFO - Processing /home/airflow/.local/lib/python3.12/site-packages/airflow/example_dags/example_branch_labels.py took 0.120 seconds
[2024-07-14T01:30:18.832+0000] {processor.py:161} INFO - Started process (PID=2136) to work on /home/airflow/.local/lib/python3.12/site-packages/airflow/example_dags/example_branch_labels.py
[2024-07-14T01:30:18.833+0000] {processor.py:830} INFO - Processing file /home/airflow/.local/lib/python3.12/site-packages/airflow/example_dags/example_branch_labels.py for tasks to queue
[2024-07-14T01:30:18.834+0000] {logging_mixin.py:188} INFO - [2024-07-14T01:30:18.834+0000] {dagbag.py:545} INFO - Filling up the DagBag from /home/airflow/.local/lib/python3.12/site-packages/airflow/example_dags/example_branch_labels.py
[2024-07-14T01:30:18.842+0000] {processor.py:840} INFO - DAG(s) 'example_branch_labels' retrieved from /home/airflow/.local/lib/python3.12/site-packages/airflow/example_dags/example_branch_labels.py
[2024-07-14T01:30:18.866+0000] {logging_mixin.py:188} INFO - [2024-07-14T01:30:18.865+0000] {dag.py:3096} INFO - Sync 1 DAGs
[2024-07-14T01:30:18.906+0000] {logging_mixin.py:188} INFO - [2024-07-14T01:30:18.906+0000] {dag.py:3954} INFO - Setting next_dagrun for example_branch_labels to 2024-07-13 00:00:00+00:00, run_after=2024-07-14 00:00:00+00:00
[2024-07-14T01:30:18.938+0000] {processor.py:183} INFO - Processing /home/airflow/.local/lib/python3.12/site-packages/airflow/example_dags/example_branch_labels.py took 0.113 seconds
[2024-07-14T01:30:49.162+0000] {processor.py:161} INFO - Started process (PID=2197) to work on /home/airflow/.local/lib/python3.12/site-packages/airflow/example_dags/example_branch_labels.py
[2024-07-14T01:30:49.163+0000] {processor.py:830} INFO - Processing file /home/airflow/.local/lib/python3.12/site-packages/airflow/example_dags/example_branch_labels.py for tasks to queue
[2024-07-14T01:30:49.165+0000] {logging_mixin.py:188} INFO - [2024-07-14T01:30:49.164+0000] {dagbag.py:545} INFO - Filling up the DagBag from /home/airflow/.local/lib/python3.12/site-packages/airflow/example_dags/example_branch_labels.py
[2024-07-14T01:30:49.174+0000] {processor.py:840} INFO - DAG(s) 'example_branch_labels' retrieved from /home/airflow/.local/lib/python3.12/site-packages/airflow/example_dags/example_branch_labels.py
[2024-07-14T01:30:49.198+0000] {logging_mixin.py:188} INFO - [2024-07-14T01:30:49.197+0000] {dag.py:3096} INFO - Sync 1 DAGs
[2024-07-14T01:30:49.224+0000] {logging_mixin.py:188} INFO - [2024-07-14T01:30:49.224+0000] {dag.py:3954} INFO - Setting next_dagrun for example_branch_labels to 2024-07-13 00:00:00+00:00, run_after=2024-07-14 00:00:00+00:00
[2024-07-14T01:30:49.251+0000] {processor.py:183} INFO - Processing /home/airflow/.local/lib/python3.12/site-packages/airflow/example_dags/example_branch_labels.py took 0.095 seconds
[2024-07-14T01:31:20.162+0000] {processor.py:161} INFO - Started process (PID=2258) to work on /home/airflow/.local/lib/python3.12/site-packages/airflow/example_dags/example_branch_labels.py
[2024-07-14T01:31:20.163+0000] {processor.py:830} INFO - Processing file /home/airflow/.local/lib/python3.12/site-packages/airflow/example_dags/example_branch_labels.py for tasks to queue
[2024-07-14T01:31:20.172+0000] {logging_mixin.py:188} INFO - [2024-07-14T01:31:20.172+0000] {dagbag.py:545} INFO - Filling up the DagBag from /home/airflow/.local/lib/python3.12/site-packages/airflow/example_dags/example_branch_labels.py
[2024-07-14T01:31:20.203+0000] {processor.py:840} INFO - DAG(s) 'example_branch_labels' retrieved from /home/airflow/.local/lib/python3.12/site-packages/airflow/example_dags/example_branch_labels.py
[2024-07-14T01:31:20.226+0000] {logging_mixin.py:188} INFO - [2024-07-14T01:31:20.226+0000] {dag.py:3096} INFO - Sync 1 DAGs
[2024-07-14T01:31:20.250+0000] {logging_mixin.py:188} INFO - [2024-07-14T01:31:20.250+0000] {dag.py:3954} INFO - Setting next_dagrun for example_branch_labels to 2024-07-13 00:00:00+00:00, run_after=2024-07-14 00:00:00+00:00
[2024-07-14T01:31:20.277+0000] {processor.py:183} INFO - Processing /home/airflow/.local/lib/python3.12/site-packages/airflow/example_dags/example_branch_labels.py took 0.146 seconds
[2024-07-14T01:31:50.796+0000] {processor.py:161} INFO - Started process (PID=2318) to work on /home/airflow/.local/lib/python3.12/site-packages/airflow/example_dags/example_branch_labels.py
[2024-07-14T01:31:50.797+0000] {processor.py:830} INFO - Processing file /home/airflow/.local/lib/python3.12/site-packages/airflow/example_dags/example_branch_labels.py for tasks to queue
[2024-07-14T01:31:50.799+0000] {logging_mixin.py:188} INFO - [2024-07-14T01:31:50.799+0000] {dagbag.py:545} INFO - Filling up the DagBag from /home/airflow/.local/lib/python3.12/site-packages/airflow/example_dags/example_branch_labels.py
[2024-07-14T01:31:50.819+0000] {processor.py:840} INFO - DAG(s) 'example_branch_labels' retrieved from /home/airflow/.local/lib/python3.12/site-packages/airflow/example_dags/example_branch_labels.py
[2024-07-14T01:31:50.870+0000] {logging_mixin.py:188} INFO - [2024-07-14T01:31:50.869+0000] {dag.py:3096} INFO - Sync 1 DAGs
[2024-07-14T01:31:50.912+0000] {logging_mixin.py:188} INFO - [2024-07-14T01:31:50.911+0000] {dag.py:3954} INFO - Setting next_dagrun for example_branch_labels to 2024-07-13 00:00:00+00:00, run_after=2024-07-14 00:00:00+00:00
[2024-07-14T01:31:50.965+0000] {processor.py:183} INFO - Processing /home/airflow/.local/lib/python3.12/site-packages/airflow/example_dags/example_branch_labels.py took 0.192 seconds
[2024-07-14T01:32:22.721+0000] {processor.py:161} INFO - Started process (PID=2379) to work on /home/airflow/.local/lib/python3.12/site-packages/airflow/example_dags/example_branch_labels.py
[2024-07-14T01:32:22.741+0000] {processor.py:830} INFO - Processing file /home/airflow/.local/lib/python3.12/site-packages/airflow/example_dags/example_branch_labels.py for tasks to queue
[2024-07-14T01:32:22.746+0000] {logging_mixin.py:188} INFO - [2024-07-14T01:32:22.745+0000] {dagbag.py:545} INFO - Filling up the DagBag from /home/airflow/.local/lib/python3.12/site-packages/airflow/example_dags/example_branch_labels.py
[2024-07-14T01:32:22.762+0000] {processor.py:840} INFO - DAG(s) 'example_branch_labels' retrieved from /home/airflow/.local/lib/python3.12/site-packages/airflow/example_dags/example_branch_labels.py
[2024-07-14T01:32:22.808+0000] {logging_mixin.py:188} INFO - [2024-07-14T01:32:22.808+0000] {dag.py:3096} INFO - Sync 1 DAGs
[2024-07-14T01:32:22.854+0000] {logging_mixin.py:188} INFO - [2024-07-14T01:32:22.854+0000] {dag.py:3954} INFO - Setting next_dagrun for example_branch_labels to 2024-07-13 00:00:00+00:00, run_after=2024-07-14 00:00:00+00:00
[2024-07-14T01:32:22.934+0000] {processor.py:183} INFO - Processing /home/airflow/.local/lib/python3.12/site-packages/airflow/example_dags/example_branch_labels.py took 0.223 seconds
[2024-07-14T01:32:53.850+0000] {processor.py:161} INFO - Started process (PID=2437) to work on /home/airflow/.local/lib/python3.12/site-packages/airflow/example_dags/example_branch_labels.py
[2024-07-14T01:32:53.860+0000] {processor.py:830} INFO - Processing file /home/airflow/.local/lib/python3.12/site-packages/airflow/example_dags/example_branch_labels.py for tasks to queue
[2024-07-14T01:32:53.861+0000] {logging_mixin.py:188} INFO - [2024-07-14T01:32:53.861+0000] {dagbag.py:545} INFO - Filling up the DagBag from /home/airflow/.local/lib/python3.12/site-packages/airflow/example_dags/example_branch_labels.py
[2024-07-14T01:32:53.874+0000] {processor.py:840} INFO - DAG(s) 'example_branch_labels' retrieved from /home/airflow/.local/lib/python3.12/site-packages/airflow/example_dags/example_branch_labels.py
[2024-07-14T01:32:53.898+0000] {logging_mixin.py:188} INFO - [2024-07-14T01:32:53.897+0000] {dag.py:3096} INFO - Sync 1 DAGs
[2024-07-14T01:32:53.949+0000] {logging_mixin.py:188} INFO - [2024-07-14T01:32:53.949+0000] {dag.py:3954} INFO - Setting next_dagrun for example_branch_labels to 2024-07-13 00:00:00+00:00, run_after=2024-07-14 00:00:00+00:00
[2024-07-14T01:32:54.014+0000] {processor.py:183} INFO - Processing /home/airflow/.local/lib/python3.12/site-packages/airflow/example_dags/example_branch_labels.py took 0.170 seconds
[2024-07-14T01:33:24.417+0000] {processor.py:161} INFO - Started process (PID=2498) to work on /home/airflow/.local/lib/python3.12/site-packages/airflow/example_dags/example_branch_labels.py
[2024-07-14T01:33:24.419+0000] {processor.py:830} INFO - Processing file /home/airflow/.local/lib/python3.12/site-packages/airflow/example_dags/example_branch_labels.py for tasks to queue
[2024-07-14T01:33:24.421+0000] {logging_mixin.py:188} INFO - [2024-07-14T01:33:24.420+0000] {dagbag.py:545} INFO - Filling up the DagBag from /home/airflow/.local/lib/python3.12/site-packages/airflow/example_dags/example_branch_labels.py
[2024-07-14T01:33:24.428+0000] {processor.py:840} INFO - DAG(s) 'example_branch_labels' retrieved from /home/airflow/.local/lib/python3.12/site-packages/airflow/example_dags/example_branch_labels.py
[2024-07-14T01:33:24.554+0000] {logging_mixin.py:188} INFO - [2024-07-14T01:33:24.554+0000] {dag.py:3096} INFO - Sync 1 DAGs
[2024-07-14T01:33:24.582+0000] {logging_mixin.py:188} INFO - [2024-07-14T01:33:24.582+0000] {dag.py:3954} INFO - Setting next_dagrun for example_branch_labels to 2024-07-13 00:00:00+00:00, run_after=2024-07-14 00:00:00+00:00
[2024-07-14T01:33:24.606+0000] {processor.py:183} INFO - Processing /home/airflow/.local/lib/python3.12/site-packages/airflow/example_dags/example_branch_labels.py took 0.194 seconds
[2024-07-14T01:33:55.398+0000] {processor.py:161} INFO - Started process (PID=2559) to work on /home/airflow/.local/lib/python3.12/site-packages/airflow/example_dags/example_branch_labels.py
[2024-07-14T01:33:55.399+0000] {processor.py:830} INFO - Processing file /home/airflow/.local/lib/python3.12/site-packages/airflow/example_dags/example_branch_labels.py for tasks to queue
[2024-07-14T01:33:55.401+0000] {logging_mixin.py:188} INFO - [2024-07-14T01:33:55.401+0000] {dagbag.py:545} INFO - Filling up the DagBag from /home/airflow/.local/lib/python3.12/site-packages/airflow/example_dags/example_branch_labels.py
[2024-07-14T01:33:55.409+0000] {processor.py:840} INFO - DAG(s) 'example_branch_labels' retrieved from /home/airflow/.local/lib/python3.12/site-packages/airflow/example_dags/example_branch_labels.py
[2024-07-14T01:33:55.433+0000] {logging_mixin.py:188} INFO - [2024-07-14T01:33:55.433+0000] {dag.py:3096} INFO - Sync 1 DAGs
[2024-07-14T01:33:55.458+0000] {logging_mixin.py:188} INFO - [2024-07-14T01:33:55.457+0000] {dag.py:3954} INFO - Setting next_dagrun for example_branch_labels to 2024-07-13 00:00:00+00:00, run_after=2024-07-14 00:00:00+00:00
[2024-07-14T01:33:55.481+0000] {processor.py:183} INFO - Processing /home/airflow/.local/lib/python3.12/site-packages/airflow/example_dags/example_branch_labels.py took 0.088 seconds
[2024-07-14T01:34:25.645+0000] {processor.py:161} INFO - Started process (PID=2621) to work on /home/airflow/.local/lib/python3.12/site-packages/airflow/example_dags/example_branch_labels.py
[2024-07-14T01:34:25.646+0000] {processor.py:830} INFO - Processing file /home/airflow/.local/lib/python3.12/site-packages/airflow/example_dags/example_branch_labels.py for tasks to queue
[2024-07-14T01:34:25.648+0000] {logging_mixin.py:188} INFO - [2024-07-14T01:34:25.648+0000] {dagbag.py:545} INFO - Filling up the DagBag from /home/airflow/.local/lib/python3.12/site-packages/airflow/example_dags/example_branch_labels.py
[2024-07-14T01:34:25.657+0000] {processor.py:840} INFO - DAG(s) 'example_branch_labels' retrieved from /home/airflow/.local/lib/python3.12/site-packages/airflow/example_dags/example_branch_labels.py
[2024-07-14T01:34:25.681+0000] {logging_mixin.py:188} INFO - [2024-07-14T01:34:25.680+0000] {dag.py:3096} INFO - Sync 1 DAGs
[2024-07-14T01:34:25.706+0000] {logging_mixin.py:188} INFO - [2024-07-14T01:34:25.706+0000] {dag.py:3954} INFO - Setting next_dagrun for example_branch_labels to 2024-07-13 00:00:00+00:00, run_after=2024-07-14 00:00:00+00:00
[2024-07-14T01:34:25.732+0000] {processor.py:183} INFO - Processing /home/airflow/.local/lib/python3.12/site-packages/airflow/example_dags/example_branch_labels.py took 0.092 seconds
[2024-07-14T01:34:56.245+0000] {processor.py:161} INFO - Started process (PID=2682) to work on /home/airflow/.local/lib/python3.12/site-packages/airflow/example_dags/example_branch_labels.py
[2024-07-14T01:34:56.246+0000] {processor.py:830} INFO - Processing file /home/airflow/.local/lib/python3.12/site-packages/airflow/example_dags/example_branch_labels.py for tasks to queue
[2024-07-14T01:34:56.248+0000] {logging_mixin.py:188} INFO - [2024-07-14T01:34:56.247+0000] {dagbag.py:545} INFO - Filling up the DagBag from /home/airflow/.local/lib/python3.12/site-packages/airflow/example_dags/example_branch_labels.py
[2024-07-14T01:34:56.259+0000] {processor.py:840} INFO - DAG(s) 'example_branch_labels' retrieved from /home/airflow/.local/lib/python3.12/site-packages/airflow/example_dags/example_branch_labels.py
[2024-07-14T01:34:56.281+0000] {logging_mixin.py:188} INFO - [2024-07-14T01:34:56.281+0000] {dag.py:3096} INFO - Sync 1 DAGs
[2024-07-14T01:34:56.309+0000] {logging_mixin.py:188} INFO - [2024-07-14T01:34:56.309+0000] {dag.py:3954} INFO - Setting next_dagrun for example_branch_labels to 2024-07-13 00:00:00+00:00, run_after=2024-07-14 00:00:00+00:00
[2024-07-14T01:34:56.337+0000] {processor.py:183} INFO - Processing /home/airflow/.local/lib/python3.12/site-packages/airflow/example_dags/example_branch_labels.py took 0.098 seconds
[2024-07-14T01:35:26.717+0000] {processor.py:161} INFO - Started process (PID=2743) to work on /home/airflow/.local/lib/python3.12/site-packages/airflow/example_dags/example_branch_labels.py
[2024-07-14T01:35:26.718+0000] {processor.py:830} INFO - Processing file /home/airflow/.local/lib/python3.12/site-packages/airflow/example_dags/example_branch_labels.py for tasks to queue
[2024-07-14T01:35:26.720+0000] {logging_mixin.py:188} INFO - [2024-07-14T01:35:26.720+0000] {dagbag.py:545} INFO - Filling up the DagBag from /home/airflow/.local/lib/python3.12/site-packages/airflow/example_dags/example_branch_labels.py
[2024-07-14T01:35:26.728+0000] {processor.py:840} INFO - DAG(s) 'example_branch_labels' retrieved from /home/airflow/.local/lib/python3.12/site-packages/airflow/example_dags/example_branch_labels.py
[2024-07-14T01:35:26.752+0000] {logging_mixin.py:188} INFO - [2024-07-14T01:35:26.751+0000] {dag.py:3096} INFO - Sync 1 DAGs
[2024-07-14T01:35:26.776+0000] {logging_mixin.py:188} INFO - [2024-07-14T01:35:26.776+0000] {dag.py:3954} INFO - Setting next_dagrun for example_branch_labels to 2024-07-13 00:00:00+00:00, run_after=2024-07-14 00:00:00+00:00
[2024-07-14T01:35:26.801+0000] {processor.py:183} INFO - Processing /home/airflow/.local/lib/python3.12/site-packages/airflow/example_dags/example_branch_labels.py took 0.089 seconds
[2024-07-14T01:35:57.244+0000] {processor.py:161} INFO - Started process (PID=2804) to work on /home/airflow/.local/lib/python3.12/site-packages/airflow/example_dags/example_branch_labels.py
[2024-07-14T01:35:57.245+0000] {processor.py:830} INFO - Processing file /home/airflow/.local/lib/python3.12/site-packages/airflow/example_dags/example_branch_labels.py for tasks to queue
[2024-07-14T01:35:57.247+0000] {logging_mixin.py:188} INFO - [2024-07-14T01:35:57.246+0000] {dagbag.py:545} INFO - Filling up the DagBag from /home/airflow/.local/lib/python3.12/site-packages/airflow/example_dags/example_branch_labels.py
[2024-07-14T01:35:57.255+0000] {processor.py:840} INFO - DAG(s) 'example_branch_labels' retrieved from /home/airflow/.local/lib/python3.12/site-packages/airflow/example_dags/example_branch_labels.py
[2024-07-14T01:35:57.277+0000] {logging_mixin.py:188} INFO - [2024-07-14T01:35:57.277+0000] {dag.py:3096} INFO - Sync 1 DAGs
[2024-07-14T01:35:57.303+0000] {logging_mixin.py:188} INFO - [2024-07-14T01:35:57.303+0000] {dag.py:3954} INFO - Setting next_dagrun for example_branch_labels to 2024-07-13 00:00:00+00:00, run_after=2024-07-14 00:00:00+00:00
[2024-07-14T01:35:57.327+0000] {processor.py:183} INFO - Processing /home/airflow/.local/lib/python3.12/site-packages/airflow/example_dags/example_branch_labels.py took 0.089 seconds
[2024-07-14T01:36:27.981+0000] {processor.py:161} INFO - Started process (PID=2865) to work on /home/airflow/.local/lib/python3.12/site-packages/airflow/example_dags/example_branch_labels.py
[2024-07-14T01:36:27.982+0000] {processor.py:830} INFO - Processing file /home/airflow/.local/lib/python3.12/site-packages/airflow/example_dags/example_branch_labels.py for tasks to queue
[2024-07-14T01:36:27.984+0000] {logging_mixin.py:188} INFO - [2024-07-14T01:36:27.983+0000] {dagbag.py:545} INFO - Filling up the DagBag from /home/airflow/.local/lib/python3.12/site-packages/airflow/example_dags/example_branch_labels.py
[2024-07-14T01:36:27.992+0000] {processor.py:840} INFO - DAG(s) 'example_branch_labels' retrieved from /home/airflow/.local/lib/python3.12/site-packages/airflow/example_dags/example_branch_labels.py
[2024-07-14T01:36:28.015+0000] {logging_mixin.py:188} INFO - [2024-07-14T01:36:28.015+0000] {dag.py:3096} INFO - Sync 1 DAGs
[2024-07-14T01:36:28.041+0000] {logging_mixin.py:188} INFO - [2024-07-14T01:36:28.040+0000] {dag.py:3954} INFO - Setting next_dagrun for example_branch_labels to 2024-07-13 00:00:00+00:00, run_after=2024-07-14 00:00:00+00:00
[2024-07-14T01:36:28.064+0000] {processor.py:183} INFO - Processing /home/airflow/.local/lib/python3.12/site-packages/airflow/example_dags/example_branch_labels.py took 0.089 seconds
[2024-07-14T01:36:58.376+0000] {processor.py:161} INFO - Started process (PID=2926) to work on /home/airflow/.local/lib/python3.12/site-packages/airflow/example_dags/example_branch_labels.py
[2024-07-14T01:36:58.377+0000] {processor.py:830} INFO - Processing file /home/airflow/.local/lib/python3.12/site-packages/airflow/example_dags/example_branch_labels.py for tasks to queue
[2024-07-14T01:36:58.378+0000] {logging_mixin.py:188} INFO - [2024-07-14T01:36:58.378+0000] {dagbag.py:545} INFO - Filling up the DagBag from /home/airflow/.local/lib/python3.12/site-packages/airflow/example_dags/example_branch_labels.py
[2024-07-14T01:36:58.387+0000] {processor.py:840} INFO - DAG(s) 'example_branch_labels' retrieved from /home/airflow/.local/lib/python3.12/site-packages/airflow/example_dags/example_branch_labels.py
[2024-07-14T01:36:58.410+0000] {logging_mixin.py:188} INFO - [2024-07-14T01:36:58.410+0000] {dag.py:3096} INFO - Sync 1 DAGs
[2024-07-14T01:36:58.435+0000] {logging_mixin.py:188} INFO - [2024-07-14T01:36:58.435+0000] {dag.py:3954} INFO - Setting next_dagrun for example_branch_labels to 2024-07-13 00:00:00+00:00, run_after=2024-07-14 00:00:00+00:00
[2024-07-14T01:36:58.461+0000] {processor.py:183} INFO - Processing /home/airflow/.local/lib/python3.12/site-packages/airflow/example_dags/example_branch_labels.py took 0.090 seconds
[2024-07-14T01:37:28.672+0000] {processor.py:161} INFO - Started process (PID=2987) to work on /home/airflow/.local/lib/python3.12/site-packages/airflow/example_dags/example_branch_labels.py
[2024-07-14T01:37:28.673+0000] {processor.py:830} INFO - Processing file /home/airflow/.local/lib/python3.12/site-packages/airflow/example_dags/example_branch_labels.py for tasks to queue
[2024-07-14T01:37:28.675+0000] {logging_mixin.py:188} INFO - [2024-07-14T01:37:28.675+0000] {dagbag.py:545} INFO - Filling up the DagBag from /home/airflow/.local/lib/python3.12/site-packages/airflow/example_dags/example_branch_labels.py
[2024-07-14T01:37:28.711+0000] {processor.py:840} INFO - DAG(s) 'example_branch_labels' retrieved from /home/airflow/.local/lib/python3.12/site-packages/airflow/example_dags/example_branch_labels.py
[2024-07-14T01:37:28.793+0000] {logging_mixin.py:188} INFO - [2024-07-14T01:37:28.793+0000] {dag.py:3096} INFO - Sync 1 DAGs
[2024-07-14T01:37:28.870+0000] {logging_mixin.py:188} INFO - [2024-07-14T01:37:28.869+0000] {dag.py:3954} INFO - Setting next_dagrun for example_branch_labels to 2024-07-13 00:00:00+00:00, run_after=2024-07-14 00:00:00+00:00
[2024-07-14T01:37:28.956+0000] {processor.py:183} INFO - Processing /home/airflow/.local/lib/python3.12/site-packages/airflow/example_dags/example_branch_labels.py took 0.301 seconds
[2024-07-14T01:37:59.714+0000] {processor.py:161} INFO - Started process (PID=3049) to work on /home/airflow/.local/lib/python3.12/site-packages/airflow/example_dags/example_branch_labels.py
[2024-07-14T01:37:59.715+0000] {processor.py:830} INFO - Processing file /home/airflow/.local/lib/python3.12/site-packages/airflow/example_dags/example_branch_labels.py for tasks to queue
[2024-07-14T01:37:59.717+0000] {logging_mixin.py:188} INFO - [2024-07-14T01:37:59.716+0000] {dagbag.py:545} INFO - Filling up the DagBag from /home/airflow/.local/lib/python3.12/site-packages/airflow/example_dags/example_branch_labels.py
[2024-07-14T01:37:59.734+0000] {processor.py:840} INFO - DAG(s) 'example_branch_labels' retrieved from /home/airflow/.local/lib/python3.12/site-packages/airflow/example_dags/example_branch_labels.py
[2024-07-14T01:37:59.755+0000] {logging_mixin.py:188} INFO - [2024-07-14T01:37:59.755+0000] {dag.py:3096} INFO - Sync 1 DAGs
[2024-07-14T01:37:59.780+0000] {logging_mixin.py:188} INFO - [2024-07-14T01:37:59.780+0000] {dag.py:3954} INFO - Setting next_dagrun for example_branch_labels to 2024-07-13 00:00:00+00:00, run_after=2024-07-14 00:00:00+00:00
[2024-07-14T01:37:59.810+0000] {processor.py:183} INFO - Processing /home/airflow/.local/lib/python3.12/site-packages/airflow/example_dags/example_branch_labels.py took 0.102 seconds
[2024-07-14T01:38:30.251+0000] {processor.py:161} INFO - Started process (PID=3111) to work on /home/airflow/.local/lib/python3.12/site-packages/airflow/example_dags/example_branch_labels.py
[2024-07-14T01:38:30.252+0000] {processor.py:830} INFO - Processing file /home/airflow/.local/lib/python3.12/site-packages/airflow/example_dags/example_branch_labels.py for tasks to queue
[2024-07-14T01:38:30.253+0000] {logging_mixin.py:188} INFO - [2024-07-14T01:38:30.253+0000] {dagbag.py:545} INFO - Filling up the DagBag from /home/airflow/.local/lib/python3.12/site-packages/airflow/example_dags/example_branch_labels.py
[2024-07-14T01:38:30.261+0000] {processor.py:840} INFO - DAG(s) 'example_branch_labels' retrieved from /home/airflow/.local/lib/python3.12/site-packages/airflow/example_dags/example_branch_labels.py
[2024-07-14T01:38:30.288+0000] {logging_mixin.py:188} INFO - [2024-07-14T01:38:30.288+0000] {dag.py:3096} INFO - Sync 1 DAGs
[2024-07-14T01:38:30.315+0000] {logging_mixin.py:188} INFO - [2024-07-14T01:38:30.315+0000] {dag.py:3954} INFO - Setting next_dagrun for example_branch_labels to 2024-07-13 00:00:00+00:00, run_after=2024-07-14 00:00:00+00:00
[2024-07-14T01:38:30.348+0000] {processor.py:183} INFO - Processing /home/airflow/.local/lib/python3.12/site-packages/airflow/example_dags/example_branch_labels.py took 0.103 seconds
[2024-07-14T01:39:00.551+0000] {processor.py:161} INFO - Started process (PID=3172) to work on /home/airflow/.local/lib/python3.12/site-packages/airflow/example_dags/example_branch_labels.py
[2024-07-14T01:39:00.561+0000] {processor.py:830} INFO - Processing file /home/airflow/.local/lib/python3.12/site-packages/airflow/example_dags/example_branch_labels.py for tasks to queue
[2024-07-14T01:39:00.564+0000] {logging_mixin.py:188} INFO - [2024-07-14T01:39:00.563+0000] {dagbag.py:545} INFO - Filling up the DagBag from /home/airflow/.local/lib/python3.12/site-packages/airflow/example_dags/example_branch_labels.py
[2024-07-14T01:39:00.579+0000] {processor.py:840} INFO - DAG(s) 'example_branch_labels' retrieved from /home/airflow/.local/lib/python3.12/site-packages/airflow/example_dags/example_branch_labels.py
[2024-07-14T01:39:00.600+0000] {logging_mixin.py:188} INFO - [2024-07-14T01:39:00.600+0000] {dag.py:3096} INFO - Sync 1 DAGs
[2024-07-14T01:39:00.624+0000] {logging_mixin.py:188} INFO - [2024-07-14T01:39:00.624+0000] {dag.py:3954} INFO - Setting next_dagrun for example_branch_labels to 2024-07-13 00:00:00+00:00, run_after=2024-07-14 00:00:00+00:00
[2024-07-14T01:39:00.655+0000] {processor.py:183} INFO - Processing /home/airflow/.local/lib/python3.12/site-packages/airflow/example_dags/example_branch_labels.py took 0.109 seconds
[2024-07-14T01:39:31.254+0000] {processor.py:161} INFO - Started process (PID=3233) to work on /home/airflow/.local/lib/python3.12/site-packages/airflow/example_dags/example_branch_labels.py
[2024-07-14T01:39:31.255+0000] {processor.py:830} INFO - Processing file /home/airflow/.local/lib/python3.12/site-packages/airflow/example_dags/example_branch_labels.py for tasks to queue
[2024-07-14T01:39:31.257+0000] {logging_mixin.py:188} INFO - [2024-07-14T01:39:31.256+0000] {dagbag.py:545} INFO - Filling up the DagBag from /home/airflow/.local/lib/python3.12/site-packages/airflow/example_dags/example_branch_labels.py
[2024-07-14T01:39:31.266+0000] {processor.py:840} INFO - DAG(s) 'example_branch_labels' retrieved from /home/airflow/.local/lib/python3.12/site-packages/airflow/example_dags/example_branch_labels.py
[2024-07-14T01:39:31.302+0000] {logging_mixin.py:188} INFO - [2024-07-14T01:39:31.302+0000] {dag.py:3096} INFO - Sync 1 DAGs
[2024-07-14T01:39:31.326+0000] {logging_mixin.py:188} INFO - [2024-07-14T01:39:31.325+0000] {dag.py:3954} INFO - Setting next_dagrun for example_branch_labels to 2024-07-13 00:00:00+00:00, run_after=2024-07-14 00:00:00+00:00
[2024-07-14T01:39:31.376+0000] {processor.py:183} INFO - Processing /home/airflow/.local/lib/python3.12/site-packages/airflow/example_dags/example_branch_labels.py took 0.128 seconds
[2024-07-14T01:40:02.379+0000] {processor.py:161} INFO - Started process (PID=3294) to work on /home/airflow/.local/lib/python3.12/site-packages/airflow/example_dags/example_branch_labels.py
[2024-07-14T01:40:02.380+0000] {processor.py:830} INFO - Processing file /home/airflow/.local/lib/python3.12/site-packages/airflow/example_dags/example_branch_labels.py for tasks to queue
[2024-07-14T01:40:02.382+0000] {logging_mixin.py:188} INFO - [2024-07-14T01:40:02.381+0000] {dagbag.py:545} INFO - Filling up the DagBag from /home/airflow/.local/lib/python3.12/site-packages/airflow/example_dags/example_branch_labels.py
[2024-07-14T01:40:02.390+0000] {processor.py:840} INFO - DAG(s) 'example_branch_labels' retrieved from /home/airflow/.local/lib/python3.12/site-packages/airflow/example_dags/example_branch_labels.py
[2024-07-14T01:40:02.414+0000] {logging_mixin.py:188} INFO - [2024-07-14T01:40:02.413+0000] {dag.py:3096} INFO - Sync 1 DAGs
[2024-07-14T01:40:02.444+0000] {logging_mixin.py:188} INFO - [2024-07-14T01:40:02.444+0000] {dag.py:3954} INFO - Setting next_dagrun for example_branch_labels to 2024-07-13 00:00:00+00:00, run_after=2024-07-14 00:00:00+00:00
[2024-07-14T01:40:02.473+0000] {processor.py:183} INFO - Processing /home/airflow/.local/lib/python3.12/site-packages/airflow/example_dags/example_branch_labels.py took 0.100 seconds
[2024-07-14T01:40:32.531+0000] {processor.py:161} INFO - Started process (PID=3352) to work on /home/airflow/.local/lib/python3.12/site-packages/airflow/example_dags/example_branch_labels.py
[2024-07-14T01:40:32.531+0000] {processor.py:830} INFO - Processing file /home/airflow/.local/lib/python3.12/site-packages/airflow/example_dags/example_branch_labels.py for tasks to queue
[2024-07-14T01:40:32.532+0000] {logging_mixin.py:188} INFO - [2024-07-14T01:40:32.532+0000] {dagbag.py:545} INFO - Filling up the DagBag from /home/airflow/.local/lib/python3.12/site-packages/airflow/example_dags/example_branch_labels.py
[2024-07-14T01:40:32.538+0000] {processor.py:840} INFO - DAG(s) 'example_branch_labels' retrieved from /home/airflow/.local/lib/python3.12/site-packages/airflow/example_dags/example_branch_labels.py
[2024-07-14T01:40:32.554+0000] {logging_mixin.py:188} INFO - [2024-07-14T01:40:32.554+0000] {dag.py:3096} INFO - Sync 1 DAGs
[2024-07-14T01:40:32.572+0000] {logging_mixin.py:188} INFO - [2024-07-14T01:40:32.572+0000] {dag.py:3954} INFO - Setting next_dagrun for example_branch_labels to 2024-07-13 00:00:00+00:00, run_after=2024-07-14 00:00:00+00:00
[2024-07-14T01:40:32.594+0000] {processor.py:183} INFO - Processing /home/airflow/.local/lib/python3.12/site-packages/airflow/example_dags/example_branch_labels.py took 0.068 seconds
[2024-07-14T01:41:02.955+0000] {processor.py:161} INFO - Started process (PID=3413) to work on /home/airflow/.local/lib/python3.12/site-packages/airflow/example_dags/example_branch_labels.py
[2024-07-14T01:41:02.956+0000] {processor.py:830} INFO - Processing file /home/airflow/.local/lib/python3.12/site-packages/airflow/example_dags/example_branch_labels.py for tasks to queue
[2024-07-14T01:41:02.958+0000] {logging_mixin.py:188} INFO - [2024-07-14T01:41:02.958+0000] {dagbag.py:545} INFO - Filling up the DagBag from /home/airflow/.local/lib/python3.12/site-packages/airflow/example_dags/example_branch_labels.py
[2024-07-14T01:41:02.967+0000] {processor.py:840} INFO - DAG(s) 'example_branch_labels' retrieved from /home/airflow/.local/lib/python3.12/site-packages/airflow/example_dags/example_branch_labels.py
[2024-07-14T01:41:03.017+0000] {logging_mixin.py:188} INFO - [2024-07-14T01:41:03.017+0000] {dag.py:3096} INFO - Sync 1 DAGs
[2024-07-14T01:41:03.074+0000] {logging_mixin.py:188} INFO - [2024-07-14T01:41:03.074+0000] {dag.py:3954} INFO - Setting next_dagrun for example_branch_labels to 2024-07-13 00:00:00+00:00, run_after=2024-07-14 00:00:00+00:00
[2024-07-14T01:41:03.118+0000] {processor.py:183} INFO - Processing /home/airflow/.local/lib/python3.12/site-packages/airflow/example_dags/example_branch_labels.py took 0.169 seconds
[2024-07-14T01:41:33.792+0000] {processor.py:161} INFO - Started process (PID=3475) to work on /home/airflow/.local/lib/python3.12/site-packages/airflow/example_dags/example_branch_labels.py
[2024-07-14T01:41:33.793+0000] {processor.py:830} INFO - Processing file /home/airflow/.local/lib/python3.12/site-packages/airflow/example_dags/example_branch_labels.py for tasks to queue
[2024-07-14T01:41:33.795+0000] {logging_mixin.py:188} INFO - [2024-07-14T01:41:33.795+0000] {dagbag.py:545} INFO - Filling up the DagBag from /home/airflow/.local/lib/python3.12/site-packages/airflow/example_dags/example_branch_labels.py
[2024-07-14T01:41:33.804+0000] {processor.py:840} INFO - DAG(s) 'example_branch_labels' retrieved from /home/airflow/.local/lib/python3.12/site-packages/airflow/example_dags/example_branch_labels.py
[2024-07-14T01:41:33.828+0000] {logging_mixin.py:188} INFO - [2024-07-14T01:41:33.828+0000] {dag.py:3096} INFO - Sync 1 DAGs
[2024-07-14T01:41:33.853+0000] {logging_mixin.py:188} INFO - [2024-07-14T01:41:33.853+0000] {dag.py:3954} INFO - Setting next_dagrun for example_branch_labels to 2024-07-13 00:00:00+00:00, run_after=2024-07-14 00:00:00+00:00
[2024-07-14T01:41:33.879+0000] {processor.py:183} INFO - Processing /home/airflow/.local/lib/python3.12/site-packages/airflow/example_dags/example_branch_labels.py took 0.093 seconds
[2024-07-14T01:42:04.025+0000] {processor.py:161} INFO - Started process (PID=3537) to work on /home/airflow/.local/lib/python3.12/site-packages/airflow/example_dags/example_branch_labels.py
[2024-07-14T01:42:04.036+0000] {processor.py:830} INFO - Processing file /home/airflow/.local/lib/python3.12/site-packages/airflow/example_dags/example_branch_labels.py for tasks to queue
[2024-07-14T01:42:04.039+0000] {logging_mixin.py:188} INFO - [2024-07-14T01:42:04.039+0000] {dagbag.py:545} INFO - Filling up the DagBag from /home/airflow/.local/lib/python3.12/site-packages/airflow/example_dags/example_branch_labels.py
[2024-07-14T01:42:04.083+0000] {processor.py:840} INFO - DAG(s) 'example_branch_labels' retrieved from /home/airflow/.local/lib/python3.12/site-packages/airflow/example_dags/example_branch_labels.py
[2024-07-14T01:42:04.131+0000] {logging_mixin.py:188} INFO - [2024-07-14T01:42:04.131+0000] {dag.py:3096} INFO - Sync 1 DAGs
[2024-07-14T01:42:04.178+0000] {logging_mixin.py:188} INFO - [2024-07-14T01:42:04.178+0000] {dag.py:3954} INFO - Setting next_dagrun for example_branch_labels to 2024-07-13 00:00:00+00:00, run_after=2024-07-14 00:00:00+00:00
[2024-07-14T01:42:04.218+0000] {processor.py:183} INFO - Processing /home/airflow/.local/lib/python3.12/site-packages/airflow/example_dags/example_branch_labels.py took 0.199 seconds
[2024-07-14T01:42:34.682+0000] {processor.py:161} INFO - Started process (PID=3598) to work on /home/airflow/.local/lib/python3.12/site-packages/airflow/example_dags/example_branch_labels.py
[2024-07-14T01:42:34.695+0000] {processor.py:830} INFO - Processing file /home/airflow/.local/lib/python3.12/site-packages/airflow/example_dags/example_branch_labels.py for tasks to queue
[2024-07-14T01:42:34.701+0000] {logging_mixin.py:188} INFO - [2024-07-14T01:42:34.700+0000] {dagbag.py:545} INFO - Filling up the DagBag from /home/airflow/.local/lib/python3.12/site-packages/airflow/example_dags/example_branch_labels.py
[2024-07-14T01:42:34.735+0000] {processor.py:840} INFO - DAG(s) 'example_branch_labels' retrieved from /home/airflow/.local/lib/python3.12/site-packages/airflow/example_dags/example_branch_labels.py
[2024-07-14T01:42:34.836+0000] {logging_mixin.py:188} INFO - [2024-07-14T01:42:34.836+0000] {dag.py:3096} INFO - Sync 1 DAGs
[2024-07-14T01:42:34.964+0000] {logging_mixin.py:188} INFO - [2024-07-14T01:42:34.964+0000] {dag.py:3954} INFO - Setting next_dagrun for example_branch_labels to 2024-07-13 00:00:00+00:00, run_after=2024-07-14 00:00:00+00:00
[2024-07-14T01:42:35.064+0000] {processor.py:183} INFO - Processing /home/airflow/.local/lib/python3.12/site-packages/airflow/example_dags/example_branch_labels.py took 0.388 seconds
[2024-07-14T01:43:05.410+0000] {processor.py:161} INFO - Started process (PID=3659) to work on /home/airflow/.local/lib/python3.12/site-packages/airflow/example_dags/example_branch_labels.py
[2024-07-14T01:43:05.411+0000] {processor.py:830} INFO - Processing file /home/airflow/.local/lib/python3.12/site-packages/airflow/example_dags/example_branch_labels.py for tasks to queue
[2024-07-14T01:43:05.412+0000] {logging_mixin.py:188} INFO - [2024-07-14T01:43:05.412+0000] {dagbag.py:545} INFO - Filling up the DagBag from /home/airflow/.local/lib/python3.12/site-packages/airflow/example_dags/example_branch_labels.py
[2024-07-14T01:43:05.420+0000] {processor.py:840} INFO - DAG(s) 'example_branch_labels' retrieved from /home/airflow/.local/lib/python3.12/site-packages/airflow/example_dags/example_branch_labels.py
[2024-07-14T01:43:05.443+0000] {logging_mixin.py:188} INFO - [2024-07-14T01:43:05.443+0000] {dag.py:3096} INFO - Sync 1 DAGs
[2024-07-14T01:43:05.481+0000] {logging_mixin.py:188} INFO - [2024-07-14T01:43:05.480+0000] {dag.py:3954} INFO - Setting next_dagrun for example_branch_labels to 2024-07-13 00:00:00+00:00, run_after=2024-07-14 00:00:00+00:00
[2024-07-14T01:43:05.521+0000] {processor.py:183} INFO - Processing /home/airflow/.local/lib/python3.12/site-packages/airflow/example_dags/example_branch_labels.py took 0.117 seconds
[2024-07-14T01:43:35.743+0000] {processor.py:161} INFO - Started process (PID=3721) to work on /home/airflow/.local/lib/python3.12/site-packages/airflow/example_dags/example_branch_labels.py
[2024-07-14T01:43:35.744+0000] {processor.py:830} INFO - Processing file /home/airflow/.local/lib/python3.12/site-packages/airflow/example_dags/example_branch_labels.py for tasks to queue
[2024-07-14T01:43:35.746+0000] {logging_mixin.py:188} INFO - [2024-07-14T01:43:35.745+0000] {dagbag.py:545} INFO - Filling up the DagBag from /home/airflow/.local/lib/python3.12/site-packages/airflow/example_dags/example_branch_labels.py
[2024-07-14T01:43:35.754+0000] {processor.py:840} INFO - DAG(s) 'example_branch_labels' retrieved from /home/airflow/.local/lib/python3.12/site-packages/airflow/example_dags/example_branch_labels.py
[2024-07-14T01:43:35.778+0000] {logging_mixin.py:188} INFO - [2024-07-14T01:43:35.778+0000] {dag.py:3096} INFO - Sync 1 DAGs
[2024-07-14T01:43:35.802+0000] {logging_mixin.py:188} INFO - [2024-07-14T01:43:35.802+0000] {dag.py:3954} INFO - Setting next_dagrun for example_branch_labels to 2024-07-13 00:00:00+00:00, run_after=2024-07-14 00:00:00+00:00
[2024-07-14T01:43:35.835+0000] {processor.py:183} INFO - Processing /home/airflow/.local/lib/python3.12/site-packages/airflow/example_dags/example_branch_labels.py took 0.098 seconds
[2024-07-14T01:44:05.927+0000] {processor.py:161} INFO - Started process (PID=3783) to work on /home/airflow/.local/lib/python3.12/site-packages/airflow/example_dags/example_branch_labels.py
[2024-07-14T01:44:05.929+0000] {processor.py:830} INFO - Processing file /home/airflow/.local/lib/python3.12/site-packages/airflow/example_dags/example_branch_labels.py for tasks to queue
[2024-07-14T01:44:05.932+0000] {logging_mixin.py:188} INFO - [2024-07-14T01:44:05.931+0000] {dagbag.py:545} INFO - Filling up the DagBag from /home/airflow/.local/lib/python3.12/site-packages/airflow/example_dags/example_branch_labels.py
[2024-07-14T01:44:05.942+0000] {processor.py:840} INFO - DAG(s) 'example_branch_labels' retrieved from /home/airflow/.local/lib/python3.12/site-packages/airflow/example_dags/example_branch_labels.py
[2024-07-14T01:44:05.973+0000] {logging_mixin.py:188} INFO - [2024-07-14T01:44:05.972+0000] {dag.py:3096} INFO - Sync 1 DAGs
[2024-07-14T01:44:05.998+0000] {logging_mixin.py:188} INFO - [2024-07-14T01:44:05.998+0000] {dag.py:3954} INFO - Setting next_dagrun for example_branch_labels to 2024-07-13 00:00:00+00:00, run_after=2024-07-14 00:00:00+00:00
[2024-07-14T01:44:06.024+0000] {processor.py:183} INFO - Processing /home/airflow/.local/lib/python3.12/site-packages/airflow/example_dags/example_branch_labels.py took 0.122 seconds
[2024-07-14T01:44:36.114+0000] {processor.py:161} INFO - Started process (PID=3842) to work on /home/airflow/.local/lib/python3.12/site-packages/airflow/example_dags/example_branch_labels.py
[2024-07-14T01:44:36.116+0000] {processor.py:830} INFO - Processing file /home/airflow/.local/lib/python3.12/site-packages/airflow/example_dags/example_branch_labels.py for tasks to queue
[2024-07-14T01:44:36.117+0000] {logging_mixin.py:188} INFO - [2024-07-14T01:44:36.117+0000] {dagbag.py:545} INFO - Filling up the DagBag from /home/airflow/.local/lib/python3.12/site-packages/airflow/example_dags/example_branch_labels.py
[2024-07-14T01:44:36.126+0000] {processor.py:840} INFO - DAG(s) 'example_branch_labels' retrieved from /home/airflow/.local/lib/python3.12/site-packages/airflow/example_dags/example_branch_labels.py
[2024-07-14T01:44:36.148+0000] {logging_mixin.py:188} INFO - [2024-07-14T01:44:36.147+0000] {dag.py:3096} INFO - Sync 1 DAGs
[2024-07-14T01:44:36.170+0000] {logging_mixin.py:188} INFO - [2024-07-14T01:44:36.170+0000] {dag.py:3954} INFO - Setting next_dagrun for example_branch_labels to 2024-07-13 00:00:00+00:00, run_after=2024-07-14 00:00:00+00:00
[2024-07-14T01:44:36.192+0000] {processor.py:183} INFO - Processing /home/airflow/.local/lib/python3.12/site-packages/airflow/example_dags/example_branch_labels.py took 0.084 seconds
[2024-07-14T01:45:06.723+0000] {processor.py:161} INFO - Started process (PID=3903) to work on /home/airflow/.local/lib/python3.12/site-packages/airflow/example_dags/example_branch_labels.py
[2024-07-14T01:45:06.724+0000] {processor.py:830} INFO - Processing file /home/airflow/.local/lib/python3.12/site-packages/airflow/example_dags/example_branch_labels.py for tasks to queue
[2024-07-14T01:45:06.726+0000] {logging_mixin.py:188} INFO - [2024-07-14T01:45:06.726+0000] {dagbag.py:545} INFO - Filling up the DagBag from /home/airflow/.local/lib/python3.12/site-packages/airflow/example_dags/example_branch_labels.py
[2024-07-14T01:45:06.734+0000] {processor.py:840} INFO - DAG(s) 'example_branch_labels' retrieved from /home/airflow/.local/lib/python3.12/site-packages/airflow/example_dags/example_branch_labels.py
[2024-07-14T01:45:06.758+0000] {logging_mixin.py:188} INFO - [2024-07-14T01:45:06.758+0000] {dag.py:3096} INFO - Sync 1 DAGs
[2024-07-14T01:45:06.783+0000] {logging_mixin.py:188} INFO - [2024-07-14T01:45:06.783+0000] {dag.py:3954} INFO - Setting next_dagrun for example_branch_labels to 2024-07-13 00:00:00+00:00, run_after=2024-07-14 00:00:00+00:00
[2024-07-14T01:45:06.810+0000] {processor.py:183} INFO - Processing /home/airflow/.local/lib/python3.12/site-packages/airflow/example_dags/example_branch_labels.py took 0.094 seconds
[2024-07-14T01:47:25.529+0000] {processor.py:161} INFO - Started process (PID=64) to work on /home/airflow/.local/lib/python3.12/site-packages/airflow/example_dags/example_branch_labels.py
[2024-07-14T01:47:25.530+0000] {processor.py:830} INFO - Processing file /home/airflow/.local/lib/python3.12/site-packages/airflow/example_dags/example_branch_labels.py for tasks to queue
[2024-07-14T01:47:25.532+0000] {logging_mixin.py:188} INFO - [2024-07-14T01:47:25.531+0000] {dagbag.py:545} INFO - Filling up the DagBag from /home/airflow/.local/lib/python3.12/site-packages/airflow/example_dags/example_branch_labels.py
[2024-07-14T01:47:25.540+0000] {processor.py:840} INFO - DAG(s) 'example_branch_labels' retrieved from /home/airflow/.local/lib/python3.12/site-packages/airflow/example_dags/example_branch_labels.py
[2024-07-14T01:47:25.658+0000] {logging_mixin.py:188} INFO - [2024-07-14T01:47:25.658+0000] {dag.py:3096} INFO - Sync 1 DAGs
[2024-07-14T01:47:25.684+0000] {logging_mixin.py:188} INFO - [2024-07-14T01:47:25.684+0000] {dag.py:3954} INFO - Setting next_dagrun for example_branch_labels to 2024-07-13 00:00:00+00:00, run_after=2024-07-14 00:00:00+00:00
[2024-07-14T01:47:25.713+0000] {processor.py:183} INFO - Processing /home/airflow/.local/lib/python3.12/site-packages/airflow/example_dags/example_branch_labels.py took 0.189 seconds
[2024-07-14T01:47:56.178+0000] {processor.py:161} INFO - Started process (PID=125) to work on /home/airflow/.local/lib/python3.12/site-packages/airflow/example_dags/example_branch_labels.py
[2024-07-14T01:47:56.179+0000] {processor.py:830} INFO - Processing file /home/airflow/.local/lib/python3.12/site-packages/airflow/example_dags/example_branch_labels.py for tasks to queue
[2024-07-14T01:47:56.180+0000] {logging_mixin.py:188} INFO - [2024-07-14T01:47:56.180+0000] {dagbag.py:545} INFO - Filling up the DagBag from /home/airflow/.local/lib/python3.12/site-packages/airflow/example_dags/example_branch_labels.py
[2024-07-14T01:47:56.189+0000] {processor.py:840} INFO - DAG(s) 'example_branch_labels' retrieved from /home/airflow/.local/lib/python3.12/site-packages/airflow/example_dags/example_branch_labels.py
[2024-07-14T01:47:56.211+0000] {logging_mixin.py:188} INFO - [2024-07-14T01:47:56.211+0000] {dag.py:3096} INFO - Sync 1 DAGs
[2024-07-14T01:47:56.243+0000] {logging_mixin.py:188} INFO - [2024-07-14T01:47:56.243+0000] {dag.py:3954} INFO - Setting next_dagrun for example_branch_labels to 2024-07-13 00:00:00+00:00, run_after=2024-07-14 00:00:00+00:00
[2024-07-14T01:47:56.271+0000] {processor.py:183} INFO - Processing /home/airflow/.local/lib/python3.12/site-packages/airflow/example_dags/example_branch_labels.py took 0.099 seconds
[2024-07-14T01:48:28.296+0000] {processor.py:161} INFO - Started process (PID=187) to work on /home/airflow/.local/lib/python3.12/site-packages/airflow/example_dags/example_branch_labels.py
[2024-07-14T01:48:28.297+0000] {processor.py:830} INFO - Processing file /home/airflow/.local/lib/python3.12/site-packages/airflow/example_dags/example_branch_labels.py for tasks to queue
[2024-07-14T01:48:28.299+0000] {logging_mixin.py:188} INFO - [2024-07-14T01:48:28.298+0000] {dagbag.py:545} INFO - Filling up the DagBag from /home/airflow/.local/lib/python3.12/site-packages/airflow/example_dags/example_branch_labels.py
[2024-07-14T01:48:28.307+0000] {processor.py:840} INFO - DAG(s) 'example_branch_labels' retrieved from /home/airflow/.local/lib/python3.12/site-packages/airflow/example_dags/example_branch_labels.py
[2024-07-14T01:48:28.332+0000] {logging_mixin.py:188} INFO - [2024-07-14T01:48:28.332+0000] {dag.py:3096} INFO - Sync 1 DAGs
[2024-07-14T01:48:28.365+0000] {logging_mixin.py:188} INFO - [2024-07-14T01:48:28.365+0000] {dag.py:3954} INFO - Setting next_dagrun for example_branch_labels to 2024-07-13 00:00:00+00:00, run_after=2024-07-14 00:00:00+00:00
[2024-07-14T01:48:28.391+0000] {processor.py:183} INFO - Processing /home/airflow/.local/lib/python3.12/site-packages/airflow/example_dags/example_branch_labels.py took 0.102 seconds
[2024-07-14T01:48:58.987+0000] {processor.py:161} INFO - Started process (PID=246) to work on /home/airflow/.local/lib/python3.12/site-packages/airflow/example_dags/example_branch_labels.py
[2024-07-14T01:48:59.002+0000] {processor.py:830} INFO - Processing file /home/airflow/.local/lib/python3.12/site-packages/airflow/example_dags/example_branch_labels.py for tasks to queue
[2024-07-14T01:48:59.016+0000] {logging_mixin.py:188} INFO - [2024-07-14T01:48:59.015+0000] {dagbag.py:545} INFO - Filling up the DagBag from /home/airflow/.local/lib/python3.12/site-packages/airflow/example_dags/example_branch_labels.py
[2024-07-14T01:48:59.033+0000] {processor.py:840} INFO - DAG(s) 'example_branch_labels' retrieved from /home/airflow/.local/lib/python3.12/site-packages/airflow/example_dags/example_branch_labels.py
[2024-07-14T01:48:59.083+0000] {logging_mixin.py:188} INFO - [2024-07-14T01:48:59.082+0000] {dag.py:3096} INFO - Sync 1 DAGs
[2024-07-14T01:48:59.250+0000] {logging_mixin.py:188} INFO - [2024-07-14T01:48:59.250+0000] {dag.py:3954} INFO - Setting next_dagrun for example_branch_labels to 2024-07-13 00:00:00+00:00, run_after=2024-07-14 00:00:00+00:00
[2024-07-14T01:48:59.304+0000] {processor.py:183} INFO - Processing /home/airflow/.local/lib/python3.12/site-packages/airflow/example_dags/example_branch_labels.py took 0.372 seconds
[2024-07-14T01:49:29.697+0000] {processor.py:161} INFO - Started process (PID=307) to work on /home/airflow/.local/lib/python3.12/site-packages/airflow/example_dags/example_branch_labels.py
[2024-07-14T01:49:29.706+0000] {processor.py:830} INFO - Processing file /home/airflow/.local/lib/python3.12/site-packages/airflow/example_dags/example_branch_labels.py for tasks to queue
[2024-07-14T01:49:29.714+0000] {logging_mixin.py:188} INFO - [2024-07-14T01:49:29.713+0000] {dagbag.py:545} INFO - Filling up the DagBag from /home/airflow/.local/lib/python3.12/site-packages/airflow/example_dags/example_branch_labels.py
[2024-07-14T01:49:29.722+0000] {processor.py:840} INFO - DAG(s) 'example_branch_labels' retrieved from /home/airflow/.local/lib/python3.12/site-packages/airflow/example_dags/example_branch_labels.py
[2024-07-14T01:49:29.745+0000] {logging_mixin.py:188} INFO - [2024-07-14T01:49:29.745+0000] {dag.py:3096} INFO - Sync 1 DAGs
[2024-07-14T01:49:29.770+0000] {logging_mixin.py:188} INFO - [2024-07-14T01:49:29.770+0000] {dag.py:3954} INFO - Setting next_dagrun for example_branch_labels to 2024-07-13 00:00:00+00:00, run_after=2024-07-14 00:00:00+00:00
[2024-07-14T01:49:29.798+0000] {processor.py:183} INFO - Processing /home/airflow/.local/lib/python3.12/site-packages/airflow/example_dags/example_branch_labels.py took 0.121 seconds
[2024-07-14T01:50:00.691+0000] {processor.py:161} INFO - Started process (PID=369) to work on /home/airflow/.local/lib/python3.12/site-packages/airflow/example_dags/example_branch_labels.py
[2024-07-14T01:50:00.692+0000] {processor.py:830} INFO - Processing file /home/airflow/.local/lib/python3.12/site-packages/airflow/example_dags/example_branch_labels.py for tasks to queue
[2024-07-14T01:50:00.694+0000] {logging_mixin.py:188} INFO - [2024-07-14T01:50:00.693+0000] {dagbag.py:545} INFO - Filling up the DagBag from /home/airflow/.local/lib/python3.12/site-packages/airflow/example_dags/example_branch_labels.py
[2024-07-14T01:50:00.702+0000] {processor.py:840} INFO - DAG(s) 'example_branch_labels' retrieved from /home/airflow/.local/lib/python3.12/site-packages/airflow/example_dags/example_branch_labels.py
[2024-07-14T01:50:00.724+0000] {logging_mixin.py:188} INFO - [2024-07-14T01:50:00.724+0000] {dag.py:3096} INFO - Sync 1 DAGs
[2024-07-14T01:50:00.749+0000] {logging_mixin.py:188} INFO - [2024-07-14T01:50:00.749+0000] {dag.py:3954} INFO - Setting next_dagrun for example_branch_labels to 2024-07-13 00:00:00+00:00, run_after=2024-07-14 00:00:00+00:00
[2024-07-14T01:50:00.772+0000] {processor.py:183} INFO - Processing /home/airflow/.local/lib/python3.12/site-packages/airflow/example_dags/example_branch_labels.py took 0.088 seconds
[2024-07-14T01:50:30.963+0000] {processor.py:161} INFO - Started process (PID=430) to work on /home/airflow/.local/lib/python3.12/site-packages/airflow/example_dags/example_branch_labels.py
[2024-07-14T01:50:30.964+0000] {processor.py:830} INFO - Processing file /home/airflow/.local/lib/python3.12/site-packages/airflow/example_dags/example_branch_labels.py for tasks to queue
[2024-07-14T01:50:30.966+0000] {logging_mixin.py:188} INFO - [2024-07-14T01:50:30.965+0000] {dagbag.py:545} INFO - Filling up the DagBag from /home/airflow/.local/lib/python3.12/site-packages/airflow/example_dags/example_branch_labels.py
[2024-07-14T01:50:30.974+0000] {processor.py:840} INFO - DAG(s) 'example_branch_labels' retrieved from /home/airflow/.local/lib/python3.12/site-packages/airflow/example_dags/example_branch_labels.py
[2024-07-14T01:50:31.029+0000] {logging_mixin.py:188} INFO - [2024-07-14T01:50:31.029+0000] {dag.py:3096} INFO - Sync 1 DAGs
[2024-07-14T01:50:31.052+0000] {logging_mixin.py:188} INFO - [2024-07-14T01:50:31.052+0000] {dag.py:3954} INFO - Setting next_dagrun for example_branch_labels to 2024-07-13 00:00:00+00:00, run_after=2024-07-14 00:00:00+00:00
[2024-07-14T01:50:31.075+0000] {processor.py:183} INFO - Processing /home/airflow/.local/lib/python3.12/site-packages/airflow/example_dags/example_branch_labels.py took 0.130 seconds
[2024-07-14T01:51:01.460+0000] {processor.py:161} INFO - Started process (PID=491) to work on /home/airflow/.local/lib/python3.12/site-packages/airflow/example_dags/example_branch_labels.py
[2024-07-14T01:51:01.463+0000] {processor.py:830} INFO - Processing file /home/airflow/.local/lib/python3.12/site-packages/airflow/example_dags/example_branch_labels.py for tasks to queue
[2024-07-14T01:51:01.464+0000] {logging_mixin.py:188} INFO - [2024-07-14T01:51:01.464+0000] {dagbag.py:545} INFO - Filling up the DagBag from /home/airflow/.local/lib/python3.12/site-packages/airflow/example_dags/example_branch_labels.py
[2024-07-14T01:51:01.473+0000] {processor.py:840} INFO - DAG(s) 'example_branch_labels' retrieved from /home/airflow/.local/lib/python3.12/site-packages/airflow/example_dags/example_branch_labels.py
[2024-07-14T01:51:01.532+0000] {logging_mixin.py:188} INFO - [2024-07-14T01:51:01.531+0000] {dag.py:3096} INFO - Sync 1 DAGs
[2024-07-14T01:51:01.589+0000] {logging_mixin.py:188} INFO - [2024-07-14T01:51:01.588+0000] {dag.py:3954} INFO - Setting next_dagrun for example_branch_labels to 2024-07-13 00:00:00+00:00, run_after=2024-07-14 00:00:00+00:00
[2024-07-14T01:51:01.633+0000] {processor.py:183} INFO - Processing /home/airflow/.local/lib/python3.12/site-packages/airflow/example_dags/example_branch_labels.py took 0.190 seconds
[2024-07-14T01:51:31.701+0000] {processor.py:161} INFO - Started process (PID=552) to work on /home/airflow/.local/lib/python3.12/site-packages/airflow/example_dags/example_branch_labels.py
[2024-07-14T01:51:31.701+0000] {processor.py:830} INFO - Processing file /home/airflow/.local/lib/python3.12/site-packages/airflow/example_dags/example_branch_labels.py for tasks to queue
[2024-07-14T01:51:31.703+0000] {logging_mixin.py:188} INFO - [2024-07-14T01:51:31.703+0000] {dagbag.py:545} INFO - Filling up the DagBag from /home/airflow/.local/lib/python3.12/site-packages/airflow/example_dags/example_branch_labels.py
[2024-07-14T01:51:31.712+0000] {processor.py:840} INFO - DAG(s) 'example_branch_labels' retrieved from /home/airflow/.local/lib/python3.12/site-packages/airflow/example_dags/example_branch_labels.py
[2024-07-14T01:51:31.735+0000] {logging_mixin.py:188} INFO - [2024-07-14T01:51:31.735+0000] {dag.py:3096} INFO - Sync 1 DAGs
[2024-07-14T01:51:31.759+0000] {logging_mixin.py:188} INFO - [2024-07-14T01:51:31.758+0000] {dag.py:3954} INFO - Setting next_dagrun for example_branch_labels to 2024-07-13 00:00:00+00:00, run_after=2024-07-14 00:00:00+00:00
[2024-07-14T01:51:31.788+0000] {processor.py:183} INFO - Processing /home/airflow/.local/lib/python3.12/site-packages/airflow/example_dags/example_branch_labels.py took 0.093 seconds
[2024-07-14T01:52:01.884+0000] {processor.py:161} INFO - Started process (PID=613) to work on /home/airflow/.local/lib/python3.12/site-packages/airflow/example_dags/example_branch_labels.py
[2024-07-14T01:52:01.885+0000] {processor.py:830} INFO - Processing file /home/airflow/.local/lib/python3.12/site-packages/airflow/example_dags/example_branch_labels.py for tasks to queue
[2024-07-14T01:52:01.888+0000] {logging_mixin.py:188} INFO - [2024-07-14T01:52:01.888+0000] {dagbag.py:545} INFO - Filling up the DagBag from /home/airflow/.local/lib/python3.12/site-packages/airflow/example_dags/example_branch_labels.py
[2024-07-14T01:52:01.897+0000] {processor.py:840} INFO - DAG(s) 'example_branch_labels' retrieved from /home/airflow/.local/lib/python3.12/site-packages/airflow/example_dags/example_branch_labels.py
[2024-07-14T01:52:01.920+0000] {logging_mixin.py:188} INFO - [2024-07-14T01:52:01.920+0000] {dag.py:3096} INFO - Sync 1 DAGs
[2024-07-14T01:52:01.944+0000] {logging_mixin.py:188} INFO - [2024-07-14T01:52:01.944+0000] {dag.py:3954} INFO - Setting next_dagrun for example_branch_labels to 2024-07-13 00:00:00+00:00, run_after=2024-07-14 00:00:00+00:00
[2024-07-14T01:52:01.967+0000] {processor.py:183} INFO - Processing /home/airflow/.local/lib/python3.12/site-packages/airflow/example_dags/example_branch_labels.py took 0.089 seconds
