[2024-07-14T01:13:01.792+0000] {processor.py:161} INFO - Started process (PID=80) to work on /home/airflow/.local/lib/python3.12/site-packages/airflow/example_dags/example_task_group.py
[2024-07-14T01:13:01.793+0000] {processor.py:830} INFO - Processing file /home/airflow/.local/lib/python3.12/site-packages/airflow/example_dags/example_task_group.py for tasks to queue
[2024-07-14T01:13:01.794+0000] {logging_mixin.py:188} INFO - [2024-07-14T01:13:01.794+0000] {dagbag.py:545} INFO - Filling up the DagBag from /home/airflow/.local/lib/python3.12/site-packages/airflow/example_dags/example_task_group.py
[2024-07-14T01:13:01.799+0000] {processor.py:840} INFO - DAG(s) 'example_task_group' retrieved from /home/airflow/.local/lib/python3.12/site-packages/airflow/example_dags/example_task_group.py
[2024-07-14T01:13:01.816+0000] {logging_mixin.py:188} INFO - [2024-07-14T01:13:01.815+0000] {dag.py:3096} INFO - Sync 1 DAGs
[2024-07-14T01:13:01.832+0000] {logging_mixin.py:188} INFO - [2024-07-14T01:13:01.832+0000] {dag.py:3954} INFO - Setting next_dagrun for example_task_group to 2024-07-13 00:00:00+00:00, run_after=2024-07-14 00:00:00+00:00
[2024-07-14T01:13:01.857+0000] {processor.py:183} INFO - Processing /home/airflow/.local/lib/python3.12/site-packages/airflow/example_dags/example_task_group.py took 0.069 seconds
[2024-07-14T01:13:32.258+0000] {processor.py:161} INFO - Started process (PID=141) to work on /home/airflow/.local/lib/python3.12/site-packages/airflow/example_dags/example_task_group.py
[2024-07-14T01:13:32.259+0000] {processor.py:830} INFO - Processing file /home/airflow/.local/lib/python3.12/site-packages/airflow/example_dags/example_task_group.py for tasks to queue
[2024-07-14T01:13:32.261+0000] {logging_mixin.py:188} INFO - [2024-07-14T01:13:32.260+0000] {dagbag.py:545} INFO - Filling up the DagBag from /home/airflow/.local/lib/python3.12/site-packages/airflow/example_dags/example_task_group.py
[2024-07-14T01:13:32.268+0000] {processor.py:840} INFO - DAG(s) 'example_task_group' retrieved from /home/airflow/.local/lib/python3.12/site-packages/airflow/example_dags/example_task_group.py
[2024-07-14T01:13:32.291+0000] {logging_mixin.py:188} INFO - [2024-07-14T01:13:32.290+0000] {dag.py:3096} INFO - Sync 1 DAGs
[2024-07-14T01:13:32.314+0000] {logging_mixin.py:188} INFO - [2024-07-14T01:13:32.314+0000] {dag.py:3954} INFO - Setting next_dagrun for example_task_group to 2024-07-13 00:00:00+00:00, run_after=2024-07-14 00:00:00+00:00
[2024-07-14T01:13:32.341+0000] {processor.py:183} INFO - Processing /home/airflow/.local/lib/python3.12/site-packages/airflow/example_dags/example_task_group.py took 0.088 seconds
[2024-07-14T01:14:02.819+0000] {processor.py:161} INFO - Started process (PID=203) to work on /home/airflow/.local/lib/python3.12/site-packages/airflow/example_dags/example_task_group.py
[2024-07-14T01:14:02.833+0000] {processor.py:830} INFO - Processing file /home/airflow/.local/lib/python3.12/site-packages/airflow/example_dags/example_task_group.py for tasks to queue
[2024-07-14T01:14:02.834+0000] {logging_mixin.py:188} INFO - [2024-07-14T01:14:02.834+0000] {dagbag.py:545} INFO - Filling up the DagBag from /home/airflow/.local/lib/python3.12/site-packages/airflow/example_dags/example_task_group.py
[2024-07-14T01:14:02.866+0000] {processor.py:840} INFO - DAG(s) 'example_task_group' retrieved from /home/airflow/.local/lib/python3.12/site-packages/airflow/example_dags/example_task_group.py
[2024-07-14T01:14:02.957+0000] {logging_mixin.py:188} INFO - [2024-07-14T01:14:02.957+0000] {dag.py:3096} INFO - Sync 1 DAGs
[2024-07-14T01:14:03.048+0000] {logging_mixin.py:188} INFO - [2024-07-14T01:14:03.048+0000] {dag.py:3954} INFO - Setting next_dagrun for example_task_group to 2024-07-13 00:00:00+00:00, run_after=2024-07-14 00:00:00+00:00
[2024-07-14T01:14:03.127+0000] {processor.py:183} INFO - Processing /home/airflow/.local/lib/python3.12/site-packages/airflow/example_dags/example_task_group.py took 0.322 seconds
[2024-07-14T01:14:33.777+0000] {processor.py:161} INFO - Started process (PID=264) to work on /home/airflow/.local/lib/python3.12/site-packages/airflow/example_dags/example_task_group.py
[2024-07-14T01:14:33.778+0000] {processor.py:830} INFO - Processing file /home/airflow/.local/lib/python3.12/site-packages/airflow/example_dags/example_task_group.py for tasks to queue
[2024-07-14T01:14:33.780+0000] {logging_mixin.py:188} INFO - [2024-07-14T01:14:33.779+0000] {dagbag.py:545} INFO - Filling up the DagBag from /home/airflow/.local/lib/python3.12/site-packages/airflow/example_dags/example_task_group.py
[2024-07-14T01:14:33.787+0000] {processor.py:840} INFO - DAG(s) 'example_task_group' retrieved from /home/airflow/.local/lib/python3.12/site-packages/airflow/example_dags/example_task_group.py
[2024-07-14T01:14:33.816+0000] {logging_mixin.py:188} INFO - [2024-07-14T01:14:33.815+0000] {dag.py:3096} INFO - Sync 1 DAGs
[2024-07-14T01:14:33.844+0000] {logging_mixin.py:188} INFO - [2024-07-14T01:14:33.844+0000] {dag.py:3954} INFO - Setting next_dagrun for example_task_group to 2024-07-13 00:00:00+00:00, run_after=2024-07-14 00:00:00+00:00
[2024-07-14T01:14:33.889+0000] {processor.py:183} INFO - Processing /home/airflow/.local/lib/python3.12/site-packages/airflow/example_dags/example_task_group.py took 0.117 seconds
[2024-07-14T01:15:04.538+0000] {processor.py:161} INFO - Started process (PID=324) to work on /home/airflow/.local/lib/python3.12/site-packages/airflow/example_dags/example_task_group.py
[2024-07-14T01:15:04.539+0000] {processor.py:830} INFO - Processing file /home/airflow/.local/lib/python3.12/site-packages/airflow/example_dags/example_task_group.py for tasks to queue
[2024-07-14T01:15:04.541+0000] {logging_mixin.py:188} INFO - [2024-07-14T01:15:04.541+0000] {dagbag.py:545} INFO - Filling up the DagBag from /home/airflow/.local/lib/python3.12/site-packages/airflow/example_dags/example_task_group.py
[2024-07-14T01:15:04.548+0000] {processor.py:840} INFO - DAG(s) 'example_task_group' retrieved from /home/airflow/.local/lib/python3.12/site-packages/airflow/example_dags/example_task_group.py
[2024-07-14T01:15:04.570+0000] {logging_mixin.py:188} INFO - [2024-07-14T01:15:04.570+0000] {dag.py:3096} INFO - Sync 1 DAGs
[2024-07-14T01:15:04.595+0000] {logging_mixin.py:188} INFO - [2024-07-14T01:15:04.595+0000] {dag.py:3954} INFO - Setting next_dagrun for example_task_group to 2024-07-13 00:00:00+00:00, run_after=2024-07-14 00:00:00+00:00
[2024-07-14T01:15:04.621+0000] {processor.py:183} INFO - Processing /home/airflow/.local/lib/python3.12/site-packages/airflow/example_dags/example_task_group.py took 0.089 seconds
[2024-07-14T01:15:35.017+0000] {processor.py:161} INFO - Started process (PID=385) to work on /home/airflow/.local/lib/python3.12/site-packages/airflow/example_dags/example_task_group.py
[2024-07-14T01:15:35.018+0000] {processor.py:830} INFO - Processing file /home/airflow/.local/lib/python3.12/site-packages/airflow/example_dags/example_task_group.py for tasks to queue
[2024-07-14T01:15:35.020+0000] {logging_mixin.py:188} INFO - [2024-07-14T01:15:35.020+0000] {dagbag.py:545} INFO - Filling up the DagBag from /home/airflow/.local/lib/python3.12/site-packages/airflow/example_dags/example_task_group.py
[2024-07-14T01:15:35.028+0000] {processor.py:840} INFO - DAG(s) 'example_task_group' retrieved from /home/airflow/.local/lib/python3.12/site-packages/airflow/example_dags/example_task_group.py
[2024-07-14T01:15:35.051+0000] {logging_mixin.py:188} INFO - [2024-07-14T01:15:35.051+0000] {dag.py:3096} INFO - Sync 1 DAGs
[2024-07-14T01:15:35.075+0000] {logging_mixin.py:188} INFO - [2024-07-14T01:15:35.075+0000] {dag.py:3954} INFO - Setting next_dagrun for example_task_group to 2024-07-13 00:00:00+00:00, run_after=2024-07-14 00:00:00+00:00
[2024-07-14T01:15:35.106+0000] {processor.py:183} INFO - Processing /home/airflow/.local/lib/python3.12/site-packages/airflow/example_dags/example_task_group.py took 0.095 seconds
[2024-07-14T01:16:05.898+0000] {processor.py:161} INFO - Started process (PID=446) to work on /home/airflow/.local/lib/python3.12/site-packages/airflow/example_dags/example_task_group.py
[2024-07-14T01:16:05.899+0000] {processor.py:830} INFO - Processing file /home/airflow/.local/lib/python3.12/site-packages/airflow/example_dags/example_task_group.py for tasks to queue
[2024-07-14T01:16:05.901+0000] {logging_mixin.py:188} INFO - [2024-07-14T01:16:05.900+0000] {dagbag.py:545} INFO - Filling up the DagBag from /home/airflow/.local/lib/python3.12/site-packages/airflow/example_dags/example_task_group.py
[2024-07-14T01:16:05.909+0000] {processor.py:840} INFO - DAG(s) 'example_task_group' retrieved from /home/airflow/.local/lib/python3.12/site-packages/airflow/example_dags/example_task_group.py
[2024-07-14T01:16:05.930+0000] {logging_mixin.py:188} INFO - [2024-07-14T01:16:05.930+0000] {dag.py:3096} INFO - Sync 1 DAGs
[2024-07-14T01:16:05.954+0000] {logging_mixin.py:188} INFO - [2024-07-14T01:16:05.954+0000] {dag.py:3954} INFO - Setting next_dagrun for example_task_group to 2024-07-13 00:00:00+00:00, run_after=2024-07-14 00:00:00+00:00
[2024-07-14T01:16:05.980+0000] {processor.py:183} INFO - Processing /home/airflow/.local/lib/python3.12/site-packages/airflow/example_dags/example_task_group.py took 0.087 seconds
[2024-07-14T01:16:36.683+0000] {processor.py:161} INFO - Started process (PID=507) to work on /home/airflow/.local/lib/python3.12/site-packages/airflow/example_dags/example_task_group.py
[2024-07-14T01:16:36.684+0000] {processor.py:830} INFO - Processing file /home/airflow/.local/lib/python3.12/site-packages/airflow/example_dags/example_task_group.py for tasks to queue
[2024-07-14T01:16:36.686+0000] {logging_mixin.py:188} INFO - [2024-07-14T01:16:36.685+0000] {dagbag.py:545} INFO - Filling up the DagBag from /home/airflow/.local/lib/python3.12/site-packages/airflow/example_dags/example_task_group.py
[2024-07-14T01:16:36.700+0000] {processor.py:840} INFO - DAG(s) 'example_task_group' retrieved from /home/airflow/.local/lib/python3.12/site-packages/airflow/example_dags/example_task_group.py
[2024-07-14T01:16:36.732+0000] {logging_mixin.py:188} INFO - [2024-07-14T01:16:36.732+0000] {dag.py:3096} INFO - Sync 1 DAGs
[2024-07-14T01:16:36.757+0000] {logging_mixin.py:188} INFO - [2024-07-14T01:16:36.757+0000] {dag.py:3954} INFO - Setting next_dagrun for example_task_group to 2024-07-13 00:00:00+00:00, run_after=2024-07-14 00:00:00+00:00
[2024-07-14T01:16:36.785+0000] {processor.py:183} INFO - Processing /home/airflow/.local/lib/python3.12/site-packages/airflow/example_dags/example_task_group.py took 0.110 seconds
[2024-07-14T01:17:07.252+0000] {processor.py:161} INFO - Started process (PID=569) to work on /home/airflow/.local/lib/python3.12/site-packages/airflow/example_dags/example_task_group.py
[2024-07-14T01:17:07.253+0000] {processor.py:830} INFO - Processing file /home/airflow/.local/lib/python3.12/site-packages/airflow/example_dags/example_task_group.py for tasks to queue
[2024-07-14T01:17:07.255+0000] {logging_mixin.py:188} INFO - [2024-07-14T01:17:07.255+0000] {dagbag.py:545} INFO - Filling up the DagBag from /home/airflow/.local/lib/python3.12/site-packages/airflow/example_dags/example_task_group.py
[2024-07-14T01:17:07.263+0000] {processor.py:840} INFO - DAG(s) 'example_task_group' retrieved from /home/airflow/.local/lib/python3.12/site-packages/airflow/example_dags/example_task_group.py
[2024-07-14T01:17:07.311+0000] {logging_mixin.py:188} INFO - [2024-07-14T01:17:07.311+0000] {dag.py:3096} INFO - Sync 1 DAGs
[2024-07-14T01:17:07.345+0000] {logging_mixin.py:188} INFO - [2024-07-14T01:17:07.345+0000] {dag.py:3954} INFO - Setting next_dagrun for example_task_group to 2024-07-13 00:00:00+00:00, run_after=2024-07-14 00:00:00+00:00
[2024-07-14T01:17:07.392+0000] {processor.py:183} INFO - Processing /home/airflow/.local/lib/python3.12/site-packages/airflow/example_dags/example_task_group.py took 0.146 seconds
[2024-07-14T01:17:39.903+0000] {processor.py:161} INFO - Started process (PID=630) to work on /home/airflow/.local/lib/python3.12/site-packages/airflow/example_dags/example_task_group.py
[2024-07-14T01:17:39.904+0000] {processor.py:830} INFO - Processing file /home/airflow/.local/lib/python3.12/site-packages/airflow/example_dags/example_task_group.py for tasks to queue
[2024-07-14T01:17:39.905+0000] {logging_mixin.py:188} INFO - [2024-07-14T01:17:39.905+0000] {dagbag.py:545} INFO - Filling up the DagBag from /home/airflow/.local/lib/python3.12/site-packages/airflow/example_dags/example_task_group.py
[2024-07-14T01:17:39.919+0000] {processor.py:840} INFO - DAG(s) 'example_task_group' retrieved from /home/airflow/.local/lib/python3.12/site-packages/airflow/example_dags/example_task_group.py
[2024-07-14T01:17:39.961+0000] {logging_mixin.py:188} INFO - [2024-07-14T01:17:39.961+0000] {dag.py:3096} INFO - Sync 1 DAGs
[2024-07-14T01:17:39.999+0000] {logging_mixin.py:188} INFO - [2024-07-14T01:17:39.999+0000] {dag.py:3954} INFO - Setting next_dagrun for example_task_group to 2024-07-13 00:00:00+00:00, run_after=2024-07-14 00:00:00+00:00
[2024-07-14T01:17:40.044+0000] {processor.py:183} INFO - Processing /home/airflow/.local/lib/python3.12/site-packages/airflow/example_dags/example_task_group.py took 0.147 seconds
[2024-07-14T01:18:10.139+0000] {processor.py:161} INFO - Started process (PID=689) to work on /home/airflow/.local/lib/python3.12/site-packages/airflow/example_dags/example_task_group.py
[2024-07-14T01:18:10.140+0000] {processor.py:830} INFO - Processing file /home/airflow/.local/lib/python3.12/site-packages/airflow/example_dags/example_task_group.py for tasks to queue
[2024-07-14T01:18:10.168+0000] {logging_mixin.py:188} INFO - [2024-07-14T01:18:10.168+0000] {dagbag.py:545} INFO - Filling up the DagBag from /home/airflow/.local/lib/python3.12/site-packages/airflow/example_dags/example_task_group.py
[2024-07-14T01:18:10.200+0000] {processor.py:840} INFO - DAG(s) 'example_task_group' retrieved from /home/airflow/.local/lib/python3.12/site-packages/airflow/example_dags/example_task_group.py
[2024-07-14T01:18:10.275+0000] {logging_mixin.py:188} INFO - [2024-07-14T01:18:10.275+0000] {dag.py:3096} INFO - Sync 1 DAGs
[2024-07-14T01:18:10.372+0000] {logging_mixin.py:188} INFO - [2024-07-14T01:18:10.372+0000] {dag.py:3954} INFO - Setting next_dagrun for example_task_group to 2024-07-13 00:00:00+00:00, run_after=2024-07-14 00:00:00+00:00
[2024-07-14T01:18:10.473+0000] {processor.py:183} INFO - Processing /home/airflow/.local/lib/python3.12/site-packages/airflow/example_dags/example_task_group.py took 0.363 seconds
[2024-07-14T01:18:40.600+0000] {processor.py:161} INFO - Started process (PID=748) to work on /home/airflow/.local/lib/python3.12/site-packages/airflow/example_dags/example_task_group.py
[2024-07-14T01:18:40.601+0000] {processor.py:830} INFO - Processing file /home/airflow/.local/lib/python3.12/site-packages/airflow/example_dags/example_task_group.py for tasks to queue
[2024-07-14T01:18:40.602+0000] {logging_mixin.py:188} INFO - [2024-07-14T01:18:40.602+0000] {dagbag.py:545} INFO - Filling up the DagBag from /home/airflow/.local/lib/python3.12/site-packages/airflow/example_dags/example_task_group.py
[2024-07-14T01:18:40.608+0000] {processor.py:840} INFO - DAG(s) 'example_task_group' retrieved from /home/airflow/.local/lib/python3.12/site-packages/airflow/example_dags/example_task_group.py
[2024-07-14T01:18:40.625+0000] {logging_mixin.py:188} INFO - [2024-07-14T01:18:40.625+0000] {dag.py:3096} INFO - Sync 1 DAGs
[2024-07-14T01:18:40.762+0000] {logging_mixin.py:188} INFO - [2024-07-14T01:18:40.762+0000] {dag.py:3954} INFO - Setting next_dagrun for example_task_group to 2024-07-13 00:00:00+00:00, run_after=2024-07-14 00:00:00+00:00
[2024-07-14T01:18:40.784+0000] {processor.py:183} INFO - Processing /home/airflow/.local/lib/python3.12/site-packages/airflow/example_dags/example_task_group.py took 0.188 seconds
[2024-07-14T01:19:10.852+0000] {processor.py:161} INFO - Started process (PID=809) to work on /home/airflow/.local/lib/python3.12/site-packages/airflow/example_dags/example_task_group.py
[2024-07-14T01:19:10.853+0000] {processor.py:830} INFO - Processing file /home/airflow/.local/lib/python3.12/site-packages/airflow/example_dags/example_task_group.py for tasks to queue
[2024-07-14T01:19:10.855+0000] {logging_mixin.py:188} INFO - [2024-07-14T01:19:10.855+0000] {dagbag.py:545} INFO - Filling up the DagBag from /home/airflow/.local/lib/python3.12/site-packages/airflow/example_dags/example_task_group.py
[2024-07-14T01:19:10.865+0000] {processor.py:840} INFO - DAG(s) 'example_task_group' retrieved from /home/airflow/.local/lib/python3.12/site-packages/airflow/example_dags/example_task_group.py
[2024-07-14T01:19:10.884+0000] {logging_mixin.py:188} INFO - [2024-07-14T01:19:10.884+0000] {dag.py:3096} INFO - Sync 1 DAGs
[2024-07-14T01:19:10.909+0000] {logging_mixin.py:188} INFO - [2024-07-14T01:19:10.909+0000] {dag.py:3954} INFO - Setting next_dagrun for example_task_group to 2024-07-13 00:00:00+00:00, run_after=2024-07-14 00:00:00+00:00
[2024-07-14T01:19:11.096+0000] {processor.py:183} INFO - Processing /home/airflow/.local/lib/python3.12/site-packages/airflow/example_dags/example_task_group.py took 0.249 seconds
[2024-07-14T01:19:41.695+0000] {processor.py:161} INFO - Started process (PID=870) to work on /home/airflow/.local/lib/python3.12/site-packages/airflow/example_dags/example_task_group.py
[2024-07-14T01:19:41.696+0000] {processor.py:830} INFO - Processing file /home/airflow/.local/lib/python3.12/site-packages/airflow/example_dags/example_task_group.py for tasks to queue
[2024-07-14T01:19:41.698+0000] {logging_mixin.py:188} INFO - [2024-07-14T01:19:41.697+0000] {dagbag.py:545} INFO - Filling up the DagBag from /home/airflow/.local/lib/python3.12/site-packages/airflow/example_dags/example_task_group.py
[2024-07-14T01:19:41.705+0000] {processor.py:840} INFO - DAG(s) 'example_task_group' retrieved from /home/airflow/.local/lib/python3.12/site-packages/airflow/example_dags/example_task_group.py
[2024-07-14T01:19:41.726+0000] {logging_mixin.py:188} INFO - [2024-07-14T01:19:41.726+0000] {dag.py:3096} INFO - Sync 1 DAGs
[2024-07-14T01:19:41.748+0000] {logging_mixin.py:188} INFO - [2024-07-14T01:19:41.748+0000] {dag.py:3954} INFO - Setting next_dagrun for example_task_group to 2024-07-13 00:00:00+00:00, run_after=2024-07-14 00:00:00+00:00
[2024-07-14T01:19:41.773+0000] {processor.py:183} INFO - Processing /home/airflow/.local/lib/python3.12/site-packages/airflow/example_dags/example_task_group.py took 0.084 seconds
[2024-07-14T01:20:12.061+0000] {processor.py:161} INFO - Started process (PID=932) to work on /home/airflow/.local/lib/python3.12/site-packages/airflow/example_dags/example_task_group.py
[2024-07-14T01:20:12.062+0000] {processor.py:830} INFO - Processing file /home/airflow/.local/lib/python3.12/site-packages/airflow/example_dags/example_task_group.py for tasks to queue
[2024-07-14T01:20:12.064+0000] {logging_mixin.py:188} INFO - [2024-07-14T01:20:12.064+0000] {dagbag.py:545} INFO - Filling up the DagBag from /home/airflow/.local/lib/python3.12/site-packages/airflow/example_dags/example_task_group.py
[2024-07-14T01:20:12.072+0000] {processor.py:840} INFO - DAG(s) 'example_task_group' retrieved from /home/airflow/.local/lib/python3.12/site-packages/airflow/example_dags/example_task_group.py
[2024-07-14T01:20:12.098+0000] {logging_mixin.py:188} INFO - [2024-07-14T01:20:12.097+0000] {dag.py:3096} INFO - Sync 1 DAGs
[2024-07-14T01:20:12.121+0000] {logging_mixin.py:188} INFO - [2024-07-14T01:20:12.121+0000] {dag.py:3954} INFO - Setting next_dagrun for example_task_group to 2024-07-13 00:00:00+00:00, run_after=2024-07-14 00:00:00+00:00
[2024-07-14T01:20:12.145+0000] {processor.py:183} INFO - Processing /home/airflow/.local/lib/python3.12/site-packages/airflow/example_dags/example_task_group.py took 0.092 seconds
[2024-07-14T01:20:42.384+0000] {processor.py:161} INFO - Started process (PID=993) to work on /home/airflow/.local/lib/python3.12/site-packages/airflow/example_dags/example_task_group.py
[2024-07-14T01:20:42.385+0000] {processor.py:830} INFO - Processing file /home/airflow/.local/lib/python3.12/site-packages/airflow/example_dags/example_task_group.py for tasks to queue
[2024-07-14T01:20:42.386+0000] {logging_mixin.py:188} INFO - [2024-07-14T01:20:42.386+0000] {dagbag.py:545} INFO - Filling up the DagBag from /home/airflow/.local/lib/python3.12/site-packages/airflow/example_dags/example_task_group.py
[2024-07-14T01:20:42.394+0000] {processor.py:840} INFO - DAG(s) 'example_task_group' retrieved from /home/airflow/.local/lib/python3.12/site-packages/airflow/example_dags/example_task_group.py
[2024-07-14T01:20:42.418+0000] {logging_mixin.py:188} INFO - [2024-07-14T01:20:42.418+0000] {dag.py:3096} INFO - Sync 1 DAGs
[2024-07-14T01:20:42.442+0000] {logging_mixin.py:188} INFO - [2024-07-14T01:20:42.442+0000] {dag.py:3954} INFO - Setting next_dagrun for example_task_group to 2024-07-13 00:00:00+00:00, run_after=2024-07-14 00:00:00+00:00
[2024-07-14T01:20:42.468+0000] {processor.py:183} INFO - Processing /home/airflow/.local/lib/python3.12/site-packages/airflow/example_dags/example_task_group.py took 0.090 seconds
[2024-07-14T01:21:15.225+0000] {processor.py:161} INFO - Started process (PID=1061) to work on /home/airflow/.local/lib/python3.12/site-packages/airflow/example_dags/example_task_group.py
[2024-07-14T01:21:15.246+0000] {processor.py:830} INFO - Processing file /home/airflow/.local/lib/python3.12/site-packages/airflow/example_dags/example_task_group.py for tasks to queue
[2024-07-14T01:21:15.265+0000] {logging_mixin.py:188} INFO - [2024-07-14T01:21:15.264+0000] {dagbag.py:545} INFO - Filling up the DagBag from /home/airflow/.local/lib/python3.12/site-packages/airflow/example_dags/example_task_group.py
[2024-07-14T01:21:15.312+0000] {processor.py:840} INFO - DAG(s) 'example_task_group' retrieved from /home/airflow/.local/lib/python3.12/site-packages/airflow/example_dags/example_task_group.py
[2024-07-14T01:21:15.480+0000] {logging_mixin.py:188} INFO - [2024-07-14T01:21:15.480+0000] {dag.py:3096} INFO - Sync 1 DAGs
[2024-07-14T01:21:15.700+0000] {logging_mixin.py:188} INFO - [2024-07-14T01:21:15.700+0000] {dag.py:3954} INFO - Setting next_dagrun for example_task_group to 2024-07-13 00:00:00+00:00, run_after=2024-07-14 00:00:00+00:00
[2024-07-14T01:21:15.840+0000] {processor.py:183} INFO - Processing /home/airflow/.local/lib/python3.12/site-packages/airflow/example_dags/example_task_group.py took 0.657 seconds
[2024-07-14T01:21:46.408+0000] {processor.py:161} INFO - Started process (PID=1122) to work on /home/airflow/.local/lib/python3.12/site-packages/airflow/example_dags/example_task_group.py
[2024-07-14T01:21:46.409+0000] {processor.py:830} INFO - Processing file /home/airflow/.local/lib/python3.12/site-packages/airflow/example_dags/example_task_group.py for tasks to queue
[2024-07-14T01:21:46.411+0000] {logging_mixin.py:188} INFO - [2024-07-14T01:21:46.410+0000] {dagbag.py:545} INFO - Filling up the DagBag from /home/airflow/.local/lib/python3.12/site-packages/airflow/example_dags/example_task_group.py
[2024-07-14T01:21:46.418+0000] {processor.py:840} INFO - DAG(s) 'example_task_group' retrieved from /home/airflow/.local/lib/python3.12/site-packages/airflow/example_dags/example_task_group.py
[2024-07-14T01:21:46.441+0000] {logging_mixin.py:188} INFO - [2024-07-14T01:21:46.441+0000] {dag.py:3096} INFO - Sync 1 DAGs
[2024-07-14T01:21:46.462+0000] {logging_mixin.py:188} INFO - [2024-07-14T01:21:46.462+0000] {dag.py:3954} INFO - Setting next_dagrun for example_task_group to 2024-07-13 00:00:00+00:00, run_after=2024-07-14 00:00:00+00:00
[2024-07-14T01:21:46.488+0000] {processor.py:183} INFO - Processing /home/airflow/.local/lib/python3.12/site-packages/airflow/example_dags/example_task_group.py took 0.086 seconds
[2024-07-14T01:22:16.548+0000] {processor.py:161} INFO - Started process (PID=1182) to work on /home/airflow/.local/lib/python3.12/site-packages/airflow/example_dags/example_task_group.py
[2024-07-14T01:22:16.548+0000] {processor.py:830} INFO - Processing file /home/airflow/.local/lib/python3.12/site-packages/airflow/example_dags/example_task_group.py for tasks to queue
[2024-07-14T01:22:16.550+0000] {logging_mixin.py:188} INFO - [2024-07-14T01:22:16.550+0000] {dagbag.py:545} INFO - Filling up the DagBag from /home/airflow/.local/lib/python3.12/site-packages/airflow/example_dags/example_task_group.py
[2024-07-14T01:22:16.555+0000] {processor.py:840} INFO - DAG(s) 'example_task_group' retrieved from /home/airflow/.local/lib/python3.12/site-packages/airflow/example_dags/example_task_group.py
[2024-07-14T01:22:16.578+0000] {logging_mixin.py:188} INFO - [2024-07-14T01:22:16.577+0000] {dag.py:3096} INFO - Sync 1 DAGs
[2024-07-14T01:22:16.601+0000] {logging_mixin.py:188} INFO - [2024-07-14T01:22:16.601+0000] {dag.py:3954} INFO - Setting next_dagrun for example_task_group to 2024-07-13 00:00:00+00:00, run_after=2024-07-14 00:00:00+00:00
[2024-07-14T01:22:16.630+0000] {processor.py:183} INFO - Processing /home/airflow/.local/lib/python3.12/site-packages/airflow/example_dags/example_task_group.py took 0.089 seconds
[2024-07-14T01:22:47.434+0000] {processor.py:161} INFO - Started process (PID=1244) to work on /home/airflow/.local/lib/python3.12/site-packages/airflow/example_dags/example_task_group.py
[2024-07-14T01:22:47.435+0000] {processor.py:830} INFO - Processing file /home/airflow/.local/lib/python3.12/site-packages/airflow/example_dags/example_task_group.py for tasks to queue
[2024-07-14T01:22:47.437+0000] {logging_mixin.py:188} INFO - [2024-07-14T01:22:47.437+0000] {dagbag.py:545} INFO - Filling up the DagBag from /home/airflow/.local/lib/python3.12/site-packages/airflow/example_dags/example_task_group.py
[2024-07-14T01:22:47.445+0000] {processor.py:840} INFO - DAG(s) 'example_task_group' retrieved from /home/airflow/.local/lib/python3.12/site-packages/airflow/example_dags/example_task_group.py
[2024-07-14T01:22:47.468+0000] {logging_mixin.py:188} INFO - [2024-07-14T01:22:47.468+0000] {dag.py:3096} INFO - Sync 1 DAGs
[2024-07-14T01:22:47.494+0000] {logging_mixin.py:188} INFO - [2024-07-14T01:22:47.494+0000] {dag.py:3954} INFO - Setting next_dagrun for example_task_group to 2024-07-13 00:00:00+00:00, run_after=2024-07-14 00:00:00+00:00
[2024-07-14T01:22:47.524+0000] {processor.py:183} INFO - Processing /home/airflow/.local/lib/python3.12/site-packages/airflow/example_dags/example_task_group.py took 0.096 seconds
[2024-07-14T01:23:18.652+0000] {processor.py:161} INFO - Started process (PID=1305) to work on /home/airflow/.local/lib/python3.12/site-packages/airflow/example_dags/example_task_group.py
[2024-07-14T01:23:18.656+0000] {processor.py:830} INFO - Processing file /home/airflow/.local/lib/python3.12/site-packages/airflow/example_dags/example_task_group.py for tasks to queue
[2024-07-14T01:23:18.664+0000] {logging_mixin.py:188} INFO - [2024-07-14T01:23:18.664+0000] {dagbag.py:545} INFO - Filling up the DagBag from /home/airflow/.local/lib/python3.12/site-packages/airflow/example_dags/example_task_group.py
[2024-07-14T01:23:18.676+0000] {processor.py:840} INFO - DAG(s) 'example_task_group' retrieved from /home/airflow/.local/lib/python3.12/site-packages/airflow/example_dags/example_task_group.py
[2024-07-14T01:23:18.720+0000] {logging_mixin.py:188} INFO - [2024-07-14T01:23:18.720+0000] {dag.py:3096} INFO - Sync 1 DAGs
[2024-07-14T01:23:18.764+0000] {logging_mixin.py:188} INFO - [2024-07-14T01:23:18.764+0000] {dag.py:3954} INFO - Setting next_dagrun for example_task_group to 2024-07-13 00:00:00+00:00, run_after=2024-07-14 00:00:00+00:00
[2024-07-14T01:23:18.800+0000] {processor.py:183} INFO - Processing /home/airflow/.local/lib/python3.12/site-packages/airflow/example_dags/example_task_group.py took 0.165 seconds
[2024-07-14T01:23:49.672+0000] {processor.py:161} INFO - Started process (PID=1365) to work on /home/airflow/.local/lib/python3.12/site-packages/airflow/example_dags/example_task_group.py
[2024-07-14T01:23:49.678+0000] {processor.py:830} INFO - Processing file /home/airflow/.local/lib/python3.12/site-packages/airflow/example_dags/example_task_group.py for tasks to queue
[2024-07-14T01:23:49.682+0000] {logging_mixin.py:188} INFO - [2024-07-14T01:23:49.681+0000] {dagbag.py:545} INFO - Filling up the DagBag from /home/airflow/.local/lib/python3.12/site-packages/airflow/example_dags/example_task_group.py
[2024-07-14T01:23:49.695+0000] {processor.py:840} INFO - DAG(s) 'example_task_group' retrieved from /home/airflow/.local/lib/python3.12/site-packages/airflow/example_dags/example_task_group.py
[2024-07-14T01:23:49.760+0000] {logging_mixin.py:188} INFO - [2024-07-14T01:23:49.760+0000] {dag.py:3096} INFO - Sync 1 DAGs
[2024-07-14T01:23:49.845+0000] {logging_mixin.py:188} INFO - [2024-07-14T01:23:49.844+0000] {dag.py:3954} INFO - Setting next_dagrun for example_task_group to 2024-07-13 00:00:00+00:00, run_after=2024-07-14 00:00:00+00:00
[2024-07-14T01:23:49.886+0000] {processor.py:183} INFO - Processing /home/airflow/.local/lib/python3.12/site-packages/airflow/example_dags/example_task_group.py took 0.223 seconds
[2024-07-14T01:24:20.158+0000] {processor.py:161} INFO - Started process (PID=1426) to work on /home/airflow/.local/lib/python3.12/site-packages/airflow/example_dags/example_task_group.py
[2024-07-14T01:24:20.159+0000] {processor.py:830} INFO - Processing file /home/airflow/.local/lib/python3.12/site-packages/airflow/example_dags/example_task_group.py for tasks to queue
[2024-07-14T01:24:20.160+0000] {logging_mixin.py:188} INFO - [2024-07-14T01:24:20.160+0000] {dagbag.py:545} INFO - Filling up the DagBag from /home/airflow/.local/lib/python3.12/site-packages/airflow/example_dags/example_task_group.py
[2024-07-14T01:24:20.172+0000] {processor.py:840} INFO - DAG(s) 'example_task_group' retrieved from /home/airflow/.local/lib/python3.12/site-packages/airflow/example_dags/example_task_group.py
[2024-07-14T01:24:20.216+0000] {logging_mixin.py:188} INFO - [2024-07-14T01:24:20.216+0000] {dag.py:3096} INFO - Sync 1 DAGs
[2024-07-14T01:24:20.268+0000] {logging_mixin.py:188} INFO - [2024-07-14T01:24:20.267+0000] {dag.py:3954} INFO - Setting next_dagrun for example_task_group to 2024-07-13 00:00:00+00:00, run_after=2024-07-14 00:00:00+00:00
[2024-07-14T01:24:20.319+0000] {processor.py:183} INFO - Processing /home/airflow/.local/lib/python3.12/site-packages/airflow/example_dags/example_task_group.py took 0.167 seconds
[2024-07-14T01:24:51.935+0000] {processor.py:161} INFO - Started process (PID=1486) to work on /home/airflow/.local/lib/python3.12/site-packages/airflow/example_dags/example_task_group.py
[2024-07-14T01:24:51.939+0000] {processor.py:830} INFO - Processing file /home/airflow/.local/lib/python3.12/site-packages/airflow/example_dags/example_task_group.py for tasks to queue
[2024-07-14T01:24:51.947+0000] {logging_mixin.py:188} INFO - [2024-07-14T01:24:51.947+0000] {dagbag.py:545} INFO - Filling up the DagBag from /home/airflow/.local/lib/python3.12/site-packages/airflow/example_dags/example_task_group.py
[2024-07-14T01:24:51.967+0000] {processor.py:840} INFO - DAG(s) 'example_task_group' retrieved from /home/airflow/.local/lib/python3.12/site-packages/airflow/example_dags/example_task_group.py
[2024-07-14T01:24:52.044+0000] {logging_mixin.py:188} INFO - [2024-07-14T01:24:52.044+0000] {dag.py:3096} INFO - Sync 1 DAGs
[2024-07-14T01:24:52.114+0000] {logging_mixin.py:188} INFO - [2024-07-14T01:24:52.110+0000] {dag.py:3954} INFO - Setting next_dagrun for example_task_group to 2024-07-13 00:00:00+00:00, run_after=2024-07-14 00:00:00+00:00
[2024-07-14T01:24:52.199+0000] {processor.py:183} INFO - Processing /home/airflow/.local/lib/python3.12/site-packages/airflow/example_dags/example_task_group.py took 0.290 seconds
[2024-07-14T01:25:22.368+0000] {processor.py:161} INFO - Started process (PID=1545) to work on /home/airflow/.local/lib/python3.12/site-packages/airflow/example_dags/example_task_group.py
[2024-07-14T01:25:22.369+0000] {processor.py:830} INFO - Processing file /home/airflow/.local/lib/python3.12/site-packages/airflow/example_dags/example_task_group.py for tasks to queue
[2024-07-14T01:25:22.371+0000] {logging_mixin.py:188} INFO - [2024-07-14T01:25:22.370+0000] {dagbag.py:545} INFO - Filling up the DagBag from /home/airflow/.local/lib/python3.12/site-packages/airflow/example_dags/example_task_group.py
[2024-07-14T01:25:22.392+0000] {processor.py:840} INFO - DAG(s) 'example_task_group' retrieved from /home/airflow/.local/lib/python3.12/site-packages/airflow/example_dags/example_task_group.py
[2024-07-14T01:25:22.459+0000] {logging_mixin.py:188} INFO - [2024-07-14T01:25:22.458+0000] {dag.py:3096} INFO - Sync 1 DAGs
[2024-07-14T01:25:22.524+0000] {logging_mixin.py:188} INFO - [2024-07-14T01:25:22.524+0000] {dag.py:3954} INFO - Setting next_dagrun for example_task_group to 2024-07-13 00:00:00+00:00, run_after=2024-07-14 00:00:00+00:00
[2024-07-14T01:25:22.580+0000] {processor.py:183} INFO - Processing /home/airflow/.local/lib/python3.12/site-packages/airflow/example_dags/example_task_group.py took 0.243 seconds
[2024-07-14T01:25:52.740+0000] {processor.py:161} INFO - Started process (PID=1605) to work on /home/airflow/.local/lib/python3.12/site-packages/airflow/example_dags/example_task_group.py
[2024-07-14T01:25:52.741+0000] {processor.py:830} INFO - Processing file /home/airflow/.local/lib/python3.12/site-packages/airflow/example_dags/example_task_group.py for tasks to queue
[2024-07-14T01:25:52.742+0000] {logging_mixin.py:188} INFO - [2024-07-14T01:25:52.742+0000] {dagbag.py:545} INFO - Filling up the DagBag from /home/airflow/.local/lib/python3.12/site-packages/airflow/example_dags/example_task_group.py
[2024-07-14T01:25:52.750+0000] {processor.py:840} INFO - DAG(s) 'example_task_group' retrieved from /home/airflow/.local/lib/python3.12/site-packages/airflow/example_dags/example_task_group.py
[2024-07-14T01:25:52.772+0000] {logging_mixin.py:188} INFO - [2024-07-14T01:25:52.772+0000] {dag.py:3096} INFO - Sync 1 DAGs
[2024-07-14T01:25:52.789+0000] {logging_mixin.py:188} INFO - [2024-07-14T01:25:52.789+0000] {dag.py:3954} INFO - Setting next_dagrun for example_task_group to 2024-07-13 00:00:00+00:00, run_after=2024-07-14 00:00:00+00:00
[2024-07-14T01:25:52.813+0000] {processor.py:183} INFO - Processing /home/airflow/.local/lib/python3.12/site-packages/airflow/example_dags/example_task_group.py took 0.080 seconds
[2024-07-14T01:26:23.056+0000] {processor.py:161} INFO - Started process (PID=1666) to work on /home/airflow/.local/lib/python3.12/site-packages/airflow/example_dags/example_task_group.py
[2024-07-14T01:26:23.060+0000] {processor.py:830} INFO - Processing file /home/airflow/.local/lib/python3.12/site-packages/airflow/example_dags/example_task_group.py for tasks to queue
[2024-07-14T01:26:23.062+0000] {logging_mixin.py:188} INFO - [2024-07-14T01:26:23.061+0000] {dagbag.py:545} INFO - Filling up the DagBag from /home/airflow/.local/lib/python3.12/site-packages/airflow/example_dags/example_task_group.py
[2024-07-14T01:26:23.077+0000] {processor.py:840} INFO - DAG(s) 'example_task_group' retrieved from /home/airflow/.local/lib/python3.12/site-packages/airflow/example_dags/example_task_group.py
[2024-07-14T01:26:23.123+0000] {logging_mixin.py:188} INFO - [2024-07-14T01:26:23.122+0000] {dag.py:3096} INFO - Sync 1 DAGs
[2024-07-14T01:26:23.177+0000] {logging_mixin.py:188} INFO - [2024-07-14T01:26:23.177+0000] {dag.py:3954} INFO - Setting next_dagrun for example_task_group to 2024-07-13 00:00:00+00:00, run_after=2024-07-14 00:00:00+00:00
[2024-07-14T01:26:23.222+0000] {processor.py:183} INFO - Processing /home/airflow/.local/lib/python3.12/site-packages/airflow/example_dags/example_task_group.py took 0.180 seconds
[2024-07-14T01:26:53.265+0000] {processor.py:161} INFO - Started process (PID=1727) to work on /home/airflow/.local/lib/python3.12/site-packages/airflow/example_dags/example_task_group.py
[2024-07-14T01:26:53.266+0000] {processor.py:830} INFO - Processing file /home/airflow/.local/lib/python3.12/site-packages/airflow/example_dags/example_task_group.py for tasks to queue
[2024-07-14T01:26:53.268+0000] {logging_mixin.py:188} INFO - [2024-07-14T01:26:53.268+0000] {dagbag.py:545} INFO - Filling up the DagBag from /home/airflow/.local/lib/python3.12/site-packages/airflow/example_dags/example_task_group.py
[2024-07-14T01:26:53.275+0000] {processor.py:840} INFO - DAG(s) 'example_task_group' retrieved from /home/airflow/.local/lib/python3.12/site-packages/airflow/example_dags/example_task_group.py
[2024-07-14T01:26:53.298+0000] {logging_mixin.py:188} INFO - [2024-07-14T01:26:53.298+0000] {dag.py:3096} INFO - Sync 1 DAGs
[2024-07-14T01:26:53.332+0000] {logging_mixin.py:188} INFO - [2024-07-14T01:26:53.331+0000] {dag.py:3954} INFO - Setting next_dagrun for example_task_group to 2024-07-13 00:00:00+00:00, run_after=2024-07-14 00:00:00+00:00
[2024-07-14T01:26:53.392+0000] {processor.py:183} INFO - Processing /home/airflow/.local/lib/python3.12/site-packages/airflow/example_dags/example_task_group.py took 0.133 seconds
[2024-07-14T01:27:24.141+0000] {processor.py:161} INFO - Started process (PID=1788) to work on /home/airflow/.local/lib/python3.12/site-packages/airflow/example_dags/example_task_group.py
[2024-07-14T01:27:24.143+0000] {processor.py:830} INFO - Processing file /home/airflow/.local/lib/python3.12/site-packages/airflow/example_dags/example_task_group.py for tasks to queue
[2024-07-14T01:27:24.145+0000] {logging_mixin.py:188} INFO - [2024-07-14T01:27:24.145+0000] {dagbag.py:545} INFO - Filling up the DagBag from /home/airflow/.local/lib/python3.12/site-packages/airflow/example_dags/example_task_group.py
[2024-07-14T01:27:24.159+0000] {processor.py:840} INFO - DAG(s) 'example_task_group' retrieved from /home/airflow/.local/lib/python3.12/site-packages/airflow/example_dags/example_task_group.py
[2024-07-14T01:27:24.194+0000] {logging_mixin.py:188} INFO - [2024-07-14T01:27:24.194+0000] {dag.py:3096} INFO - Sync 1 DAGs
[2024-07-14T01:27:24.221+0000] {logging_mixin.py:188} INFO - [2024-07-14T01:27:24.221+0000] {dag.py:3954} INFO - Setting next_dagrun for example_task_group to 2024-07-13 00:00:00+00:00, run_after=2024-07-14 00:00:00+00:00
[2024-07-14T01:27:24.259+0000] {processor.py:183} INFO - Processing /home/airflow/.local/lib/python3.12/site-packages/airflow/example_dags/example_task_group.py took 0.134 seconds
[2024-07-14T01:27:54.945+0000] {processor.py:161} INFO - Started process (PID=1849) to work on /home/airflow/.local/lib/python3.12/site-packages/airflow/example_dags/example_task_group.py
[2024-07-14T01:27:54.946+0000] {processor.py:830} INFO - Processing file /home/airflow/.local/lib/python3.12/site-packages/airflow/example_dags/example_task_group.py for tasks to queue
[2024-07-14T01:27:54.947+0000] {logging_mixin.py:188} INFO - [2024-07-14T01:27:54.947+0000] {dagbag.py:545} INFO - Filling up the DagBag from /home/airflow/.local/lib/python3.12/site-packages/airflow/example_dags/example_task_group.py
[2024-07-14T01:27:54.954+0000] {processor.py:840} INFO - DAG(s) 'example_task_group' retrieved from /home/airflow/.local/lib/python3.12/site-packages/airflow/example_dags/example_task_group.py
[2024-07-14T01:27:54.978+0000] {logging_mixin.py:188} INFO - [2024-07-14T01:27:54.978+0000] {dag.py:3096} INFO - Sync 1 DAGs
[2024-07-14T01:27:55.002+0000] {logging_mixin.py:188} INFO - [2024-07-14T01:27:55.001+0000] {dag.py:3954} INFO - Setting next_dagrun for example_task_group to 2024-07-13 00:00:00+00:00, run_after=2024-07-14 00:00:00+00:00
[2024-07-14T01:27:55.029+0000] {processor.py:183} INFO - Processing /home/airflow/.local/lib/python3.12/site-packages/airflow/example_dags/example_task_group.py took 0.089 seconds
[2024-07-14T01:28:26.176+0000] {processor.py:161} INFO - Started process (PID=1911) to work on /home/airflow/.local/lib/python3.12/site-packages/airflow/example_dags/example_task_group.py
[2024-07-14T01:28:26.178+0000] {processor.py:830} INFO - Processing file /home/airflow/.local/lib/python3.12/site-packages/airflow/example_dags/example_task_group.py for tasks to queue
[2024-07-14T01:28:26.179+0000] {logging_mixin.py:188} INFO - [2024-07-14T01:28:26.179+0000] {dagbag.py:545} INFO - Filling up the DagBag from /home/airflow/.local/lib/python3.12/site-packages/airflow/example_dags/example_task_group.py
[2024-07-14T01:28:26.201+0000] {processor.py:840} INFO - DAG(s) 'example_task_group' retrieved from /home/airflow/.local/lib/python3.12/site-packages/airflow/example_dags/example_task_group.py
[2024-07-14T01:28:26.258+0000] {logging_mixin.py:188} INFO - [2024-07-14T01:28:26.255+0000] {dag.py:3096} INFO - Sync 1 DAGs
[2024-07-14T01:28:26.318+0000] {logging_mixin.py:188} INFO - [2024-07-14T01:28:26.318+0000] {dag.py:3954} INFO - Setting next_dagrun for example_task_group to 2024-07-13 00:00:00+00:00, run_after=2024-07-14 00:00:00+00:00
[2024-07-14T01:28:26.367+0000] {processor.py:183} INFO - Processing /home/airflow/.local/lib/python3.12/site-packages/airflow/example_dags/example_task_group.py took 0.206 seconds
[2024-07-14T01:28:56.467+0000] {processor.py:161} INFO - Started process (PID=1969) to work on /home/airflow/.local/lib/python3.12/site-packages/airflow/example_dags/example_task_group.py
[2024-07-14T01:28:56.468+0000] {processor.py:830} INFO - Processing file /home/airflow/.local/lib/python3.12/site-packages/airflow/example_dags/example_task_group.py for tasks to queue
[2024-07-14T01:28:56.469+0000] {logging_mixin.py:188} INFO - [2024-07-14T01:28:56.469+0000] {dagbag.py:545} INFO - Filling up the DagBag from /home/airflow/.local/lib/python3.12/site-packages/airflow/example_dags/example_task_group.py
[2024-07-14T01:28:56.475+0000] {processor.py:840} INFO - DAG(s) 'example_task_group' retrieved from /home/airflow/.local/lib/python3.12/site-packages/airflow/example_dags/example_task_group.py
[2024-07-14T01:28:56.492+0000] {logging_mixin.py:188} INFO - [2024-07-14T01:28:56.491+0000] {dag.py:3096} INFO - Sync 1 DAGs
[2024-07-14T01:28:56.508+0000] {logging_mixin.py:188} INFO - [2024-07-14T01:28:56.508+0000] {dag.py:3954} INFO - Setting next_dagrun for example_task_group to 2024-07-13 00:00:00+00:00, run_after=2024-07-14 00:00:00+00:00
[2024-07-14T01:28:56.530+0000] {processor.py:183} INFO - Processing /home/airflow/.local/lib/python3.12/site-packages/airflow/example_dags/example_task_group.py took 0.067 seconds
[2024-07-14T01:29:26.771+0000] {processor.py:161} INFO - Started process (PID=2030) to work on /home/airflow/.local/lib/python3.12/site-packages/airflow/example_dags/example_task_group.py
[2024-07-14T01:29:26.772+0000] {processor.py:830} INFO - Processing file /home/airflow/.local/lib/python3.12/site-packages/airflow/example_dags/example_task_group.py for tasks to queue
[2024-07-14T01:29:26.774+0000] {logging_mixin.py:188} INFO - [2024-07-14T01:29:26.774+0000] {dagbag.py:545} INFO - Filling up the DagBag from /home/airflow/.local/lib/python3.12/site-packages/airflow/example_dags/example_task_group.py
[2024-07-14T01:29:26.785+0000] {processor.py:840} INFO - DAG(s) 'example_task_group' retrieved from /home/airflow/.local/lib/python3.12/site-packages/airflow/example_dags/example_task_group.py
[2024-07-14T01:29:26.869+0000] {logging_mixin.py:188} INFO - [2024-07-14T01:29:26.868+0000] {dag.py:3096} INFO - Sync 1 DAGs
[2024-07-14T01:29:26.963+0000] {logging_mixin.py:188} INFO - [2024-07-14T01:29:26.963+0000] {dag.py:3954} INFO - Setting next_dagrun for example_task_group to 2024-07-13 00:00:00+00:00, run_after=2024-07-14 00:00:00+00:00
[2024-07-14T01:29:27.011+0000] {processor.py:183} INFO - Processing /home/airflow/.local/lib/python3.12/site-packages/airflow/example_dags/example_task_group.py took 0.258 seconds
[2024-07-14T01:29:57.184+0000] {processor.py:161} INFO - Started process (PID=2091) to work on /home/airflow/.local/lib/python3.12/site-packages/airflow/example_dags/example_task_group.py
[2024-07-14T01:29:57.190+0000] {processor.py:830} INFO - Processing file /home/airflow/.local/lib/python3.12/site-packages/airflow/example_dags/example_task_group.py for tasks to queue
[2024-07-14T01:29:57.191+0000] {logging_mixin.py:188} INFO - [2024-07-14T01:29:57.191+0000] {dagbag.py:545} INFO - Filling up the DagBag from /home/airflow/.local/lib/python3.12/site-packages/airflow/example_dags/example_task_group.py
[2024-07-14T01:29:57.208+0000] {processor.py:840} INFO - DAG(s) 'example_task_group' retrieved from /home/airflow/.local/lib/python3.12/site-packages/airflow/example_dags/example_task_group.py
[2024-07-14T01:29:57.266+0000] {logging_mixin.py:188} INFO - [2024-07-14T01:29:57.265+0000] {dag.py:3096} INFO - Sync 1 DAGs
[2024-07-14T01:29:57.295+0000] {logging_mixin.py:188} INFO - [2024-07-14T01:29:57.295+0000] {dag.py:3954} INFO - Setting next_dagrun for example_task_group to 2024-07-13 00:00:00+00:00, run_after=2024-07-14 00:00:00+00:00
[2024-07-14T01:29:57.335+0000] {processor.py:183} INFO - Processing /home/airflow/.local/lib/python3.12/site-packages/airflow/example_dags/example_task_group.py took 0.163 seconds
[2024-07-14T01:30:27.632+0000] {processor.py:161} INFO - Started process (PID=2152) to work on /home/airflow/.local/lib/python3.12/site-packages/airflow/example_dags/example_task_group.py
[2024-07-14T01:30:27.633+0000] {processor.py:830} INFO - Processing file /home/airflow/.local/lib/python3.12/site-packages/airflow/example_dags/example_task_group.py for tasks to queue
[2024-07-14T01:30:27.635+0000] {logging_mixin.py:188} INFO - [2024-07-14T01:30:27.635+0000] {dagbag.py:545} INFO - Filling up the DagBag from /home/airflow/.local/lib/python3.12/site-packages/airflow/example_dags/example_task_group.py
[2024-07-14T01:30:27.644+0000] {processor.py:840} INFO - DAG(s) 'example_task_group' retrieved from /home/airflow/.local/lib/python3.12/site-packages/airflow/example_dags/example_task_group.py
[2024-07-14T01:30:27.675+0000] {logging_mixin.py:188} INFO - [2024-07-14T01:30:27.675+0000] {dag.py:3096} INFO - Sync 1 DAGs
[2024-07-14T01:30:27.701+0000] {logging_mixin.py:188} INFO - [2024-07-14T01:30:27.700+0000] {dag.py:3954} INFO - Setting next_dagrun for example_task_group to 2024-07-13 00:00:00+00:00, run_after=2024-07-14 00:00:00+00:00
[2024-07-14T01:30:27.729+0000] {processor.py:183} INFO - Processing /home/airflow/.local/lib/python3.12/site-packages/airflow/example_dags/example_task_group.py took 0.103 seconds
[2024-07-14T01:30:58.066+0000] {processor.py:161} INFO - Started process (PID=2213) to work on /home/airflow/.local/lib/python3.12/site-packages/airflow/example_dags/example_task_group.py
[2024-07-14T01:30:58.067+0000] {processor.py:830} INFO - Processing file /home/airflow/.local/lib/python3.12/site-packages/airflow/example_dags/example_task_group.py for tasks to queue
[2024-07-14T01:30:58.069+0000] {logging_mixin.py:188} INFO - [2024-07-14T01:30:58.068+0000] {dagbag.py:545} INFO - Filling up the DagBag from /home/airflow/.local/lib/python3.12/site-packages/airflow/example_dags/example_task_group.py
[2024-07-14T01:30:58.077+0000] {processor.py:840} INFO - DAG(s) 'example_task_group' retrieved from /home/airflow/.local/lib/python3.12/site-packages/airflow/example_dags/example_task_group.py
[2024-07-14T01:30:58.099+0000] {logging_mixin.py:188} INFO - [2024-07-14T01:30:58.099+0000] {dag.py:3096} INFO - Sync 1 DAGs
[2024-07-14T01:30:58.124+0000] {logging_mixin.py:188} INFO - [2024-07-14T01:30:58.123+0000] {dag.py:3954} INFO - Setting next_dagrun for example_task_group to 2024-07-13 00:00:00+00:00, run_after=2024-07-14 00:00:00+00:00
[2024-07-14T01:30:58.149+0000] {processor.py:183} INFO - Processing /home/airflow/.local/lib/python3.12/site-packages/airflow/example_dags/example_task_group.py took 0.096 seconds
[2024-07-14T01:31:28.323+0000] {processor.py:161} INFO - Started process (PID=2274) to work on /home/airflow/.local/lib/python3.12/site-packages/airflow/example_dags/example_task_group.py
[2024-07-14T01:31:28.334+0000] {processor.py:830} INFO - Processing file /home/airflow/.local/lib/python3.12/site-packages/airflow/example_dags/example_task_group.py for tasks to queue
[2024-07-14T01:31:28.335+0000] {logging_mixin.py:188} INFO - [2024-07-14T01:31:28.335+0000] {dagbag.py:545} INFO - Filling up the DagBag from /home/airflow/.local/lib/python3.12/site-packages/airflow/example_dags/example_task_group.py
[2024-07-14T01:31:28.357+0000] {processor.py:840} INFO - DAG(s) 'example_task_group' retrieved from /home/airflow/.local/lib/python3.12/site-packages/airflow/example_dags/example_task_group.py
[2024-07-14T01:31:28.384+0000] {logging_mixin.py:188} INFO - [2024-07-14T01:31:28.384+0000] {dag.py:3096} INFO - Sync 1 DAGs
[2024-07-14T01:31:28.410+0000] {logging_mixin.py:188} INFO - [2024-07-14T01:31:28.410+0000] {dag.py:3954} INFO - Setting next_dagrun for example_task_group to 2024-07-13 00:00:00+00:00, run_after=2024-07-14 00:00:00+00:00
[2024-07-14T01:31:28.441+0000] {processor.py:183} INFO - Processing /home/airflow/.local/lib/python3.12/site-packages/airflow/example_dags/example_task_group.py took 0.125 seconds
[2024-07-14T01:31:59.114+0000] {processor.py:161} INFO - Started process (PID=2334) to work on /home/airflow/.local/lib/python3.12/site-packages/airflow/example_dags/example_task_group.py
[2024-07-14T01:31:59.115+0000] {processor.py:830} INFO - Processing file /home/airflow/.local/lib/python3.12/site-packages/airflow/example_dags/example_task_group.py for tasks to queue
[2024-07-14T01:31:59.117+0000] {logging_mixin.py:188} INFO - [2024-07-14T01:31:59.117+0000] {dagbag.py:545} INFO - Filling up the DagBag from /home/airflow/.local/lib/python3.12/site-packages/airflow/example_dags/example_task_group.py
[2024-07-14T01:31:59.124+0000] {processor.py:840} INFO - DAG(s) 'example_task_group' retrieved from /home/airflow/.local/lib/python3.12/site-packages/airflow/example_dags/example_task_group.py
[2024-07-14T01:31:59.148+0000] {logging_mixin.py:188} INFO - [2024-07-14T01:31:59.147+0000] {dag.py:3096} INFO - Sync 1 DAGs
[2024-07-14T01:31:59.171+0000] {logging_mixin.py:188} INFO - [2024-07-14T01:31:59.171+0000] {dag.py:3954} INFO - Setting next_dagrun for example_task_group to 2024-07-13 00:00:00+00:00, run_after=2024-07-14 00:00:00+00:00
[2024-07-14T01:31:59.198+0000] {processor.py:183} INFO - Processing /home/airflow/.local/lib/python3.12/site-packages/airflow/example_dags/example_task_group.py took 0.090 seconds
[2024-07-14T01:32:30.126+0000] {processor.py:161} INFO - Started process (PID=2395) to work on /home/airflow/.local/lib/python3.12/site-packages/airflow/example_dags/example_task_group.py
[2024-07-14T01:32:30.137+0000] {processor.py:830} INFO - Processing file /home/airflow/.local/lib/python3.12/site-packages/airflow/example_dags/example_task_group.py for tasks to queue
[2024-07-14T01:32:30.139+0000] {logging_mixin.py:188} INFO - [2024-07-14T01:32:30.138+0000] {dagbag.py:545} INFO - Filling up the DagBag from /home/airflow/.local/lib/python3.12/site-packages/airflow/example_dags/example_task_group.py
[2024-07-14T01:32:30.146+0000] {processor.py:840} INFO - DAG(s) 'example_task_group' retrieved from /home/airflow/.local/lib/python3.12/site-packages/airflow/example_dags/example_task_group.py
[2024-07-14T01:32:30.176+0000] {logging_mixin.py:188} INFO - [2024-07-14T01:32:30.175+0000] {dag.py:3096} INFO - Sync 1 DAGs
[2024-07-14T01:32:30.233+0000] {logging_mixin.py:188} INFO - [2024-07-14T01:32:30.232+0000] {dag.py:3954} INFO - Setting next_dagrun for example_task_group to 2024-07-13 00:00:00+00:00, run_after=2024-07-14 00:00:00+00:00
[2024-07-14T01:32:30.270+0000] {processor.py:183} INFO - Processing /home/airflow/.local/lib/python3.12/site-packages/airflow/example_dags/example_task_group.py took 0.161 seconds
[2024-07-14T01:33:00.438+0000] {processor.py:161} INFO - Started process (PID=2456) to work on /home/airflow/.local/lib/python3.12/site-packages/airflow/example_dags/example_task_group.py
[2024-07-14T01:33:00.444+0000] {processor.py:830} INFO - Processing file /home/airflow/.local/lib/python3.12/site-packages/airflow/example_dags/example_task_group.py for tasks to queue
[2024-07-14T01:33:00.446+0000] {logging_mixin.py:188} INFO - [2024-07-14T01:33:00.445+0000] {dagbag.py:545} INFO - Filling up the DagBag from /home/airflow/.local/lib/python3.12/site-packages/airflow/example_dags/example_task_group.py
[2024-07-14T01:33:00.458+0000] {processor.py:840} INFO - DAG(s) 'example_task_group' retrieved from /home/airflow/.local/lib/python3.12/site-packages/airflow/example_dags/example_task_group.py
[2024-07-14T01:33:00.651+0000] {logging_mixin.py:188} INFO - [2024-07-14T01:33:00.651+0000] {dag.py:3096} INFO - Sync 1 DAGs
[2024-07-14T01:33:00.700+0000] {logging_mixin.py:188} INFO - [2024-07-14T01:33:00.700+0000] {dag.py:3954} INFO - Setting next_dagrun for example_task_group to 2024-07-13 00:00:00+00:00, run_after=2024-07-14 00:00:00+00:00
[2024-07-14T01:33:00.745+0000] {processor.py:183} INFO - Processing /home/airflow/.local/lib/python3.12/site-packages/airflow/example_dags/example_task_group.py took 0.323 seconds
[2024-07-14T01:33:31.182+0000] {processor.py:161} INFO - Started process (PID=2517) to work on /home/airflow/.local/lib/python3.12/site-packages/airflow/example_dags/example_task_group.py
[2024-07-14T01:33:31.183+0000] {processor.py:830} INFO - Processing file /home/airflow/.local/lib/python3.12/site-packages/airflow/example_dags/example_task_group.py for tasks to queue
[2024-07-14T01:33:31.185+0000] {logging_mixin.py:188} INFO - [2024-07-14T01:33:31.184+0000] {dagbag.py:545} INFO - Filling up the DagBag from /home/airflow/.local/lib/python3.12/site-packages/airflow/example_dags/example_task_group.py
[2024-07-14T01:33:31.192+0000] {processor.py:840} INFO - DAG(s) 'example_task_group' retrieved from /home/airflow/.local/lib/python3.12/site-packages/airflow/example_dags/example_task_group.py
[2024-07-14T01:33:31.215+0000] {logging_mixin.py:188} INFO - [2024-07-14T01:33:31.215+0000] {dag.py:3096} INFO - Sync 1 DAGs
[2024-07-14T01:33:31.240+0000] {logging_mixin.py:188} INFO - [2024-07-14T01:33:31.239+0000] {dag.py:3954} INFO - Setting next_dagrun for example_task_group to 2024-07-13 00:00:00+00:00, run_after=2024-07-14 00:00:00+00:00
[2024-07-14T01:33:31.267+0000] {processor.py:183} INFO - Processing /home/airflow/.local/lib/python3.12/site-packages/airflow/example_dags/example_task_group.py took 0.091 seconds
[2024-07-14T01:34:02.404+0000] {processor.py:161} INFO - Started process (PID=2578) to work on /home/airflow/.local/lib/python3.12/site-packages/airflow/example_dags/example_task_group.py
[2024-07-14T01:34:02.405+0000] {processor.py:830} INFO - Processing file /home/airflow/.local/lib/python3.12/site-packages/airflow/example_dags/example_task_group.py for tasks to queue
[2024-07-14T01:34:02.407+0000] {logging_mixin.py:188} INFO - [2024-07-14T01:34:02.407+0000] {dagbag.py:545} INFO - Filling up the DagBag from /home/airflow/.local/lib/python3.12/site-packages/airflow/example_dags/example_task_group.py
[2024-07-14T01:34:02.414+0000] {processor.py:840} INFO - DAG(s) 'example_task_group' retrieved from /home/airflow/.local/lib/python3.12/site-packages/airflow/example_dags/example_task_group.py
[2024-07-14T01:34:02.464+0000] {logging_mixin.py:188} INFO - [2024-07-14T01:34:02.464+0000] {dag.py:3096} INFO - Sync 1 DAGs
[2024-07-14T01:34:02.512+0000] {logging_mixin.py:188} INFO - [2024-07-14T01:34:02.512+0000] {dag.py:3954} INFO - Setting next_dagrun for example_task_group to 2024-07-13 00:00:00+00:00, run_after=2024-07-14 00:00:00+00:00
[2024-07-14T01:34:02.548+0000] {processor.py:183} INFO - Processing /home/airflow/.local/lib/python3.12/site-packages/airflow/example_dags/example_task_group.py took 0.149 seconds
[2024-07-14T01:34:32.594+0000] {processor.py:161} INFO - Started process (PID=2637) to work on /home/airflow/.local/lib/python3.12/site-packages/airflow/example_dags/example_task_group.py
[2024-07-14T01:34:32.594+0000] {processor.py:830} INFO - Processing file /home/airflow/.local/lib/python3.12/site-packages/airflow/example_dags/example_task_group.py for tasks to queue
[2024-07-14T01:34:32.596+0000] {logging_mixin.py:188} INFO - [2024-07-14T01:34:32.596+0000] {dagbag.py:545} INFO - Filling up the DagBag from /home/airflow/.local/lib/python3.12/site-packages/airflow/example_dags/example_task_group.py
[2024-07-14T01:34:32.601+0000] {processor.py:840} INFO - DAG(s) 'example_task_group' retrieved from /home/airflow/.local/lib/python3.12/site-packages/airflow/example_dags/example_task_group.py
[2024-07-14T01:34:32.617+0000] {logging_mixin.py:188} INFO - [2024-07-14T01:34:32.617+0000] {dag.py:3096} INFO - Sync 1 DAGs
[2024-07-14T01:34:32.634+0000] {logging_mixin.py:188} INFO - [2024-07-14T01:34:32.633+0000] {dag.py:3954} INFO - Setting next_dagrun for example_task_group to 2024-07-13 00:00:00+00:00, run_after=2024-07-14 00:00:00+00:00
[2024-07-14T01:34:32.656+0000] {processor.py:183} INFO - Processing /home/airflow/.local/lib/python3.12/site-packages/airflow/example_dags/example_task_group.py took 0.067 seconds
[2024-07-14T01:35:03.128+0000] {processor.py:161} INFO - Started process (PID=2698) to work on /home/airflow/.local/lib/python3.12/site-packages/airflow/example_dags/example_task_group.py
[2024-07-14T01:35:03.128+0000] {processor.py:830} INFO - Processing file /home/airflow/.local/lib/python3.12/site-packages/airflow/example_dags/example_task_group.py for tasks to queue
[2024-07-14T01:35:03.130+0000] {logging_mixin.py:188} INFO - [2024-07-14T01:35:03.130+0000] {dagbag.py:545} INFO - Filling up the DagBag from /home/airflow/.local/lib/python3.12/site-packages/airflow/example_dags/example_task_group.py
[2024-07-14T01:35:03.138+0000] {processor.py:840} INFO - DAG(s) 'example_task_group' retrieved from /home/airflow/.local/lib/python3.12/site-packages/airflow/example_dags/example_task_group.py
[2024-07-14T01:35:03.162+0000] {logging_mixin.py:188} INFO - [2024-07-14T01:35:03.162+0000] {dag.py:3096} INFO - Sync 1 DAGs
[2024-07-14T01:35:03.186+0000] {logging_mixin.py:188} INFO - [2024-07-14T01:35:03.186+0000] {dag.py:3954} INFO - Setting next_dagrun for example_task_group to 2024-07-13 00:00:00+00:00, run_after=2024-07-14 00:00:00+00:00
[2024-07-14T01:35:03.218+0000] {processor.py:183} INFO - Processing /home/airflow/.local/lib/python3.12/site-packages/airflow/example_dags/example_task_group.py took 0.097 seconds
[2024-07-14T01:35:33.508+0000] {processor.py:161} INFO - Started process (PID=2759) to work on /home/airflow/.local/lib/python3.12/site-packages/airflow/example_dags/example_task_group.py
[2024-07-14T01:35:33.508+0000] {processor.py:830} INFO - Processing file /home/airflow/.local/lib/python3.12/site-packages/airflow/example_dags/example_task_group.py for tasks to queue
[2024-07-14T01:35:33.510+0000] {logging_mixin.py:188} INFO - [2024-07-14T01:35:33.510+0000] {dagbag.py:545} INFO - Filling up the DagBag from /home/airflow/.local/lib/python3.12/site-packages/airflow/example_dags/example_task_group.py
[2024-07-14T01:35:33.518+0000] {processor.py:840} INFO - DAG(s) 'example_task_group' retrieved from /home/airflow/.local/lib/python3.12/site-packages/airflow/example_dags/example_task_group.py
[2024-07-14T01:35:33.541+0000] {logging_mixin.py:188} INFO - [2024-07-14T01:35:33.540+0000] {dag.py:3096} INFO - Sync 1 DAGs
[2024-07-14T01:35:33.565+0000] {logging_mixin.py:188} INFO - [2024-07-14T01:35:33.565+0000] {dag.py:3954} INFO - Setting next_dagrun for example_task_group to 2024-07-13 00:00:00+00:00, run_after=2024-07-14 00:00:00+00:00
[2024-07-14T01:35:33.592+0000] {processor.py:183} INFO - Processing /home/airflow/.local/lib/python3.12/site-packages/airflow/example_dags/example_task_group.py took 0.090 seconds
[2024-07-14T01:36:04.204+0000] {processor.py:161} INFO - Started process (PID=2820) to work on /home/airflow/.local/lib/python3.12/site-packages/airflow/example_dags/example_task_group.py
[2024-07-14T01:36:04.205+0000] {processor.py:830} INFO - Processing file /home/airflow/.local/lib/python3.12/site-packages/airflow/example_dags/example_task_group.py for tasks to queue
[2024-07-14T01:36:04.207+0000] {logging_mixin.py:188} INFO - [2024-07-14T01:36:04.206+0000] {dagbag.py:545} INFO - Filling up the DagBag from /home/airflow/.local/lib/python3.12/site-packages/airflow/example_dags/example_task_group.py
[2024-07-14T01:36:04.215+0000] {processor.py:840} INFO - DAG(s) 'example_task_group' retrieved from /home/airflow/.local/lib/python3.12/site-packages/airflow/example_dags/example_task_group.py
[2024-07-14T01:36:04.238+0000] {logging_mixin.py:188} INFO - [2024-07-14T01:36:04.237+0000] {dag.py:3096} INFO - Sync 1 DAGs
[2024-07-14T01:36:04.262+0000] {logging_mixin.py:188} INFO - [2024-07-14T01:36:04.262+0000] {dag.py:3954} INFO - Setting next_dagrun for example_task_group to 2024-07-13 00:00:00+00:00, run_after=2024-07-14 00:00:00+00:00
[2024-07-14T01:36:04.291+0000] {processor.py:183} INFO - Processing /home/airflow/.local/lib/python3.12/site-packages/airflow/example_dags/example_task_group.py took 0.095 seconds
[2024-07-14T01:36:34.964+0000] {processor.py:161} INFO - Started process (PID=2881) to work on /home/airflow/.local/lib/python3.12/site-packages/airflow/example_dags/example_task_group.py
[2024-07-14T01:36:34.964+0000] {processor.py:830} INFO - Processing file /home/airflow/.local/lib/python3.12/site-packages/airflow/example_dags/example_task_group.py for tasks to queue
[2024-07-14T01:36:34.966+0000] {logging_mixin.py:188} INFO - [2024-07-14T01:36:34.966+0000] {dagbag.py:545} INFO - Filling up the DagBag from /home/airflow/.local/lib/python3.12/site-packages/airflow/example_dags/example_task_group.py
[2024-07-14T01:36:34.974+0000] {processor.py:840} INFO - DAG(s) 'example_task_group' retrieved from /home/airflow/.local/lib/python3.12/site-packages/airflow/example_dags/example_task_group.py
[2024-07-14T01:36:35.007+0000] {logging_mixin.py:188} INFO - [2024-07-14T01:36:35.007+0000] {dag.py:3096} INFO - Sync 1 DAGs
[2024-07-14T01:36:35.048+0000] {logging_mixin.py:188} INFO - [2024-07-14T01:36:35.048+0000] {dag.py:3954} INFO - Setting next_dagrun for example_task_group to 2024-07-13 00:00:00+00:00, run_after=2024-07-14 00:00:00+00:00
[2024-07-14T01:36:35.082+0000] {processor.py:183} INFO - Processing /home/airflow/.local/lib/python3.12/site-packages/airflow/example_dags/example_task_group.py took 0.129 seconds
[2024-07-14T01:37:05.313+0000] {processor.py:161} INFO - Started process (PID=2942) to work on /home/airflow/.local/lib/python3.12/site-packages/airflow/example_dags/example_task_group.py
[2024-07-14T01:37:05.314+0000] {processor.py:830} INFO - Processing file /home/airflow/.local/lib/python3.12/site-packages/airflow/example_dags/example_task_group.py for tasks to queue
[2024-07-14T01:37:05.316+0000] {logging_mixin.py:188} INFO - [2024-07-14T01:37:05.316+0000] {dagbag.py:545} INFO - Filling up the DagBag from /home/airflow/.local/lib/python3.12/site-packages/airflow/example_dags/example_task_group.py
[2024-07-14T01:37:05.324+0000] {processor.py:840} INFO - DAG(s) 'example_task_group' retrieved from /home/airflow/.local/lib/python3.12/site-packages/airflow/example_dags/example_task_group.py
[2024-07-14T01:37:05.345+0000] {logging_mixin.py:188} INFO - [2024-07-14T01:37:05.345+0000] {dag.py:3096} INFO - Sync 1 DAGs
[2024-07-14T01:37:05.369+0000] {logging_mixin.py:188} INFO - [2024-07-14T01:37:05.369+0000] {dag.py:3954} INFO - Setting next_dagrun for example_task_group to 2024-07-13 00:00:00+00:00, run_after=2024-07-14 00:00:00+00:00
[2024-07-14T01:37:05.396+0000] {processor.py:183} INFO - Processing /home/airflow/.local/lib/python3.12/site-packages/airflow/example_dags/example_task_group.py took 0.088 seconds
[2024-07-14T01:37:36.151+0000] {processor.py:161} INFO - Started process (PID=3003) to work on /home/airflow/.local/lib/python3.12/site-packages/airflow/example_dags/example_task_group.py
[2024-07-14T01:37:36.152+0000] {processor.py:830} INFO - Processing file /home/airflow/.local/lib/python3.12/site-packages/airflow/example_dags/example_task_group.py for tasks to queue
[2024-07-14T01:37:36.153+0000] {logging_mixin.py:188} INFO - [2024-07-14T01:37:36.153+0000] {dagbag.py:545} INFO - Filling up the DagBag from /home/airflow/.local/lib/python3.12/site-packages/airflow/example_dags/example_task_group.py
[2024-07-14T01:37:36.166+0000] {processor.py:840} INFO - DAG(s) 'example_task_group' retrieved from /home/airflow/.local/lib/python3.12/site-packages/airflow/example_dags/example_task_group.py
[2024-07-14T01:37:36.196+0000] {logging_mixin.py:188} INFO - [2024-07-14T01:37:36.195+0000] {dag.py:3096} INFO - Sync 1 DAGs
[2024-07-14T01:37:36.239+0000] {logging_mixin.py:188} INFO - [2024-07-14T01:37:36.239+0000] {dag.py:3954} INFO - Setting next_dagrun for example_task_group to 2024-07-13 00:00:00+00:00, run_after=2024-07-14 00:00:00+00:00
[2024-07-14T01:37:36.274+0000] {processor.py:183} INFO - Processing /home/airflow/.local/lib/python3.12/site-packages/airflow/example_dags/example_task_group.py took 0.130 seconds
[2024-07-14T01:38:06.969+0000] {processor.py:161} INFO - Started process (PID=3065) to work on /home/airflow/.local/lib/python3.12/site-packages/airflow/example_dags/example_task_group.py
[2024-07-14T01:38:06.970+0000] {processor.py:830} INFO - Processing file /home/airflow/.local/lib/python3.12/site-packages/airflow/example_dags/example_task_group.py for tasks to queue
[2024-07-14T01:38:06.972+0000] {logging_mixin.py:188} INFO - [2024-07-14T01:38:06.971+0000] {dagbag.py:545} INFO - Filling up the DagBag from /home/airflow/.local/lib/python3.12/site-packages/airflow/example_dags/example_task_group.py
[2024-07-14T01:38:06.979+0000] {processor.py:840} INFO - DAG(s) 'example_task_group' retrieved from /home/airflow/.local/lib/python3.12/site-packages/airflow/example_dags/example_task_group.py
[2024-07-14T01:38:07.001+0000] {logging_mixin.py:188} INFO - [2024-07-14T01:38:07.001+0000] {dag.py:3096} INFO - Sync 1 DAGs
[2024-07-14T01:38:07.026+0000] {logging_mixin.py:188} INFO - [2024-07-14T01:38:07.026+0000] {dag.py:3954} INFO - Setting next_dagrun for example_task_group to 2024-07-13 00:00:00+00:00, run_after=2024-07-14 00:00:00+00:00
[2024-07-14T01:38:07.070+0000] {processor.py:183} INFO - Processing /home/airflow/.local/lib/python3.12/site-packages/airflow/example_dags/example_task_group.py took 0.107 seconds
[2024-07-14T01:38:37.752+0000] {processor.py:161} INFO - Started process (PID=3127) to work on /home/airflow/.local/lib/python3.12/site-packages/airflow/example_dags/example_task_group.py
[2024-07-14T01:38:37.753+0000] {processor.py:830} INFO - Processing file /home/airflow/.local/lib/python3.12/site-packages/airflow/example_dags/example_task_group.py for tasks to queue
[2024-07-14T01:38:37.755+0000] {logging_mixin.py:188} INFO - [2024-07-14T01:38:37.755+0000] {dagbag.py:545} INFO - Filling up the DagBag from /home/airflow/.local/lib/python3.12/site-packages/airflow/example_dags/example_task_group.py
[2024-07-14T01:38:37.770+0000] {processor.py:840} INFO - DAG(s) 'example_task_group' retrieved from /home/airflow/.local/lib/python3.12/site-packages/airflow/example_dags/example_task_group.py
[2024-07-14T01:38:37.834+0000] {logging_mixin.py:188} INFO - [2024-07-14T01:38:37.833+0000] {dag.py:3096} INFO - Sync 1 DAGs
[2024-07-14T01:38:37.920+0000] {logging_mixin.py:188} INFO - [2024-07-14T01:38:37.920+0000] {dag.py:3954} INFO - Setting next_dagrun for example_task_group to 2024-07-13 00:00:00+00:00, run_after=2024-07-14 00:00:00+00:00
[2024-07-14T01:38:37.985+0000] {processor.py:183} INFO - Processing /home/airflow/.local/lib/python3.12/site-packages/airflow/example_dags/example_task_group.py took 0.258 seconds
[2024-07-14T01:39:08.434+0000] {processor.py:161} INFO - Started process (PID=3188) to work on /home/airflow/.local/lib/python3.12/site-packages/airflow/example_dags/example_task_group.py
[2024-07-14T01:39:08.435+0000] {processor.py:830} INFO - Processing file /home/airflow/.local/lib/python3.12/site-packages/airflow/example_dags/example_task_group.py for tasks to queue
[2024-07-14T01:39:08.438+0000] {logging_mixin.py:188} INFO - [2024-07-14T01:39:08.437+0000] {dagbag.py:545} INFO - Filling up the DagBag from /home/airflow/.local/lib/python3.12/site-packages/airflow/example_dags/example_task_group.py
[2024-07-14T01:39:08.462+0000] {processor.py:840} INFO - DAG(s) 'example_task_group' retrieved from /home/airflow/.local/lib/python3.12/site-packages/airflow/example_dags/example_task_group.py
[2024-07-14T01:39:08.576+0000] {logging_mixin.py:188} INFO - [2024-07-14T01:39:08.576+0000] {dag.py:3096} INFO - Sync 1 DAGs
[2024-07-14T01:39:08.602+0000] {logging_mixin.py:188} INFO - [2024-07-14T01:39:08.602+0000] {dag.py:3954} INFO - Setting next_dagrun for example_task_group to 2024-07-13 00:00:00+00:00, run_after=2024-07-14 00:00:00+00:00
[2024-07-14T01:39:08.628+0000] {processor.py:183} INFO - Processing /home/airflow/.local/lib/python3.12/site-packages/airflow/example_dags/example_task_group.py took 0.199 seconds
[2024-07-14T01:39:39.261+0000] {processor.py:161} INFO - Started process (PID=3249) to work on /home/airflow/.local/lib/python3.12/site-packages/airflow/example_dags/example_task_group.py
[2024-07-14T01:39:39.262+0000] {processor.py:830} INFO - Processing file /home/airflow/.local/lib/python3.12/site-packages/airflow/example_dags/example_task_group.py for tasks to queue
[2024-07-14T01:39:39.264+0000] {logging_mixin.py:188} INFO - [2024-07-14T01:39:39.264+0000] {dagbag.py:545} INFO - Filling up the DagBag from /home/airflow/.local/lib/python3.12/site-packages/airflow/example_dags/example_task_group.py
[2024-07-14T01:39:39.272+0000] {processor.py:840} INFO - DAG(s) 'example_task_group' retrieved from /home/airflow/.local/lib/python3.12/site-packages/airflow/example_dags/example_task_group.py
[2024-07-14T01:39:39.294+0000] {logging_mixin.py:188} INFO - [2024-07-14T01:39:39.294+0000] {dag.py:3096} INFO - Sync 1 DAGs
[2024-07-14T01:39:39.318+0000] {logging_mixin.py:188} INFO - [2024-07-14T01:39:39.318+0000] {dag.py:3954} INFO - Setting next_dagrun for example_task_group to 2024-07-13 00:00:00+00:00, run_after=2024-07-14 00:00:00+00:00
[2024-07-14T01:39:39.345+0000] {processor.py:183} INFO - Processing /home/airflow/.local/lib/python3.12/site-packages/airflow/example_dags/example_task_group.py took 0.091 seconds
[2024-07-14T01:40:10.139+0000] {processor.py:161} INFO - Started process (PID=3310) to work on /home/airflow/.local/lib/python3.12/site-packages/airflow/example_dags/example_task_group.py
[2024-07-14T01:40:10.140+0000] {processor.py:830} INFO - Processing file /home/airflow/.local/lib/python3.12/site-packages/airflow/example_dags/example_task_group.py for tasks to queue
[2024-07-14T01:40:10.142+0000] {logging_mixin.py:188} INFO - [2024-07-14T01:40:10.142+0000] {dagbag.py:545} INFO - Filling up the DagBag from /home/airflow/.local/lib/python3.12/site-packages/airflow/example_dags/example_task_group.py
[2024-07-14T01:40:10.150+0000] {processor.py:840} INFO - DAG(s) 'example_task_group' retrieved from /home/airflow/.local/lib/python3.12/site-packages/airflow/example_dags/example_task_group.py
[2024-07-14T01:40:10.172+0000] {logging_mixin.py:188} INFO - [2024-07-14T01:40:10.172+0000] {dag.py:3096} INFO - Sync 1 DAGs
[2024-07-14T01:40:10.198+0000] {logging_mixin.py:188} INFO - [2024-07-14T01:40:10.198+0000] {dag.py:3954} INFO - Setting next_dagrun for example_task_group to 2024-07-13 00:00:00+00:00, run_after=2024-07-14 00:00:00+00:00
[2024-07-14T01:40:10.231+0000] {processor.py:183} INFO - Processing /home/airflow/.local/lib/python3.12/site-packages/airflow/example_dags/example_task_group.py took 0.097 seconds
[2024-07-14T01:40:40.297+0000] {processor.py:161} INFO - Started process (PID=3370) to work on /home/airflow/.local/lib/python3.12/site-packages/airflow/example_dags/example_task_group.py
[2024-07-14T01:40:40.297+0000] {processor.py:830} INFO - Processing file /home/airflow/.local/lib/python3.12/site-packages/airflow/example_dags/example_task_group.py for tasks to queue
[2024-07-14T01:40:40.298+0000] {logging_mixin.py:188} INFO - [2024-07-14T01:40:40.298+0000] {dagbag.py:545} INFO - Filling up the DagBag from /home/airflow/.local/lib/python3.12/site-packages/airflow/example_dags/example_task_group.py
[2024-07-14T01:40:40.304+0000] {processor.py:840} INFO - DAG(s) 'example_task_group' retrieved from /home/airflow/.local/lib/python3.12/site-packages/airflow/example_dags/example_task_group.py
[2024-07-14T01:40:40.330+0000] {logging_mixin.py:188} INFO - [2024-07-14T01:40:40.330+0000] {dag.py:3096} INFO - Sync 1 DAGs
[2024-07-14T01:40:40.353+0000] {logging_mixin.py:188} INFO - [2024-07-14T01:40:40.353+0000] {dag.py:3954} INFO - Setting next_dagrun for example_task_group to 2024-07-13 00:00:00+00:00, run_after=2024-07-14 00:00:00+00:00
[2024-07-14T01:40:40.383+0000] {processor.py:183} INFO - Processing /home/airflow/.local/lib/python3.12/site-packages/airflow/example_dags/example_task_group.py took 0.090 seconds
[2024-07-14T01:41:10.530+0000] {processor.py:161} INFO - Started process (PID=3431) to work on /home/airflow/.local/lib/python3.12/site-packages/airflow/example_dags/example_task_group.py
[2024-07-14T01:41:10.531+0000] {processor.py:830} INFO - Processing file /home/airflow/.local/lib/python3.12/site-packages/airflow/example_dags/example_task_group.py for tasks to queue
[2024-07-14T01:41:10.533+0000] {logging_mixin.py:188} INFO - [2024-07-14T01:41:10.532+0000] {dagbag.py:545} INFO - Filling up the DagBag from /home/airflow/.local/lib/python3.12/site-packages/airflow/example_dags/example_task_group.py
[2024-07-14T01:41:10.541+0000] {processor.py:840} INFO - DAG(s) 'example_task_group' retrieved from /home/airflow/.local/lib/python3.12/site-packages/airflow/example_dags/example_task_group.py
[2024-07-14T01:41:10.567+0000] {logging_mixin.py:188} INFO - [2024-07-14T01:41:10.567+0000] {dag.py:3096} INFO - Sync 1 DAGs
[2024-07-14T01:41:10.590+0000] {logging_mixin.py:188} INFO - [2024-07-14T01:41:10.590+0000] {dag.py:3954} INFO - Setting next_dagrun for example_task_group to 2024-07-13 00:00:00+00:00, run_after=2024-07-14 00:00:00+00:00
[2024-07-14T01:41:10.616+0000] {processor.py:183} INFO - Processing /home/airflow/.local/lib/python3.12/site-packages/airflow/example_dags/example_task_group.py took 0.092 seconds
[2024-07-14T01:41:41.310+0000] {processor.py:161} INFO - Started process (PID=3494) to work on /home/airflow/.local/lib/python3.12/site-packages/airflow/example_dags/example_task_group.py
[2024-07-14T01:41:41.310+0000] {processor.py:830} INFO - Processing file /home/airflow/.local/lib/python3.12/site-packages/airflow/example_dags/example_task_group.py for tasks to queue
[2024-07-14T01:41:41.312+0000] {logging_mixin.py:188} INFO - [2024-07-14T01:41:41.312+0000] {dagbag.py:545} INFO - Filling up the DagBag from /home/airflow/.local/lib/python3.12/site-packages/airflow/example_dags/example_task_group.py
[2024-07-14T01:41:41.320+0000] {processor.py:840} INFO - DAG(s) 'example_task_group' retrieved from /home/airflow/.local/lib/python3.12/site-packages/airflow/example_dags/example_task_group.py
[2024-07-14T01:41:41.349+0000] {logging_mixin.py:188} INFO - [2024-07-14T01:41:41.349+0000] {dag.py:3096} INFO - Sync 1 DAGs
[2024-07-14T01:41:41.374+0000] {logging_mixin.py:188} INFO - [2024-07-14T01:41:41.374+0000] {dag.py:3954} INFO - Setting next_dagrun for example_task_group to 2024-07-13 00:00:00+00:00, run_after=2024-07-14 00:00:00+00:00
[2024-07-14T01:41:41.399+0000] {processor.py:183} INFO - Processing /home/airflow/.local/lib/python3.12/site-packages/airflow/example_dags/example_task_group.py took 0.095 seconds
[2024-07-14T01:42:12.260+0000] {processor.py:161} INFO - Started process (PID=3556) to work on /home/airflow/.local/lib/python3.12/site-packages/airflow/example_dags/example_task_group.py
[2024-07-14T01:42:12.261+0000] {processor.py:830} INFO - Processing file /home/airflow/.local/lib/python3.12/site-packages/airflow/example_dags/example_task_group.py for tasks to queue
[2024-07-14T01:42:12.262+0000] {logging_mixin.py:188} INFO - [2024-07-14T01:42:12.262+0000] {dagbag.py:545} INFO - Filling up the DagBag from /home/airflow/.local/lib/python3.12/site-packages/airflow/example_dags/example_task_group.py
[2024-07-14T01:42:12.270+0000] {processor.py:840} INFO - DAG(s) 'example_task_group' retrieved from /home/airflow/.local/lib/python3.12/site-packages/airflow/example_dags/example_task_group.py
[2024-07-14T01:42:12.293+0000] {logging_mixin.py:188} INFO - [2024-07-14T01:42:12.292+0000] {dag.py:3096} INFO - Sync 1 DAGs
[2024-07-14T01:42:12.327+0000] {logging_mixin.py:188} INFO - [2024-07-14T01:42:12.327+0000] {dag.py:3954} INFO - Setting next_dagrun for example_task_group to 2024-07-13 00:00:00+00:00, run_after=2024-07-14 00:00:00+00:00
[2024-07-14T01:42:12.361+0000] {processor.py:183} INFO - Processing /home/airflow/.local/lib/python3.12/site-packages/airflow/example_dags/example_task_group.py took 0.107 seconds
[2024-07-14T01:42:42.453+0000] {processor.py:161} INFO - Started process (PID=3614) to work on /home/airflow/.local/lib/python3.12/site-packages/airflow/example_dags/example_task_group.py
[2024-07-14T01:42:42.454+0000] {processor.py:830} INFO - Processing file /home/airflow/.local/lib/python3.12/site-packages/airflow/example_dags/example_task_group.py for tasks to queue
[2024-07-14T01:42:42.456+0000] {logging_mixin.py:188} INFO - [2024-07-14T01:42:42.456+0000] {dagbag.py:545} INFO - Filling up the DagBag from /home/airflow/.local/lib/python3.12/site-packages/airflow/example_dags/example_task_group.py
[2024-07-14T01:42:42.465+0000] {processor.py:840} INFO - DAG(s) 'example_task_group' retrieved from /home/airflow/.local/lib/python3.12/site-packages/airflow/example_dags/example_task_group.py
[2024-07-14T01:42:42.500+0000] {logging_mixin.py:188} INFO - [2024-07-14T01:42:42.500+0000] {dag.py:3096} INFO - Sync 1 DAGs
[2024-07-14T01:42:42.528+0000] {logging_mixin.py:188} INFO - [2024-07-14T01:42:42.527+0000] {dag.py:3954} INFO - Setting next_dagrun for example_task_group to 2024-07-13 00:00:00+00:00, run_after=2024-07-14 00:00:00+00:00
[2024-07-14T01:42:42.566+0000] {processor.py:183} INFO - Processing /home/airflow/.local/lib/python3.12/site-packages/airflow/example_dags/example_task_group.py took 0.119 seconds
[2024-07-14T01:43:13.001+0000] {processor.py:161} INFO - Started process (PID=3675) to work on /home/airflow/.local/lib/python3.12/site-packages/airflow/example_dags/example_task_group.py
[2024-07-14T01:43:13.002+0000] {processor.py:830} INFO - Processing file /home/airflow/.local/lib/python3.12/site-packages/airflow/example_dags/example_task_group.py for tasks to queue
[2024-07-14T01:43:13.004+0000] {logging_mixin.py:188} INFO - [2024-07-14T01:43:13.004+0000] {dagbag.py:545} INFO - Filling up the DagBag from /home/airflow/.local/lib/python3.12/site-packages/airflow/example_dags/example_task_group.py
[2024-07-14T01:43:13.011+0000] {processor.py:840} INFO - DAG(s) 'example_task_group' retrieved from /home/airflow/.local/lib/python3.12/site-packages/airflow/example_dags/example_task_group.py
[2024-07-14T01:43:13.032+0000] {logging_mixin.py:188} INFO - [2024-07-14T01:43:13.032+0000] {dag.py:3096} INFO - Sync 1 DAGs
[2024-07-14T01:43:13.055+0000] {logging_mixin.py:188} INFO - [2024-07-14T01:43:13.055+0000] {dag.py:3954} INFO - Setting next_dagrun for example_task_group to 2024-07-13 00:00:00+00:00, run_after=2024-07-14 00:00:00+00:00
[2024-07-14T01:43:13.083+0000] {processor.py:183} INFO - Processing /home/airflow/.local/lib/python3.12/site-packages/airflow/example_dags/example_task_group.py took 0.091 seconds
[2024-07-14T01:43:43.829+0000] {processor.py:161} INFO - Started process (PID=3737) to work on /home/airflow/.local/lib/python3.12/site-packages/airflow/example_dags/example_task_group.py
[2024-07-14T01:43:43.852+0000] {processor.py:830} INFO - Processing file /home/airflow/.local/lib/python3.12/site-packages/airflow/example_dags/example_task_group.py for tasks to queue
[2024-07-14T01:43:43.854+0000] {logging_mixin.py:188} INFO - [2024-07-14T01:43:43.854+0000] {dagbag.py:545} INFO - Filling up the DagBag from /home/airflow/.local/lib/python3.12/site-packages/airflow/example_dags/example_task_group.py
[2024-07-14T01:43:43.884+0000] {processor.py:840} INFO - DAG(s) 'example_task_group' retrieved from /home/airflow/.local/lib/python3.12/site-packages/airflow/example_dags/example_task_group.py
[2024-07-14T01:43:44.037+0000] {logging_mixin.py:188} INFO - [2024-07-14T01:43:44.037+0000] {dag.py:3096} INFO - Sync 1 DAGs
[2024-07-14T01:43:44.152+0000] {logging_mixin.py:188} INFO - [2024-07-14T01:43:44.152+0000] {dag.py:3954} INFO - Setting next_dagrun for example_task_group to 2024-07-13 00:00:00+00:00, run_after=2024-07-14 00:00:00+00:00
[2024-07-14T01:43:44.191+0000] {processor.py:183} INFO - Processing /home/airflow/.local/lib/python3.12/site-packages/airflow/example_dags/example_task_group.py took 0.378 seconds
[2024-07-14T01:44:15.290+0000] {processor.py:161} INFO - Started process (PID=3800) to work on /home/airflow/.local/lib/python3.12/site-packages/airflow/example_dags/example_task_group.py
[2024-07-14T01:44:15.290+0000] {processor.py:830} INFO - Processing file /home/airflow/.local/lib/python3.12/site-packages/airflow/example_dags/example_task_group.py for tasks to queue
[2024-07-14T01:44:15.292+0000] {logging_mixin.py:188} INFO - [2024-07-14T01:44:15.292+0000] {dagbag.py:545} INFO - Filling up the DagBag from /home/airflow/.local/lib/python3.12/site-packages/airflow/example_dags/example_task_group.py
[2024-07-14T01:44:15.299+0000] {processor.py:840} INFO - DAG(s) 'example_task_group' retrieved from /home/airflow/.local/lib/python3.12/site-packages/airflow/example_dags/example_task_group.py
[2024-07-14T01:44:15.336+0000] {logging_mixin.py:188} INFO - [2024-07-14T01:44:15.336+0000] {dag.py:3096} INFO - Sync 1 DAGs
[2024-07-14T01:44:15.363+0000] {logging_mixin.py:188} INFO - [2024-07-14T01:44:15.362+0000] {dag.py:3954} INFO - Setting next_dagrun for example_task_group to 2024-07-13 00:00:00+00:00, run_after=2024-07-14 00:00:00+00:00
[2024-07-14T01:44:15.394+0000] {processor.py:183} INFO - Processing /home/airflow/.local/lib/python3.12/site-packages/airflow/example_dags/example_task_group.py took 0.112 seconds
[2024-07-14T01:44:45.571+0000] {processor.py:161} INFO - Started process (PID=3861) to work on /home/airflow/.local/lib/python3.12/site-packages/airflow/example_dags/example_task_group.py
[2024-07-14T01:44:45.572+0000] {processor.py:830} INFO - Processing file /home/airflow/.local/lib/python3.12/site-packages/airflow/example_dags/example_task_group.py for tasks to queue
[2024-07-14T01:44:45.574+0000] {logging_mixin.py:188} INFO - [2024-07-14T01:44:45.574+0000] {dagbag.py:545} INFO - Filling up the DagBag from /home/airflow/.local/lib/python3.12/site-packages/airflow/example_dags/example_task_group.py
[2024-07-14T01:44:45.582+0000] {processor.py:840} INFO - DAG(s) 'example_task_group' retrieved from /home/airflow/.local/lib/python3.12/site-packages/airflow/example_dags/example_task_group.py
[2024-07-14T01:44:45.608+0000] {logging_mixin.py:188} INFO - [2024-07-14T01:44:45.608+0000] {dag.py:3096} INFO - Sync 1 DAGs
[2024-07-14T01:44:45.628+0000] {logging_mixin.py:188} INFO - [2024-07-14T01:44:45.628+0000] {dag.py:3954} INFO - Setting next_dagrun for example_task_group to 2024-07-13 00:00:00+00:00, run_after=2024-07-14 00:00:00+00:00
[2024-07-14T01:44:45.658+0000] {processor.py:183} INFO - Processing /home/airflow/.local/lib/python3.12/site-packages/airflow/example_dags/example_task_group.py took 0.093 seconds
[2024-07-14T01:47:27.671+0000] {processor.py:161} INFO - Started process (PID=81) to work on /home/airflow/.local/lib/python3.12/site-packages/airflow/example_dags/example_task_group.py
[2024-07-14T01:47:27.672+0000] {processor.py:830} INFO - Processing file /home/airflow/.local/lib/python3.12/site-packages/airflow/example_dags/example_task_group.py for tasks to queue
[2024-07-14T01:47:27.674+0000] {logging_mixin.py:188} INFO - [2024-07-14T01:47:27.673+0000] {dagbag.py:545} INFO - Filling up the DagBag from /home/airflow/.local/lib/python3.12/site-packages/airflow/example_dags/example_task_group.py
[2024-07-14T01:47:27.682+0000] {processor.py:840} INFO - DAG(s) 'example_task_group' retrieved from /home/airflow/.local/lib/python3.12/site-packages/airflow/example_dags/example_task_group.py
[2024-07-14T01:47:27.802+0000] {logging_mixin.py:188} INFO - [2024-07-14T01:47:27.801+0000] {dag.py:3096} INFO - Sync 1 DAGs
[2024-07-14T01:47:27.831+0000] {logging_mixin.py:188} INFO - [2024-07-14T01:47:27.831+0000] {dag.py:3954} INFO - Setting next_dagrun for example_task_group to 2024-07-13 00:00:00+00:00, run_after=2024-07-14 00:00:00+00:00
[2024-07-14T01:47:27.856+0000] {processor.py:183} INFO - Processing /home/airflow/.local/lib/python3.12/site-packages/airflow/example_dags/example_task_group.py took 0.191 seconds
[2024-07-14T01:47:58.331+0000] {processor.py:161} INFO - Started process (PID=141) to work on /home/airflow/.local/lib/python3.12/site-packages/airflow/example_dags/example_task_group.py
[2024-07-14T01:47:58.332+0000] {processor.py:830} INFO - Processing file /home/airflow/.local/lib/python3.12/site-packages/airflow/example_dags/example_task_group.py for tasks to queue
[2024-07-14T01:47:58.334+0000] {logging_mixin.py:188} INFO - [2024-07-14T01:47:58.334+0000] {dagbag.py:545} INFO - Filling up the DagBag from /home/airflow/.local/lib/python3.12/site-packages/airflow/example_dags/example_task_group.py
[2024-07-14T01:47:58.340+0000] {processor.py:840} INFO - DAG(s) 'example_task_group' retrieved from /home/airflow/.local/lib/python3.12/site-packages/airflow/example_dags/example_task_group.py
[2024-07-14T01:47:58.361+0000] {logging_mixin.py:188} INFO - [2024-07-14T01:47:58.361+0000] {dag.py:3096} INFO - Sync 1 DAGs
[2024-07-14T01:47:58.384+0000] {logging_mixin.py:188} INFO - [2024-07-14T01:47:58.383+0000] {dag.py:3954} INFO - Setting next_dagrun for example_task_group to 2024-07-13 00:00:00+00:00, run_after=2024-07-14 00:00:00+00:00
[2024-07-14T01:47:58.408+0000] {processor.py:183} INFO - Processing /home/airflow/.local/lib/python3.12/site-packages/airflow/example_dags/example_task_group.py took 0.081 seconds
[2024-07-14T01:48:30.772+0000] {processor.py:161} INFO - Started process (PID=204) to work on /home/airflow/.local/lib/python3.12/site-packages/airflow/example_dags/example_task_group.py
[2024-07-14T01:48:30.773+0000] {processor.py:830} INFO - Processing file /home/airflow/.local/lib/python3.12/site-packages/airflow/example_dags/example_task_group.py for tasks to queue
[2024-07-14T01:48:30.775+0000] {logging_mixin.py:188} INFO - [2024-07-14T01:48:30.775+0000] {dagbag.py:545} INFO - Filling up the DagBag from /home/airflow/.local/lib/python3.12/site-packages/airflow/example_dags/example_task_group.py
[2024-07-14T01:48:30.783+0000] {processor.py:840} INFO - DAG(s) 'example_task_group' retrieved from /home/airflow/.local/lib/python3.12/site-packages/airflow/example_dags/example_task_group.py
[2024-07-14T01:48:30.807+0000] {logging_mixin.py:188} INFO - [2024-07-14T01:48:30.807+0000] {dag.py:3096} INFO - Sync 1 DAGs
[2024-07-14T01:48:30.830+0000] {logging_mixin.py:188} INFO - [2024-07-14T01:48:30.830+0000] {dag.py:3954} INFO - Setting next_dagrun for example_task_group to 2024-07-13 00:00:00+00:00, run_after=2024-07-14 00:00:00+00:00
[2024-07-14T01:48:30.856+0000] {processor.py:183} INFO - Processing /home/airflow/.local/lib/python3.12/site-packages/airflow/example_dags/example_task_group.py took 0.090 seconds
[2024-07-14T01:49:02.871+0000] {processor.py:161} INFO - Started process (PID=265) to work on /home/airflow/.local/lib/python3.12/site-packages/airflow/example_dags/example_task_group.py
[2024-07-14T01:49:02.873+0000] {processor.py:830} INFO - Processing file /home/airflow/.local/lib/python3.12/site-packages/airflow/example_dags/example_task_group.py for tasks to queue
[2024-07-14T01:49:02.876+0000] {logging_mixin.py:188} INFO - [2024-07-14T01:49:02.875+0000] {dagbag.py:545} INFO - Filling up the DagBag from /home/airflow/.local/lib/python3.12/site-packages/airflow/example_dags/example_task_group.py
[2024-07-14T01:49:02.893+0000] {processor.py:840} INFO - DAG(s) 'example_task_group' retrieved from /home/airflow/.local/lib/python3.12/site-packages/airflow/example_dags/example_task_group.py
[2024-07-14T01:49:02.941+0000] {logging_mixin.py:188} INFO - [2024-07-14T01:49:02.941+0000] {dag.py:3096} INFO - Sync 1 DAGs
[2024-07-14T01:49:02.983+0000] {logging_mixin.py:188} INFO - [2024-07-14T01:49:02.983+0000] {dag.py:3954} INFO - Setting next_dagrun for example_task_group to 2024-07-13 00:00:00+00:00, run_after=2024-07-14 00:00:00+00:00
[2024-07-14T01:49:03.079+0000] {processor.py:183} INFO - Processing /home/airflow/.local/lib/python3.12/site-packages/airflow/example_dags/example_task_group.py took 0.233 seconds
[2024-07-14T01:49:33.389+0000] {processor.py:161} INFO - Started process (PID=324) to work on /home/airflow/.local/lib/python3.12/site-packages/airflow/example_dags/example_task_group.py
[2024-07-14T01:49:33.390+0000] {processor.py:830} INFO - Processing file /home/airflow/.local/lib/python3.12/site-packages/airflow/example_dags/example_task_group.py for tasks to queue
[2024-07-14T01:49:33.394+0000] {logging_mixin.py:188} INFO - [2024-07-14T01:49:33.394+0000] {dagbag.py:545} INFO - Filling up the DagBag from /home/airflow/.local/lib/python3.12/site-packages/airflow/example_dags/example_task_group.py
[2024-07-14T01:49:33.426+0000] {processor.py:840} INFO - DAG(s) 'example_task_group' retrieved from /home/airflow/.local/lib/python3.12/site-packages/airflow/example_dags/example_task_group.py
[2024-07-14T01:49:33.501+0000] {logging_mixin.py:188} INFO - [2024-07-14T01:49:33.500+0000] {dag.py:3096} INFO - Sync 1 DAGs
[2024-07-14T01:49:33.557+0000] {logging_mixin.py:188} INFO - [2024-07-14T01:49:33.557+0000] {dag.py:3954} INFO - Setting next_dagrun for example_task_group to 2024-07-13 00:00:00+00:00, run_after=2024-07-14 00:00:00+00:00
[2024-07-14T01:49:33.615+0000] {processor.py:183} INFO - Processing /home/airflow/.local/lib/python3.12/site-packages/airflow/example_dags/example_task_group.py took 0.231 seconds
[2024-07-14T01:50:04.001+0000] {processor.py:161} INFO - Started process (PID=386) to work on /home/airflow/.local/lib/python3.12/site-packages/airflow/example_dags/example_task_group.py
[2024-07-14T01:50:04.003+0000] {processor.py:830} INFO - Processing file /home/airflow/.local/lib/python3.12/site-packages/airflow/example_dags/example_task_group.py for tasks to queue
[2024-07-14T01:50:04.005+0000] {logging_mixin.py:188} INFO - [2024-07-14T01:50:04.004+0000] {dagbag.py:545} INFO - Filling up the DagBag from /home/airflow/.local/lib/python3.12/site-packages/airflow/example_dags/example_task_group.py
[2024-07-14T01:50:04.011+0000] {processor.py:840} INFO - DAG(s) 'example_task_group' retrieved from /home/airflow/.local/lib/python3.12/site-packages/airflow/example_dags/example_task_group.py
[2024-07-14T01:50:04.032+0000] {logging_mixin.py:188} INFO - [2024-07-14T01:50:04.032+0000] {dag.py:3096} INFO - Sync 1 DAGs
[2024-07-14T01:50:04.056+0000] {logging_mixin.py:188} INFO - [2024-07-14T01:50:04.055+0000] {dag.py:3954} INFO - Setting next_dagrun for example_task_group to 2024-07-13 00:00:00+00:00, run_after=2024-07-14 00:00:00+00:00
[2024-07-14T01:50:04.081+0000] {processor.py:183} INFO - Processing /home/airflow/.local/lib/python3.12/site-packages/airflow/example_dags/example_task_group.py took 0.086 seconds
[2024-07-14T01:50:34.357+0000] {processor.py:161} INFO - Started process (PID=447) to work on /home/airflow/.local/lib/python3.12/site-packages/airflow/example_dags/example_task_group.py
[2024-07-14T01:50:34.357+0000] {processor.py:830} INFO - Processing file /home/airflow/.local/lib/python3.12/site-packages/airflow/example_dags/example_task_group.py for tasks to queue
[2024-07-14T01:50:34.359+0000] {logging_mixin.py:188} INFO - [2024-07-14T01:50:34.359+0000] {dagbag.py:545} INFO - Filling up the DagBag from /home/airflow/.local/lib/python3.12/site-packages/airflow/example_dags/example_task_group.py
[2024-07-14T01:50:34.366+0000] {processor.py:840} INFO - DAG(s) 'example_task_group' retrieved from /home/airflow/.local/lib/python3.12/site-packages/airflow/example_dags/example_task_group.py
[2024-07-14T01:50:34.390+0000] {logging_mixin.py:188} INFO - [2024-07-14T01:50:34.390+0000] {dag.py:3096} INFO - Sync 1 DAGs
[2024-07-14T01:50:34.413+0000] {logging_mixin.py:188} INFO - [2024-07-14T01:50:34.413+0000] {dag.py:3954} INFO - Setting next_dagrun for example_task_group to 2024-07-13 00:00:00+00:00, run_after=2024-07-14 00:00:00+00:00
[2024-07-14T01:50:34.442+0000] {processor.py:183} INFO - Processing /home/airflow/.local/lib/python3.12/site-packages/airflow/example_dags/example_task_group.py took 0.091 seconds
[2024-07-14T01:51:04.850+0000] {processor.py:161} INFO - Started process (PID=508) to work on /home/airflow/.local/lib/python3.12/site-packages/airflow/example_dags/example_task_group.py
[2024-07-14T01:51:04.850+0000] {processor.py:830} INFO - Processing file /home/airflow/.local/lib/python3.12/site-packages/airflow/example_dags/example_task_group.py for tasks to queue
[2024-07-14T01:51:04.852+0000] {logging_mixin.py:188} INFO - [2024-07-14T01:51:04.852+0000] {dagbag.py:545} INFO - Filling up the DagBag from /home/airflow/.local/lib/python3.12/site-packages/airflow/example_dags/example_task_group.py
[2024-07-14T01:51:04.859+0000] {processor.py:840} INFO - DAG(s) 'example_task_group' retrieved from /home/airflow/.local/lib/python3.12/site-packages/airflow/example_dags/example_task_group.py
[2024-07-14T01:51:04.883+0000] {logging_mixin.py:188} INFO - [2024-07-14T01:51:04.882+0000] {dag.py:3096} INFO - Sync 1 DAGs
[2024-07-14T01:51:04.908+0000] {logging_mixin.py:188} INFO - [2024-07-14T01:51:04.908+0000] {dag.py:3954} INFO - Setting next_dagrun for example_task_group to 2024-07-13 00:00:00+00:00, run_after=2024-07-14 00:00:00+00:00
[2024-07-14T01:51:04.936+0000] {processor.py:183} INFO - Processing /home/airflow/.local/lib/python3.12/site-packages/airflow/example_dags/example_task_group.py took 0.092 seconds
[2024-07-14T01:51:35.921+0000] {processor.py:161} INFO - Started process (PID=569) to work on /home/airflow/.local/lib/python3.12/site-packages/airflow/example_dags/example_task_group.py
[2024-07-14T01:51:35.922+0000] {processor.py:830} INFO - Processing file /home/airflow/.local/lib/python3.12/site-packages/airflow/example_dags/example_task_group.py for tasks to queue
[2024-07-14T01:51:35.923+0000] {logging_mixin.py:188} INFO - [2024-07-14T01:51:35.923+0000] {dagbag.py:545} INFO - Filling up the DagBag from /home/airflow/.local/lib/python3.12/site-packages/airflow/example_dags/example_task_group.py
[2024-07-14T01:51:35.929+0000] {processor.py:840} INFO - DAG(s) 'example_task_group' retrieved from /home/airflow/.local/lib/python3.12/site-packages/airflow/example_dags/example_task_group.py
[2024-07-14T01:51:35.951+0000] {logging_mixin.py:188} INFO - [2024-07-14T01:51:35.951+0000] {dag.py:3096} INFO - Sync 1 DAGs
[2024-07-14T01:51:35.975+0000] {logging_mixin.py:188} INFO - [2024-07-14T01:51:35.975+0000] {dag.py:3954} INFO - Setting next_dagrun for example_task_group to 2024-07-13 00:00:00+00:00, run_after=2024-07-14 00:00:00+00:00
[2024-07-14T01:51:36.003+0000] {processor.py:183} INFO - Processing /home/airflow/.local/lib/python3.12/site-packages/airflow/example_dags/example_task_group.py took 0.087 seconds
[2024-07-14T01:52:06.455+0000] {processor.py:161} INFO - Started process (PID=630) to work on /home/airflow/.local/lib/python3.12/site-packages/airflow/example_dags/example_task_group.py
[2024-07-14T01:52:06.467+0000] {processor.py:830} INFO - Processing file /home/airflow/.local/lib/python3.12/site-packages/airflow/example_dags/example_task_group.py for tasks to queue
[2024-07-14T01:52:06.474+0000] {logging_mixin.py:188} INFO - [2024-07-14T01:52:06.474+0000] {dagbag.py:545} INFO - Filling up the DagBag from /home/airflow/.local/lib/python3.12/site-packages/airflow/example_dags/example_task_group.py
[2024-07-14T01:52:06.501+0000] {processor.py:840} INFO - DAG(s) 'example_task_group' retrieved from /home/airflow/.local/lib/python3.12/site-packages/airflow/example_dags/example_task_group.py
[2024-07-14T01:52:06.544+0000] {logging_mixin.py:188} INFO - [2024-07-14T01:52:06.544+0000] {dag.py:3096} INFO - Sync 1 DAGs
[2024-07-14T01:52:06.563+0000] {logging_mixin.py:188} INFO - [2024-07-14T01:52:06.563+0000] {dag.py:3954} INFO - Setting next_dagrun for example_task_group to 2024-07-13 00:00:00+00:00, run_after=2024-07-14 00:00:00+00:00
[2024-07-14T01:52:06.751+0000] {processor.py:183} INFO - Processing /home/airflow/.local/lib/python3.12/site-packages/airflow/example_dags/example_task_group.py took 0.302 seconds
