[2024-07-14T01:12:54.090+0000] {processor.py:161} INFO - Started process (PID=56) to work on /home/airflow/.local/lib/python3.12/site-packages/airflow/example_dags/example_display_name.py
[2024-07-14T01:12:54.091+0000] {processor.py:830} INFO - Processing file /home/airflow/.local/lib/python3.12/site-packages/airflow/example_dags/example_display_name.py for tasks to queue
[2024-07-14T01:12:54.092+0000] {logging_mixin.py:188} INFO - [2024-07-14T01:12:54.092+0000] {dagbag.py:545} INFO - Filling up the DagBag from /home/airflow/.local/lib/python3.12/site-packages/airflow/example_dags/example_display_name.py
[2024-07-14T01:12:54.120+0000] {processor.py:840} INFO - DAG(s) 'example_display_name' retrieved from /home/airflow/.local/lib/python3.12/site-packages/airflow/example_dags/example_display_name.py
[2024-07-14T01:12:54.168+0000] {logging_mixin.py:188} INFO - [2024-07-14T01:12:54.167+0000] {dag.py:3096} INFO - Sync 1 DAGs
[2024-07-14T01:12:54.197+0000] {logging_mixin.py:188} INFO - [2024-07-14T01:12:54.197+0000] {dag.py:3954} INFO - Setting next_dagrun for example_display_name to None, run_after=None
[2024-07-14T01:12:54.239+0000] {processor.py:183} INFO - Processing /home/airflow/.local/lib/python3.12/site-packages/airflow/example_dags/example_display_name.py took 0.192 seconds
[2024-07-14T01:13:24.954+0000] {processor.py:161} INFO - Started process (PID=117) to work on /home/airflow/.local/lib/python3.12/site-packages/airflow/example_dags/example_display_name.py
[2024-07-14T01:13:24.955+0000] {processor.py:830} INFO - Processing file /home/airflow/.local/lib/python3.12/site-packages/airflow/example_dags/example_display_name.py for tasks to queue
[2024-07-14T01:13:24.956+0000] {logging_mixin.py:188} INFO - [2024-07-14T01:13:24.956+0000] {dagbag.py:545} INFO - Filling up the DagBag from /home/airflow/.local/lib/python3.12/site-packages/airflow/example_dags/example_display_name.py
[2024-07-14T01:13:24.969+0000] {processor.py:840} INFO - DAG(s) 'example_display_name' retrieved from /home/airflow/.local/lib/python3.12/site-packages/airflow/example_dags/example_display_name.py
[2024-07-14T01:13:24.994+0000] {logging_mixin.py:188} INFO - [2024-07-14T01:13:24.994+0000] {dag.py:3096} INFO - Sync 1 DAGs
[2024-07-14T01:13:25.015+0000] {logging_mixin.py:188} INFO - [2024-07-14T01:13:25.015+0000] {dag.py:3954} INFO - Setting next_dagrun for example_display_name to None, run_after=None
[2024-07-14T01:13:25.048+0000] {processor.py:183} INFO - Processing /home/airflow/.local/lib/python3.12/site-packages/airflow/example_dags/example_display_name.py took 0.100 seconds
[2024-07-14T01:13:55.200+0000] {processor.py:161} INFO - Started process (PID=179) to work on /home/airflow/.local/lib/python3.12/site-packages/airflow/example_dags/example_display_name.py
[2024-07-14T01:13:55.201+0000] {processor.py:830} INFO - Processing file /home/airflow/.local/lib/python3.12/site-packages/airflow/example_dags/example_display_name.py for tasks to queue
[2024-07-14T01:13:55.203+0000] {logging_mixin.py:188} INFO - [2024-07-14T01:13:55.202+0000] {dagbag.py:545} INFO - Filling up the DagBag from /home/airflow/.local/lib/python3.12/site-packages/airflow/example_dags/example_display_name.py
[2024-07-14T01:13:55.208+0000] {processor.py:840} INFO - DAG(s) 'example_display_name' retrieved from /home/airflow/.local/lib/python3.12/site-packages/airflow/example_dags/example_display_name.py
[2024-07-14T01:13:55.228+0000] {logging_mixin.py:188} INFO - [2024-07-14T01:13:55.227+0000] {dag.py:3096} INFO - Sync 1 DAGs
[2024-07-14T01:13:55.241+0000] {logging_mixin.py:188} INFO - [2024-07-14T01:13:55.241+0000] {dag.py:3954} INFO - Setting next_dagrun for example_display_name to None, run_after=None
[2024-07-14T01:13:55.271+0000] {processor.py:183} INFO - Processing /home/airflow/.local/lib/python3.12/site-packages/airflow/example_dags/example_display_name.py took 0.077 seconds
[2024-07-14T01:14:25.811+0000] {processor.py:161} INFO - Started process (PID=240) to work on /home/airflow/.local/lib/python3.12/site-packages/airflow/example_dags/example_display_name.py
[2024-07-14T01:14:25.815+0000] {processor.py:830} INFO - Processing file /home/airflow/.local/lib/python3.12/site-packages/airflow/example_dags/example_display_name.py for tasks to queue
[2024-07-14T01:14:25.821+0000] {logging_mixin.py:188} INFO - [2024-07-14T01:14:25.821+0000] {dagbag.py:545} INFO - Filling up the DagBag from /home/airflow/.local/lib/python3.12/site-packages/airflow/example_dags/example_display_name.py
[2024-07-14T01:14:25.837+0000] {processor.py:840} INFO - DAG(s) 'example_display_name' retrieved from /home/airflow/.local/lib/python3.12/site-packages/airflow/example_dags/example_display_name.py
[2024-07-14T01:14:25.881+0000] {logging_mixin.py:188} INFO - [2024-07-14T01:14:25.881+0000] {dag.py:3096} INFO - Sync 1 DAGs
[2024-07-14T01:14:25.903+0000] {logging_mixin.py:188} INFO - [2024-07-14T01:14:25.903+0000] {dag.py:3954} INFO - Setting next_dagrun for example_display_name to None, run_after=None
[2024-07-14T01:14:25.934+0000] {processor.py:183} INFO - Processing /home/airflow/.local/lib/python3.12/site-packages/airflow/example_dags/example_display_name.py took 0.137 seconds
[2024-07-14T01:14:56.743+0000] {processor.py:161} INFO - Started process (PID=300) to work on /home/airflow/.local/lib/python3.12/site-packages/airflow/example_dags/example_display_name.py
[2024-07-14T01:14:56.744+0000] {processor.py:830} INFO - Processing file /home/airflow/.local/lib/python3.12/site-packages/airflow/example_dags/example_display_name.py for tasks to queue
[2024-07-14T01:14:56.746+0000] {logging_mixin.py:188} INFO - [2024-07-14T01:14:56.745+0000] {dagbag.py:545} INFO - Filling up the DagBag from /home/airflow/.local/lib/python3.12/site-packages/airflow/example_dags/example_display_name.py
[2024-07-14T01:14:56.751+0000] {processor.py:840} INFO - DAG(s) 'example_display_name' retrieved from /home/airflow/.local/lib/python3.12/site-packages/airflow/example_dags/example_display_name.py
[2024-07-14T01:14:56.777+0000] {logging_mixin.py:188} INFO - [2024-07-14T01:14:56.777+0000] {dag.py:3096} INFO - Sync 1 DAGs
[2024-07-14T01:14:56.791+0000] {logging_mixin.py:188} INFO - [2024-07-14T01:14:56.790+0000] {dag.py:3954} INFO - Setting next_dagrun for example_display_name to None, run_after=None
[2024-07-14T01:14:56.815+0000] {processor.py:183} INFO - Processing /home/airflow/.local/lib/python3.12/site-packages/airflow/example_dags/example_display_name.py took 0.078 seconds
[2024-07-14T01:15:27.138+0000] {processor.py:161} INFO - Started process (PID=361) to work on /home/airflow/.local/lib/python3.12/site-packages/airflow/example_dags/example_display_name.py
[2024-07-14T01:15:27.139+0000] {processor.py:830} INFO - Processing file /home/airflow/.local/lib/python3.12/site-packages/airflow/example_dags/example_display_name.py for tasks to queue
[2024-07-14T01:15:27.141+0000] {logging_mixin.py:188} INFO - [2024-07-14T01:15:27.141+0000] {dagbag.py:545} INFO - Filling up the DagBag from /home/airflow/.local/lib/python3.12/site-packages/airflow/example_dags/example_display_name.py
[2024-07-14T01:15:27.168+0000] {processor.py:840} INFO - DAG(s) 'example_display_name' retrieved from /home/airflow/.local/lib/python3.12/site-packages/airflow/example_dags/example_display_name.py
[2024-07-14T01:15:27.191+0000] {logging_mixin.py:188} INFO - [2024-07-14T01:15:27.191+0000] {dag.py:3096} INFO - Sync 1 DAGs
[2024-07-14T01:15:27.200+0000] {logging_mixin.py:188} INFO - [2024-07-14T01:15:27.200+0000] {dag.py:3954} INFO - Setting next_dagrun for example_display_name to None, run_after=None
[2024-07-14T01:15:27.222+0000] {processor.py:183} INFO - Processing /home/airflow/.local/lib/python3.12/site-packages/airflow/example_dags/example_display_name.py took 0.090 seconds
[2024-07-14T01:15:57.582+0000] {processor.py:161} INFO - Started process (PID=421) to work on /home/airflow/.local/lib/python3.12/site-packages/airflow/example_dags/example_display_name.py
[2024-07-14T01:15:57.592+0000] {processor.py:830} INFO - Processing file /home/airflow/.local/lib/python3.12/site-packages/airflow/example_dags/example_display_name.py for tasks to queue
[2024-07-14T01:15:57.596+0000] {logging_mixin.py:188} INFO - [2024-07-14T01:15:57.595+0000] {dagbag.py:545} INFO - Filling up the DagBag from /home/airflow/.local/lib/python3.12/site-packages/airflow/example_dags/example_display_name.py
[2024-07-14T01:15:57.606+0000] {processor.py:840} INFO - DAG(s) 'example_display_name' retrieved from /home/airflow/.local/lib/python3.12/site-packages/airflow/example_dags/example_display_name.py
[2024-07-14T01:15:57.638+0000] {logging_mixin.py:188} INFO - [2024-07-14T01:15:57.638+0000] {dag.py:3096} INFO - Sync 1 DAGs
[2024-07-14T01:15:57.652+0000] {logging_mixin.py:188} INFO - [2024-07-14T01:15:57.651+0000] {dag.py:3954} INFO - Setting next_dagrun for example_display_name to None, run_after=None
[2024-07-14T01:15:57.678+0000] {processor.py:183} INFO - Processing /home/airflow/.local/lib/python3.12/site-packages/airflow/example_dags/example_display_name.py took 0.101 seconds
[2024-07-14T01:16:28.463+0000] {processor.py:161} INFO - Started process (PID=480) to work on /home/airflow/.local/lib/python3.12/site-packages/airflow/example_dags/example_display_name.py
[2024-07-14T01:16:28.464+0000] {processor.py:830} INFO - Processing file /home/airflow/.local/lib/python3.12/site-packages/airflow/example_dags/example_display_name.py for tasks to queue
[2024-07-14T01:16:28.466+0000] {logging_mixin.py:188} INFO - [2024-07-14T01:16:28.466+0000] {dagbag.py:545} INFO - Filling up the DagBag from /home/airflow/.local/lib/python3.12/site-packages/airflow/example_dags/example_display_name.py
[2024-07-14T01:16:28.471+0000] {processor.py:840} INFO - DAG(s) 'example_display_name' retrieved from /home/airflow/.local/lib/python3.12/site-packages/airflow/example_dags/example_display_name.py
[2024-07-14T01:16:28.492+0000] {logging_mixin.py:188} INFO - [2024-07-14T01:16:28.491+0000] {dag.py:3096} INFO - Sync 1 DAGs
[2024-07-14T01:16:28.506+0000] {logging_mixin.py:188} INFO - [2024-07-14T01:16:28.506+0000] {dag.py:3954} INFO - Setting next_dagrun for example_display_name to None, run_after=None
[2024-07-14T01:16:28.535+0000] {processor.py:183} INFO - Processing /home/airflow/.local/lib/python3.12/site-packages/airflow/example_dags/example_display_name.py took 0.077 seconds
[2024-07-14T01:16:59.164+0000] {processor.py:161} INFO - Started process (PID=542) to work on /home/airflow/.local/lib/python3.12/site-packages/airflow/example_dags/example_display_name.py
[2024-07-14T01:16:59.165+0000] {processor.py:830} INFO - Processing file /home/airflow/.local/lib/python3.12/site-packages/airflow/example_dags/example_display_name.py for tasks to queue
[2024-07-14T01:16:59.167+0000] {logging_mixin.py:188} INFO - [2024-07-14T01:16:59.167+0000] {dagbag.py:545} INFO - Filling up the DagBag from /home/airflow/.local/lib/python3.12/site-packages/airflow/example_dags/example_display_name.py
[2024-07-14T01:16:59.190+0000] {processor.py:840} INFO - DAG(s) 'example_display_name' retrieved from /home/airflow/.local/lib/python3.12/site-packages/airflow/example_dags/example_display_name.py
[2024-07-14T01:16:59.265+0000] {logging_mixin.py:188} INFO - [2024-07-14T01:16:59.264+0000] {dag.py:3096} INFO - Sync 1 DAGs
[2024-07-14T01:16:59.321+0000] {logging_mixin.py:188} INFO - [2024-07-14T01:16:59.321+0000] {dag.py:3954} INFO - Setting next_dagrun for example_display_name to None, run_after=None
[2024-07-14T01:16:59.377+0000] {processor.py:183} INFO - Processing /home/airflow/.local/lib/python3.12/site-packages/airflow/example_dags/example_display_name.py took 0.262 seconds
[2024-07-14T01:17:29.922+0000] {processor.py:161} INFO - Started process (PID=603) to work on /home/airflow/.local/lib/python3.12/site-packages/airflow/example_dags/example_display_name.py
[2024-07-14T01:17:29.923+0000] {processor.py:830} INFO - Processing file /home/airflow/.local/lib/python3.12/site-packages/airflow/example_dags/example_display_name.py for tasks to queue
[2024-07-14T01:17:29.924+0000] {logging_mixin.py:188} INFO - [2024-07-14T01:17:29.924+0000] {dagbag.py:545} INFO - Filling up the DagBag from /home/airflow/.local/lib/python3.12/site-packages/airflow/example_dags/example_display_name.py
[2024-07-14T01:17:29.928+0000] {processor.py:840} INFO - DAG(s) 'example_display_name' retrieved from /home/airflow/.local/lib/python3.12/site-packages/airflow/example_dags/example_display_name.py
[2024-07-14T01:17:29.943+0000] {logging_mixin.py:188} INFO - [2024-07-14T01:17:29.942+0000] {dag.py:3096} INFO - Sync 1 DAGs
[2024-07-14T01:17:29.952+0000] {logging_mixin.py:188} INFO - [2024-07-14T01:17:29.952+0000] {dag.py:3954} INFO - Setting next_dagrun for example_display_name to None, run_after=None
[2024-07-14T01:17:29.973+0000] {processor.py:183} INFO - Processing /home/airflow/.local/lib/python3.12/site-packages/airflow/example_dags/example_display_name.py took 0.057 seconds
[2024-07-14T01:18:00.104+0000] {processor.py:161} INFO - Started process (PID=665) to work on /home/airflow/.local/lib/python3.12/site-packages/airflow/example_dags/example_display_name.py
[2024-07-14T01:18:00.104+0000] {processor.py:830} INFO - Processing file /home/airflow/.local/lib/python3.12/site-packages/airflow/example_dags/example_display_name.py for tasks to queue
[2024-07-14T01:18:00.106+0000] {logging_mixin.py:188} INFO - [2024-07-14T01:18:00.105+0000] {dagbag.py:545} INFO - Filling up the DagBag from /home/airflow/.local/lib/python3.12/site-packages/airflow/example_dags/example_display_name.py
[2024-07-14T01:18:00.110+0000] {processor.py:840} INFO - DAG(s) 'example_display_name' retrieved from /home/airflow/.local/lib/python3.12/site-packages/airflow/example_dags/example_display_name.py
[2024-07-14T01:18:00.124+0000] {logging_mixin.py:188} INFO - [2024-07-14T01:18:00.124+0000] {dag.py:3096} INFO - Sync 1 DAGs
[2024-07-14T01:18:00.135+0000] {logging_mixin.py:188} INFO - [2024-07-14T01:18:00.135+0000] {dag.py:3954} INFO - Setting next_dagrun for example_display_name to None, run_after=None
[2024-07-14T01:18:00.160+0000] {processor.py:183} INFO - Processing /home/airflow/.local/lib/python3.12/site-packages/airflow/example_dags/example_display_name.py took 0.060 seconds
[2024-07-14T01:18:30.344+0000] {processor.py:161} INFO - Started process (PID=725) to work on /home/airflow/.local/lib/python3.12/site-packages/airflow/example_dags/example_display_name.py
[2024-07-14T01:18:30.344+0000] {processor.py:830} INFO - Processing file /home/airflow/.local/lib/python3.12/site-packages/airflow/example_dags/example_display_name.py for tasks to queue
[2024-07-14T01:18:30.346+0000] {logging_mixin.py:188} INFO - [2024-07-14T01:18:30.345+0000] {dagbag.py:545} INFO - Filling up the DagBag from /home/airflow/.local/lib/python3.12/site-packages/airflow/example_dags/example_display_name.py
[2024-07-14T01:18:30.350+0000] {processor.py:840} INFO - DAG(s) 'example_display_name' retrieved from /home/airflow/.local/lib/python3.12/site-packages/airflow/example_dags/example_display_name.py
[2024-07-14T01:18:30.364+0000] {logging_mixin.py:188} INFO - [2024-07-14T01:18:30.364+0000] {dag.py:3096} INFO - Sync 1 DAGs
[2024-07-14T01:18:30.373+0000] {logging_mixin.py:188} INFO - [2024-07-14T01:18:30.373+0000] {dag.py:3954} INFO - Setting next_dagrun for example_display_name to None, run_after=None
[2024-07-14T01:18:30.395+0000] {processor.py:183} INFO - Processing /home/airflow/.local/lib/python3.12/site-packages/airflow/example_dags/example_display_name.py took 0.055 seconds
[2024-07-14T01:19:00.703+0000] {processor.py:161} INFO - Started process (PID=786) to work on /home/airflow/.local/lib/python3.12/site-packages/airflow/example_dags/example_display_name.py
[2024-07-14T01:19:00.704+0000] {processor.py:830} INFO - Processing file /home/airflow/.local/lib/python3.12/site-packages/airflow/example_dags/example_display_name.py for tasks to queue
[2024-07-14T01:19:00.706+0000] {logging_mixin.py:188} INFO - [2024-07-14T01:19:00.705+0000] {dagbag.py:545} INFO - Filling up the DagBag from /home/airflow/.local/lib/python3.12/site-packages/airflow/example_dags/example_display_name.py
[2024-07-14T01:19:00.719+0000] {processor.py:840} INFO - DAG(s) 'example_display_name' retrieved from /home/airflow/.local/lib/python3.12/site-packages/airflow/example_dags/example_display_name.py
[2024-07-14T01:19:00.757+0000] {logging_mixin.py:188} INFO - [2024-07-14T01:19:00.757+0000] {dag.py:3096} INFO - Sync 1 DAGs
[2024-07-14T01:19:00.771+0000] {logging_mixin.py:188} INFO - [2024-07-14T01:19:00.771+0000] {dag.py:3954} INFO - Setting next_dagrun for example_display_name to None, run_after=None
[2024-07-14T01:19:00.797+0000] {processor.py:183} INFO - Processing /home/airflow/.local/lib/python3.12/site-packages/airflow/example_dags/example_display_name.py took 0.100 seconds
[2024-07-14T01:19:31.256+0000] {processor.py:161} INFO - Started process (PID=847) to work on /home/airflow/.local/lib/python3.12/site-packages/airflow/example_dags/example_display_name.py
[2024-07-14T01:19:31.257+0000] {processor.py:830} INFO - Processing file /home/airflow/.local/lib/python3.12/site-packages/airflow/example_dags/example_display_name.py for tasks to queue
[2024-07-14T01:19:31.258+0000] {logging_mixin.py:188} INFO - [2024-07-14T01:19:31.258+0000] {dagbag.py:545} INFO - Filling up the DagBag from /home/airflow/.local/lib/python3.12/site-packages/airflow/example_dags/example_display_name.py
[2024-07-14T01:19:31.262+0000] {processor.py:840} INFO - DAG(s) 'example_display_name' retrieved from /home/airflow/.local/lib/python3.12/site-packages/airflow/example_dags/example_display_name.py
[2024-07-14T01:19:31.277+0000] {logging_mixin.py:188} INFO - [2024-07-14T01:19:31.276+0000] {dag.py:3096} INFO - Sync 1 DAGs
[2024-07-14T01:19:31.286+0000] {logging_mixin.py:188} INFO - [2024-07-14T01:19:31.286+0000] {dag.py:3954} INFO - Setting next_dagrun for example_display_name to None, run_after=None
[2024-07-14T01:19:31.312+0000] {processor.py:183} INFO - Processing /home/airflow/.local/lib/python3.12/site-packages/airflow/example_dags/example_display_name.py took 0.060 seconds
[2024-07-14T01:20:02.574+0000] {processor.py:161} INFO - Started process (PID=909) to work on /home/airflow/.local/lib/python3.12/site-packages/airflow/example_dags/example_display_name.py
[2024-07-14T01:20:02.575+0000] {processor.py:830} INFO - Processing file /home/airflow/.local/lib/python3.12/site-packages/airflow/example_dags/example_display_name.py for tasks to queue
[2024-07-14T01:20:02.588+0000] {logging_mixin.py:188} INFO - [2024-07-14T01:20:02.588+0000] {dagbag.py:545} INFO - Filling up the DagBag from /home/airflow/.local/lib/python3.12/site-packages/airflow/example_dags/example_display_name.py
[2024-07-14T01:20:02.594+0000] {processor.py:840} INFO - DAG(s) 'example_display_name' retrieved from /home/airflow/.local/lib/python3.12/site-packages/airflow/example_dags/example_display_name.py
[2024-07-14T01:20:02.638+0000] {logging_mixin.py:188} INFO - [2024-07-14T01:20:02.638+0000] {dag.py:3096} INFO - Sync 1 DAGs
[2024-07-14T01:20:02.664+0000] {logging_mixin.py:188} INFO - [2024-07-14T01:20:02.664+0000] {dag.py:3954} INFO - Setting next_dagrun for example_display_name to None, run_after=None
[2024-07-14T01:20:02.711+0000] {processor.py:183} INFO - Processing /home/airflow/.local/lib/python3.12/site-packages/airflow/example_dags/example_display_name.py took 0.156 seconds
[2024-07-14T01:20:33.138+0000] {processor.py:161} INFO - Started process (PID=970) to work on /home/airflow/.local/lib/python3.12/site-packages/airflow/example_dags/example_display_name.py
[2024-07-14T01:20:33.139+0000] {processor.py:830} INFO - Processing file /home/airflow/.local/lib/python3.12/site-packages/airflow/example_dags/example_display_name.py for tasks to queue
[2024-07-14T01:20:33.140+0000] {logging_mixin.py:188} INFO - [2024-07-14T01:20:33.140+0000] {dagbag.py:545} INFO - Filling up the DagBag from /home/airflow/.local/lib/python3.12/site-packages/airflow/example_dags/example_display_name.py
[2024-07-14T01:20:33.145+0000] {processor.py:840} INFO - DAG(s) 'example_display_name' retrieved from /home/airflow/.local/lib/python3.12/site-packages/airflow/example_dags/example_display_name.py
[2024-07-14T01:20:33.161+0000] {logging_mixin.py:188} INFO - [2024-07-14T01:20:33.161+0000] {dag.py:3096} INFO - Sync 1 DAGs
[2024-07-14T01:20:33.171+0000] {logging_mixin.py:188} INFO - [2024-07-14T01:20:33.171+0000] {dag.py:3954} INFO - Setting next_dagrun for example_display_name to None, run_after=None
[2024-07-14T01:20:33.197+0000] {processor.py:183} INFO - Processing /home/airflow/.local/lib/python3.12/site-packages/airflow/example_dags/example_display_name.py took 0.064 seconds
[2024-07-14T01:21:04.488+0000] {processor.py:161} INFO - Started process (PID=1032) to work on /home/airflow/.local/lib/python3.12/site-packages/airflow/example_dags/example_display_name.py
[2024-07-14T01:21:04.491+0000] {processor.py:830} INFO - Processing file /home/airflow/.local/lib/python3.12/site-packages/airflow/example_dags/example_display_name.py for tasks to queue
[2024-07-14T01:21:04.493+0000] {logging_mixin.py:188} INFO - [2024-07-14T01:21:04.493+0000] {dagbag.py:545} INFO - Filling up the DagBag from /home/airflow/.local/lib/python3.12/site-packages/airflow/example_dags/example_display_name.py
[2024-07-14T01:21:04.508+0000] {processor.py:840} INFO - DAG(s) 'example_display_name' retrieved from /home/airflow/.local/lib/python3.12/site-packages/airflow/example_dags/example_display_name.py
[2024-07-14T01:21:04.535+0000] {logging_mixin.py:188} INFO - [2024-07-14T01:21:04.534+0000] {dag.py:3096} INFO - Sync 1 DAGs
[2024-07-14T01:21:04.548+0000] {logging_mixin.py:188} INFO - [2024-07-14T01:21:04.548+0000] {dag.py:3954} INFO - Setting next_dagrun for example_display_name to None, run_after=None
[2024-07-14T01:21:04.588+0000] {processor.py:183} INFO - Processing /home/airflow/.local/lib/python3.12/site-packages/airflow/example_dags/example_display_name.py took 0.116 seconds
[2024-07-14T01:21:34.800+0000] {processor.py:161} INFO - Started process (PID=1092) to work on /home/airflow/.local/lib/python3.12/site-packages/airflow/example_dags/example_display_name.py
[2024-07-14T01:21:34.801+0000] {processor.py:830} INFO - Processing file /home/airflow/.local/lib/python3.12/site-packages/airflow/example_dags/example_display_name.py for tasks to queue
[2024-07-14T01:21:34.803+0000] {logging_mixin.py:188} INFO - [2024-07-14T01:21:34.803+0000] {dagbag.py:545} INFO - Filling up the DagBag from /home/airflow/.local/lib/python3.12/site-packages/airflow/example_dags/example_display_name.py
[2024-07-14T01:21:34.808+0000] {processor.py:840} INFO - DAG(s) 'example_display_name' retrieved from /home/airflow/.local/lib/python3.12/site-packages/airflow/example_dags/example_display_name.py
[2024-07-14T01:21:34.829+0000] {logging_mixin.py:188} INFO - [2024-07-14T01:21:34.829+0000] {dag.py:3096} INFO - Sync 1 DAGs
[2024-07-14T01:21:34.843+0000] {logging_mixin.py:188} INFO - [2024-07-14T01:21:34.843+0000] {dag.py:3954} INFO - Setting next_dagrun for example_display_name to None, run_after=None
[2024-07-14T01:21:34.876+0000] {processor.py:183} INFO - Processing /home/airflow/.local/lib/python3.12/site-packages/airflow/example_dags/example_display_name.py took 0.083 seconds
[2024-07-14T01:22:05.463+0000] {processor.py:161} INFO - Started process (PID=1153) to work on /home/airflow/.local/lib/python3.12/site-packages/airflow/example_dags/example_display_name.py
[2024-07-14T01:22:05.464+0000] {processor.py:830} INFO - Processing file /home/airflow/.local/lib/python3.12/site-packages/airflow/example_dags/example_display_name.py for tasks to queue
[2024-07-14T01:22:05.466+0000] {logging_mixin.py:188} INFO - [2024-07-14T01:22:05.466+0000] {dagbag.py:545} INFO - Filling up the DagBag from /home/airflow/.local/lib/python3.12/site-packages/airflow/example_dags/example_display_name.py
[2024-07-14T01:22:05.472+0000] {processor.py:840} INFO - DAG(s) 'example_display_name' retrieved from /home/airflow/.local/lib/python3.12/site-packages/airflow/example_dags/example_display_name.py
[2024-07-14T01:22:05.493+0000] {logging_mixin.py:188} INFO - [2024-07-14T01:22:05.493+0000] {dag.py:3096} INFO - Sync 1 DAGs
[2024-07-14T01:22:05.507+0000] {logging_mixin.py:188} INFO - [2024-07-14T01:22:05.507+0000] {dag.py:3954} INFO - Setting next_dagrun for example_display_name to None, run_after=None
[2024-07-14T01:22:05.534+0000] {processor.py:183} INFO - Processing /home/airflow/.local/lib/python3.12/site-packages/airflow/example_dags/example_display_name.py took 0.076 seconds
[2024-07-14T01:22:36.079+0000] {processor.py:161} INFO - Started process (PID=1211) to work on /home/airflow/.local/lib/python3.12/site-packages/airflow/example_dags/example_display_name.py
[2024-07-14T01:22:36.079+0000] {processor.py:830} INFO - Processing file /home/airflow/.local/lib/python3.12/site-packages/airflow/example_dags/example_display_name.py for tasks to queue
[2024-07-14T01:22:36.081+0000] {logging_mixin.py:188} INFO - [2024-07-14T01:22:36.081+0000] {dagbag.py:545} INFO - Filling up the DagBag from /home/airflow/.local/lib/python3.12/site-packages/airflow/example_dags/example_display_name.py
[2024-07-14T01:22:36.088+0000] {processor.py:840} INFO - DAG(s) 'example_display_name' retrieved from /home/airflow/.local/lib/python3.12/site-packages/airflow/example_dags/example_display_name.py
[2024-07-14T01:22:36.110+0000] {logging_mixin.py:188} INFO - [2024-07-14T01:22:36.110+0000] {dag.py:3096} INFO - Sync 1 DAGs
[2024-07-14T01:22:36.124+0000] {logging_mixin.py:188} INFO - [2024-07-14T01:22:36.124+0000] {dag.py:3954} INFO - Setting next_dagrun for example_display_name to None, run_after=None
[2024-07-14T01:22:36.152+0000] {processor.py:183} INFO - Processing /home/airflow/.local/lib/python3.12/site-packages/airflow/example_dags/example_display_name.py took 0.080 seconds
[2024-07-14T01:23:06.766+0000] {processor.py:161} INFO - Started process (PID=1272) to work on /home/airflow/.local/lib/python3.12/site-packages/airflow/example_dags/example_display_name.py
[2024-07-14T01:23:06.767+0000] {processor.py:830} INFO - Processing file /home/airflow/.local/lib/python3.12/site-packages/airflow/example_dags/example_display_name.py for tasks to queue
[2024-07-14T01:23:06.768+0000] {logging_mixin.py:188} INFO - [2024-07-14T01:23:06.768+0000] {dagbag.py:545} INFO - Filling up the DagBag from /home/airflow/.local/lib/python3.12/site-packages/airflow/example_dags/example_display_name.py
[2024-07-14T01:23:06.773+0000] {processor.py:840} INFO - DAG(s) 'example_display_name' retrieved from /home/airflow/.local/lib/python3.12/site-packages/airflow/example_dags/example_display_name.py
[2024-07-14T01:23:06.793+0000] {logging_mixin.py:188} INFO - [2024-07-14T01:23:06.793+0000] {dag.py:3096} INFO - Sync 1 DAGs
[2024-07-14T01:23:06.809+0000] {logging_mixin.py:188} INFO - [2024-07-14T01:23:06.809+0000] {dag.py:3954} INFO - Setting next_dagrun for example_display_name to None, run_after=None
[2024-07-14T01:23:06.835+0000] {processor.py:183} INFO - Processing /home/airflow/.local/lib/python3.12/site-packages/airflow/example_dags/example_display_name.py took 0.075 seconds
[2024-07-14T01:23:37.890+0000] {processor.py:161} INFO - Started process (PID=1333) to work on /home/airflow/.local/lib/python3.12/site-packages/airflow/example_dags/example_display_name.py
[2024-07-14T01:23:37.891+0000] {processor.py:830} INFO - Processing file /home/airflow/.local/lib/python3.12/site-packages/airflow/example_dags/example_display_name.py for tasks to queue
[2024-07-14T01:23:37.893+0000] {logging_mixin.py:188} INFO - [2024-07-14T01:23:37.892+0000] {dagbag.py:545} INFO - Filling up the DagBag from /home/airflow/.local/lib/python3.12/site-packages/airflow/example_dags/example_display_name.py
[2024-07-14T01:23:37.899+0000] {processor.py:840} INFO - DAG(s) 'example_display_name' retrieved from /home/airflow/.local/lib/python3.12/site-packages/airflow/example_dags/example_display_name.py
[2024-07-14T01:23:37.929+0000] {logging_mixin.py:188} INFO - [2024-07-14T01:23:37.929+0000] {dag.py:3096} INFO - Sync 1 DAGs
[2024-07-14T01:23:37.943+0000] {logging_mixin.py:188} INFO - [2024-07-14T01:23:37.943+0000] {dag.py:3954} INFO - Setting next_dagrun for example_display_name to None, run_after=None
[2024-07-14T01:23:37.969+0000] {processor.py:183} INFO - Processing /home/airflow/.local/lib/python3.12/site-packages/airflow/example_dags/example_display_name.py took 0.091 seconds
[2024-07-14T01:24:08.222+0000] {processor.py:161} INFO - Started process (PID=1393) to work on /home/airflow/.local/lib/python3.12/site-packages/airflow/example_dags/example_display_name.py
[2024-07-14T01:24:08.223+0000] {processor.py:830} INFO - Processing file /home/airflow/.local/lib/python3.12/site-packages/airflow/example_dags/example_display_name.py for tasks to queue
[2024-07-14T01:24:08.225+0000] {logging_mixin.py:188} INFO - [2024-07-14T01:24:08.224+0000] {dagbag.py:545} INFO - Filling up the DagBag from /home/airflow/.local/lib/python3.12/site-packages/airflow/example_dags/example_display_name.py
[2024-07-14T01:24:08.230+0000] {processor.py:840} INFO - DAG(s) 'example_display_name' retrieved from /home/airflow/.local/lib/python3.12/site-packages/airflow/example_dags/example_display_name.py
[2024-07-14T01:24:08.250+0000] {logging_mixin.py:188} INFO - [2024-07-14T01:24:08.250+0000] {dag.py:3096} INFO - Sync 1 DAGs
[2024-07-14T01:24:08.265+0000] {logging_mixin.py:188} INFO - [2024-07-14T01:24:08.264+0000] {dag.py:3954} INFO - Setting next_dagrun for example_display_name to None, run_after=None
[2024-07-14T01:24:08.293+0000] {processor.py:183} INFO - Processing /home/airflow/.local/lib/python3.12/site-packages/airflow/example_dags/example_display_name.py took 0.078 seconds
[2024-07-14T01:24:39.303+0000] {processor.py:161} INFO - Started process (PID=1454) to work on /home/airflow/.local/lib/python3.12/site-packages/airflow/example_dags/example_display_name.py
[2024-07-14T01:24:39.309+0000] {processor.py:830} INFO - Processing file /home/airflow/.local/lib/python3.12/site-packages/airflow/example_dags/example_display_name.py for tasks to queue
[2024-07-14T01:24:39.311+0000] {logging_mixin.py:188} INFO - [2024-07-14T01:24:39.310+0000] {dagbag.py:545} INFO - Filling up the DagBag from /home/airflow/.local/lib/python3.12/site-packages/airflow/example_dags/example_display_name.py
[2024-07-14T01:24:39.321+0000] {processor.py:840} INFO - DAG(s) 'example_display_name' retrieved from /home/airflow/.local/lib/python3.12/site-packages/airflow/example_dags/example_display_name.py
[2024-07-14T01:24:39.368+0000] {logging_mixin.py:188} INFO - [2024-07-14T01:24:39.367+0000] {dag.py:3096} INFO - Sync 1 DAGs
[2024-07-14T01:24:39.394+0000] {logging_mixin.py:188} INFO - [2024-07-14T01:24:39.394+0000] {dag.py:3954} INFO - Setting next_dagrun for example_display_name to None, run_after=None
[2024-07-14T01:24:39.463+0000] {processor.py:183} INFO - Processing /home/airflow/.local/lib/python3.12/site-packages/airflow/example_dags/example_display_name.py took 0.184 seconds
[2024-07-14T01:25:09.757+0000] {processor.py:161} INFO - Started process (PID=1513) to work on /home/airflow/.local/lib/python3.12/site-packages/airflow/example_dags/example_display_name.py
[2024-07-14T01:25:09.757+0000] {processor.py:830} INFO - Processing file /home/airflow/.local/lib/python3.12/site-packages/airflow/example_dags/example_display_name.py for tasks to queue
[2024-07-14T01:25:09.759+0000] {logging_mixin.py:188} INFO - [2024-07-14T01:25:09.759+0000] {dagbag.py:545} INFO - Filling up the DagBag from /home/airflow/.local/lib/python3.12/site-packages/airflow/example_dags/example_display_name.py
[2024-07-14T01:25:09.765+0000] {processor.py:840} INFO - DAG(s) 'example_display_name' retrieved from /home/airflow/.local/lib/python3.12/site-packages/airflow/example_dags/example_display_name.py
[2024-07-14T01:25:09.787+0000] {logging_mixin.py:188} INFO - [2024-07-14T01:25:09.786+0000] {dag.py:3096} INFO - Sync 1 DAGs
[2024-07-14T01:25:09.801+0000] {logging_mixin.py:188} INFO - [2024-07-14T01:25:09.801+0000] {dag.py:3954} INFO - Setting next_dagrun for example_display_name to None, run_after=None
[2024-07-14T01:25:09.827+0000] {processor.py:183} INFO - Processing /home/airflow/.local/lib/python3.12/site-packages/airflow/example_dags/example_display_name.py took 0.077 seconds
[2024-07-14T01:25:40.963+0000] {processor.py:161} INFO - Started process (PID=1576) to work on /home/airflow/.local/lib/python3.12/site-packages/airflow/example_dags/example_display_name.py
[2024-07-14T01:25:40.965+0000] {processor.py:830} INFO - Processing file /home/airflow/.local/lib/python3.12/site-packages/airflow/example_dags/example_display_name.py for tasks to queue
[2024-07-14T01:25:40.973+0000] {logging_mixin.py:188} INFO - [2024-07-14T01:25:40.968+0000] {dagbag.py:545} INFO - Filling up the DagBag from /home/airflow/.local/lib/python3.12/site-packages/airflow/example_dags/example_display_name.py
[2024-07-14T01:25:40.991+0000] {processor.py:840} INFO - DAG(s) 'example_display_name' retrieved from /home/airflow/.local/lib/python3.12/site-packages/airflow/example_dags/example_display_name.py
[2024-07-14T01:25:41.052+0000] {logging_mixin.py:188} INFO - [2024-07-14T01:25:41.052+0000] {dag.py:3096} INFO - Sync 1 DAGs
[2024-07-14T01:25:41.095+0000] {logging_mixin.py:188} INFO - [2024-07-14T01:25:41.095+0000] {dag.py:3954} INFO - Setting next_dagrun for example_display_name to None, run_after=None
[2024-07-14T01:25:41.217+0000] {processor.py:183} INFO - Processing /home/airflow/.local/lib/python3.12/site-packages/airflow/example_dags/example_display_name.py took 0.286 seconds
[2024-07-14T01:26:12.204+0000] {processor.py:161} INFO - Started process (PID=1637) to work on /home/airflow/.local/lib/python3.12/site-packages/airflow/example_dags/example_display_name.py
[2024-07-14T01:26:12.205+0000] {processor.py:830} INFO - Processing file /home/airflow/.local/lib/python3.12/site-packages/airflow/example_dags/example_display_name.py for tasks to queue
[2024-07-14T01:26:12.206+0000] {logging_mixin.py:188} INFO - [2024-07-14T01:26:12.206+0000] {dagbag.py:545} INFO - Filling up the DagBag from /home/airflow/.local/lib/python3.12/site-packages/airflow/example_dags/example_display_name.py
[2024-07-14T01:26:12.213+0000] {processor.py:840} INFO - DAG(s) 'example_display_name' retrieved from /home/airflow/.local/lib/python3.12/site-packages/airflow/example_dags/example_display_name.py
[2024-07-14T01:26:12.235+0000] {logging_mixin.py:188} INFO - [2024-07-14T01:26:12.235+0000] {dag.py:3096} INFO - Sync 1 DAGs
[2024-07-14T01:26:12.249+0000] {logging_mixin.py:188} INFO - [2024-07-14T01:26:12.249+0000] {dag.py:3954} INFO - Setting next_dagrun for example_display_name to None, run_after=None
[2024-07-14T01:26:12.276+0000] {processor.py:183} INFO - Processing /home/airflow/.local/lib/python3.12/site-packages/airflow/example_dags/example_display_name.py took 0.078 seconds
[2024-07-14T01:26:42.778+0000] {processor.py:161} INFO - Started process (PID=1698) to work on /home/airflow/.local/lib/python3.12/site-packages/airflow/example_dags/example_display_name.py
[2024-07-14T01:26:42.778+0000] {processor.py:830} INFO - Processing file /home/airflow/.local/lib/python3.12/site-packages/airflow/example_dags/example_display_name.py for tasks to queue
[2024-07-14T01:26:42.780+0000] {logging_mixin.py:188} INFO - [2024-07-14T01:26:42.780+0000] {dagbag.py:545} INFO - Filling up the DagBag from /home/airflow/.local/lib/python3.12/site-packages/airflow/example_dags/example_display_name.py
[2024-07-14T01:26:42.786+0000] {processor.py:840} INFO - DAG(s) 'example_display_name' retrieved from /home/airflow/.local/lib/python3.12/site-packages/airflow/example_dags/example_display_name.py
[2024-07-14T01:26:42.809+0000] {logging_mixin.py:188} INFO - [2024-07-14T01:26:42.809+0000] {dag.py:3096} INFO - Sync 1 DAGs
[2024-07-14T01:26:42.824+0000] {logging_mixin.py:188} INFO - [2024-07-14T01:26:42.823+0000] {dag.py:3954} INFO - Setting next_dagrun for example_display_name to None, run_after=None
[2024-07-14T01:26:42.850+0000] {processor.py:183} INFO - Processing /home/airflow/.local/lib/python3.12/site-packages/airflow/example_dags/example_display_name.py took 0.078 seconds
[2024-07-14T01:27:13.434+0000] {processor.py:161} INFO - Started process (PID=1759) to work on /home/airflow/.local/lib/python3.12/site-packages/airflow/example_dags/example_display_name.py
[2024-07-14T01:27:13.451+0000] {processor.py:830} INFO - Processing file /home/airflow/.local/lib/python3.12/site-packages/airflow/example_dags/example_display_name.py for tasks to queue
[2024-07-14T01:27:13.454+0000] {logging_mixin.py:188} INFO - [2024-07-14T01:27:13.453+0000] {dagbag.py:545} INFO - Filling up the DagBag from /home/airflow/.local/lib/python3.12/site-packages/airflow/example_dags/example_display_name.py
[2024-07-14T01:27:13.475+0000] {processor.py:840} INFO - DAG(s) 'example_display_name' retrieved from /home/airflow/.local/lib/python3.12/site-packages/airflow/example_dags/example_display_name.py
[2024-07-14T01:27:13.571+0000] {logging_mixin.py:188} INFO - [2024-07-14T01:27:13.571+0000] {dag.py:3096} INFO - Sync 1 DAGs
[2024-07-14T01:27:13.613+0000] {logging_mixin.py:188} INFO - [2024-07-14T01:27:13.613+0000] {dag.py:3954} INFO - Setting next_dagrun for example_display_name to None, run_after=None
[2024-07-14T01:27:13.647+0000] {processor.py:183} INFO - Processing /home/airflow/.local/lib/python3.12/site-packages/airflow/example_dags/example_display_name.py took 0.245 seconds
[2024-07-14T01:27:43.732+0000] {processor.py:161} INFO - Started process (PID=1817) to work on /home/airflow/.local/lib/python3.12/site-packages/airflow/example_dags/example_display_name.py
[2024-07-14T01:27:43.752+0000] {processor.py:830} INFO - Processing file /home/airflow/.local/lib/python3.12/site-packages/airflow/example_dags/example_display_name.py for tasks to queue
[2024-07-14T01:27:43.754+0000] {logging_mixin.py:188} INFO - [2024-07-14T01:27:43.753+0000] {dagbag.py:545} INFO - Filling up the DagBag from /home/airflow/.local/lib/python3.12/site-packages/airflow/example_dags/example_display_name.py
[2024-07-14T01:27:43.760+0000] {processor.py:840} INFO - DAG(s) 'example_display_name' retrieved from /home/airflow/.local/lib/python3.12/site-packages/airflow/example_dags/example_display_name.py
[2024-07-14T01:27:43.796+0000] {logging_mixin.py:188} INFO - [2024-07-14T01:27:43.796+0000] {dag.py:3096} INFO - Sync 1 DAGs
[2024-07-14T01:27:43.810+0000] {logging_mixin.py:188} INFO - [2024-07-14T01:27:43.810+0000] {dag.py:3954} INFO - Setting next_dagrun for example_display_name to None, run_after=None
[2024-07-14T01:27:43.845+0000] {processor.py:183} INFO - Processing /home/airflow/.local/lib/python3.12/site-packages/airflow/example_dags/example_display_name.py took 0.126 seconds
[2024-07-14T01:28:14.042+0000] {processor.py:161} INFO - Started process (PID=1878) to work on /home/airflow/.local/lib/python3.12/site-packages/airflow/example_dags/example_display_name.py
[2024-07-14T01:28:14.043+0000] {processor.py:830} INFO - Processing file /home/airflow/.local/lib/python3.12/site-packages/airflow/example_dags/example_display_name.py for tasks to queue
[2024-07-14T01:28:14.044+0000] {logging_mixin.py:188} INFO - [2024-07-14T01:28:14.044+0000] {dagbag.py:545} INFO - Filling up the DagBag from /home/airflow/.local/lib/python3.12/site-packages/airflow/example_dags/example_display_name.py
[2024-07-14T01:28:14.050+0000] {processor.py:840} INFO - DAG(s) 'example_display_name' retrieved from /home/airflow/.local/lib/python3.12/site-packages/airflow/example_dags/example_display_name.py
[2024-07-14T01:28:14.067+0000] {logging_mixin.py:188} INFO - [2024-07-14T01:28:14.067+0000] {dag.py:3096} INFO - Sync 1 DAGs
[2024-07-14T01:28:14.077+0000] {logging_mixin.py:188} INFO - [2024-07-14T01:28:14.076+0000] {dag.py:3954} INFO - Setting next_dagrun for example_display_name to None, run_after=None
[2024-07-14T01:28:14.102+0000] {processor.py:183} INFO - Processing /home/airflow/.local/lib/python3.12/site-packages/airflow/example_dags/example_display_name.py took 0.072 seconds
[2024-07-14T01:28:44.314+0000] {processor.py:161} INFO - Started process (PID=1940) to work on /home/airflow/.local/lib/python3.12/site-packages/airflow/example_dags/example_display_name.py
[2024-07-14T01:28:44.315+0000] {processor.py:830} INFO - Processing file /home/airflow/.local/lib/python3.12/site-packages/airflow/example_dags/example_display_name.py for tasks to queue
[2024-07-14T01:28:44.317+0000] {logging_mixin.py:188} INFO - [2024-07-14T01:28:44.317+0000] {dagbag.py:545} INFO - Filling up the DagBag from /home/airflow/.local/lib/python3.12/site-packages/airflow/example_dags/example_display_name.py
[2024-07-14T01:28:44.323+0000] {processor.py:840} INFO - DAG(s) 'example_display_name' retrieved from /home/airflow/.local/lib/python3.12/site-packages/airflow/example_dags/example_display_name.py
[2024-07-14T01:28:44.344+0000] {logging_mixin.py:188} INFO - [2024-07-14T01:28:44.344+0000] {dag.py:3096} INFO - Sync 1 DAGs
[2024-07-14T01:28:44.369+0000] {logging_mixin.py:188} INFO - [2024-07-14T01:28:44.368+0000] {dag.py:3954} INFO - Setting next_dagrun for example_display_name to None, run_after=None
[2024-07-14T01:28:44.414+0000] {processor.py:183} INFO - Processing /home/airflow/.local/lib/python3.12/site-packages/airflow/example_dags/example_display_name.py took 0.108 seconds
[2024-07-14T01:29:14.709+0000] {processor.py:161} INFO - Started process (PID=2001) to work on /home/airflow/.local/lib/python3.12/site-packages/airflow/example_dags/example_display_name.py
[2024-07-14T01:29:14.710+0000] {processor.py:830} INFO - Processing file /home/airflow/.local/lib/python3.12/site-packages/airflow/example_dags/example_display_name.py for tasks to queue
[2024-07-14T01:29:14.712+0000] {logging_mixin.py:188} INFO - [2024-07-14T01:29:14.711+0000] {dagbag.py:545} INFO - Filling up the DagBag from /home/airflow/.local/lib/python3.12/site-packages/airflow/example_dags/example_display_name.py
[2024-07-14T01:29:14.718+0000] {processor.py:840} INFO - DAG(s) 'example_display_name' retrieved from /home/airflow/.local/lib/python3.12/site-packages/airflow/example_dags/example_display_name.py
[2024-07-14T01:29:14.766+0000] {logging_mixin.py:188} INFO - [2024-07-14T01:29:14.766+0000] {dag.py:3096} INFO - Sync 1 DAGs
[2024-07-14T01:29:14.800+0000] {logging_mixin.py:188} INFO - [2024-07-14T01:29:14.800+0000] {dag.py:3954} INFO - Setting next_dagrun for example_display_name to None, run_after=None
[2024-07-14T01:29:14.843+0000] {processor.py:183} INFO - Processing /home/airflow/.local/lib/python3.12/site-packages/airflow/example_dags/example_display_name.py took 0.140 seconds
[2024-07-14T01:29:45.277+0000] {processor.py:161} INFO - Started process (PID=2062) to work on /home/airflow/.local/lib/python3.12/site-packages/airflow/example_dags/example_display_name.py
[2024-07-14T01:29:45.278+0000] {processor.py:830} INFO - Processing file /home/airflow/.local/lib/python3.12/site-packages/airflow/example_dags/example_display_name.py for tasks to queue
[2024-07-14T01:29:45.280+0000] {logging_mixin.py:188} INFO - [2024-07-14T01:29:45.279+0000] {dagbag.py:545} INFO - Filling up the DagBag from /home/airflow/.local/lib/python3.12/site-packages/airflow/example_dags/example_display_name.py
[2024-07-14T01:29:45.288+0000] {processor.py:840} INFO - DAG(s) 'example_display_name' retrieved from /home/airflow/.local/lib/python3.12/site-packages/airflow/example_dags/example_display_name.py
[2024-07-14T01:29:45.323+0000] {logging_mixin.py:188} INFO - [2024-07-14T01:29:45.323+0000] {dag.py:3096} INFO - Sync 1 DAGs
[2024-07-14T01:29:45.338+0000] {logging_mixin.py:188} INFO - [2024-07-14T01:29:45.337+0000] {dag.py:3954} INFO - Setting next_dagrun for example_display_name to None, run_after=None
[2024-07-14T01:29:45.376+0000] {processor.py:183} INFO - Processing /home/airflow/.local/lib/python3.12/site-packages/airflow/example_dags/example_display_name.py took 0.107 seconds
[2024-07-14T01:30:15.407+0000] {processor.py:161} INFO - Started process (PID=2123) to work on /home/airflow/.local/lib/python3.12/site-packages/airflow/example_dags/example_display_name.py
[2024-07-14T01:30:15.408+0000] {processor.py:830} INFO - Processing file /home/airflow/.local/lib/python3.12/site-packages/airflow/example_dags/example_display_name.py for tasks to queue
[2024-07-14T01:30:15.410+0000] {logging_mixin.py:188} INFO - [2024-07-14T01:30:15.409+0000] {dagbag.py:545} INFO - Filling up the DagBag from /home/airflow/.local/lib/python3.12/site-packages/airflow/example_dags/example_display_name.py
[2024-07-14T01:30:15.415+0000] {processor.py:840} INFO - DAG(s) 'example_display_name' retrieved from /home/airflow/.local/lib/python3.12/site-packages/airflow/example_dags/example_display_name.py
[2024-07-14T01:30:15.434+0000] {logging_mixin.py:188} INFO - [2024-07-14T01:30:15.434+0000] {dag.py:3096} INFO - Sync 1 DAGs
[2024-07-14T01:30:15.448+0000] {logging_mixin.py:188} INFO - [2024-07-14T01:30:15.447+0000] {dag.py:3954} INFO - Setting next_dagrun for example_display_name to None, run_after=None
[2024-07-14T01:30:15.475+0000] {processor.py:183} INFO - Processing /home/airflow/.local/lib/python3.12/site-packages/airflow/example_dags/example_display_name.py took 0.074 seconds
[2024-07-14T01:30:45.651+0000] {processor.py:161} INFO - Started process (PID=2183) to work on /home/airflow/.local/lib/python3.12/site-packages/airflow/example_dags/example_display_name.py
[2024-07-14T01:30:45.652+0000] {processor.py:830} INFO - Processing file /home/airflow/.local/lib/python3.12/site-packages/airflow/example_dags/example_display_name.py for tasks to queue
[2024-07-14T01:30:45.654+0000] {logging_mixin.py:188} INFO - [2024-07-14T01:30:45.654+0000] {dagbag.py:545} INFO - Filling up the DagBag from /home/airflow/.local/lib/python3.12/site-packages/airflow/example_dags/example_display_name.py
[2024-07-14T01:30:45.662+0000] {processor.py:840} INFO - DAG(s) 'example_display_name' retrieved from /home/airflow/.local/lib/python3.12/site-packages/airflow/example_dags/example_display_name.py
[2024-07-14T01:30:45.683+0000] {logging_mixin.py:188} INFO - [2024-07-14T01:30:45.683+0000] {dag.py:3096} INFO - Sync 1 DAGs
[2024-07-14T01:30:45.696+0000] {logging_mixin.py:188} INFO - [2024-07-14T01:30:45.696+0000] {dag.py:3954} INFO - Setting next_dagrun for example_display_name to None, run_after=None
[2024-07-14T01:30:45.721+0000] {processor.py:183} INFO - Processing /home/airflow/.local/lib/python3.12/site-packages/airflow/example_dags/example_display_name.py took 0.075 seconds
[2024-07-14T01:31:16.410+0000] {processor.py:161} INFO - Started process (PID=2251) to work on /home/airflow/.local/lib/python3.12/site-packages/airflow/example_dags/example_display_name.py
[2024-07-14T01:31:16.411+0000] {processor.py:830} INFO - Processing file /home/airflow/.local/lib/python3.12/site-packages/airflow/example_dags/example_display_name.py for tasks to queue
[2024-07-14T01:31:16.413+0000] {logging_mixin.py:188} INFO - [2024-07-14T01:31:16.413+0000] {dagbag.py:545} INFO - Filling up the DagBag from /home/airflow/.local/lib/python3.12/site-packages/airflow/example_dags/example_display_name.py
[2024-07-14T01:31:16.419+0000] {processor.py:840} INFO - DAG(s) 'example_display_name' retrieved from /home/airflow/.local/lib/python3.12/site-packages/airflow/example_dags/example_display_name.py
[2024-07-14T01:31:16.459+0000] {logging_mixin.py:188} INFO - [2024-07-14T01:31:16.459+0000] {dag.py:3096} INFO - Sync 1 DAGs
[2024-07-14T01:31:16.473+0000] {logging_mixin.py:188} INFO - [2024-07-14T01:31:16.473+0000] {dag.py:3954} INFO - Setting next_dagrun for example_display_name to None, run_after=None
[2024-07-14T01:31:16.504+0000] {processor.py:183} INFO - Processing /home/airflow/.local/lib/python3.12/site-packages/airflow/example_dags/example_display_name.py took 0.117 seconds
[2024-07-14T01:31:46.909+0000] {processor.py:161} INFO - Started process (PID=2311) to work on /home/airflow/.local/lib/python3.12/site-packages/airflow/example_dags/example_display_name.py
[2024-07-14T01:31:46.910+0000] {processor.py:830} INFO - Processing file /home/airflow/.local/lib/python3.12/site-packages/airflow/example_dags/example_display_name.py for tasks to queue
[2024-07-14T01:31:46.912+0000] {logging_mixin.py:188} INFO - [2024-07-14T01:31:46.911+0000] {dagbag.py:545} INFO - Filling up the DagBag from /home/airflow/.local/lib/python3.12/site-packages/airflow/example_dags/example_display_name.py
[2024-07-14T01:31:46.918+0000] {processor.py:840} INFO - DAG(s) 'example_display_name' retrieved from /home/airflow/.local/lib/python3.12/site-packages/airflow/example_dags/example_display_name.py
[2024-07-14T01:31:46.938+0000] {logging_mixin.py:188} INFO - [2024-07-14T01:31:46.938+0000] {dag.py:3096} INFO - Sync 1 DAGs
[2024-07-14T01:31:46.951+0000] {logging_mixin.py:188} INFO - [2024-07-14T01:31:46.950+0000] {dag.py:3954} INFO - Setting next_dagrun for example_display_name to None, run_after=None
[2024-07-14T01:31:46.975+0000] {processor.py:183} INFO - Processing /home/airflow/.local/lib/python3.12/site-packages/airflow/example_dags/example_display_name.py took 0.072 seconds
[2024-07-14T01:32:17.991+0000] {processor.py:161} INFO - Started process (PID=2369) to work on /home/airflow/.local/lib/python3.12/site-packages/airflow/example_dags/example_display_name.py
[2024-07-14T01:32:18.012+0000] {processor.py:830} INFO - Processing file /home/airflow/.local/lib/python3.12/site-packages/airflow/example_dags/example_display_name.py for tasks to queue
[2024-07-14T01:32:18.015+0000] {logging_mixin.py:188} INFO - [2024-07-14T01:32:18.014+0000] {dagbag.py:545} INFO - Filling up the DagBag from /home/airflow/.local/lib/python3.12/site-packages/airflow/example_dags/example_display_name.py
[2024-07-14T01:32:18.036+0000] {processor.py:840} INFO - DAG(s) 'example_display_name' retrieved from /home/airflow/.local/lib/python3.12/site-packages/airflow/example_dags/example_display_name.py
[2024-07-14T01:32:18.116+0000] {logging_mixin.py:188} INFO - [2024-07-14T01:32:18.115+0000] {dag.py:3096} INFO - Sync 1 DAGs
[2024-07-14T01:32:18.171+0000] {logging_mixin.py:188} INFO - [2024-07-14T01:32:18.170+0000] {dag.py:3954} INFO - Setting next_dagrun for example_display_name to None, run_after=None
[2024-07-14T01:32:18.226+0000] {processor.py:183} INFO - Processing /home/airflow/.local/lib/python3.12/site-packages/airflow/example_dags/example_display_name.py took 0.295 seconds
[2024-07-14T01:32:49.067+0000] {processor.py:161} INFO - Started process (PID=2430) to work on /home/airflow/.local/lib/python3.12/site-packages/airflow/example_dags/example_display_name.py
[2024-07-14T01:32:49.068+0000] {processor.py:830} INFO - Processing file /home/airflow/.local/lib/python3.12/site-packages/airflow/example_dags/example_display_name.py for tasks to queue
[2024-07-14T01:32:49.070+0000] {logging_mixin.py:188} INFO - [2024-07-14T01:32:49.070+0000] {dagbag.py:545} INFO - Filling up the DagBag from /home/airflow/.local/lib/python3.12/site-packages/airflow/example_dags/example_display_name.py
[2024-07-14T01:32:49.083+0000] {processor.py:840} INFO - DAG(s) 'example_display_name' retrieved from /home/airflow/.local/lib/python3.12/site-packages/airflow/example_dags/example_display_name.py
[2024-07-14T01:32:49.099+0000] {logging_mixin.py:188} INFO - [2024-07-14T01:32:49.099+0000] {dag.py:3096} INFO - Sync 1 DAGs
[2024-07-14T01:32:49.117+0000] {logging_mixin.py:188} INFO - [2024-07-14T01:32:49.117+0000] {dag.py:3954} INFO - Setting next_dagrun for example_display_name to None, run_after=None
[2024-07-14T01:32:49.141+0000] {processor.py:183} INFO - Processing /home/airflow/.local/lib/python3.12/site-packages/airflow/example_dags/example_display_name.py took 0.080 seconds
[2024-07-14T01:33:19.493+0000] {processor.py:161} INFO - Started process (PID=2491) to work on /home/airflow/.local/lib/python3.12/site-packages/airflow/example_dags/example_display_name.py
[2024-07-14T01:33:19.494+0000] {processor.py:830} INFO - Processing file /home/airflow/.local/lib/python3.12/site-packages/airflow/example_dags/example_display_name.py for tasks to queue
[2024-07-14T01:33:19.496+0000] {logging_mixin.py:188} INFO - [2024-07-14T01:33:19.496+0000] {dagbag.py:545} INFO - Filling up the DagBag from /home/airflow/.local/lib/python3.12/site-packages/airflow/example_dags/example_display_name.py
[2024-07-14T01:33:19.502+0000] {processor.py:840} INFO - DAG(s) 'example_display_name' retrieved from /home/airflow/.local/lib/python3.12/site-packages/airflow/example_dags/example_display_name.py
[2024-07-14T01:33:19.620+0000] {logging_mixin.py:188} INFO - [2024-07-14T01:33:19.620+0000] {dag.py:3096} INFO - Sync 1 DAGs
[2024-07-14T01:33:19.632+0000] {logging_mixin.py:188} INFO - [2024-07-14T01:33:19.632+0000] {dag.py:3954} INFO - Setting next_dagrun for example_display_name to None, run_after=None
[2024-07-14T01:33:19.659+0000] {processor.py:183} INFO - Processing /home/airflow/.local/lib/python3.12/site-packages/airflow/example_dags/example_display_name.py took 0.172 seconds
[2024-07-14T01:33:50.018+0000] {processor.py:161} INFO - Started process (PID=2552) to work on /home/airflow/.local/lib/python3.12/site-packages/airflow/example_dags/example_display_name.py
[2024-07-14T01:33:50.019+0000] {processor.py:830} INFO - Processing file /home/airflow/.local/lib/python3.12/site-packages/airflow/example_dags/example_display_name.py for tasks to queue
[2024-07-14T01:33:50.021+0000] {logging_mixin.py:188} INFO - [2024-07-14T01:33:50.021+0000] {dagbag.py:545} INFO - Filling up the DagBag from /home/airflow/.local/lib/python3.12/site-packages/airflow/example_dags/example_display_name.py
[2024-07-14T01:33:50.028+0000] {processor.py:840} INFO - DAG(s) 'example_display_name' retrieved from /home/airflow/.local/lib/python3.12/site-packages/airflow/example_dags/example_display_name.py
[2024-07-14T01:33:50.047+0000] {logging_mixin.py:188} INFO - [2024-07-14T01:33:50.047+0000] {dag.py:3096} INFO - Sync 1 DAGs
[2024-07-14T01:33:50.062+0000] {logging_mixin.py:188} INFO - [2024-07-14T01:33:50.062+0000] {dag.py:3954} INFO - Setting next_dagrun for example_display_name to None, run_after=None
[2024-07-14T01:33:50.089+0000] {processor.py:183} INFO - Processing /home/airflow/.local/lib/python3.12/site-packages/airflow/example_dags/example_display_name.py took 0.077 seconds
[2024-07-14T01:34:20.257+0000] {processor.py:161} INFO - Started process (PID=2614) to work on /home/airflow/.local/lib/python3.12/site-packages/airflow/example_dags/example_display_name.py
[2024-07-14T01:34:20.258+0000] {processor.py:830} INFO - Processing file /home/airflow/.local/lib/python3.12/site-packages/airflow/example_dags/example_display_name.py for tasks to queue
[2024-07-14T01:34:20.259+0000] {logging_mixin.py:188} INFO - [2024-07-14T01:34:20.259+0000] {dagbag.py:545} INFO - Filling up the DagBag from /home/airflow/.local/lib/python3.12/site-packages/airflow/example_dags/example_display_name.py
[2024-07-14T01:34:20.265+0000] {processor.py:840} INFO - DAG(s) 'example_display_name' retrieved from /home/airflow/.local/lib/python3.12/site-packages/airflow/example_dags/example_display_name.py
[2024-07-14T01:34:20.285+0000] {logging_mixin.py:188} INFO - [2024-07-14T01:34:20.285+0000] {dag.py:3096} INFO - Sync 1 DAGs
[2024-07-14T01:34:20.313+0000] {logging_mixin.py:188} INFO - [2024-07-14T01:34:20.312+0000] {dag.py:3954} INFO - Setting next_dagrun for example_display_name to None, run_after=None
[2024-07-14T01:34:20.347+0000] {processor.py:183} INFO - Processing /home/airflow/.local/lib/python3.12/site-packages/airflow/example_dags/example_display_name.py took 0.096 seconds
[2024-07-14T01:34:50.784+0000] {processor.py:161} INFO - Started process (PID=2675) to work on /home/airflow/.local/lib/python3.12/site-packages/airflow/example_dags/example_display_name.py
[2024-07-14T01:34:50.785+0000] {processor.py:830} INFO - Processing file /home/airflow/.local/lib/python3.12/site-packages/airflow/example_dags/example_display_name.py for tasks to queue
[2024-07-14T01:34:50.787+0000] {logging_mixin.py:188} INFO - [2024-07-14T01:34:50.786+0000] {dagbag.py:545} INFO - Filling up the DagBag from /home/airflow/.local/lib/python3.12/site-packages/airflow/example_dags/example_display_name.py
[2024-07-14T01:34:50.792+0000] {processor.py:840} INFO - DAG(s) 'example_display_name' retrieved from /home/airflow/.local/lib/python3.12/site-packages/airflow/example_dags/example_display_name.py
[2024-07-14T01:34:50.811+0000] {logging_mixin.py:188} INFO - [2024-07-14T01:34:50.811+0000] {dag.py:3096} INFO - Sync 1 DAGs
[2024-07-14T01:34:50.825+0000] {logging_mixin.py:188} INFO - [2024-07-14T01:34:50.825+0000] {dag.py:3954} INFO - Setting next_dagrun for example_display_name to None, run_after=None
[2024-07-14T01:34:50.856+0000] {processor.py:183} INFO - Processing /home/airflow/.local/lib/python3.12/site-packages/airflow/example_dags/example_display_name.py took 0.078 seconds
[2024-07-14T01:35:21.300+0000] {processor.py:161} INFO - Started process (PID=2736) to work on /home/airflow/.local/lib/python3.12/site-packages/airflow/example_dags/example_display_name.py
[2024-07-14T01:35:21.301+0000] {processor.py:830} INFO - Processing file /home/airflow/.local/lib/python3.12/site-packages/airflow/example_dags/example_display_name.py for tasks to queue
[2024-07-14T01:35:21.303+0000] {logging_mixin.py:188} INFO - [2024-07-14T01:35:21.302+0000] {dagbag.py:545} INFO - Filling up the DagBag from /home/airflow/.local/lib/python3.12/site-packages/airflow/example_dags/example_display_name.py
[2024-07-14T01:35:21.308+0000] {processor.py:840} INFO - DAG(s) 'example_display_name' retrieved from /home/airflow/.local/lib/python3.12/site-packages/airflow/example_dags/example_display_name.py
[2024-07-14T01:35:21.327+0000] {logging_mixin.py:188} INFO - [2024-07-14T01:35:21.327+0000] {dag.py:3096} INFO - Sync 1 DAGs
[2024-07-14T01:35:21.344+0000] {logging_mixin.py:188} INFO - [2024-07-14T01:35:21.344+0000] {dag.py:3954} INFO - Setting next_dagrun for example_display_name to None, run_after=None
[2024-07-14T01:35:21.369+0000] {processor.py:183} INFO - Processing /home/airflow/.local/lib/python3.12/site-packages/airflow/example_dags/example_display_name.py took 0.075 seconds
[2024-07-14T01:35:51.862+0000] {processor.py:161} INFO - Started process (PID=2797) to work on /home/airflow/.local/lib/python3.12/site-packages/airflow/example_dags/example_display_name.py
[2024-07-14T01:35:51.863+0000] {processor.py:830} INFO - Processing file /home/airflow/.local/lib/python3.12/site-packages/airflow/example_dags/example_display_name.py for tasks to queue
[2024-07-14T01:35:51.864+0000] {logging_mixin.py:188} INFO - [2024-07-14T01:35:51.864+0000] {dagbag.py:545} INFO - Filling up the DagBag from /home/airflow/.local/lib/python3.12/site-packages/airflow/example_dags/example_display_name.py
[2024-07-14T01:35:51.870+0000] {processor.py:840} INFO - DAG(s) 'example_display_name' retrieved from /home/airflow/.local/lib/python3.12/site-packages/airflow/example_dags/example_display_name.py
[2024-07-14T01:35:51.891+0000] {logging_mixin.py:188} INFO - [2024-07-14T01:35:51.890+0000] {dag.py:3096} INFO - Sync 1 DAGs
[2024-07-14T01:35:51.904+0000] {logging_mixin.py:188} INFO - [2024-07-14T01:35:51.904+0000] {dag.py:3954} INFO - Setting next_dagrun for example_display_name to None, run_after=None
[2024-07-14T01:35:51.932+0000] {processor.py:183} INFO - Processing /home/airflow/.local/lib/python3.12/site-packages/airflow/example_dags/example_display_name.py took 0.077 seconds
[2024-07-14T01:36:22.513+0000] {processor.py:161} INFO - Started process (PID=2858) to work on /home/airflow/.local/lib/python3.12/site-packages/airflow/example_dags/example_display_name.py
[2024-07-14T01:36:22.519+0000] {processor.py:830} INFO - Processing file /home/airflow/.local/lib/python3.12/site-packages/airflow/example_dags/example_display_name.py for tasks to queue
[2024-07-14T01:36:22.521+0000] {logging_mixin.py:188} INFO - [2024-07-14T01:36:22.520+0000] {dagbag.py:545} INFO - Filling up the DagBag from /home/airflow/.local/lib/python3.12/site-packages/airflow/example_dags/example_display_name.py
[2024-07-14T01:36:22.536+0000] {processor.py:840} INFO - DAG(s) 'example_display_name' retrieved from /home/airflow/.local/lib/python3.12/site-packages/airflow/example_dags/example_display_name.py
[2024-07-14T01:36:22.580+0000] {logging_mixin.py:188} INFO - [2024-07-14T01:36:22.579+0000] {dag.py:3096} INFO - Sync 1 DAGs
[2024-07-14T01:36:22.601+0000] {logging_mixin.py:188} INFO - [2024-07-14T01:36:22.601+0000] {dag.py:3954} INFO - Setting next_dagrun for example_display_name to None, run_after=None
[2024-07-14T01:36:22.640+0000] {processor.py:183} INFO - Processing /home/airflow/.local/lib/python3.12/site-packages/airflow/example_dags/example_display_name.py took 0.138 seconds
[2024-07-14T01:36:53.605+0000] {processor.py:161} INFO - Started process (PID=2919) to work on /home/airflow/.local/lib/python3.12/site-packages/airflow/example_dags/example_display_name.py
[2024-07-14T01:36:53.606+0000] {processor.py:830} INFO - Processing file /home/airflow/.local/lib/python3.12/site-packages/airflow/example_dags/example_display_name.py for tasks to queue
[2024-07-14T01:36:53.621+0000] {logging_mixin.py:188} INFO - [2024-07-14T01:36:53.621+0000] {dagbag.py:545} INFO - Filling up the DagBag from /home/airflow/.local/lib/python3.12/site-packages/airflow/example_dags/example_display_name.py
[2024-07-14T01:36:53.654+0000] {processor.py:840} INFO - DAG(s) 'example_display_name' retrieved from /home/airflow/.local/lib/python3.12/site-packages/airflow/example_dags/example_display_name.py
[2024-07-14T01:36:53.763+0000] {logging_mixin.py:188} INFO - [2024-07-14T01:36:53.763+0000] {dag.py:3096} INFO - Sync 1 DAGs
[2024-07-14T01:36:53.821+0000] {logging_mixin.py:188} INFO - [2024-07-14T01:36:53.821+0000] {dag.py:3954} INFO - Setting next_dagrun for example_display_name to None, run_after=None
[2024-07-14T01:36:53.939+0000] {processor.py:183} INFO - Processing /home/airflow/.local/lib/python3.12/site-packages/airflow/example_dags/example_display_name.py took 0.365 seconds
[2024-07-14T01:37:24.787+0000] {processor.py:161} INFO - Started process (PID=2980) to work on /home/airflow/.local/lib/python3.12/site-packages/airflow/example_dags/example_display_name.py
[2024-07-14T01:37:24.788+0000] {processor.py:830} INFO - Processing file /home/airflow/.local/lib/python3.12/site-packages/airflow/example_dags/example_display_name.py for tasks to queue
[2024-07-14T01:37:24.789+0000] {logging_mixin.py:188} INFO - [2024-07-14T01:37:24.789+0000] {dagbag.py:545} INFO - Filling up the DagBag from /home/airflow/.local/lib/python3.12/site-packages/airflow/example_dags/example_display_name.py
[2024-07-14T01:37:24.795+0000] {processor.py:840} INFO - DAG(s) 'example_display_name' retrieved from /home/airflow/.local/lib/python3.12/site-packages/airflow/example_dags/example_display_name.py
[2024-07-14T01:37:24.814+0000] {logging_mixin.py:188} INFO - [2024-07-14T01:37:24.814+0000] {dag.py:3096} INFO - Sync 1 DAGs
[2024-07-14T01:37:24.828+0000] {logging_mixin.py:188} INFO - [2024-07-14T01:37:24.828+0000] {dag.py:3954} INFO - Setting next_dagrun for example_display_name to None, run_after=None
[2024-07-14T01:37:24.856+0000] {processor.py:183} INFO - Processing /home/airflow/.local/lib/python3.12/site-packages/airflow/example_dags/example_display_name.py took 0.076 seconds
[2024-07-14T01:37:55.224+0000] {processor.py:161} INFO - Started process (PID=3042) to work on /home/airflow/.local/lib/python3.12/site-packages/airflow/example_dags/example_display_name.py
[2024-07-14T01:37:55.225+0000] {processor.py:830} INFO - Processing file /home/airflow/.local/lib/python3.12/site-packages/airflow/example_dags/example_display_name.py for tasks to queue
[2024-07-14T01:37:55.228+0000] {logging_mixin.py:188} INFO - [2024-07-14T01:37:55.227+0000] {dagbag.py:545} INFO - Filling up the DagBag from /home/airflow/.local/lib/python3.12/site-packages/airflow/example_dags/example_display_name.py
[2024-07-14T01:37:55.236+0000] {processor.py:840} INFO - DAG(s) 'example_display_name' retrieved from /home/airflow/.local/lib/python3.12/site-packages/airflow/example_dags/example_display_name.py
[2024-07-14T01:37:55.256+0000] {logging_mixin.py:188} INFO - [2024-07-14T01:37:55.256+0000] {dag.py:3096} INFO - Sync 1 DAGs
[2024-07-14T01:37:55.271+0000] {logging_mixin.py:188} INFO - [2024-07-14T01:37:55.271+0000] {dag.py:3954} INFO - Setting next_dagrun for example_display_name to None, run_after=None
[2024-07-14T01:37:55.299+0000] {processor.py:183} INFO - Processing /home/airflow/.local/lib/python3.12/site-packages/airflow/example_dags/example_display_name.py took 0.081 seconds
[2024-07-14T01:38:25.637+0000] {processor.py:161} INFO - Started process (PID=3104) to work on /home/airflow/.local/lib/python3.12/site-packages/airflow/example_dags/example_display_name.py
[2024-07-14T01:38:25.639+0000] {processor.py:830} INFO - Processing file /home/airflow/.local/lib/python3.12/site-packages/airflow/example_dags/example_display_name.py for tasks to queue
[2024-07-14T01:38:25.640+0000] {logging_mixin.py:188} INFO - [2024-07-14T01:38:25.640+0000] {dagbag.py:545} INFO - Filling up the DagBag from /home/airflow/.local/lib/python3.12/site-packages/airflow/example_dags/example_display_name.py
[2024-07-14T01:38:25.646+0000] {processor.py:840} INFO - DAG(s) 'example_display_name' retrieved from /home/airflow/.local/lib/python3.12/site-packages/airflow/example_dags/example_display_name.py
[2024-07-14T01:38:25.667+0000] {logging_mixin.py:188} INFO - [2024-07-14T01:38:25.667+0000] {dag.py:3096} INFO - Sync 1 DAGs
[2024-07-14T01:38:25.681+0000] {logging_mixin.py:188} INFO - [2024-07-14T01:38:25.681+0000] {dag.py:3954} INFO - Setting next_dagrun for example_display_name to None, run_after=None
[2024-07-14T01:38:25.708+0000] {processor.py:183} INFO - Processing /home/airflow/.local/lib/python3.12/site-packages/airflow/example_dags/example_display_name.py took 0.078 seconds
[2024-07-14T01:38:56.331+0000] {processor.py:161} INFO - Started process (PID=3164) to work on /home/airflow/.local/lib/python3.12/site-packages/airflow/example_dags/example_display_name.py
[2024-07-14T01:38:56.332+0000] {processor.py:830} INFO - Processing file /home/airflow/.local/lib/python3.12/site-packages/airflow/example_dags/example_display_name.py for tasks to queue
[2024-07-14T01:38:56.333+0000] {logging_mixin.py:188} INFO - [2024-07-14T01:38:56.333+0000] {dagbag.py:545} INFO - Filling up the DagBag from /home/airflow/.local/lib/python3.12/site-packages/airflow/example_dags/example_display_name.py
[2024-07-14T01:38:56.339+0000] {processor.py:840} INFO - DAG(s) 'example_display_name' retrieved from /home/airflow/.local/lib/python3.12/site-packages/airflow/example_dags/example_display_name.py
[2024-07-14T01:38:56.371+0000] {logging_mixin.py:188} INFO - [2024-07-14T01:38:56.371+0000] {dag.py:3096} INFO - Sync 1 DAGs
[2024-07-14T01:38:56.385+0000] {logging_mixin.py:188} INFO - [2024-07-14T01:38:56.385+0000] {dag.py:3954} INFO - Setting next_dagrun for example_display_name to None, run_after=None
[2024-07-14T01:38:56.411+0000] {processor.py:183} INFO - Processing /home/airflow/.local/lib/python3.12/site-packages/airflow/example_dags/example_display_name.py took 0.086 seconds
[2024-07-14T01:39:26.464+0000] {processor.py:161} INFO - Started process (PID=3223) to work on /home/airflow/.local/lib/python3.12/site-packages/airflow/example_dags/example_display_name.py
[2024-07-14T01:39:26.465+0000] {processor.py:830} INFO - Processing file /home/airflow/.local/lib/python3.12/site-packages/airflow/example_dags/example_display_name.py for tasks to queue
[2024-07-14T01:39:26.466+0000] {logging_mixin.py:188} INFO - [2024-07-14T01:39:26.466+0000] {dagbag.py:545} INFO - Filling up the DagBag from /home/airflow/.local/lib/python3.12/site-packages/airflow/example_dags/example_display_name.py
[2024-07-14T01:39:26.471+0000] {processor.py:840} INFO - DAG(s) 'example_display_name' retrieved from /home/airflow/.local/lib/python3.12/site-packages/airflow/example_dags/example_display_name.py
[2024-07-14T01:39:26.489+0000] {logging_mixin.py:188} INFO - [2024-07-14T01:39:26.489+0000] {dag.py:3096} INFO - Sync 1 DAGs
[2024-07-14T01:39:26.503+0000] {logging_mixin.py:188} INFO - [2024-07-14T01:39:26.503+0000] {dag.py:3954} INFO - Setting next_dagrun for example_display_name to None, run_after=None
[2024-07-14T01:39:26.528+0000] {processor.py:183} INFO - Processing /home/airflow/.local/lib/python3.12/site-packages/airflow/example_dags/example_display_name.py took 0.069 seconds
[2024-07-14T01:39:56.904+0000] {processor.py:161} INFO - Started process (PID=3284) to work on /home/airflow/.local/lib/python3.12/site-packages/airflow/example_dags/example_display_name.py
[2024-07-14T01:39:56.904+0000] {processor.py:830} INFO - Processing file /home/airflow/.local/lib/python3.12/site-packages/airflow/example_dags/example_display_name.py for tasks to queue
[2024-07-14T01:39:56.906+0000] {logging_mixin.py:188} INFO - [2024-07-14T01:39:56.906+0000] {dagbag.py:545} INFO - Filling up the DagBag from /home/airflow/.local/lib/python3.12/site-packages/airflow/example_dags/example_display_name.py
[2024-07-14T01:39:56.912+0000] {processor.py:840} INFO - DAG(s) 'example_display_name' retrieved from /home/airflow/.local/lib/python3.12/site-packages/airflow/example_dags/example_display_name.py
[2024-07-14T01:39:56.930+0000] {logging_mixin.py:188} INFO - [2024-07-14T01:39:56.930+0000] {dag.py:3096} INFO - Sync 1 DAGs
[2024-07-14T01:39:56.945+0000] {logging_mixin.py:188} INFO - [2024-07-14T01:39:56.945+0000] {dag.py:3954} INFO - Setting next_dagrun for example_display_name to None, run_after=None
[2024-07-14T01:39:56.973+0000] {processor.py:183} INFO - Processing /home/airflow/.local/lib/python3.12/site-packages/airflow/example_dags/example_display_name.py took 0.076 seconds
[2024-07-14T01:40:27.067+0000] {processor.py:161} INFO - Started process (PID=3343) to work on /home/airflow/.local/lib/python3.12/site-packages/airflow/example_dags/example_display_name.py
[2024-07-14T01:40:27.068+0000] {processor.py:830} INFO - Processing file /home/airflow/.local/lib/python3.12/site-packages/airflow/example_dags/example_display_name.py for tasks to queue
[2024-07-14T01:40:27.070+0000] {logging_mixin.py:188} INFO - [2024-07-14T01:40:27.070+0000] {dagbag.py:545} INFO - Filling up the DagBag from /home/airflow/.local/lib/python3.12/site-packages/airflow/example_dags/example_display_name.py
[2024-07-14T01:40:27.075+0000] {processor.py:840} INFO - DAG(s) 'example_display_name' retrieved from /home/airflow/.local/lib/python3.12/site-packages/airflow/example_dags/example_display_name.py
[2024-07-14T01:40:27.096+0000] {logging_mixin.py:188} INFO - [2024-07-14T01:40:27.095+0000] {dag.py:3096} INFO - Sync 1 DAGs
[2024-07-14T01:40:27.110+0000] {logging_mixin.py:188} INFO - [2024-07-14T01:40:27.109+0000] {dag.py:3954} INFO - Setting next_dagrun for example_display_name to None, run_after=None
[2024-07-14T01:40:27.137+0000] {processor.py:183} INFO - Processing /home/airflow/.local/lib/python3.12/site-packages/airflow/example_dags/example_display_name.py took 0.076 seconds
[2024-07-14T01:40:57.394+0000] {processor.py:161} INFO - Started process (PID=3404) to work on /home/airflow/.local/lib/python3.12/site-packages/airflow/example_dags/example_display_name.py
[2024-07-14T01:40:57.395+0000] {processor.py:830} INFO - Processing file /home/airflow/.local/lib/python3.12/site-packages/airflow/example_dags/example_display_name.py for tasks to queue
[2024-07-14T01:40:57.397+0000] {logging_mixin.py:188} INFO - [2024-07-14T01:40:57.397+0000] {dagbag.py:545} INFO - Filling up the DagBag from /home/airflow/.local/lib/python3.12/site-packages/airflow/example_dags/example_display_name.py
[2024-07-14T01:40:57.403+0000] {processor.py:840} INFO - DAG(s) 'example_display_name' retrieved from /home/airflow/.local/lib/python3.12/site-packages/airflow/example_dags/example_display_name.py
[2024-07-14T01:40:57.426+0000] {logging_mixin.py:188} INFO - [2024-07-14T01:40:57.425+0000] {dag.py:3096} INFO - Sync 1 DAGs
[2024-07-14T01:40:57.440+0000] {logging_mixin.py:188} INFO - [2024-07-14T01:40:57.439+0000] {dag.py:3954} INFO - Setting next_dagrun for example_display_name to None, run_after=None
[2024-07-14T01:40:57.474+0000] {processor.py:183} INFO - Processing /home/airflow/.local/lib/python3.12/site-packages/airflow/example_dags/example_display_name.py took 0.085 seconds
[2024-07-14T01:41:28.175+0000] {processor.py:161} INFO - Started process (PID=3466) to work on /home/airflow/.local/lib/python3.12/site-packages/airflow/example_dags/example_display_name.py
[2024-07-14T01:41:28.176+0000] {processor.py:830} INFO - Processing file /home/airflow/.local/lib/python3.12/site-packages/airflow/example_dags/example_display_name.py for tasks to queue
[2024-07-14T01:41:28.187+0000] {logging_mixin.py:188} INFO - [2024-07-14T01:41:28.185+0000] {dagbag.py:545} INFO - Filling up the DagBag from /home/airflow/.local/lib/python3.12/site-packages/airflow/example_dags/example_display_name.py
[2024-07-14T01:41:28.201+0000] {processor.py:840} INFO - DAG(s) 'example_display_name' retrieved from /home/airflow/.local/lib/python3.12/site-packages/airflow/example_dags/example_display_name.py
[2024-07-14T01:41:28.280+0000] {logging_mixin.py:188} INFO - [2024-07-14T01:41:28.280+0000] {dag.py:3096} INFO - Sync 1 DAGs
[2024-07-14T01:41:28.317+0000] {logging_mixin.py:188} INFO - [2024-07-14T01:41:28.317+0000] {dag.py:3954} INFO - Setting next_dagrun for example_display_name to None, run_after=None
[2024-07-14T01:41:28.380+0000] {processor.py:183} INFO - Processing /home/airflow/.local/lib/python3.12/site-packages/airflow/example_dags/example_display_name.py took 0.218 seconds
[2024-07-14T01:41:59.008+0000] {processor.py:161} INFO - Started process (PID=3528) to work on /home/airflow/.local/lib/python3.12/site-packages/airflow/example_dags/example_display_name.py
[2024-07-14T01:41:59.009+0000] {processor.py:830} INFO - Processing file /home/airflow/.local/lib/python3.12/site-packages/airflow/example_dags/example_display_name.py for tasks to queue
[2024-07-14T01:41:59.011+0000] {logging_mixin.py:188} INFO - [2024-07-14T01:41:59.011+0000] {dagbag.py:545} INFO - Filling up the DagBag from /home/airflow/.local/lib/python3.12/site-packages/airflow/example_dags/example_display_name.py
[2024-07-14T01:41:59.017+0000] {processor.py:840} INFO - DAG(s) 'example_display_name' retrieved from /home/airflow/.local/lib/python3.12/site-packages/airflow/example_dags/example_display_name.py
[2024-07-14T01:41:59.059+0000] {logging_mixin.py:188} INFO - [2024-07-14T01:41:59.059+0000] {dag.py:3096} INFO - Sync 1 DAGs
[2024-07-14T01:41:59.088+0000] {logging_mixin.py:188} INFO - [2024-07-14T01:41:59.088+0000] {dag.py:3954} INFO - Setting next_dagrun for example_display_name to None, run_after=None
[2024-07-14T01:41:59.125+0000] {processor.py:183} INFO - Processing /home/airflow/.local/lib/python3.12/site-packages/airflow/example_dags/example_display_name.py took 0.139 seconds
[2024-07-14T01:42:29.310+0000] {processor.py:161} INFO - Started process (PID=3589) to work on /home/airflow/.local/lib/python3.12/site-packages/airflow/example_dags/example_display_name.py
[2024-07-14T01:42:29.311+0000] {processor.py:830} INFO - Processing file /home/airflow/.local/lib/python3.12/site-packages/airflow/example_dags/example_display_name.py for tasks to queue
[2024-07-14T01:42:29.313+0000] {logging_mixin.py:188} INFO - [2024-07-14T01:42:29.313+0000] {dagbag.py:545} INFO - Filling up the DagBag from /home/airflow/.local/lib/python3.12/site-packages/airflow/example_dags/example_display_name.py
[2024-07-14T01:42:29.319+0000] {processor.py:840} INFO - DAG(s) 'example_display_name' retrieved from /home/airflow/.local/lib/python3.12/site-packages/airflow/example_dags/example_display_name.py
[2024-07-14T01:42:29.338+0000] {logging_mixin.py:188} INFO - [2024-07-14T01:42:29.337+0000] {dag.py:3096} INFO - Sync 1 DAGs
[2024-07-14T01:42:29.352+0000] {logging_mixin.py:188} INFO - [2024-07-14T01:42:29.351+0000] {dag.py:3954} INFO - Setting next_dagrun for example_display_name to None, run_after=None
[2024-07-14T01:42:29.390+0000] {processor.py:183} INFO - Processing /home/airflow/.local/lib/python3.12/site-packages/airflow/example_dags/example_display_name.py took 0.086 seconds
[2024-07-14T01:42:59.494+0000] {processor.py:161} INFO - Started process (PID=3650) to work on /home/airflow/.local/lib/python3.12/site-packages/airflow/example_dags/example_display_name.py
[2024-07-14T01:42:59.495+0000] {processor.py:830} INFO - Processing file /home/airflow/.local/lib/python3.12/site-packages/airflow/example_dags/example_display_name.py for tasks to queue
[2024-07-14T01:42:59.497+0000] {logging_mixin.py:188} INFO - [2024-07-14T01:42:59.497+0000] {dagbag.py:545} INFO - Filling up the DagBag from /home/airflow/.local/lib/python3.12/site-packages/airflow/example_dags/example_display_name.py
[2024-07-14T01:42:59.503+0000] {processor.py:840} INFO - DAG(s) 'example_display_name' retrieved from /home/airflow/.local/lib/python3.12/site-packages/airflow/example_dags/example_display_name.py
[2024-07-14T01:42:59.522+0000] {logging_mixin.py:188} INFO - [2024-07-14T01:42:59.522+0000] {dag.py:3096} INFO - Sync 1 DAGs
[2024-07-14T01:42:59.536+0000] {logging_mixin.py:188} INFO - [2024-07-14T01:42:59.536+0000] {dag.py:3954} INFO - Setting next_dagrun for example_display_name to None, run_after=None
[2024-07-14T01:42:59.561+0000] {processor.py:183} INFO - Processing /home/airflow/.local/lib/python3.12/site-packages/airflow/example_dags/example_display_name.py took 0.073 seconds
[2024-07-14T01:43:29.894+0000] {processor.py:161} INFO - Started process (PID=3712) to work on /home/airflow/.local/lib/python3.12/site-packages/airflow/example_dags/example_display_name.py
[2024-07-14T01:43:29.894+0000] {processor.py:830} INFO - Processing file /home/airflow/.local/lib/python3.12/site-packages/airflow/example_dags/example_display_name.py for tasks to queue
[2024-07-14T01:43:29.896+0000] {logging_mixin.py:188} INFO - [2024-07-14T01:43:29.896+0000] {dagbag.py:545} INFO - Filling up the DagBag from /home/airflow/.local/lib/python3.12/site-packages/airflow/example_dags/example_display_name.py
[2024-07-14T01:43:29.902+0000] {processor.py:840} INFO - DAG(s) 'example_display_name' retrieved from /home/airflow/.local/lib/python3.12/site-packages/airflow/example_dags/example_display_name.py
[2024-07-14T01:43:29.925+0000] {logging_mixin.py:188} INFO - [2024-07-14T01:43:29.924+0000] {dag.py:3096} INFO - Sync 1 DAGs
[2024-07-14T01:43:29.946+0000] {logging_mixin.py:188} INFO - [2024-07-14T01:43:29.945+0000] {dag.py:3954} INFO - Setting next_dagrun for example_display_name to None, run_after=None
[2024-07-14T01:43:29.973+0000] {processor.py:183} INFO - Processing /home/airflow/.local/lib/python3.12/site-packages/airflow/example_dags/example_display_name.py took 0.086 seconds
[2024-07-14T01:44:00.306+0000] {processor.py:161} INFO - Started process (PID=3774) to work on /home/airflow/.local/lib/python3.12/site-packages/airflow/example_dags/example_display_name.py
[2024-07-14T01:44:00.307+0000] {processor.py:830} INFO - Processing file /home/airflow/.local/lib/python3.12/site-packages/airflow/example_dags/example_display_name.py for tasks to queue
[2024-07-14T01:44:00.309+0000] {logging_mixin.py:188} INFO - [2024-07-14T01:44:00.309+0000] {dagbag.py:545} INFO - Filling up the DagBag from /home/airflow/.local/lib/python3.12/site-packages/airflow/example_dags/example_display_name.py
[2024-07-14T01:44:00.315+0000] {processor.py:840} INFO - DAG(s) 'example_display_name' retrieved from /home/airflow/.local/lib/python3.12/site-packages/airflow/example_dags/example_display_name.py
[2024-07-14T01:44:00.333+0000] {logging_mixin.py:188} INFO - [2024-07-14T01:44:00.333+0000] {dag.py:3096} INFO - Sync 1 DAGs
[2024-07-14T01:44:00.351+0000] {logging_mixin.py:188} INFO - [2024-07-14T01:44:00.351+0000] {dag.py:3954} INFO - Setting next_dagrun for example_display_name to None, run_after=None
[2024-07-14T01:44:00.377+0000] {processor.py:183} INFO - Processing /home/airflow/.local/lib/python3.12/site-packages/airflow/example_dags/example_display_name.py took 0.077 seconds
[2024-07-14T01:44:30.558+0000] {processor.py:161} INFO - Started process (PID=3835) to work on /home/airflow/.local/lib/python3.12/site-packages/airflow/example_dags/example_display_name.py
[2024-07-14T01:44:30.559+0000] {processor.py:830} INFO - Processing file /home/airflow/.local/lib/python3.12/site-packages/airflow/example_dags/example_display_name.py for tasks to queue
[2024-07-14T01:44:30.560+0000] {logging_mixin.py:188} INFO - [2024-07-14T01:44:30.560+0000] {dagbag.py:545} INFO - Filling up the DagBag from /home/airflow/.local/lib/python3.12/site-packages/airflow/example_dags/example_display_name.py
[2024-07-14T01:44:30.566+0000] {processor.py:840} INFO - DAG(s) 'example_display_name' retrieved from /home/airflow/.local/lib/python3.12/site-packages/airflow/example_dags/example_display_name.py
[2024-07-14T01:44:30.586+0000] {logging_mixin.py:188} INFO - [2024-07-14T01:44:30.585+0000] {dag.py:3096} INFO - Sync 1 DAGs
[2024-07-14T01:44:30.599+0000] {logging_mixin.py:188} INFO - [2024-07-14T01:44:30.599+0000] {dag.py:3954} INFO - Setting next_dagrun for example_display_name to None, run_after=None
[2024-07-14T01:44:30.626+0000] {processor.py:183} INFO - Processing /home/airflow/.local/lib/python3.12/site-packages/airflow/example_dags/example_display_name.py took 0.074 seconds
[2024-07-14T01:45:01.209+0000] {processor.py:161} INFO - Started process (PID=3896) to work on /home/airflow/.local/lib/python3.12/site-packages/airflow/example_dags/example_display_name.py
[2024-07-14T01:45:01.210+0000] {processor.py:830} INFO - Processing file /home/airflow/.local/lib/python3.12/site-packages/airflow/example_dags/example_display_name.py for tasks to queue
[2024-07-14T01:45:01.212+0000] {logging_mixin.py:188} INFO - [2024-07-14T01:45:01.212+0000] {dagbag.py:545} INFO - Filling up the DagBag from /home/airflow/.local/lib/python3.12/site-packages/airflow/example_dags/example_display_name.py
[2024-07-14T01:45:01.218+0000] {processor.py:840} INFO - DAG(s) 'example_display_name' retrieved from /home/airflow/.local/lib/python3.12/site-packages/airflow/example_dags/example_display_name.py
[2024-07-14T01:45:01.237+0000] {logging_mixin.py:188} INFO - [2024-07-14T01:45:01.237+0000] {dag.py:3096} INFO - Sync 1 DAGs
[2024-07-14T01:45:01.253+0000] {logging_mixin.py:188} INFO - [2024-07-14T01:45:01.253+0000] {dag.py:3954} INFO - Setting next_dagrun for example_display_name to None, run_after=None
[2024-07-14T01:45:01.298+0000] {processor.py:183} INFO - Processing /home/airflow/.local/lib/python3.12/site-packages/airflow/example_dags/example_display_name.py took 0.088 seconds
[2024-07-14T01:47:24.604+0000] {processor.py:161} INFO - Started process (PID=57) to work on /home/airflow/.local/lib/python3.12/site-packages/airflow/example_dags/example_display_name.py
[2024-07-14T01:47:24.610+0000] {processor.py:830} INFO - Processing file /home/airflow/.local/lib/python3.12/site-packages/airflow/example_dags/example_display_name.py for tasks to queue
[2024-07-14T01:47:24.612+0000] {logging_mixin.py:188} INFO - [2024-07-14T01:47:24.612+0000] {dagbag.py:545} INFO - Filling up the DagBag from /home/airflow/.local/lib/python3.12/site-packages/airflow/example_dags/example_display_name.py
[2024-07-14T01:47:24.620+0000] {processor.py:840} INFO - DAG(s) 'example_display_name' retrieved from /home/airflow/.local/lib/python3.12/site-packages/airflow/example_dags/example_display_name.py
[2024-07-14T01:47:24.738+0000] {logging_mixin.py:188} INFO - [2024-07-14T01:47:24.738+0000] {dag.py:3096} INFO - Sync 1 DAGs
[2024-07-14T01:47:24.751+0000] {logging_mixin.py:188} INFO - [2024-07-14T01:47:24.751+0000] {dag.py:3954} INFO - Setting next_dagrun for example_display_name to None, run_after=None
[2024-07-14T01:47:24.779+0000] {processor.py:183} INFO - Processing /home/airflow/.local/lib/python3.12/site-packages/airflow/example_dags/example_display_name.py took 0.182 seconds
[2024-07-14T01:47:55.512+0000] {processor.py:161} INFO - Started process (PID=118) to work on /home/airflow/.local/lib/python3.12/site-packages/airflow/example_dags/example_display_name.py
[2024-07-14T01:47:55.513+0000] {processor.py:830} INFO - Processing file /home/airflow/.local/lib/python3.12/site-packages/airflow/example_dags/example_display_name.py for tasks to queue
[2024-07-14T01:47:55.515+0000] {logging_mixin.py:188} INFO - [2024-07-14T01:47:55.515+0000] {dagbag.py:545} INFO - Filling up the DagBag from /home/airflow/.local/lib/python3.12/site-packages/airflow/example_dags/example_display_name.py
[2024-07-14T01:47:55.522+0000] {processor.py:840} INFO - DAG(s) 'example_display_name' retrieved from /home/airflow/.local/lib/python3.12/site-packages/airflow/example_dags/example_display_name.py
[2024-07-14T01:47:55.545+0000] {logging_mixin.py:188} INFO - [2024-07-14T01:47:55.544+0000] {dag.py:3096} INFO - Sync 1 DAGs
[2024-07-14T01:47:55.560+0000] {logging_mixin.py:188} INFO - [2024-07-14T01:47:55.560+0000] {dag.py:3954} INFO - Setting next_dagrun for example_display_name to None, run_after=None
[2024-07-14T01:47:55.589+0000] {processor.py:183} INFO - Processing /home/airflow/.local/lib/python3.12/site-packages/airflow/example_dags/example_display_name.py took 0.082 seconds
[2024-07-14T01:48:26.561+0000] {processor.py:161} INFO - Started process (PID=179) to work on /home/airflow/.local/lib/python3.12/site-packages/airflow/example_dags/example_display_name.py
[2024-07-14T01:48:26.562+0000] {processor.py:830} INFO - Processing file /home/airflow/.local/lib/python3.12/site-packages/airflow/example_dags/example_display_name.py for tasks to queue
[2024-07-14T01:48:26.564+0000] {logging_mixin.py:188} INFO - [2024-07-14T01:48:26.564+0000] {dagbag.py:545} INFO - Filling up the DagBag from /home/airflow/.local/lib/python3.12/site-packages/airflow/example_dags/example_display_name.py
[2024-07-14T01:48:26.577+0000] {processor.py:840} INFO - DAG(s) 'example_display_name' retrieved from /home/airflow/.local/lib/python3.12/site-packages/airflow/example_dags/example_display_name.py
[2024-07-14T01:48:26.601+0000] {logging_mixin.py:188} INFO - [2024-07-14T01:48:26.601+0000] {dag.py:3096} INFO - Sync 1 DAGs
[2024-07-14T01:48:26.636+0000] {logging_mixin.py:188} INFO - [2024-07-14T01:48:26.635+0000] {dag.py:3954} INFO - Setting next_dagrun for example_display_name to None, run_after=None
[2024-07-14T01:48:26.815+0000] {processor.py:183} INFO - Processing /home/airflow/.local/lib/python3.12/site-packages/airflow/example_dags/example_display_name.py took 0.285 seconds
[2024-07-14T01:48:56.990+0000] {processor.py:161} INFO - Started process (PID=239) to work on /home/airflow/.local/lib/python3.12/site-packages/airflow/example_dags/example_display_name.py
[2024-07-14T01:48:56.993+0000] {processor.py:830} INFO - Processing file /home/airflow/.local/lib/python3.12/site-packages/airflow/example_dags/example_display_name.py for tasks to queue
[2024-07-14T01:48:57.000+0000] {logging_mixin.py:188} INFO - [2024-07-14T01:48:57.000+0000] {dagbag.py:545} INFO - Filling up the DagBag from /home/airflow/.local/lib/python3.12/site-packages/airflow/example_dags/example_display_name.py
[2024-07-14T01:48:57.010+0000] {processor.py:840} INFO - DAG(s) 'example_display_name' retrieved from /home/airflow/.local/lib/python3.12/site-packages/airflow/example_dags/example_display_name.py
[2024-07-14T01:48:57.033+0000] {logging_mixin.py:188} INFO - [2024-07-14T01:48:57.032+0000] {dag.py:3096} INFO - Sync 1 DAGs
[2024-07-14T01:48:57.048+0000] {logging_mixin.py:188} INFO - [2024-07-14T01:48:57.048+0000] {dag.py:3954} INFO - Setting next_dagrun for example_display_name to None, run_after=None
[2024-07-14T01:48:57.089+0000] {processor.py:183} INFO - Processing /home/airflow/.local/lib/python3.12/site-packages/airflow/example_dags/example_display_name.py took 0.105 seconds
[2024-07-14T01:49:27.215+0000] {processor.py:161} INFO - Started process (PID=300) to work on /home/airflow/.local/lib/python3.12/site-packages/airflow/example_dags/example_display_name.py
[2024-07-14T01:49:27.215+0000] {processor.py:830} INFO - Processing file /home/airflow/.local/lib/python3.12/site-packages/airflow/example_dags/example_display_name.py for tasks to queue
[2024-07-14T01:49:27.217+0000] {logging_mixin.py:188} INFO - [2024-07-14T01:49:27.217+0000] {dagbag.py:545} INFO - Filling up the DagBag from /home/airflow/.local/lib/python3.12/site-packages/airflow/example_dags/example_display_name.py
[2024-07-14T01:49:27.223+0000] {processor.py:840} INFO - DAG(s) 'example_display_name' retrieved from /home/airflow/.local/lib/python3.12/site-packages/airflow/example_dags/example_display_name.py
[2024-07-14T01:49:27.242+0000] {logging_mixin.py:188} INFO - [2024-07-14T01:49:27.242+0000] {dag.py:3096} INFO - Sync 1 DAGs
[2024-07-14T01:49:27.256+0000] {logging_mixin.py:188} INFO - [2024-07-14T01:49:27.256+0000] {dag.py:3954} INFO - Setting next_dagrun for example_display_name to None, run_after=None
[2024-07-14T01:49:27.287+0000] {processor.py:183} INFO - Processing /home/airflow/.local/lib/python3.12/site-packages/airflow/example_dags/example_display_name.py took 0.079 seconds
[2024-07-14T01:49:58.290+0000] {processor.py:161} INFO - Started process (PID=362) to work on /home/airflow/.local/lib/python3.12/site-packages/airflow/example_dags/example_display_name.py
[2024-07-14T01:49:58.290+0000] {processor.py:830} INFO - Processing file /home/airflow/.local/lib/python3.12/site-packages/airflow/example_dags/example_display_name.py for tasks to queue
[2024-07-14T01:49:58.292+0000] {logging_mixin.py:188} INFO - [2024-07-14T01:49:58.291+0000] {dagbag.py:545} INFO - Filling up the DagBag from /home/airflow/.local/lib/python3.12/site-packages/airflow/example_dags/example_display_name.py
[2024-07-14T01:49:58.296+0000] {processor.py:840} INFO - DAG(s) 'example_display_name' retrieved from /home/airflow/.local/lib/python3.12/site-packages/airflow/example_dags/example_display_name.py
[2024-07-14T01:49:58.310+0000] {logging_mixin.py:188} INFO - [2024-07-14T01:49:58.310+0000] {dag.py:3096} INFO - Sync 1 DAGs
[2024-07-14T01:49:58.319+0000] {logging_mixin.py:188} INFO - [2024-07-14T01:49:58.319+0000] {dag.py:3954} INFO - Setting next_dagrun for example_display_name to None, run_after=None
[2024-07-14T01:49:58.350+0000] {processor.py:183} INFO - Processing /home/airflow/.local/lib/python3.12/site-packages/airflow/example_dags/example_display_name.py took 0.065 seconds
[2024-07-14T01:50:28.530+0000] {processor.py:161} INFO - Started process (PID=423) to work on /home/airflow/.local/lib/python3.12/site-packages/airflow/example_dags/example_display_name.py
[2024-07-14T01:50:28.531+0000] {processor.py:830} INFO - Processing file /home/airflow/.local/lib/python3.12/site-packages/airflow/example_dags/example_display_name.py for tasks to queue
[2024-07-14T01:50:28.533+0000] {logging_mixin.py:188} INFO - [2024-07-14T01:50:28.532+0000] {dagbag.py:545} INFO - Filling up the DagBag from /home/airflow/.local/lib/python3.12/site-packages/airflow/example_dags/example_display_name.py
[2024-07-14T01:50:28.539+0000] {processor.py:840} INFO - DAG(s) 'example_display_name' retrieved from /home/airflow/.local/lib/python3.12/site-packages/airflow/example_dags/example_display_name.py
[2024-07-14T01:50:28.558+0000] {logging_mixin.py:188} INFO - [2024-07-14T01:50:28.558+0000] {dag.py:3096} INFO - Sync 1 DAGs
[2024-07-14T01:50:28.569+0000] {logging_mixin.py:188} INFO - [2024-07-14T01:50:28.569+0000] {dag.py:3954} INFO - Setting next_dagrun for example_display_name to None, run_after=None
[2024-07-14T01:50:28.592+0000] {processor.py:183} INFO - Processing /home/airflow/.local/lib/python3.12/site-packages/airflow/example_dags/example_display_name.py took 0.068 seconds
[2024-07-14T01:50:59.029+0000] {processor.py:161} INFO - Started process (PID=484) to work on /home/airflow/.local/lib/python3.12/site-packages/airflow/example_dags/example_display_name.py
[2024-07-14T01:50:59.030+0000] {processor.py:830} INFO - Processing file /home/airflow/.local/lib/python3.12/site-packages/airflow/example_dags/example_display_name.py for tasks to queue
[2024-07-14T01:50:59.032+0000] {logging_mixin.py:188} INFO - [2024-07-14T01:50:59.031+0000] {dagbag.py:545} INFO - Filling up the DagBag from /home/airflow/.local/lib/python3.12/site-packages/airflow/example_dags/example_display_name.py
[2024-07-14T01:50:59.038+0000] {processor.py:840} INFO - DAG(s) 'example_display_name' retrieved from /home/airflow/.local/lib/python3.12/site-packages/airflow/example_dags/example_display_name.py
[2024-07-14T01:50:59.057+0000] {logging_mixin.py:188} INFO - [2024-07-14T01:50:59.057+0000] {dag.py:3096} INFO - Sync 1 DAGs
[2024-07-14T01:50:59.071+0000] {logging_mixin.py:188} INFO - [2024-07-14T01:50:59.071+0000] {dag.py:3954} INFO - Setting next_dagrun for example_display_name to None, run_after=None
[2024-07-14T01:50:59.101+0000] {processor.py:183} INFO - Processing /home/airflow/.local/lib/python3.12/site-packages/airflow/example_dags/example_display_name.py took 0.078 seconds
[2024-07-14T01:51:29.251+0000] {processor.py:161} INFO - Started process (PID=545) to work on /home/airflow/.local/lib/python3.12/site-packages/airflow/example_dags/example_display_name.py
[2024-07-14T01:51:29.252+0000] {processor.py:830} INFO - Processing file /home/airflow/.local/lib/python3.12/site-packages/airflow/example_dags/example_display_name.py for tasks to queue
[2024-07-14T01:51:29.254+0000] {logging_mixin.py:188} INFO - [2024-07-14T01:51:29.254+0000] {dagbag.py:545} INFO - Filling up the DagBag from /home/airflow/.local/lib/python3.12/site-packages/airflow/example_dags/example_display_name.py
[2024-07-14T01:51:29.260+0000] {processor.py:840} INFO - DAG(s) 'example_display_name' retrieved from /home/airflow/.local/lib/python3.12/site-packages/airflow/example_dags/example_display_name.py
[2024-07-14T01:51:29.279+0000] {logging_mixin.py:188} INFO - [2024-07-14T01:51:29.279+0000] {dag.py:3096} INFO - Sync 1 DAGs
[2024-07-14T01:51:29.293+0000] {logging_mixin.py:188} INFO - [2024-07-14T01:51:29.293+0000] {dag.py:3954} INFO - Setting next_dagrun for example_display_name to None, run_after=None
[2024-07-14T01:51:29.329+0000] {processor.py:183} INFO - Processing /home/airflow/.local/lib/python3.12/site-packages/airflow/example_dags/example_display_name.py took 0.084 seconds
[2024-07-14T01:51:59.487+0000] {processor.py:161} INFO - Started process (PID=606) to work on /home/airflow/.local/lib/python3.12/site-packages/airflow/example_dags/example_display_name.py
[2024-07-14T01:51:59.488+0000] {processor.py:830} INFO - Processing file /home/airflow/.local/lib/python3.12/site-packages/airflow/example_dags/example_display_name.py for tasks to queue
[2024-07-14T01:51:59.491+0000] {logging_mixin.py:188} INFO - [2024-07-14T01:51:59.490+0000] {dagbag.py:545} INFO - Filling up the DagBag from /home/airflow/.local/lib/python3.12/site-packages/airflow/example_dags/example_display_name.py
[2024-07-14T01:51:59.498+0000] {processor.py:840} INFO - DAG(s) 'example_display_name' retrieved from /home/airflow/.local/lib/python3.12/site-packages/airflow/example_dags/example_display_name.py
[2024-07-14T01:51:59.517+0000] {logging_mixin.py:188} INFO - [2024-07-14T01:51:59.517+0000] {dag.py:3096} INFO - Sync 1 DAGs
[2024-07-14T01:51:59.530+0000] {logging_mixin.py:188} INFO - [2024-07-14T01:51:59.530+0000] {dag.py:3954} INFO - Setting next_dagrun for example_display_name to None, run_after=None
[2024-07-14T01:51:59.566+0000] {processor.py:183} INFO - Processing /home/airflow/.local/lib/python3.12/site-packages/airflow/example_dags/example_display_name.py took 0.085 seconds
