[2024-07-14T01:12:55.038+0000] {processor.py:161} INFO - Started process (PID=59) to work on /home/airflow/.local/lib/python3.12/site-packages/airflow/example_dags/example_bash_operator.py
[2024-07-14T01:12:55.039+0000] {processor.py:830} INFO - Processing file /home/airflow/.local/lib/python3.12/site-packages/airflow/example_dags/example_bash_operator.py for tasks to queue
[2024-07-14T01:12:55.040+0000] {logging_mixin.py:188} INFO - [2024-07-14T01:12:55.040+0000] {dagbag.py:545} INFO - Filling up the DagBag from /home/airflow/.local/lib/python3.12/site-packages/airflow/example_dags/example_bash_operator.py
[2024-07-14T01:12:55.067+0000] {processor.py:840} INFO - DAG(s) 'example_bash_operator' retrieved from /home/airflow/.local/lib/python3.12/site-packages/airflow/example_dags/example_bash_operator.py
[2024-07-14T01:12:55.092+0000] {logging_mixin.py:188} INFO - [2024-07-14T01:12:55.092+0000] {dag.py:3096} INFO - Sync 1 DAGs
[2024-07-14T01:12:55.119+0000] {logging_mixin.py:188} INFO - [2024-07-14T01:12:55.118+0000] {dag.py:3954} INFO - Setting next_dagrun for example_bash_operator to 2024-07-13 00:00:00+00:00, run_after=2024-07-14 00:00:00+00:00
[2024-07-14T01:12:55.179+0000] {processor.py:183} INFO - Processing /home/airflow/.local/lib/python3.12/site-packages/airflow/example_dags/example_bash_operator.py took 0.148 seconds
[2024-07-14T01:13:25.442+0000] {processor.py:161} INFO - Started process (PID=120) to work on /home/airflow/.local/lib/python3.12/site-packages/airflow/example_dags/example_bash_operator.py
[2024-07-14T01:13:25.446+0000] {processor.py:830} INFO - Processing file /home/airflow/.local/lib/python3.12/site-packages/airflow/example_dags/example_bash_operator.py for tasks to queue
[2024-07-14T01:13:25.447+0000] {logging_mixin.py:188} INFO - [2024-07-14T01:13:25.447+0000] {dagbag.py:545} INFO - Filling up the DagBag from /home/airflow/.local/lib/python3.12/site-packages/airflow/example_dags/example_bash_operator.py
[2024-07-14T01:13:25.461+0000] {processor.py:840} INFO - DAG(s) 'example_bash_operator' retrieved from /home/airflow/.local/lib/python3.12/site-packages/airflow/example_dags/example_bash_operator.py
[2024-07-14T01:13:25.507+0000] {logging_mixin.py:188} INFO - [2024-07-14T01:13:25.506+0000] {dag.py:3096} INFO - Sync 1 DAGs
[2024-07-14T01:13:25.531+0000] {logging_mixin.py:188} INFO - [2024-07-14T01:13:25.531+0000] {dag.py:3954} INFO - Setting next_dagrun for example_bash_operator to 2024-07-13 00:00:00+00:00, run_after=2024-07-14 00:00:00+00:00
[2024-07-14T01:13:25.568+0000] {processor.py:183} INFO - Processing /home/airflow/.local/lib/python3.12/site-packages/airflow/example_dags/example_bash_operator.py took 0.132 seconds
[2024-07-14T01:13:56.429+0000] {processor.py:161} INFO - Started process (PID=182) to work on /home/airflow/.local/lib/python3.12/site-packages/airflow/example_dags/example_bash_operator.py
[2024-07-14T01:13:56.430+0000] {processor.py:830} INFO - Processing file /home/airflow/.local/lib/python3.12/site-packages/airflow/example_dags/example_bash_operator.py for tasks to queue
[2024-07-14T01:13:56.432+0000] {logging_mixin.py:188} INFO - [2024-07-14T01:13:56.432+0000] {dagbag.py:545} INFO - Filling up the DagBag from /home/airflow/.local/lib/python3.12/site-packages/airflow/example_dags/example_bash_operator.py
[2024-07-14T01:13:56.443+0000] {processor.py:840} INFO - DAG(s) 'example_bash_operator' retrieved from /home/airflow/.local/lib/python3.12/site-packages/airflow/example_dags/example_bash_operator.py
[2024-07-14T01:13:56.473+0000] {logging_mixin.py:188} INFO - [2024-07-14T01:13:56.472+0000] {dag.py:3096} INFO - Sync 1 DAGs
[2024-07-14T01:13:56.499+0000] {logging_mixin.py:188} INFO - [2024-07-14T01:13:56.498+0000] {dag.py:3954} INFO - Setting next_dagrun for example_bash_operator to 2024-07-13 00:00:00+00:00, run_after=2024-07-14 00:00:00+00:00
[2024-07-14T01:13:56.528+0000] {processor.py:183} INFO - Processing /home/airflow/.local/lib/python3.12/site-packages/airflow/example_dags/example_bash_operator.py took 0.104 seconds
[2024-07-14T01:14:27.098+0000] {processor.py:161} INFO - Started process (PID=243) to work on /home/airflow/.local/lib/python3.12/site-packages/airflow/example_dags/example_bash_operator.py
[2024-07-14T01:14:27.099+0000] {processor.py:830} INFO - Processing file /home/airflow/.local/lib/python3.12/site-packages/airflow/example_dags/example_bash_operator.py for tasks to queue
[2024-07-14T01:14:27.101+0000] {logging_mixin.py:188} INFO - [2024-07-14T01:14:27.100+0000] {dagbag.py:545} INFO - Filling up the DagBag from /home/airflow/.local/lib/python3.12/site-packages/airflow/example_dags/example_bash_operator.py
[2024-07-14T01:14:27.112+0000] {processor.py:840} INFO - DAG(s) 'example_bash_operator' retrieved from /home/airflow/.local/lib/python3.12/site-packages/airflow/example_dags/example_bash_operator.py
[2024-07-14T01:14:27.142+0000] {logging_mixin.py:188} INFO - [2024-07-14T01:14:27.142+0000] {dag.py:3096} INFO - Sync 1 DAGs
[2024-07-14T01:14:27.167+0000] {logging_mixin.py:188} INFO - [2024-07-14T01:14:27.167+0000] {dag.py:3954} INFO - Setting next_dagrun for example_bash_operator to 2024-07-13 00:00:00+00:00, run_after=2024-07-14 00:00:00+00:00
[2024-07-14T01:14:27.194+0000] {processor.py:183} INFO - Processing /home/airflow/.local/lib/python3.12/site-packages/airflow/example_dags/example_bash_operator.py took 0.101 seconds
[2024-07-14T01:14:58.004+0000] {processor.py:161} INFO - Started process (PID=303) to work on /home/airflow/.local/lib/python3.12/site-packages/airflow/example_dags/example_bash_operator.py
[2024-07-14T01:14:58.005+0000] {processor.py:830} INFO - Processing file /home/airflow/.local/lib/python3.12/site-packages/airflow/example_dags/example_bash_operator.py for tasks to queue
[2024-07-14T01:14:58.007+0000] {logging_mixin.py:188} INFO - [2024-07-14T01:14:58.006+0000] {dagbag.py:545} INFO - Filling up the DagBag from /home/airflow/.local/lib/python3.12/site-packages/airflow/example_dags/example_bash_operator.py
[2024-07-14T01:14:58.018+0000] {processor.py:840} INFO - DAG(s) 'example_bash_operator' retrieved from /home/airflow/.local/lib/python3.12/site-packages/airflow/example_dags/example_bash_operator.py
[2024-07-14T01:14:58.047+0000] {logging_mixin.py:188} INFO - [2024-07-14T01:14:58.047+0000] {dag.py:3096} INFO - Sync 1 DAGs
[2024-07-14T01:14:58.072+0000] {logging_mixin.py:188} INFO - [2024-07-14T01:14:58.072+0000] {dag.py:3954} INFO - Setting next_dagrun for example_bash_operator to 2024-07-13 00:00:00+00:00, run_after=2024-07-14 00:00:00+00:00
[2024-07-14T01:14:58.098+0000] {processor.py:183} INFO - Processing /home/airflow/.local/lib/python3.12/site-packages/airflow/example_dags/example_bash_operator.py took 0.100 seconds
[2024-07-14T01:15:28.320+0000] {processor.py:161} INFO - Started process (PID=364) to work on /home/airflow/.local/lib/python3.12/site-packages/airflow/example_dags/example_bash_operator.py
[2024-07-14T01:15:28.329+0000] {processor.py:830} INFO - Processing file /home/airflow/.local/lib/python3.12/site-packages/airflow/example_dags/example_bash_operator.py for tasks to queue
[2024-07-14T01:15:28.331+0000] {logging_mixin.py:188} INFO - [2024-07-14T01:15:28.331+0000] {dagbag.py:545} INFO - Filling up the DagBag from /home/airflow/.local/lib/python3.12/site-packages/airflow/example_dags/example_bash_operator.py
[2024-07-14T01:15:28.344+0000] {processor.py:840} INFO - DAG(s) 'example_bash_operator' retrieved from /home/airflow/.local/lib/python3.12/site-packages/airflow/example_dags/example_bash_operator.py
[2024-07-14T01:15:28.375+0000] {logging_mixin.py:188} INFO - [2024-07-14T01:15:28.375+0000] {dag.py:3096} INFO - Sync 1 DAGs
[2024-07-14T01:15:28.401+0000] {logging_mixin.py:188} INFO - [2024-07-14T01:15:28.401+0000] {dag.py:3954} INFO - Setting next_dagrun for example_bash_operator to 2024-07-13 00:00:00+00:00, run_after=2024-07-14 00:00:00+00:00
[2024-07-14T01:15:28.426+0000] {processor.py:183} INFO - Processing /home/airflow/.local/lib/python3.12/site-packages/airflow/example_dags/example_bash_operator.py took 0.113 seconds
[2024-07-14T01:15:59.436+0000] {processor.py:161} INFO - Started process (PID=425) to work on /home/airflow/.local/lib/python3.12/site-packages/airflow/example_dags/example_bash_operator.py
[2024-07-14T01:15:59.437+0000] {processor.py:830} INFO - Processing file /home/airflow/.local/lib/python3.12/site-packages/airflow/example_dags/example_bash_operator.py for tasks to queue
[2024-07-14T01:15:59.439+0000] {logging_mixin.py:188} INFO - [2024-07-14T01:15:59.439+0000] {dagbag.py:545} INFO - Filling up the DagBag from /home/airflow/.local/lib/python3.12/site-packages/airflow/example_dags/example_bash_operator.py
[2024-07-14T01:15:59.451+0000] {processor.py:840} INFO - DAG(s) 'example_bash_operator' retrieved from /home/airflow/.local/lib/python3.12/site-packages/airflow/example_dags/example_bash_operator.py
[2024-07-14T01:15:59.482+0000] {logging_mixin.py:188} INFO - [2024-07-14T01:15:59.482+0000] {dag.py:3096} INFO - Sync 1 DAGs
[2024-07-14T01:15:59.507+0000] {logging_mixin.py:188} INFO - [2024-07-14T01:15:59.506+0000] {dag.py:3954} INFO - Setting next_dagrun for example_bash_operator to 2024-07-13 00:00:00+00:00, run_after=2024-07-14 00:00:00+00:00
[2024-07-14T01:15:59.532+0000] {processor.py:183} INFO - Processing /home/airflow/.local/lib/python3.12/site-packages/airflow/example_dags/example_bash_operator.py took 0.102 seconds
[2024-07-14T01:16:29.721+0000] {processor.py:161} INFO - Started process (PID=484) to work on /home/airflow/.local/lib/python3.12/site-packages/airflow/example_dags/example_bash_operator.py
[2024-07-14T01:16:29.722+0000] {processor.py:830} INFO - Processing file /home/airflow/.local/lib/python3.12/site-packages/airflow/example_dags/example_bash_operator.py for tasks to queue
[2024-07-14T01:16:29.723+0000] {logging_mixin.py:188} INFO - [2024-07-14T01:16:29.723+0000] {dagbag.py:545} INFO - Filling up the DagBag from /home/airflow/.local/lib/python3.12/site-packages/airflow/example_dags/example_bash_operator.py
[2024-07-14T01:16:29.734+0000] {processor.py:840} INFO - DAG(s) 'example_bash_operator' retrieved from /home/airflow/.local/lib/python3.12/site-packages/airflow/example_dags/example_bash_operator.py
[2024-07-14T01:16:29.764+0000] {logging_mixin.py:188} INFO - [2024-07-14T01:16:29.764+0000] {dag.py:3096} INFO - Sync 1 DAGs
[2024-07-14T01:16:29.787+0000] {logging_mixin.py:188} INFO - [2024-07-14T01:16:29.786+0000] {dag.py:3954} INFO - Setting next_dagrun for example_bash_operator to 2024-07-13 00:00:00+00:00, run_after=2024-07-14 00:00:00+00:00
[2024-07-14T01:16:29.812+0000] {processor.py:183} INFO - Processing /home/airflow/.local/lib/python3.12/site-packages/airflow/example_dags/example_bash_operator.py took 0.098 seconds
[2024-07-14T01:17:00.857+0000] {processor.py:161} INFO - Started process (PID=545) to work on /home/airflow/.local/lib/python3.12/site-packages/airflow/example_dags/example_bash_operator.py
[2024-07-14T01:17:00.858+0000] {processor.py:830} INFO - Processing file /home/airflow/.local/lib/python3.12/site-packages/airflow/example_dags/example_bash_operator.py for tasks to queue
[2024-07-14T01:17:00.868+0000] {logging_mixin.py:188} INFO - [2024-07-14T01:17:00.868+0000] {dagbag.py:545} INFO - Filling up the DagBag from /home/airflow/.local/lib/python3.12/site-packages/airflow/example_dags/example_bash_operator.py
[2024-07-14T01:17:00.961+0000] {processor.py:840} INFO - DAG(s) 'example_bash_operator' retrieved from /home/airflow/.local/lib/python3.12/site-packages/airflow/example_dags/example_bash_operator.py
[2024-07-14T01:17:01.140+0000] {logging_mixin.py:188} INFO - [2024-07-14T01:17:01.140+0000] {dag.py:3096} INFO - Sync 1 DAGs
[2024-07-14T01:17:01.217+0000] {logging_mixin.py:188} INFO - [2024-07-14T01:17:01.216+0000] {dag.py:3954} INFO - Setting next_dagrun for example_bash_operator to 2024-07-13 00:00:00+00:00, run_after=2024-07-14 00:00:00+00:00
[2024-07-14T01:17:01.292+0000] {processor.py:183} INFO - Processing /home/airflow/.local/lib/python3.12/site-packages/airflow/example_dags/example_bash_operator.py took 0.463 seconds
[2024-07-14T01:17:32.068+0000] {processor.py:161} INFO - Started process (PID=606) to work on /home/airflow/.local/lib/python3.12/site-packages/airflow/example_dags/example_bash_operator.py
[2024-07-14T01:17:32.069+0000] {processor.py:830} INFO - Processing file /home/airflow/.local/lib/python3.12/site-packages/airflow/example_dags/example_bash_operator.py for tasks to queue
[2024-07-14T01:17:32.071+0000] {logging_mixin.py:188} INFO - [2024-07-14T01:17:32.070+0000] {dagbag.py:545} INFO - Filling up the DagBag from /home/airflow/.local/lib/python3.12/site-packages/airflow/example_dags/example_bash_operator.py
[2024-07-14T01:17:32.089+0000] {processor.py:840} INFO - DAG(s) 'example_bash_operator' retrieved from /home/airflow/.local/lib/python3.12/site-packages/airflow/example_dags/example_bash_operator.py
[2024-07-14T01:17:32.159+0000] {logging_mixin.py:188} INFO - [2024-07-14T01:17:32.159+0000] {dag.py:3096} INFO - Sync 1 DAGs
[2024-07-14T01:17:32.185+0000] {logging_mixin.py:188} INFO - [2024-07-14T01:17:32.184+0000] {dag.py:3954} INFO - Setting next_dagrun for example_bash_operator to 2024-07-13 00:00:00+00:00, run_after=2024-07-14 00:00:00+00:00
[2024-07-14T01:17:32.212+0000] {processor.py:183} INFO - Processing /home/airflow/.local/lib/python3.12/site-packages/airflow/example_dags/example_bash_operator.py took 0.154 seconds
[2024-07-14T01:18:02.237+0000] {processor.py:161} INFO - Started process (PID=668) to work on /home/airflow/.local/lib/python3.12/site-packages/airflow/example_dags/example_bash_operator.py
[2024-07-14T01:18:02.238+0000] {processor.py:830} INFO - Processing file /home/airflow/.local/lib/python3.12/site-packages/airflow/example_dags/example_bash_operator.py for tasks to queue
[2024-07-14T01:18:02.239+0000] {logging_mixin.py:188} INFO - [2024-07-14T01:18:02.239+0000] {dagbag.py:545} INFO - Filling up the DagBag from /home/airflow/.local/lib/python3.12/site-packages/airflow/example_dags/example_bash_operator.py
[2024-07-14T01:18:02.247+0000] {processor.py:840} INFO - DAG(s) 'example_bash_operator' retrieved from /home/airflow/.local/lib/python3.12/site-packages/airflow/example_dags/example_bash_operator.py
[2024-07-14T01:18:02.268+0000] {logging_mixin.py:188} INFO - [2024-07-14T01:18:02.268+0000] {dag.py:3096} INFO - Sync 1 DAGs
[2024-07-14T01:18:02.285+0000] {logging_mixin.py:188} INFO - [2024-07-14T01:18:02.284+0000] {dag.py:3954} INFO - Setting next_dagrun for example_bash_operator to 2024-07-13 00:00:00+00:00, run_after=2024-07-14 00:00:00+00:00
[2024-07-14T01:18:02.306+0000] {processor.py:183} INFO - Processing /home/airflow/.local/lib/python3.12/site-packages/airflow/example_dags/example_bash_operator.py took 0.073 seconds
[2024-07-14T01:18:32.528+0000] {processor.py:161} INFO - Started process (PID=728) to work on /home/airflow/.local/lib/python3.12/site-packages/airflow/example_dags/example_bash_operator.py
[2024-07-14T01:18:32.528+0000] {processor.py:830} INFO - Processing file /home/airflow/.local/lib/python3.12/site-packages/airflow/example_dags/example_bash_operator.py for tasks to queue
[2024-07-14T01:18:32.530+0000] {logging_mixin.py:188} INFO - [2024-07-14T01:18:32.529+0000] {dagbag.py:545} INFO - Filling up the DagBag from /home/airflow/.local/lib/python3.12/site-packages/airflow/example_dags/example_bash_operator.py
[2024-07-14T01:18:32.539+0000] {processor.py:840} INFO - DAG(s) 'example_bash_operator' retrieved from /home/airflow/.local/lib/python3.12/site-packages/airflow/example_dags/example_bash_operator.py
[2024-07-14T01:18:32.560+0000] {logging_mixin.py:188} INFO - [2024-07-14T01:18:32.559+0000] {dag.py:3096} INFO - Sync 1 DAGs
[2024-07-14T01:18:32.577+0000] {logging_mixin.py:188} INFO - [2024-07-14T01:18:32.576+0000] {dag.py:3954} INFO - Setting next_dagrun for example_bash_operator to 2024-07-13 00:00:00+00:00, run_after=2024-07-14 00:00:00+00:00
[2024-07-14T01:18:32.600+0000] {processor.py:183} INFO - Processing /home/airflow/.local/lib/python3.12/site-packages/airflow/example_dags/example_bash_operator.py took 0.077 seconds
[2024-07-14T01:19:03.002+0000] {processor.py:161} INFO - Started process (PID=789) to work on /home/airflow/.local/lib/python3.12/site-packages/airflow/example_dags/example_bash_operator.py
[2024-07-14T01:19:03.003+0000] {processor.py:830} INFO - Processing file /home/airflow/.local/lib/python3.12/site-packages/airflow/example_dags/example_bash_operator.py for tasks to queue
[2024-07-14T01:19:03.005+0000] {logging_mixin.py:188} INFO - [2024-07-14T01:19:03.004+0000] {dagbag.py:545} INFO - Filling up the DagBag from /home/airflow/.local/lib/python3.12/site-packages/airflow/example_dags/example_bash_operator.py
[2024-07-14T01:19:03.017+0000] {processor.py:840} INFO - DAG(s) 'example_bash_operator' retrieved from /home/airflow/.local/lib/python3.12/site-packages/airflow/example_dags/example_bash_operator.py
[2024-07-14T01:19:03.048+0000] {logging_mixin.py:188} INFO - [2024-07-14T01:19:03.048+0000] {dag.py:3096} INFO - Sync 1 DAGs
[2024-07-14T01:19:03.077+0000] {logging_mixin.py:188} INFO - [2024-07-14T01:19:03.077+0000] {dag.py:3954} INFO - Setting next_dagrun for example_bash_operator to 2024-07-13 00:00:00+00:00, run_after=2024-07-14 00:00:00+00:00
[2024-07-14T01:19:03.103+0000] {processor.py:183} INFO - Processing /home/airflow/.local/lib/python3.12/site-packages/airflow/example_dags/example_bash_operator.py took 0.106 seconds
[2024-07-14T01:19:33.460+0000] {processor.py:161} INFO - Started process (PID=850) to work on /home/airflow/.local/lib/python3.12/site-packages/airflow/example_dags/example_bash_operator.py
[2024-07-14T01:19:33.461+0000] {processor.py:830} INFO - Processing file /home/airflow/.local/lib/python3.12/site-packages/airflow/example_dags/example_bash_operator.py for tasks to queue
[2024-07-14T01:19:33.462+0000] {logging_mixin.py:188} INFO - [2024-07-14T01:19:33.462+0000] {dagbag.py:545} INFO - Filling up the DagBag from /home/airflow/.local/lib/python3.12/site-packages/airflow/example_dags/example_bash_operator.py
[2024-07-14T01:19:33.471+0000] {processor.py:840} INFO - DAG(s) 'example_bash_operator' retrieved from /home/airflow/.local/lib/python3.12/site-packages/airflow/example_dags/example_bash_operator.py
[2024-07-14T01:19:33.492+0000] {logging_mixin.py:188} INFO - [2024-07-14T01:19:33.492+0000] {dag.py:3096} INFO - Sync 1 DAGs
[2024-07-14T01:19:33.510+0000] {logging_mixin.py:188} INFO - [2024-07-14T01:19:33.510+0000] {dag.py:3954} INFO - Setting next_dagrun for example_bash_operator to 2024-07-13 00:00:00+00:00, run_after=2024-07-14 00:00:00+00:00
[2024-07-14T01:19:33.532+0000] {processor.py:183} INFO - Processing /home/airflow/.local/lib/python3.12/site-packages/airflow/example_dags/example_bash_operator.py took 0.076 seconds
[2024-07-14T01:20:04.409+0000] {processor.py:161} INFO - Started process (PID=912) to work on /home/airflow/.local/lib/python3.12/site-packages/airflow/example_dags/example_bash_operator.py
[2024-07-14T01:20:04.410+0000] {processor.py:830} INFO - Processing file /home/airflow/.local/lib/python3.12/site-packages/airflow/example_dags/example_bash_operator.py for tasks to queue
[2024-07-14T01:20:04.411+0000] {logging_mixin.py:188} INFO - [2024-07-14T01:20:04.411+0000] {dagbag.py:545} INFO - Filling up the DagBag from /home/airflow/.local/lib/python3.12/site-packages/airflow/example_dags/example_bash_operator.py
[2024-07-14T01:20:04.420+0000] {processor.py:840} INFO - DAG(s) 'example_bash_operator' retrieved from /home/airflow/.local/lib/python3.12/site-packages/airflow/example_dags/example_bash_operator.py
[2024-07-14T01:20:04.442+0000] {logging_mixin.py:188} INFO - [2024-07-14T01:20:04.442+0000] {dag.py:3096} INFO - Sync 1 DAGs
[2024-07-14T01:20:04.459+0000] {logging_mixin.py:188} INFO - [2024-07-14T01:20:04.459+0000] {dag.py:3954} INFO - Setting next_dagrun for example_bash_operator to 2024-07-13 00:00:00+00:00, run_after=2024-07-14 00:00:00+00:00
[2024-07-14T01:20:04.481+0000] {processor.py:183} INFO - Processing /home/airflow/.local/lib/python3.12/site-packages/airflow/example_dags/example_bash_operator.py took 0.077 seconds
[2024-07-14T01:20:35.405+0000] {processor.py:161} INFO - Started process (PID=973) to work on /home/airflow/.local/lib/python3.12/site-packages/airflow/example_dags/example_bash_operator.py
[2024-07-14T01:20:35.410+0000] {processor.py:830} INFO - Processing file /home/airflow/.local/lib/python3.12/site-packages/airflow/example_dags/example_bash_operator.py for tasks to queue
[2024-07-14T01:20:35.415+0000] {logging_mixin.py:188} INFO - [2024-07-14T01:20:35.415+0000] {dagbag.py:545} INFO - Filling up the DagBag from /home/airflow/.local/lib/python3.12/site-packages/airflow/example_dags/example_bash_operator.py
[2024-07-14T01:20:35.436+0000] {processor.py:840} INFO - DAG(s) 'example_bash_operator' retrieved from /home/airflow/.local/lib/python3.12/site-packages/airflow/example_dags/example_bash_operator.py
[2024-07-14T01:20:35.503+0000] {logging_mixin.py:188} INFO - [2024-07-14T01:20:35.503+0000] {dag.py:3096} INFO - Sync 1 DAGs
[2024-07-14T01:20:35.557+0000] {logging_mixin.py:188} INFO - [2024-07-14T01:20:35.557+0000] {dag.py:3954} INFO - Setting next_dagrun for example_bash_operator to 2024-07-13 00:00:00+00:00, run_after=2024-07-14 00:00:00+00:00
[2024-07-14T01:20:35.623+0000] {processor.py:183} INFO - Processing /home/airflow/.local/lib/python3.12/site-packages/airflow/example_dags/example_bash_operator.py took 0.234 seconds
[2024-07-14T01:21:05.787+0000] {processor.py:161} INFO - Started process (PID=1035) to work on /home/airflow/.local/lib/python3.12/site-packages/airflow/example_dags/example_bash_operator.py
[2024-07-14T01:21:05.788+0000] {processor.py:830} INFO - Processing file /home/airflow/.local/lib/python3.12/site-packages/airflow/example_dags/example_bash_operator.py for tasks to queue
[2024-07-14T01:21:05.790+0000] {logging_mixin.py:188} INFO - [2024-07-14T01:21:05.790+0000] {dagbag.py:545} INFO - Filling up the DagBag from /home/airflow/.local/lib/python3.12/site-packages/airflow/example_dags/example_bash_operator.py
[2024-07-14T01:21:05.804+0000] {processor.py:840} INFO - DAG(s) 'example_bash_operator' retrieved from /home/airflow/.local/lib/python3.12/site-packages/airflow/example_dags/example_bash_operator.py
[2024-07-14T01:21:05.834+0000] {logging_mixin.py:188} INFO - [2024-07-14T01:21:05.834+0000] {dag.py:3096} INFO - Sync 1 DAGs
[2024-07-14T01:21:05.858+0000] {logging_mixin.py:188} INFO - [2024-07-14T01:21:05.858+0000] {dag.py:3954} INFO - Setting next_dagrun for example_bash_operator to 2024-07-13 00:00:00+00:00, run_after=2024-07-14 00:00:00+00:00
[2024-07-14T01:21:05.901+0000] {processor.py:183} INFO - Processing /home/airflow/.local/lib/python3.12/site-packages/airflow/example_dags/example_bash_operator.py took 0.120 seconds
[2024-07-14T01:21:36.059+0000] {processor.py:161} INFO - Started process (PID=1095) to work on /home/airflow/.local/lib/python3.12/site-packages/airflow/example_dags/example_bash_operator.py
[2024-07-14T01:21:36.059+0000] {processor.py:830} INFO - Processing file /home/airflow/.local/lib/python3.12/site-packages/airflow/example_dags/example_bash_operator.py for tasks to queue
[2024-07-14T01:21:36.061+0000] {logging_mixin.py:188} INFO - [2024-07-14T01:21:36.061+0000] {dagbag.py:545} INFO - Filling up the DagBag from /home/airflow/.local/lib/python3.12/site-packages/airflow/example_dags/example_bash_operator.py
[2024-07-14T01:21:36.069+0000] {processor.py:840} INFO - DAG(s) 'example_bash_operator' retrieved from /home/airflow/.local/lib/python3.12/site-packages/airflow/example_dags/example_bash_operator.py
[2024-07-14T01:21:36.091+0000] {logging_mixin.py:188} INFO - [2024-07-14T01:21:36.091+0000] {dag.py:3096} INFO - Sync 1 DAGs
[2024-07-14T01:21:36.107+0000] {logging_mixin.py:188} INFO - [2024-07-14T01:21:36.107+0000] {dag.py:3954} INFO - Setting next_dagrun for example_bash_operator to 2024-07-13 00:00:00+00:00, run_after=2024-07-14 00:00:00+00:00
[2024-07-14T01:21:36.130+0000] {processor.py:183} INFO - Processing /home/airflow/.local/lib/python3.12/site-packages/airflow/example_dags/example_bash_operator.py took 0.076 seconds
[2024-07-14T01:22:06.742+0000] {processor.py:161} INFO - Started process (PID=1156) to work on /home/airflow/.local/lib/python3.12/site-packages/airflow/example_dags/example_bash_operator.py
[2024-07-14T01:22:06.743+0000] {processor.py:830} INFO - Processing file /home/airflow/.local/lib/python3.12/site-packages/airflow/example_dags/example_bash_operator.py for tasks to queue
[2024-07-14T01:22:06.744+0000] {logging_mixin.py:188} INFO - [2024-07-14T01:22:06.744+0000] {dagbag.py:545} INFO - Filling up the DagBag from /home/airflow/.local/lib/python3.12/site-packages/airflow/example_dags/example_bash_operator.py
[2024-07-14T01:22:06.754+0000] {processor.py:840} INFO - DAG(s) 'example_bash_operator' retrieved from /home/airflow/.local/lib/python3.12/site-packages/airflow/example_dags/example_bash_operator.py
[2024-07-14T01:22:06.775+0000] {logging_mixin.py:188} INFO - [2024-07-14T01:22:06.775+0000] {dag.py:3096} INFO - Sync 1 DAGs
[2024-07-14T01:22:06.792+0000] {logging_mixin.py:188} INFO - [2024-07-14T01:22:06.792+0000] {dag.py:3954} INFO - Setting next_dagrun for example_bash_operator to 2024-07-13 00:00:00+00:00, run_after=2024-07-14 00:00:00+00:00
[2024-07-14T01:22:06.813+0000] {processor.py:183} INFO - Processing /home/airflow/.local/lib/python3.12/site-packages/airflow/example_dags/example_bash_operator.py took 0.075 seconds
[2024-07-14T01:22:37.244+0000] {processor.py:161} INFO - Started process (PID=1215) to work on /home/airflow/.local/lib/python3.12/site-packages/airflow/example_dags/example_bash_operator.py
[2024-07-14T01:22:37.245+0000] {processor.py:830} INFO - Processing file /home/airflow/.local/lib/python3.12/site-packages/airflow/example_dags/example_bash_operator.py for tasks to queue
[2024-07-14T01:22:37.247+0000] {logging_mixin.py:188} INFO - [2024-07-14T01:22:37.247+0000] {dagbag.py:545} INFO - Filling up the DagBag from /home/airflow/.local/lib/python3.12/site-packages/airflow/example_dags/example_bash_operator.py
[2024-07-14T01:22:37.258+0000] {processor.py:840} INFO - DAG(s) 'example_bash_operator' retrieved from /home/airflow/.local/lib/python3.12/site-packages/airflow/example_dags/example_bash_operator.py
[2024-07-14T01:22:37.290+0000] {logging_mixin.py:188} INFO - [2024-07-14T01:22:37.289+0000] {dag.py:3096} INFO - Sync 1 DAGs
[2024-07-14T01:22:37.315+0000] {logging_mixin.py:188} INFO - [2024-07-14T01:22:37.314+0000] {dag.py:3954} INFO - Setting next_dagrun for example_bash_operator to 2024-07-13 00:00:00+00:00, run_after=2024-07-14 00:00:00+00:00
[2024-07-14T01:22:37.341+0000] {processor.py:183} INFO - Processing /home/airflow/.local/lib/python3.12/site-packages/airflow/example_dags/example_bash_operator.py took 0.103 seconds
[2024-07-14T01:23:07.920+0000] {processor.py:161} INFO - Started process (PID=1275) to work on /home/airflow/.local/lib/python3.12/site-packages/airflow/example_dags/example_bash_operator.py
[2024-07-14T01:23:07.921+0000] {processor.py:830} INFO - Processing file /home/airflow/.local/lib/python3.12/site-packages/airflow/example_dags/example_bash_operator.py for tasks to queue
[2024-07-14T01:23:07.923+0000] {logging_mixin.py:188} INFO - [2024-07-14T01:23:07.922+0000] {dagbag.py:545} INFO - Filling up the DagBag from /home/airflow/.local/lib/python3.12/site-packages/airflow/example_dags/example_bash_operator.py
[2024-07-14T01:23:07.931+0000] {processor.py:840} INFO - DAG(s) 'example_bash_operator' retrieved from /home/airflow/.local/lib/python3.12/site-packages/airflow/example_dags/example_bash_operator.py
[2024-07-14T01:23:07.952+0000] {logging_mixin.py:188} INFO - [2024-07-14T01:23:07.952+0000] {dag.py:3096} INFO - Sync 1 DAGs
[2024-07-14T01:23:07.968+0000] {logging_mixin.py:188} INFO - [2024-07-14T01:23:07.968+0000] {dag.py:3954} INFO - Setting next_dagrun for example_bash_operator to 2024-07-13 00:00:00+00:00, run_after=2024-07-14 00:00:00+00:00
[2024-07-14T01:23:07.992+0000] {processor.py:183} INFO - Processing /home/airflow/.local/lib/python3.12/site-packages/airflow/example_dags/example_bash_operator.py took 0.076 seconds
[2024-07-14T01:23:38.282+0000] {processor.py:161} INFO - Started process (PID=1336) to work on /home/airflow/.local/lib/python3.12/site-packages/airflow/example_dags/example_bash_operator.py
[2024-07-14T01:23:38.283+0000] {processor.py:830} INFO - Processing file /home/airflow/.local/lib/python3.12/site-packages/airflow/example_dags/example_bash_operator.py for tasks to queue
[2024-07-14T01:23:38.286+0000] {logging_mixin.py:188} INFO - [2024-07-14T01:23:38.285+0000] {dagbag.py:545} INFO - Filling up the DagBag from /home/airflow/.local/lib/python3.12/site-packages/airflow/example_dags/example_bash_operator.py
[2024-07-14T01:23:38.313+0000] {processor.py:840} INFO - DAG(s) 'example_bash_operator' retrieved from /home/airflow/.local/lib/python3.12/site-packages/airflow/example_dags/example_bash_operator.py
[2024-07-14T01:23:38.345+0000] {logging_mixin.py:188} INFO - [2024-07-14T01:23:38.344+0000] {dag.py:3096} INFO - Sync 1 DAGs
[2024-07-14T01:23:38.367+0000] {logging_mixin.py:188} INFO - [2024-07-14T01:23:38.367+0000] {dag.py:3954} INFO - Setting next_dagrun for example_bash_operator to 2024-07-13 00:00:00+00:00, run_after=2024-07-14 00:00:00+00:00
[2024-07-14T01:23:38.392+0000] {processor.py:183} INFO - Processing /home/airflow/.local/lib/python3.12/site-packages/airflow/example_dags/example_bash_operator.py took 0.116 seconds
[2024-07-14T01:24:08.651+0000] {processor.py:161} INFO - Started process (PID=1396) to work on /home/airflow/.local/lib/python3.12/site-packages/airflow/example_dags/example_bash_operator.py
[2024-07-14T01:24:08.653+0000] {processor.py:830} INFO - Processing file /home/airflow/.local/lib/python3.12/site-packages/airflow/example_dags/example_bash_operator.py for tasks to queue
[2024-07-14T01:24:08.662+0000] {logging_mixin.py:188} INFO - [2024-07-14T01:24:08.659+0000] {dagbag.py:545} INFO - Filling up the DagBag from /home/airflow/.local/lib/python3.12/site-packages/airflow/example_dags/example_bash_operator.py
[2024-07-14T01:24:08.721+0000] {processor.py:840} INFO - DAG(s) 'example_bash_operator' retrieved from /home/airflow/.local/lib/python3.12/site-packages/airflow/example_dags/example_bash_operator.py
[2024-07-14T01:24:08.900+0000] {logging_mixin.py:188} INFO - [2024-07-14T01:24:08.900+0000] {dag.py:3096} INFO - Sync 1 DAGs
[2024-07-14T01:24:08.998+0000] {logging_mixin.py:188} INFO - [2024-07-14T01:24:08.997+0000] {dag.py:3954} INFO - Setting next_dagrun for example_bash_operator to 2024-07-13 00:00:00+00:00, run_after=2024-07-14 00:00:00+00:00
[2024-07-14T01:24:09.056+0000] {processor.py:183} INFO - Processing /home/airflow/.local/lib/python3.12/site-packages/airflow/example_dags/example_bash_operator.py took 0.432 seconds
[2024-07-14T01:24:39.803+0000] {processor.py:161} INFO - Started process (PID=1457) to work on /home/airflow/.local/lib/python3.12/site-packages/airflow/example_dags/example_bash_operator.py
[2024-07-14T01:24:39.810+0000] {processor.py:830} INFO - Processing file /home/airflow/.local/lib/python3.12/site-packages/airflow/example_dags/example_bash_operator.py for tasks to queue
[2024-07-14T01:24:39.812+0000] {logging_mixin.py:188} INFO - [2024-07-14T01:24:39.811+0000] {dagbag.py:545} INFO - Filling up the DagBag from /home/airflow/.local/lib/python3.12/site-packages/airflow/example_dags/example_bash_operator.py
[2024-07-14T01:24:39.834+0000] {processor.py:840} INFO - DAG(s) 'example_bash_operator' retrieved from /home/airflow/.local/lib/python3.12/site-packages/airflow/example_dags/example_bash_operator.py
[2024-07-14T01:24:39.876+0000] {logging_mixin.py:188} INFO - [2024-07-14T01:24:39.876+0000] {dag.py:3096} INFO - Sync 1 DAGs
[2024-07-14T01:24:39.924+0000] {logging_mixin.py:188} INFO - [2024-07-14T01:24:39.924+0000] {dag.py:3954} INFO - Setting next_dagrun for example_bash_operator to 2024-07-13 00:00:00+00:00, run_after=2024-07-14 00:00:00+00:00
[2024-07-14T01:24:40.008+0000] {processor.py:183} INFO - Processing /home/airflow/.local/lib/python3.12/site-packages/airflow/example_dags/example_bash_operator.py took 0.225 seconds
[2024-07-14T01:25:10.187+0000] {processor.py:161} INFO - Started process (PID=1517) to work on /home/airflow/.local/lib/python3.12/site-packages/airflow/example_dags/example_bash_operator.py
[2024-07-14T01:25:10.189+0000] {processor.py:830} INFO - Processing file /home/airflow/.local/lib/python3.12/site-packages/airflow/example_dags/example_bash_operator.py for tasks to queue
[2024-07-14T01:25:10.202+0000] {logging_mixin.py:188} INFO - [2024-07-14T01:25:10.201+0000] {dagbag.py:545} INFO - Filling up the DagBag from /home/airflow/.local/lib/python3.12/site-packages/airflow/example_dags/example_bash_operator.py
[2024-07-14T01:25:10.227+0000] {processor.py:840} INFO - DAG(s) 'example_bash_operator' retrieved from /home/airflow/.local/lib/python3.12/site-packages/airflow/example_dags/example_bash_operator.py
[2024-07-14T01:25:10.270+0000] {logging_mixin.py:188} INFO - [2024-07-14T01:25:10.270+0000] {dag.py:3096} INFO - Sync 1 DAGs
[2024-07-14T01:25:10.313+0000] {logging_mixin.py:188} INFO - [2024-07-14T01:25:10.313+0000] {dag.py:3954} INFO - Setting next_dagrun for example_bash_operator to 2024-07-13 00:00:00+00:00, run_after=2024-07-14 00:00:00+00:00
[2024-07-14T01:25:10.341+0000] {processor.py:183} INFO - Processing /home/airflow/.local/lib/python3.12/site-packages/airflow/example_dags/example_bash_operator.py took 0.180 seconds
[2024-07-14T01:25:41.520+0000] {processor.py:161} INFO - Started process (PID=1579) to work on /home/airflow/.local/lib/python3.12/site-packages/airflow/example_dags/example_bash_operator.py
[2024-07-14T01:25:41.520+0000] {processor.py:830} INFO - Processing file /home/airflow/.local/lib/python3.12/site-packages/airflow/example_dags/example_bash_operator.py for tasks to queue
[2024-07-14T01:25:41.523+0000] {logging_mixin.py:188} INFO - [2024-07-14T01:25:41.523+0000] {dagbag.py:545} INFO - Filling up the DagBag from /home/airflow/.local/lib/python3.12/site-packages/airflow/example_dags/example_bash_operator.py
[2024-07-14T01:25:41.542+0000] {processor.py:840} INFO - DAG(s) 'example_bash_operator' retrieved from /home/airflow/.local/lib/python3.12/site-packages/airflow/example_dags/example_bash_operator.py
[2024-07-14T01:25:41.610+0000] {logging_mixin.py:188} INFO - [2024-07-14T01:25:41.610+0000] {dag.py:3096} INFO - Sync 1 DAGs
[2024-07-14T01:25:41.636+0000] {logging_mixin.py:188} INFO - [2024-07-14T01:25:41.636+0000] {dag.py:3954} INFO - Setting next_dagrun for example_bash_operator to 2024-07-13 00:00:00+00:00, run_after=2024-07-14 00:00:00+00:00
[2024-07-14T01:25:41.699+0000] {processor.py:183} INFO - Processing /home/airflow/.local/lib/python3.12/site-packages/airflow/example_dags/example_bash_operator.py took 0.186 seconds
[2024-07-14T01:26:12.351+0000] {processor.py:161} INFO - Started process (PID=1640) to work on /home/airflow/.local/lib/python3.12/site-packages/airflow/example_dags/example_bash_operator.py
[2024-07-14T01:26:12.352+0000] {processor.py:830} INFO - Processing file /home/airflow/.local/lib/python3.12/site-packages/airflow/example_dags/example_bash_operator.py for tasks to queue
[2024-07-14T01:26:12.354+0000] {logging_mixin.py:188} INFO - [2024-07-14T01:26:12.353+0000] {dagbag.py:545} INFO - Filling up the DagBag from /home/airflow/.local/lib/python3.12/site-packages/airflow/example_dags/example_bash_operator.py
[2024-07-14T01:26:12.365+0000] {processor.py:840} INFO - DAG(s) 'example_bash_operator' retrieved from /home/airflow/.local/lib/python3.12/site-packages/airflow/example_dags/example_bash_operator.py
[2024-07-14T01:26:12.397+0000] {logging_mixin.py:188} INFO - [2024-07-14T01:26:12.396+0000] {dag.py:3096} INFO - Sync 1 DAGs
[2024-07-14T01:26:12.420+0000] {logging_mixin.py:188} INFO - [2024-07-14T01:26:12.420+0000] {dag.py:3954} INFO - Setting next_dagrun for example_bash_operator to 2024-07-13 00:00:00+00:00, run_after=2024-07-14 00:00:00+00:00
[2024-07-14T01:26:12.446+0000] {processor.py:183} INFO - Processing /home/airflow/.local/lib/python3.12/site-packages/airflow/example_dags/example_bash_operator.py took 0.101 seconds
[2024-07-14T01:26:42.936+0000] {processor.py:161} INFO - Started process (PID=1701) to work on /home/airflow/.local/lib/python3.12/site-packages/airflow/example_dags/example_bash_operator.py
[2024-07-14T01:26:42.937+0000] {processor.py:830} INFO - Processing file /home/airflow/.local/lib/python3.12/site-packages/airflow/example_dags/example_bash_operator.py for tasks to queue
[2024-07-14T01:26:42.939+0000] {logging_mixin.py:188} INFO - [2024-07-14T01:26:42.939+0000] {dagbag.py:545} INFO - Filling up the DagBag from /home/airflow/.local/lib/python3.12/site-packages/airflow/example_dags/example_bash_operator.py
[2024-07-14T01:26:42.955+0000] {processor.py:840} INFO - DAG(s) 'example_bash_operator' retrieved from /home/airflow/.local/lib/python3.12/site-packages/airflow/example_dags/example_bash_operator.py
[2024-07-14T01:26:43.001+0000] {logging_mixin.py:188} INFO - [2024-07-14T01:26:43.000+0000] {dag.py:3096} INFO - Sync 1 DAGs
[2024-07-14T01:26:43.033+0000] {logging_mixin.py:188} INFO - [2024-07-14T01:26:43.033+0000] {dag.py:3954} INFO - Setting next_dagrun for example_bash_operator to 2024-07-13 00:00:00+00:00, run_after=2024-07-14 00:00:00+00:00
[2024-07-14T01:26:43.068+0000] {processor.py:183} INFO - Processing /home/airflow/.local/lib/python3.12/site-packages/airflow/example_dags/example_bash_operator.py took 0.139 seconds
[2024-07-14T01:27:14.487+0000] {processor.py:161} INFO - Started process (PID=1762) to work on /home/airflow/.local/lib/python3.12/site-packages/airflow/example_dags/example_bash_operator.py
[2024-07-14T01:27:14.487+0000] {processor.py:830} INFO - Processing file /home/airflow/.local/lib/python3.12/site-packages/airflow/example_dags/example_bash_operator.py for tasks to queue
[2024-07-14T01:27:14.493+0000] {logging_mixin.py:188} INFO - [2024-07-14T01:27:14.492+0000] {dagbag.py:545} INFO - Filling up the DagBag from /home/airflow/.local/lib/python3.12/site-packages/airflow/example_dags/example_bash_operator.py
[2024-07-14T01:27:14.515+0000] {processor.py:840} INFO - DAG(s) 'example_bash_operator' retrieved from /home/airflow/.local/lib/python3.12/site-packages/airflow/example_dags/example_bash_operator.py
[2024-07-14T01:27:14.619+0000] {logging_mixin.py:188} INFO - [2024-07-14T01:27:14.619+0000] {dag.py:3096} INFO - Sync 1 DAGs
[2024-07-14T01:27:14.702+0000] {logging_mixin.py:188} INFO - [2024-07-14T01:27:14.701+0000] {dag.py:3954} INFO - Setting next_dagrun for example_bash_operator to 2024-07-13 00:00:00+00:00, run_after=2024-07-14 00:00:00+00:00
[2024-07-14T01:27:14.811+0000] {processor.py:183} INFO - Processing /home/airflow/.local/lib/python3.12/site-packages/airflow/example_dags/example_bash_operator.py took 0.340 seconds
[2024-07-14T01:27:45.033+0000] {processor.py:161} INFO - Started process (PID=1820) to work on /home/airflow/.local/lib/python3.12/site-packages/airflow/example_dags/example_bash_operator.py
[2024-07-14T01:27:45.039+0000] {processor.py:830} INFO - Processing file /home/airflow/.local/lib/python3.12/site-packages/airflow/example_dags/example_bash_operator.py for tasks to queue
[2024-07-14T01:27:45.041+0000] {logging_mixin.py:188} INFO - [2024-07-14T01:27:45.041+0000] {dagbag.py:545} INFO - Filling up the DagBag from /home/airflow/.local/lib/python3.12/site-packages/airflow/example_dags/example_bash_operator.py
[2024-07-14T01:27:45.060+0000] {processor.py:840} INFO - DAG(s) 'example_bash_operator' retrieved from /home/airflow/.local/lib/python3.12/site-packages/airflow/example_dags/example_bash_operator.py
[2024-07-14T01:27:45.133+0000] {logging_mixin.py:188} INFO - [2024-07-14T01:27:45.131+0000] {dag.py:3096} INFO - Sync 1 DAGs
[2024-07-14T01:27:45.195+0000] {logging_mixin.py:188} INFO - [2024-07-14T01:27:45.195+0000] {dag.py:3954} INFO - Setting next_dagrun for example_bash_operator to 2024-07-13 00:00:00+00:00, run_after=2024-07-14 00:00:00+00:00
[2024-07-14T01:27:45.320+0000] {processor.py:183} INFO - Processing /home/airflow/.local/lib/python3.12/site-packages/airflow/example_dags/example_bash_operator.py took 0.306 seconds
[2024-07-14T01:28:16.174+0000] {processor.py:161} INFO - Started process (PID=1888) to work on /home/airflow/.local/lib/python3.12/site-packages/airflow/example_dags/example_bash_operator.py
[2024-07-14T01:28:16.175+0000] {processor.py:830} INFO - Processing file /home/airflow/.local/lib/python3.12/site-packages/airflow/example_dags/example_bash_operator.py for tasks to queue
[2024-07-14T01:28:16.177+0000] {logging_mixin.py:188} INFO - [2024-07-14T01:28:16.177+0000] {dagbag.py:545} INFO - Filling up the DagBag from /home/airflow/.local/lib/python3.12/site-packages/airflow/example_dags/example_bash_operator.py
[2024-07-14T01:28:16.192+0000] {processor.py:840} INFO - DAG(s) 'example_bash_operator' retrieved from /home/airflow/.local/lib/python3.12/site-packages/airflow/example_dags/example_bash_operator.py
[2024-07-14T01:28:16.233+0000] {logging_mixin.py:188} INFO - [2024-07-14T01:28:16.232+0000] {dag.py:3096} INFO - Sync 1 DAGs
[2024-07-14T01:28:16.258+0000] {logging_mixin.py:188} INFO - [2024-07-14T01:28:16.258+0000] {dag.py:3954} INFO - Setting next_dagrun for example_bash_operator to 2024-07-13 00:00:00+00:00, run_after=2024-07-14 00:00:00+00:00
[2024-07-14T01:28:16.289+0000] {processor.py:183} INFO - Processing /home/airflow/.local/lib/python3.12/site-packages/airflow/example_dags/example_bash_operator.py took 0.125 seconds
[2024-07-14T01:28:46.499+0000] {processor.py:161} INFO - Started process (PID=1949) to work on /home/airflow/.local/lib/python3.12/site-packages/airflow/example_dags/example_bash_operator.py
[2024-07-14T01:28:46.500+0000] {processor.py:830} INFO - Processing file /home/airflow/.local/lib/python3.12/site-packages/airflow/example_dags/example_bash_operator.py for tasks to queue
[2024-07-14T01:28:46.502+0000] {logging_mixin.py:188} INFO - [2024-07-14T01:28:46.501+0000] {dagbag.py:545} INFO - Filling up the DagBag from /home/airflow/.local/lib/python3.12/site-packages/airflow/example_dags/example_bash_operator.py
[2024-07-14T01:28:46.517+0000] {processor.py:840} INFO - DAG(s) 'example_bash_operator' retrieved from /home/airflow/.local/lib/python3.12/site-packages/airflow/example_dags/example_bash_operator.py
[2024-07-14T01:28:46.574+0000] {logging_mixin.py:188} INFO - [2024-07-14T01:28:46.573+0000] {dag.py:3096} INFO - Sync 1 DAGs
[2024-07-14T01:28:46.601+0000] {logging_mixin.py:188} INFO - [2024-07-14T01:28:46.601+0000] {dag.py:3954} INFO - Setting next_dagrun for example_bash_operator to 2024-07-13 00:00:00+00:00, run_after=2024-07-14 00:00:00+00:00
[2024-07-14T01:28:46.631+0000] {processor.py:183} INFO - Processing /home/airflow/.local/lib/python3.12/site-packages/airflow/example_dags/example_bash_operator.py took 0.140 seconds
[2024-07-14T01:29:16.924+0000] {processor.py:161} INFO - Started process (PID=2010) to work on /home/airflow/.local/lib/python3.12/site-packages/airflow/example_dags/example_bash_operator.py
[2024-07-14T01:29:16.927+0000] {processor.py:830} INFO - Processing file /home/airflow/.local/lib/python3.12/site-packages/airflow/example_dags/example_bash_operator.py for tasks to queue
[2024-07-14T01:29:16.929+0000] {logging_mixin.py:188} INFO - [2024-07-14T01:29:16.929+0000] {dagbag.py:545} INFO - Filling up the DagBag from /home/airflow/.local/lib/python3.12/site-packages/airflow/example_dags/example_bash_operator.py
[2024-07-14T01:29:16.955+0000] {processor.py:840} INFO - DAG(s) 'example_bash_operator' retrieved from /home/airflow/.local/lib/python3.12/site-packages/airflow/example_dags/example_bash_operator.py
[2024-07-14T01:29:17.064+0000] {logging_mixin.py:188} INFO - [2024-07-14T01:29:17.064+0000] {dag.py:3096} INFO - Sync 1 DAGs
[2024-07-14T01:29:17.158+0000] {logging_mixin.py:188} INFO - [2024-07-14T01:29:17.157+0000] {dag.py:3954} INFO - Setting next_dagrun for example_bash_operator to 2024-07-13 00:00:00+00:00, run_after=2024-07-14 00:00:00+00:00
[2024-07-14T01:29:17.244+0000] {processor.py:183} INFO - Processing /home/airflow/.local/lib/python3.12/site-packages/airflow/example_dags/example_bash_operator.py took 0.334 seconds
[2024-07-14T01:29:47.455+0000] {processor.py:161} INFO - Started process (PID=2071) to work on /home/airflow/.local/lib/python3.12/site-packages/airflow/example_dags/example_bash_operator.py
[2024-07-14T01:29:47.464+0000] {processor.py:830} INFO - Processing file /home/airflow/.local/lib/python3.12/site-packages/airflow/example_dags/example_bash_operator.py for tasks to queue
[2024-07-14T01:29:47.466+0000] {logging_mixin.py:188} INFO - [2024-07-14T01:29:47.465+0000] {dagbag.py:545} INFO - Filling up the DagBag from /home/airflow/.local/lib/python3.12/site-packages/airflow/example_dags/example_bash_operator.py
[2024-07-14T01:29:47.494+0000] {processor.py:840} INFO - DAG(s) 'example_bash_operator' retrieved from /home/airflow/.local/lib/python3.12/site-packages/airflow/example_dags/example_bash_operator.py
[2024-07-14T01:29:47.568+0000] {logging_mixin.py:188} INFO - [2024-07-14T01:29:47.568+0000] {dag.py:3096} INFO - Sync 1 DAGs
[2024-07-14T01:29:47.626+0000] {logging_mixin.py:188} INFO - [2024-07-14T01:29:47.625+0000] {dag.py:3954} INFO - Setting next_dagrun for example_bash_operator to 2024-07-13 00:00:00+00:00, run_after=2024-07-14 00:00:00+00:00
[2024-07-14T01:29:47.678+0000] {processor.py:183} INFO - Processing /home/airflow/.local/lib/python3.12/site-packages/airflow/example_dags/example_bash_operator.py took 0.231 seconds
[2024-07-14T01:30:18.538+0000] {processor.py:161} INFO - Started process (PID=2132) to work on /home/airflow/.local/lib/python3.12/site-packages/airflow/example_dags/example_bash_operator.py
[2024-07-14T01:30:18.538+0000] {processor.py:830} INFO - Processing file /home/airflow/.local/lib/python3.12/site-packages/airflow/example_dags/example_bash_operator.py for tasks to queue
[2024-07-14T01:30:18.540+0000] {logging_mixin.py:188} INFO - [2024-07-14T01:30:18.540+0000] {dagbag.py:545} INFO - Filling up the DagBag from /home/airflow/.local/lib/python3.12/site-packages/airflow/example_dags/example_bash_operator.py
[2024-07-14T01:30:18.556+0000] {processor.py:840} INFO - DAG(s) 'example_bash_operator' retrieved from /home/airflow/.local/lib/python3.12/site-packages/airflow/example_dags/example_bash_operator.py
[2024-07-14T01:30:18.600+0000] {logging_mixin.py:188} INFO - [2024-07-14T01:30:18.600+0000] {dag.py:3096} INFO - Sync 1 DAGs
[2024-07-14T01:30:18.628+0000] {logging_mixin.py:188} INFO - [2024-07-14T01:30:18.627+0000] {dag.py:3954} INFO - Setting next_dagrun for example_bash_operator to 2024-07-13 00:00:00+00:00, run_after=2024-07-14 00:00:00+00:00
[2024-07-14T01:30:18.658+0000] {processor.py:183} INFO - Processing /home/airflow/.local/lib/python3.12/site-packages/airflow/example_dags/example_bash_operator.py took 0.126 seconds
[2024-07-14T01:30:48.785+0000] {processor.py:161} INFO - Started process (PID=2193) to work on /home/airflow/.local/lib/python3.12/site-packages/airflow/example_dags/example_bash_operator.py
[2024-07-14T01:30:48.786+0000] {processor.py:830} INFO - Processing file /home/airflow/.local/lib/python3.12/site-packages/airflow/example_dags/example_bash_operator.py for tasks to queue
[2024-07-14T01:30:48.788+0000] {logging_mixin.py:188} INFO - [2024-07-14T01:30:48.787+0000] {dagbag.py:545} INFO - Filling up the DagBag from /home/airflow/.local/lib/python3.12/site-packages/airflow/example_dags/example_bash_operator.py
[2024-07-14T01:30:48.800+0000] {processor.py:840} INFO - DAG(s) 'example_bash_operator' retrieved from /home/airflow/.local/lib/python3.12/site-packages/airflow/example_dags/example_bash_operator.py
[2024-07-14T01:30:48.830+0000] {logging_mixin.py:188} INFO - [2024-07-14T01:30:48.830+0000] {dag.py:3096} INFO - Sync 1 DAGs
[2024-07-14T01:30:48.855+0000] {logging_mixin.py:188} INFO - [2024-07-14T01:30:48.855+0000] {dag.py:3954} INFO - Setting next_dagrun for example_bash_operator to 2024-07-13 00:00:00+00:00, run_after=2024-07-14 00:00:00+00:00
[2024-07-14T01:30:48.890+0000] {processor.py:183} INFO - Processing /home/airflow/.local/lib/python3.12/site-packages/airflow/example_dags/example_bash_operator.py took 0.111 seconds
[2024-07-14T01:31:19.581+0000] {processor.py:161} INFO - Started process (PID=2254) to work on /home/airflow/.local/lib/python3.12/site-packages/airflow/example_dags/example_bash_operator.py
[2024-07-14T01:31:19.582+0000] {processor.py:830} INFO - Processing file /home/airflow/.local/lib/python3.12/site-packages/airflow/example_dags/example_bash_operator.py for tasks to queue
[2024-07-14T01:31:19.585+0000] {logging_mixin.py:188} INFO - [2024-07-14T01:31:19.585+0000] {dagbag.py:545} INFO - Filling up the DagBag from /home/airflow/.local/lib/python3.12/site-packages/airflow/example_dags/example_bash_operator.py
[2024-07-14T01:31:19.640+0000] {processor.py:840} INFO - DAG(s) 'example_bash_operator' retrieved from /home/airflow/.local/lib/python3.12/site-packages/airflow/example_dags/example_bash_operator.py
[2024-07-14T01:31:19.696+0000] {logging_mixin.py:188} INFO - [2024-07-14T01:31:19.696+0000] {dag.py:3096} INFO - Sync 1 DAGs
[2024-07-14T01:31:19.770+0000] {logging_mixin.py:188} INFO - [2024-07-14T01:31:19.770+0000] {dag.py:3954} INFO - Setting next_dagrun for example_bash_operator to 2024-07-13 00:00:00+00:00, run_after=2024-07-14 00:00:00+00:00
[2024-07-14T01:31:19.857+0000] {processor.py:183} INFO - Processing /home/airflow/.local/lib/python3.12/site-packages/airflow/example_dags/example_bash_operator.py took 0.294 seconds
[2024-07-14T01:31:50.056+0000] {processor.py:161} INFO - Started process (PID=2314) to work on /home/airflow/.local/lib/python3.12/site-packages/airflow/example_dags/example_bash_operator.py
[2024-07-14T01:31:50.065+0000] {processor.py:830} INFO - Processing file /home/airflow/.local/lib/python3.12/site-packages/airflow/example_dags/example_bash_operator.py for tasks to queue
[2024-07-14T01:31:50.071+0000] {logging_mixin.py:188} INFO - [2024-07-14T01:31:50.070+0000] {dagbag.py:545} INFO - Filling up the DagBag from /home/airflow/.local/lib/python3.12/site-packages/airflow/example_dags/example_bash_operator.py
[2024-07-14T01:31:50.091+0000] {processor.py:840} INFO - DAG(s) 'example_bash_operator' retrieved from /home/airflow/.local/lib/python3.12/site-packages/airflow/example_dags/example_bash_operator.py
[2024-07-14T01:31:50.220+0000] {logging_mixin.py:188} INFO - [2024-07-14T01:31:50.220+0000] {dag.py:3096} INFO - Sync 1 DAGs
[2024-07-14T01:31:50.271+0000] {logging_mixin.py:188} INFO - [2024-07-14T01:31:50.271+0000] {dag.py:3954} INFO - Setting next_dagrun for example_bash_operator to 2024-07-13 00:00:00+00:00, run_after=2024-07-14 00:00:00+00:00
[2024-07-14T01:31:50.302+0000] {processor.py:183} INFO - Processing /home/airflow/.local/lib/python3.12/site-packages/airflow/example_dags/example_bash_operator.py took 0.259 seconds
[2024-07-14T01:32:21.408+0000] {processor.py:161} INFO - Started process (PID=2375) to work on /home/airflow/.local/lib/python3.12/site-packages/airflow/example_dags/example_bash_operator.py
[2024-07-14T01:32:21.479+0000] {processor.py:830} INFO - Processing file /home/airflow/.local/lib/python3.12/site-packages/airflow/example_dags/example_bash_operator.py for tasks to queue
[2024-07-14T01:32:21.503+0000] {logging_mixin.py:188} INFO - [2024-07-14T01:32:21.503+0000] {dagbag.py:545} INFO - Filling up the DagBag from /home/airflow/.local/lib/python3.12/site-packages/airflow/example_dags/example_bash_operator.py
[2024-07-14T01:32:21.590+0000] {processor.py:840} INFO - DAG(s) 'example_bash_operator' retrieved from /home/airflow/.local/lib/python3.12/site-packages/airflow/example_dags/example_bash_operator.py
[2024-07-14T01:32:21.741+0000] {logging_mixin.py:188} INFO - [2024-07-14T01:32:21.740+0000] {dag.py:3096} INFO - Sync 1 DAGs
[2024-07-14T01:32:21.769+0000] {logging_mixin.py:188} INFO - [2024-07-14T01:32:21.769+0000] {dag.py:3954} INFO - Setting next_dagrun for example_bash_operator to 2024-07-13 00:00:00+00:00, run_after=2024-07-14 00:00:00+00:00
[2024-07-14T01:32:21.797+0000] {processor.py:183} INFO - Processing /home/airflow/.local/lib/python3.12/site-packages/airflow/example_dags/example_bash_operator.py took 0.424 seconds
[2024-07-14T01:32:52.234+0000] {processor.py:161} INFO - Started process (PID=2433) to work on /home/airflow/.local/lib/python3.12/site-packages/airflow/example_dags/example_bash_operator.py
[2024-07-14T01:32:52.248+0000] {processor.py:830} INFO - Processing file /home/airflow/.local/lib/python3.12/site-packages/airflow/example_dags/example_bash_operator.py for tasks to queue
[2024-07-14T01:32:52.252+0000] {logging_mixin.py:188} INFO - [2024-07-14T01:32:52.251+0000] {dagbag.py:545} INFO - Filling up the DagBag from /home/airflow/.local/lib/python3.12/site-packages/airflow/example_dags/example_bash_operator.py
[2024-07-14T01:32:52.329+0000] {processor.py:840} INFO - DAG(s) 'example_bash_operator' retrieved from /home/airflow/.local/lib/python3.12/site-packages/airflow/example_dags/example_bash_operator.py
[2024-07-14T01:32:52.404+0000] {logging_mixin.py:188} INFO - [2024-07-14T01:32:52.403+0000] {dag.py:3096} INFO - Sync 1 DAGs
[2024-07-14T01:32:52.537+0000] {logging_mixin.py:188} INFO - [2024-07-14T01:32:52.536+0000] {dag.py:3954} INFO - Setting next_dagrun for example_bash_operator to 2024-07-13 00:00:00+00:00, run_after=2024-07-14 00:00:00+00:00
[2024-07-14T01:32:52.618+0000] {processor.py:183} INFO - Processing /home/airflow/.local/lib/python3.12/site-packages/airflow/example_dags/example_bash_operator.py took 0.410 seconds
[2024-07-14T01:33:22.719+0000] {processor.py:161} INFO - Started process (PID=2494) to work on /home/airflow/.local/lib/python3.12/site-packages/airflow/example_dags/example_bash_operator.py
[2024-07-14T01:33:22.720+0000] {processor.py:830} INFO - Processing file /home/airflow/.local/lib/python3.12/site-packages/airflow/example_dags/example_bash_operator.py for tasks to queue
[2024-07-14T01:33:22.722+0000] {logging_mixin.py:188} INFO - [2024-07-14T01:33:22.721+0000] {dagbag.py:545} INFO - Filling up the DagBag from /home/airflow/.local/lib/python3.12/site-packages/airflow/example_dags/example_bash_operator.py
[2024-07-14T01:33:22.735+0000] {processor.py:840} INFO - DAG(s) 'example_bash_operator' retrieved from /home/airflow/.local/lib/python3.12/site-packages/airflow/example_dags/example_bash_operator.py
[2024-07-14T01:33:22.879+0000] {logging_mixin.py:188} INFO - [2024-07-14T01:33:22.879+0000] {dag.py:3096} INFO - Sync 1 DAGs
[2024-07-14T01:33:22.901+0000] {logging_mixin.py:188} INFO - [2024-07-14T01:33:22.901+0000] {dag.py:3954} INFO - Setting next_dagrun for example_bash_operator to 2024-07-13 00:00:00+00:00, run_after=2024-07-14 00:00:00+00:00
[2024-07-14T01:33:22.936+0000] {processor.py:183} INFO - Processing /home/airflow/.local/lib/python3.12/site-packages/airflow/example_dags/example_bash_operator.py took 0.223 seconds
[2024-07-14T01:33:53.149+0000] {processor.py:161} INFO - Started process (PID=2555) to work on /home/airflow/.local/lib/python3.12/site-packages/airflow/example_dags/example_bash_operator.py
[2024-07-14T01:33:53.150+0000] {processor.py:830} INFO - Processing file /home/airflow/.local/lib/python3.12/site-packages/airflow/example_dags/example_bash_operator.py for tasks to queue
[2024-07-14T01:33:53.152+0000] {logging_mixin.py:188} INFO - [2024-07-14T01:33:53.152+0000] {dagbag.py:545} INFO - Filling up the DagBag from /home/airflow/.local/lib/python3.12/site-packages/airflow/example_dags/example_bash_operator.py
[2024-07-14T01:33:53.165+0000] {processor.py:840} INFO - DAG(s) 'example_bash_operator' retrieved from /home/airflow/.local/lib/python3.12/site-packages/airflow/example_dags/example_bash_operator.py
[2024-07-14T01:33:53.198+0000] {logging_mixin.py:188} INFO - [2024-07-14T01:33:53.198+0000] {dag.py:3096} INFO - Sync 1 DAGs
[2024-07-14T01:33:53.225+0000] {logging_mixin.py:188} INFO - [2024-07-14T01:33:53.225+0000] {dag.py:3954} INFO - Setting next_dagrun for example_bash_operator to 2024-07-13 00:00:00+00:00, run_after=2024-07-14 00:00:00+00:00
[2024-07-14T01:33:53.251+0000] {processor.py:183} INFO - Processing /home/airflow/.local/lib/python3.12/site-packages/airflow/example_dags/example_bash_operator.py took 0.108 seconds
[2024-07-14T01:34:23.398+0000] {processor.py:161} INFO - Started process (PID=2617) to work on /home/airflow/.local/lib/python3.12/site-packages/airflow/example_dags/example_bash_operator.py
[2024-07-14T01:34:23.399+0000] {processor.py:830} INFO - Processing file /home/airflow/.local/lib/python3.12/site-packages/airflow/example_dags/example_bash_operator.py for tasks to queue
[2024-07-14T01:34:23.401+0000] {logging_mixin.py:188} INFO - [2024-07-14T01:34:23.401+0000] {dagbag.py:545} INFO - Filling up the DagBag from /home/airflow/.local/lib/python3.12/site-packages/airflow/example_dags/example_bash_operator.py
[2024-07-14T01:34:23.414+0000] {processor.py:840} INFO - DAG(s) 'example_bash_operator' retrieved from /home/airflow/.local/lib/python3.12/site-packages/airflow/example_dags/example_bash_operator.py
[2024-07-14T01:34:23.446+0000] {logging_mixin.py:188} INFO - [2024-07-14T01:34:23.445+0000] {dag.py:3096} INFO - Sync 1 DAGs
[2024-07-14T01:34:23.476+0000] {logging_mixin.py:188} INFO - [2024-07-14T01:34:23.476+0000] {dag.py:3954} INFO - Setting next_dagrun for example_bash_operator to 2024-07-13 00:00:00+00:00, run_after=2024-07-14 00:00:00+00:00
[2024-07-14T01:34:23.501+0000] {processor.py:183} INFO - Processing /home/airflow/.local/lib/python3.12/site-packages/airflow/example_dags/example_bash_operator.py took 0.109 seconds
[2024-07-14T01:34:53.925+0000] {processor.py:161} INFO - Started process (PID=2678) to work on /home/airflow/.local/lib/python3.12/site-packages/airflow/example_dags/example_bash_operator.py
[2024-07-14T01:34:53.926+0000] {processor.py:830} INFO - Processing file /home/airflow/.local/lib/python3.12/site-packages/airflow/example_dags/example_bash_operator.py for tasks to queue
[2024-07-14T01:34:53.927+0000] {logging_mixin.py:188} INFO - [2024-07-14T01:34:53.927+0000] {dagbag.py:545} INFO - Filling up the DagBag from /home/airflow/.local/lib/python3.12/site-packages/airflow/example_dags/example_bash_operator.py
[2024-07-14T01:34:53.940+0000] {processor.py:840} INFO - DAG(s) 'example_bash_operator' retrieved from /home/airflow/.local/lib/python3.12/site-packages/airflow/example_dags/example_bash_operator.py
[2024-07-14T01:34:53.986+0000] {logging_mixin.py:188} INFO - [2024-07-14T01:34:53.985+0000] {dag.py:3096} INFO - Sync 1 DAGs
[2024-07-14T01:34:54.021+0000] {logging_mixin.py:188} INFO - [2024-07-14T01:34:54.021+0000] {dag.py:3954} INFO - Setting next_dagrun for example_bash_operator to 2024-07-13 00:00:00+00:00, run_after=2024-07-14 00:00:00+00:00
[2024-07-14T01:34:54.068+0000] {processor.py:183} INFO - Processing /home/airflow/.local/lib/python3.12/site-packages/airflow/example_dags/example_bash_operator.py took 0.150 seconds
[2024-07-14T01:35:24.427+0000] {processor.py:161} INFO - Started process (PID=2739) to work on /home/airflow/.local/lib/python3.12/site-packages/airflow/example_dags/example_bash_operator.py
[2024-07-14T01:35:24.428+0000] {processor.py:830} INFO - Processing file /home/airflow/.local/lib/python3.12/site-packages/airflow/example_dags/example_bash_operator.py for tasks to queue
[2024-07-14T01:35:24.430+0000] {logging_mixin.py:188} INFO - [2024-07-14T01:35:24.429+0000] {dagbag.py:545} INFO - Filling up the DagBag from /home/airflow/.local/lib/python3.12/site-packages/airflow/example_dags/example_bash_operator.py
[2024-07-14T01:35:24.442+0000] {processor.py:840} INFO - DAG(s) 'example_bash_operator' retrieved from /home/airflow/.local/lib/python3.12/site-packages/airflow/example_dags/example_bash_operator.py
[2024-07-14T01:35:24.472+0000] {logging_mixin.py:188} INFO - [2024-07-14T01:35:24.472+0000] {dag.py:3096} INFO - Sync 1 DAGs
[2024-07-14T01:35:24.499+0000] {logging_mixin.py:188} INFO - [2024-07-14T01:35:24.498+0000] {dag.py:3954} INFO - Setting next_dagrun for example_bash_operator to 2024-07-13 00:00:00+00:00, run_after=2024-07-14 00:00:00+00:00
[2024-07-14T01:35:24.528+0000] {processor.py:183} INFO - Processing /home/airflow/.local/lib/python3.12/site-packages/airflow/example_dags/example_bash_operator.py took 0.107 seconds
[2024-07-14T01:35:54.990+0000] {processor.py:161} INFO - Started process (PID=2800) to work on /home/airflow/.local/lib/python3.12/site-packages/airflow/example_dags/example_bash_operator.py
[2024-07-14T01:35:54.991+0000] {processor.py:830} INFO - Processing file /home/airflow/.local/lib/python3.12/site-packages/airflow/example_dags/example_bash_operator.py for tasks to queue
[2024-07-14T01:35:54.993+0000] {logging_mixin.py:188} INFO - [2024-07-14T01:35:54.993+0000] {dagbag.py:545} INFO - Filling up the DagBag from /home/airflow/.local/lib/python3.12/site-packages/airflow/example_dags/example_bash_operator.py
[2024-07-14T01:35:55.006+0000] {processor.py:840} INFO - DAG(s) 'example_bash_operator' retrieved from /home/airflow/.local/lib/python3.12/site-packages/airflow/example_dags/example_bash_operator.py
[2024-07-14T01:35:55.035+0000] {logging_mixin.py:188} INFO - [2024-07-14T01:35:55.035+0000] {dag.py:3096} INFO - Sync 1 DAGs
[2024-07-14T01:35:55.062+0000] {logging_mixin.py:188} INFO - [2024-07-14T01:35:55.062+0000] {dag.py:3954} INFO - Setting next_dagrun for example_bash_operator to 2024-07-13 00:00:00+00:00, run_after=2024-07-14 00:00:00+00:00
[2024-07-14T01:35:55.088+0000] {processor.py:183} INFO - Processing /home/airflow/.local/lib/python3.12/site-packages/airflow/example_dags/example_bash_operator.py took 0.104 seconds
[2024-07-14T01:36:25.733+0000] {processor.py:161} INFO - Started process (PID=2861) to work on /home/airflow/.local/lib/python3.12/site-packages/airflow/example_dags/example_bash_operator.py
[2024-07-14T01:36:25.734+0000] {processor.py:830} INFO - Processing file /home/airflow/.local/lib/python3.12/site-packages/airflow/example_dags/example_bash_operator.py for tasks to queue
[2024-07-14T01:36:25.737+0000] {logging_mixin.py:188} INFO - [2024-07-14T01:36:25.737+0000] {dagbag.py:545} INFO - Filling up the DagBag from /home/airflow/.local/lib/python3.12/site-packages/airflow/example_dags/example_bash_operator.py
[2024-07-14T01:36:25.749+0000] {processor.py:840} INFO - DAG(s) 'example_bash_operator' retrieved from /home/airflow/.local/lib/python3.12/site-packages/airflow/example_dags/example_bash_operator.py
[2024-07-14T01:36:25.781+0000] {logging_mixin.py:188} INFO - [2024-07-14T01:36:25.780+0000] {dag.py:3096} INFO - Sync 1 DAGs
[2024-07-14T01:36:25.806+0000] {logging_mixin.py:188} INFO - [2024-07-14T01:36:25.806+0000] {dag.py:3954} INFO - Setting next_dagrun for example_bash_operator to 2024-07-13 00:00:00+00:00, run_after=2024-07-14 00:00:00+00:00
[2024-07-14T01:36:25.839+0000] {processor.py:183} INFO - Processing /home/airflow/.local/lib/python3.12/site-packages/airflow/example_dags/example_bash_operator.py took 0.113 seconds
[2024-07-14T01:36:56.043+0000] {processor.py:161} INFO - Started process (PID=2922) to work on /home/airflow/.local/lib/python3.12/site-packages/airflow/example_dags/example_bash_operator.py
[2024-07-14T01:36:56.044+0000] {processor.py:830} INFO - Processing file /home/airflow/.local/lib/python3.12/site-packages/airflow/example_dags/example_bash_operator.py for tasks to queue
[2024-07-14T01:36:56.056+0000] {logging_mixin.py:188} INFO - [2024-07-14T01:36:56.055+0000] {dagbag.py:545} INFO - Filling up the DagBag from /home/airflow/.local/lib/python3.12/site-packages/airflow/example_dags/example_bash_operator.py
[2024-07-14T01:36:56.071+0000] {processor.py:840} INFO - DAG(s) 'example_bash_operator' retrieved from /home/airflow/.local/lib/python3.12/site-packages/airflow/example_dags/example_bash_operator.py
[2024-07-14T01:36:56.156+0000] {logging_mixin.py:188} INFO - [2024-07-14T01:36:56.155+0000] {dag.py:3096} INFO - Sync 1 DAGs
[2024-07-14T01:36:56.201+0000] {logging_mixin.py:188} INFO - [2024-07-14T01:36:56.201+0000] {dag.py:3954} INFO - Setting next_dagrun for example_bash_operator to 2024-07-13 00:00:00+00:00, run_after=2024-07-14 00:00:00+00:00
[2024-07-14T01:36:56.231+0000] {processor.py:183} INFO - Processing /home/airflow/.local/lib/python3.12/site-packages/airflow/example_dags/example_bash_operator.py took 0.202 seconds
[2024-07-14T01:37:26.927+0000] {processor.py:161} INFO - Started process (PID=2983) to work on /home/airflow/.local/lib/python3.12/site-packages/airflow/example_dags/example_bash_operator.py
[2024-07-14T01:37:26.937+0000] {processor.py:830} INFO - Processing file /home/airflow/.local/lib/python3.12/site-packages/airflow/example_dags/example_bash_operator.py for tasks to queue
[2024-07-14T01:37:26.939+0000] {logging_mixin.py:188} INFO - [2024-07-14T01:37:26.938+0000] {dagbag.py:545} INFO - Filling up the DagBag from /home/airflow/.local/lib/python3.12/site-packages/airflow/example_dags/example_bash_operator.py
[2024-07-14T01:37:26.955+0000] {processor.py:840} INFO - DAG(s) 'example_bash_operator' retrieved from /home/airflow/.local/lib/python3.12/site-packages/airflow/example_dags/example_bash_operator.py
[2024-07-14T01:37:27.016+0000] {logging_mixin.py:188} INFO - [2024-07-14T01:37:27.016+0000] {dag.py:3096} INFO - Sync 1 DAGs
[2024-07-14T01:37:27.060+0000] {logging_mixin.py:188} INFO - [2024-07-14T01:37:27.059+0000] {dag.py:3954} INFO - Setting next_dagrun for example_bash_operator to 2024-07-13 00:00:00+00:00, run_after=2024-07-14 00:00:00+00:00
[2024-07-14T01:37:27.104+0000] {processor.py:183} INFO - Processing /home/airflow/.local/lib/python3.12/site-packages/airflow/example_dags/example_bash_operator.py took 0.191 seconds
[2024-07-14T01:37:57.356+0000] {processor.py:161} INFO - Started process (PID=3045) to work on /home/airflow/.local/lib/python3.12/site-packages/airflow/example_dags/example_bash_operator.py
[2024-07-14T01:37:57.357+0000] {processor.py:830} INFO - Processing file /home/airflow/.local/lib/python3.12/site-packages/airflow/example_dags/example_bash_operator.py for tasks to queue
[2024-07-14T01:37:57.358+0000] {logging_mixin.py:188} INFO - [2024-07-14T01:37:57.358+0000] {dagbag.py:545} INFO - Filling up the DagBag from /home/airflow/.local/lib/python3.12/site-packages/airflow/example_dags/example_bash_operator.py
[2024-07-14T01:37:57.371+0000] {processor.py:840} INFO - DAG(s) 'example_bash_operator' retrieved from /home/airflow/.local/lib/python3.12/site-packages/airflow/example_dags/example_bash_operator.py
[2024-07-14T01:37:57.402+0000] {logging_mixin.py:188} INFO - [2024-07-14T01:37:57.401+0000] {dag.py:3096} INFO - Sync 1 DAGs
[2024-07-14T01:37:57.431+0000] {logging_mixin.py:188} INFO - [2024-07-14T01:37:57.431+0000] {dag.py:3954} INFO - Setting next_dagrun for example_bash_operator to 2024-07-13 00:00:00+00:00, run_after=2024-07-14 00:00:00+00:00
[2024-07-14T01:37:57.455+0000] {processor.py:183} INFO - Processing /home/airflow/.local/lib/python3.12/site-packages/airflow/example_dags/example_bash_operator.py took 0.106 seconds
[2024-07-14T01:38:27.889+0000] {processor.py:161} INFO - Started process (PID=3107) to work on /home/airflow/.local/lib/python3.12/site-packages/airflow/example_dags/example_bash_operator.py
[2024-07-14T01:38:27.890+0000] {processor.py:830} INFO - Processing file /home/airflow/.local/lib/python3.12/site-packages/airflow/example_dags/example_bash_operator.py for tasks to queue
[2024-07-14T01:38:27.892+0000] {logging_mixin.py:188} INFO - [2024-07-14T01:38:27.892+0000] {dagbag.py:545} INFO - Filling up the DagBag from /home/airflow/.local/lib/python3.12/site-packages/airflow/example_dags/example_bash_operator.py
[2024-07-14T01:38:27.904+0000] {processor.py:840} INFO - DAG(s) 'example_bash_operator' retrieved from /home/airflow/.local/lib/python3.12/site-packages/airflow/example_dags/example_bash_operator.py
[2024-07-14T01:38:27.944+0000] {logging_mixin.py:188} INFO - [2024-07-14T01:38:27.944+0000] {dag.py:3096} INFO - Sync 1 DAGs
[2024-07-14T01:38:27.970+0000] {logging_mixin.py:188} INFO - [2024-07-14T01:38:27.970+0000] {dag.py:3954} INFO - Setting next_dagrun for example_bash_operator to 2024-07-13 00:00:00+00:00, run_after=2024-07-14 00:00:00+00:00
[2024-07-14T01:38:27.997+0000] {processor.py:183} INFO - Processing /home/airflow/.local/lib/python3.12/site-packages/airflow/example_dags/example_bash_operator.py took 0.114 seconds
[2024-07-14T01:38:58.219+0000] {processor.py:161} INFO - Started process (PID=3168) to work on /home/airflow/.local/lib/python3.12/site-packages/airflow/example_dags/example_bash_operator.py
[2024-07-14T01:38:58.220+0000] {processor.py:830} INFO - Processing file /home/airflow/.local/lib/python3.12/site-packages/airflow/example_dags/example_bash_operator.py for tasks to queue
[2024-07-14T01:38:58.222+0000] {logging_mixin.py:188} INFO - [2024-07-14T01:38:58.222+0000] {dagbag.py:545} INFO - Filling up the DagBag from /home/airflow/.local/lib/python3.12/site-packages/airflow/example_dags/example_bash_operator.py
[2024-07-14T01:38:58.234+0000] {processor.py:840} INFO - DAG(s) 'example_bash_operator' retrieved from /home/airflow/.local/lib/python3.12/site-packages/airflow/example_dags/example_bash_operator.py
[2024-07-14T01:38:58.278+0000] {logging_mixin.py:188} INFO - [2024-07-14T01:38:58.278+0000] {dag.py:3096} INFO - Sync 1 DAGs
[2024-07-14T01:38:58.304+0000] {logging_mixin.py:188} INFO - [2024-07-14T01:38:58.304+0000] {dag.py:3954} INFO - Setting next_dagrun for example_bash_operator to 2024-07-13 00:00:00+00:00, run_after=2024-07-14 00:00:00+00:00
[2024-07-14T01:38:58.337+0000] {processor.py:183} INFO - Processing /home/airflow/.local/lib/python3.12/site-packages/airflow/example_dags/example_bash_operator.py took 0.124 seconds
[2024-07-14T01:39:28.852+0000] {processor.py:161} INFO - Started process (PID=3228) to work on /home/airflow/.local/lib/python3.12/site-packages/airflow/example_dags/example_bash_operator.py
[2024-07-14T01:39:28.853+0000] {processor.py:830} INFO - Processing file /home/airflow/.local/lib/python3.12/site-packages/airflow/example_dags/example_bash_operator.py for tasks to queue
[2024-07-14T01:39:28.855+0000] {logging_mixin.py:188} INFO - [2024-07-14T01:39:28.855+0000] {dagbag.py:545} INFO - Filling up the DagBag from /home/airflow/.local/lib/python3.12/site-packages/airflow/example_dags/example_bash_operator.py
[2024-07-14T01:39:28.868+0000] {processor.py:840} INFO - DAG(s) 'example_bash_operator' retrieved from /home/airflow/.local/lib/python3.12/site-packages/airflow/example_dags/example_bash_operator.py
[2024-07-14T01:39:28.900+0000] {logging_mixin.py:188} INFO - [2024-07-14T01:39:28.900+0000] {dag.py:3096} INFO - Sync 1 DAGs
[2024-07-14T01:39:28.927+0000] {logging_mixin.py:188} INFO - [2024-07-14T01:39:28.926+0000] {dag.py:3954} INFO - Setting next_dagrun for example_bash_operator to 2024-07-13 00:00:00+00:00, run_after=2024-07-14 00:00:00+00:00
[2024-07-14T01:39:28.954+0000] {processor.py:183} INFO - Processing /home/airflow/.local/lib/python3.12/site-packages/airflow/example_dags/example_bash_operator.py took 0.110 seconds
[2024-07-14T01:39:59.028+0000] {processor.py:161} INFO - Started process (PID=3287) to work on /home/airflow/.local/lib/python3.12/site-packages/airflow/example_dags/example_bash_operator.py
[2024-07-14T01:39:59.029+0000] {processor.py:830} INFO - Processing file /home/airflow/.local/lib/python3.12/site-packages/airflow/example_dags/example_bash_operator.py for tasks to queue
[2024-07-14T01:39:59.031+0000] {logging_mixin.py:188} INFO - [2024-07-14T01:39:59.031+0000] {dagbag.py:545} INFO - Filling up the DagBag from /home/airflow/.local/lib/python3.12/site-packages/airflow/example_dags/example_bash_operator.py
[2024-07-14T01:39:59.059+0000] {processor.py:840} INFO - DAG(s) 'example_bash_operator' retrieved from /home/airflow/.local/lib/python3.12/site-packages/airflow/example_dags/example_bash_operator.py
[2024-07-14T01:39:59.093+0000] {logging_mixin.py:188} INFO - [2024-07-14T01:39:59.092+0000] {dag.py:3096} INFO - Sync 1 DAGs
[2024-07-14T01:39:59.118+0000] {logging_mixin.py:188} INFO - [2024-07-14T01:39:59.118+0000] {dag.py:3954} INFO - Setting next_dagrun for example_bash_operator to 2024-07-13 00:00:00+00:00, run_after=2024-07-14 00:00:00+00:00
[2024-07-14T01:39:59.160+0000] {processor.py:183} INFO - Processing /home/airflow/.local/lib/python3.12/site-packages/airflow/example_dags/example_bash_operator.py took 0.138 seconds
[2024-07-14T01:40:29.289+0000] {processor.py:161} INFO - Started process (PID=3348) to work on /home/airflow/.local/lib/python3.12/site-packages/airflow/example_dags/example_bash_operator.py
[2024-07-14T01:40:29.290+0000] {processor.py:830} INFO - Processing file /home/airflow/.local/lib/python3.12/site-packages/airflow/example_dags/example_bash_operator.py for tasks to queue
[2024-07-14T01:40:29.291+0000] {logging_mixin.py:188} INFO - [2024-07-14T01:40:29.291+0000] {dagbag.py:545} INFO - Filling up the DagBag from /home/airflow/.local/lib/python3.12/site-packages/airflow/example_dags/example_bash_operator.py
[2024-07-14T01:40:29.303+0000] {processor.py:840} INFO - DAG(s) 'example_bash_operator' retrieved from /home/airflow/.local/lib/python3.12/site-packages/airflow/example_dags/example_bash_operator.py
[2024-07-14T01:40:29.333+0000] {logging_mixin.py:188} INFO - [2024-07-14T01:40:29.333+0000] {dag.py:3096} INFO - Sync 1 DAGs
[2024-07-14T01:40:29.365+0000] {logging_mixin.py:188} INFO - [2024-07-14T01:40:29.364+0000] {dag.py:3954} INFO - Setting next_dagrun for example_bash_operator to 2024-07-13 00:00:00+00:00, run_after=2024-07-14 00:00:00+00:00
[2024-07-14T01:40:29.400+0000] {processor.py:183} INFO - Processing /home/airflow/.local/lib/python3.12/site-packages/airflow/example_dags/example_bash_operator.py took 0.118 seconds
[2024-07-14T01:40:59.646+0000] {processor.py:161} INFO - Started process (PID=3409) to work on /home/airflow/.local/lib/python3.12/site-packages/airflow/example_dags/example_bash_operator.py
[2024-07-14T01:40:59.647+0000] {processor.py:830} INFO - Processing file /home/airflow/.local/lib/python3.12/site-packages/airflow/example_dags/example_bash_operator.py for tasks to queue
[2024-07-14T01:40:59.649+0000] {logging_mixin.py:188} INFO - [2024-07-14T01:40:59.648+0000] {dagbag.py:545} INFO - Filling up the DagBag from /home/airflow/.local/lib/python3.12/site-packages/airflow/example_dags/example_bash_operator.py
[2024-07-14T01:40:59.661+0000] {processor.py:840} INFO - DAG(s) 'example_bash_operator' retrieved from /home/airflow/.local/lib/python3.12/site-packages/airflow/example_dags/example_bash_operator.py
[2024-07-14T01:40:59.698+0000] {logging_mixin.py:188} INFO - [2024-07-14T01:40:59.697+0000] {dag.py:3096} INFO - Sync 1 DAGs
[2024-07-14T01:40:59.737+0000] {logging_mixin.py:188} INFO - [2024-07-14T01:40:59.736+0000] {dag.py:3954} INFO - Setting next_dagrun for example_bash_operator to 2024-07-13 00:00:00+00:00, run_after=2024-07-14 00:00:00+00:00
[2024-07-14T01:40:59.761+0000] {processor.py:183} INFO - Processing /home/airflow/.local/lib/python3.12/site-packages/airflow/example_dags/example_bash_operator.py took 0.122 seconds
[2024-07-14T01:41:30.367+0000] {processor.py:161} INFO - Started process (PID=3471) to work on /home/airflow/.local/lib/python3.12/site-packages/airflow/example_dags/example_bash_operator.py
[2024-07-14T01:41:30.371+0000] {processor.py:830} INFO - Processing file /home/airflow/.local/lib/python3.12/site-packages/airflow/example_dags/example_bash_operator.py for tasks to queue
[2024-07-14T01:41:30.373+0000] {logging_mixin.py:188} INFO - [2024-07-14T01:41:30.373+0000] {dagbag.py:545} INFO - Filling up the DagBag from /home/airflow/.local/lib/python3.12/site-packages/airflow/example_dags/example_bash_operator.py
[2024-07-14T01:41:30.399+0000] {processor.py:840} INFO - DAG(s) 'example_bash_operator' retrieved from /home/airflow/.local/lib/python3.12/site-packages/airflow/example_dags/example_bash_operator.py
[2024-07-14T01:41:30.436+0000] {logging_mixin.py:188} INFO - [2024-07-14T01:41:30.436+0000] {dag.py:3096} INFO - Sync 1 DAGs
[2024-07-14T01:41:30.459+0000] {logging_mixin.py:188} INFO - [2024-07-14T01:41:30.459+0000] {dag.py:3954} INFO - Setting next_dagrun for example_bash_operator to 2024-07-13 00:00:00+00:00, run_after=2024-07-14 00:00:00+00:00
[2024-07-14T01:41:30.510+0000] {processor.py:183} INFO - Processing /home/airflow/.local/lib/python3.12/site-packages/airflow/example_dags/example_bash_operator.py took 0.158 seconds
[2024-07-14T01:42:01.238+0000] {processor.py:161} INFO - Started process (PID=3531) to work on /home/airflow/.local/lib/python3.12/site-packages/airflow/example_dags/example_bash_operator.py
[2024-07-14T01:42:01.248+0000] {processor.py:830} INFO - Processing file /home/airflow/.local/lib/python3.12/site-packages/airflow/example_dags/example_bash_operator.py for tasks to queue
[2024-07-14T01:42:01.250+0000] {logging_mixin.py:188} INFO - [2024-07-14T01:42:01.249+0000] {dagbag.py:545} INFO - Filling up the DagBag from /home/airflow/.local/lib/python3.12/site-packages/airflow/example_dags/example_bash_operator.py
[2024-07-14T01:42:01.286+0000] {processor.py:840} INFO - DAG(s) 'example_bash_operator' retrieved from /home/airflow/.local/lib/python3.12/site-packages/airflow/example_dags/example_bash_operator.py
[2024-07-14T01:42:01.376+0000] {logging_mixin.py:188} INFO - [2024-07-14T01:42:01.376+0000] {dag.py:3096} INFO - Sync 1 DAGs
[2024-07-14T01:42:01.450+0000] {logging_mixin.py:188} INFO - [2024-07-14T01:42:01.449+0000] {dag.py:3954} INFO - Setting next_dagrun for example_bash_operator to 2024-07-13 00:00:00+00:00, run_after=2024-07-14 00:00:00+00:00
[2024-07-14T01:42:01.511+0000] {processor.py:183} INFO - Processing /home/airflow/.local/lib/python3.12/site-packages/airflow/example_dags/example_bash_operator.py took 0.288 seconds
[2024-07-14T01:42:32.464+0000] {processor.py:161} INFO - Started process (PID=3592) to work on /home/airflow/.local/lib/python3.12/site-packages/airflow/example_dags/example_bash_operator.py
[2024-07-14T01:42:32.465+0000] {processor.py:830} INFO - Processing file /home/airflow/.local/lib/python3.12/site-packages/airflow/example_dags/example_bash_operator.py for tasks to queue
[2024-07-14T01:42:32.467+0000] {logging_mixin.py:188} INFO - [2024-07-14T01:42:32.467+0000] {dagbag.py:545} INFO - Filling up the DagBag from /home/airflow/.local/lib/python3.12/site-packages/airflow/example_dags/example_bash_operator.py
[2024-07-14T01:42:32.490+0000] {processor.py:840} INFO - DAG(s) 'example_bash_operator' retrieved from /home/airflow/.local/lib/python3.12/site-packages/airflow/example_dags/example_bash_operator.py
[2024-07-14T01:42:32.568+0000] {logging_mixin.py:188} INFO - [2024-07-14T01:42:32.568+0000] {dag.py:3096} INFO - Sync 1 DAGs
[2024-07-14T01:42:32.616+0000] {logging_mixin.py:188} INFO - [2024-07-14T01:42:32.616+0000] {dag.py:3954} INFO - Setting next_dagrun for example_bash_operator to 2024-07-13 00:00:00+00:00, run_after=2024-07-14 00:00:00+00:00
[2024-07-14T01:42:32.692+0000] {processor.py:183} INFO - Processing /home/airflow/.local/lib/python3.12/site-packages/airflow/example_dags/example_bash_operator.py took 0.245 seconds
[2024-07-14T01:43:03.627+0000] {processor.py:161} INFO - Started process (PID=3653) to work on /home/airflow/.local/lib/python3.12/site-packages/airflow/example_dags/example_bash_operator.py
[2024-07-14T01:43:03.628+0000] {processor.py:830} INFO - Processing file /home/airflow/.local/lib/python3.12/site-packages/airflow/example_dags/example_bash_operator.py for tasks to queue
[2024-07-14T01:43:03.630+0000] {logging_mixin.py:188} INFO - [2024-07-14T01:43:03.630+0000] {dagbag.py:545} INFO - Filling up the DagBag from /home/airflow/.local/lib/python3.12/site-packages/airflow/example_dags/example_bash_operator.py
[2024-07-14T01:43:03.643+0000] {processor.py:840} INFO - DAG(s) 'example_bash_operator' retrieved from /home/airflow/.local/lib/python3.12/site-packages/airflow/example_dags/example_bash_operator.py
[2024-07-14T01:43:03.675+0000] {logging_mixin.py:188} INFO - [2024-07-14T01:43:03.675+0000] {dag.py:3096} INFO - Sync 1 DAGs
[2024-07-14T01:43:03.704+0000] {logging_mixin.py:188} INFO - [2024-07-14T01:43:03.703+0000] {dag.py:3954} INFO - Setting next_dagrun for example_bash_operator to 2024-07-13 00:00:00+00:00, run_after=2024-07-14 00:00:00+00:00
[2024-07-14T01:43:03.729+0000] {processor.py:183} INFO - Processing /home/airflow/.local/lib/python3.12/site-packages/airflow/example_dags/example_bash_operator.py took 0.108 seconds
[2024-07-14T01:43:34.038+0000] {processor.py:161} INFO - Started process (PID=3715) to work on /home/airflow/.local/lib/python3.12/site-packages/airflow/example_dags/example_bash_operator.py
[2024-07-14T01:43:34.039+0000] {processor.py:830} INFO - Processing file /home/airflow/.local/lib/python3.12/site-packages/airflow/example_dags/example_bash_operator.py for tasks to queue
[2024-07-14T01:43:34.040+0000] {logging_mixin.py:188} INFO - [2024-07-14T01:43:34.040+0000] {dagbag.py:545} INFO - Filling up the DagBag from /home/airflow/.local/lib/python3.12/site-packages/airflow/example_dags/example_bash_operator.py
[2024-07-14T01:43:34.052+0000] {processor.py:840} INFO - DAG(s) 'example_bash_operator' retrieved from /home/airflow/.local/lib/python3.12/site-packages/airflow/example_dags/example_bash_operator.py
[2024-07-14T01:43:34.082+0000] {logging_mixin.py:188} INFO - [2024-07-14T01:43:34.082+0000] {dag.py:3096} INFO - Sync 1 DAGs
[2024-07-14T01:43:34.108+0000] {logging_mixin.py:188} INFO - [2024-07-14T01:43:34.108+0000] {dag.py:3954} INFO - Setting next_dagrun for example_bash_operator to 2024-07-13 00:00:00+00:00, run_after=2024-07-14 00:00:00+00:00
[2024-07-14T01:43:34.134+0000] {processor.py:183} INFO - Processing /home/airflow/.local/lib/python3.12/site-packages/airflow/example_dags/example_bash_operator.py took 0.102 seconds
[2024-07-14T01:44:04.451+0000] {processor.py:161} INFO - Started process (PID=3777) to work on /home/airflow/.local/lib/python3.12/site-packages/airflow/example_dags/example_bash_operator.py
[2024-07-14T01:44:04.463+0000] {processor.py:830} INFO - Processing file /home/airflow/.local/lib/python3.12/site-packages/airflow/example_dags/example_bash_operator.py for tasks to queue
[2024-07-14T01:44:04.467+0000] {logging_mixin.py:188} INFO - [2024-07-14T01:44:04.467+0000] {dagbag.py:545} INFO - Filling up the DagBag from /home/airflow/.local/lib/python3.12/site-packages/airflow/example_dags/example_bash_operator.py
[2024-07-14T01:44:04.492+0000] {processor.py:840} INFO - DAG(s) 'example_bash_operator' retrieved from /home/airflow/.local/lib/python3.12/site-packages/airflow/example_dags/example_bash_operator.py
[2024-07-14T01:44:04.522+0000] {logging_mixin.py:188} INFO - [2024-07-14T01:44:04.522+0000] {dag.py:3096} INFO - Sync 1 DAGs
[2024-07-14T01:44:04.548+0000] {logging_mixin.py:188} INFO - [2024-07-14T01:44:04.548+0000] {dag.py:3954} INFO - Setting next_dagrun for example_bash_operator to 2024-07-13 00:00:00+00:00, run_after=2024-07-14 00:00:00+00:00
[2024-07-14T01:44:04.574+0000] {processor.py:183} INFO - Processing /home/airflow/.local/lib/python3.12/site-packages/airflow/example_dags/example_bash_operator.py took 0.135 seconds
[2024-07-14T01:44:34.695+0000] {processor.py:161} INFO - Started process (PID=3838) to work on /home/airflow/.local/lib/python3.12/site-packages/airflow/example_dags/example_bash_operator.py
[2024-07-14T01:44:34.696+0000] {processor.py:830} INFO - Processing file /home/airflow/.local/lib/python3.12/site-packages/airflow/example_dags/example_bash_operator.py for tasks to queue
[2024-07-14T01:44:34.698+0000] {logging_mixin.py:188} INFO - [2024-07-14T01:44:34.698+0000] {dagbag.py:545} INFO - Filling up the DagBag from /home/airflow/.local/lib/python3.12/site-packages/airflow/example_dags/example_bash_operator.py
[2024-07-14T01:44:34.711+0000] {processor.py:840} INFO - DAG(s) 'example_bash_operator' retrieved from /home/airflow/.local/lib/python3.12/site-packages/airflow/example_dags/example_bash_operator.py
[2024-07-14T01:44:34.742+0000] {logging_mixin.py:188} INFO - [2024-07-14T01:44:34.742+0000] {dag.py:3096} INFO - Sync 1 DAGs
[2024-07-14T01:44:34.768+0000] {logging_mixin.py:188} INFO - [2024-07-14T01:44:34.768+0000] {dag.py:3954} INFO - Setting next_dagrun for example_bash_operator to 2024-07-13 00:00:00+00:00, run_after=2024-07-14 00:00:00+00:00
[2024-07-14T01:44:34.800+0000] {processor.py:183} INFO - Processing /home/airflow/.local/lib/python3.12/site-packages/airflow/example_dags/example_bash_operator.py took 0.111 seconds
[2024-07-14T01:45:05.398+0000] {processor.py:161} INFO - Started process (PID=3899) to work on /home/airflow/.local/lib/python3.12/site-packages/airflow/example_dags/example_bash_operator.py
[2024-07-14T01:45:05.402+0000] {processor.py:830} INFO - Processing file /home/airflow/.local/lib/python3.12/site-packages/airflow/example_dags/example_bash_operator.py for tasks to queue
[2024-07-14T01:45:05.410+0000] {logging_mixin.py:188} INFO - [2024-07-14T01:45:05.409+0000] {dagbag.py:545} INFO - Filling up the DagBag from /home/airflow/.local/lib/python3.12/site-packages/airflow/example_dags/example_bash_operator.py
[2024-07-14T01:45:05.430+0000] {processor.py:840} INFO - DAG(s) 'example_bash_operator' retrieved from /home/airflow/.local/lib/python3.12/site-packages/airflow/example_dags/example_bash_operator.py
[2024-07-14T01:45:05.473+0000] {logging_mixin.py:188} INFO - [2024-07-14T01:45:05.473+0000] {dag.py:3096} INFO - Sync 1 DAGs
[2024-07-14T01:45:05.495+0000] {logging_mixin.py:188} INFO - [2024-07-14T01:45:05.495+0000] {dag.py:3954} INFO - Setting next_dagrun for example_bash_operator to 2024-07-13 00:00:00+00:00, run_after=2024-07-14 00:00:00+00:00
[2024-07-14T01:45:05.520+0000] {processor.py:183} INFO - Processing /home/airflow/.local/lib/python3.12/site-packages/airflow/example_dags/example_bash_operator.py took 0.137 seconds
[2024-07-14T01:47:24.994+0000] {processor.py:161} INFO - Started process (PID=60) to work on /home/airflow/.local/lib/python3.12/site-packages/airflow/example_dags/example_bash_operator.py
[2024-07-14T01:47:24.995+0000] {processor.py:830} INFO - Processing file /home/airflow/.local/lib/python3.12/site-packages/airflow/example_dags/example_bash_operator.py for tasks to queue
[2024-07-14T01:47:24.997+0000] {logging_mixin.py:188} INFO - [2024-07-14T01:47:24.996+0000] {dagbag.py:545} INFO - Filling up the DagBag from /home/airflow/.local/lib/python3.12/site-packages/airflow/example_dags/example_bash_operator.py
[2024-07-14T01:47:25.008+0000] {processor.py:840} INFO - DAG(s) 'example_bash_operator' retrieved from /home/airflow/.local/lib/python3.12/site-packages/airflow/example_dags/example_bash_operator.py
[2024-07-14T01:47:25.153+0000] {logging_mixin.py:188} INFO - [2024-07-14T01:47:25.153+0000] {dag.py:3096} INFO - Sync 1 DAGs
[2024-07-14T01:47:25.177+0000] {logging_mixin.py:188} INFO - [2024-07-14T01:47:25.177+0000] {dag.py:3954} INFO - Setting next_dagrun for example_bash_operator to 2024-07-13 00:00:00+00:00, run_after=2024-07-14 00:00:00+00:00
[2024-07-14T01:47:25.202+0000] {processor.py:183} INFO - Processing /home/airflow/.local/lib/python3.12/site-packages/airflow/example_dags/example_bash_operator.py took 0.214 seconds
[2024-07-14T01:47:55.902+0000] {processor.py:161} INFO - Started process (PID=121) to work on /home/airflow/.local/lib/python3.12/site-packages/airflow/example_dags/example_bash_operator.py
[2024-07-14T01:47:55.907+0000] {processor.py:830} INFO - Processing file /home/airflow/.local/lib/python3.12/site-packages/airflow/example_dags/example_bash_operator.py for tasks to queue
[2024-07-14T01:47:55.909+0000] {logging_mixin.py:188} INFO - [2024-07-14T01:47:55.909+0000] {dagbag.py:545} INFO - Filling up the DagBag from /home/airflow/.local/lib/python3.12/site-packages/airflow/example_dags/example_bash_operator.py
[2024-07-14T01:47:55.922+0000] {processor.py:840} INFO - DAG(s) 'example_bash_operator' retrieved from /home/airflow/.local/lib/python3.12/site-packages/airflow/example_dags/example_bash_operator.py
[2024-07-14T01:47:55.976+0000] {logging_mixin.py:188} INFO - [2024-07-14T01:47:55.976+0000] {dag.py:3096} INFO - Sync 1 DAGs
[2024-07-14T01:47:56.015+0000] {logging_mixin.py:188} INFO - [2024-07-14T01:47:56.014+0000] {dag.py:3954} INFO - Setting next_dagrun for example_bash_operator to 2024-07-13 00:00:00+00:00, run_after=2024-07-14 00:00:00+00:00
[2024-07-14T01:47:56.044+0000] {processor.py:183} INFO - Processing /home/airflow/.local/lib/python3.12/site-packages/airflow/example_dags/example_bash_operator.py took 0.148 seconds
[2024-07-14T01:48:27.582+0000] {processor.py:161} INFO - Started process (PID=182) to work on /home/airflow/.local/lib/python3.12/site-packages/airflow/example_dags/example_bash_operator.py
[2024-07-14T01:48:27.583+0000] {processor.py:830} INFO - Processing file /home/airflow/.local/lib/python3.12/site-packages/airflow/example_dags/example_bash_operator.py for tasks to queue
[2024-07-14T01:48:27.584+0000] {logging_mixin.py:188} INFO - [2024-07-14T01:48:27.584+0000] {dagbag.py:545} INFO - Filling up the DagBag from /home/airflow/.local/lib/python3.12/site-packages/airflow/example_dags/example_bash_operator.py
[2024-07-14T01:48:27.628+0000] {processor.py:840} INFO - DAG(s) 'example_bash_operator' retrieved from /home/airflow/.local/lib/python3.12/site-packages/airflow/example_dags/example_bash_operator.py
[2024-07-14T01:48:27.718+0000] {logging_mixin.py:188} INFO - [2024-07-14T01:48:27.718+0000] {dag.py:3096} INFO - Sync 1 DAGs
[2024-07-14T01:48:27.742+0000] {logging_mixin.py:188} INFO - [2024-07-14T01:48:27.742+0000] {dag.py:3954} INFO - Setting next_dagrun for example_bash_operator to 2024-07-13 00:00:00+00:00, run_after=2024-07-14 00:00:00+00:00
[2024-07-14T01:48:27.779+0000] {processor.py:183} INFO - Processing /home/airflow/.local/lib/python3.12/site-packages/airflow/example_dags/example_bash_operator.py took 0.203 seconds
[2024-07-14T01:48:58.318+0000] {processor.py:161} INFO - Started process (PID=242) to work on /home/airflow/.local/lib/python3.12/site-packages/airflow/example_dags/example_bash_operator.py
[2024-07-14T01:48:58.325+0000] {processor.py:830} INFO - Processing file /home/airflow/.local/lib/python3.12/site-packages/airflow/example_dags/example_bash_operator.py for tasks to queue
[2024-07-14T01:48:58.327+0000] {logging_mixin.py:188} INFO - [2024-07-14T01:48:58.327+0000] {dagbag.py:545} INFO - Filling up the DagBag from /home/airflow/.local/lib/python3.12/site-packages/airflow/example_dags/example_bash_operator.py
[2024-07-14T01:48:58.350+0000] {processor.py:840} INFO - DAG(s) 'example_bash_operator' retrieved from /home/airflow/.local/lib/python3.12/site-packages/airflow/example_dags/example_bash_operator.py
[2024-07-14T01:48:58.424+0000] {logging_mixin.py:188} INFO - [2024-07-14T01:48:58.424+0000] {dag.py:3096} INFO - Sync 1 DAGs
[2024-07-14T01:48:58.466+0000] {logging_mixin.py:188} INFO - [2024-07-14T01:48:58.465+0000] {dag.py:3954} INFO - Setting next_dagrun for example_bash_operator to 2024-07-13 00:00:00+00:00, run_after=2024-07-14 00:00:00+00:00
[2024-07-14T01:48:58.502+0000] {processor.py:183} INFO - Processing /home/airflow/.local/lib/python3.12/site-packages/airflow/example_dags/example_bash_operator.py took 0.196 seconds
[2024-07-14T01:49:29.344+0000] {processor.py:161} INFO - Started process (PID=303) to work on /home/airflow/.local/lib/python3.12/site-packages/airflow/example_dags/example_bash_operator.py
[2024-07-14T01:49:29.345+0000] {processor.py:830} INFO - Processing file /home/airflow/.local/lib/python3.12/site-packages/airflow/example_dags/example_bash_operator.py for tasks to queue
[2024-07-14T01:49:29.347+0000] {logging_mixin.py:188} INFO - [2024-07-14T01:49:29.347+0000] {dagbag.py:545} INFO - Filling up the DagBag from /home/airflow/.local/lib/python3.12/site-packages/airflow/example_dags/example_bash_operator.py
[2024-07-14T01:49:29.359+0000] {processor.py:840} INFO - DAG(s) 'example_bash_operator' retrieved from /home/airflow/.local/lib/python3.12/site-packages/airflow/example_dags/example_bash_operator.py
[2024-07-14T01:49:29.389+0000] {logging_mixin.py:188} INFO - [2024-07-14T01:49:29.389+0000] {dag.py:3096} INFO - Sync 1 DAGs
[2024-07-14T01:49:29.415+0000] {logging_mixin.py:188} INFO - [2024-07-14T01:49:29.414+0000] {dag.py:3954} INFO - Setting next_dagrun for example_bash_operator to 2024-07-13 00:00:00+00:00, run_after=2024-07-14 00:00:00+00:00
[2024-07-14T01:49:29.442+0000] {processor.py:183} INFO - Processing /home/airflow/.local/lib/python3.12/site-packages/airflow/example_dags/example_bash_operator.py took 0.103 seconds
[2024-07-14T01:50:00.400+0000] {processor.py:161} INFO - Started process (PID=365) to work on /home/airflow/.local/lib/python3.12/site-packages/airflow/example_dags/example_bash_operator.py
[2024-07-14T01:50:00.401+0000] {processor.py:830} INFO - Processing file /home/airflow/.local/lib/python3.12/site-packages/airflow/example_dags/example_bash_operator.py for tasks to queue
[2024-07-14T01:50:00.403+0000] {logging_mixin.py:188} INFO - [2024-07-14T01:50:00.402+0000] {dagbag.py:545} INFO - Filling up the DagBag from /home/airflow/.local/lib/python3.12/site-packages/airflow/example_dags/example_bash_operator.py
[2024-07-14T01:50:00.415+0000] {processor.py:840} INFO - DAG(s) 'example_bash_operator' retrieved from /home/airflow/.local/lib/python3.12/site-packages/airflow/example_dags/example_bash_operator.py
[2024-07-14T01:50:00.450+0000] {logging_mixin.py:188} INFO - [2024-07-14T01:50:00.450+0000] {dag.py:3096} INFO - Sync 1 DAGs
[2024-07-14T01:50:00.475+0000] {logging_mixin.py:188} INFO - [2024-07-14T01:50:00.474+0000] {dag.py:3954} INFO - Setting next_dagrun for example_bash_operator to 2024-07-13 00:00:00+00:00, run_after=2024-07-14 00:00:00+00:00
[2024-07-14T01:50:00.502+0000] {processor.py:183} INFO - Processing /home/airflow/.local/lib/python3.12/site-packages/airflow/example_dags/example_bash_operator.py took 0.111 seconds
[2024-07-14T01:50:30.634+0000] {processor.py:161} INFO - Started process (PID=426) to work on /home/airflow/.local/lib/python3.12/site-packages/airflow/example_dags/example_bash_operator.py
[2024-07-14T01:50:30.635+0000] {processor.py:830} INFO - Processing file /home/airflow/.local/lib/python3.12/site-packages/airflow/example_dags/example_bash_operator.py for tasks to queue
[2024-07-14T01:50:30.637+0000] {logging_mixin.py:188} INFO - [2024-07-14T01:50:30.637+0000] {dagbag.py:545} INFO - Filling up the DagBag from /home/airflow/.local/lib/python3.12/site-packages/airflow/example_dags/example_bash_operator.py
[2024-07-14T01:50:30.649+0000] {processor.py:840} INFO - DAG(s) 'example_bash_operator' retrieved from /home/airflow/.local/lib/python3.12/site-packages/airflow/example_dags/example_bash_operator.py
[2024-07-14T01:50:30.681+0000] {logging_mixin.py:188} INFO - [2024-07-14T01:50:30.681+0000] {dag.py:3096} INFO - Sync 1 DAGs
[2024-07-14T01:50:30.708+0000] {logging_mixin.py:188} INFO - [2024-07-14T01:50:30.708+0000] {dag.py:3954} INFO - Setting next_dagrun for example_bash_operator to 2024-07-13 00:00:00+00:00, run_after=2024-07-14 00:00:00+00:00
[2024-07-14T01:50:30.735+0000] {processor.py:183} INFO - Processing /home/airflow/.local/lib/python3.12/site-packages/airflow/example_dags/example_bash_operator.py took 0.106 seconds
[2024-07-14T01:51:01.149+0000] {processor.py:161} INFO - Started process (PID=487) to work on /home/airflow/.local/lib/python3.12/site-packages/airflow/example_dags/example_bash_operator.py
[2024-07-14T01:51:01.150+0000] {processor.py:830} INFO - Processing file /home/airflow/.local/lib/python3.12/site-packages/airflow/example_dags/example_bash_operator.py for tasks to queue
[2024-07-14T01:51:01.152+0000] {logging_mixin.py:188} INFO - [2024-07-14T01:51:01.151+0000] {dagbag.py:545} INFO - Filling up the DagBag from /home/airflow/.local/lib/python3.12/site-packages/airflow/example_dags/example_bash_operator.py
[2024-07-14T01:51:01.164+0000] {processor.py:840} INFO - DAG(s) 'example_bash_operator' retrieved from /home/airflow/.local/lib/python3.12/site-packages/airflow/example_dags/example_bash_operator.py
[2024-07-14T01:51:01.195+0000] {logging_mixin.py:188} INFO - [2024-07-14T01:51:01.195+0000] {dag.py:3096} INFO - Sync 1 DAGs
[2024-07-14T01:51:01.220+0000] {logging_mixin.py:188} INFO - [2024-07-14T01:51:01.220+0000] {dag.py:3954} INFO - Setting next_dagrun for example_bash_operator to 2024-07-13 00:00:00+00:00, run_after=2024-07-14 00:00:00+00:00
[2024-07-14T01:51:01.248+0000] {processor.py:183} INFO - Processing /home/airflow/.local/lib/python3.12/site-packages/airflow/example_dags/example_bash_operator.py took 0.105 seconds
[2024-07-14T01:51:31.379+0000] {processor.py:161} INFO - Started process (PID=548) to work on /home/airflow/.local/lib/python3.12/site-packages/airflow/example_dags/example_bash_operator.py
[2024-07-14T01:51:31.380+0000] {processor.py:830} INFO - Processing file /home/airflow/.local/lib/python3.12/site-packages/airflow/example_dags/example_bash_operator.py for tasks to queue
[2024-07-14T01:51:31.382+0000] {logging_mixin.py:188} INFO - [2024-07-14T01:51:31.382+0000] {dagbag.py:545} INFO - Filling up the DagBag from /home/airflow/.local/lib/python3.12/site-packages/airflow/example_dags/example_bash_operator.py
[2024-07-14T01:51:31.394+0000] {processor.py:840} INFO - DAG(s) 'example_bash_operator' retrieved from /home/airflow/.local/lib/python3.12/site-packages/airflow/example_dags/example_bash_operator.py
[2024-07-14T01:51:31.424+0000] {logging_mixin.py:188} INFO - [2024-07-14T01:51:31.424+0000] {dag.py:3096} INFO - Sync 1 DAGs
[2024-07-14T01:51:31.450+0000] {logging_mixin.py:188} INFO - [2024-07-14T01:51:31.450+0000] {dag.py:3954} INFO - Setting next_dagrun for example_bash_operator to 2024-07-13 00:00:00+00:00, run_after=2024-07-14 00:00:00+00:00
[2024-07-14T01:51:31.482+0000] {processor.py:183} INFO - Processing /home/airflow/.local/lib/python3.12/site-packages/airflow/example_dags/example_bash_operator.py took 0.109 seconds
[2024-07-14T01:52:01.610+0000] {processor.py:161} INFO - Started process (PID=609) to work on /home/airflow/.local/lib/python3.12/site-packages/airflow/example_dags/example_bash_operator.py
[2024-07-14T01:52:01.610+0000] {processor.py:830} INFO - Processing file /home/airflow/.local/lib/python3.12/site-packages/airflow/example_dags/example_bash_operator.py for tasks to queue
[2024-07-14T01:52:01.612+0000] {logging_mixin.py:188} INFO - [2024-07-14T01:52:01.612+0000] {dagbag.py:545} INFO - Filling up the DagBag from /home/airflow/.local/lib/python3.12/site-packages/airflow/example_dags/example_bash_operator.py
[2024-07-14T01:52:01.624+0000] {processor.py:840} INFO - DAG(s) 'example_bash_operator' retrieved from /home/airflow/.local/lib/python3.12/site-packages/airflow/example_dags/example_bash_operator.py
[2024-07-14T01:52:01.655+0000] {logging_mixin.py:188} INFO - [2024-07-14T01:52:01.654+0000] {dag.py:3096} INFO - Sync 1 DAGs
[2024-07-14T01:52:01.681+0000] {logging_mixin.py:188} INFO - [2024-07-14T01:52:01.680+0000] {dag.py:3954} INFO - Setting next_dagrun for example_bash_operator to 2024-07-13 00:00:00+00:00, run_after=2024-07-14 00:00:00+00:00
[2024-07-14T01:52:01.708+0000] {processor.py:183} INFO - Processing /home/airflow/.local/lib/python3.12/site-packages/airflow/example_dags/example_bash_operator.py took 0.104 seconds
