[2024-07-13T01:30:45.940+0000] {processor.py:161} INFO - Started process (PID=51) to work on /home/airflow/.local/lib/python3.12/site-packages/airflow/example_dags/example_latest_only.py
[2024-07-13T01:30:45.941+0000] {processor.py:830} INFO - Processing file /home/airflow/.local/lib/python3.12/site-packages/airflow/example_dags/example_latest_only.py for tasks to queue
[2024-07-13T01:30:45.943+0000] {logging_mixin.py:188} INFO - [2024-07-13T01:30:45.942+0000] {dagbag.py:545} INFO - Filling up the DagBag from /home/airflow/.local/lib/python3.12/site-packages/airflow/example_dags/example_latest_only.py
[2024-07-13T01:30:45.968+0000] {processor.py:840} INFO - DAG(s) 'latest_only' retrieved from /home/airflow/.local/lib/python3.12/site-packages/airflow/example_dags/example_latest_only.py
[2024-07-13T01:30:46.165+0000] {logging_mixin.py:188} INFO - [2024-07-13T01:30:46.165+0000] {dag.py:3096} INFO - Sync 1 DAGs
[2024-07-13T01:30:46.197+0000] {logging_mixin.py:188} INFO - [2024-07-13T01:30:46.196+0000] {dag.py:3954} INFO - Setting next_dagrun for latest_only to 2024-07-12 20:00:00+00:00, run_after=2024-07-13 00:00:00+00:00
[2024-07-13T01:30:46.239+0000] {processor.py:183} INFO - Processing /home/airflow/.local/lib/python3.12/site-packages/airflow/example_dags/example_latest_only.py took 0.320 seconds
[2024-07-13T01:31:16.653+0000] {processor.py:161} INFO - Started process (PID=109) to work on /home/airflow/.local/lib/python3.12/site-packages/airflow/example_dags/example_latest_only.py
[2024-07-13T01:31:16.654+0000] {processor.py:830} INFO - Processing file /home/airflow/.local/lib/python3.12/site-packages/airflow/example_dags/example_latest_only.py for tasks to queue
[2024-07-13T01:31:16.656+0000] {logging_mixin.py:188} INFO - [2024-07-13T01:31:16.655+0000] {dagbag.py:545} INFO - Filling up the DagBag from /home/airflow/.local/lib/python3.12/site-packages/airflow/example_dags/example_latest_only.py
[2024-07-13T01:31:16.660+0000] {processor.py:840} INFO - DAG(s) 'latest_only' retrieved from /home/airflow/.local/lib/python3.12/site-packages/airflow/example_dags/example_latest_only.py
[2024-07-13T01:31:16.680+0000] {logging_mixin.py:188} INFO - [2024-07-13T01:31:16.680+0000] {dag.py:3096} INFO - Sync 1 DAGs
[2024-07-13T01:31:16.702+0000] {logging_mixin.py:188} INFO - [2024-07-13T01:31:16.702+0000] {dag.py:3954} INFO - Setting next_dagrun for latest_only to 2024-07-12 20:00:00+00:00, run_after=2024-07-13 00:00:00+00:00
[2024-07-13T01:31:16.727+0000] {processor.py:183} INFO - Processing /home/airflow/.local/lib/python3.12/site-packages/airflow/example_dags/example_latest_only.py took 0.079 seconds
[2024-07-13T01:31:47.649+0000] {processor.py:161} INFO - Started process (PID=176) to work on /home/airflow/.local/lib/python3.12/site-packages/airflow/example_dags/example_latest_only.py
[2024-07-13T01:31:47.650+0000] {processor.py:830} INFO - Processing file /home/airflow/.local/lib/python3.12/site-packages/airflow/example_dags/example_latest_only.py for tasks to queue
[2024-07-13T01:31:47.653+0000] {logging_mixin.py:188} INFO - [2024-07-13T01:31:47.653+0000] {dagbag.py:545} INFO - Filling up the DagBag from /home/airflow/.local/lib/python3.12/site-packages/airflow/example_dags/example_latest_only.py
[2024-07-13T01:31:47.658+0000] {processor.py:840} INFO - DAG(s) 'latest_only' retrieved from /home/airflow/.local/lib/python3.12/site-packages/airflow/example_dags/example_latest_only.py
[2024-07-13T01:31:47.681+0000] {logging_mixin.py:188} INFO - [2024-07-13T01:31:47.681+0000] {dag.py:3096} INFO - Sync 1 DAGs
[2024-07-13T01:31:47.704+0000] {logging_mixin.py:188} INFO - [2024-07-13T01:31:47.704+0000] {dag.py:3954} INFO - Setting next_dagrun for latest_only to 2024-07-12 20:00:00+00:00, run_after=2024-07-13 00:00:00+00:00
[2024-07-13T01:31:47.730+0000] {processor.py:183} INFO - Processing /home/airflow/.local/lib/python3.12/site-packages/airflow/example_dags/example_latest_only.py took 0.087 seconds
[2024-07-13T01:32:17.930+0000] {processor.py:161} INFO - Started process (PID=237) to work on /home/airflow/.local/lib/python3.12/site-packages/airflow/example_dags/example_latest_only.py
[2024-07-13T01:32:17.939+0000] {processor.py:830} INFO - Processing file /home/airflow/.local/lib/python3.12/site-packages/airflow/example_dags/example_latest_only.py for tasks to queue
[2024-07-13T01:32:17.941+0000] {logging_mixin.py:188} INFO - [2024-07-13T01:32:17.940+0000] {dagbag.py:545} INFO - Filling up the DagBag from /home/airflow/.local/lib/python3.12/site-packages/airflow/example_dags/example_latest_only.py
[2024-07-13T01:32:17.945+0000] {processor.py:840} INFO - DAG(s) 'latest_only' retrieved from /home/airflow/.local/lib/python3.12/site-packages/airflow/example_dags/example_latest_only.py
[2024-07-13T01:32:17.985+0000] {logging_mixin.py:188} INFO - [2024-07-13T01:32:17.985+0000] {dag.py:3096} INFO - Sync 1 DAGs
[2024-07-13T01:32:18.008+0000] {logging_mixin.py:188} INFO - [2024-07-13T01:32:18.008+0000] {dag.py:3954} INFO - Setting next_dagrun for latest_only to 2024-07-12 20:00:00+00:00, run_after=2024-07-13 00:00:00+00:00
[2024-07-13T01:32:18.082+0000] {processor.py:183} INFO - Processing /home/airflow/.local/lib/python3.12/site-packages/airflow/example_dags/example_latest_only.py took 0.159 seconds
[2024-07-13T01:32:48.261+0000] {processor.py:161} INFO - Started process (PID=298) to work on /home/airflow/.local/lib/python3.12/site-packages/airflow/example_dags/example_latest_only.py
[2024-07-13T01:32:48.262+0000] {processor.py:830} INFO - Processing file /home/airflow/.local/lib/python3.12/site-packages/airflow/example_dags/example_latest_only.py for tasks to queue
[2024-07-13T01:32:48.264+0000] {logging_mixin.py:188} INFO - [2024-07-13T01:32:48.264+0000] {dagbag.py:545} INFO - Filling up the DagBag from /home/airflow/.local/lib/python3.12/site-packages/airflow/example_dags/example_latest_only.py
[2024-07-13T01:32:48.269+0000] {processor.py:840} INFO - DAG(s) 'latest_only' retrieved from /home/airflow/.local/lib/python3.12/site-packages/airflow/example_dags/example_latest_only.py
[2024-07-13T01:32:48.307+0000] {logging_mixin.py:188} INFO - [2024-07-13T01:32:48.307+0000] {dag.py:3096} INFO - Sync 1 DAGs
[2024-07-13T01:32:48.336+0000] {logging_mixin.py:188} INFO - [2024-07-13T01:32:48.335+0000] {dag.py:3954} INFO - Setting next_dagrun for latest_only to 2024-07-12 20:00:00+00:00, run_after=2024-07-13 00:00:00+00:00
[2024-07-13T01:32:48.367+0000] {processor.py:183} INFO - Processing /home/airflow/.local/lib/python3.12/site-packages/airflow/example_dags/example_latest_only.py took 0.112 seconds
[2024-07-13T01:33:19.001+0000] {processor.py:161} INFO - Started process (PID=358) to work on /home/airflow/.local/lib/python3.12/site-packages/airflow/example_dags/example_latest_only.py
[2024-07-13T01:33:19.002+0000] {processor.py:830} INFO - Processing file /home/airflow/.local/lib/python3.12/site-packages/airflow/example_dags/example_latest_only.py for tasks to queue
[2024-07-13T01:33:19.003+0000] {logging_mixin.py:188} INFO - [2024-07-13T01:33:19.003+0000] {dagbag.py:545} INFO - Filling up the DagBag from /home/airflow/.local/lib/python3.12/site-packages/airflow/example_dags/example_latest_only.py
[2024-07-13T01:33:19.008+0000] {processor.py:840} INFO - DAG(s) 'latest_only' retrieved from /home/airflow/.local/lib/python3.12/site-packages/airflow/example_dags/example_latest_only.py
[2024-07-13T01:33:19.030+0000] {logging_mixin.py:188} INFO - [2024-07-13T01:33:19.030+0000] {dag.py:3096} INFO - Sync 1 DAGs
[2024-07-13T01:33:19.062+0000] {logging_mixin.py:188} INFO - [2024-07-13T01:33:19.062+0000] {dag.py:3954} INFO - Setting next_dagrun for latest_only to 2024-07-12 20:00:00+00:00, run_after=2024-07-13 00:00:00+00:00
[2024-07-13T01:33:19.101+0000] {processor.py:183} INFO - Processing /home/airflow/.local/lib/python3.12/site-packages/airflow/example_dags/example_latest_only.py took 0.106 seconds
[2024-07-13T01:33:49.376+0000] {processor.py:161} INFO - Started process (PID=420) to work on /home/airflow/.local/lib/python3.12/site-packages/airflow/example_dags/example_latest_only.py
[2024-07-13T01:33:49.376+0000] {processor.py:830} INFO - Processing file /home/airflow/.local/lib/python3.12/site-packages/airflow/example_dags/example_latest_only.py for tasks to queue
[2024-07-13T01:33:49.378+0000] {logging_mixin.py:188} INFO - [2024-07-13T01:33:49.378+0000] {dagbag.py:545} INFO - Filling up the DagBag from /home/airflow/.local/lib/python3.12/site-packages/airflow/example_dags/example_latest_only.py
[2024-07-13T01:33:49.382+0000] {processor.py:840} INFO - DAG(s) 'latest_only' retrieved from /home/airflow/.local/lib/python3.12/site-packages/airflow/example_dags/example_latest_only.py
[2024-07-13T01:33:49.398+0000] {logging_mixin.py:188} INFO - [2024-07-13T01:33:49.398+0000] {dag.py:3096} INFO - Sync 1 DAGs
[2024-07-13T01:33:49.414+0000] {logging_mixin.py:188} INFO - [2024-07-13T01:33:49.414+0000] {dag.py:3954} INFO - Setting next_dagrun for latest_only to 2024-07-12 20:00:00+00:00, run_after=2024-07-13 00:00:00+00:00
[2024-07-13T01:33:49.435+0000] {processor.py:183} INFO - Processing /home/airflow/.local/lib/python3.12/site-packages/airflow/example_dags/example_latest_only.py took 0.064 seconds
[2024-07-13T01:34:19.758+0000] {processor.py:161} INFO - Started process (PID=482) to work on /home/airflow/.local/lib/python3.12/site-packages/airflow/example_dags/example_latest_only.py
[2024-07-13T01:34:19.759+0000] {processor.py:830} INFO - Processing file /home/airflow/.local/lib/python3.12/site-packages/airflow/example_dags/example_latest_only.py for tasks to queue
[2024-07-13T01:34:19.761+0000] {logging_mixin.py:188} INFO - [2024-07-13T01:34:19.761+0000] {dagbag.py:545} INFO - Filling up the DagBag from /home/airflow/.local/lib/python3.12/site-packages/airflow/example_dags/example_latest_only.py
[2024-07-13T01:34:19.766+0000] {processor.py:840} INFO - DAG(s) 'latest_only' retrieved from /home/airflow/.local/lib/python3.12/site-packages/airflow/example_dags/example_latest_only.py
[2024-07-13T01:34:19.789+0000] {logging_mixin.py:188} INFO - [2024-07-13T01:34:19.788+0000] {dag.py:3096} INFO - Sync 1 DAGs
[2024-07-13T01:34:19.811+0000] {logging_mixin.py:188} INFO - [2024-07-13T01:34:19.811+0000] {dag.py:3954} INFO - Setting next_dagrun for latest_only to 2024-07-12 20:00:00+00:00, run_after=2024-07-13 00:00:00+00:00
[2024-07-13T01:34:19.840+0000] {processor.py:183} INFO - Processing /home/airflow/.local/lib/python3.12/site-packages/airflow/example_dags/example_latest_only.py took 0.088 seconds
[2024-07-13T01:34:50.570+0000] {processor.py:161} INFO - Started process (PID=543) to work on /home/airflow/.local/lib/python3.12/site-packages/airflow/example_dags/example_latest_only.py
[2024-07-13T01:34:50.570+0000] {processor.py:830} INFO - Processing file /home/airflow/.local/lib/python3.12/site-packages/airflow/example_dags/example_latest_only.py for tasks to queue
[2024-07-13T01:34:50.572+0000] {logging_mixin.py:188} INFO - [2024-07-13T01:34:50.572+0000] {dagbag.py:545} INFO - Filling up the DagBag from /home/airflow/.local/lib/python3.12/site-packages/airflow/example_dags/example_latest_only.py
[2024-07-13T01:34:50.577+0000] {processor.py:840} INFO - DAG(s) 'latest_only' retrieved from /home/airflow/.local/lib/python3.12/site-packages/airflow/example_dags/example_latest_only.py
[2024-07-13T01:34:50.612+0000] {logging_mixin.py:188} INFO - [2024-07-13T01:34:50.611+0000] {dag.py:3096} INFO - Sync 1 DAGs
[2024-07-13T01:34:50.636+0000] {logging_mixin.py:188} INFO - [2024-07-13T01:34:50.635+0000] {dag.py:3954} INFO - Setting next_dagrun for latest_only to 2024-07-12 20:00:00+00:00, run_after=2024-07-13 00:00:00+00:00
[2024-07-13T01:34:50.675+0000] {processor.py:183} INFO - Processing /home/airflow/.local/lib/python3.12/site-packages/airflow/example_dags/example_latest_only.py took 0.113 seconds
[2024-07-13T01:35:21.441+0000] {processor.py:161} INFO - Started process (PID=601) to work on /home/airflow/.local/lib/python3.12/site-packages/airflow/example_dags/example_latest_only.py
[2024-07-13T01:35:21.444+0000] {processor.py:830} INFO - Processing file /home/airflow/.local/lib/python3.12/site-packages/airflow/example_dags/example_latest_only.py for tasks to queue
[2024-07-13T01:35:21.455+0000] {logging_mixin.py:188} INFO - [2024-07-13T01:35:21.455+0000] {dagbag.py:545} INFO - Filling up the DagBag from /home/airflow/.local/lib/python3.12/site-packages/airflow/example_dags/example_latest_only.py
[2024-07-13T01:35:21.485+0000] {processor.py:840} INFO - DAG(s) 'latest_only' retrieved from /home/airflow/.local/lib/python3.12/site-packages/airflow/example_dags/example_latest_only.py
[2024-07-13T01:35:21.659+0000] {logging_mixin.py:188} INFO - [2024-07-13T01:35:21.659+0000] {dag.py:3096} INFO - Sync 1 DAGs
[2024-07-13T01:35:21.763+0000] {logging_mixin.py:188} INFO - [2024-07-13T01:35:21.763+0000] {dag.py:3954} INFO - Setting next_dagrun for latest_only to 2024-07-12 20:00:00+00:00, run_after=2024-07-13 00:00:00+00:00
[2024-07-13T01:35:21.815+0000] {processor.py:183} INFO - Processing /home/airflow/.local/lib/python3.12/site-packages/airflow/example_dags/example_latest_only.py took 0.418 seconds
[2024-07-13T01:35:52.240+0000] {processor.py:161} INFO - Started process (PID=665) to work on /home/airflow/.local/lib/python3.12/site-packages/airflow/example_dags/example_latest_only.py
[2024-07-13T01:35:52.249+0000] {processor.py:830} INFO - Processing file /home/airflow/.local/lib/python3.12/site-packages/airflow/example_dags/example_latest_only.py for tasks to queue
[2024-07-13T01:35:52.251+0000] {logging_mixin.py:188} INFO - [2024-07-13T01:35:52.250+0000] {dagbag.py:545} INFO - Filling up the DagBag from /home/airflow/.local/lib/python3.12/site-packages/airflow/example_dags/example_latest_only.py
[2024-07-13T01:35:52.255+0000] {processor.py:840} INFO - DAG(s) 'latest_only' retrieved from /home/airflow/.local/lib/python3.12/site-packages/airflow/example_dags/example_latest_only.py
[2024-07-13T01:35:52.272+0000] {logging_mixin.py:188} INFO - [2024-07-13T01:35:52.272+0000] {dag.py:3096} INFO - Sync 1 DAGs
[2024-07-13T01:35:52.290+0000] {logging_mixin.py:188} INFO - [2024-07-13T01:35:52.290+0000] {dag.py:3954} INFO - Setting next_dagrun for latest_only to 2024-07-12 20:00:00+00:00, run_after=2024-07-13 00:00:00+00:00
[2024-07-13T01:35:52.320+0000] {processor.py:183} INFO - Processing /home/airflow/.local/lib/python3.12/site-packages/airflow/example_dags/example_latest_only.py took 0.086 seconds
[2024-07-13T01:36:23.174+0000] {processor.py:161} INFO - Started process (PID=724) to work on /home/airflow/.local/lib/python3.12/site-packages/airflow/example_dags/example_latest_only.py
[2024-07-13T01:36:23.175+0000] {processor.py:830} INFO - Processing file /home/airflow/.local/lib/python3.12/site-packages/airflow/example_dags/example_latest_only.py for tasks to queue
[2024-07-13T01:36:23.176+0000] {logging_mixin.py:188} INFO - [2024-07-13T01:36:23.176+0000] {dagbag.py:545} INFO - Filling up the DagBag from /home/airflow/.local/lib/python3.12/site-packages/airflow/example_dags/example_latest_only.py
[2024-07-13T01:36:23.180+0000] {processor.py:840} INFO - DAG(s) 'latest_only' retrieved from /home/airflow/.local/lib/python3.12/site-packages/airflow/example_dags/example_latest_only.py
[2024-07-13T01:36:23.196+0000] {logging_mixin.py:188} INFO - [2024-07-13T01:36:23.196+0000] {dag.py:3096} INFO - Sync 1 DAGs
[2024-07-13T01:36:23.213+0000] {logging_mixin.py:188} INFO - [2024-07-13T01:36:23.213+0000] {dag.py:3954} INFO - Setting next_dagrun for latest_only to 2024-07-12 20:00:00+00:00, run_after=2024-07-13 00:00:00+00:00
[2024-07-13T01:36:23.236+0000] {processor.py:183} INFO - Processing /home/airflow/.local/lib/python3.12/site-packages/airflow/example_dags/example_latest_only.py took 0.066 seconds
[2024-07-13T01:36:54.021+0000] {processor.py:161} INFO - Started process (PID=783) to work on /home/airflow/.local/lib/python3.12/site-packages/airflow/example_dags/example_latest_only.py
[2024-07-13T01:36:54.022+0000] {processor.py:830} INFO - Processing file /home/airflow/.local/lib/python3.12/site-packages/airflow/example_dags/example_latest_only.py for tasks to queue
[2024-07-13T01:36:54.024+0000] {logging_mixin.py:188} INFO - [2024-07-13T01:36:54.024+0000] {dagbag.py:545} INFO - Filling up the DagBag from /home/airflow/.local/lib/python3.12/site-packages/airflow/example_dags/example_latest_only.py
[2024-07-13T01:36:54.029+0000] {processor.py:840} INFO - DAG(s) 'latest_only' retrieved from /home/airflow/.local/lib/python3.12/site-packages/airflow/example_dags/example_latest_only.py
[2024-07-13T01:36:54.049+0000] {logging_mixin.py:188} INFO - [2024-07-13T01:36:54.049+0000] {dag.py:3096} INFO - Sync 1 DAGs
[2024-07-13T01:36:54.073+0000] {logging_mixin.py:188} INFO - [2024-07-13T01:36:54.072+0000] {dag.py:3954} INFO - Setting next_dagrun for latest_only to 2024-07-12 20:00:00+00:00, run_after=2024-07-13 00:00:00+00:00
[2024-07-13T01:36:54.114+0000] {processor.py:183} INFO - Processing /home/airflow/.local/lib/python3.12/site-packages/airflow/example_dags/example_latest_only.py took 0.103 seconds
[2024-07-13T01:37:24.241+0000] {processor.py:161} INFO - Started process (PID=844) to work on /home/airflow/.local/lib/python3.12/site-packages/airflow/example_dags/example_latest_only.py
[2024-07-13T01:37:24.242+0000] {processor.py:830} INFO - Processing file /home/airflow/.local/lib/python3.12/site-packages/airflow/example_dags/example_latest_only.py for tasks to queue
[2024-07-13T01:37:24.244+0000] {logging_mixin.py:188} INFO - [2024-07-13T01:37:24.244+0000] {dagbag.py:545} INFO - Filling up the DagBag from /home/airflow/.local/lib/python3.12/site-packages/airflow/example_dags/example_latest_only.py
[2024-07-13T01:37:24.249+0000] {processor.py:840} INFO - DAG(s) 'latest_only' retrieved from /home/airflow/.local/lib/python3.12/site-packages/airflow/example_dags/example_latest_only.py
[2024-07-13T01:37:24.268+0000] {logging_mixin.py:188} INFO - [2024-07-13T01:37:24.268+0000] {dag.py:3096} INFO - Sync 1 DAGs
[2024-07-13T01:37:24.292+0000] {logging_mixin.py:188} INFO - [2024-07-13T01:37:24.292+0000] {dag.py:3954} INFO - Setting next_dagrun for latest_only to 2024-07-12 20:00:00+00:00, run_after=2024-07-13 00:00:00+00:00
[2024-07-13T01:37:24.319+0000] {processor.py:183} INFO - Processing /home/airflow/.local/lib/python3.12/site-packages/airflow/example_dags/example_latest_only.py took 0.084 seconds
[2024-07-13T01:37:54.756+0000] {processor.py:161} INFO - Started process (PID=905) to work on /home/airflow/.local/lib/python3.12/site-packages/airflow/example_dags/example_latest_only.py
[2024-07-13T01:37:54.757+0000] {processor.py:830} INFO - Processing file /home/airflow/.local/lib/python3.12/site-packages/airflow/example_dags/example_latest_only.py for tasks to queue
[2024-07-13T01:37:54.758+0000] {logging_mixin.py:188} INFO - [2024-07-13T01:37:54.758+0000] {dagbag.py:545} INFO - Filling up the DagBag from /home/airflow/.local/lib/python3.12/site-packages/airflow/example_dags/example_latest_only.py
[2024-07-13T01:37:54.768+0000] {processor.py:840} INFO - DAG(s) 'latest_only' retrieved from /home/airflow/.local/lib/python3.12/site-packages/airflow/example_dags/example_latest_only.py
[2024-07-13T01:37:54.789+0000] {logging_mixin.py:188} INFO - [2024-07-13T01:37:54.789+0000] {dag.py:3096} INFO - Sync 1 DAGs
[2024-07-13T01:37:54.813+0000] {logging_mixin.py:188} INFO - [2024-07-13T01:37:54.813+0000] {dag.py:3954} INFO - Setting next_dagrun for latest_only to 2024-07-12 20:00:00+00:00, run_after=2024-07-13 00:00:00+00:00
[2024-07-13T01:37:54.839+0000] {processor.py:183} INFO - Processing /home/airflow/.local/lib/python3.12/site-packages/airflow/example_dags/example_latest_only.py took 0.089 seconds
[2024-07-13T01:38:25.147+0000] {processor.py:161} INFO - Started process (PID=966) to work on /home/airflow/.local/lib/python3.12/site-packages/airflow/example_dags/example_latest_only.py
[2024-07-13T01:38:25.148+0000] {processor.py:830} INFO - Processing file /home/airflow/.local/lib/python3.12/site-packages/airflow/example_dags/example_latest_only.py for tasks to queue
[2024-07-13T01:38:25.150+0000] {logging_mixin.py:188} INFO - [2024-07-13T01:38:25.150+0000] {dagbag.py:545} INFO - Filling up the DagBag from /home/airflow/.local/lib/python3.12/site-packages/airflow/example_dags/example_latest_only.py
[2024-07-13T01:38:25.155+0000] {processor.py:840} INFO - DAG(s) 'latest_only' retrieved from /home/airflow/.local/lib/python3.12/site-packages/airflow/example_dags/example_latest_only.py
[2024-07-13T01:38:25.175+0000] {logging_mixin.py:188} INFO - [2024-07-13T01:38:25.174+0000] {dag.py:3096} INFO - Sync 1 DAGs
[2024-07-13T01:38:25.199+0000] {logging_mixin.py:188} INFO - [2024-07-13T01:38:25.198+0000] {dag.py:3954} INFO - Setting next_dagrun for latest_only to 2024-07-12 20:00:00+00:00, run_after=2024-07-13 00:00:00+00:00
[2024-07-13T01:38:25.224+0000] {processor.py:183} INFO - Processing /home/airflow/.local/lib/python3.12/site-packages/airflow/example_dags/example_latest_only.py took 0.083 seconds
[2024-07-13T01:38:55.996+0000] {processor.py:161} INFO - Started process (PID=1028) to work on /home/airflow/.local/lib/python3.12/site-packages/airflow/example_dags/example_latest_only.py
[2024-07-13T01:38:56.002+0000] {processor.py:830} INFO - Processing file /home/airflow/.local/lib/python3.12/site-packages/airflow/example_dags/example_latest_only.py for tasks to queue
[2024-07-13T01:38:56.004+0000] {logging_mixin.py:188} INFO - [2024-07-13T01:38:56.004+0000] {dagbag.py:545} INFO - Filling up the DagBag from /home/airflow/.local/lib/python3.12/site-packages/airflow/example_dags/example_latest_only.py
[2024-07-13T01:38:56.019+0000] {processor.py:840} INFO - DAG(s) 'latest_only' retrieved from /home/airflow/.local/lib/python3.12/site-packages/airflow/example_dags/example_latest_only.py
[2024-07-13T01:38:56.094+0000] {logging_mixin.py:188} INFO - [2024-07-13T01:38:56.094+0000] {dag.py:3096} INFO - Sync 1 DAGs
[2024-07-13T01:38:56.181+0000] {logging_mixin.py:188} INFO - [2024-07-13T01:38:56.181+0000] {dag.py:3954} INFO - Setting next_dagrun for latest_only to 2024-07-12 20:00:00+00:00, run_after=2024-07-13 00:00:00+00:00
[2024-07-13T01:38:56.257+0000] {processor.py:183} INFO - Processing /home/airflow/.local/lib/python3.12/site-packages/airflow/example_dags/example_latest_only.py took 0.280 seconds
[2024-07-13T01:39:26.686+0000] {processor.py:161} INFO - Started process (PID=1089) to work on /home/airflow/.local/lib/python3.12/site-packages/airflow/example_dags/example_latest_only.py
[2024-07-13T01:39:26.687+0000] {processor.py:830} INFO - Processing file /home/airflow/.local/lib/python3.12/site-packages/airflow/example_dags/example_latest_only.py for tasks to queue
[2024-07-13T01:39:26.689+0000] {logging_mixin.py:188} INFO - [2024-07-13T01:39:26.689+0000] {dagbag.py:545} INFO - Filling up the DagBag from /home/airflow/.local/lib/python3.12/site-packages/airflow/example_dags/example_latest_only.py
[2024-07-13T01:39:26.695+0000] {processor.py:840} INFO - DAG(s) 'latest_only' retrieved from /home/airflow/.local/lib/python3.12/site-packages/airflow/example_dags/example_latest_only.py
[2024-07-13T01:39:26.714+0000] {logging_mixin.py:188} INFO - [2024-07-13T01:39:26.714+0000] {dag.py:3096} INFO - Sync 1 DAGs
[2024-07-13T01:39:26.739+0000] {logging_mixin.py:188} INFO - [2024-07-13T01:39:26.738+0000] {dag.py:3954} INFO - Setting next_dagrun for latest_only to 2024-07-12 20:00:00+00:00, run_after=2024-07-13 00:00:00+00:00
[2024-07-13T01:39:26.765+0000] {processor.py:183} INFO - Processing /home/airflow/.local/lib/python3.12/site-packages/airflow/example_dags/example_latest_only.py took 0.085 seconds
[2024-07-13T01:43:00.043+0000] {processor.py:161} INFO - Started process (PID=50) to work on /home/airflow/.local/lib/python3.12/site-packages/airflow/example_dags/example_latest_only.py
[2024-07-13T01:43:00.054+0000] {processor.py:830} INFO - Processing file /home/airflow/.local/lib/python3.12/site-packages/airflow/example_dags/example_latest_only.py for tasks to queue
[2024-07-13T01:43:00.055+0000] {logging_mixin.py:188} INFO - [2024-07-13T01:43:00.055+0000] {dagbag.py:545} INFO - Filling up the DagBag from /home/airflow/.local/lib/python3.12/site-packages/airflow/example_dags/example_latest_only.py
[2024-07-13T01:43:00.068+0000] {processor.py:840} INFO - DAG(s) 'latest_only' retrieved from /home/airflow/.local/lib/python3.12/site-packages/airflow/example_dags/example_latest_only.py
[2024-07-13T01:43:00.377+0000] {logging_mixin.py:188} INFO - [2024-07-13T01:43:00.376+0000] {dag.py:3096} INFO - Sync 1 DAGs
[2024-07-13T01:43:00.397+0000] {logging_mixin.py:188} INFO - [2024-07-13T01:43:00.396+0000] {dag.py:3954} INFO - Setting next_dagrun for latest_only to 2024-07-12 20:00:00+00:00, run_after=2024-07-13 00:00:00+00:00
[2024-07-13T01:43:00.451+0000] {processor.py:183} INFO - Processing /home/airflow/.local/lib/python3.12/site-packages/airflow/example_dags/example_latest_only.py took 0.429 seconds
[2024-07-13T01:43:31.652+0000] {processor.py:161} INFO - Started process (PID=111) to work on /home/airflow/.local/lib/python3.12/site-packages/airflow/example_dags/example_latest_only.py
[2024-07-13T01:43:31.659+0000] {processor.py:830} INFO - Processing file /home/airflow/.local/lib/python3.12/site-packages/airflow/example_dags/example_latest_only.py for tasks to queue
[2024-07-13T01:43:31.676+0000] {logging_mixin.py:188} INFO - [2024-07-13T01:43:31.674+0000] {dagbag.py:545} INFO - Filling up the DagBag from /home/airflow/.local/lib/python3.12/site-packages/airflow/example_dags/example_latest_only.py
[2024-07-13T01:43:31.704+0000] {processor.py:840} INFO - DAG(s) 'latest_only' retrieved from /home/airflow/.local/lib/python3.12/site-packages/airflow/example_dags/example_latest_only.py
[2024-07-13T01:43:31.765+0000] {logging_mixin.py:188} INFO - [2024-07-13T01:43:31.763+0000] {dag.py:3096} INFO - Sync 1 DAGs
[2024-07-13T01:43:31.802+0000] {logging_mixin.py:188} INFO - [2024-07-13T01:43:31.802+0000] {dag.py:3954} INFO - Setting next_dagrun for latest_only to 2024-07-12 20:00:00+00:00, run_after=2024-07-13 00:00:00+00:00
[2024-07-13T01:43:31.860+0000] {processor.py:183} INFO - Processing /home/airflow/.local/lib/python3.12/site-packages/airflow/example_dags/example_latest_only.py took 0.245 seconds
[2024-07-13T01:44:02.101+0000] {processor.py:161} INFO - Started process (PID=170) to work on /home/airflow/.local/lib/python3.12/site-packages/airflow/example_dags/example_latest_only.py
[2024-07-13T01:44:02.102+0000] {processor.py:830} INFO - Processing file /home/airflow/.local/lib/python3.12/site-packages/airflow/example_dags/example_latest_only.py for tasks to queue
[2024-07-13T01:44:02.105+0000] {logging_mixin.py:188} INFO - [2024-07-13T01:44:02.105+0000] {dagbag.py:545} INFO - Filling up the DagBag from /home/airflow/.local/lib/python3.12/site-packages/airflow/example_dags/example_latest_only.py
[2024-07-13T01:44:02.148+0000] {processor.py:840} INFO - DAG(s) 'latest_only' retrieved from /home/airflow/.local/lib/python3.12/site-packages/airflow/example_dags/example_latest_only.py
[2024-07-13T01:44:02.227+0000] {logging_mixin.py:188} INFO - [2024-07-13T01:44:02.226+0000] {dag.py:3096} INFO - Sync 1 DAGs
[2024-07-13T01:44:02.293+0000] {logging_mixin.py:188} INFO - [2024-07-13T01:44:02.293+0000] {dag.py:3954} INFO - Setting next_dagrun for latest_only to 2024-07-12 20:00:00+00:00, run_after=2024-07-13 00:00:00+00:00
[2024-07-13T01:44:02.371+0000] {processor.py:183} INFO - Processing /home/airflow/.local/lib/python3.12/site-packages/airflow/example_dags/example_latest_only.py took 0.282 seconds
[2024-07-13T01:44:33.157+0000] {processor.py:161} INFO - Started process (PID=231) to work on /home/airflow/.local/lib/python3.12/site-packages/airflow/example_dags/example_latest_only.py
[2024-07-13T01:44:33.157+0000] {processor.py:830} INFO - Processing file /home/airflow/.local/lib/python3.12/site-packages/airflow/example_dags/example_latest_only.py for tasks to queue
[2024-07-13T01:44:33.159+0000] {logging_mixin.py:188} INFO - [2024-07-13T01:44:33.159+0000] {dagbag.py:545} INFO - Filling up the DagBag from /home/airflow/.local/lib/python3.12/site-packages/airflow/example_dags/example_latest_only.py
[2024-07-13T01:44:33.164+0000] {processor.py:840} INFO - DAG(s) 'latest_only' retrieved from /home/airflow/.local/lib/python3.12/site-packages/airflow/example_dags/example_latest_only.py
[2024-07-13T01:44:33.191+0000] {logging_mixin.py:188} INFO - [2024-07-13T01:44:33.190+0000] {dag.py:3096} INFO - Sync 1 DAGs
[2024-07-13T01:44:33.214+0000] {logging_mixin.py:188} INFO - [2024-07-13T01:44:33.214+0000] {dag.py:3954} INFO - Setting next_dagrun for latest_only to 2024-07-12 20:00:00+00:00, run_after=2024-07-13 00:00:00+00:00
[2024-07-13T01:44:33.238+0000] {processor.py:183} INFO - Processing /home/airflow/.local/lib/python3.12/site-packages/airflow/example_dags/example_latest_only.py took 0.087 seconds
[2024-07-13T01:45:03.305+0000] {processor.py:161} INFO - Started process (PID=292) to work on /home/airflow/.local/lib/python3.12/site-packages/airflow/example_dags/example_latest_only.py
[2024-07-13T01:45:03.306+0000] {processor.py:830} INFO - Processing file /home/airflow/.local/lib/python3.12/site-packages/airflow/example_dags/example_latest_only.py for tasks to queue
[2024-07-13T01:45:03.308+0000] {logging_mixin.py:188} INFO - [2024-07-13T01:45:03.308+0000] {dagbag.py:545} INFO - Filling up the DagBag from /home/airflow/.local/lib/python3.12/site-packages/airflow/example_dags/example_latest_only.py
[2024-07-13T01:45:03.314+0000] {processor.py:840} INFO - DAG(s) 'latest_only' retrieved from /home/airflow/.local/lib/python3.12/site-packages/airflow/example_dags/example_latest_only.py
[2024-07-13T01:45:03.337+0000] {logging_mixin.py:188} INFO - [2024-07-13T01:45:03.336+0000] {dag.py:3096} INFO - Sync 1 DAGs
[2024-07-13T01:45:03.360+0000] {logging_mixin.py:188} INFO - [2024-07-13T01:45:03.360+0000] {dag.py:3954} INFO - Setting next_dagrun for latest_only to 2024-07-12 20:00:00+00:00, run_after=2024-07-13 00:00:00+00:00
[2024-07-13T01:45:03.384+0000] {processor.py:183} INFO - Processing /home/airflow/.local/lib/python3.12/site-packages/airflow/example_dags/example_latest_only.py took 0.084 seconds
[2024-07-13T01:45:34.195+0000] {processor.py:161} INFO - Started process (PID=353) to work on /home/airflow/.local/lib/python3.12/site-packages/airflow/example_dags/example_latest_only.py
[2024-07-13T01:45:34.196+0000] {processor.py:830} INFO - Processing file /home/airflow/.local/lib/python3.12/site-packages/airflow/example_dags/example_latest_only.py for tasks to queue
[2024-07-13T01:45:34.197+0000] {logging_mixin.py:188} INFO - [2024-07-13T01:45:34.197+0000] {dagbag.py:545} INFO - Filling up the DagBag from /home/airflow/.local/lib/python3.12/site-packages/airflow/example_dags/example_latest_only.py
[2024-07-13T01:45:34.202+0000] {processor.py:840} INFO - DAG(s) 'latest_only' retrieved from /home/airflow/.local/lib/python3.12/site-packages/airflow/example_dags/example_latest_only.py
[2024-07-13T01:45:34.223+0000] {logging_mixin.py:188} INFO - [2024-07-13T01:45:34.222+0000] {dag.py:3096} INFO - Sync 1 DAGs
[2024-07-13T01:45:34.252+0000] {logging_mixin.py:188} INFO - [2024-07-13T01:45:34.251+0000] {dag.py:3954} INFO - Setting next_dagrun for latest_only to 2024-07-12 20:00:00+00:00, run_after=2024-07-13 00:00:00+00:00
[2024-07-13T01:45:34.297+0000] {processor.py:183} INFO - Processing /home/airflow/.local/lib/python3.12/site-packages/airflow/example_dags/example_latest_only.py took 0.107 seconds
[2024-07-13T01:46:04.501+0000] {processor.py:161} INFO - Started process (PID=414) to work on /home/airflow/.local/lib/python3.12/site-packages/airflow/example_dags/example_latest_only.py
[2024-07-13T01:46:04.503+0000] {processor.py:830} INFO - Processing file /home/airflow/.local/lib/python3.12/site-packages/airflow/example_dags/example_latest_only.py for tasks to queue
[2024-07-13T01:46:04.505+0000] {logging_mixin.py:188} INFO - [2024-07-13T01:46:04.505+0000] {dagbag.py:545} INFO - Filling up the DagBag from /home/airflow/.local/lib/python3.12/site-packages/airflow/example_dags/example_latest_only.py
[2024-07-13T01:46:04.510+0000] {processor.py:840} INFO - DAG(s) 'latest_only' retrieved from /home/airflow/.local/lib/python3.12/site-packages/airflow/example_dags/example_latest_only.py
[2024-07-13T01:46:04.533+0000] {logging_mixin.py:188} INFO - [2024-07-13T01:46:04.533+0000] {dag.py:3096} INFO - Sync 1 DAGs
[2024-07-13T01:46:04.584+0000] {logging_mixin.py:188} INFO - [2024-07-13T01:46:04.584+0000] {dag.py:3954} INFO - Setting next_dagrun for latest_only to 2024-07-12 20:00:00+00:00, run_after=2024-07-13 00:00:00+00:00
[2024-07-13T01:46:04.664+0000] {processor.py:183} INFO - Processing /home/airflow/.local/lib/python3.12/site-packages/airflow/example_dags/example_latest_only.py took 0.169 seconds
[2024-07-13T01:46:34.989+0000] {processor.py:161} INFO - Started process (PID=475) to work on /home/airflow/.local/lib/python3.12/site-packages/airflow/example_dags/example_latest_only.py
[2024-07-13T01:46:34.990+0000] {processor.py:830} INFO - Processing file /home/airflow/.local/lib/python3.12/site-packages/airflow/example_dags/example_latest_only.py for tasks to queue
[2024-07-13T01:46:34.992+0000] {logging_mixin.py:188} INFO - [2024-07-13T01:46:34.992+0000] {dagbag.py:545} INFO - Filling up the DagBag from /home/airflow/.local/lib/python3.12/site-packages/airflow/example_dags/example_latest_only.py
[2024-07-13T01:46:34.997+0000] {processor.py:840} INFO - DAG(s) 'latest_only' retrieved from /home/airflow/.local/lib/python3.12/site-packages/airflow/example_dags/example_latest_only.py
[2024-07-13T01:46:35.018+0000] {logging_mixin.py:188} INFO - [2024-07-13T01:46:35.017+0000] {dag.py:3096} INFO - Sync 1 DAGs
[2024-07-13T01:46:35.040+0000] {logging_mixin.py:188} INFO - [2024-07-13T01:46:35.040+0000] {dag.py:3954} INFO - Setting next_dagrun for latest_only to 2024-07-12 20:00:00+00:00, run_after=2024-07-13 00:00:00+00:00
[2024-07-13T01:46:35.064+0000] {processor.py:183} INFO - Processing /home/airflow/.local/lib/python3.12/site-packages/airflow/example_dags/example_latest_only.py took 0.080 seconds
[2024-07-13T01:47:05.798+0000] {processor.py:161} INFO - Started process (PID=536) to work on /home/airflow/.local/lib/python3.12/site-packages/airflow/example_dags/example_latest_only.py
[2024-07-13T01:47:05.802+0000] {processor.py:830} INFO - Processing file /home/airflow/.local/lib/python3.12/site-packages/airflow/example_dags/example_latest_only.py for tasks to queue
[2024-07-13T01:47:05.804+0000] {logging_mixin.py:188} INFO - [2024-07-13T01:47:05.804+0000] {dagbag.py:545} INFO - Filling up the DagBag from /home/airflow/.local/lib/python3.12/site-packages/airflow/example_dags/example_latest_only.py
[2024-07-13T01:47:05.812+0000] {processor.py:840} INFO - DAG(s) 'latest_only' retrieved from /home/airflow/.local/lib/python3.12/site-packages/airflow/example_dags/example_latest_only.py
[2024-07-13T01:47:05.879+0000] {logging_mixin.py:188} INFO - [2024-07-13T01:47:05.879+0000] {dag.py:3096} INFO - Sync 1 DAGs
[2024-07-13T01:47:05.915+0000] {logging_mixin.py:188} INFO - [2024-07-13T01:47:05.915+0000] {dag.py:3954} INFO - Setting next_dagrun for latest_only to 2024-07-12 20:00:00+00:00, run_after=2024-07-13 00:00:00+00:00
[2024-07-13T01:47:05.976+0000] {processor.py:183} INFO - Processing /home/airflow/.local/lib/python3.12/site-packages/airflow/example_dags/example_latest_only.py took 0.184 seconds
[2024-07-13T01:47:36.117+0000] {processor.py:161} INFO - Started process (PID=598) to work on /home/airflow/.local/lib/python3.12/site-packages/airflow/example_dags/example_latest_only.py
[2024-07-13T01:47:36.118+0000] {processor.py:830} INFO - Processing file /home/airflow/.local/lib/python3.12/site-packages/airflow/example_dags/example_latest_only.py for tasks to queue
[2024-07-13T01:47:36.120+0000] {logging_mixin.py:188} INFO - [2024-07-13T01:47:36.120+0000] {dagbag.py:545} INFO - Filling up the DagBag from /home/airflow/.local/lib/python3.12/site-packages/airflow/example_dags/example_latest_only.py
[2024-07-13T01:47:36.125+0000] {processor.py:840} INFO - DAG(s) 'latest_only' retrieved from /home/airflow/.local/lib/python3.12/site-packages/airflow/example_dags/example_latest_only.py
[2024-07-13T01:47:36.145+0000] {logging_mixin.py:188} INFO - [2024-07-13T01:47:36.145+0000] {dag.py:3096} INFO - Sync 1 DAGs
[2024-07-13T01:47:36.169+0000] {logging_mixin.py:188} INFO - [2024-07-13T01:47:36.169+0000] {dag.py:3954} INFO - Setting next_dagrun for latest_only to 2024-07-12 20:00:00+00:00, run_after=2024-07-13 00:00:00+00:00
[2024-07-13T01:47:36.198+0000] {processor.py:183} INFO - Processing /home/airflow/.local/lib/python3.12/site-packages/airflow/example_dags/example_latest_only.py took 0.086 seconds
[2024-07-13T01:48:06.575+0000] {processor.py:161} INFO - Started process (PID=657) to work on /home/airflow/.local/lib/python3.12/site-packages/airflow/example_dags/example_latest_only.py
[2024-07-13T01:48:06.577+0000] {processor.py:830} INFO - Processing file /home/airflow/.local/lib/python3.12/site-packages/airflow/example_dags/example_latest_only.py for tasks to queue
[2024-07-13T01:48:06.579+0000] {logging_mixin.py:188} INFO - [2024-07-13T01:48:06.578+0000] {dagbag.py:545} INFO - Filling up the DagBag from /home/airflow/.local/lib/python3.12/site-packages/airflow/example_dags/example_latest_only.py
[2024-07-13T01:48:06.583+0000] {processor.py:840} INFO - DAG(s) 'latest_only' retrieved from /home/airflow/.local/lib/python3.12/site-packages/airflow/example_dags/example_latest_only.py
[2024-07-13T01:48:06.603+0000] {logging_mixin.py:188} INFO - [2024-07-13T01:48:06.603+0000] {dag.py:3096} INFO - Sync 1 DAGs
[2024-07-13T01:48:06.627+0000] {logging_mixin.py:188} INFO - [2024-07-13T01:48:06.626+0000] {dag.py:3954} INFO - Setting next_dagrun for latest_only to 2024-07-12 20:00:00+00:00, run_after=2024-07-13 00:00:00+00:00
[2024-07-13T01:48:06.654+0000] {processor.py:183} INFO - Processing /home/airflow/.local/lib/python3.12/site-packages/airflow/example_dags/example_latest_only.py took 0.085 seconds
[2024-07-13T01:48:36.874+0000] {processor.py:161} INFO - Started process (PID=717) to work on /home/airflow/.local/lib/python3.12/site-packages/airflow/example_dags/example_latest_only.py
[2024-07-13T01:48:36.875+0000] {processor.py:830} INFO - Processing file /home/airflow/.local/lib/python3.12/site-packages/airflow/example_dags/example_latest_only.py for tasks to queue
[2024-07-13T01:48:36.877+0000] {logging_mixin.py:188} INFO - [2024-07-13T01:48:36.876+0000] {dagbag.py:545} INFO - Filling up the DagBag from /home/airflow/.local/lib/python3.12/site-packages/airflow/example_dags/example_latest_only.py
[2024-07-13T01:48:36.881+0000] {processor.py:840} INFO - DAG(s) 'latest_only' retrieved from /home/airflow/.local/lib/python3.12/site-packages/airflow/example_dags/example_latest_only.py
[2024-07-13T01:48:36.902+0000] {logging_mixin.py:188} INFO - [2024-07-13T01:48:36.902+0000] {dag.py:3096} INFO - Sync 1 DAGs
[2024-07-13T01:48:37.131+0000] {logging_mixin.py:188} INFO - [2024-07-13T01:48:37.131+0000] {dag.py:3954} INFO - Setting next_dagrun for latest_only to 2024-07-12 20:00:00+00:00, run_after=2024-07-13 00:00:00+00:00
[2024-07-13T01:48:37.156+0000] {processor.py:183} INFO - Processing /home/airflow/.local/lib/python3.12/site-packages/airflow/example_dags/example_latest_only.py took 0.287 seconds
[2024-07-13T01:49:07.824+0000] {processor.py:161} INFO - Started process (PID=778) to work on /home/airflow/.local/lib/python3.12/site-packages/airflow/example_dags/example_latest_only.py
[2024-07-13T01:49:07.825+0000] {processor.py:830} INFO - Processing file /home/airflow/.local/lib/python3.12/site-packages/airflow/example_dags/example_latest_only.py for tasks to queue
[2024-07-13T01:49:07.827+0000] {logging_mixin.py:188} INFO - [2024-07-13T01:49:07.826+0000] {dagbag.py:545} INFO - Filling up the DagBag from /home/airflow/.local/lib/python3.12/site-packages/airflow/example_dags/example_latest_only.py
[2024-07-13T01:49:07.832+0000] {processor.py:840} INFO - DAG(s) 'latest_only' retrieved from /home/airflow/.local/lib/python3.12/site-packages/airflow/example_dags/example_latest_only.py
[2024-07-13T01:49:07.851+0000] {logging_mixin.py:188} INFO - [2024-07-13T01:49:07.851+0000] {dag.py:3096} INFO - Sync 1 DAGs
[2024-07-13T01:49:07.873+0000] {logging_mixin.py:188} INFO - [2024-07-13T01:49:07.873+0000] {dag.py:3954} INFO - Setting next_dagrun for latest_only to 2024-07-12 20:00:00+00:00, run_after=2024-07-13 00:00:00+00:00
[2024-07-13T01:49:07.896+0000] {processor.py:183} INFO - Processing /home/airflow/.local/lib/python3.12/site-packages/airflow/example_dags/example_latest_only.py took 0.078 seconds
[2024-07-13T01:49:38.117+0000] {processor.py:161} INFO - Started process (PID=839) to work on /home/airflow/.local/lib/python3.12/site-packages/airflow/example_dags/example_latest_only.py
[2024-07-13T01:49:38.118+0000] {processor.py:830} INFO - Processing file /home/airflow/.local/lib/python3.12/site-packages/airflow/example_dags/example_latest_only.py for tasks to queue
[2024-07-13T01:49:38.125+0000] {logging_mixin.py:188} INFO - [2024-07-13T01:49:38.125+0000] {dagbag.py:545} INFO - Filling up the DagBag from /home/airflow/.local/lib/python3.12/site-packages/airflow/example_dags/example_latest_only.py
[2024-07-13T01:49:38.133+0000] {processor.py:840} INFO - DAG(s) 'latest_only' retrieved from /home/airflow/.local/lib/python3.12/site-packages/airflow/example_dags/example_latest_only.py
[2024-07-13T01:49:38.177+0000] {logging_mixin.py:188} INFO - [2024-07-13T01:49:38.176+0000] {dag.py:3096} INFO - Sync 1 DAGs
[2024-07-13T01:49:38.202+0000] {logging_mixin.py:188} INFO - [2024-07-13T01:49:38.202+0000] {dag.py:3954} INFO - Setting next_dagrun for latest_only to 2024-07-12 20:00:00+00:00, run_after=2024-07-13 00:00:00+00:00
[2024-07-13T01:49:38.227+0000] {processor.py:183} INFO - Processing /home/airflow/.local/lib/python3.12/site-packages/airflow/example_dags/example_latest_only.py took 0.127 seconds
[2024-07-13T01:50:08.964+0000] {processor.py:161} INFO - Started process (PID=901) to work on /home/airflow/.local/lib/python3.12/site-packages/airflow/example_dags/example_latest_only.py
[2024-07-13T01:50:08.964+0000] {processor.py:830} INFO - Processing file /home/airflow/.local/lib/python3.12/site-packages/airflow/example_dags/example_latest_only.py for tasks to queue
[2024-07-13T01:50:08.966+0000] {logging_mixin.py:188} INFO - [2024-07-13T01:50:08.965+0000] {dagbag.py:545} INFO - Filling up the DagBag from /home/airflow/.local/lib/python3.12/site-packages/airflow/example_dags/example_latest_only.py
[2024-07-13T01:50:08.970+0000] {processor.py:840} INFO - DAG(s) 'latest_only' retrieved from /home/airflow/.local/lib/python3.12/site-packages/airflow/example_dags/example_latest_only.py
[2024-07-13T01:50:08.992+0000] {logging_mixin.py:188} INFO - [2024-07-13T01:50:08.992+0000] {dag.py:3096} INFO - Sync 1 DAGs
[2024-07-13T01:50:09.016+0000] {logging_mixin.py:188} INFO - [2024-07-13T01:50:09.016+0000] {dag.py:3954} INFO - Setting next_dagrun for latest_only to 2024-07-12 20:00:00+00:00, run_after=2024-07-13 00:00:00+00:00
[2024-07-13T01:50:09.042+0000] {processor.py:183} INFO - Processing /home/airflow/.local/lib/python3.12/site-packages/airflow/example_dags/example_latest_only.py took 0.083 seconds
[2024-07-13T01:50:39.236+0000] {processor.py:161} INFO - Started process (PID=961) to work on /home/airflow/.local/lib/python3.12/site-packages/airflow/example_dags/example_latest_only.py
[2024-07-13T01:50:39.236+0000] {processor.py:830} INFO - Processing file /home/airflow/.local/lib/python3.12/site-packages/airflow/example_dags/example_latest_only.py for tasks to queue
[2024-07-13T01:50:39.238+0000] {logging_mixin.py:188} INFO - [2024-07-13T01:50:39.238+0000] {dagbag.py:545} INFO - Filling up the DagBag from /home/airflow/.local/lib/python3.12/site-packages/airflow/example_dags/example_latest_only.py
[2024-07-13T01:50:39.247+0000] {processor.py:840} INFO - DAG(s) 'latest_only' retrieved from /home/airflow/.local/lib/python3.12/site-packages/airflow/example_dags/example_latest_only.py
[2024-07-13T01:50:39.267+0000] {logging_mixin.py:188} INFO - [2024-07-13T01:50:39.267+0000] {dag.py:3096} INFO - Sync 1 DAGs
[2024-07-13T01:50:39.290+0000] {logging_mixin.py:188} INFO - [2024-07-13T01:50:39.290+0000] {dag.py:3954} INFO - Setting next_dagrun for latest_only to 2024-07-12 20:00:00+00:00, run_after=2024-07-13 00:00:00+00:00
[2024-07-13T01:50:39.314+0000] {processor.py:183} INFO - Processing /home/airflow/.local/lib/python3.12/site-packages/airflow/example_dags/example_latest_only.py took 0.084 seconds
[2024-07-13T01:51:09.662+0000] {processor.py:161} INFO - Started process (PID=1022) to work on /home/airflow/.local/lib/python3.12/site-packages/airflow/example_dags/example_latest_only.py
[2024-07-13T01:51:09.663+0000] {processor.py:830} INFO - Processing file /home/airflow/.local/lib/python3.12/site-packages/airflow/example_dags/example_latest_only.py for tasks to queue
[2024-07-13T01:51:09.665+0000] {logging_mixin.py:188} INFO - [2024-07-13T01:51:09.665+0000] {dagbag.py:545} INFO - Filling up the DagBag from /home/airflow/.local/lib/python3.12/site-packages/airflow/example_dags/example_latest_only.py
[2024-07-13T01:51:09.674+0000] {processor.py:840} INFO - DAG(s) 'latest_only' retrieved from /home/airflow/.local/lib/python3.12/site-packages/airflow/example_dags/example_latest_only.py
[2024-07-13T01:51:09.693+0000] {logging_mixin.py:188} INFO - [2024-07-13T01:51:09.693+0000] {dag.py:3096} INFO - Sync 1 DAGs
[2024-07-13T01:51:09.715+0000] {logging_mixin.py:188} INFO - [2024-07-13T01:51:09.715+0000] {dag.py:3954} INFO - Setting next_dagrun for latest_only to 2024-07-12 20:00:00+00:00, run_after=2024-07-13 00:00:00+00:00
[2024-07-13T01:51:09.741+0000] {processor.py:183} INFO - Processing /home/airflow/.local/lib/python3.12/site-packages/airflow/example_dags/example_latest_only.py took 0.084 seconds
[2024-07-13T01:51:39.952+0000] {processor.py:161} INFO - Started process (PID=1084) to work on /home/airflow/.local/lib/python3.12/site-packages/airflow/example_dags/example_latest_only.py
[2024-07-13T01:51:39.958+0000] {processor.py:830} INFO - Processing file /home/airflow/.local/lib/python3.12/site-packages/airflow/example_dags/example_latest_only.py for tasks to queue
[2024-07-13T01:51:39.960+0000] {logging_mixin.py:188} INFO - [2024-07-13T01:51:39.960+0000] {dagbag.py:545} INFO - Filling up the DagBag from /home/airflow/.local/lib/python3.12/site-packages/airflow/example_dags/example_latest_only.py
[2024-07-13T01:51:39.975+0000] {processor.py:840} INFO - DAG(s) 'latest_only' retrieved from /home/airflow/.local/lib/python3.12/site-packages/airflow/example_dags/example_latest_only.py
[2024-07-13T01:51:40.049+0000] {logging_mixin.py:188} INFO - [2024-07-13T01:51:40.049+0000] {dag.py:3096} INFO - Sync 1 DAGs
[2024-07-13T01:51:40.104+0000] {logging_mixin.py:188} INFO - [2024-07-13T01:51:40.104+0000] {dag.py:3954} INFO - Setting next_dagrun for latest_only to 2024-07-12 20:00:00+00:00, run_after=2024-07-13 00:00:00+00:00
[2024-07-13T01:51:40.210+0000] {processor.py:183} INFO - Processing /home/airflow/.local/lib/python3.12/site-packages/airflow/example_dags/example_latest_only.py took 0.273 seconds
[2024-07-13T01:52:10.934+0000] {processor.py:161} INFO - Started process (PID=1144) to work on /home/airflow/.local/lib/python3.12/site-packages/airflow/example_dags/example_latest_only.py
[2024-07-13T01:52:10.935+0000] {processor.py:830} INFO - Processing file /home/airflow/.local/lib/python3.12/site-packages/airflow/example_dags/example_latest_only.py for tasks to queue
[2024-07-13T01:52:10.936+0000] {logging_mixin.py:188} INFO - [2024-07-13T01:52:10.936+0000] {dagbag.py:545} INFO - Filling up the DagBag from /home/airflow/.local/lib/python3.12/site-packages/airflow/example_dags/example_latest_only.py
[2024-07-13T01:52:10.941+0000] {processor.py:840} INFO - DAG(s) 'latest_only' retrieved from /home/airflow/.local/lib/python3.12/site-packages/airflow/example_dags/example_latest_only.py
[2024-07-13T01:52:10.959+0000] {logging_mixin.py:188} INFO - [2024-07-13T01:52:10.959+0000] {dag.py:3096} INFO - Sync 1 DAGs
[2024-07-13T01:52:10.982+0000] {logging_mixin.py:188} INFO - [2024-07-13T01:52:10.982+0000] {dag.py:3954} INFO - Setting next_dagrun for latest_only to 2024-07-12 20:00:00+00:00, run_after=2024-07-13 00:00:00+00:00
[2024-07-13T01:52:11.019+0000] {processor.py:183} INFO - Processing /home/airflow/.local/lib/python3.12/site-packages/airflow/example_dags/example_latest_only.py took 0.090 seconds
[2024-07-13T01:52:41.545+0000] {processor.py:161} INFO - Started process (PID=1205) to work on /home/airflow/.local/lib/python3.12/site-packages/airflow/example_dags/example_latest_only.py
[2024-07-13T01:52:41.546+0000] {processor.py:830} INFO - Processing file /home/airflow/.local/lib/python3.12/site-packages/airflow/example_dags/example_latest_only.py for tasks to queue
[2024-07-13T01:52:41.548+0000] {logging_mixin.py:188} INFO - [2024-07-13T01:52:41.547+0000] {dagbag.py:545} INFO - Filling up the DagBag from /home/airflow/.local/lib/python3.12/site-packages/airflow/example_dags/example_latest_only.py
[2024-07-13T01:52:41.552+0000] {processor.py:840} INFO - DAG(s) 'latest_only' retrieved from /home/airflow/.local/lib/python3.12/site-packages/airflow/example_dags/example_latest_only.py
[2024-07-13T01:52:41.571+0000] {logging_mixin.py:188} INFO - [2024-07-13T01:52:41.571+0000] {dag.py:3096} INFO - Sync 1 DAGs
[2024-07-13T01:52:41.595+0000] {logging_mixin.py:188} INFO - [2024-07-13T01:52:41.595+0000] {dag.py:3954} INFO - Setting next_dagrun for latest_only to 2024-07-12 20:00:00+00:00, run_after=2024-07-13 00:00:00+00:00
[2024-07-13T01:52:41.619+0000] {processor.py:183} INFO - Processing /home/airflow/.local/lib/python3.12/site-packages/airflow/example_dags/example_latest_only.py took 0.081 seconds
[2024-07-13T01:53:11.872+0000] {processor.py:161} INFO - Started process (PID=1266) to work on /home/airflow/.local/lib/python3.12/site-packages/airflow/example_dags/example_latest_only.py
[2024-07-13T01:53:11.873+0000] {processor.py:830} INFO - Processing file /home/airflow/.local/lib/python3.12/site-packages/airflow/example_dags/example_latest_only.py for tasks to queue
[2024-07-13T01:53:11.875+0000] {logging_mixin.py:188} INFO - [2024-07-13T01:53:11.874+0000] {dagbag.py:545} INFO - Filling up the DagBag from /home/airflow/.local/lib/python3.12/site-packages/airflow/example_dags/example_latest_only.py
[2024-07-13T01:53:11.880+0000] {processor.py:840} INFO - DAG(s) 'latest_only' retrieved from /home/airflow/.local/lib/python3.12/site-packages/airflow/example_dags/example_latest_only.py
[2024-07-13T01:53:11.903+0000] {logging_mixin.py:188} INFO - [2024-07-13T01:53:11.903+0000] {dag.py:3096} INFO - Sync 1 DAGs
[2024-07-13T01:53:11.927+0000] {logging_mixin.py:188} INFO - [2024-07-13T01:53:11.926+0000] {dag.py:3954} INFO - Setting next_dagrun for latest_only to 2024-07-12 20:00:00+00:00, run_after=2024-07-13 00:00:00+00:00
[2024-07-13T01:53:11.961+0000] {processor.py:183} INFO - Processing /home/airflow/.local/lib/python3.12/site-packages/airflow/example_dags/example_latest_only.py took 0.095 seconds
[2024-07-13T01:53:42.212+0000] {processor.py:161} INFO - Started process (PID=1327) to work on /home/airflow/.local/lib/python3.12/site-packages/airflow/example_dags/example_latest_only.py
[2024-07-13T01:53:42.213+0000] {processor.py:830} INFO - Processing file /home/airflow/.local/lib/python3.12/site-packages/airflow/example_dags/example_latest_only.py for tasks to queue
[2024-07-13T01:53:42.215+0000] {logging_mixin.py:188} INFO - [2024-07-13T01:53:42.215+0000] {dagbag.py:545} INFO - Filling up the DagBag from /home/airflow/.local/lib/python3.12/site-packages/airflow/example_dags/example_latest_only.py
[2024-07-13T01:53:42.228+0000] {processor.py:840} INFO - DAG(s) 'latest_only' retrieved from /home/airflow/.local/lib/python3.12/site-packages/airflow/example_dags/example_latest_only.py
[2024-07-13T01:53:42.291+0000] {logging_mixin.py:188} INFO - [2024-07-13T01:53:42.291+0000] {dag.py:3096} INFO - Sync 1 DAGs
[2024-07-13T01:53:42.342+0000] {logging_mixin.py:188} INFO - [2024-07-13T01:53:42.342+0000] {dag.py:3954} INFO - Setting next_dagrun for latest_only to 2024-07-12 20:00:00+00:00, run_after=2024-07-13 00:00:00+00:00
[2024-07-13T01:53:42.374+0000] {processor.py:183} INFO - Processing /home/airflow/.local/lib/python3.12/site-packages/airflow/example_dags/example_latest_only.py took 0.168 seconds
[2024-07-13T01:54:12.720+0000] {processor.py:161} INFO - Started process (PID=1388) to work on /home/airflow/.local/lib/python3.12/site-packages/airflow/example_dags/example_latest_only.py
[2024-07-13T01:54:12.721+0000] {processor.py:830} INFO - Processing file /home/airflow/.local/lib/python3.12/site-packages/airflow/example_dags/example_latest_only.py for tasks to queue
[2024-07-13T01:54:12.723+0000] {logging_mixin.py:188} INFO - [2024-07-13T01:54:12.722+0000] {dagbag.py:545} INFO - Filling up the DagBag from /home/airflow/.local/lib/python3.12/site-packages/airflow/example_dags/example_latest_only.py
[2024-07-13T01:54:12.727+0000] {processor.py:840} INFO - DAG(s) 'latest_only' retrieved from /home/airflow/.local/lib/python3.12/site-packages/airflow/example_dags/example_latest_only.py
[2024-07-13T01:54:12.745+0000] {logging_mixin.py:188} INFO - [2024-07-13T01:54:12.745+0000] {dag.py:3096} INFO - Sync 1 DAGs
[2024-07-13T01:54:12.766+0000] {logging_mixin.py:188} INFO - [2024-07-13T01:54:12.766+0000] {dag.py:3954} INFO - Setting next_dagrun for latest_only to 2024-07-12 20:00:00+00:00, run_after=2024-07-13 00:00:00+00:00
[2024-07-13T01:54:12.798+0000] {processor.py:183} INFO - Processing /home/airflow/.local/lib/python3.12/site-packages/airflow/example_dags/example_latest_only.py took 0.083 seconds
[2024-07-13T01:54:42.937+0000] {processor.py:161} INFO - Started process (PID=1451) to work on /home/airflow/.local/lib/python3.12/site-packages/airflow/example_dags/example_latest_only.py
[2024-07-13T01:54:42.938+0000] {processor.py:830} INFO - Processing file /home/airflow/.local/lib/python3.12/site-packages/airflow/example_dags/example_latest_only.py for tasks to queue
[2024-07-13T01:54:42.939+0000] {logging_mixin.py:188} INFO - [2024-07-13T01:54:42.939+0000] {dagbag.py:545} INFO - Filling up the DagBag from /home/airflow/.local/lib/python3.12/site-packages/airflow/example_dags/example_latest_only.py
[2024-07-13T01:54:42.944+0000] {processor.py:840} INFO - DAG(s) 'latest_only' retrieved from /home/airflow/.local/lib/python3.12/site-packages/airflow/example_dags/example_latest_only.py
[2024-07-13T01:54:42.964+0000] {logging_mixin.py:188} INFO - [2024-07-13T01:54:42.964+0000] {dag.py:3096} INFO - Sync 1 DAGs
[2024-07-13T01:54:42.988+0000] {logging_mixin.py:188} INFO - [2024-07-13T01:54:42.988+0000] {dag.py:3954} INFO - Setting next_dagrun for latest_only to 2024-07-12 20:00:00+00:00, run_after=2024-07-13 00:00:00+00:00
[2024-07-13T01:54:43.026+0000] {processor.py:183} INFO - Processing /home/airflow/.local/lib/python3.12/site-packages/airflow/example_dags/example_latest_only.py took 0.095 seconds
[2024-07-13T01:55:13.210+0000] {processor.py:161} INFO - Started process (PID=1512) to work on /home/airflow/.local/lib/python3.12/site-packages/airflow/example_dags/example_latest_only.py
[2024-07-13T01:55:13.211+0000] {processor.py:830} INFO - Processing file /home/airflow/.local/lib/python3.12/site-packages/airflow/example_dags/example_latest_only.py for tasks to queue
[2024-07-13T01:55:13.213+0000] {logging_mixin.py:188} INFO - [2024-07-13T01:55:13.212+0000] {dagbag.py:545} INFO - Filling up the DagBag from /home/airflow/.local/lib/python3.12/site-packages/airflow/example_dags/example_latest_only.py
[2024-07-13T01:55:13.217+0000] {processor.py:840} INFO - DAG(s) 'latest_only' retrieved from /home/airflow/.local/lib/python3.12/site-packages/airflow/example_dags/example_latest_only.py
[2024-07-13T01:55:13.245+0000] {logging_mixin.py:188} INFO - [2024-07-13T01:55:13.245+0000] {dag.py:3096} INFO - Sync 1 DAGs
[2024-07-13T01:55:13.268+0000] {logging_mixin.py:188} INFO - [2024-07-13T01:55:13.268+0000] {dag.py:3954} INFO - Setting next_dagrun for latest_only to 2024-07-12 20:00:00+00:00, run_after=2024-07-13 00:00:00+00:00
[2024-07-13T01:55:13.293+0000] {processor.py:183} INFO - Processing /home/airflow/.local/lib/python3.12/site-packages/airflow/example_dags/example_latest_only.py took 0.088 seconds
[2024-07-13T01:55:43.889+0000] {processor.py:161} INFO - Started process (PID=1574) to work on /home/airflow/.local/lib/python3.12/site-packages/airflow/example_dags/example_latest_only.py
[2024-07-13T01:55:43.889+0000] {processor.py:830} INFO - Processing file /home/airflow/.local/lib/python3.12/site-packages/airflow/example_dags/example_latest_only.py for tasks to queue
[2024-07-13T01:55:43.891+0000] {logging_mixin.py:188} INFO - [2024-07-13T01:55:43.891+0000] {dagbag.py:545} INFO - Filling up the DagBag from /home/airflow/.local/lib/python3.12/site-packages/airflow/example_dags/example_latest_only.py
[2024-07-13T01:55:43.897+0000] {processor.py:840} INFO - DAG(s) 'latest_only' retrieved from /home/airflow/.local/lib/python3.12/site-packages/airflow/example_dags/example_latest_only.py
[2024-07-13T01:55:43.917+0000] {logging_mixin.py:188} INFO - [2024-07-13T01:55:43.917+0000] {dag.py:3096} INFO - Sync 1 DAGs
[2024-07-13T01:55:43.940+0000] {logging_mixin.py:188} INFO - [2024-07-13T01:55:43.940+0000] {dag.py:3954} INFO - Setting next_dagrun for latest_only to 2024-07-12 20:00:00+00:00, run_after=2024-07-13 00:00:00+00:00
[2024-07-13T01:55:44.001+0000] {processor.py:183} INFO - Processing /home/airflow/.local/lib/python3.12/site-packages/airflow/example_dags/example_latest_only.py took 0.119 seconds
[2024-07-13T01:56:14.504+0000] {processor.py:161} INFO - Started process (PID=1636) to work on /home/airflow/.local/lib/python3.12/site-packages/airflow/example_dags/example_latest_only.py
[2024-07-13T01:56:14.505+0000] {processor.py:830} INFO - Processing file /home/airflow/.local/lib/python3.12/site-packages/airflow/example_dags/example_latest_only.py for tasks to queue
[2024-07-13T01:56:14.507+0000] {logging_mixin.py:188} INFO - [2024-07-13T01:56:14.506+0000] {dagbag.py:545} INFO - Filling up the DagBag from /home/airflow/.local/lib/python3.12/site-packages/airflow/example_dags/example_latest_only.py
[2024-07-13T01:56:14.512+0000] {processor.py:840} INFO - DAG(s) 'latest_only' retrieved from /home/airflow/.local/lib/python3.12/site-packages/airflow/example_dags/example_latest_only.py
[2024-07-13T01:56:14.533+0000] {logging_mixin.py:188} INFO - [2024-07-13T01:56:14.533+0000] {dag.py:3096} INFO - Sync 1 DAGs
[2024-07-13T01:56:14.557+0000] {logging_mixin.py:188} INFO - [2024-07-13T01:56:14.557+0000] {dag.py:3954} INFO - Setting next_dagrun for latest_only to 2024-07-12 20:00:00+00:00, run_after=2024-07-13 00:00:00+00:00
[2024-07-13T01:56:14.586+0000] {processor.py:183} INFO - Processing /home/airflow/.local/lib/python3.12/site-packages/airflow/example_dags/example_latest_only.py took 0.088 seconds
[2024-07-13T02:00:42.806+0000] {processor.py:161} INFO - Started process (PID=50) to work on /home/airflow/.local/lib/python3.12/site-packages/airflow/example_dags/example_latest_only.py
[2024-07-13T02:00:42.808+0000] {processor.py:830} INFO - Processing file /home/airflow/.local/lib/python3.12/site-packages/airflow/example_dags/example_latest_only.py for tasks to queue
[2024-07-13T02:00:42.809+0000] {logging_mixin.py:188} INFO - [2024-07-13T02:00:42.809+0000] {dagbag.py:545} INFO - Filling up the DagBag from /home/airflow/.local/lib/python3.12/site-packages/airflow/example_dags/example_latest_only.py
[2024-07-13T02:00:42.825+0000] {processor.py:840} INFO - DAG(s) 'latest_only' retrieved from /home/airflow/.local/lib/python3.12/site-packages/airflow/example_dags/example_latest_only.py
[2024-07-13T02:00:43.083+0000] {logging_mixin.py:188} INFO - [2024-07-13T02:00:43.083+0000] {dag.py:3096} INFO - Sync 1 DAGs
[2024-07-13T02:00:43.138+0000] {logging_mixin.py:188} INFO - [2024-07-13T02:00:43.138+0000] {dag.py:3954} INFO - Setting next_dagrun for latest_only to 2024-07-12 20:00:00+00:00, run_after=2024-07-13 00:00:00+00:00
[2024-07-13T02:00:43.165+0000] {processor.py:183} INFO - Processing /home/airflow/.local/lib/python3.12/site-packages/airflow/example_dags/example_latest_only.py took 0.382 seconds
[2024-07-13T02:01:14.249+0000] {processor.py:161} INFO - Started process (PID=111) to work on /home/airflow/.local/lib/python3.12/site-packages/airflow/example_dags/example_latest_only.py
[2024-07-13T02:01:14.250+0000] {processor.py:830} INFO - Processing file /home/airflow/.local/lib/python3.12/site-packages/airflow/example_dags/example_latest_only.py for tasks to queue
[2024-07-13T02:01:14.252+0000] {logging_mixin.py:188} INFO - [2024-07-13T02:01:14.251+0000] {dagbag.py:545} INFO - Filling up the DagBag from /home/airflow/.local/lib/python3.12/site-packages/airflow/example_dags/example_latest_only.py
[2024-07-13T02:01:14.256+0000] {processor.py:840} INFO - DAG(s) 'latest_only' retrieved from /home/airflow/.local/lib/python3.12/site-packages/airflow/example_dags/example_latest_only.py
[2024-07-13T02:01:14.279+0000] {logging_mixin.py:188} INFO - [2024-07-13T02:01:14.278+0000] {dag.py:3096} INFO - Sync 1 DAGs
[2024-07-13T02:01:14.301+0000] {logging_mixin.py:188} INFO - [2024-07-13T02:01:14.301+0000] {dag.py:3954} INFO - Setting next_dagrun for latest_only to 2024-07-12 20:00:00+00:00, run_after=2024-07-13 00:00:00+00:00
[2024-07-13T02:01:14.327+0000] {processor.py:183} INFO - Processing /home/airflow/.local/lib/python3.12/site-packages/airflow/example_dags/example_latest_only.py took 0.083 seconds
[2024-07-13T02:01:44.867+0000] {processor.py:161} INFO - Started process (PID=172) to work on /home/airflow/.local/lib/python3.12/site-packages/airflow/example_dags/example_latest_only.py
[2024-07-13T02:01:44.867+0000] {processor.py:830} INFO - Processing file /home/airflow/.local/lib/python3.12/site-packages/airflow/example_dags/example_latest_only.py for tasks to queue
[2024-07-13T02:01:44.868+0000] {logging_mixin.py:188} INFO - [2024-07-13T02:01:44.868+0000] {dagbag.py:545} INFO - Filling up the DagBag from /home/airflow/.local/lib/python3.12/site-packages/airflow/example_dags/example_latest_only.py
[2024-07-13T02:01:44.878+0000] {processor.py:840} INFO - DAG(s) 'latest_only' retrieved from /home/airflow/.local/lib/python3.12/site-packages/airflow/example_dags/example_latest_only.py
[2024-07-13T02:01:44.984+0000] {logging_mixin.py:188} INFO - [2024-07-13T02:01:44.983+0000] {dag.py:3096} INFO - Sync 1 DAGs
[2024-07-13T02:01:45.032+0000] {logging_mixin.py:188} INFO - [2024-07-13T02:01:45.032+0000] {dag.py:3954} INFO - Setting next_dagrun for latest_only to 2024-07-12 20:00:00+00:00, run_after=2024-07-13 00:00:00+00:00
[2024-07-13T02:01:45.060+0000] {processor.py:183} INFO - Processing /home/airflow/.local/lib/python3.12/site-packages/airflow/example_dags/example_latest_only.py took 0.218 seconds
[2024-07-13T02:02:15.856+0000] {processor.py:161} INFO - Started process (PID=234) to work on /home/airflow/.local/lib/python3.12/site-packages/airflow/example_dags/example_latest_only.py
[2024-07-13T02:02:15.857+0000] {processor.py:830} INFO - Processing file /home/airflow/.local/lib/python3.12/site-packages/airflow/example_dags/example_latest_only.py for tasks to queue
[2024-07-13T02:02:15.858+0000] {logging_mixin.py:188} INFO - [2024-07-13T02:02:15.858+0000] {dagbag.py:545} INFO - Filling up the DagBag from /home/airflow/.local/lib/python3.12/site-packages/airflow/example_dags/example_latest_only.py
[2024-07-13T02:02:15.863+0000] {processor.py:840} INFO - DAG(s) 'latest_only' retrieved from /home/airflow/.local/lib/python3.12/site-packages/airflow/example_dags/example_latest_only.py
[2024-07-13T02:02:15.883+0000] {logging_mixin.py:188} INFO - [2024-07-13T02:02:15.883+0000] {dag.py:3096} INFO - Sync 1 DAGs
[2024-07-13T02:02:15.905+0000] {logging_mixin.py:188} INFO - [2024-07-13T02:02:15.905+0000] {dag.py:3954} INFO - Setting next_dagrun for latest_only to 2024-07-12 20:00:00+00:00, run_after=2024-07-13 00:00:00+00:00
[2024-07-13T02:02:15.938+0000] {processor.py:183} INFO - Processing /home/airflow/.local/lib/python3.12/site-packages/airflow/example_dags/example_latest_only.py took 0.089 seconds
[2024-07-13T02:02:46.112+0000] {processor.py:161} INFO - Started process (PID=296) to work on /home/airflow/.local/lib/python3.12/site-packages/airflow/example_dags/example_latest_only.py
[2024-07-13T02:02:46.113+0000] {processor.py:830} INFO - Processing file /home/airflow/.local/lib/python3.12/site-packages/airflow/example_dags/example_latest_only.py for tasks to queue
[2024-07-13T02:02:46.114+0000] {logging_mixin.py:188} INFO - [2024-07-13T02:02:46.113+0000] {dagbag.py:545} INFO - Filling up the DagBag from /home/airflow/.local/lib/python3.12/site-packages/airflow/example_dags/example_latest_only.py
[2024-07-13T02:02:46.117+0000] {processor.py:840} INFO - DAG(s) 'latest_only' retrieved from /home/airflow/.local/lib/python3.12/site-packages/airflow/example_dags/example_latest_only.py
[2024-07-13T02:02:46.132+0000] {logging_mixin.py:188} INFO - [2024-07-13T02:02:46.132+0000] {dag.py:3096} INFO - Sync 1 DAGs
[2024-07-13T02:02:46.148+0000] {logging_mixin.py:188} INFO - [2024-07-13T02:02:46.147+0000] {dag.py:3954} INFO - Setting next_dagrun for latest_only to 2024-07-12 20:00:00+00:00, run_after=2024-07-13 00:00:00+00:00
[2024-07-13T02:02:46.169+0000] {processor.py:183} INFO - Processing /home/airflow/.local/lib/python3.12/site-packages/airflow/example_dags/example_latest_only.py took 0.060 seconds
[2024-07-13T02:03:16.397+0000] {processor.py:161} INFO - Started process (PID=357) to work on /home/airflow/.local/lib/python3.12/site-packages/airflow/example_dags/example_latest_only.py
[2024-07-13T02:03:16.398+0000] {processor.py:830} INFO - Processing file /home/airflow/.local/lib/python3.12/site-packages/airflow/example_dags/example_latest_only.py for tasks to queue
[2024-07-13T02:03:16.398+0000] {logging_mixin.py:188} INFO - [2024-07-13T02:03:16.398+0000] {dagbag.py:545} INFO - Filling up the DagBag from /home/airflow/.local/lib/python3.12/site-packages/airflow/example_dags/example_latest_only.py
[2024-07-13T02:03:16.403+0000] {processor.py:840} INFO - DAG(s) 'latest_only' retrieved from /home/airflow/.local/lib/python3.12/site-packages/airflow/example_dags/example_latest_only.py
[2024-07-13T02:03:16.425+0000] {logging_mixin.py:188} INFO - [2024-07-13T02:03:16.425+0000] {dag.py:3096} INFO - Sync 1 DAGs
[2024-07-13T02:03:16.448+0000] {logging_mixin.py:188} INFO - [2024-07-13T02:03:16.448+0000] {dag.py:3954} INFO - Setting next_dagrun for latest_only to 2024-07-12 20:00:00+00:00, run_after=2024-07-13 00:00:00+00:00
[2024-07-13T02:03:16.475+0000] {processor.py:183} INFO - Processing /home/airflow/.local/lib/python3.12/site-packages/airflow/example_dags/example_latest_only.py took 0.084 seconds
[2024-07-13T02:03:46.543+0000] {processor.py:161} INFO - Started process (PID=418) to work on /home/airflow/.local/lib/python3.12/site-packages/airflow/example_dags/example_latest_only.py
[2024-07-13T02:03:46.544+0000] {processor.py:830} INFO - Processing file /home/airflow/.local/lib/python3.12/site-packages/airflow/example_dags/example_latest_only.py for tasks to queue
[2024-07-13T02:03:46.545+0000] {logging_mixin.py:188} INFO - [2024-07-13T02:03:46.545+0000] {dagbag.py:545} INFO - Filling up the DagBag from /home/airflow/.local/lib/python3.12/site-packages/airflow/example_dags/example_latest_only.py
[2024-07-13T02:03:46.550+0000] {processor.py:840} INFO - DAG(s) 'latest_only' retrieved from /home/airflow/.local/lib/python3.12/site-packages/airflow/example_dags/example_latest_only.py
[2024-07-13T02:03:46.571+0000] {logging_mixin.py:188} INFO - [2024-07-13T02:03:46.571+0000] {dag.py:3096} INFO - Sync 1 DAGs
[2024-07-13T02:03:46.593+0000] {logging_mixin.py:188} INFO - [2024-07-13T02:03:46.593+0000] {dag.py:3954} INFO - Setting next_dagrun for latest_only to 2024-07-12 20:00:00+00:00, run_after=2024-07-13 00:00:00+00:00
[2024-07-13T02:03:46.616+0000] {processor.py:183} INFO - Processing /home/airflow/.local/lib/python3.12/site-packages/airflow/example_dags/example_latest_only.py took 0.079 seconds
[2024-07-13T02:04:17.380+0000] {processor.py:161} INFO - Started process (PID=481) to work on /home/airflow/.local/lib/python3.12/site-packages/airflow/example_dags/example_latest_only.py
[2024-07-13T02:04:17.483+0000] {processor.py:830} INFO - Processing file /home/airflow/.local/lib/python3.12/site-packages/airflow/example_dags/example_latest_only.py for tasks to queue
[2024-07-13T02:04:17.484+0000] {logging_mixin.py:188} INFO - [2024-07-13T02:04:17.484+0000] {dagbag.py:545} INFO - Filling up the DagBag from /home/airflow/.local/lib/python3.12/site-packages/airflow/example_dags/example_latest_only.py
[2024-07-13T02:04:17.491+0000] {processor.py:840} INFO - DAG(s) 'latest_only' retrieved from /home/airflow/.local/lib/python3.12/site-packages/airflow/example_dags/example_latest_only.py
[2024-07-13T02:04:17.515+0000] {logging_mixin.py:188} INFO - [2024-07-13T02:04:17.515+0000] {dag.py:3096} INFO - Sync 1 DAGs
[2024-07-13T02:04:17.540+0000] {logging_mixin.py:188} INFO - [2024-07-13T02:04:17.540+0000] {dag.py:3954} INFO - Setting next_dagrun for latest_only to 2024-07-12 20:00:00+00:00, run_after=2024-07-13 00:00:00+00:00
[2024-07-13T02:04:17.572+0000] {processor.py:183} INFO - Processing /home/airflow/.local/lib/python3.12/site-packages/airflow/example_dags/example_latest_only.py took 0.197 seconds
[2024-07-13T02:04:48.484+0000] {processor.py:161} INFO - Started process (PID=539) to work on /home/airflow/.local/lib/python3.12/site-packages/airflow/example_dags/example_latest_only.py
[2024-07-13T02:04:48.485+0000] {processor.py:830} INFO - Processing file /home/airflow/.local/lib/python3.12/site-packages/airflow/example_dags/example_latest_only.py for tasks to queue
[2024-07-13T02:04:48.486+0000] {logging_mixin.py:188} INFO - [2024-07-13T02:04:48.486+0000] {dagbag.py:545} INFO - Filling up the DagBag from /home/airflow/.local/lib/python3.12/site-packages/airflow/example_dags/example_latest_only.py
[2024-07-13T02:04:48.492+0000] {processor.py:840} INFO - DAG(s) 'latest_only' retrieved from /home/airflow/.local/lib/python3.12/site-packages/airflow/example_dags/example_latest_only.py
[2024-07-13T02:04:48.514+0000] {logging_mixin.py:188} INFO - [2024-07-13T02:04:48.514+0000] {dag.py:3096} INFO - Sync 1 DAGs
[2024-07-13T02:04:48.537+0000] {logging_mixin.py:188} INFO - [2024-07-13T02:04:48.537+0000] {dag.py:3954} INFO - Setting next_dagrun for latest_only to 2024-07-12 20:00:00+00:00, run_after=2024-07-13 00:00:00+00:00
[2024-07-13T02:04:48.564+0000] {processor.py:183} INFO - Processing /home/airflow/.local/lib/python3.12/site-packages/airflow/example_dags/example_latest_only.py took 0.085 seconds
[2024-07-13T02:05:19.149+0000] {processor.py:161} INFO - Started process (PID=600) to work on /home/airflow/.local/lib/python3.12/site-packages/airflow/example_dags/example_latest_only.py
[2024-07-13T02:05:19.153+0000] {processor.py:830} INFO - Processing file /home/airflow/.local/lib/python3.12/site-packages/airflow/example_dags/example_latest_only.py for tasks to queue
[2024-07-13T02:05:19.154+0000] {logging_mixin.py:188} INFO - [2024-07-13T02:05:19.153+0000] {dagbag.py:545} INFO - Filling up the DagBag from /home/airflow/.local/lib/python3.12/site-packages/airflow/example_dags/example_latest_only.py
[2024-07-13T02:05:19.162+0000] {processor.py:840} INFO - DAG(s) 'latest_only' retrieved from /home/airflow/.local/lib/python3.12/site-packages/airflow/example_dags/example_latest_only.py
[2024-07-13T02:05:19.200+0000] {logging_mixin.py:188} INFO - [2024-07-13T02:05:19.200+0000] {dag.py:3096} INFO - Sync 1 DAGs
[2024-07-13T02:05:19.241+0000] {logging_mixin.py:188} INFO - [2024-07-13T02:05:19.241+0000] {dag.py:3954} INFO - Setting next_dagrun for latest_only to 2024-07-12 20:00:00+00:00, run_after=2024-07-13 00:00:00+00:00
[2024-07-13T02:05:19.267+0000] {processor.py:183} INFO - Processing /home/airflow/.local/lib/python3.12/site-packages/airflow/example_dags/example_latest_only.py took 0.127 seconds
[2024-07-13T02:05:49.760+0000] {processor.py:161} INFO - Started process (PID=661) to work on /home/airflow/.local/lib/python3.12/site-packages/airflow/example_dags/example_latest_only.py
[2024-07-13T02:05:49.766+0000] {processor.py:830} INFO - Processing file /home/airflow/.local/lib/python3.12/site-packages/airflow/example_dags/example_latest_only.py for tasks to queue
[2024-07-13T02:05:49.768+0000] {logging_mixin.py:188} INFO - [2024-07-13T02:05:49.767+0000] {dagbag.py:545} INFO - Filling up the DagBag from /home/airflow/.local/lib/python3.12/site-packages/airflow/example_dags/example_latest_only.py
[2024-07-13T02:05:49.774+0000] {processor.py:840} INFO - DAG(s) 'latest_only' retrieved from /home/airflow/.local/lib/python3.12/site-packages/airflow/example_dags/example_latest_only.py
[2024-07-13T02:05:49.863+0000] {logging_mixin.py:188} INFO - [2024-07-13T02:05:49.863+0000] {dag.py:3096} INFO - Sync 1 DAGs
[2024-07-13T02:05:49.966+0000] {logging_mixin.py:188} INFO - [2024-07-13T02:05:49.966+0000] {dag.py:3954} INFO - Setting next_dagrun for latest_only to 2024-07-12 20:00:00+00:00, run_after=2024-07-13 00:00:00+00:00
[2024-07-13T02:05:50.047+0000] {processor.py:183} INFO - Processing /home/airflow/.local/lib/python3.12/site-packages/airflow/example_dags/example_latest_only.py took 0.304 seconds
[2024-07-13T02:06:20.223+0000] {processor.py:161} INFO - Started process (PID=722) to work on /home/airflow/.local/lib/python3.12/site-packages/airflow/example_dags/example_latest_only.py
[2024-07-13T02:06:20.224+0000] {processor.py:830} INFO - Processing file /home/airflow/.local/lib/python3.12/site-packages/airflow/example_dags/example_latest_only.py for tasks to queue
[2024-07-13T02:06:20.225+0000] {logging_mixin.py:188} INFO - [2024-07-13T02:06:20.225+0000] {dagbag.py:545} INFO - Filling up the DagBag from /home/airflow/.local/lib/python3.12/site-packages/airflow/example_dags/example_latest_only.py
[2024-07-13T02:06:20.230+0000] {processor.py:840} INFO - DAG(s) 'latest_only' retrieved from /home/airflow/.local/lib/python3.12/site-packages/airflow/example_dags/example_latest_only.py
[2024-07-13T02:06:20.254+0000] {logging_mixin.py:188} INFO - [2024-07-13T02:06:20.254+0000] {dag.py:3096} INFO - Sync 1 DAGs
[2024-07-13T02:06:20.433+0000] {logging_mixin.py:188} INFO - [2024-07-13T02:06:20.433+0000] {dag.py:3954} INFO - Setting next_dagrun for latest_only to 2024-07-12 20:00:00+00:00, run_after=2024-07-13 00:00:00+00:00
[2024-07-13T02:06:20.458+0000] {processor.py:183} INFO - Processing /home/airflow/.local/lib/python3.12/site-packages/airflow/example_dags/example_latest_only.py took 0.240 seconds
[2024-07-13T02:06:50.689+0000] {processor.py:161} INFO - Started process (PID=783) to work on /home/airflow/.local/lib/python3.12/site-packages/airflow/example_dags/example_latest_only.py
[2024-07-13T02:06:50.689+0000] {processor.py:830} INFO - Processing file /home/airflow/.local/lib/python3.12/site-packages/airflow/example_dags/example_latest_only.py for tasks to queue
[2024-07-13T02:06:50.690+0000] {logging_mixin.py:188} INFO - [2024-07-13T02:06:50.690+0000] {dagbag.py:545} INFO - Filling up the DagBag from /home/airflow/.local/lib/python3.12/site-packages/airflow/example_dags/example_latest_only.py
[2024-07-13T02:06:50.695+0000] {processor.py:840} INFO - DAG(s) 'latest_only' retrieved from /home/airflow/.local/lib/python3.12/site-packages/airflow/example_dags/example_latest_only.py
[2024-07-13T02:06:50.718+0000] {logging_mixin.py:188} INFO - [2024-07-13T02:06:50.718+0000] {dag.py:3096} INFO - Sync 1 DAGs
[2024-07-13T02:06:50.741+0000] {logging_mixin.py:188} INFO - [2024-07-13T02:06:50.740+0000] {dag.py:3954} INFO - Setting next_dagrun for latest_only to 2024-07-12 20:00:00+00:00, run_after=2024-07-13 00:00:00+00:00
[2024-07-13T02:06:50.769+0000] {processor.py:183} INFO - Processing /home/airflow/.local/lib/python3.12/site-packages/airflow/example_dags/example_latest_only.py took 0.086 seconds
[2024-07-13T02:07:21.192+0000] {processor.py:161} INFO - Started process (PID=845) to work on /home/airflow/.local/lib/python3.12/site-packages/airflow/example_dags/example_latest_only.py
[2024-07-13T02:07:21.197+0000] {processor.py:830} INFO - Processing file /home/airflow/.local/lib/python3.12/site-packages/airflow/example_dags/example_latest_only.py for tasks to queue
[2024-07-13T02:07:21.198+0000] {logging_mixin.py:188} INFO - [2024-07-13T02:07:21.198+0000] {dagbag.py:545} INFO - Filling up the DagBag from /home/airflow/.local/lib/python3.12/site-packages/airflow/example_dags/example_latest_only.py
[2024-07-13T02:07:21.203+0000] {processor.py:840} INFO - DAG(s) 'latest_only' retrieved from /home/airflow/.local/lib/python3.12/site-packages/airflow/example_dags/example_latest_only.py
[2024-07-13T02:07:21.225+0000] {logging_mixin.py:188} INFO - [2024-07-13T02:07:21.225+0000] {dag.py:3096} INFO - Sync 1 DAGs
[2024-07-13T02:07:21.248+0000] {logging_mixin.py:188} INFO - [2024-07-13T02:07:21.248+0000] {dag.py:3954} INFO - Setting next_dagrun for latest_only to 2024-07-12 20:00:00+00:00, run_after=2024-07-13 00:00:00+00:00
[2024-07-13T02:07:21.276+0000] {processor.py:183} INFO - Processing /home/airflow/.local/lib/python3.12/site-packages/airflow/example_dags/example_latest_only.py took 0.089 seconds
[2024-07-13T02:07:51.519+0000] {processor.py:161} INFO - Started process (PID=906) to work on /home/airflow/.local/lib/python3.12/site-packages/airflow/example_dags/example_latest_only.py
[2024-07-13T02:07:51.523+0000] {processor.py:830} INFO - Processing file /home/airflow/.local/lib/python3.12/site-packages/airflow/example_dags/example_latest_only.py for tasks to queue
[2024-07-13T02:07:51.524+0000] {logging_mixin.py:188} INFO - [2024-07-13T02:07:51.524+0000] {dagbag.py:545} INFO - Filling up the DagBag from /home/airflow/.local/lib/python3.12/site-packages/airflow/example_dags/example_latest_only.py
[2024-07-13T02:07:51.529+0000] {processor.py:840} INFO - DAG(s) 'latest_only' retrieved from /home/airflow/.local/lib/python3.12/site-packages/airflow/example_dags/example_latest_only.py
[2024-07-13T02:07:51.550+0000] {logging_mixin.py:188} INFO - [2024-07-13T02:07:51.549+0000] {dag.py:3096} INFO - Sync 1 DAGs
[2024-07-13T02:07:51.574+0000] {logging_mixin.py:188} INFO - [2024-07-13T02:07:51.574+0000] {dag.py:3954} INFO - Setting next_dagrun for latest_only to 2024-07-12 20:00:00+00:00, run_after=2024-07-13 00:00:00+00:00
[2024-07-13T02:07:51.601+0000] {processor.py:183} INFO - Processing /home/airflow/.local/lib/python3.12/site-packages/airflow/example_dags/example_latest_only.py took 0.088 seconds
[2024-07-13T02:08:22.308+0000] {processor.py:161} INFO - Started process (PID=968) to work on /home/airflow/.local/lib/python3.12/site-packages/airflow/example_dags/example_latest_only.py
[2024-07-13T02:08:22.308+0000] {processor.py:830} INFO - Processing file /home/airflow/.local/lib/python3.12/site-packages/airflow/example_dags/example_latest_only.py for tasks to queue
[2024-07-13T02:08:22.309+0000] {logging_mixin.py:188} INFO - [2024-07-13T02:08:22.309+0000] {dagbag.py:545} INFO - Filling up the DagBag from /home/airflow/.local/lib/python3.12/site-packages/airflow/example_dags/example_latest_only.py
[2024-07-13T02:08:22.314+0000] {processor.py:840} INFO - DAG(s) 'latest_only' retrieved from /home/airflow/.local/lib/python3.12/site-packages/airflow/example_dags/example_latest_only.py
[2024-07-13T02:08:22.336+0000] {logging_mixin.py:188} INFO - [2024-07-13T02:08:22.336+0000] {dag.py:3096} INFO - Sync 1 DAGs
[2024-07-13T02:08:22.360+0000] {logging_mixin.py:188} INFO - [2024-07-13T02:08:22.359+0000] {dag.py:3954} INFO - Setting next_dagrun for latest_only to 2024-07-12 20:00:00+00:00, run_after=2024-07-13 00:00:00+00:00
[2024-07-13T02:08:22.386+0000] {processor.py:183} INFO - Processing /home/airflow/.local/lib/python3.12/site-packages/airflow/example_dags/example_latest_only.py took 0.083 seconds
[2024-07-13T02:08:52.946+0000] {processor.py:161} INFO - Started process (PID=1029) to work on /home/airflow/.local/lib/python3.12/site-packages/airflow/example_dags/example_latest_only.py
[2024-07-13T02:08:52.954+0000] {processor.py:830} INFO - Processing file /home/airflow/.local/lib/python3.12/site-packages/airflow/example_dags/example_latest_only.py for tasks to queue
[2024-07-13T02:08:52.955+0000] {logging_mixin.py:188} INFO - [2024-07-13T02:08:52.955+0000] {dagbag.py:545} INFO - Filling up the DagBag from /home/airflow/.local/lib/python3.12/site-packages/airflow/example_dags/example_latest_only.py
[2024-07-13T02:08:53.023+0000] {processor.py:840} INFO - DAG(s) 'latest_only' retrieved from /home/airflow/.local/lib/python3.12/site-packages/airflow/example_dags/example_latest_only.py
[2024-07-13T02:08:53.083+0000] {logging_mixin.py:188} INFO - [2024-07-13T02:08:53.083+0000] {dag.py:3096} INFO - Sync 1 DAGs
[2024-07-13T02:08:53.163+0000] {logging_mixin.py:188} INFO - [2024-07-13T02:08:53.162+0000] {dag.py:3954} INFO - Setting next_dagrun for latest_only to 2024-07-12 20:00:00+00:00, run_after=2024-07-13 00:00:00+00:00
[2024-07-13T02:08:53.268+0000] {processor.py:183} INFO - Processing /home/airflow/.local/lib/python3.12/site-packages/airflow/example_dags/example_latest_only.py took 0.371 seconds
