[2024-07-13T01:31:03.234+0000] {processor.py:161} INFO - Started process (PID=86) to work on /home/airflow/.local/lib/python3.12/site-packages/airflow/example_dags/example_setup_teardown.py
[2024-07-13T01:31:03.235+0000] {processor.py:830} INFO - Processing file /home/airflow/.local/lib/python3.12/site-packages/airflow/example_dags/example_setup_teardown.py for tasks to queue
[2024-07-13T01:31:03.236+0000] {logging_mixin.py:188} INFO - [2024-07-13T01:31:03.236+0000] {dagbag.py:545} INFO - Filling up the DagBag from /home/airflow/.local/lib/python3.12/site-packages/airflow/example_dags/example_setup_teardown.py
[2024-07-13T01:31:03.245+0000] {processor.py:840} INFO - DAG(s) 'example_setup_teardown' retrieved from /home/airflow/.local/lib/python3.12/site-packages/airflow/example_dags/example_setup_teardown.py
[2024-07-13T01:31:03.426+0000] {logging_mixin.py:188} INFO - [2024-07-13T01:31:03.426+0000] {dag.py:3096} INFO - Sync 1 DAGs
[2024-07-13T01:31:03.496+0000] {logging_mixin.py:188} INFO - [2024-07-13T01:31:03.496+0000] {dag.py:3954} INFO - Setting next_dagrun for example_setup_teardown to 2024-07-12 00:00:00+00:00, run_after=2024-07-13 00:00:00+00:00
[2024-07-13T01:31:03.544+0000] {processor.py:183} INFO - Processing /home/airflow/.local/lib/python3.12/site-packages/airflow/example_dags/example_setup_teardown.py took 0.316 seconds
[2024-07-13T01:31:33.609+0000] {processor.py:161} INFO - Started process (PID=147) to work on /home/airflow/.local/lib/python3.12/site-packages/airflow/example_dags/example_setup_teardown.py
[2024-07-13T01:31:33.610+0000] {processor.py:830} INFO - Processing file /home/airflow/.local/lib/python3.12/site-packages/airflow/example_dags/example_setup_teardown.py for tasks to queue
[2024-07-13T01:31:33.611+0000] {logging_mixin.py:188} INFO - [2024-07-13T01:31:33.611+0000] {dagbag.py:545} INFO - Filling up the DagBag from /home/airflow/.local/lib/python3.12/site-packages/airflow/example_dags/example_setup_teardown.py
[2024-07-13T01:31:33.616+0000] {processor.py:840} INFO - DAG(s) 'example_setup_teardown' retrieved from /home/airflow/.local/lib/python3.12/site-packages/airflow/example_dags/example_setup_teardown.py
[2024-07-13T01:31:33.636+0000] {logging_mixin.py:188} INFO - [2024-07-13T01:31:33.636+0000] {dag.py:3096} INFO - Sync 1 DAGs
[2024-07-13T01:31:33.654+0000] {logging_mixin.py:188} INFO - [2024-07-13T01:31:33.654+0000] {dag.py:3954} INFO - Setting next_dagrun for example_setup_teardown to 2024-07-12 00:00:00+00:00, run_after=2024-07-13 00:00:00+00:00
[2024-07-13T01:31:33.678+0000] {processor.py:183} INFO - Processing /home/airflow/.local/lib/python3.12/site-packages/airflow/example_dags/example_setup_teardown.py took 0.074 seconds
[2024-07-13T01:32:03.729+0000] {processor.py:161} INFO - Started process (PID=205) to work on /home/airflow/.local/lib/python3.12/site-packages/airflow/example_dags/example_setup_teardown.py
[2024-07-13T01:32:03.730+0000] {processor.py:830} INFO - Processing file /home/airflow/.local/lib/python3.12/site-packages/airflow/example_dags/example_setup_teardown.py for tasks to queue
[2024-07-13T01:32:03.733+0000] {logging_mixin.py:188} INFO - [2024-07-13T01:32:03.732+0000] {dagbag.py:545} INFO - Filling up the DagBag from /home/airflow/.local/lib/python3.12/site-packages/airflow/example_dags/example_setup_teardown.py
[2024-07-13T01:32:03.740+0000] {processor.py:840} INFO - DAG(s) 'example_setup_teardown' retrieved from /home/airflow/.local/lib/python3.12/site-packages/airflow/example_dags/example_setup_teardown.py
[2024-07-13T01:32:03.760+0000] {logging_mixin.py:188} INFO - [2024-07-13T01:32:03.760+0000] {dag.py:3096} INFO - Sync 1 DAGs
[2024-07-13T01:32:03.776+0000] {logging_mixin.py:188} INFO - [2024-07-13T01:32:03.776+0000] {dag.py:3954} INFO - Setting next_dagrun for example_setup_teardown to 2024-07-12 00:00:00+00:00, run_after=2024-07-13 00:00:00+00:00
[2024-07-13T01:32:03.798+0000] {processor.py:183} INFO - Processing /home/airflow/.local/lib/python3.12/site-packages/airflow/example_dags/example_setup_teardown.py took 0.073 seconds
[2024-07-13T01:32:34.374+0000] {processor.py:161} INFO - Started process (PID=266) to work on /home/airflow/.local/lib/python3.12/site-packages/airflow/example_dags/example_setup_teardown.py
[2024-07-13T01:32:34.375+0000] {processor.py:830} INFO - Processing file /home/airflow/.local/lib/python3.12/site-packages/airflow/example_dags/example_setup_teardown.py for tasks to queue
[2024-07-13T01:32:34.377+0000] {logging_mixin.py:188} INFO - [2024-07-13T01:32:34.376+0000] {dagbag.py:545} INFO - Filling up the DagBag from /home/airflow/.local/lib/python3.12/site-packages/airflow/example_dags/example_setup_teardown.py
[2024-07-13T01:32:34.383+0000] {processor.py:840} INFO - DAG(s) 'example_setup_teardown' retrieved from /home/airflow/.local/lib/python3.12/site-packages/airflow/example_dags/example_setup_teardown.py
[2024-07-13T01:32:34.397+0000] {logging_mixin.py:188} INFO - [2024-07-13T01:32:34.397+0000] {dag.py:3096} INFO - Sync 1 DAGs
[2024-07-13T01:32:34.413+0000] {logging_mixin.py:188} INFO - [2024-07-13T01:32:34.413+0000] {dag.py:3954} INFO - Setting next_dagrun for example_setup_teardown to 2024-07-12 00:00:00+00:00, run_after=2024-07-13 00:00:00+00:00
[2024-07-13T01:32:34.442+0000] {processor.py:183} INFO - Processing /home/airflow/.local/lib/python3.12/site-packages/airflow/example_dags/example_setup_teardown.py took 0.074 seconds
[2024-07-13T01:33:04.905+0000] {processor.py:161} INFO - Started process (PID=327) to work on /home/airflow/.local/lib/python3.12/site-packages/airflow/example_dags/example_setup_teardown.py
[2024-07-13T01:33:04.906+0000] {processor.py:830} INFO - Processing file /home/airflow/.local/lib/python3.12/site-packages/airflow/example_dags/example_setup_teardown.py for tasks to queue
[2024-07-13T01:33:04.907+0000] {logging_mixin.py:188} INFO - [2024-07-13T01:33:04.907+0000] {dagbag.py:545} INFO - Filling up the DagBag from /home/airflow/.local/lib/python3.12/site-packages/airflow/example_dags/example_setup_teardown.py
[2024-07-13T01:33:04.912+0000] {processor.py:840} INFO - DAG(s) 'example_setup_teardown' retrieved from /home/airflow/.local/lib/python3.12/site-packages/airflow/example_dags/example_setup_teardown.py
[2024-07-13T01:33:04.927+0000] {logging_mixin.py:188} INFO - [2024-07-13T01:33:04.927+0000] {dag.py:3096} INFO - Sync 1 DAGs
[2024-07-13T01:33:04.947+0000] {logging_mixin.py:188} INFO - [2024-07-13T01:33:04.947+0000] {dag.py:3954} INFO - Setting next_dagrun for example_setup_teardown to 2024-07-12 00:00:00+00:00, run_after=2024-07-13 00:00:00+00:00
[2024-07-13T01:33:04.979+0000] {processor.py:183} INFO - Processing /home/airflow/.local/lib/python3.12/site-packages/airflow/example_dags/example_setup_teardown.py took 0.078 seconds
[2024-07-13T01:33:35.467+0000] {processor.py:161} INFO - Started process (PID=387) to work on /home/airflow/.local/lib/python3.12/site-packages/airflow/example_dags/example_setup_teardown.py
[2024-07-13T01:33:35.468+0000] {processor.py:830} INFO - Processing file /home/airflow/.local/lib/python3.12/site-packages/airflow/example_dags/example_setup_teardown.py for tasks to queue
[2024-07-13T01:33:35.470+0000] {logging_mixin.py:188} INFO - [2024-07-13T01:33:35.469+0000] {dagbag.py:545} INFO - Filling up the DagBag from /home/airflow/.local/lib/python3.12/site-packages/airflow/example_dags/example_setup_teardown.py
[2024-07-13T01:33:35.482+0000] {processor.py:840} INFO - DAG(s) 'example_setup_teardown' retrieved from /home/airflow/.local/lib/python3.12/site-packages/airflow/example_dags/example_setup_teardown.py
[2024-07-13T01:33:35.506+0000] {logging_mixin.py:188} INFO - [2024-07-13T01:33:35.506+0000] {dag.py:3096} INFO - Sync 1 DAGs
[2024-07-13T01:33:35.531+0000] {logging_mixin.py:188} INFO - [2024-07-13T01:33:35.531+0000] {dag.py:3954} INFO - Setting next_dagrun for example_setup_teardown to 2024-07-12 00:00:00+00:00, run_after=2024-07-13 00:00:00+00:00
[2024-07-13T01:33:35.557+0000] {processor.py:183} INFO - Processing /home/airflow/.local/lib/python3.12/site-packages/airflow/example_dags/example_setup_teardown.py took 0.104 seconds
[2024-07-13T01:34:06.474+0000] {processor.py:161} INFO - Started process (PID=449) to work on /home/airflow/.local/lib/python3.12/site-packages/airflow/example_dags/example_setup_teardown.py
[2024-07-13T01:34:06.475+0000] {processor.py:830} INFO - Processing file /home/airflow/.local/lib/python3.12/site-packages/airflow/example_dags/example_setup_teardown.py for tasks to queue
[2024-07-13T01:34:06.477+0000] {logging_mixin.py:188} INFO - [2024-07-13T01:34:06.477+0000] {dagbag.py:545} INFO - Filling up the DagBag from /home/airflow/.local/lib/python3.12/site-packages/airflow/example_dags/example_setup_teardown.py
[2024-07-13T01:34:06.499+0000] {processor.py:840} INFO - DAG(s) 'example_setup_teardown' retrieved from /home/airflow/.local/lib/python3.12/site-packages/airflow/example_dags/example_setup_teardown.py
[2024-07-13T01:34:06.559+0000] {logging_mixin.py:188} INFO - [2024-07-13T01:34:06.559+0000] {dag.py:3096} INFO - Sync 1 DAGs
[2024-07-13T01:34:06.607+0000] {logging_mixin.py:188} INFO - [2024-07-13T01:34:06.607+0000] {dag.py:3954} INFO - Setting next_dagrun for example_setup_teardown to 2024-07-12 00:00:00+00:00, run_after=2024-07-13 00:00:00+00:00
[2024-07-13T01:34:06.655+0000] {processor.py:183} INFO - Processing /home/airflow/.local/lib/python3.12/site-packages/airflow/example_dags/example_setup_teardown.py took 0.207 seconds
[2024-07-13T01:34:37.460+0000] {processor.py:161} INFO - Started process (PID=511) to work on /home/airflow/.local/lib/python3.12/site-packages/airflow/example_dags/example_setup_teardown.py
[2024-07-13T01:34:37.461+0000] {processor.py:830} INFO - Processing file /home/airflow/.local/lib/python3.12/site-packages/airflow/example_dags/example_setup_teardown.py for tasks to queue
[2024-07-13T01:34:37.463+0000] {logging_mixin.py:188} INFO - [2024-07-13T01:34:37.462+0000] {dagbag.py:545} INFO - Filling up the DagBag from /home/airflow/.local/lib/python3.12/site-packages/airflow/example_dags/example_setup_teardown.py
[2024-07-13T01:34:37.470+0000] {processor.py:840} INFO - DAG(s) 'example_setup_teardown' retrieved from /home/airflow/.local/lib/python3.12/site-packages/airflow/example_dags/example_setup_teardown.py
[2024-07-13T01:34:37.510+0000] {logging_mixin.py:188} INFO - [2024-07-13T01:34:37.509+0000] {dag.py:3096} INFO - Sync 1 DAGs
[2024-07-13T01:34:37.544+0000] {logging_mixin.py:188} INFO - [2024-07-13T01:34:37.543+0000] {dag.py:3954} INFO - Setting next_dagrun for example_setup_teardown to 2024-07-12 00:00:00+00:00, run_after=2024-07-13 00:00:00+00:00
[2024-07-13T01:34:37.573+0000] {processor.py:183} INFO - Processing /home/airflow/.local/lib/python3.12/site-packages/airflow/example_dags/example_setup_teardown.py took 0.119 seconds
[2024-07-13T01:35:07.774+0000] {processor.py:161} INFO - Started process (PID=572) to work on /home/airflow/.local/lib/python3.12/site-packages/airflow/example_dags/example_setup_teardown.py
[2024-07-13T01:35:07.775+0000] {processor.py:830} INFO - Processing file /home/airflow/.local/lib/python3.12/site-packages/airflow/example_dags/example_setup_teardown.py for tasks to queue
[2024-07-13T01:35:07.777+0000] {logging_mixin.py:188} INFO - [2024-07-13T01:35:07.777+0000] {dagbag.py:545} INFO - Filling up the DagBag from /home/airflow/.local/lib/python3.12/site-packages/airflow/example_dags/example_setup_teardown.py
[2024-07-13T01:35:07.785+0000] {processor.py:840} INFO - DAG(s) 'example_setup_teardown' retrieved from /home/airflow/.local/lib/python3.12/site-packages/airflow/example_dags/example_setup_teardown.py
[2024-07-13T01:35:07.805+0000] {logging_mixin.py:188} INFO - [2024-07-13T01:35:07.805+0000] {dag.py:3096} INFO - Sync 1 DAGs
[2024-07-13T01:35:07.827+0000] {logging_mixin.py:188} INFO - [2024-07-13T01:35:07.827+0000] {dag.py:3954} INFO - Setting next_dagrun for example_setup_teardown to 2024-07-12 00:00:00+00:00, run_after=2024-07-13 00:00:00+00:00
[2024-07-13T01:35:07.854+0000] {processor.py:183} INFO - Processing /home/airflow/.local/lib/python3.12/site-packages/airflow/example_dags/example_setup_teardown.py took 0.086 seconds
[2024-07-13T01:35:38.224+0000] {processor.py:161} INFO - Started process (PID=633) to work on /home/airflow/.local/lib/python3.12/site-packages/airflow/example_dags/example_setup_teardown.py
[2024-07-13T01:35:38.228+0000] {processor.py:830} INFO - Processing file /home/airflow/.local/lib/python3.12/site-packages/airflow/example_dags/example_setup_teardown.py for tasks to queue
[2024-07-13T01:35:38.232+0000] {logging_mixin.py:188} INFO - [2024-07-13T01:35:38.231+0000] {dagbag.py:545} INFO - Filling up the DagBag from /home/airflow/.local/lib/python3.12/site-packages/airflow/example_dags/example_setup_teardown.py
[2024-07-13T01:35:38.248+0000] {processor.py:840} INFO - DAG(s) 'example_setup_teardown' retrieved from /home/airflow/.local/lib/python3.12/site-packages/airflow/example_dags/example_setup_teardown.py
[2024-07-13T01:35:38.314+0000] {logging_mixin.py:188} INFO - [2024-07-13T01:35:38.314+0000] {dag.py:3096} INFO - Sync 1 DAGs
[2024-07-13T01:35:38.379+0000] {logging_mixin.py:188} INFO - [2024-07-13T01:35:38.379+0000] {dag.py:3954} INFO - Setting next_dagrun for example_setup_teardown to 2024-07-12 00:00:00+00:00, run_after=2024-07-13 00:00:00+00:00
[2024-07-13T01:35:38.418+0000] {processor.py:183} INFO - Processing /home/airflow/.local/lib/python3.12/site-packages/airflow/example_dags/example_setup_teardown.py took 0.204 seconds
[2024-07-13T01:36:09.021+0000] {processor.py:161} INFO - Started process (PID=694) to work on /home/airflow/.local/lib/python3.12/site-packages/airflow/example_dags/example_setup_teardown.py
[2024-07-13T01:36:09.022+0000] {processor.py:830} INFO - Processing file /home/airflow/.local/lib/python3.12/site-packages/airflow/example_dags/example_setup_teardown.py for tasks to queue
[2024-07-13T01:36:09.024+0000] {logging_mixin.py:188} INFO - [2024-07-13T01:36:09.023+0000] {dagbag.py:545} INFO - Filling up the DagBag from /home/airflow/.local/lib/python3.12/site-packages/airflow/example_dags/example_setup_teardown.py
[2024-07-13T01:36:09.031+0000] {processor.py:840} INFO - DAG(s) 'example_setup_teardown' retrieved from /home/airflow/.local/lib/python3.12/site-packages/airflow/example_dags/example_setup_teardown.py
[2024-07-13T01:36:09.051+0000] {logging_mixin.py:188} INFO - [2024-07-13T01:36:09.051+0000] {dag.py:3096} INFO - Sync 1 DAGs
[2024-07-13T01:36:09.067+0000] {logging_mixin.py:188} INFO - [2024-07-13T01:36:09.067+0000] {dag.py:3954} INFO - Setting next_dagrun for example_setup_teardown to 2024-07-12 00:00:00+00:00, run_after=2024-07-13 00:00:00+00:00
[2024-07-13T01:36:09.091+0000] {processor.py:183} INFO - Processing /home/airflow/.local/lib/python3.12/site-packages/airflow/example_dags/example_setup_teardown.py took 0.074 seconds
[2024-07-13T01:36:39.373+0000] {processor.py:161} INFO - Started process (PID=756) to work on /home/airflow/.local/lib/python3.12/site-packages/airflow/example_dags/example_setup_teardown.py
[2024-07-13T01:36:39.378+0000] {processor.py:830} INFO - Processing file /home/airflow/.local/lib/python3.12/site-packages/airflow/example_dags/example_setup_teardown.py for tasks to queue
[2024-07-13T01:36:39.380+0000] {logging_mixin.py:188} INFO - [2024-07-13T01:36:39.380+0000] {dagbag.py:545} INFO - Filling up the DagBag from /home/airflow/.local/lib/python3.12/site-packages/airflow/example_dags/example_setup_teardown.py
[2024-07-13T01:36:39.393+0000] {processor.py:840} INFO - DAG(s) 'example_setup_teardown' retrieved from /home/airflow/.local/lib/python3.12/site-packages/airflow/example_dags/example_setup_teardown.py
[2024-07-13T01:36:39.437+0000] {logging_mixin.py:188} INFO - [2024-07-13T01:36:39.437+0000] {dag.py:3096} INFO - Sync 1 DAGs
[2024-07-13T01:36:39.478+0000] {logging_mixin.py:188} INFO - [2024-07-13T01:36:39.478+0000] {dag.py:3954} INFO - Setting next_dagrun for example_setup_teardown to 2024-07-12 00:00:00+00:00, run_after=2024-07-13 00:00:00+00:00
[2024-07-13T01:36:39.511+0000] {processor.py:183} INFO - Processing /home/airflow/.local/lib/python3.12/site-packages/airflow/example_dags/example_setup_teardown.py took 0.156 seconds
[2024-07-13T01:37:09.843+0000] {processor.py:161} INFO - Started process (PID=816) to work on /home/airflow/.local/lib/python3.12/site-packages/airflow/example_dags/example_setup_teardown.py
[2024-07-13T01:37:09.843+0000] {processor.py:830} INFO - Processing file /home/airflow/.local/lib/python3.12/site-packages/airflow/example_dags/example_setup_teardown.py for tasks to queue
[2024-07-13T01:37:09.845+0000] {logging_mixin.py:188} INFO - [2024-07-13T01:37:09.845+0000] {dagbag.py:545} INFO - Filling up the DagBag from /home/airflow/.local/lib/python3.12/site-packages/airflow/example_dags/example_setup_teardown.py
[2024-07-13T01:37:09.852+0000] {processor.py:840} INFO - DAG(s) 'example_setup_teardown' retrieved from /home/airflow/.local/lib/python3.12/site-packages/airflow/example_dags/example_setup_teardown.py
[2024-07-13T01:37:09.886+0000] {logging_mixin.py:188} INFO - [2024-07-13T01:37:09.886+0000] {dag.py:3096} INFO - Sync 1 DAGs
[2024-07-13T01:37:09.914+0000] {logging_mixin.py:188} INFO - [2024-07-13T01:37:09.913+0000] {dag.py:3954} INFO - Setting next_dagrun for example_setup_teardown to 2024-07-12 00:00:00+00:00, run_after=2024-07-13 00:00:00+00:00
[2024-07-13T01:37:09.972+0000] {processor.py:183} INFO - Processing /home/airflow/.local/lib/python3.12/site-packages/airflow/example_dags/example_setup_teardown.py took 0.136 seconds
[2024-07-13T01:37:40.971+0000] {processor.py:161} INFO - Started process (PID=877) to work on /home/airflow/.local/lib/python3.12/site-packages/airflow/example_dags/example_setup_teardown.py
[2024-07-13T01:37:40.972+0000] {processor.py:830} INFO - Processing file /home/airflow/.local/lib/python3.12/site-packages/airflow/example_dags/example_setup_teardown.py for tasks to queue
[2024-07-13T01:37:40.974+0000] {logging_mixin.py:188} INFO - [2024-07-13T01:37:40.974+0000] {dagbag.py:545} INFO - Filling up the DagBag from /home/airflow/.local/lib/python3.12/site-packages/airflow/example_dags/example_setup_teardown.py
[2024-07-13T01:37:40.987+0000] {processor.py:840} INFO - DAG(s) 'example_setup_teardown' retrieved from /home/airflow/.local/lib/python3.12/site-packages/airflow/example_dags/example_setup_teardown.py
[2024-07-13T01:37:41.010+0000] {logging_mixin.py:188} INFO - [2024-07-13T01:37:41.010+0000] {dag.py:3096} INFO - Sync 1 DAGs
[2024-07-13T01:37:41.033+0000] {logging_mixin.py:188} INFO - [2024-07-13T01:37:41.033+0000] {dag.py:3954} INFO - Setting next_dagrun for example_setup_teardown to 2024-07-12 00:00:00+00:00, run_after=2024-07-13 00:00:00+00:00
[2024-07-13T01:37:41.064+0000] {processor.py:183} INFO - Processing /home/airflow/.local/lib/python3.12/site-packages/airflow/example_dags/example_setup_teardown.py took 0.099 seconds
[2024-07-13T01:38:12.020+0000] {processor.py:161} INFO - Started process (PID=939) to work on /home/airflow/.local/lib/python3.12/site-packages/airflow/example_dags/example_setup_teardown.py
[2024-07-13T01:38:12.021+0000] {processor.py:830} INFO - Processing file /home/airflow/.local/lib/python3.12/site-packages/airflow/example_dags/example_setup_teardown.py for tasks to queue
[2024-07-13T01:38:12.023+0000] {logging_mixin.py:188} INFO - [2024-07-13T01:38:12.023+0000] {dagbag.py:545} INFO - Filling up the DagBag from /home/airflow/.local/lib/python3.12/site-packages/airflow/example_dags/example_setup_teardown.py
[2024-07-13T01:38:12.030+0000] {processor.py:840} INFO - DAG(s) 'example_setup_teardown' retrieved from /home/airflow/.local/lib/python3.12/site-packages/airflow/example_dags/example_setup_teardown.py
[2024-07-13T01:38:12.051+0000] {logging_mixin.py:188} INFO - [2024-07-13T01:38:12.051+0000] {dag.py:3096} INFO - Sync 1 DAGs
[2024-07-13T01:38:12.238+0000] {logging_mixin.py:188} INFO - [2024-07-13T01:38:12.238+0000] {dag.py:3954} INFO - Setting next_dagrun for example_setup_teardown to 2024-07-12 00:00:00+00:00, run_after=2024-07-13 00:00:00+00:00
[2024-07-13T01:38:12.263+0000] {processor.py:183} INFO - Processing /home/airflow/.local/lib/python3.12/site-packages/airflow/example_dags/example_setup_teardown.py took 0.248 seconds
[2024-07-13T01:38:42.389+0000] {processor.py:161} INFO - Started process (PID=1000) to work on /home/airflow/.local/lib/python3.12/site-packages/airflow/example_dags/example_setup_teardown.py
[2024-07-13T01:38:42.390+0000] {processor.py:830} INFO - Processing file /home/airflow/.local/lib/python3.12/site-packages/airflow/example_dags/example_setup_teardown.py for tasks to queue
[2024-07-13T01:38:42.392+0000] {logging_mixin.py:188} INFO - [2024-07-13T01:38:42.392+0000] {dagbag.py:545} INFO - Filling up the DagBag from /home/airflow/.local/lib/python3.12/site-packages/airflow/example_dags/example_setup_teardown.py
[2024-07-13T01:38:42.399+0000] {processor.py:840} INFO - DAG(s) 'example_setup_teardown' retrieved from /home/airflow/.local/lib/python3.12/site-packages/airflow/example_dags/example_setup_teardown.py
[2024-07-13T01:38:42.421+0000] {logging_mixin.py:188} INFO - [2024-07-13T01:38:42.421+0000] {dag.py:3096} INFO - Sync 1 DAGs
[2024-07-13T01:38:42.671+0000] {logging_mixin.py:188} INFO - [2024-07-13T01:38:42.671+0000] {dag.py:3954} INFO - Setting next_dagrun for example_setup_teardown to 2024-07-12 00:00:00+00:00, run_after=2024-07-13 00:00:00+00:00
[2024-07-13T01:38:42.698+0000] {processor.py:183} INFO - Processing /home/airflow/.local/lib/python3.12/site-packages/airflow/example_dags/example_setup_teardown.py took 0.314 seconds
[2024-07-13T01:39:14.088+0000] {processor.py:161} INFO - Started process (PID=1062) to work on /home/airflow/.local/lib/python3.12/site-packages/airflow/example_dags/example_setup_teardown.py
[2024-07-13T01:39:14.089+0000] {processor.py:830} INFO - Processing file /home/airflow/.local/lib/python3.12/site-packages/airflow/example_dags/example_setup_teardown.py for tasks to queue
[2024-07-13T01:39:14.091+0000] {logging_mixin.py:188} INFO - [2024-07-13T01:39:14.090+0000] {dagbag.py:545} INFO - Filling up the DagBag from /home/airflow/.local/lib/python3.12/site-packages/airflow/example_dags/example_setup_teardown.py
[2024-07-13T01:39:14.098+0000] {processor.py:840} INFO - DAG(s) 'example_setup_teardown' retrieved from /home/airflow/.local/lib/python3.12/site-packages/airflow/example_dags/example_setup_teardown.py
[2024-07-13T01:39:14.116+0000] {logging_mixin.py:188} INFO - [2024-07-13T01:39:14.116+0000] {dag.py:3096} INFO - Sync 1 DAGs
[2024-07-13T01:39:14.134+0000] {logging_mixin.py:188} INFO - [2024-07-13T01:39:14.134+0000] {dag.py:3954} INFO - Setting next_dagrun for example_setup_teardown to 2024-07-12 00:00:00+00:00, run_after=2024-07-13 00:00:00+00:00
[2024-07-13T01:39:14.305+0000] {processor.py:183} INFO - Processing /home/airflow/.local/lib/python3.12/site-packages/airflow/example_dags/example_setup_teardown.py took 0.223 seconds
[2024-07-13T01:43:05.614+0000] {processor.py:161} INFO - Started process (PID=79) to work on /home/airflow/.local/lib/python3.12/site-packages/airflow/example_dags/example_setup_teardown.py
[2024-07-13T01:43:05.614+0000] {processor.py:830} INFO - Processing file /home/airflow/.local/lib/python3.12/site-packages/airflow/example_dags/example_setup_teardown.py for tasks to queue
[2024-07-13T01:43:05.617+0000] {logging_mixin.py:188} INFO - [2024-07-13T01:43:05.616+0000] {dagbag.py:545} INFO - Filling up the DagBag from /home/airflow/.local/lib/python3.12/site-packages/airflow/example_dags/example_setup_teardown.py
[2024-07-13T01:43:05.623+0000] {processor.py:840} INFO - DAG(s) 'example_setup_teardown' retrieved from /home/airflow/.local/lib/python3.12/site-packages/airflow/example_dags/example_setup_teardown.py
[2024-07-13T01:43:05.753+0000] {logging_mixin.py:188} INFO - [2024-07-13T01:43:05.752+0000] {dag.py:3096} INFO - Sync 1 DAGs
[2024-07-13T01:43:05.782+0000] {logging_mixin.py:188} INFO - [2024-07-13T01:43:05.782+0000] {dag.py:3954} INFO - Setting next_dagrun for example_setup_teardown to 2024-07-12 00:00:00+00:00, run_after=2024-07-13 00:00:00+00:00
[2024-07-13T01:43:05.808+0000] {processor.py:183} INFO - Processing /home/airflow/.local/lib/python3.12/site-packages/airflow/example_dags/example_setup_teardown.py took 0.200 seconds
[2024-07-13T01:43:36.202+0000] {processor.py:161} INFO - Started process (PID=141) to work on /home/airflow/.local/lib/python3.12/site-packages/airflow/example_dags/example_setup_teardown.py
[2024-07-13T01:43:36.203+0000] {processor.py:830} INFO - Processing file /home/airflow/.local/lib/python3.12/site-packages/airflow/example_dags/example_setup_teardown.py for tasks to queue
[2024-07-13T01:43:36.205+0000] {logging_mixin.py:188} INFO - [2024-07-13T01:43:36.205+0000] {dagbag.py:545} INFO - Filling up the DagBag from /home/airflow/.local/lib/python3.12/site-packages/airflow/example_dags/example_setup_teardown.py
[2024-07-13T01:43:36.221+0000] {processor.py:840} INFO - DAG(s) 'example_setup_teardown' retrieved from /home/airflow/.local/lib/python3.12/site-packages/airflow/example_dags/example_setup_teardown.py
[2024-07-13T01:43:36.268+0000] {logging_mixin.py:188} INFO - [2024-07-13T01:43:36.268+0000] {dag.py:3096} INFO - Sync 1 DAGs
[2024-07-13T01:43:36.293+0000] {logging_mixin.py:188} INFO - [2024-07-13T01:43:36.292+0000] {dag.py:3954} INFO - Setting next_dagrun for example_setup_teardown to 2024-07-12 00:00:00+00:00, run_after=2024-07-13 00:00:00+00:00
[2024-07-13T01:43:36.324+0000] {processor.py:183} INFO - Processing /home/airflow/.local/lib/python3.12/site-packages/airflow/example_dags/example_setup_teardown.py took 0.128 seconds
[2024-07-13T01:44:09.979+0000] {processor.py:161} INFO - Started process (PID=202) to work on /home/airflow/.local/lib/python3.12/site-packages/airflow/example_dags/example_setup_teardown.py
[2024-07-13T01:44:09.980+0000] {processor.py:830} INFO - Processing file /home/airflow/.local/lib/python3.12/site-packages/airflow/example_dags/example_setup_teardown.py for tasks to queue
[2024-07-13T01:44:09.982+0000] {logging_mixin.py:188} INFO - [2024-07-13T01:44:09.981+0000] {dagbag.py:545} INFO - Filling up the DagBag from /home/airflow/.local/lib/python3.12/site-packages/airflow/example_dags/example_setup_teardown.py
[2024-07-13T01:44:09.989+0000] {processor.py:840} INFO - DAG(s) 'example_setup_teardown' retrieved from /home/airflow/.local/lib/python3.12/site-packages/airflow/example_dags/example_setup_teardown.py
[2024-07-13T01:44:10.012+0000] {logging_mixin.py:188} INFO - [2024-07-13T01:44:10.011+0000] {dag.py:3096} INFO - Sync 1 DAGs
[2024-07-13T01:44:10.035+0000] {logging_mixin.py:188} INFO - [2024-07-13T01:44:10.034+0000] {dag.py:3954} INFO - Setting next_dagrun for example_setup_teardown to 2024-07-12 00:00:00+00:00, run_after=2024-07-13 00:00:00+00:00
[2024-07-13T01:44:10.063+0000] {processor.py:183} INFO - Processing /home/airflow/.local/lib/python3.12/site-packages/airflow/example_dags/example_setup_teardown.py took 0.091 seconds
[2024-07-13T01:44:40.875+0000] {processor.py:161} INFO - Started process (PID=260) to work on /home/airflow/.local/lib/python3.12/site-packages/airflow/example_dags/example_setup_teardown.py
[2024-07-13T01:44:40.876+0000] {processor.py:830} INFO - Processing file /home/airflow/.local/lib/python3.12/site-packages/airflow/example_dags/example_setup_teardown.py for tasks to queue
[2024-07-13T01:44:40.878+0000] {logging_mixin.py:188} INFO - [2024-07-13T01:44:40.878+0000] {dagbag.py:545} INFO - Filling up the DagBag from /home/airflow/.local/lib/python3.12/site-packages/airflow/example_dags/example_setup_teardown.py
[2024-07-13T01:44:40.886+0000] {processor.py:840} INFO - DAG(s) 'example_setup_teardown' retrieved from /home/airflow/.local/lib/python3.12/site-packages/airflow/example_dags/example_setup_teardown.py
[2024-07-13T01:44:40.910+0000] {logging_mixin.py:188} INFO - [2024-07-13T01:44:40.909+0000] {dag.py:3096} INFO - Sync 1 DAGs
[2024-07-13T01:44:40.961+0000] {logging_mixin.py:188} INFO - [2024-07-13T01:44:40.960+0000] {dag.py:3954} INFO - Setting next_dagrun for example_setup_teardown to 2024-07-12 00:00:00+00:00, run_after=2024-07-13 00:00:00+00:00
[2024-07-13T01:44:41.061+0000] {processor.py:183} INFO - Processing /home/airflow/.local/lib/python3.12/site-packages/airflow/example_dags/example_setup_teardown.py took 0.219 seconds
[2024-07-13T01:45:11.289+0000] {processor.py:161} INFO - Started process (PID=321) to work on /home/airflow/.local/lib/python3.12/site-packages/airflow/example_dags/example_setup_teardown.py
[2024-07-13T01:45:11.290+0000] {processor.py:830} INFO - Processing file /home/airflow/.local/lib/python3.12/site-packages/airflow/example_dags/example_setup_teardown.py for tasks to queue
[2024-07-13T01:45:11.292+0000] {logging_mixin.py:188} INFO - [2024-07-13T01:45:11.292+0000] {dagbag.py:545} INFO - Filling up the DagBag from /home/airflow/.local/lib/python3.12/site-packages/airflow/example_dags/example_setup_teardown.py
[2024-07-13T01:45:11.299+0000] {processor.py:840} INFO - DAG(s) 'example_setup_teardown' retrieved from /home/airflow/.local/lib/python3.12/site-packages/airflow/example_dags/example_setup_teardown.py
[2024-07-13T01:45:11.322+0000] {logging_mixin.py:188} INFO - [2024-07-13T01:45:11.322+0000] {dag.py:3096} INFO - Sync 1 DAGs
[2024-07-13T01:45:11.344+0000] {logging_mixin.py:188} INFO - [2024-07-13T01:45:11.344+0000] {dag.py:3954} INFO - Setting next_dagrun for example_setup_teardown to 2024-07-12 00:00:00+00:00, run_after=2024-07-13 00:00:00+00:00
[2024-07-13T01:45:11.370+0000] {processor.py:183} INFO - Processing /home/airflow/.local/lib/python3.12/site-packages/airflow/example_dags/example_setup_teardown.py took 0.086 seconds
[2024-07-13T01:45:42.133+0000] {processor.py:161} INFO - Started process (PID=382) to work on /home/airflow/.local/lib/python3.12/site-packages/airflow/example_dags/example_setup_teardown.py
[2024-07-13T01:45:42.142+0000] {processor.py:830} INFO - Processing file /home/airflow/.local/lib/python3.12/site-packages/airflow/example_dags/example_setup_teardown.py for tasks to queue
[2024-07-13T01:45:42.144+0000] {logging_mixin.py:188} INFO - [2024-07-13T01:45:42.144+0000] {dagbag.py:545} INFO - Filling up the DagBag from /home/airflow/.local/lib/python3.12/site-packages/airflow/example_dags/example_setup_teardown.py
[2024-07-13T01:45:42.162+0000] {processor.py:840} INFO - DAG(s) 'example_setup_teardown' retrieved from /home/airflow/.local/lib/python3.12/site-packages/airflow/example_dags/example_setup_teardown.py
[2024-07-13T01:45:42.236+0000] {logging_mixin.py:188} INFO - [2024-07-13T01:45:42.236+0000] {dag.py:3096} INFO - Sync 1 DAGs
[2024-07-13T01:45:42.281+0000] {logging_mixin.py:188} INFO - [2024-07-13T01:45:42.281+0000] {dag.py:3954} INFO - Setting next_dagrun for example_setup_teardown to 2024-07-12 00:00:00+00:00, run_after=2024-07-13 00:00:00+00:00
[2024-07-13T01:45:42.324+0000] {processor.py:183} INFO - Processing /home/airflow/.local/lib/python3.12/site-packages/airflow/example_dags/example_setup_teardown.py took 0.201 seconds
[2024-07-13T01:46:13.021+0000] {processor.py:161} INFO - Started process (PID=443) to work on /home/airflow/.local/lib/python3.12/site-packages/airflow/example_dags/example_setup_teardown.py
[2024-07-13T01:46:13.024+0000] {processor.py:830} INFO - Processing file /home/airflow/.local/lib/python3.12/site-packages/airflow/example_dags/example_setup_teardown.py for tasks to queue
[2024-07-13T01:46:13.027+0000] {logging_mixin.py:188} INFO - [2024-07-13T01:46:13.026+0000] {dagbag.py:545} INFO - Filling up the DagBag from /home/airflow/.local/lib/python3.12/site-packages/airflow/example_dags/example_setup_teardown.py
[2024-07-13T01:46:13.034+0000] {processor.py:840} INFO - DAG(s) 'example_setup_teardown' retrieved from /home/airflow/.local/lib/python3.12/site-packages/airflow/example_dags/example_setup_teardown.py
[2024-07-13T01:46:13.054+0000] {logging_mixin.py:188} INFO - [2024-07-13T01:46:13.054+0000] {dag.py:3096} INFO - Sync 1 DAGs
[2024-07-13T01:46:13.081+0000] {logging_mixin.py:188} INFO - [2024-07-13T01:46:13.079+0000] {dag.py:3954} INFO - Setting next_dagrun for example_setup_teardown to 2024-07-12 00:00:00+00:00, run_after=2024-07-13 00:00:00+00:00
[2024-07-13T01:46:13.113+0000] {processor.py:183} INFO - Processing /home/airflow/.local/lib/python3.12/site-packages/airflow/example_dags/example_setup_teardown.py took 0.099 seconds
[2024-07-13T01:46:43.881+0000] {processor.py:161} INFO - Started process (PID=504) to work on /home/airflow/.local/lib/python3.12/site-packages/airflow/example_dags/example_setup_teardown.py
[2024-07-13T01:46:43.882+0000] {processor.py:830} INFO - Processing file /home/airflow/.local/lib/python3.12/site-packages/airflow/example_dags/example_setup_teardown.py for tasks to queue
[2024-07-13T01:46:43.884+0000] {logging_mixin.py:188} INFO - [2024-07-13T01:46:43.883+0000] {dagbag.py:545} INFO - Filling up the DagBag from /home/airflow/.local/lib/python3.12/site-packages/airflow/example_dags/example_setup_teardown.py
[2024-07-13T01:46:43.890+0000] {processor.py:840} INFO - DAG(s) 'example_setup_teardown' retrieved from /home/airflow/.local/lib/python3.12/site-packages/airflow/example_dags/example_setup_teardown.py
[2024-07-13T01:46:43.911+0000] {logging_mixin.py:188} INFO - [2024-07-13T01:46:43.911+0000] {dag.py:3096} INFO - Sync 1 DAGs
[2024-07-13T01:46:43.931+0000] {logging_mixin.py:188} INFO - [2024-07-13T01:46:43.931+0000] {dag.py:3954} INFO - Setting next_dagrun for example_setup_teardown to 2024-07-12 00:00:00+00:00, run_after=2024-07-13 00:00:00+00:00
[2024-07-13T01:46:43.955+0000] {processor.py:183} INFO - Processing /home/airflow/.local/lib/python3.12/site-packages/airflow/example_dags/example_setup_teardown.py took 0.080 seconds
[2024-07-13T01:47:14.686+0000] {processor.py:161} INFO - Started process (PID=565) to work on /home/airflow/.local/lib/python3.12/site-packages/airflow/example_dags/example_setup_teardown.py
[2024-07-13T01:47:14.687+0000] {processor.py:830} INFO - Processing file /home/airflow/.local/lib/python3.12/site-packages/airflow/example_dags/example_setup_teardown.py for tasks to queue
[2024-07-13T01:47:14.688+0000] {logging_mixin.py:188} INFO - [2024-07-13T01:47:14.688+0000] {dagbag.py:545} INFO - Filling up the DagBag from /home/airflow/.local/lib/python3.12/site-packages/airflow/example_dags/example_setup_teardown.py
[2024-07-13T01:47:14.695+0000] {processor.py:840} INFO - DAG(s) 'example_setup_teardown' retrieved from /home/airflow/.local/lib/python3.12/site-packages/airflow/example_dags/example_setup_teardown.py
[2024-07-13T01:47:14.723+0000] {logging_mixin.py:188} INFO - [2024-07-13T01:47:14.723+0000] {dag.py:3096} INFO - Sync 1 DAGs
[2024-07-13T01:47:14.764+0000] {logging_mixin.py:188} INFO - [2024-07-13T01:47:14.763+0000] {dag.py:3954} INFO - Setting next_dagrun for example_setup_teardown to 2024-07-12 00:00:00+00:00, run_after=2024-07-13 00:00:00+00:00
[2024-07-13T01:47:14.806+0000] {processor.py:183} INFO - Processing /home/airflow/.local/lib/python3.12/site-packages/airflow/example_dags/example_setup_teardown.py took 0.126 seconds
[2024-07-13T01:47:45.113+0000] {processor.py:161} INFO - Started process (PID=627) to work on /home/airflow/.local/lib/python3.12/site-packages/airflow/example_dags/example_setup_teardown.py
[2024-07-13T01:47:45.113+0000] {processor.py:830} INFO - Processing file /home/airflow/.local/lib/python3.12/site-packages/airflow/example_dags/example_setup_teardown.py for tasks to queue
[2024-07-13T01:47:45.115+0000] {logging_mixin.py:188} INFO - [2024-07-13T01:47:45.115+0000] {dagbag.py:545} INFO - Filling up the DagBag from /home/airflow/.local/lib/python3.12/site-packages/airflow/example_dags/example_setup_teardown.py
[2024-07-13T01:47:45.122+0000] {processor.py:840} INFO - DAG(s) 'example_setup_teardown' retrieved from /home/airflow/.local/lib/python3.12/site-packages/airflow/example_dags/example_setup_teardown.py
[2024-07-13T01:47:45.145+0000] {logging_mixin.py:188} INFO - [2024-07-13T01:47:45.145+0000] {dag.py:3096} INFO - Sync 1 DAGs
[2024-07-13T01:47:45.166+0000] {logging_mixin.py:188} INFO - [2024-07-13T01:47:45.165+0000] {dag.py:3954} INFO - Setting next_dagrun for example_setup_teardown to 2024-07-12 00:00:00+00:00, run_after=2024-07-13 00:00:00+00:00
[2024-07-13T01:47:45.214+0000] {processor.py:183} INFO - Processing /home/airflow/.local/lib/python3.12/site-packages/airflow/example_dags/example_setup_teardown.py took 0.107 seconds
[2024-07-13T01:48:16.225+0000] {processor.py:161} INFO - Started process (PID=688) to work on /home/airflow/.local/lib/python3.12/site-packages/airflow/example_dags/example_setup_teardown.py
[2024-07-13T01:48:16.237+0000] {processor.py:830} INFO - Processing file /home/airflow/.local/lib/python3.12/site-packages/airflow/example_dags/example_setup_teardown.py for tasks to queue
[2024-07-13T01:48:16.239+0000] {logging_mixin.py:188} INFO - [2024-07-13T01:48:16.239+0000] {dagbag.py:545} INFO - Filling up the DagBag from /home/airflow/.local/lib/python3.12/site-packages/airflow/example_dags/example_setup_teardown.py
[2024-07-13T01:48:16.306+0000] {processor.py:840} INFO - DAG(s) 'example_setup_teardown' retrieved from /home/airflow/.local/lib/python3.12/site-packages/airflow/example_dags/example_setup_teardown.py
[2024-07-13T01:48:16.407+0000] {logging_mixin.py:188} INFO - [2024-07-13T01:48:16.407+0000] {dag.py:3096} INFO - Sync 1 DAGs
[2024-07-13T01:48:16.487+0000] {logging_mixin.py:188} INFO - [2024-07-13T01:48:16.486+0000] {dag.py:3954} INFO - Setting next_dagrun for example_setup_teardown to 2024-07-12 00:00:00+00:00, run_after=2024-07-13 00:00:00+00:00
[2024-07-13T01:48:16.567+0000] {processor.py:183} INFO - Processing /home/airflow/.local/lib/python3.12/site-packages/airflow/example_dags/example_setup_teardown.py took 0.357 seconds
[2024-07-13T01:48:46.852+0000] {processor.py:161} INFO - Started process (PID=749) to work on /home/airflow/.local/lib/python3.12/site-packages/airflow/example_dags/example_setup_teardown.py
[2024-07-13T01:48:46.853+0000] {processor.py:830} INFO - Processing file /home/airflow/.local/lib/python3.12/site-packages/airflow/example_dags/example_setup_teardown.py for tasks to queue
[2024-07-13T01:48:46.855+0000] {logging_mixin.py:188} INFO - [2024-07-13T01:48:46.854+0000] {dagbag.py:545} INFO - Filling up the DagBag from /home/airflow/.local/lib/python3.12/site-packages/airflow/example_dags/example_setup_teardown.py
[2024-07-13T01:48:46.859+0000] {processor.py:840} INFO - DAG(s) 'example_setup_teardown' retrieved from /home/airflow/.local/lib/python3.12/site-packages/airflow/example_dags/example_setup_teardown.py
[2024-07-13T01:48:46.875+0000] {logging_mixin.py:188} INFO - [2024-07-13T01:48:46.875+0000] {dag.py:3096} INFO - Sync 1 DAGs
[2024-07-13T01:48:46.890+0000] {logging_mixin.py:188} INFO - [2024-07-13T01:48:46.890+0000] {dag.py:3954} INFO - Setting next_dagrun for example_setup_teardown to 2024-07-12 00:00:00+00:00, run_after=2024-07-13 00:00:00+00:00
[2024-07-13T01:48:46.912+0000] {processor.py:183} INFO - Processing /home/airflow/.local/lib/python3.12/site-packages/airflow/example_dags/example_setup_teardown.py took 0.064 seconds
[2024-07-13T01:49:17.020+0000] {processor.py:161} INFO - Started process (PID=810) to work on /home/airflow/.local/lib/python3.12/site-packages/airflow/example_dags/example_setup_teardown.py
[2024-07-13T01:49:17.020+0000] {processor.py:830} INFO - Processing file /home/airflow/.local/lib/python3.12/site-packages/airflow/example_dags/example_setup_teardown.py for tasks to queue
[2024-07-13T01:49:17.022+0000] {logging_mixin.py:188} INFO - [2024-07-13T01:49:17.021+0000] {dagbag.py:545} INFO - Filling up the DagBag from /home/airflow/.local/lib/python3.12/site-packages/airflow/example_dags/example_setup_teardown.py
[2024-07-13T01:49:17.029+0000] {processor.py:840} INFO - DAG(s) 'example_setup_teardown' retrieved from /home/airflow/.local/lib/python3.12/site-packages/airflow/example_dags/example_setup_teardown.py
[2024-07-13T01:49:17.050+0000] {logging_mixin.py:188} INFO - [2024-07-13T01:49:17.049+0000] {dag.py:3096} INFO - Sync 1 DAGs
[2024-07-13T01:49:17.073+0000] {logging_mixin.py:188} INFO - [2024-07-13T01:49:17.072+0000] {dag.py:3954} INFO - Setting next_dagrun for example_setup_teardown to 2024-07-12 00:00:00+00:00, run_after=2024-07-13 00:00:00+00:00
[2024-07-13T01:49:17.099+0000] {processor.py:183} INFO - Processing /home/airflow/.local/lib/python3.12/site-packages/airflow/example_dags/example_setup_teardown.py took 0.084 seconds
[2024-07-13T01:49:47.738+0000] {processor.py:161} INFO - Started process (PID=871) to work on /home/airflow/.local/lib/python3.12/site-packages/airflow/example_dags/example_setup_teardown.py
[2024-07-13T01:49:47.738+0000] {processor.py:830} INFO - Processing file /home/airflow/.local/lib/python3.12/site-packages/airflow/example_dags/example_setup_teardown.py for tasks to queue
[2024-07-13T01:49:47.740+0000] {logging_mixin.py:188} INFO - [2024-07-13T01:49:47.740+0000] {dagbag.py:545} INFO - Filling up the DagBag from /home/airflow/.local/lib/python3.12/site-packages/airflow/example_dags/example_setup_teardown.py
[2024-07-13T01:49:47.747+0000] {processor.py:840} INFO - DAG(s) 'example_setup_teardown' retrieved from /home/airflow/.local/lib/python3.12/site-packages/airflow/example_dags/example_setup_teardown.py
[2024-07-13T01:49:47.769+0000] {logging_mixin.py:188} INFO - [2024-07-13T01:49:47.769+0000] {dag.py:3096} INFO - Sync 1 DAGs
[2024-07-13T01:49:47.792+0000] {logging_mixin.py:188} INFO - [2024-07-13T01:49:47.792+0000] {dag.py:3954} INFO - Setting next_dagrun for example_setup_teardown to 2024-07-12 00:00:00+00:00, run_after=2024-07-13 00:00:00+00:00
[2024-07-13T01:49:47.815+0000] {processor.py:183} INFO - Processing /home/airflow/.local/lib/python3.12/site-packages/airflow/example_dags/example_setup_teardown.py took 0.084 seconds
[2024-07-13T01:50:18.258+0000] {processor.py:161} INFO - Started process (PID=933) to work on /home/airflow/.local/lib/python3.12/site-packages/airflow/example_dags/example_setup_teardown.py
[2024-07-13T01:50:18.259+0000] {processor.py:830} INFO - Processing file /home/airflow/.local/lib/python3.12/site-packages/airflow/example_dags/example_setup_teardown.py for tasks to queue
[2024-07-13T01:50:18.262+0000] {logging_mixin.py:188} INFO - [2024-07-13T01:50:18.262+0000] {dagbag.py:545} INFO - Filling up the DagBag from /home/airflow/.local/lib/python3.12/site-packages/airflow/example_dags/example_setup_teardown.py
[2024-07-13T01:50:18.271+0000] {processor.py:840} INFO - DAG(s) 'example_setup_teardown' retrieved from /home/airflow/.local/lib/python3.12/site-packages/airflow/example_dags/example_setup_teardown.py
[2024-07-13T01:50:18.294+0000] {logging_mixin.py:188} INFO - [2024-07-13T01:50:18.294+0000] {dag.py:3096} INFO - Sync 1 DAGs
[2024-07-13T01:50:18.318+0000] {logging_mixin.py:188} INFO - [2024-07-13T01:50:18.318+0000] {dag.py:3954} INFO - Setting next_dagrun for example_setup_teardown to 2024-07-12 00:00:00+00:00, run_after=2024-07-13 00:00:00+00:00
[2024-07-13T01:50:18.344+0000] {processor.py:183} INFO - Processing /home/airflow/.local/lib/python3.12/site-packages/airflow/example_dags/example_setup_teardown.py took 0.091 seconds
[2024-07-13T01:50:49.296+0000] {processor.py:161} INFO - Started process (PID=998) to work on /home/airflow/.local/lib/python3.12/site-packages/airflow/example_dags/example_setup_teardown.py
[2024-07-13T01:50:49.297+0000] {processor.py:830} INFO - Processing file /home/airflow/.local/lib/python3.12/site-packages/airflow/example_dags/example_setup_teardown.py for tasks to queue
[2024-07-13T01:50:49.303+0000] {logging_mixin.py:188} INFO - [2024-07-13T01:50:49.303+0000] {dagbag.py:545} INFO - Filling up the DagBag from /home/airflow/.local/lib/python3.12/site-packages/airflow/example_dags/example_setup_teardown.py
[2024-07-13T01:50:49.310+0000] {processor.py:840} INFO - DAG(s) 'example_setup_teardown' retrieved from /home/airflow/.local/lib/python3.12/site-packages/airflow/example_dags/example_setup_teardown.py
[2024-07-13T01:50:49.351+0000] {logging_mixin.py:188} INFO - [2024-07-13T01:50:49.351+0000] {dag.py:3096} INFO - Sync 1 DAGs
[2024-07-13T01:50:49.411+0000] {logging_mixin.py:188} INFO - [2024-07-13T01:50:49.411+0000] {dag.py:3954} INFO - Setting next_dagrun for example_setup_teardown to 2024-07-12 00:00:00+00:00, run_after=2024-07-13 00:00:00+00:00
[2024-07-13T01:50:49.459+0000] {processor.py:183} INFO - Processing /home/airflow/.local/lib/python3.12/site-packages/airflow/example_dags/example_setup_teardown.py took 0.178 seconds
[2024-07-13T01:51:19.661+0000] {processor.py:161} INFO - Started process (PID=1058) to work on /home/airflow/.local/lib/python3.12/site-packages/airflow/example_dags/example_setup_teardown.py
[2024-07-13T01:51:19.663+0000] {processor.py:830} INFO - Processing file /home/airflow/.local/lib/python3.12/site-packages/airflow/example_dags/example_setup_teardown.py for tasks to queue
[2024-07-13T01:51:19.664+0000] {logging_mixin.py:188} INFO - [2024-07-13T01:51:19.664+0000] {dagbag.py:545} INFO - Filling up the DagBag from /home/airflow/.local/lib/python3.12/site-packages/airflow/example_dags/example_setup_teardown.py
[2024-07-13T01:51:19.679+0000] {processor.py:840} INFO - DAG(s) 'example_setup_teardown' retrieved from /home/airflow/.local/lib/python3.12/site-packages/airflow/example_dags/example_setup_teardown.py
[2024-07-13T01:51:19.725+0000] {logging_mixin.py:188} INFO - [2024-07-13T01:51:19.725+0000] {dag.py:3096} INFO - Sync 1 DAGs
[2024-07-13T01:51:19.753+0000] {logging_mixin.py:188} INFO - [2024-07-13T01:51:19.753+0000] {dag.py:3954} INFO - Setting next_dagrun for example_setup_teardown to 2024-07-12 00:00:00+00:00, run_after=2024-07-13 00:00:00+00:00
[2024-07-13T01:51:19.793+0000] {processor.py:183} INFO - Processing /home/airflow/.local/lib/python3.12/site-packages/airflow/example_dags/example_setup_teardown.py took 0.171 seconds
[2024-07-13T01:51:50.285+0000] {processor.py:161} INFO - Started process (PID=1118) to work on /home/airflow/.local/lib/python3.12/site-packages/airflow/example_dags/example_setup_teardown.py
[2024-07-13T01:51:50.286+0000] {processor.py:830} INFO - Processing file /home/airflow/.local/lib/python3.12/site-packages/airflow/example_dags/example_setup_teardown.py for tasks to queue
[2024-07-13T01:51:50.288+0000] {logging_mixin.py:188} INFO - [2024-07-13T01:51:50.287+0000] {dagbag.py:545} INFO - Filling up the DagBag from /home/airflow/.local/lib/python3.12/site-packages/airflow/example_dags/example_setup_teardown.py
[2024-07-13T01:51:50.294+0000] {processor.py:840} INFO - DAG(s) 'example_setup_teardown' retrieved from /home/airflow/.local/lib/python3.12/site-packages/airflow/example_dags/example_setup_teardown.py
[2024-07-13T01:51:50.318+0000] {logging_mixin.py:188} INFO - [2024-07-13T01:51:50.318+0000] {dag.py:3096} INFO - Sync 1 DAGs
[2024-07-13T01:51:50.340+0000] {logging_mixin.py:188} INFO - [2024-07-13T01:51:50.340+0000] {dag.py:3954} INFO - Setting next_dagrun for example_setup_teardown to 2024-07-12 00:00:00+00:00, run_after=2024-07-13 00:00:00+00:00
[2024-07-13T01:51:50.367+0000] {processor.py:183} INFO - Processing /home/airflow/.local/lib/python3.12/site-packages/airflow/example_dags/example_setup_teardown.py took 0.087 seconds
[2024-07-13T01:52:20.649+0000] {processor.py:161} INFO - Started process (PID=1179) to work on /home/airflow/.local/lib/python3.12/site-packages/airflow/example_dags/example_setup_teardown.py
[2024-07-13T01:52:20.650+0000] {processor.py:830} INFO - Processing file /home/airflow/.local/lib/python3.12/site-packages/airflow/example_dags/example_setup_teardown.py for tasks to queue
[2024-07-13T01:52:20.652+0000] {logging_mixin.py:188} INFO - [2024-07-13T01:52:20.651+0000] {dagbag.py:545} INFO - Filling up the DagBag from /home/airflow/.local/lib/python3.12/site-packages/airflow/example_dags/example_setup_teardown.py
[2024-07-13T01:52:20.658+0000] {processor.py:840} INFO - DAG(s) 'example_setup_teardown' retrieved from /home/airflow/.local/lib/python3.12/site-packages/airflow/example_dags/example_setup_teardown.py
[2024-07-13T01:52:20.677+0000] {logging_mixin.py:188} INFO - [2024-07-13T01:52:20.677+0000] {dag.py:3096} INFO - Sync 1 DAGs
[2024-07-13T01:52:20.698+0000] {logging_mixin.py:188} INFO - [2024-07-13T01:52:20.698+0000] {dag.py:3954} INFO - Setting next_dagrun for example_setup_teardown to 2024-07-12 00:00:00+00:00, run_after=2024-07-13 00:00:00+00:00
[2024-07-13T01:52:20.731+0000] {processor.py:183} INFO - Processing /home/airflow/.local/lib/python3.12/site-packages/airflow/example_dags/example_setup_teardown.py took 0.088 seconds
[2024-07-13T01:52:51.105+0000] {processor.py:161} INFO - Started process (PID=1240) to work on /home/airflow/.local/lib/python3.12/site-packages/airflow/example_dags/example_setup_teardown.py
[2024-07-13T01:52:51.108+0000] {processor.py:830} INFO - Processing file /home/airflow/.local/lib/python3.12/site-packages/airflow/example_dags/example_setup_teardown.py for tasks to queue
[2024-07-13T01:52:51.110+0000] {logging_mixin.py:188} INFO - [2024-07-13T01:52:51.109+0000] {dagbag.py:545} INFO - Filling up the DagBag from /home/airflow/.local/lib/python3.12/site-packages/airflow/example_dags/example_setup_teardown.py
[2024-07-13T01:52:51.118+0000] {processor.py:840} INFO - DAG(s) 'example_setup_teardown' retrieved from /home/airflow/.local/lib/python3.12/site-packages/airflow/example_dags/example_setup_teardown.py
[2024-07-13T01:52:51.151+0000] {logging_mixin.py:188} INFO - [2024-07-13T01:52:51.151+0000] {dag.py:3096} INFO - Sync 1 DAGs
[2024-07-13T01:52:51.205+0000] {logging_mixin.py:188} INFO - [2024-07-13T01:52:51.205+0000] {dag.py:3954} INFO - Setting next_dagrun for example_setup_teardown to 2024-07-12 00:00:00+00:00, run_after=2024-07-13 00:00:00+00:00
[2024-07-13T01:52:51.253+0000] {processor.py:183} INFO - Processing /home/airflow/.local/lib/python3.12/site-packages/airflow/example_dags/example_setup_teardown.py took 0.154 seconds
[2024-07-13T01:53:21.437+0000] {processor.py:161} INFO - Started process (PID=1301) to work on /home/airflow/.local/lib/python3.12/site-packages/airflow/example_dags/example_setup_teardown.py
[2024-07-13T01:53:21.443+0000] {processor.py:830} INFO - Processing file /home/airflow/.local/lib/python3.12/site-packages/airflow/example_dags/example_setup_teardown.py for tasks to queue
[2024-07-13T01:53:21.444+0000] {logging_mixin.py:188} INFO - [2024-07-13T01:53:21.444+0000] {dagbag.py:545} INFO - Filling up the DagBag from /home/airflow/.local/lib/python3.12/site-packages/airflow/example_dags/example_setup_teardown.py
[2024-07-13T01:53:21.459+0000] {processor.py:840} INFO - DAG(s) 'example_setup_teardown' retrieved from /home/airflow/.local/lib/python3.12/site-packages/airflow/example_dags/example_setup_teardown.py
[2024-07-13T01:53:21.508+0000] {logging_mixin.py:188} INFO - [2024-07-13T01:53:21.507+0000] {dag.py:3096} INFO - Sync 1 DAGs
[2024-07-13T01:53:21.557+0000] {logging_mixin.py:188} INFO - [2024-07-13T01:53:21.556+0000] {dag.py:3954} INFO - Setting next_dagrun for example_setup_teardown to 2024-07-12 00:00:00+00:00, run_after=2024-07-13 00:00:00+00:00
[2024-07-13T01:53:21.601+0000] {processor.py:183} INFO - Processing /home/airflow/.local/lib/python3.12/site-packages/airflow/example_dags/example_setup_teardown.py took 0.178 seconds
[2024-07-13T01:53:52.289+0000] {processor.py:161} INFO - Started process (PID=1362) to work on /home/airflow/.local/lib/python3.12/site-packages/airflow/example_dags/example_setup_teardown.py
[2024-07-13T01:53:52.291+0000] {processor.py:830} INFO - Processing file /home/airflow/.local/lib/python3.12/site-packages/airflow/example_dags/example_setup_teardown.py for tasks to queue
[2024-07-13T01:53:52.293+0000] {logging_mixin.py:188} INFO - [2024-07-13T01:53:52.292+0000] {dagbag.py:545} INFO - Filling up the DagBag from /home/airflow/.local/lib/python3.12/site-packages/airflow/example_dags/example_setup_teardown.py
[2024-07-13T01:53:52.300+0000] {processor.py:840} INFO - DAG(s) 'example_setup_teardown' retrieved from /home/airflow/.local/lib/python3.12/site-packages/airflow/example_dags/example_setup_teardown.py
[2024-07-13T01:53:52.321+0000] {logging_mixin.py:188} INFO - [2024-07-13T01:53:52.320+0000] {dag.py:3096} INFO - Sync 1 DAGs
[2024-07-13T01:53:52.343+0000] {logging_mixin.py:188} INFO - [2024-07-13T01:53:52.343+0000] {dag.py:3954} INFO - Setting next_dagrun for example_setup_teardown to 2024-07-12 00:00:00+00:00, run_after=2024-07-13 00:00:00+00:00
[2024-07-13T01:53:52.369+0000] {processor.py:183} INFO - Processing /home/airflow/.local/lib/python3.12/site-packages/airflow/example_dags/example_setup_teardown.py took 0.086 seconds
[2024-07-13T01:54:22.688+0000] {processor.py:161} INFO - Started process (PID=1425) to work on /home/airflow/.local/lib/python3.12/site-packages/airflow/example_dags/example_setup_teardown.py
[2024-07-13T01:54:22.692+0000] {processor.py:830} INFO - Processing file /home/airflow/.local/lib/python3.12/site-packages/airflow/example_dags/example_setup_teardown.py for tasks to queue
[2024-07-13T01:54:22.694+0000] {logging_mixin.py:188} INFO - [2024-07-13T01:54:22.693+0000] {dagbag.py:545} INFO - Filling up the DagBag from /home/airflow/.local/lib/python3.12/site-packages/airflow/example_dags/example_setup_teardown.py
[2024-07-13T01:54:22.711+0000] {processor.py:840} INFO - DAG(s) 'example_setup_teardown' retrieved from /home/airflow/.local/lib/python3.12/site-packages/airflow/example_dags/example_setup_teardown.py
[2024-07-13T01:54:22.741+0000] {logging_mixin.py:188} INFO - [2024-07-13T01:54:22.741+0000] {dag.py:3096} INFO - Sync 1 DAGs
[2024-07-13T01:54:22.772+0000] {logging_mixin.py:188} INFO - [2024-07-13T01:54:22.772+0000] {dag.py:3954} INFO - Setting next_dagrun for example_setup_teardown to 2024-07-12 00:00:00+00:00, run_after=2024-07-13 00:00:00+00:00
[2024-07-13T01:54:22.799+0000] {processor.py:183} INFO - Processing /home/airflow/.local/lib/python3.12/site-packages/airflow/example_dags/example_setup_teardown.py took 0.130 seconds
[2024-07-13T01:54:52.925+0000] {processor.py:161} INFO - Started process (PID=1485) to work on /home/airflow/.local/lib/python3.12/site-packages/airflow/example_dags/example_setup_teardown.py
[2024-07-13T01:54:52.934+0000] {processor.py:830} INFO - Processing file /home/airflow/.local/lib/python3.12/site-packages/airflow/example_dags/example_setup_teardown.py for tasks to queue
[2024-07-13T01:54:52.936+0000] {logging_mixin.py:188} INFO - [2024-07-13T01:54:52.936+0000] {dagbag.py:545} INFO - Filling up the DagBag from /home/airflow/.local/lib/python3.12/site-packages/airflow/example_dags/example_setup_teardown.py
[2024-07-13T01:54:52.950+0000] {processor.py:840} INFO - DAG(s) 'example_setup_teardown' retrieved from /home/airflow/.local/lib/python3.12/site-packages/airflow/example_dags/example_setup_teardown.py
[2024-07-13T01:54:53.022+0000] {logging_mixin.py:188} INFO - [2024-07-13T01:54:53.022+0000] {dag.py:3096} INFO - Sync 1 DAGs
[2024-07-13T01:54:53.068+0000] {logging_mixin.py:188} INFO - [2024-07-13T01:54:53.067+0000] {dag.py:3954} INFO - Setting next_dagrun for example_setup_teardown to 2024-07-12 00:00:00+00:00, run_after=2024-07-13 00:00:00+00:00
[2024-07-13T01:54:53.095+0000] {processor.py:183} INFO - Processing /home/airflow/.local/lib/python3.12/site-packages/airflow/example_dags/example_setup_teardown.py took 0.176 seconds
[2024-07-13T01:55:24.099+0000] {processor.py:161} INFO - Started process (PID=1548) to work on /home/airflow/.local/lib/python3.12/site-packages/airflow/example_dags/example_setup_teardown.py
[2024-07-13T01:55:24.100+0000] {processor.py:830} INFO - Processing file /home/airflow/.local/lib/python3.12/site-packages/airflow/example_dags/example_setup_teardown.py for tasks to queue
[2024-07-13T01:55:24.102+0000] {logging_mixin.py:188} INFO - [2024-07-13T01:55:24.102+0000] {dagbag.py:545} INFO - Filling up the DagBag from /home/airflow/.local/lib/python3.12/site-packages/airflow/example_dags/example_setup_teardown.py
[2024-07-13T01:55:24.110+0000] {processor.py:840} INFO - DAG(s) 'example_setup_teardown' retrieved from /home/airflow/.local/lib/python3.12/site-packages/airflow/example_dags/example_setup_teardown.py
[2024-07-13T01:55:24.133+0000] {logging_mixin.py:188} INFO - [2024-07-13T01:55:24.133+0000] {dag.py:3096} INFO - Sync 1 DAGs
[2024-07-13T01:55:24.157+0000] {logging_mixin.py:188} INFO - [2024-07-13T01:55:24.157+0000] {dag.py:3954} INFO - Setting next_dagrun for example_setup_teardown to 2024-07-12 00:00:00+00:00, run_after=2024-07-13 00:00:00+00:00
[2024-07-13T01:55:24.184+0000] {processor.py:183} INFO - Processing /home/airflow/.local/lib/python3.12/site-packages/airflow/example_dags/example_setup_teardown.py took 0.091 seconds
[2024-07-13T01:55:54.870+0000] {processor.py:161} INFO - Started process (PID=1610) to work on /home/airflow/.local/lib/python3.12/site-packages/airflow/example_dags/example_setup_teardown.py
[2024-07-13T01:55:54.871+0000] {processor.py:830} INFO - Processing file /home/airflow/.local/lib/python3.12/site-packages/airflow/example_dags/example_setup_teardown.py for tasks to queue
[2024-07-13T01:55:54.873+0000] {logging_mixin.py:188} INFO - [2024-07-13T01:55:54.873+0000] {dagbag.py:545} INFO - Filling up the DagBag from /home/airflow/.local/lib/python3.12/site-packages/airflow/example_dags/example_setup_teardown.py
[2024-07-13T01:55:54.880+0000] {processor.py:840} INFO - DAG(s) 'example_setup_teardown' retrieved from /home/airflow/.local/lib/python3.12/site-packages/airflow/example_dags/example_setup_teardown.py
[2024-07-13T01:55:54.903+0000] {logging_mixin.py:188} INFO - [2024-07-13T01:55:54.902+0000] {dag.py:3096} INFO - Sync 1 DAGs
[2024-07-13T01:55:54.927+0000] {logging_mixin.py:188} INFO - [2024-07-13T01:55:54.927+0000] {dag.py:3954} INFO - Setting next_dagrun for example_setup_teardown to 2024-07-12 00:00:00+00:00, run_after=2024-07-13 00:00:00+00:00
[2024-07-13T01:55:54.953+0000] {processor.py:183} INFO - Processing /home/airflow/.local/lib/python3.12/site-packages/airflow/example_dags/example_setup_teardown.py took 0.089 seconds
[2024-07-13T01:56:25.374+0000] {processor.py:161} INFO - Started process (PID=1672) to work on /home/airflow/.local/lib/python3.12/site-packages/airflow/example_dags/example_setup_teardown.py
[2024-07-13T01:56:25.375+0000] {processor.py:830} INFO - Processing file /home/airflow/.local/lib/python3.12/site-packages/airflow/example_dags/example_setup_teardown.py for tasks to queue
[2024-07-13T01:56:25.378+0000] {logging_mixin.py:188} INFO - [2024-07-13T01:56:25.378+0000] {dagbag.py:545} INFO - Filling up the DagBag from /home/airflow/.local/lib/python3.12/site-packages/airflow/example_dags/example_setup_teardown.py
[2024-07-13T01:56:25.385+0000] {processor.py:840} INFO - DAG(s) 'example_setup_teardown' retrieved from /home/airflow/.local/lib/python3.12/site-packages/airflow/example_dags/example_setup_teardown.py
[2024-07-13T01:56:25.406+0000] {logging_mixin.py:188} INFO - [2024-07-13T01:56:25.406+0000] {dag.py:3096} INFO - Sync 1 DAGs
[2024-07-13T01:56:25.429+0000] {logging_mixin.py:188} INFO - [2024-07-13T01:56:25.429+0000] {dag.py:3954} INFO - Setting next_dagrun for example_setup_teardown to 2024-07-12 00:00:00+00:00, run_after=2024-07-13 00:00:00+00:00
[2024-07-13T01:56:25.457+0000] {processor.py:183} INFO - Processing /home/airflow/.local/lib/python3.12/site-packages/airflow/example_dags/example_setup_teardown.py took 0.089 seconds
[2024-07-13T02:00:47.823+0000] {processor.py:161} INFO - Started process (PID=79) to work on /home/airflow/.local/lib/python3.12/site-packages/airflow/example_dags/example_setup_teardown.py
[2024-07-13T02:00:47.824+0000] {processor.py:830} INFO - Processing file /home/airflow/.local/lib/python3.12/site-packages/airflow/example_dags/example_setup_teardown.py for tasks to queue
[2024-07-13T02:00:47.826+0000] {logging_mixin.py:188} INFO - [2024-07-13T02:00:47.826+0000] {dagbag.py:545} INFO - Filling up the DagBag from /home/airflow/.local/lib/python3.12/site-packages/airflow/example_dags/example_setup_teardown.py
[2024-07-13T02:00:47.833+0000] {processor.py:840} INFO - DAG(s) 'example_setup_teardown' retrieved from /home/airflow/.local/lib/python3.12/site-packages/airflow/example_dags/example_setup_teardown.py
[2024-07-13T02:00:48.010+0000] {logging_mixin.py:188} INFO - [2024-07-13T02:00:48.010+0000] {dag.py:3096} INFO - Sync 1 DAGs
[2024-07-13T02:00:48.032+0000] {logging_mixin.py:188} INFO - [2024-07-13T02:00:48.032+0000] {dag.py:3954} INFO - Setting next_dagrun for example_setup_teardown to 2024-07-12 00:00:00+00:00, run_after=2024-07-13 00:00:00+00:00
[2024-07-13T02:00:48.058+0000] {processor.py:183} INFO - Processing /home/airflow/.local/lib/python3.12/site-packages/airflow/example_dags/example_setup_teardown.py took 0.247 seconds
[2024-07-13T02:01:18.215+0000] {processor.py:161} INFO - Started process (PID=140) to work on /home/airflow/.local/lib/python3.12/site-packages/airflow/example_dags/example_setup_teardown.py
[2024-07-13T02:01:18.216+0000] {processor.py:830} INFO - Processing file /home/airflow/.local/lib/python3.12/site-packages/airflow/example_dags/example_setup_teardown.py for tasks to queue
[2024-07-13T02:01:18.218+0000] {logging_mixin.py:188} INFO - [2024-07-13T02:01:18.217+0000] {dagbag.py:545} INFO - Filling up the DagBag from /home/airflow/.local/lib/python3.12/site-packages/airflow/example_dags/example_setup_teardown.py
[2024-07-13T02:01:18.224+0000] {processor.py:840} INFO - DAG(s) 'example_setup_teardown' retrieved from /home/airflow/.local/lib/python3.12/site-packages/airflow/example_dags/example_setup_teardown.py
[2024-07-13T02:01:18.246+0000] {logging_mixin.py:188} INFO - [2024-07-13T02:01:18.246+0000] {dag.py:3096} INFO - Sync 1 DAGs
[2024-07-13T02:01:18.385+0000] {logging_mixin.py:188} INFO - [2024-07-13T02:01:18.385+0000] {dag.py:3954} INFO - Setting next_dagrun for example_setup_teardown to 2024-07-12 00:00:00+00:00, run_after=2024-07-13 00:00:00+00:00
[2024-07-13T02:01:18.455+0000] {processor.py:183} INFO - Processing /home/airflow/.local/lib/python3.12/site-packages/airflow/example_dags/example_setup_teardown.py took 0.245 seconds
[2024-07-13T02:01:49.855+0000] {processor.py:161} INFO - Started process (PID=201) to work on /home/airflow/.local/lib/python3.12/site-packages/airflow/example_dags/example_setup_teardown.py
[2024-07-13T02:01:49.858+0000] {processor.py:830} INFO - Processing file /home/airflow/.local/lib/python3.12/site-packages/airflow/example_dags/example_setup_teardown.py for tasks to queue
[2024-07-13T02:01:49.859+0000] {logging_mixin.py:188} INFO - [2024-07-13T02:01:49.859+0000] {dagbag.py:545} INFO - Filling up the DagBag from /home/airflow/.local/lib/python3.12/site-packages/airflow/example_dags/example_setup_teardown.py
[2024-07-13T02:01:49.887+0000] {processor.py:840} INFO - DAG(s) 'example_setup_teardown' retrieved from /home/airflow/.local/lib/python3.12/site-packages/airflow/example_dags/example_setup_teardown.py
[2024-07-13T02:01:49.950+0000] {logging_mixin.py:188} INFO - [2024-07-13T02:01:49.950+0000] {dag.py:3096} INFO - Sync 1 DAGs
[2024-07-13T02:01:50.028+0000] {logging_mixin.py:188} INFO - [2024-07-13T02:01:50.027+0000] {dag.py:3954} INFO - Setting next_dagrun for example_setup_teardown to 2024-07-12 00:00:00+00:00, run_after=2024-07-13 00:00:00+00:00
[2024-07-13T02:01:50.090+0000] {processor.py:183} INFO - Processing /home/airflow/.local/lib/python3.12/site-packages/airflow/example_dags/example_setup_teardown.py took 0.257 seconds
[2024-07-13T02:02:21.376+0000] {processor.py:161} INFO - Started process (PID=263) to work on /home/airflow/.local/lib/python3.12/site-packages/airflow/example_dags/example_setup_teardown.py
[2024-07-13T02:02:21.378+0000] {processor.py:830} INFO - Processing file /home/airflow/.local/lib/python3.12/site-packages/airflow/example_dags/example_setup_teardown.py for tasks to queue
[2024-07-13T02:02:21.380+0000] {logging_mixin.py:188} INFO - [2024-07-13T02:02:21.379+0000] {dagbag.py:545} INFO - Filling up the DagBag from /home/airflow/.local/lib/python3.12/site-packages/airflow/example_dags/example_setup_teardown.py
[2024-07-13T02:02:21.393+0000] {processor.py:840} INFO - DAG(s) 'example_setup_teardown' retrieved from /home/airflow/.local/lib/python3.12/site-packages/airflow/example_dags/example_setup_teardown.py
[2024-07-13T02:02:21.421+0000] {logging_mixin.py:188} INFO - [2024-07-13T02:02:21.421+0000] {dag.py:3096} INFO - Sync 1 DAGs
[2024-07-13T02:02:21.444+0000] {logging_mixin.py:188} INFO - [2024-07-13T02:02:21.444+0000] {dag.py:3954} INFO - Setting next_dagrun for example_setup_teardown to 2024-07-12 00:00:00+00:00, run_after=2024-07-13 00:00:00+00:00
[2024-07-13T02:02:21.499+0000] {processor.py:183} INFO - Processing /home/airflow/.local/lib/python3.12/site-packages/airflow/example_dags/example_setup_teardown.py took 0.129 seconds
[2024-07-13T02:02:52.280+0000] {processor.py:161} INFO - Started process (PID=325) to work on /home/airflow/.local/lib/python3.12/site-packages/airflow/example_dags/example_setup_teardown.py
[2024-07-13T02:02:52.281+0000] {processor.py:830} INFO - Processing file /home/airflow/.local/lib/python3.12/site-packages/airflow/example_dags/example_setup_teardown.py for tasks to queue
[2024-07-13T02:02:52.282+0000] {logging_mixin.py:188} INFO - [2024-07-13T02:02:52.281+0000] {dagbag.py:545} INFO - Filling up the DagBag from /home/airflow/.local/lib/python3.12/site-packages/airflow/example_dags/example_setup_teardown.py
[2024-07-13T02:02:52.289+0000] {processor.py:840} INFO - DAG(s) 'example_setup_teardown' retrieved from /home/airflow/.local/lib/python3.12/site-packages/airflow/example_dags/example_setup_teardown.py
[2024-07-13T02:02:52.312+0000] {logging_mixin.py:188} INFO - [2024-07-13T02:02:52.312+0000] {dag.py:3096} INFO - Sync 1 DAGs
[2024-07-13T02:02:52.332+0000] {logging_mixin.py:188} INFO - [2024-07-13T02:02:52.332+0000] {dag.py:3954} INFO - Setting next_dagrun for example_setup_teardown to 2024-07-12 00:00:00+00:00, run_after=2024-07-13 00:00:00+00:00
[2024-07-13T02:02:52.355+0000] {processor.py:183} INFO - Processing /home/airflow/.local/lib/python3.12/site-packages/airflow/example_dags/example_setup_teardown.py took 0.081 seconds
[2024-07-13T02:03:22.741+0000] {processor.py:161} INFO - Started process (PID=386) to work on /home/airflow/.local/lib/python3.12/site-packages/airflow/example_dags/example_setup_teardown.py
[2024-07-13T02:03:22.742+0000] {processor.py:830} INFO - Processing file /home/airflow/.local/lib/python3.12/site-packages/airflow/example_dags/example_setup_teardown.py for tasks to queue
[2024-07-13T02:03:22.743+0000] {logging_mixin.py:188} INFO - [2024-07-13T02:03:22.743+0000] {dagbag.py:545} INFO - Filling up the DagBag from /home/airflow/.local/lib/python3.12/site-packages/airflow/example_dags/example_setup_teardown.py
[2024-07-13T02:03:22.751+0000] {processor.py:840} INFO - DAG(s) 'example_setup_teardown' retrieved from /home/airflow/.local/lib/python3.12/site-packages/airflow/example_dags/example_setup_teardown.py
[2024-07-13T02:03:22.772+0000] {logging_mixin.py:188} INFO - [2024-07-13T02:03:22.772+0000] {dag.py:3096} INFO - Sync 1 DAGs
[2024-07-13T02:03:22.795+0000] {logging_mixin.py:188} INFO - [2024-07-13T02:03:22.794+0000] {dag.py:3954} INFO - Setting next_dagrun for example_setup_teardown to 2024-07-12 00:00:00+00:00, run_after=2024-07-13 00:00:00+00:00
[2024-07-13T02:03:22.822+0000] {processor.py:183} INFO - Processing /home/airflow/.local/lib/python3.12/site-packages/airflow/example_dags/example_setup_teardown.py took 0.088 seconds
[2024-07-13T02:03:53.516+0000] {processor.py:161} INFO - Started process (PID=447) to work on /home/airflow/.local/lib/python3.12/site-packages/airflow/example_dags/example_setup_teardown.py
[2024-07-13T02:03:53.517+0000] {processor.py:830} INFO - Processing file /home/airflow/.local/lib/python3.12/site-packages/airflow/example_dags/example_setup_teardown.py for tasks to queue
[2024-07-13T02:03:53.517+0000] {logging_mixin.py:188} INFO - [2024-07-13T02:03:53.517+0000] {dagbag.py:545} INFO - Filling up the DagBag from /home/airflow/.local/lib/python3.12/site-packages/airflow/example_dags/example_setup_teardown.py
[2024-07-13T02:03:53.525+0000] {processor.py:840} INFO - DAG(s) 'example_setup_teardown' retrieved from /home/airflow/.local/lib/python3.12/site-packages/airflow/example_dags/example_setup_teardown.py
[2024-07-13T02:03:53.550+0000] {logging_mixin.py:188} INFO - [2024-07-13T02:03:53.550+0000] {dag.py:3096} INFO - Sync 1 DAGs
[2024-07-13T02:03:53.569+0000] {logging_mixin.py:188} INFO - [2024-07-13T02:03:53.569+0000] {dag.py:3954} INFO - Setting next_dagrun for example_setup_teardown to 2024-07-12 00:00:00+00:00, run_after=2024-07-13 00:00:00+00:00
[2024-07-13T02:03:53.596+0000] {processor.py:183} INFO - Processing /home/airflow/.local/lib/python3.12/site-packages/airflow/example_dags/example_setup_teardown.py took 0.087 seconds
[2024-07-13T02:04:23.689+0000] {processor.py:161} INFO - Started process (PID=510) to work on /home/airflow/.local/lib/python3.12/site-packages/airflow/example_dags/example_setup_teardown.py
[2024-07-13T02:04:23.690+0000] {processor.py:830} INFO - Processing file /home/airflow/.local/lib/python3.12/site-packages/airflow/example_dags/example_setup_teardown.py for tasks to queue
[2024-07-13T02:04:23.691+0000] {logging_mixin.py:188} INFO - [2024-07-13T02:04:23.691+0000] {dagbag.py:545} INFO - Filling up the DagBag from /home/airflow/.local/lib/python3.12/site-packages/airflow/example_dags/example_setup_teardown.py
[2024-07-13T02:04:23.699+0000] {processor.py:840} INFO - DAG(s) 'example_setup_teardown' retrieved from /home/airflow/.local/lib/python3.12/site-packages/airflow/example_dags/example_setup_teardown.py
[2024-07-13T02:04:23.722+0000] {logging_mixin.py:188} INFO - [2024-07-13T02:04:23.721+0000] {dag.py:3096} INFO - Sync 1 DAGs
[2024-07-13T02:04:23.742+0000] {logging_mixin.py:188} INFO - [2024-07-13T02:04:23.742+0000] {dag.py:3954} INFO - Setting next_dagrun for example_setup_teardown to 2024-07-12 00:00:00+00:00, run_after=2024-07-13 00:00:00+00:00
[2024-07-13T02:04:23.770+0000] {processor.py:183} INFO - Processing /home/airflow/.local/lib/python3.12/site-packages/airflow/example_dags/example_setup_teardown.py took 0.087 seconds
[2024-07-13T02:04:54.402+0000] {processor.py:161} INFO - Started process (PID=571) to work on /home/airflow/.local/lib/python3.12/site-packages/airflow/example_dags/example_setup_teardown.py
[2024-07-13T02:04:54.403+0000] {processor.py:830} INFO - Processing file /home/airflow/.local/lib/python3.12/site-packages/airflow/example_dags/example_setup_teardown.py for tasks to queue
[2024-07-13T02:04:54.404+0000] {logging_mixin.py:188} INFO - [2024-07-13T02:04:54.404+0000] {dagbag.py:545} INFO - Filling up the DagBag from /home/airflow/.local/lib/python3.12/site-packages/airflow/example_dags/example_setup_teardown.py
[2024-07-13T02:04:54.409+0000] {processor.py:840} INFO - DAG(s) 'example_setup_teardown' retrieved from /home/airflow/.local/lib/python3.12/site-packages/airflow/example_dags/example_setup_teardown.py
[2024-07-13T02:04:54.425+0000] {logging_mixin.py:188} INFO - [2024-07-13T02:04:54.425+0000] {dag.py:3096} INFO - Sync 1 DAGs
[2024-07-13T02:04:54.446+0000] {logging_mixin.py:188} INFO - [2024-07-13T02:04:54.446+0000] {dag.py:3954} INFO - Setting next_dagrun for example_setup_teardown to 2024-07-12 00:00:00+00:00, run_after=2024-07-13 00:00:00+00:00
[2024-07-13T02:04:54.467+0000] {processor.py:183} INFO - Processing /home/airflow/.local/lib/python3.12/site-packages/airflow/example_dags/example_setup_teardown.py took 0.070 seconds
[2024-07-13T02:05:25.474+0000] {processor.py:161} INFO - Started process (PID=631) to work on /home/airflow/.local/lib/python3.12/site-packages/airflow/example_dags/example_setup_teardown.py
[2024-07-13T02:05:25.475+0000] {processor.py:830} INFO - Processing file /home/airflow/.local/lib/python3.12/site-packages/airflow/example_dags/example_setup_teardown.py for tasks to queue
[2024-07-13T02:05:25.476+0000] {logging_mixin.py:188} INFO - [2024-07-13T02:05:25.475+0000] {dagbag.py:545} INFO - Filling up the DagBag from /home/airflow/.local/lib/python3.12/site-packages/airflow/example_dags/example_setup_teardown.py
[2024-07-13T02:05:25.483+0000] {processor.py:840} INFO - DAG(s) 'example_setup_teardown' retrieved from /home/airflow/.local/lib/python3.12/site-packages/airflow/example_dags/example_setup_teardown.py
[2024-07-13T02:05:25.507+0000] {logging_mixin.py:188} INFO - [2024-07-13T02:05:25.507+0000] {dag.py:3096} INFO - Sync 1 DAGs
[2024-07-13T02:05:25.530+0000] {logging_mixin.py:188} INFO - [2024-07-13T02:05:25.530+0000] {dag.py:3954} INFO - Setting next_dagrun for example_setup_teardown to 2024-07-12 00:00:00+00:00, run_after=2024-07-13 00:00:00+00:00
[2024-07-13T02:05:25.555+0000] {processor.py:183} INFO - Processing /home/airflow/.local/lib/python3.12/site-packages/airflow/example_dags/example_setup_teardown.py took 0.086 seconds
[2024-07-13T02:05:55.925+0000] {processor.py:161} INFO - Started process (PID=690) to work on /home/airflow/.local/lib/python3.12/site-packages/airflow/example_dags/example_setup_teardown.py
[2024-07-13T02:05:55.926+0000] {processor.py:830} INFO - Processing file /home/airflow/.local/lib/python3.12/site-packages/airflow/example_dags/example_setup_teardown.py for tasks to queue
[2024-07-13T02:05:55.927+0000] {logging_mixin.py:188} INFO - [2024-07-13T02:05:55.927+0000] {dagbag.py:545} INFO - Filling up the DagBag from /home/airflow/.local/lib/python3.12/site-packages/airflow/example_dags/example_setup_teardown.py
[2024-07-13T02:05:55.936+0000] {processor.py:840} INFO - DAG(s) 'example_setup_teardown' retrieved from /home/airflow/.local/lib/python3.12/site-packages/airflow/example_dags/example_setup_teardown.py
[2024-07-13T02:05:55.960+0000] {logging_mixin.py:188} INFO - [2024-07-13T02:05:55.960+0000] {dag.py:3096} INFO - Sync 1 DAGs
[2024-07-13T02:05:55.984+0000] {logging_mixin.py:188} INFO - [2024-07-13T02:05:55.984+0000] {dag.py:3954} INFO - Setting next_dagrun for example_setup_teardown to 2024-07-12 00:00:00+00:00, run_after=2024-07-13 00:00:00+00:00
[2024-07-13T02:05:56.011+0000] {processor.py:183} INFO - Processing /home/airflow/.local/lib/python3.12/site-packages/airflow/example_dags/example_setup_teardown.py took 0.093 seconds
[2024-07-13T02:06:29.955+0000] {processor.py:161} INFO - Started process (PID=757) to work on /home/airflow/.local/lib/python3.12/site-packages/airflow/example_dags/example_setup_teardown.py
[2024-07-13T02:06:29.970+0000] {processor.py:830} INFO - Processing file /home/airflow/.local/lib/python3.12/site-packages/airflow/example_dags/example_setup_teardown.py for tasks to queue
[2024-07-13T02:06:29.972+0000] {logging_mixin.py:188} INFO - [2024-07-13T02:06:29.971+0000] {dagbag.py:545} INFO - Filling up the DagBag from /home/airflow/.local/lib/python3.12/site-packages/airflow/example_dags/example_setup_teardown.py
[2024-07-13T02:06:30.011+0000] {processor.py:840} INFO - DAG(s) 'example_setup_teardown' retrieved from /home/airflow/.local/lib/python3.12/site-packages/airflow/example_dags/example_setup_teardown.py
[2024-07-13T02:06:30.071+0000] {logging_mixin.py:188} INFO - [2024-07-13T02:06:30.071+0000] {dag.py:3096} INFO - Sync 1 DAGs
[2024-07-13T02:06:30.220+0000] {logging_mixin.py:188} INFO - [2024-07-13T02:06:30.219+0000] {dag.py:3954} INFO - Setting next_dagrun for example_setup_teardown to 2024-07-12 00:00:00+00:00, run_after=2024-07-13 00:00:00+00:00
[2024-07-13T02:06:30.319+0000] {processor.py:183} INFO - Processing /home/airflow/.local/lib/python3.12/site-packages/airflow/example_dags/example_setup_teardown.py took 0.394 seconds
[2024-07-13T02:07:00.597+0000] {processor.py:161} INFO - Started process (PID=819) to work on /home/airflow/.local/lib/python3.12/site-packages/airflow/example_dags/example_setup_teardown.py
[2024-07-13T02:07:00.598+0000] {processor.py:830} INFO - Processing file /home/airflow/.local/lib/python3.12/site-packages/airflow/example_dags/example_setup_teardown.py for tasks to queue
[2024-07-13T02:07:00.599+0000] {logging_mixin.py:188} INFO - [2024-07-13T02:07:00.598+0000] {dagbag.py:545} INFO - Filling up the DagBag from /home/airflow/.local/lib/python3.12/site-packages/airflow/example_dags/example_setup_teardown.py
[2024-07-13T02:07:00.607+0000] {processor.py:840} INFO - DAG(s) 'example_setup_teardown' retrieved from /home/airflow/.local/lib/python3.12/site-packages/airflow/example_dags/example_setup_teardown.py
[2024-07-13T02:07:00.626+0000] {logging_mixin.py:188} INFO - [2024-07-13T02:07:00.626+0000] {dag.py:3096} INFO - Sync 1 DAGs
[2024-07-13T02:07:00.648+0000] {logging_mixin.py:188} INFO - [2024-07-13T02:07:00.648+0000] {dag.py:3954} INFO - Setting next_dagrun for example_setup_teardown to 2024-07-12 00:00:00+00:00, run_after=2024-07-13 00:00:00+00:00
[2024-07-13T02:07:00.672+0000] {processor.py:183} INFO - Processing /home/airflow/.local/lib/python3.12/site-packages/airflow/example_dags/example_setup_teardown.py took 0.082 seconds
[2024-07-13T02:07:30.886+0000] {processor.py:161} INFO - Started process (PID=880) to work on /home/airflow/.local/lib/python3.12/site-packages/airflow/example_dags/example_setup_teardown.py
[2024-07-13T02:07:30.887+0000] {processor.py:830} INFO - Processing file /home/airflow/.local/lib/python3.12/site-packages/airflow/example_dags/example_setup_teardown.py for tasks to queue
[2024-07-13T02:07:30.889+0000] {logging_mixin.py:188} INFO - [2024-07-13T02:07:30.888+0000] {dagbag.py:545} INFO - Filling up the DagBag from /home/airflow/.local/lib/python3.12/site-packages/airflow/example_dags/example_setup_teardown.py
[2024-07-13T02:07:30.896+0000] {processor.py:840} INFO - DAG(s) 'example_setup_teardown' retrieved from /home/airflow/.local/lib/python3.12/site-packages/airflow/example_dags/example_setup_teardown.py
[2024-07-13T02:07:30.937+0000] {logging_mixin.py:188} INFO - [2024-07-13T02:07:30.937+0000] {dag.py:3096} INFO - Sync 1 DAGs
[2024-07-13T02:07:30.963+0000] {logging_mixin.py:188} INFO - [2024-07-13T02:07:30.963+0000] {dag.py:3954} INFO - Setting next_dagrun for example_setup_teardown to 2024-07-12 00:00:00+00:00, run_after=2024-07-13 00:00:00+00:00
[2024-07-13T02:07:30.989+0000] {processor.py:183} INFO - Processing /home/airflow/.local/lib/python3.12/site-packages/airflow/example_dags/example_setup_teardown.py took 0.110 seconds
[2024-07-13T02:08:01.357+0000] {processor.py:161} INFO - Started process (PID=942) to work on /home/airflow/.local/lib/python3.12/site-packages/airflow/example_dags/example_setup_teardown.py
[2024-07-13T02:08:01.358+0000] {processor.py:830} INFO - Processing file /home/airflow/.local/lib/python3.12/site-packages/airflow/example_dags/example_setup_teardown.py for tasks to queue
[2024-07-13T02:08:01.359+0000] {logging_mixin.py:188} INFO - [2024-07-13T02:08:01.359+0000] {dagbag.py:545} INFO - Filling up the DagBag from /home/airflow/.local/lib/python3.12/site-packages/airflow/example_dags/example_setup_teardown.py
[2024-07-13T02:08:01.367+0000] {processor.py:840} INFO - DAG(s) 'example_setup_teardown' retrieved from /home/airflow/.local/lib/python3.12/site-packages/airflow/example_dags/example_setup_teardown.py
[2024-07-13T02:08:01.387+0000] {logging_mixin.py:188} INFO - [2024-07-13T02:08:01.387+0000] {dag.py:3096} INFO - Sync 1 DAGs
[2024-07-13T02:08:01.427+0000] {logging_mixin.py:188} INFO - [2024-07-13T02:08:01.427+0000] {dag.py:3954} INFO - Setting next_dagrun for example_setup_teardown to 2024-07-12 00:00:00+00:00, run_after=2024-07-13 00:00:00+00:00
[2024-07-13T02:08:01.473+0000] {processor.py:183} INFO - Processing /home/airflow/.local/lib/python3.12/site-packages/airflow/example_dags/example_setup_teardown.py took 0.121 seconds
[2024-07-13T02:08:32.181+0000] {processor.py:161} INFO - Started process (PID=1003) to work on /home/airflow/.local/lib/python3.12/site-packages/airflow/example_dags/example_setup_teardown.py
[2024-07-13T02:08:32.181+0000] {processor.py:830} INFO - Processing file /home/airflow/.local/lib/python3.12/site-packages/airflow/example_dags/example_setup_teardown.py for tasks to queue
[2024-07-13T02:08:32.182+0000] {logging_mixin.py:188} INFO - [2024-07-13T02:08:32.182+0000] {dagbag.py:545} INFO - Filling up the DagBag from /home/airflow/.local/lib/python3.12/site-packages/airflow/example_dags/example_setup_teardown.py
[2024-07-13T02:08:32.190+0000] {processor.py:840} INFO - DAG(s) 'example_setup_teardown' retrieved from /home/airflow/.local/lib/python3.12/site-packages/airflow/example_dags/example_setup_teardown.py
[2024-07-13T02:08:32.212+0000] {logging_mixin.py:188} INFO - [2024-07-13T02:08:32.211+0000] {dag.py:3096} INFO - Sync 1 DAGs
[2024-07-13T02:08:32.238+0000] {logging_mixin.py:188} INFO - [2024-07-13T02:08:32.238+0000] {dag.py:3954} INFO - Setting next_dagrun for example_setup_teardown to 2024-07-12 00:00:00+00:00, run_after=2024-07-13 00:00:00+00:00
[2024-07-13T02:08:32.269+0000] {processor.py:183} INFO - Processing /home/airflow/.local/lib/python3.12/site-packages/airflow/example_dags/example_setup_teardown.py took 0.096 seconds
[2024-07-13T02:09:03.260+0000] {processor.py:161} INFO - Started process (PID=1064) to work on /home/airflow/.local/lib/python3.12/site-packages/airflow/example_dags/example_setup_teardown.py
[2024-07-13T02:09:03.260+0000] {processor.py:830} INFO - Processing file /home/airflow/.local/lib/python3.12/site-packages/airflow/example_dags/example_setup_teardown.py for tasks to queue
[2024-07-13T02:09:03.261+0000] {logging_mixin.py:188} INFO - [2024-07-13T02:09:03.261+0000] {dagbag.py:545} INFO - Filling up the DagBag from /home/airflow/.local/lib/python3.12/site-packages/airflow/example_dags/example_setup_teardown.py
[2024-07-13T02:09:03.269+0000] {processor.py:840} INFO - DAG(s) 'example_setup_teardown' retrieved from /home/airflow/.local/lib/python3.12/site-packages/airflow/example_dags/example_setup_teardown.py
[2024-07-13T02:09:03.292+0000] {logging_mixin.py:188} INFO - [2024-07-13T02:09:03.292+0000] {dag.py:3096} INFO - Sync 1 DAGs
[2024-07-13T02:09:03.315+0000] {logging_mixin.py:188} INFO - [2024-07-13T02:09:03.315+0000] {dag.py:3954} INFO - Setting next_dagrun for example_setup_teardown to 2024-07-12 00:00:00+00:00, run_after=2024-07-13 00:00:00+00:00
[2024-07-13T02:09:03.376+0000] {processor.py:183} INFO - Processing /home/airflow/.local/lib/python3.12/site-packages/airflow/example_dags/example_setup_teardown.py took 0.122 seconds
