[2024-07-13T01:30:47.494+0000] {processor.py:161} INFO - Started process (PID=60) to work on /home/airflow/.local/lib/python3.12/site-packages/airflow/example_dags/example_sensors.py
[2024-07-13T01:30:47.495+0000] {processor.py:830} INFO - Processing file /home/airflow/.local/lib/python3.12/site-packages/airflow/example_dags/example_sensors.py for tasks to queue
[2024-07-13T01:30:47.576+0000] {logging_mixin.py:188} INFO - [2024-07-13T01:30:47.510+0000] {dagbag.py:545} INFO - Filling up the DagBag from /home/airflow/.local/lib/python3.12/site-packages/airflow/example_dags/example_sensors.py
[2024-07-13T01:30:47.628+0000] {processor.py:840} INFO - DAG(s) 'example_sensors' retrieved from /home/airflow/.local/lib/python3.12/site-packages/airflow/example_dags/example_sensors.py
[2024-07-13T01:30:47.954+0000] {logging_mixin.py:188} INFO - [2024-07-13T01:30:47.954+0000] {dag.py:3096} INFO - Sync 1 DAGs
[2024-07-13T01:30:47.973+0000] {logging_mixin.py:188} INFO - [2024-07-13T01:30:47.973+0000] {dag.py:3954} INFO - Setting next_dagrun for example_sensors to None, run_after=None
[2024-07-13T01:30:48.014+0000] {processor.py:183} INFO - Processing /home/airflow/.local/lib/python3.12/site-packages/airflow/example_dags/example_sensors.py took 0.550 seconds
[2024-07-13T01:31:18.840+0000] {processor.py:161} INFO - Started process (PID=118) to work on /home/airflow/.local/lib/python3.12/site-packages/airflow/example_dags/example_sensors.py
[2024-07-13T01:31:18.841+0000] {processor.py:830} INFO - Processing file /home/airflow/.local/lib/python3.12/site-packages/airflow/example_dags/example_sensors.py for tasks to queue
[2024-07-13T01:31:18.842+0000] {logging_mixin.py:188} INFO - [2024-07-13T01:31:18.842+0000] {dagbag.py:545} INFO - Filling up the DagBag from /home/airflow/.local/lib/python3.12/site-packages/airflow/example_dags/example_sensors.py
[2024-07-13T01:31:18.852+0000] {processor.py:840} INFO - DAG(s) 'example_sensors' retrieved from /home/airflow/.local/lib/python3.12/site-packages/airflow/example_dags/example_sensors.py
[2024-07-13T01:31:18.880+0000] {logging_mixin.py:188} INFO - [2024-07-13T01:31:18.880+0000] {dag.py:3096} INFO - Sync 1 DAGs
[2024-07-13T01:31:18.894+0000] {logging_mixin.py:188} INFO - [2024-07-13T01:31:18.893+0000] {dag.py:3954} INFO - Setting next_dagrun for example_sensors to None, run_after=None
[2024-07-13T01:31:18.917+0000] {processor.py:183} INFO - Processing /home/airflow/.local/lib/python3.12/site-packages/airflow/example_dags/example_sensors.py took 0.082 seconds
[2024-07-13T01:31:49.847+0000] {processor.py:161} INFO - Started process (PID=179) to work on /home/airflow/.local/lib/python3.12/site-packages/airflow/example_dags/example_sensors.py
[2024-07-13T01:31:49.848+0000] {processor.py:830} INFO - Processing file /home/airflow/.local/lib/python3.12/site-packages/airflow/example_dags/example_sensors.py for tasks to queue
[2024-07-13T01:31:49.849+0000] {logging_mixin.py:188} INFO - [2024-07-13T01:31:49.849+0000] {dagbag.py:545} INFO - Filling up the DagBag from /home/airflow/.local/lib/python3.12/site-packages/airflow/example_dags/example_sensors.py
[2024-07-13T01:31:49.860+0000] {processor.py:840} INFO - DAG(s) 'example_sensors' retrieved from /home/airflow/.local/lib/python3.12/site-packages/airflow/example_dags/example_sensors.py
[2024-07-13T01:31:49.889+0000] {logging_mixin.py:188} INFO - [2024-07-13T01:31:49.889+0000] {dag.py:3096} INFO - Sync 1 DAGs
[2024-07-13T01:31:49.904+0000] {logging_mixin.py:188} INFO - [2024-07-13T01:31:49.904+0000] {dag.py:3954} INFO - Setting next_dagrun for example_sensors to None, run_after=None
[2024-07-13T01:31:49.937+0000] {processor.py:183} INFO - Processing /home/airflow/.local/lib/python3.12/site-packages/airflow/example_dags/example_sensors.py took 0.097 seconds
[2024-07-13T01:32:20.199+0000] {processor.py:161} INFO - Started process (PID=240) to work on /home/airflow/.local/lib/python3.12/site-packages/airflow/example_dags/example_sensors.py
[2024-07-13T01:32:20.211+0000] {processor.py:830} INFO - Processing file /home/airflow/.local/lib/python3.12/site-packages/airflow/example_dags/example_sensors.py for tasks to queue
[2024-07-13T01:32:20.214+0000] {logging_mixin.py:188} INFO - [2024-07-13T01:32:20.213+0000] {dagbag.py:545} INFO - Filling up the DagBag from /home/airflow/.local/lib/python3.12/site-packages/airflow/example_dags/example_sensors.py
[2024-07-13T01:32:20.248+0000] {processor.py:840} INFO - DAG(s) 'example_sensors' retrieved from /home/airflow/.local/lib/python3.12/site-packages/airflow/example_dags/example_sensors.py
[2024-07-13T01:32:20.353+0000] {logging_mixin.py:188} INFO - [2024-07-13T01:32:20.351+0000] {dag.py:3096} INFO - Sync 1 DAGs
[2024-07-13T01:32:20.385+0000] {logging_mixin.py:188} INFO - [2024-07-13T01:32:20.385+0000] {dag.py:3954} INFO - Setting next_dagrun for example_sensors to None, run_after=None
[2024-07-13T01:32:20.503+0000] {processor.py:183} INFO - Processing /home/airflow/.local/lib/python3.12/site-packages/airflow/example_dags/example_sensors.py took 0.317 seconds
[2024-07-13T01:32:51.501+0000] {processor.py:161} INFO - Started process (PID=301) to work on /home/airflow/.local/lib/python3.12/site-packages/airflow/example_dags/example_sensors.py
[2024-07-13T01:32:51.502+0000] {processor.py:830} INFO - Processing file /home/airflow/.local/lib/python3.12/site-packages/airflow/example_dags/example_sensors.py for tasks to queue
[2024-07-13T01:32:51.504+0000] {logging_mixin.py:188} INFO - [2024-07-13T01:32:51.503+0000] {dagbag.py:545} INFO - Filling up the DagBag from /home/airflow/.local/lib/python3.12/site-packages/airflow/example_dags/example_sensors.py
[2024-07-13T01:32:51.514+0000] {processor.py:840} INFO - DAG(s) 'example_sensors' retrieved from /home/airflow/.local/lib/python3.12/site-packages/airflow/example_dags/example_sensors.py
[2024-07-13T01:32:51.543+0000] {logging_mixin.py:188} INFO - [2024-07-13T01:32:51.542+0000] {dag.py:3096} INFO - Sync 1 DAGs
[2024-07-13T01:32:51.556+0000] {logging_mixin.py:188} INFO - [2024-07-13T01:32:51.556+0000] {dag.py:3954} INFO - Setting next_dagrun for example_sensors to None, run_after=None
[2024-07-13T01:32:51.582+0000] {processor.py:183} INFO - Processing /home/airflow/.local/lib/python3.12/site-packages/airflow/example_dags/example_sensors.py took 0.086 seconds
[2024-07-13T01:33:22.212+0000] {processor.py:161} INFO - Started process (PID=361) to work on /home/airflow/.local/lib/python3.12/site-packages/airflow/example_dags/example_sensors.py
[2024-07-13T01:33:22.213+0000] {processor.py:830} INFO - Processing file /home/airflow/.local/lib/python3.12/site-packages/airflow/example_dags/example_sensors.py for tasks to queue
[2024-07-13T01:33:22.214+0000] {logging_mixin.py:188} INFO - [2024-07-13T01:33:22.214+0000] {dagbag.py:545} INFO - Filling up the DagBag from /home/airflow/.local/lib/python3.12/site-packages/airflow/example_dags/example_sensors.py
[2024-07-13T01:33:22.224+0000] {processor.py:840} INFO - DAG(s) 'example_sensors' retrieved from /home/airflow/.local/lib/python3.12/site-packages/airflow/example_dags/example_sensors.py
[2024-07-13T01:33:22.253+0000] {logging_mixin.py:188} INFO - [2024-07-13T01:33:22.253+0000] {dag.py:3096} INFO - Sync 1 DAGs
[2024-07-13T01:33:22.266+0000] {logging_mixin.py:188} INFO - [2024-07-13T01:33:22.266+0000] {dag.py:3954} INFO - Setting next_dagrun for example_sensors to None, run_after=None
[2024-07-13T01:33:22.291+0000] {processor.py:183} INFO - Processing /home/airflow/.local/lib/python3.12/site-packages/airflow/example_dags/example_sensors.py took 0.085 seconds
[2024-07-13T01:33:52.548+0000] {processor.py:161} INFO - Started process (PID=423) to work on /home/airflow/.local/lib/python3.12/site-packages/airflow/example_dags/example_sensors.py
[2024-07-13T01:33:52.548+0000] {processor.py:830} INFO - Processing file /home/airflow/.local/lib/python3.12/site-packages/airflow/example_dags/example_sensors.py for tasks to queue
[2024-07-13T01:33:52.550+0000] {logging_mixin.py:188} INFO - [2024-07-13T01:33:52.549+0000] {dagbag.py:545} INFO - Filling up the DagBag from /home/airflow/.local/lib/python3.12/site-packages/airflow/example_dags/example_sensors.py
[2024-07-13T01:33:52.559+0000] {processor.py:840} INFO - DAG(s) 'example_sensors' retrieved from /home/airflow/.local/lib/python3.12/site-packages/airflow/example_dags/example_sensors.py
[2024-07-13T01:33:52.597+0000] {logging_mixin.py:188} INFO - [2024-07-13T01:33:52.596+0000] {dag.py:3096} INFO - Sync 1 DAGs
[2024-07-13T01:33:52.610+0000] {logging_mixin.py:188} INFO - [2024-07-13T01:33:52.610+0000] {dag.py:3954} INFO - Setting next_dagrun for example_sensors to None, run_after=None
[2024-07-13T01:33:52.638+0000] {processor.py:183} INFO - Processing /home/airflow/.local/lib/python3.12/site-packages/airflow/example_dags/example_sensors.py took 0.096 seconds
[2024-07-13T01:34:22.949+0000] {processor.py:161} INFO - Started process (PID=485) to work on /home/airflow/.local/lib/python3.12/site-packages/airflow/example_dags/example_sensors.py
[2024-07-13T01:34:22.952+0000] {processor.py:830} INFO - Processing file /home/airflow/.local/lib/python3.12/site-packages/airflow/example_dags/example_sensors.py for tasks to queue
[2024-07-13T01:34:22.954+0000] {logging_mixin.py:188} INFO - [2024-07-13T01:34:22.953+0000] {dagbag.py:545} INFO - Filling up the DagBag from /home/airflow/.local/lib/python3.12/site-packages/airflow/example_dags/example_sensors.py
[2024-07-13T01:34:22.966+0000] {processor.py:840} INFO - DAG(s) 'example_sensors' retrieved from /home/airflow/.local/lib/python3.12/site-packages/airflow/example_dags/example_sensors.py
[2024-07-13T01:34:22.994+0000] {logging_mixin.py:188} INFO - [2024-07-13T01:34:22.994+0000] {dag.py:3096} INFO - Sync 1 DAGs
[2024-07-13T01:34:23.009+0000] {logging_mixin.py:188} INFO - [2024-07-13T01:34:23.008+0000] {dag.py:3954} INFO - Setting next_dagrun for example_sensors to None, run_after=None
[2024-07-13T01:34:23.037+0000] {processor.py:183} INFO - Processing /home/airflow/.local/lib/python3.12/site-packages/airflow/example_dags/example_sensors.py took 0.093 seconds
[2024-07-13T01:34:53.071+0000] {processor.py:161} INFO - Started process (PID=546) to work on /home/airflow/.local/lib/python3.12/site-packages/airflow/example_dags/example_sensors.py
[2024-07-13T01:34:53.071+0000] {processor.py:830} INFO - Processing file /home/airflow/.local/lib/python3.12/site-packages/airflow/example_dags/example_sensors.py for tasks to queue
[2024-07-13T01:34:53.073+0000] {logging_mixin.py:188} INFO - [2024-07-13T01:34:53.073+0000] {dagbag.py:545} INFO - Filling up the DagBag from /home/airflow/.local/lib/python3.12/site-packages/airflow/example_dags/example_sensors.py
[2024-07-13T01:34:53.082+0000] {processor.py:840} INFO - DAG(s) 'example_sensors' retrieved from /home/airflow/.local/lib/python3.12/site-packages/airflow/example_dags/example_sensors.py
[2024-07-13T01:34:53.112+0000] {logging_mixin.py:188} INFO - [2024-07-13T01:34:53.112+0000] {dag.py:3096} INFO - Sync 1 DAGs
[2024-07-13T01:34:53.134+0000] {logging_mixin.py:188} INFO - [2024-07-13T01:34:53.134+0000] {dag.py:3954} INFO - Setting next_dagrun for example_sensors to None, run_after=None
[2024-07-13T01:34:53.158+0000] {processor.py:183} INFO - Processing /home/airflow/.local/lib/python3.12/site-packages/airflow/example_dags/example_sensors.py took 0.092 seconds
[2024-07-13T01:35:23.447+0000] {processor.py:161} INFO - Started process (PID=607) to work on /home/airflow/.local/lib/python3.12/site-packages/airflow/example_dags/example_sensors.py
[2024-07-13T01:35:23.450+0000] {processor.py:830} INFO - Processing file /home/airflow/.local/lib/python3.12/site-packages/airflow/example_dags/example_sensors.py for tasks to queue
[2024-07-13T01:35:23.452+0000] {logging_mixin.py:188} INFO - [2024-07-13T01:35:23.452+0000] {dagbag.py:545} INFO - Filling up the DagBag from /home/airflow/.local/lib/python3.12/site-packages/airflow/example_dags/example_sensors.py
[2024-07-13T01:35:23.470+0000] {processor.py:840} INFO - DAG(s) 'example_sensors' retrieved from /home/airflow/.local/lib/python3.12/site-packages/airflow/example_dags/example_sensors.py
[2024-07-13T01:35:23.543+0000] {logging_mixin.py:188} INFO - [2024-07-13T01:35:23.543+0000] {dag.py:3096} INFO - Sync 1 DAGs
[2024-07-13T01:35:23.567+0000] {logging_mixin.py:188} INFO - [2024-07-13T01:35:23.567+0000] {dag.py:3954} INFO - Setting next_dagrun for example_sensors to None, run_after=None
[2024-07-13T01:35:23.611+0000] {processor.py:183} INFO - Processing /home/airflow/.local/lib/python3.12/site-packages/airflow/example_dags/example_sensors.py took 0.182 seconds
[2024-07-13T01:35:53.777+0000] {processor.py:161} INFO - Started process (PID=668) to work on /home/airflow/.local/lib/python3.12/site-packages/airflow/example_dags/example_sensors.py
[2024-07-13T01:35:53.778+0000] {processor.py:830} INFO - Processing file /home/airflow/.local/lib/python3.12/site-packages/airflow/example_dags/example_sensors.py for tasks to queue
[2024-07-13T01:35:53.779+0000] {logging_mixin.py:188} INFO - [2024-07-13T01:35:53.779+0000] {dagbag.py:545} INFO - Filling up the DagBag from /home/airflow/.local/lib/python3.12/site-packages/airflow/example_dags/example_sensors.py
[2024-07-13T01:35:53.786+0000] {processor.py:840} INFO - DAG(s) 'example_sensors' retrieved from /home/airflow/.local/lib/python3.12/site-packages/airflow/example_dags/example_sensors.py
[2024-07-13T01:35:53.813+0000] {logging_mixin.py:188} INFO - [2024-07-13T01:35:53.813+0000] {dag.py:3096} INFO - Sync 1 DAGs
[2024-07-13T01:35:53.827+0000] {logging_mixin.py:188} INFO - [2024-07-13T01:35:53.826+0000] {dag.py:3954} INFO - Setting next_dagrun for example_sensors to None, run_after=None
[2024-07-13T01:35:53.856+0000] {processor.py:183} INFO - Processing /home/airflow/.local/lib/python3.12/site-packages/airflow/example_dags/example_sensors.py took 0.083 seconds
[2024-07-13T01:36:24.277+0000] {processor.py:161} INFO - Started process (PID=727) to work on /home/airflow/.local/lib/python3.12/site-packages/airflow/example_dags/example_sensors.py
[2024-07-13T01:36:24.278+0000] {processor.py:830} INFO - Processing file /home/airflow/.local/lib/python3.12/site-packages/airflow/example_dags/example_sensors.py for tasks to queue
[2024-07-13T01:36:24.280+0000] {logging_mixin.py:188} INFO - [2024-07-13T01:36:24.279+0000] {dagbag.py:545} INFO - Filling up the DagBag from /home/airflow/.local/lib/python3.12/site-packages/airflow/example_dags/example_sensors.py
[2024-07-13T01:36:24.291+0000] {processor.py:840} INFO - DAG(s) 'example_sensors' retrieved from /home/airflow/.local/lib/python3.12/site-packages/airflow/example_dags/example_sensors.py
[2024-07-13T01:36:24.352+0000] {logging_mixin.py:188} INFO - [2024-07-13T01:36:24.351+0000] {dag.py:3096} INFO - Sync 1 DAGs
[2024-07-13T01:36:24.364+0000] {logging_mixin.py:188} INFO - [2024-07-13T01:36:24.364+0000] {dag.py:3954} INFO - Setting next_dagrun for example_sensors to None, run_after=None
[2024-07-13T01:36:24.398+0000] {processor.py:183} INFO - Processing /home/airflow/.local/lib/python3.12/site-packages/airflow/example_dags/example_sensors.py took 0.126 seconds
[2024-07-13T01:36:54.877+0000] {processor.py:161} INFO - Started process (PID=788) to work on /home/airflow/.local/lib/python3.12/site-packages/airflow/example_dags/example_sensors.py
[2024-07-13T01:36:54.877+0000] {processor.py:830} INFO - Processing file /home/airflow/.local/lib/python3.12/site-packages/airflow/example_dags/example_sensors.py for tasks to queue
[2024-07-13T01:36:54.879+0000] {logging_mixin.py:188} INFO - [2024-07-13T01:36:54.879+0000] {dagbag.py:545} INFO - Filling up the DagBag from /home/airflow/.local/lib/python3.12/site-packages/airflow/example_dags/example_sensors.py
[2024-07-13T01:36:54.916+0000] {processor.py:840} INFO - DAG(s) 'example_sensors' retrieved from /home/airflow/.local/lib/python3.12/site-packages/airflow/example_dags/example_sensors.py
[2024-07-13T01:36:54.952+0000] {logging_mixin.py:188} INFO - [2024-07-13T01:36:54.951+0000] {dag.py:3096} INFO - Sync 1 DAGs
[2024-07-13T01:36:54.964+0000] {logging_mixin.py:188} INFO - [2024-07-13T01:36:54.964+0000] {dag.py:3954} INFO - Setting next_dagrun for example_sensors to None, run_after=None
[2024-07-13T01:36:54.989+0000] {processor.py:183} INFO - Processing /home/airflow/.local/lib/python3.12/site-packages/airflow/example_dags/example_sensors.py took 0.118 seconds
[2024-07-13T01:37:25.374+0000] {processor.py:161} INFO - Started process (PID=847) to work on /home/airflow/.local/lib/python3.12/site-packages/airflow/example_dags/example_sensors.py
[2024-07-13T01:37:25.377+0000] {processor.py:830} INFO - Processing file /home/airflow/.local/lib/python3.12/site-packages/airflow/example_dags/example_sensors.py for tasks to queue
[2024-07-13T01:37:25.379+0000] {logging_mixin.py:188} INFO - [2024-07-13T01:37:25.378+0000] {dagbag.py:545} INFO - Filling up the DagBag from /home/airflow/.local/lib/python3.12/site-packages/airflow/example_dags/example_sensors.py
[2024-07-13T01:37:25.389+0000] {processor.py:840} INFO - DAG(s) 'example_sensors' retrieved from /home/airflow/.local/lib/python3.12/site-packages/airflow/example_dags/example_sensors.py
[2024-07-13T01:37:25.418+0000] {logging_mixin.py:188} INFO - [2024-07-13T01:37:25.417+0000] {dag.py:3096} INFO - Sync 1 DAGs
[2024-07-13T01:37:25.429+0000] {logging_mixin.py:188} INFO - [2024-07-13T01:37:25.429+0000] {dag.py:3954} INFO - Setting next_dagrun for example_sensors to None, run_after=None
[2024-07-13T01:37:25.454+0000] {processor.py:183} INFO - Processing /home/airflow/.local/lib/python3.12/site-packages/airflow/example_dags/example_sensors.py took 0.085 seconds
[2024-07-13T01:37:55.897+0000] {processor.py:161} INFO - Started process (PID=908) to work on /home/airflow/.local/lib/python3.12/site-packages/airflow/example_dags/example_sensors.py
[2024-07-13T01:37:55.898+0000] {processor.py:830} INFO - Processing file /home/airflow/.local/lib/python3.12/site-packages/airflow/example_dags/example_sensors.py for tasks to queue
[2024-07-13T01:37:55.900+0000] {logging_mixin.py:188} INFO - [2024-07-13T01:37:55.899+0000] {dagbag.py:545} INFO - Filling up the DagBag from /home/airflow/.local/lib/python3.12/site-packages/airflow/example_dags/example_sensors.py
[2024-07-13T01:37:55.909+0000] {processor.py:840} INFO - DAG(s) 'example_sensors' retrieved from /home/airflow/.local/lib/python3.12/site-packages/airflow/example_dags/example_sensors.py
[2024-07-13T01:37:55.938+0000] {logging_mixin.py:188} INFO - [2024-07-13T01:37:55.938+0000] {dag.py:3096} INFO - Sync 1 DAGs
[2024-07-13T01:37:55.949+0000] {logging_mixin.py:188} INFO - [2024-07-13T01:37:55.948+0000] {dag.py:3954} INFO - Setting next_dagrun for example_sensors to None, run_after=None
[2024-07-13T01:37:55.972+0000] {processor.py:183} INFO - Processing /home/airflow/.local/lib/python3.12/site-packages/airflow/example_dags/example_sensors.py took 0.081 seconds
[2024-07-13T01:38:26.277+0000] {processor.py:161} INFO - Started process (PID=969) to work on /home/airflow/.local/lib/python3.12/site-packages/airflow/example_dags/example_sensors.py
[2024-07-13T01:38:26.278+0000] {processor.py:830} INFO - Processing file /home/airflow/.local/lib/python3.12/site-packages/airflow/example_dags/example_sensors.py for tasks to queue
[2024-07-13T01:38:26.280+0000] {logging_mixin.py:188} INFO - [2024-07-13T01:38:26.280+0000] {dagbag.py:545} INFO - Filling up the DagBag from /home/airflow/.local/lib/python3.12/site-packages/airflow/example_dags/example_sensors.py
[2024-07-13T01:38:26.289+0000] {processor.py:840} INFO - DAG(s) 'example_sensors' retrieved from /home/airflow/.local/lib/python3.12/site-packages/airflow/example_dags/example_sensors.py
[2024-07-13T01:38:26.320+0000] {logging_mixin.py:188} INFO - [2024-07-13T01:38:26.319+0000] {dag.py:3096} INFO - Sync 1 DAGs
[2024-07-13T01:38:26.332+0000] {logging_mixin.py:188} INFO - [2024-07-13T01:38:26.331+0000] {dag.py:3954} INFO - Setting next_dagrun for example_sensors to None, run_after=None
[2024-07-13T01:38:26.355+0000] {processor.py:183} INFO - Processing /home/airflow/.local/lib/python3.12/site-packages/airflow/example_dags/example_sensors.py took 0.084 seconds
[2024-07-13T01:38:56.509+0000] {processor.py:161} INFO - Started process (PID=1031) to work on /home/airflow/.local/lib/python3.12/site-packages/airflow/example_dags/example_sensors.py
[2024-07-13T01:38:56.526+0000] {processor.py:830} INFO - Processing file /home/airflow/.local/lib/python3.12/site-packages/airflow/example_dags/example_sensors.py for tasks to queue
[2024-07-13T01:38:56.528+0000] {logging_mixin.py:188} INFO - [2024-07-13T01:38:56.528+0000] {dagbag.py:545} INFO - Filling up the DagBag from /home/airflow/.local/lib/python3.12/site-packages/airflow/example_dags/example_sensors.py
[2024-07-13T01:38:56.560+0000] {processor.py:840} INFO - DAG(s) 'example_sensors' retrieved from /home/airflow/.local/lib/python3.12/site-packages/airflow/example_dags/example_sensors.py
[2024-07-13T01:38:56.657+0000] {logging_mixin.py:188} INFO - [2024-07-13T01:38:56.657+0000] {dag.py:3096} INFO - Sync 1 DAGs
[2024-07-13T01:38:56.705+0000] {logging_mixin.py:188} INFO - [2024-07-13T01:38:56.705+0000] {dag.py:3954} INFO - Setting next_dagrun for example_sensors to None, run_after=None
[2024-07-13T01:38:56.757+0000] {processor.py:183} INFO - Processing /home/airflow/.local/lib/python3.12/site-packages/airflow/example_dags/example_sensors.py took 0.254 seconds
[2024-07-13T01:39:26.897+0000] {processor.py:161} INFO - Started process (PID=1092) to work on /home/airflow/.local/lib/python3.12/site-packages/airflow/example_dags/example_sensors.py
[2024-07-13T01:39:26.898+0000] {processor.py:830} INFO - Processing file /home/airflow/.local/lib/python3.12/site-packages/airflow/example_dags/example_sensors.py for tasks to queue
[2024-07-13T01:39:26.899+0000] {logging_mixin.py:188} INFO - [2024-07-13T01:39:26.899+0000] {dagbag.py:545} INFO - Filling up the DagBag from /home/airflow/.local/lib/python3.12/site-packages/airflow/example_dags/example_sensors.py
[2024-07-13T01:39:26.905+0000] {processor.py:840} INFO - DAG(s) 'example_sensors' retrieved from /home/airflow/.local/lib/python3.12/site-packages/airflow/example_dags/example_sensors.py
[2024-07-13T01:39:26.924+0000] {logging_mixin.py:188} INFO - [2024-07-13T01:39:26.924+0000] {dag.py:3096} INFO - Sync 1 DAGs
[2024-07-13T01:39:26.933+0000] {logging_mixin.py:188} INFO - [2024-07-13T01:39:26.933+0000] {dag.py:3954} INFO - Setting next_dagrun for example_sensors to None, run_after=None
[2024-07-13T01:39:26.953+0000] {processor.py:183} INFO - Processing /home/airflow/.local/lib/python3.12/site-packages/airflow/example_dags/example_sensors.py took 0.062 seconds
[2024-07-13T01:43:01.015+0000] {processor.py:161} INFO - Started process (PID=53) to work on /home/airflow/.local/lib/python3.12/site-packages/airflow/example_dags/example_sensors.py
[2024-07-13T01:43:01.021+0000] {processor.py:830} INFO - Processing file /home/airflow/.local/lib/python3.12/site-packages/airflow/example_dags/example_sensors.py for tasks to queue
[2024-07-13T01:43:01.023+0000] {logging_mixin.py:188} INFO - [2024-07-13T01:43:01.023+0000] {dagbag.py:545} INFO - Filling up the DagBag from /home/airflow/.local/lib/python3.12/site-packages/airflow/example_dags/example_sensors.py
[2024-07-13T01:43:01.047+0000] {processor.py:840} INFO - DAG(s) 'example_sensors' retrieved from /home/airflow/.local/lib/python3.12/site-packages/airflow/example_dags/example_sensors.py
[2024-07-13T01:43:01.365+0000] {logging_mixin.py:188} INFO - [2024-07-13T01:43:01.365+0000] {dag.py:3096} INFO - Sync 1 DAGs
[2024-07-13T01:43:01.399+0000] {logging_mixin.py:188} INFO - [2024-07-13T01:43:01.399+0000] {dag.py:3954} INFO - Setting next_dagrun for example_sensors to None, run_after=None
[2024-07-13T01:43:01.456+0000] {processor.py:183} INFO - Processing /home/airflow/.local/lib/python3.12/site-packages/airflow/example_dags/example_sensors.py took 0.477 seconds
[2024-07-13T01:43:32.211+0000] {processor.py:161} INFO - Started process (PID=115) to work on /home/airflow/.local/lib/python3.12/site-packages/airflow/example_dags/example_sensors.py
[2024-07-13T01:43:32.226+0000] {processor.py:830} INFO - Processing file /home/airflow/.local/lib/python3.12/site-packages/airflow/example_dags/example_sensors.py for tasks to queue
[2024-07-13T01:43:32.228+0000] {logging_mixin.py:188} INFO - [2024-07-13T01:43:32.228+0000] {dagbag.py:545} INFO - Filling up the DagBag from /home/airflow/.local/lib/python3.12/site-packages/airflow/example_dags/example_sensors.py
[2024-07-13T01:43:32.237+0000] {processor.py:840} INFO - DAG(s) 'example_sensors' retrieved from /home/airflow/.local/lib/python3.12/site-packages/airflow/example_dags/example_sensors.py
[2024-07-13T01:43:32.264+0000] {logging_mixin.py:188} INFO - [2024-07-13T01:43:32.264+0000] {dag.py:3096} INFO - Sync 1 DAGs
[2024-07-13T01:43:32.277+0000] {logging_mixin.py:188} INFO - [2024-07-13T01:43:32.277+0000] {dag.py:3954} INFO - Setting next_dagrun for example_sensors to None, run_after=None
[2024-07-13T01:43:32.305+0000] {processor.py:183} INFO - Processing /home/airflow/.local/lib/python3.12/site-packages/airflow/example_dags/example_sensors.py took 0.099 seconds
[2024-07-13T01:44:02.738+0000] {processor.py:161} INFO - Started process (PID=173) to work on /home/airflow/.local/lib/python3.12/site-packages/airflow/example_dags/example_sensors.py
[2024-07-13T01:44:02.742+0000] {processor.py:830} INFO - Processing file /home/airflow/.local/lib/python3.12/site-packages/airflow/example_dags/example_sensors.py for tasks to queue
[2024-07-13T01:44:02.755+0000] {logging_mixin.py:188} INFO - [2024-07-13T01:44:02.755+0000] {dagbag.py:545} INFO - Filling up the DagBag from /home/airflow/.local/lib/python3.12/site-packages/airflow/example_dags/example_sensors.py
[2024-07-13T01:44:02.777+0000] {processor.py:840} INFO - DAG(s) 'example_sensors' retrieved from /home/airflow/.local/lib/python3.12/site-packages/airflow/example_dags/example_sensors.py
[2024-07-13T01:44:02.889+0000] {logging_mixin.py:188} INFO - [2024-07-13T01:44:02.889+0000] {dag.py:3096} INFO - Sync 1 DAGs
[2024-07-13T01:44:02.936+0000] {logging_mixin.py:188} INFO - [2024-07-13T01:44:02.936+0000] {dag.py:3954} INFO - Setting next_dagrun for example_sensors to None, run_after=None
[2024-07-13T01:44:02.999+0000] {processor.py:183} INFO - Processing /home/airflow/.local/lib/python3.12/site-packages/airflow/example_dags/example_sensors.py took 0.308 seconds
[2024-07-13T01:44:33.347+0000] {processor.py:161} INFO - Started process (PID=234) to work on /home/airflow/.local/lib/python3.12/site-packages/airflow/example_dags/example_sensors.py
[2024-07-13T01:44:33.348+0000] {processor.py:830} INFO - Processing file /home/airflow/.local/lib/python3.12/site-packages/airflow/example_dags/example_sensors.py for tasks to queue
[2024-07-13T01:44:33.349+0000] {logging_mixin.py:188} INFO - [2024-07-13T01:44:33.349+0000] {dagbag.py:545} INFO - Filling up the DagBag from /home/airflow/.local/lib/python3.12/site-packages/airflow/example_dags/example_sensors.py
[2024-07-13T01:44:33.359+0000] {processor.py:840} INFO - DAG(s) 'example_sensors' retrieved from /home/airflow/.local/lib/python3.12/site-packages/airflow/example_dags/example_sensors.py
[2024-07-13T01:44:33.388+0000] {logging_mixin.py:188} INFO - [2024-07-13T01:44:33.388+0000] {dag.py:3096} INFO - Sync 1 DAGs
[2024-07-13T01:44:33.405+0000] {logging_mixin.py:188} INFO - [2024-07-13T01:44:33.404+0000] {dag.py:3954} INFO - Setting next_dagrun for example_sensors to None, run_after=None
[2024-07-13T01:44:33.429+0000] {processor.py:183} INFO - Processing /home/airflow/.local/lib/python3.12/site-packages/airflow/example_dags/example_sensors.py took 0.088 seconds
[2024-07-13T01:45:03.492+0000] {processor.py:161} INFO - Started process (PID=295) to work on /home/airflow/.local/lib/python3.12/site-packages/airflow/example_dags/example_sensors.py
[2024-07-13T01:45:03.493+0000] {processor.py:830} INFO - Processing file /home/airflow/.local/lib/python3.12/site-packages/airflow/example_dags/example_sensors.py for tasks to queue
[2024-07-13T01:45:03.494+0000] {logging_mixin.py:188} INFO - [2024-07-13T01:45:03.494+0000] {dagbag.py:545} INFO - Filling up the DagBag from /home/airflow/.local/lib/python3.12/site-packages/airflow/example_dags/example_sensors.py
[2024-07-13T01:45:03.505+0000] {processor.py:840} INFO - DAG(s) 'example_sensors' retrieved from /home/airflow/.local/lib/python3.12/site-packages/airflow/example_dags/example_sensors.py
[2024-07-13T01:45:03.571+0000] {logging_mixin.py:188} INFO - [2024-07-13T01:45:03.570+0000] {dag.py:3096} INFO - Sync 1 DAGs
[2024-07-13T01:45:03.587+0000] {logging_mixin.py:188} INFO - [2024-07-13T01:45:03.587+0000] {dag.py:3954} INFO - Setting next_dagrun for example_sensors to None, run_after=None
[2024-07-13T01:45:03.617+0000] {processor.py:183} INFO - Processing /home/airflow/.local/lib/python3.12/site-packages/airflow/example_dags/example_sensors.py took 0.130 seconds
[2024-07-13T01:45:34.329+0000] {processor.py:161} INFO - Started process (PID=356) to work on /home/airflow/.local/lib/python3.12/site-packages/airflow/example_dags/example_sensors.py
[2024-07-13T01:45:34.330+0000] {processor.py:830} INFO - Processing file /home/airflow/.local/lib/python3.12/site-packages/airflow/example_dags/example_sensors.py for tasks to queue
[2024-07-13T01:45:34.332+0000] {logging_mixin.py:188} INFO - [2024-07-13T01:45:34.331+0000] {dagbag.py:545} INFO - Filling up the DagBag from /home/airflow/.local/lib/python3.12/site-packages/airflow/example_dags/example_sensors.py
[2024-07-13T01:45:34.341+0000] {processor.py:840} INFO - DAG(s) 'example_sensors' retrieved from /home/airflow/.local/lib/python3.12/site-packages/airflow/example_dags/example_sensors.py
[2024-07-13T01:45:34.368+0000] {logging_mixin.py:188} INFO - [2024-07-13T01:45:34.368+0000] {dag.py:3096} INFO - Sync 1 DAGs
[2024-07-13T01:45:34.384+0000] {logging_mixin.py:188} INFO - [2024-07-13T01:45:34.384+0000] {dag.py:3954} INFO - Setting next_dagrun for example_sensors to None, run_after=None
[2024-07-13T01:45:34.444+0000] {processor.py:183} INFO - Processing /home/airflow/.local/lib/python3.12/site-packages/airflow/example_dags/example_sensors.py took 0.121 seconds
[2024-07-13T01:46:04.730+0000] {processor.py:161} INFO - Started process (PID=417) to work on /home/airflow/.local/lib/python3.12/site-packages/airflow/example_dags/example_sensors.py
[2024-07-13T01:46:04.732+0000] {processor.py:830} INFO - Processing file /home/airflow/.local/lib/python3.12/site-packages/airflow/example_dags/example_sensors.py for tasks to queue
[2024-07-13T01:46:04.735+0000] {logging_mixin.py:188} INFO - [2024-07-13T01:46:04.734+0000] {dagbag.py:545} INFO - Filling up the DagBag from /home/airflow/.local/lib/python3.12/site-packages/airflow/example_dags/example_sensors.py
[2024-07-13T01:46:04.744+0000] {processor.py:840} INFO - DAG(s) 'example_sensors' retrieved from /home/airflow/.local/lib/python3.12/site-packages/airflow/example_dags/example_sensors.py
[2024-07-13T01:46:04.770+0000] {logging_mixin.py:188} INFO - [2024-07-13T01:46:04.770+0000] {dag.py:3096} INFO - Sync 1 DAGs
[2024-07-13T01:46:04.785+0000] {logging_mixin.py:188} INFO - [2024-07-13T01:46:04.785+0000] {dag.py:3954} INFO - Setting next_dagrun for example_sensors to None, run_after=None
[2024-07-13T01:46:04.810+0000] {processor.py:183} INFO - Processing /home/airflow/.local/lib/python3.12/site-packages/airflow/example_dags/example_sensors.py took 0.099 seconds
[2024-07-13T01:46:35.111+0000] {processor.py:161} INFO - Started process (PID=478) to work on /home/airflow/.local/lib/python3.12/site-packages/airflow/example_dags/example_sensors.py
[2024-07-13T01:46:35.112+0000] {processor.py:830} INFO - Processing file /home/airflow/.local/lib/python3.12/site-packages/airflow/example_dags/example_sensors.py for tasks to queue
[2024-07-13T01:46:35.114+0000] {logging_mixin.py:188} INFO - [2024-07-13T01:46:35.114+0000] {dagbag.py:545} INFO - Filling up the DagBag from /home/airflow/.local/lib/python3.12/site-packages/airflow/example_dags/example_sensors.py
[2024-07-13T01:46:35.123+0000] {processor.py:840} INFO - DAG(s) 'example_sensors' retrieved from /home/airflow/.local/lib/python3.12/site-packages/airflow/example_dags/example_sensors.py
[2024-07-13T01:46:35.151+0000] {logging_mixin.py:188} INFO - [2024-07-13T01:46:35.151+0000] {dag.py:3096} INFO - Sync 1 DAGs
[2024-07-13T01:46:35.161+0000] {logging_mixin.py:188} INFO - [2024-07-13T01:46:35.161+0000] {dag.py:3954} INFO - Setting next_dagrun for example_sensors to None, run_after=None
[2024-07-13T01:46:35.186+0000] {processor.py:183} INFO - Processing /home/airflow/.local/lib/python3.12/site-packages/airflow/example_dags/example_sensors.py took 0.081 seconds
[2024-07-13T01:47:06.232+0000] {processor.py:161} INFO - Started process (PID=539) to work on /home/airflow/.local/lib/python3.12/site-packages/airflow/example_dags/example_sensors.py
[2024-07-13T01:47:06.244+0000] {processor.py:830} INFO - Processing file /home/airflow/.local/lib/python3.12/site-packages/airflow/example_dags/example_sensors.py for tasks to queue
[2024-07-13T01:47:06.247+0000] {logging_mixin.py:188} INFO - [2024-07-13T01:47:06.246+0000] {dagbag.py:545} INFO - Filling up the DagBag from /home/airflow/.local/lib/python3.12/site-packages/airflow/example_dags/example_sensors.py
[2024-07-13T01:47:06.295+0000] {processor.py:840} INFO - DAG(s) 'example_sensors' retrieved from /home/airflow/.local/lib/python3.12/site-packages/airflow/example_dags/example_sensors.py
[2024-07-13T01:47:06.375+0000] {logging_mixin.py:188} INFO - [2024-07-13T01:47:06.375+0000] {dag.py:3096} INFO - Sync 1 DAGs
[2024-07-13T01:47:06.407+0000] {logging_mixin.py:188} INFO - [2024-07-13T01:47:06.406+0000] {dag.py:3954} INFO - Setting next_dagrun for example_sensors to None, run_after=None
[2024-07-13T01:47:06.468+0000] {processor.py:183} INFO - Processing /home/airflow/.local/lib/python3.12/site-packages/airflow/example_dags/example_sensors.py took 0.254 seconds
[2024-07-13T01:47:37.271+0000] {processor.py:161} INFO - Started process (PID=601) to work on /home/airflow/.local/lib/python3.12/site-packages/airflow/example_dags/example_sensors.py
[2024-07-13T01:47:37.272+0000] {processor.py:830} INFO - Processing file /home/airflow/.local/lib/python3.12/site-packages/airflow/example_dags/example_sensors.py for tasks to queue
[2024-07-13T01:47:37.274+0000] {logging_mixin.py:188} INFO - [2024-07-13T01:47:37.274+0000] {dagbag.py:545} INFO - Filling up the DagBag from /home/airflow/.local/lib/python3.12/site-packages/airflow/example_dags/example_sensors.py
[2024-07-13T01:47:37.283+0000] {processor.py:840} INFO - DAG(s) 'example_sensors' retrieved from /home/airflow/.local/lib/python3.12/site-packages/airflow/example_dags/example_sensors.py
[2024-07-13T01:47:37.311+0000] {logging_mixin.py:188} INFO - [2024-07-13T01:47:37.311+0000] {dag.py:3096} INFO - Sync 1 DAGs
[2024-07-13T01:47:37.325+0000] {logging_mixin.py:188} INFO - [2024-07-13T01:47:37.325+0000] {dag.py:3954} INFO - Setting next_dagrun for example_sensors to None, run_after=None
[2024-07-13T01:47:37.350+0000] {processor.py:183} INFO - Processing /home/airflow/.local/lib/python3.12/site-packages/airflow/example_dags/example_sensors.py took 0.085 seconds
[2024-07-13T01:48:07.814+0000] {processor.py:161} INFO - Started process (PID=662) to work on /home/airflow/.local/lib/python3.12/site-packages/airflow/example_dags/example_sensors.py
[2024-07-13T01:48:07.814+0000] {processor.py:830} INFO - Processing file /home/airflow/.local/lib/python3.12/site-packages/airflow/example_dags/example_sensors.py for tasks to queue
[2024-07-13T01:48:07.816+0000] {logging_mixin.py:188} INFO - [2024-07-13T01:48:07.816+0000] {dagbag.py:545} INFO - Filling up the DagBag from /home/airflow/.local/lib/python3.12/site-packages/airflow/example_dags/example_sensors.py
[2024-07-13T01:48:07.826+0000] {processor.py:840} INFO - DAG(s) 'example_sensors' retrieved from /home/airflow/.local/lib/python3.12/site-packages/airflow/example_dags/example_sensors.py
[2024-07-13T01:48:07.856+0000] {logging_mixin.py:188} INFO - [2024-07-13T01:48:07.855+0000] {dag.py:3096} INFO - Sync 1 DAGs
[2024-07-13T01:48:07.869+0000] {logging_mixin.py:188} INFO - [2024-07-13T01:48:07.869+0000] {dag.py:3954} INFO - Setting next_dagrun for example_sensors to None, run_after=None
[2024-07-13T01:48:07.911+0000] {processor.py:183} INFO - Processing /home/airflow/.local/lib/python3.12/site-packages/airflow/example_dags/example_sensors.py took 0.103 seconds
[2024-07-13T01:48:38.218+0000] {processor.py:161} INFO - Started process (PID=720) to work on /home/airflow/.local/lib/python3.12/site-packages/airflow/example_dags/example_sensors.py
[2024-07-13T01:48:38.219+0000] {processor.py:830} INFO - Processing file /home/airflow/.local/lib/python3.12/site-packages/airflow/example_dags/example_sensors.py for tasks to queue
[2024-07-13T01:48:38.220+0000] {logging_mixin.py:188} INFO - [2024-07-13T01:48:38.220+0000] {dagbag.py:545} INFO - Filling up the DagBag from /home/airflow/.local/lib/python3.12/site-packages/airflow/example_dags/example_sensors.py
[2024-07-13T01:48:38.230+0000] {processor.py:840} INFO - DAG(s) 'example_sensors' retrieved from /home/airflow/.local/lib/python3.12/site-packages/airflow/example_dags/example_sensors.py
[2024-07-13T01:48:38.268+0000] {logging_mixin.py:188} INFO - [2024-07-13T01:48:38.268+0000] {dag.py:3096} INFO - Sync 1 DAGs
[2024-07-13T01:48:38.446+0000] {logging_mixin.py:188} INFO - [2024-07-13T01:48:38.446+0000] {dag.py:3954} INFO - Setting next_dagrun for example_sensors to None, run_after=None
[2024-07-13T01:48:38.472+0000] {processor.py:183} INFO - Processing /home/airflow/.local/lib/python3.12/site-packages/airflow/example_dags/example_sensors.py took 0.260 seconds
[2024-07-13T01:49:08.955+0000] {processor.py:161} INFO - Started process (PID=781) to work on /home/airflow/.local/lib/python3.12/site-packages/airflow/example_dags/example_sensors.py
[2024-07-13T01:49:08.956+0000] {processor.py:830} INFO - Processing file /home/airflow/.local/lib/python3.12/site-packages/airflow/example_dags/example_sensors.py for tasks to queue
[2024-07-13T01:49:08.958+0000] {logging_mixin.py:188} INFO - [2024-07-13T01:49:08.958+0000] {dagbag.py:545} INFO - Filling up the DagBag from /home/airflow/.local/lib/python3.12/site-packages/airflow/example_dags/example_sensors.py
[2024-07-13T01:49:08.968+0000] {processor.py:840} INFO - DAG(s) 'example_sensors' retrieved from /home/airflow/.local/lib/python3.12/site-packages/airflow/example_dags/example_sensors.py
[2024-07-13T01:49:09.001+0000] {logging_mixin.py:188} INFO - [2024-07-13T01:49:09.000+0000] {dag.py:3096} INFO - Sync 1 DAGs
[2024-07-13T01:49:09.012+0000] {logging_mixin.py:188} INFO - [2024-07-13T01:49:09.012+0000] {dag.py:3954} INFO - Setting next_dagrun for example_sensors to None, run_after=None
[2024-07-13T01:49:09.062+0000] {processor.py:183} INFO - Processing /home/airflow/.local/lib/python3.12/site-packages/airflow/example_dags/example_sensors.py took 0.112 seconds
[2024-07-13T01:49:39.271+0000] {processor.py:161} INFO - Started process (PID=842) to work on /home/airflow/.local/lib/python3.12/site-packages/airflow/example_dags/example_sensors.py
[2024-07-13T01:49:39.272+0000] {processor.py:830} INFO - Processing file /home/airflow/.local/lib/python3.12/site-packages/airflow/example_dags/example_sensors.py for tasks to queue
[2024-07-13T01:49:39.273+0000] {logging_mixin.py:188} INFO - [2024-07-13T01:49:39.273+0000] {dagbag.py:545} INFO - Filling up the DagBag from /home/airflow/.local/lib/python3.12/site-packages/airflow/example_dags/example_sensors.py
[2024-07-13T01:49:39.283+0000] {processor.py:840} INFO - DAG(s) 'example_sensors' retrieved from /home/airflow/.local/lib/python3.12/site-packages/airflow/example_dags/example_sensors.py
[2024-07-13T01:49:39.311+0000] {logging_mixin.py:188} INFO - [2024-07-13T01:49:39.311+0000] {dag.py:3096} INFO - Sync 1 DAGs
[2024-07-13T01:49:39.323+0000] {logging_mixin.py:188} INFO - [2024-07-13T01:49:39.323+0000] {dag.py:3954} INFO - Setting next_dagrun for example_sensors to None, run_after=None
[2024-07-13T01:49:39.347+0000] {processor.py:183} INFO - Processing /home/airflow/.local/lib/python3.12/site-packages/airflow/example_dags/example_sensors.py took 0.081 seconds
[2024-07-13T01:50:10.095+0000] {processor.py:161} INFO - Started process (PID=904) to work on /home/airflow/.local/lib/python3.12/site-packages/airflow/example_dags/example_sensors.py
[2024-07-13T01:50:10.096+0000] {processor.py:830} INFO - Processing file /home/airflow/.local/lib/python3.12/site-packages/airflow/example_dags/example_sensors.py for tasks to queue
[2024-07-13T01:50:10.098+0000] {logging_mixin.py:188} INFO - [2024-07-13T01:50:10.097+0000] {dagbag.py:545} INFO - Filling up the DagBag from /home/airflow/.local/lib/python3.12/site-packages/airflow/example_dags/example_sensors.py
[2024-07-13T01:50:10.111+0000] {processor.py:840} INFO - DAG(s) 'example_sensors' retrieved from /home/airflow/.local/lib/python3.12/site-packages/airflow/example_dags/example_sensors.py
[2024-07-13T01:50:10.150+0000] {logging_mixin.py:188} INFO - [2024-07-13T01:50:10.150+0000] {dag.py:3096} INFO - Sync 1 DAGs
[2024-07-13T01:50:10.163+0000] {logging_mixin.py:188} INFO - [2024-07-13T01:50:10.162+0000] {dag.py:3954} INFO - Setting next_dagrun for example_sensors to None, run_after=None
[2024-07-13T01:50:10.193+0000] {processor.py:183} INFO - Processing /home/airflow/.local/lib/python3.12/site-packages/airflow/example_dags/example_sensors.py took 0.104 seconds
[2024-07-13T01:50:40.361+0000] {processor.py:161} INFO - Started process (PID=964) to work on /home/airflow/.local/lib/python3.12/site-packages/airflow/example_dags/example_sensors.py
[2024-07-13T01:50:40.362+0000] {processor.py:830} INFO - Processing file /home/airflow/.local/lib/python3.12/site-packages/airflow/example_dags/example_sensors.py for tasks to queue
[2024-07-13T01:50:40.364+0000] {logging_mixin.py:188} INFO - [2024-07-13T01:50:40.364+0000] {dagbag.py:545} INFO - Filling up the DagBag from /home/airflow/.local/lib/python3.12/site-packages/airflow/example_dags/example_sensors.py
[2024-07-13T01:50:40.374+0000] {processor.py:840} INFO - DAG(s) 'example_sensors' retrieved from /home/airflow/.local/lib/python3.12/site-packages/airflow/example_dags/example_sensors.py
[2024-07-13T01:50:40.405+0000] {logging_mixin.py:188} INFO - [2024-07-13T01:50:40.405+0000] {dag.py:3096} INFO - Sync 1 DAGs
[2024-07-13T01:50:40.416+0000] {logging_mixin.py:188} INFO - [2024-07-13T01:50:40.416+0000] {dag.py:3954} INFO - Setting next_dagrun for example_sensors to None, run_after=None
[2024-07-13T01:50:40.444+0000] {processor.py:183} INFO - Processing /home/airflow/.local/lib/python3.12/site-packages/airflow/example_dags/example_sensors.py took 0.088 seconds
[2024-07-13T01:51:10.793+0000] {processor.py:161} INFO - Started process (PID=1025) to work on /home/airflow/.local/lib/python3.12/site-packages/airflow/example_dags/example_sensors.py
[2024-07-13T01:51:10.794+0000] {processor.py:830} INFO - Processing file /home/airflow/.local/lib/python3.12/site-packages/airflow/example_dags/example_sensors.py for tasks to queue
[2024-07-13T01:51:10.796+0000] {logging_mixin.py:188} INFO - [2024-07-13T01:51:10.796+0000] {dagbag.py:545} INFO - Filling up the DagBag from /home/airflow/.local/lib/python3.12/site-packages/airflow/example_dags/example_sensors.py
[2024-07-13T01:51:10.806+0000] {processor.py:840} INFO - DAG(s) 'example_sensors' retrieved from /home/airflow/.local/lib/python3.12/site-packages/airflow/example_dags/example_sensors.py
[2024-07-13T01:51:10.835+0000] {logging_mixin.py:188} INFO - [2024-07-13T01:51:10.835+0000] {dag.py:3096} INFO - Sync 1 DAGs
[2024-07-13T01:51:10.847+0000] {logging_mixin.py:188} INFO - [2024-07-13T01:51:10.846+0000] {dag.py:3954} INFO - Setting next_dagrun for example_sensors to None, run_after=None
[2024-07-13T01:51:10.878+0000] {processor.py:183} INFO - Processing /home/airflow/.local/lib/python3.12/site-packages/airflow/example_dags/example_sensors.py took 0.092 seconds
[2024-07-13T01:51:41.292+0000] {processor.py:161} INFO - Started process (PID=1087) to work on /home/airflow/.local/lib/python3.12/site-packages/airflow/example_dags/example_sensors.py
[2024-07-13T01:51:41.302+0000] {processor.py:830} INFO - Processing file /home/airflow/.local/lib/python3.12/site-packages/airflow/example_dags/example_sensors.py for tasks to queue
[2024-07-13T01:51:41.304+0000] {logging_mixin.py:188} INFO - [2024-07-13T01:51:41.304+0000] {dagbag.py:545} INFO - Filling up the DagBag from /home/airflow/.local/lib/python3.12/site-packages/airflow/example_dags/example_sensors.py
[2024-07-13T01:51:41.334+0000] {processor.py:840} INFO - DAG(s) 'example_sensors' retrieved from /home/airflow/.local/lib/python3.12/site-packages/airflow/example_dags/example_sensors.py
[2024-07-13T01:51:41.380+0000] {logging_mixin.py:188} INFO - [2024-07-13T01:51:41.379+0000] {dag.py:3096} INFO - Sync 1 DAGs
[2024-07-13T01:51:41.395+0000] {logging_mixin.py:188} INFO - [2024-07-13T01:51:41.395+0000] {dag.py:3954} INFO - Setting next_dagrun for example_sensors to None, run_after=None
[2024-07-13T01:51:41.423+0000] {processor.py:183} INFO - Processing /home/airflow/.local/lib/python3.12/site-packages/airflow/example_dags/example_sensors.py took 0.137 seconds
[2024-07-13T01:52:12.111+0000] {processor.py:161} INFO - Started process (PID=1147) to work on /home/airflow/.local/lib/python3.12/site-packages/airflow/example_dags/example_sensors.py
[2024-07-13T01:52:12.112+0000] {processor.py:830} INFO - Processing file /home/airflow/.local/lib/python3.12/site-packages/airflow/example_dags/example_sensors.py for tasks to queue
[2024-07-13T01:52:12.114+0000] {logging_mixin.py:188} INFO - [2024-07-13T01:52:12.114+0000] {dagbag.py:545} INFO - Filling up the DagBag from /home/airflow/.local/lib/python3.12/site-packages/airflow/example_dags/example_sensors.py
[2024-07-13T01:52:12.131+0000] {processor.py:840} INFO - DAG(s) 'example_sensors' retrieved from /home/airflow/.local/lib/python3.12/site-packages/airflow/example_dags/example_sensors.py
[2024-07-13T01:52:12.189+0000] {logging_mixin.py:188} INFO - [2024-07-13T01:52:12.188+0000] {dag.py:3096} INFO - Sync 1 DAGs
[2024-07-13T01:52:12.218+0000] {logging_mixin.py:188} INFO - [2024-07-13T01:52:12.218+0000] {dag.py:3954} INFO - Setting next_dagrun for example_sensors to None, run_after=None
[2024-07-13T01:52:12.259+0000] {processor.py:183} INFO - Processing /home/airflow/.local/lib/python3.12/site-packages/airflow/example_dags/example_sensors.py took 0.166 seconds
[2024-07-13T01:52:42.687+0000] {processor.py:161} INFO - Started process (PID=1208) to work on /home/airflow/.local/lib/python3.12/site-packages/airflow/example_dags/example_sensors.py
[2024-07-13T01:52:42.688+0000] {processor.py:830} INFO - Processing file /home/airflow/.local/lib/python3.12/site-packages/airflow/example_dags/example_sensors.py for tasks to queue
[2024-07-13T01:52:42.689+0000] {logging_mixin.py:188} INFO - [2024-07-13T01:52:42.689+0000] {dagbag.py:545} INFO - Filling up the DagBag from /home/airflow/.local/lib/python3.12/site-packages/airflow/example_dags/example_sensors.py
[2024-07-13T01:52:42.700+0000] {processor.py:840} INFO - DAG(s) 'example_sensors' retrieved from /home/airflow/.local/lib/python3.12/site-packages/airflow/example_dags/example_sensors.py
[2024-07-13T01:52:42.730+0000] {logging_mixin.py:188} INFO - [2024-07-13T01:52:42.730+0000] {dag.py:3096} INFO - Sync 1 DAGs
[2024-07-13T01:52:42.740+0000] {logging_mixin.py:188} INFO - [2024-07-13T01:52:42.740+0000] {dag.py:3954} INFO - Setting next_dagrun for example_sensors to None, run_after=None
[2024-07-13T01:52:42.764+0000] {processor.py:183} INFO - Processing /home/airflow/.local/lib/python3.12/site-packages/airflow/example_dags/example_sensors.py took 0.083 seconds
[2024-07-13T01:53:13.025+0000] {processor.py:161} INFO - Started process (PID=1269) to work on /home/airflow/.local/lib/python3.12/site-packages/airflow/example_dags/example_sensors.py
[2024-07-13T01:53:13.026+0000] {processor.py:830} INFO - Processing file /home/airflow/.local/lib/python3.12/site-packages/airflow/example_dags/example_sensors.py for tasks to queue
[2024-07-13T01:53:13.027+0000] {logging_mixin.py:188} INFO - [2024-07-13T01:53:13.027+0000] {dagbag.py:545} INFO - Filling up the DagBag from /home/airflow/.local/lib/python3.12/site-packages/airflow/example_dags/example_sensors.py
[2024-07-13T01:53:13.037+0000] {processor.py:840} INFO - DAG(s) 'example_sensors' retrieved from /home/airflow/.local/lib/python3.12/site-packages/airflow/example_dags/example_sensors.py
[2024-07-13T01:53:13.067+0000] {logging_mixin.py:188} INFO - [2024-07-13T01:53:13.066+0000] {dag.py:3096} INFO - Sync 1 DAGs
[2024-07-13T01:53:13.080+0000] {logging_mixin.py:188} INFO - [2024-07-13T01:53:13.080+0000] {dag.py:3954} INFO - Setting next_dagrun for example_sensors to None, run_after=None
[2024-07-13T01:53:13.109+0000] {processor.py:183} INFO - Processing /home/airflow/.local/lib/python3.12/site-packages/airflow/example_dags/example_sensors.py took 0.090 seconds
[2024-07-13T01:53:43.426+0000] {processor.py:161} INFO - Started process (PID=1330) to work on /home/airflow/.local/lib/python3.12/site-packages/airflow/example_dags/example_sensors.py
[2024-07-13T01:53:43.426+0000] {processor.py:830} INFO - Processing file /home/airflow/.local/lib/python3.12/site-packages/airflow/example_dags/example_sensors.py for tasks to queue
[2024-07-13T01:53:43.428+0000] {logging_mixin.py:188} INFO - [2024-07-13T01:53:43.428+0000] {dagbag.py:545} INFO - Filling up the DagBag from /home/airflow/.local/lib/python3.12/site-packages/airflow/example_dags/example_sensors.py
[2024-07-13T01:53:43.438+0000] {processor.py:840} INFO - DAG(s) 'example_sensors' retrieved from /home/airflow/.local/lib/python3.12/site-packages/airflow/example_dags/example_sensors.py
[2024-07-13T01:53:43.471+0000] {logging_mixin.py:188} INFO - [2024-07-13T01:53:43.468+0000] {dag.py:3096} INFO - Sync 1 DAGs
[2024-07-13T01:53:43.487+0000] {logging_mixin.py:188} INFO - [2024-07-13T01:53:43.487+0000] {dag.py:3954} INFO - Setting next_dagrun for example_sensors to None, run_after=None
[2024-07-13T01:53:43.533+0000] {processor.py:183} INFO - Processing /home/airflow/.local/lib/python3.12/site-packages/airflow/example_dags/example_sensors.py took 0.113 seconds
[2024-07-13T01:54:13.853+0000] {processor.py:161} INFO - Started process (PID=1391) to work on /home/airflow/.local/lib/python3.12/site-packages/airflow/example_dags/example_sensors.py
[2024-07-13T01:54:13.854+0000] {processor.py:830} INFO - Processing file /home/airflow/.local/lib/python3.12/site-packages/airflow/example_dags/example_sensors.py for tasks to queue
[2024-07-13T01:54:13.857+0000] {logging_mixin.py:188} INFO - [2024-07-13T01:54:13.856+0000] {dagbag.py:545} INFO - Filling up the DagBag from /home/airflow/.local/lib/python3.12/site-packages/airflow/example_dags/example_sensors.py
[2024-07-13T01:54:13.867+0000] {processor.py:840} INFO - DAG(s) 'example_sensors' retrieved from /home/airflow/.local/lib/python3.12/site-packages/airflow/example_dags/example_sensors.py
[2024-07-13T01:54:13.894+0000] {logging_mixin.py:188} INFO - [2024-07-13T01:54:13.893+0000] {dag.py:3096} INFO - Sync 1 DAGs
[2024-07-13T01:54:13.906+0000] {logging_mixin.py:188} INFO - [2024-07-13T01:54:13.906+0000] {dag.py:3954} INFO - Setting next_dagrun for example_sensors to None, run_after=None
[2024-07-13T01:54:13.929+0000] {processor.py:183} INFO - Processing /home/airflow/.local/lib/python3.12/site-packages/airflow/example_dags/example_sensors.py took 0.081 seconds
[2024-07-13T01:54:44.072+0000] {processor.py:161} INFO - Started process (PID=1454) to work on /home/airflow/.local/lib/python3.12/site-packages/airflow/example_dags/example_sensors.py
[2024-07-13T01:54:44.073+0000] {processor.py:830} INFO - Processing file /home/airflow/.local/lib/python3.12/site-packages/airflow/example_dags/example_sensors.py for tasks to queue
[2024-07-13T01:54:44.074+0000] {logging_mixin.py:188} INFO - [2024-07-13T01:54:44.074+0000] {dagbag.py:545} INFO - Filling up the DagBag from /home/airflow/.local/lib/python3.12/site-packages/airflow/example_dags/example_sensors.py
[2024-07-13T01:54:44.085+0000] {processor.py:840} INFO - DAG(s) 'example_sensors' retrieved from /home/airflow/.local/lib/python3.12/site-packages/airflow/example_dags/example_sensors.py
[2024-07-13T01:54:44.113+0000] {logging_mixin.py:188} INFO - [2024-07-13T01:54:44.113+0000] {dag.py:3096} INFO - Sync 1 DAGs
[2024-07-13T01:54:44.128+0000] {logging_mixin.py:188} INFO - [2024-07-13T01:54:44.128+0000] {dag.py:3954} INFO - Setting next_dagrun for example_sensors to None, run_after=None
[2024-07-13T01:54:44.153+0000] {processor.py:183} INFO - Processing /home/airflow/.local/lib/python3.12/site-packages/airflow/example_dags/example_sensors.py took 0.088 seconds
[2024-07-13T01:55:14.365+0000] {processor.py:161} INFO - Started process (PID=1515) to work on /home/airflow/.local/lib/python3.12/site-packages/airflow/example_dags/example_sensors.py
[2024-07-13T01:55:14.366+0000] {processor.py:830} INFO - Processing file /home/airflow/.local/lib/python3.12/site-packages/airflow/example_dags/example_sensors.py for tasks to queue
[2024-07-13T01:55:14.368+0000] {logging_mixin.py:188} INFO - [2024-07-13T01:55:14.368+0000] {dagbag.py:545} INFO - Filling up the DagBag from /home/airflow/.local/lib/python3.12/site-packages/airflow/example_dags/example_sensors.py
[2024-07-13T01:55:14.380+0000] {processor.py:840} INFO - DAG(s) 'example_sensors' retrieved from /home/airflow/.local/lib/python3.12/site-packages/airflow/example_dags/example_sensors.py
[2024-07-13T01:55:14.411+0000] {logging_mixin.py:188} INFO - [2024-07-13T01:55:14.411+0000] {dag.py:3096} INFO - Sync 1 DAGs
[2024-07-13T01:55:14.422+0000] {logging_mixin.py:188} INFO - [2024-07-13T01:55:14.422+0000] {dag.py:3954} INFO - Setting next_dagrun for example_sensors to None, run_after=None
[2024-07-13T01:55:14.445+0000] {processor.py:183} INFO - Processing /home/airflow/.local/lib/python3.12/site-packages/airflow/example_dags/example_sensors.py took 0.085 seconds
[2024-07-13T01:55:45.180+0000] {processor.py:161} INFO - Started process (PID=1577) to work on /home/airflow/.local/lib/python3.12/site-packages/airflow/example_dags/example_sensors.py
[2024-07-13T01:55:45.184+0000] {processor.py:830} INFO - Processing file /home/airflow/.local/lib/python3.12/site-packages/airflow/example_dags/example_sensors.py for tasks to queue
[2024-07-13T01:55:45.186+0000] {logging_mixin.py:188} INFO - [2024-07-13T01:55:45.186+0000] {dagbag.py:545} INFO - Filling up the DagBag from /home/airflow/.local/lib/python3.12/site-packages/airflow/example_dags/example_sensors.py
[2024-07-13T01:55:45.210+0000] {processor.py:840} INFO - DAG(s) 'example_sensors' retrieved from /home/airflow/.local/lib/python3.12/site-packages/airflow/example_dags/example_sensors.py
[2024-07-13T01:55:45.300+0000] {logging_mixin.py:188} INFO - [2024-07-13T01:55:45.300+0000] {dag.py:3096} INFO - Sync 1 DAGs
[2024-07-13T01:55:45.319+0000] {logging_mixin.py:188} INFO - [2024-07-13T01:55:45.318+0000] {dag.py:3954} INFO - Setting next_dagrun for example_sensors to None, run_after=None
[2024-07-13T01:55:45.360+0000] {processor.py:183} INFO - Processing /home/airflow/.local/lib/python3.12/site-packages/airflow/example_dags/example_sensors.py took 0.186 seconds
[2024-07-13T01:56:15.758+0000] {processor.py:161} INFO - Started process (PID=1639) to work on /home/airflow/.local/lib/python3.12/site-packages/airflow/example_dags/example_sensors.py
[2024-07-13T01:56:15.761+0000] {processor.py:830} INFO - Processing file /home/airflow/.local/lib/python3.12/site-packages/airflow/example_dags/example_sensors.py for tasks to queue
[2024-07-13T01:56:15.763+0000] {logging_mixin.py:188} INFO - [2024-07-13T01:56:15.763+0000] {dagbag.py:545} INFO - Filling up the DagBag from /home/airflow/.local/lib/python3.12/site-packages/airflow/example_dags/example_sensors.py
[2024-07-13T01:56:15.783+0000] {processor.py:840} INFO - DAG(s) 'example_sensors' retrieved from /home/airflow/.local/lib/python3.12/site-packages/airflow/example_dags/example_sensors.py
[2024-07-13T01:56:15.826+0000] {logging_mixin.py:188} INFO - [2024-07-13T01:56:15.826+0000] {dag.py:3096} INFO - Sync 1 DAGs
[2024-07-13T01:56:15.840+0000] {logging_mixin.py:188} INFO - [2024-07-13T01:56:15.840+0000] {dag.py:3954} INFO - Setting next_dagrun for example_sensors to None, run_after=None
[2024-07-13T01:56:15.866+0000] {processor.py:183} INFO - Processing /home/airflow/.local/lib/python3.12/site-packages/airflow/example_dags/example_sensors.py took 0.123 seconds
[2024-07-13T02:00:43.561+0000] {processor.py:161} INFO - Started process (PID=53) to work on /home/airflow/.local/lib/python3.12/site-packages/airflow/example_dags/example_sensors.py
[2024-07-13T02:00:43.571+0000] {processor.py:830} INFO - Processing file /home/airflow/.local/lib/python3.12/site-packages/airflow/example_dags/example_sensors.py for tasks to queue
[2024-07-13T02:00:43.573+0000] {logging_mixin.py:188} INFO - [2024-07-13T02:00:43.572+0000] {dagbag.py:545} INFO - Filling up the DagBag from /home/airflow/.local/lib/python3.12/site-packages/airflow/example_dags/example_sensors.py
[2024-07-13T02:00:43.594+0000] {processor.py:840} INFO - DAG(s) 'example_sensors' retrieved from /home/airflow/.local/lib/python3.12/site-packages/airflow/example_dags/example_sensors.py
[2024-07-13T02:00:43.864+0000] {logging_mixin.py:188} INFO - [2024-07-13T02:00:43.864+0000] {dag.py:3096} INFO - Sync 1 DAGs
[2024-07-13T02:00:43.884+0000] {logging_mixin.py:188} INFO - [2024-07-13T02:00:43.883+0000] {dag.py:3954} INFO - Setting next_dagrun for example_sensors to None, run_after=None
[2024-07-13T02:00:43.934+0000] {processor.py:183} INFO - Processing /home/airflow/.local/lib/python3.12/site-packages/airflow/example_dags/example_sensors.py took 0.396 seconds
[2024-07-13T02:01:14.587+0000] {processor.py:161} INFO - Started process (PID=114) to work on /home/airflow/.local/lib/python3.12/site-packages/airflow/example_dags/example_sensors.py
[2024-07-13T02:01:14.589+0000] {processor.py:830} INFO - Processing file /home/airflow/.local/lib/python3.12/site-packages/airflow/example_dags/example_sensors.py for tasks to queue
[2024-07-13T02:01:14.590+0000] {logging_mixin.py:188} INFO - [2024-07-13T02:01:14.590+0000] {dagbag.py:545} INFO - Filling up the DagBag from /home/airflow/.local/lib/python3.12/site-packages/airflow/example_dags/example_sensors.py
[2024-07-13T02:01:14.601+0000] {processor.py:840} INFO - DAG(s) 'example_sensors' retrieved from /home/airflow/.local/lib/python3.12/site-packages/airflow/example_dags/example_sensors.py
[2024-07-13T02:01:14.636+0000] {logging_mixin.py:188} INFO - [2024-07-13T02:01:14.635+0000] {dag.py:3096} INFO - Sync 1 DAGs
[2024-07-13T02:01:14.656+0000] {logging_mixin.py:188} INFO - [2024-07-13T02:01:14.656+0000] {dag.py:3954} INFO - Setting next_dagrun for example_sensors to None, run_after=None
[2024-07-13T02:01:14.696+0000] {processor.py:183} INFO - Processing /home/airflow/.local/lib/python3.12/site-packages/airflow/example_dags/example_sensors.py took 0.114 seconds
[2024-07-13T02:01:45.574+0000] {processor.py:161} INFO - Started process (PID=175) to work on /home/airflow/.local/lib/python3.12/site-packages/airflow/example_dags/example_sensors.py
[2024-07-13T02:01:45.574+0000] {processor.py:830} INFO - Processing file /home/airflow/.local/lib/python3.12/site-packages/airflow/example_dags/example_sensors.py for tasks to queue
[2024-07-13T02:01:45.575+0000] {logging_mixin.py:188} INFO - [2024-07-13T02:01:45.575+0000] {dagbag.py:545} INFO - Filling up the DagBag from /home/airflow/.local/lib/python3.12/site-packages/airflow/example_dags/example_sensors.py
[2024-07-13T02:01:45.586+0000] {processor.py:840} INFO - DAG(s) 'example_sensors' retrieved from /home/airflow/.local/lib/python3.12/site-packages/airflow/example_dags/example_sensors.py
[2024-07-13T02:01:45.633+0000] {logging_mixin.py:188} INFO - [2024-07-13T02:01:45.633+0000] {dag.py:3096} INFO - Sync 1 DAGs
[2024-07-13T02:01:45.656+0000] {logging_mixin.py:188} INFO - [2024-07-13T02:01:45.656+0000] {dag.py:3954} INFO - Setting next_dagrun for example_sensors to None, run_after=None
[2024-07-13T02:01:45.694+0000] {processor.py:183} INFO - Processing /home/airflow/.local/lib/python3.12/site-packages/airflow/example_dags/example_sensors.py took 0.126 seconds
[2024-07-13T02:02:16.055+0000] {processor.py:161} INFO - Started process (PID=237) to work on /home/airflow/.local/lib/python3.12/site-packages/airflow/example_dags/example_sensors.py
[2024-07-13T02:02:16.056+0000] {processor.py:830} INFO - Processing file /home/airflow/.local/lib/python3.12/site-packages/airflow/example_dags/example_sensors.py for tasks to queue
[2024-07-13T02:02:16.057+0000] {logging_mixin.py:188} INFO - [2024-07-13T02:02:16.057+0000] {dagbag.py:545} INFO - Filling up the DagBag from /home/airflow/.local/lib/python3.12/site-packages/airflow/example_dags/example_sensors.py
[2024-07-13T02:02:16.067+0000] {processor.py:840} INFO - DAG(s) 'example_sensors' retrieved from /home/airflow/.local/lib/python3.12/site-packages/airflow/example_dags/example_sensors.py
[2024-07-13T02:02:16.096+0000] {logging_mixin.py:188} INFO - [2024-07-13T02:02:16.096+0000] {dag.py:3096} INFO - Sync 1 DAGs
[2024-07-13T02:02:16.107+0000] {logging_mixin.py:188} INFO - [2024-07-13T02:02:16.106+0000] {dag.py:3954} INFO - Setting next_dagrun for example_sensors to None, run_after=None
[2024-07-13T02:02:16.132+0000] {processor.py:183} INFO - Processing /home/airflow/.local/lib/python3.12/site-packages/airflow/example_dags/example_sensors.py took 0.092 seconds
[2024-07-13T02:02:46.291+0000] {processor.py:161} INFO - Started process (PID=299) to work on /home/airflow/.local/lib/python3.12/site-packages/airflow/example_dags/example_sensors.py
[2024-07-13T02:02:46.292+0000] {processor.py:830} INFO - Processing file /home/airflow/.local/lib/python3.12/site-packages/airflow/example_dags/example_sensors.py for tasks to queue
[2024-07-13T02:02:46.292+0000] {logging_mixin.py:188} INFO - [2024-07-13T02:02:46.292+0000] {dagbag.py:545} INFO - Filling up the DagBag from /home/airflow/.local/lib/python3.12/site-packages/airflow/example_dags/example_sensors.py
[2024-07-13T02:02:46.302+0000] {processor.py:840} INFO - DAG(s) 'example_sensors' retrieved from /home/airflow/.local/lib/python3.12/site-packages/airflow/example_dags/example_sensors.py
[2024-07-13T02:02:46.330+0000] {logging_mixin.py:188} INFO - [2024-07-13T02:02:46.330+0000] {dag.py:3096} INFO - Sync 1 DAGs
[2024-07-13T02:02:46.343+0000] {logging_mixin.py:188} INFO - [2024-07-13T02:02:46.343+0000] {dag.py:3954} INFO - Setting next_dagrun for example_sensors to None, run_after=None
[2024-07-13T02:02:46.367+0000] {processor.py:183} INFO - Processing /home/airflow/.local/lib/python3.12/site-packages/airflow/example_dags/example_sensors.py took 0.082 seconds
[2024-07-13T02:03:16.521+0000] {processor.py:161} INFO - Started process (PID=360) to work on /home/airflow/.local/lib/python3.12/site-packages/airflow/example_dags/example_sensors.py
[2024-07-13T02:03:16.522+0000] {processor.py:830} INFO - Processing file /home/airflow/.local/lib/python3.12/site-packages/airflow/example_dags/example_sensors.py for tasks to queue
[2024-07-13T02:03:16.523+0000] {logging_mixin.py:188} INFO - [2024-07-13T02:03:16.523+0000] {dagbag.py:545} INFO - Filling up the DagBag from /home/airflow/.local/lib/python3.12/site-packages/airflow/example_dags/example_sensors.py
[2024-07-13T02:03:16.533+0000] {processor.py:840} INFO - DAG(s) 'example_sensors' retrieved from /home/airflow/.local/lib/python3.12/site-packages/airflow/example_dags/example_sensors.py
[2024-07-13T02:03:16.561+0000] {logging_mixin.py:188} INFO - [2024-07-13T02:03:16.561+0000] {dag.py:3096} INFO - Sync 1 DAGs
[2024-07-13T02:03:16.571+0000] {logging_mixin.py:188} INFO - [2024-07-13T02:03:16.571+0000] {dag.py:3954} INFO - Setting next_dagrun for example_sensors to None, run_after=None
[2024-07-13T02:03:16.598+0000] {processor.py:183} INFO - Processing /home/airflow/.local/lib/python3.12/site-packages/airflow/example_dags/example_sensors.py took 0.082 seconds
[2024-07-13T02:03:46.735+0000] {processor.py:161} INFO - Started process (PID=421) to work on /home/airflow/.local/lib/python3.12/site-packages/airflow/example_dags/example_sensors.py
[2024-07-13T02:03:46.736+0000] {processor.py:830} INFO - Processing file /home/airflow/.local/lib/python3.12/site-packages/airflow/example_dags/example_sensors.py for tasks to queue
[2024-07-13T02:03:46.737+0000] {logging_mixin.py:188} INFO - [2024-07-13T02:03:46.736+0000] {dagbag.py:545} INFO - Filling up the DagBag from /home/airflow/.local/lib/python3.12/site-packages/airflow/example_dags/example_sensors.py
[2024-07-13T02:03:46.746+0000] {processor.py:840} INFO - DAG(s) 'example_sensors' retrieved from /home/airflow/.local/lib/python3.12/site-packages/airflow/example_dags/example_sensors.py
[2024-07-13T02:03:46.772+0000] {logging_mixin.py:188} INFO - [2024-07-13T02:03:46.772+0000] {dag.py:3096} INFO - Sync 1 DAGs
[2024-07-13T02:03:46.788+0000] {logging_mixin.py:188} INFO - [2024-07-13T02:03:46.788+0000] {dag.py:3954} INFO - Setting next_dagrun for example_sensors to None, run_after=None
[2024-07-13T02:03:46.813+0000] {processor.py:183} INFO - Processing /home/airflow/.local/lib/python3.12/site-packages/airflow/example_dags/example_sensors.py took 0.084 seconds
[2024-07-13T02:04:18.045+0000] {processor.py:161} INFO - Started process (PID=484) to work on /home/airflow/.local/lib/python3.12/site-packages/airflow/example_dags/example_sensors.py
[2024-07-13T02:04:18.155+0000] {processor.py:830} INFO - Processing file /home/airflow/.local/lib/python3.12/site-packages/airflow/example_dags/example_sensors.py for tasks to queue
[2024-07-13T02:04:18.156+0000] {logging_mixin.py:188} INFO - [2024-07-13T02:04:18.156+0000] {dagbag.py:545} INFO - Filling up the DagBag from /home/airflow/.local/lib/python3.12/site-packages/airflow/example_dags/example_sensors.py
[2024-07-13T02:04:18.167+0000] {processor.py:840} INFO - DAG(s) 'example_sensors' retrieved from /home/airflow/.local/lib/python3.12/site-packages/airflow/example_dags/example_sensors.py
[2024-07-13T02:04:18.316+0000] {logging_mixin.py:188} INFO - [2024-07-13T02:04:18.315+0000] {dag.py:3096} INFO - Sync 1 DAGs
[2024-07-13T02:04:18.356+0000] {logging_mixin.py:188} INFO - [2024-07-13T02:04:18.356+0000] {dag.py:3954} INFO - Setting next_dagrun for example_sensors to None, run_after=None
[2024-07-13T02:04:18.386+0000] {processor.py:183} INFO - Processing /home/airflow/.local/lib/python3.12/site-packages/airflow/example_dags/example_sensors.py took 0.348 seconds
[2024-07-13T02:04:48.609+0000] {processor.py:161} INFO - Started process (PID=542) to work on /home/airflow/.local/lib/python3.12/site-packages/airflow/example_dags/example_sensors.py
[2024-07-13T02:04:48.610+0000] {processor.py:830} INFO - Processing file /home/airflow/.local/lib/python3.12/site-packages/airflow/example_dags/example_sensors.py for tasks to queue
[2024-07-13T02:04:48.611+0000] {logging_mixin.py:188} INFO - [2024-07-13T02:04:48.611+0000] {dagbag.py:545} INFO - Filling up the DagBag from /home/airflow/.local/lib/python3.12/site-packages/airflow/example_dags/example_sensors.py
[2024-07-13T02:04:48.621+0000] {processor.py:840} INFO - DAG(s) 'example_sensors' retrieved from /home/airflow/.local/lib/python3.12/site-packages/airflow/example_dags/example_sensors.py
[2024-07-13T02:04:48.656+0000] {logging_mixin.py:188} INFO - [2024-07-13T02:04:48.656+0000] {dag.py:3096} INFO - Sync 1 DAGs
[2024-07-13T02:04:48.667+0000] {logging_mixin.py:188} INFO - [2024-07-13T02:04:48.667+0000] {dag.py:3954} INFO - Setting next_dagrun for example_sensors to None, run_after=None
[2024-07-13T02:04:48.697+0000] {processor.py:183} INFO - Processing /home/airflow/.local/lib/python3.12/site-packages/airflow/example_dags/example_sensors.py took 0.095 seconds
[2024-07-13T02:05:19.322+0000] {processor.py:161} INFO - Started process (PID=603) to work on /home/airflow/.local/lib/python3.12/site-packages/airflow/example_dags/example_sensors.py
[2024-07-13T02:05:19.322+0000] {processor.py:830} INFO - Processing file /home/airflow/.local/lib/python3.12/site-packages/airflow/example_dags/example_sensors.py for tasks to queue
[2024-07-13T02:05:19.323+0000] {logging_mixin.py:188} INFO - [2024-07-13T02:05:19.323+0000] {dagbag.py:545} INFO - Filling up the DagBag from /home/airflow/.local/lib/python3.12/site-packages/airflow/example_dags/example_sensors.py
[2024-07-13T02:05:19.333+0000] {processor.py:840} INFO - DAG(s) 'example_sensors' retrieved from /home/airflow/.local/lib/python3.12/site-packages/airflow/example_dags/example_sensors.py
[2024-07-13T02:05:19.366+0000] {logging_mixin.py:188} INFO - [2024-07-13T02:05:19.366+0000] {dag.py:3096} INFO - Sync 1 DAGs
[2024-07-13T02:05:19.379+0000] {logging_mixin.py:188} INFO - [2024-07-13T02:05:19.379+0000] {dag.py:3954} INFO - Setting next_dagrun for example_sensors to None, run_after=None
[2024-07-13T02:05:19.406+0000] {processor.py:183} INFO - Processing /home/airflow/.local/lib/python3.12/site-packages/airflow/example_dags/example_sensors.py took 0.090 seconds
[2024-07-13T02:05:50.262+0000] {processor.py:161} INFO - Started process (PID=664) to work on /home/airflow/.local/lib/python3.12/site-packages/airflow/example_dags/example_sensors.py
[2024-07-13T02:05:50.266+0000] {processor.py:830} INFO - Processing file /home/airflow/.local/lib/python3.12/site-packages/airflow/example_dags/example_sensors.py for tasks to queue
[2024-07-13T02:05:50.267+0000] {logging_mixin.py:188} INFO - [2024-07-13T02:05:50.267+0000] {dagbag.py:545} INFO - Filling up the DagBag from /home/airflow/.local/lib/python3.12/site-packages/airflow/example_dags/example_sensors.py
[2024-07-13T02:05:50.300+0000] {processor.py:840} INFO - DAG(s) 'example_sensors' retrieved from /home/airflow/.local/lib/python3.12/site-packages/airflow/example_dags/example_sensors.py
[2024-07-13T02:05:50.386+0000] {logging_mixin.py:188} INFO - [2024-07-13T02:05:50.385+0000] {dag.py:3096} INFO - Sync 1 DAGs
[2024-07-13T02:05:50.426+0000] {logging_mixin.py:188} INFO - [2024-07-13T02:05:50.425+0000] {dag.py:3954} INFO - Setting next_dagrun for example_sensors to None, run_after=None
[2024-07-13T02:05:50.506+0000] {processor.py:183} INFO - Processing /home/airflow/.local/lib/python3.12/site-packages/airflow/example_dags/example_sensors.py took 0.266 seconds
[2024-07-13T02:06:20.683+0000] {processor.py:161} INFO - Started process (PID=725) to work on /home/airflow/.local/lib/python3.12/site-packages/airflow/example_dags/example_sensors.py
[2024-07-13T02:06:20.684+0000] {processor.py:830} INFO - Processing file /home/airflow/.local/lib/python3.12/site-packages/airflow/example_dags/example_sensors.py for tasks to queue
[2024-07-13T02:06:20.685+0000] {logging_mixin.py:188} INFO - [2024-07-13T02:06:20.685+0000] {dagbag.py:545} INFO - Filling up the DagBag from /home/airflow/.local/lib/python3.12/site-packages/airflow/example_dags/example_sensors.py
[2024-07-13T02:06:20.698+0000] {processor.py:840} INFO - DAG(s) 'example_sensors' retrieved from /home/airflow/.local/lib/python3.12/site-packages/airflow/example_dags/example_sensors.py
[2024-07-13T02:06:20.876+0000] {logging_mixin.py:188} INFO - [2024-07-13T02:06:20.876+0000] {dag.py:3096} INFO - Sync 1 DAGs
[2024-07-13T02:06:20.888+0000] {logging_mixin.py:188} INFO - [2024-07-13T02:06:20.888+0000] {dag.py:3954} INFO - Setting next_dagrun for example_sensors to None, run_after=None
[2024-07-13T02:06:20.911+0000] {processor.py:183} INFO - Processing /home/airflow/.local/lib/python3.12/site-packages/airflow/example_dags/example_sensors.py took 0.232 seconds
[2024-07-13T02:06:51.826+0000] {processor.py:161} INFO - Started process (PID=786) to work on /home/airflow/.local/lib/python3.12/site-packages/airflow/example_dags/example_sensors.py
[2024-07-13T02:06:51.827+0000] {processor.py:830} INFO - Processing file /home/airflow/.local/lib/python3.12/site-packages/airflow/example_dags/example_sensors.py for tasks to queue
[2024-07-13T02:06:51.828+0000] {logging_mixin.py:188} INFO - [2024-07-13T02:06:51.828+0000] {dagbag.py:545} INFO - Filling up the DagBag from /home/airflow/.local/lib/python3.12/site-packages/airflow/example_dags/example_sensors.py
[2024-07-13T02:06:51.839+0000] {processor.py:840} INFO - DAG(s) 'example_sensors' retrieved from /home/airflow/.local/lib/python3.12/site-packages/airflow/example_dags/example_sensors.py
[2024-07-13T02:06:51.868+0000] {logging_mixin.py:188} INFO - [2024-07-13T02:06:51.868+0000] {dag.py:3096} INFO - Sync 1 DAGs
[2024-07-13T02:06:51.881+0000] {logging_mixin.py:188} INFO - [2024-07-13T02:06:51.880+0000] {dag.py:3954} INFO - Setting next_dagrun for example_sensors to None, run_after=None
[2024-07-13T02:06:51.907+0000] {processor.py:183} INFO - Processing /home/airflow/.local/lib/python3.12/site-packages/airflow/example_dags/example_sensors.py took 0.086 seconds
[2024-07-13T02:07:22.320+0000] {processor.py:161} INFO - Started process (PID=848) to work on /home/airflow/.local/lib/python3.12/site-packages/airflow/example_dags/example_sensors.py
[2024-07-13T02:07:22.321+0000] {processor.py:830} INFO - Processing file /home/airflow/.local/lib/python3.12/site-packages/airflow/example_dags/example_sensors.py for tasks to queue
[2024-07-13T02:07:22.322+0000] {logging_mixin.py:188} INFO - [2024-07-13T02:07:22.321+0000] {dagbag.py:545} INFO - Filling up the DagBag from /home/airflow/.local/lib/python3.12/site-packages/airflow/example_dags/example_sensors.py
[2024-07-13T02:07:22.332+0000] {processor.py:840} INFO - DAG(s) 'example_sensors' retrieved from /home/airflow/.local/lib/python3.12/site-packages/airflow/example_dags/example_sensors.py
[2024-07-13T02:07:22.361+0000] {logging_mixin.py:188} INFO - [2024-07-13T02:07:22.360+0000] {dag.py:3096} INFO - Sync 1 DAGs
[2024-07-13T02:07:22.373+0000] {logging_mixin.py:188} INFO - [2024-07-13T02:07:22.373+0000] {dag.py:3954} INFO - Setting next_dagrun for example_sensors to None, run_after=None
[2024-07-13T02:07:22.399+0000] {processor.py:183} INFO - Processing /home/airflow/.local/lib/python3.12/site-packages/airflow/example_dags/example_sensors.py took 0.084 seconds
[2024-07-13T02:07:52.660+0000] {processor.py:161} INFO - Started process (PID=909) to work on /home/airflow/.local/lib/python3.12/site-packages/airflow/example_dags/example_sensors.py
[2024-07-13T02:07:52.664+0000] {processor.py:830} INFO - Processing file /home/airflow/.local/lib/python3.12/site-packages/airflow/example_dags/example_sensors.py for tasks to queue
[2024-07-13T02:07:52.665+0000] {logging_mixin.py:188} INFO - [2024-07-13T02:07:52.665+0000] {dagbag.py:545} INFO - Filling up the DagBag from /home/airflow/.local/lib/python3.12/site-packages/airflow/example_dags/example_sensors.py
[2024-07-13T02:07:52.674+0000] {processor.py:840} INFO - DAG(s) 'example_sensors' retrieved from /home/airflow/.local/lib/python3.12/site-packages/airflow/example_dags/example_sensors.py
[2024-07-13T02:07:52.704+0000] {logging_mixin.py:188} INFO - [2024-07-13T02:07:52.703+0000] {dag.py:3096} INFO - Sync 1 DAGs
[2024-07-13T02:07:52.717+0000] {logging_mixin.py:188} INFO - [2024-07-13T02:07:52.717+0000] {dag.py:3954} INFO - Setting next_dagrun for example_sensors to None, run_after=None
[2024-07-13T02:07:52.742+0000] {processor.py:183} INFO - Processing /home/airflow/.local/lib/python3.12/site-packages/airflow/example_dags/example_sensors.py took 0.088 seconds
[2024-07-13T02:08:23.430+0000] {processor.py:161} INFO - Started process (PID=971) to work on /home/airflow/.local/lib/python3.12/site-packages/airflow/example_dags/example_sensors.py
[2024-07-13T02:08:23.431+0000] {processor.py:830} INFO - Processing file /home/airflow/.local/lib/python3.12/site-packages/airflow/example_dags/example_sensors.py for tasks to queue
[2024-07-13T02:08:23.431+0000] {logging_mixin.py:188} INFO - [2024-07-13T02:08:23.431+0000] {dagbag.py:545} INFO - Filling up the DagBag from /home/airflow/.local/lib/python3.12/site-packages/airflow/example_dags/example_sensors.py
[2024-07-13T02:08:23.442+0000] {processor.py:840} INFO - DAG(s) 'example_sensors' retrieved from /home/airflow/.local/lib/python3.12/site-packages/airflow/example_dags/example_sensors.py
[2024-07-13T02:08:23.471+0000] {logging_mixin.py:188} INFO - [2024-07-13T02:08:23.470+0000] {dag.py:3096} INFO - Sync 1 DAGs
[2024-07-13T02:08:23.484+0000] {logging_mixin.py:188} INFO - [2024-07-13T02:08:23.483+0000] {dag.py:3954} INFO - Setting next_dagrun for example_sensors to None, run_after=None
[2024-07-13T02:08:23.523+0000] {processor.py:183} INFO - Processing /home/airflow/.local/lib/python3.12/site-packages/airflow/example_dags/example_sensors.py took 0.099 seconds
[2024-07-13T02:08:54.351+0000] {processor.py:161} INFO - Started process (PID=1032) to work on /home/airflow/.local/lib/python3.12/site-packages/airflow/example_dags/example_sensors.py
[2024-07-13T02:08:54.352+0000] {processor.py:830} INFO - Processing file /home/airflow/.local/lib/python3.12/site-packages/airflow/example_dags/example_sensors.py for tasks to queue
[2024-07-13T02:08:54.353+0000] {logging_mixin.py:188} INFO - [2024-07-13T02:08:54.353+0000] {dagbag.py:545} INFO - Filling up the DagBag from /home/airflow/.local/lib/python3.12/site-packages/airflow/example_dags/example_sensors.py
[2024-07-13T02:08:54.388+0000] {processor.py:840} INFO - DAG(s) 'example_sensors' retrieved from /home/airflow/.local/lib/python3.12/site-packages/airflow/example_dags/example_sensors.py
[2024-07-13T02:08:54.449+0000] {logging_mixin.py:188} INFO - [2024-07-13T02:08:54.449+0000] {dag.py:3096} INFO - Sync 1 DAGs
[2024-07-13T02:08:54.468+0000] {logging_mixin.py:188} INFO - [2024-07-13T02:08:54.468+0000] {dag.py:3954} INFO - Setting next_dagrun for example_sensors to None, run_after=None
[2024-07-13T02:08:54.526+0000] {processor.py:183} INFO - Processing /home/airflow/.local/lib/python3.12/site-packages/airflow/example_dags/example_sensors.py took 0.193 seconds
