[2024-07-13T01:30:51.015+0000] {processor.py:161} INFO - Started process (PID=65) to work on /home/airflow/.local/lib/python3.12/site-packages/airflow/example_dags/example_branch_labels.py
[2024-07-13T01:30:51.019+0000] {processor.py:830} INFO - Processing file /home/airflow/.local/lib/python3.12/site-packages/airflow/example_dags/example_branch_labels.py for tasks to queue
[2024-07-13T01:30:51.027+0000] {logging_mixin.py:188} INFO - [2024-07-13T01:30:51.026+0000] {dagbag.py:545} INFO - Filling up the DagBag from /home/airflow/.local/lib/python3.12/site-packages/airflow/example_dags/example_branch_labels.py
[2024-07-13T01:30:51.082+0000] {processor.py:840} INFO - DAG(s) 'example_branch_labels' retrieved from /home/airflow/.local/lib/python3.12/site-packages/airflow/example_dags/example_branch_labels.py
[2024-07-13T01:30:51.776+0000] {logging_mixin.py:188} INFO - [2024-07-13T01:30:51.776+0000] {dag.py:3096} INFO - Sync 1 DAGs
[2024-07-13T01:30:51.851+0000] {logging_mixin.py:188} INFO - [2024-07-13T01:30:51.851+0000] {dag.py:3954} INFO - Setting next_dagrun for example_branch_labels to 2024-07-12 00:00:00+00:00, run_after=2024-07-13 00:00:00+00:00
[2024-07-13T01:30:51.943+0000] {processor.py:183} INFO - Processing /home/airflow/.local/lib/python3.12/site-packages/airflow/example_dags/example_branch_labels.py took 0.961 seconds
[2024-07-13T01:31:22.098+0000] {processor.py:161} INFO - Started process (PID=123) to work on /home/airflow/.local/lib/python3.12/site-packages/airflow/example_dags/example_branch_labels.py
[2024-07-13T01:31:22.099+0000] {processor.py:830} INFO - Processing file /home/airflow/.local/lib/python3.12/site-packages/airflow/example_dags/example_branch_labels.py for tasks to queue
[2024-07-13T01:31:22.100+0000] {logging_mixin.py:188} INFO - [2024-07-13T01:31:22.100+0000] {dagbag.py:545} INFO - Filling up the DagBag from /home/airflow/.local/lib/python3.12/site-packages/airflow/example_dags/example_branch_labels.py
[2024-07-13T01:31:22.106+0000] {processor.py:840} INFO - DAG(s) 'example_branch_labels' retrieved from /home/airflow/.local/lib/python3.12/site-packages/airflow/example_dags/example_branch_labels.py
[2024-07-13T01:31:22.121+0000] {logging_mixin.py:188} INFO - [2024-07-13T01:31:22.121+0000] {dag.py:3096} INFO - Sync 1 DAGs
[2024-07-13T01:31:22.137+0000] {logging_mixin.py:188} INFO - [2024-07-13T01:31:22.137+0000] {dag.py:3954} INFO - Setting next_dagrun for example_branch_labels to 2024-07-12 00:00:00+00:00, run_after=2024-07-13 00:00:00+00:00
[2024-07-13T01:31:22.160+0000] {processor.py:183} INFO - Processing /home/airflow/.local/lib/python3.12/site-packages/airflow/example_dags/example_branch_labels.py took 0.067 seconds
[2024-07-13T01:31:53.102+0000] {processor.py:161} INFO - Started process (PID=184) to work on /home/airflow/.local/lib/python3.12/site-packages/airflow/example_dags/example_branch_labels.py
[2024-07-13T01:31:53.103+0000] {processor.py:830} INFO - Processing file /home/airflow/.local/lib/python3.12/site-packages/airflow/example_dags/example_branch_labels.py for tasks to queue
[2024-07-13T01:31:53.104+0000] {logging_mixin.py:188} INFO - [2024-07-13T01:31:53.104+0000] {dagbag.py:545} INFO - Filling up the DagBag from /home/airflow/.local/lib/python3.12/site-packages/airflow/example_dags/example_branch_labels.py
[2024-07-13T01:31:53.110+0000] {processor.py:840} INFO - DAG(s) 'example_branch_labels' retrieved from /home/airflow/.local/lib/python3.12/site-packages/airflow/example_dags/example_branch_labels.py
[2024-07-13T01:31:53.133+0000] {logging_mixin.py:188} INFO - [2024-07-13T01:31:53.133+0000] {dag.py:3096} INFO - Sync 1 DAGs
[2024-07-13T01:31:53.157+0000] {logging_mixin.py:188} INFO - [2024-07-13T01:31:53.157+0000] {dag.py:3954} INFO - Setting next_dagrun for example_branch_labels to 2024-07-12 00:00:00+00:00, run_after=2024-07-13 00:00:00+00:00
[2024-07-13T01:31:53.196+0000] {processor.py:183} INFO - Processing /home/airflow/.local/lib/python3.12/site-packages/airflow/example_dags/example_branch_labels.py took 0.099 seconds
[2024-07-13T01:32:24.122+0000] {processor.py:161} INFO - Started process (PID=245) to work on /home/airflow/.local/lib/python3.12/site-packages/airflow/example_dags/example_branch_labels.py
[2024-07-13T01:32:24.130+0000] {processor.py:830} INFO - Processing file /home/airflow/.local/lib/python3.12/site-packages/airflow/example_dags/example_branch_labels.py for tasks to queue
[2024-07-13T01:32:24.132+0000] {logging_mixin.py:188} INFO - [2024-07-13T01:32:24.132+0000] {dagbag.py:545} INFO - Filling up the DagBag from /home/airflow/.local/lib/python3.12/site-packages/airflow/example_dags/example_branch_labels.py
[2024-07-13T01:32:24.141+0000] {processor.py:840} INFO - DAG(s) 'example_branch_labels' retrieved from /home/airflow/.local/lib/python3.12/site-packages/airflow/example_dags/example_branch_labels.py
[2024-07-13T01:32:24.163+0000] {logging_mixin.py:188} INFO - [2024-07-13T01:32:24.163+0000] {dag.py:3096} INFO - Sync 1 DAGs
[2024-07-13T01:32:24.188+0000] {logging_mixin.py:188} INFO - [2024-07-13T01:32:24.188+0000] {dag.py:3954} INFO - Setting next_dagrun for example_branch_labels to 2024-07-12 00:00:00+00:00, run_after=2024-07-13 00:00:00+00:00
[2024-07-13T01:32:24.221+0000] {processor.py:183} INFO - Processing /home/airflow/.local/lib/python3.12/site-packages/airflow/example_dags/example_branch_labels.py took 0.105 seconds
[2024-07-13T01:32:55.033+0000] {processor.py:161} INFO - Started process (PID=306) to work on /home/airflow/.local/lib/python3.12/site-packages/airflow/example_dags/example_branch_labels.py
[2024-07-13T01:32:55.035+0000] {processor.py:830} INFO - Processing file /home/airflow/.local/lib/python3.12/site-packages/airflow/example_dags/example_branch_labels.py for tasks to queue
[2024-07-13T01:32:55.036+0000] {logging_mixin.py:188} INFO - [2024-07-13T01:32:55.036+0000] {dagbag.py:545} INFO - Filling up the DagBag from /home/airflow/.local/lib/python3.12/site-packages/airflow/example_dags/example_branch_labels.py
[2024-07-13T01:32:55.054+0000] {processor.py:840} INFO - DAG(s) 'example_branch_labels' retrieved from /home/airflow/.local/lib/python3.12/site-packages/airflow/example_dags/example_branch_labels.py
[2024-07-13T01:32:55.097+0000] {logging_mixin.py:188} INFO - [2024-07-13T01:32:55.097+0000] {dag.py:3096} INFO - Sync 1 DAGs
[2024-07-13T01:32:55.258+0000] {logging_mixin.py:188} INFO - [2024-07-13T01:32:55.258+0000] {dag.py:3954} INFO - Setting next_dagrun for example_branch_labels to 2024-07-12 00:00:00+00:00, run_after=2024-07-13 00:00:00+00:00
[2024-07-13T01:32:55.328+0000] {processor.py:183} INFO - Processing /home/airflow/.local/lib/python3.12/site-packages/airflow/example_dags/example_branch_labels.py took 0.315 seconds
[2024-07-13T01:33:25.468+0000] {processor.py:161} INFO - Started process (PID=366) to work on /home/airflow/.local/lib/python3.12/site-packages/airflow/example_dags/example_branch_labels.py
[2024-07-13T01:33:25.469+0000] {processor.py:830} INFO - Processing file /home/airflow/.local/lib/python3.12/site-packages/airflow/example_dags/example_branch_labels.py for tasks to queue
[2024-07-13T01:33:25.473+0000] {logging_mixin.py:188} INFO - [2024-07-13T01:33:25.473+0000] {dagbag.py:545} INFO - Filling up the DagBag from /home/airflow/.local/lib/python3.12/site-packages/airflow/example_dags/example_branch_labels.py
[2024-07-13T01:33:25.485+0000] {processor.py:840} INFO - DAG(s) 'example_branch_labels' retrieved from /home/airflow/.local/lib/python3.12/site-packages/airflow/example_dags/example_branch_labels.py
[2024-07-13T01:33:25.512+0000] {logging_mixin.py:188} INFO - [2024-07-13T01:33:25.512+0000] {dag.py:3096} INFO - Sync 1 DAGs
[2024-07-13T01:33:25.540+0000] {logging_mixin.py:188} INFO - [2024-07-13T01:33:25.540+0000] {dag.py:3954} INFO - Setting next_dagrun for example_branch_labels to 2024-07-12 00:00:00+00:00, run_after=2024-07-13 00:00:00+00:00
[2024-07-13T01:33:25.569+0000] {processor.py:183} INFO - Processing /home/airflow/.local/lib/python3.12/site-packages/airflow/example_dags/example_branch_labels.py took 0.107 seconds
[2024-07-13T01:33:55.799+0000] {processor.py:161} INFO - Started process (PID=428) to work on /home/airflow/.local/lib/python3.12/site-packages/airflow/example_dags/example_branch_labels.py
[2024-07-13T01:33:55.799+0000] {processor.py:830} INFO - Processing file /home/airflow/.local/lib/python3.12/site-packages/airflow/example_dags/example_branch_labels.py for tasks to queue
[2024-07-13T01:33:55.801+0000] {logging_mixin.py:188} INFO - [2024-07-13T01:33:55.800+0000] {dagbag.py:545} INFO - Filling up the DagBag from /home/airflow/.local/lib/python3.12/site-packages/airflow/example_dags/example_branch_labels.py
[2024-07-13T01:33:55.808+0000] {processor.py:840} INFO - DAG(s) 'example_branch_labels' retrieved from /home/airflow/.local/lib/python3.12/site-packages/airflow/example_dags/example_branch_labels.py
[2024-07-13T01:33:55.831+0000] {logging_mixin.py:188} INFO - [2024-07-13T01:33:55.831+0000] {dag.py:3096} INFO - Sync 1 DAGs
[2024-07-13T01:33:55.856+0000] {logging_mixin.py:188} INFO - [2024-07-13T01:33:55.856+0000] {dag.py:3954} INFO - Setting next_dagrun for example_branch_labels to 2024-07-12 00:00:00+00:00, run_after=2024-07-13 00:00:00+00:00
[2024-07-13T01:33:55.895+0000] {processor.py:183} INFO - Processing /home/airflow/.local/lib/python3.12/site-packages/airflow/example_dags/example_branch_labels.py took 0.102 seconds
[2024-07-13T01:34:26.197+0000] {processor.py:161} INFO - Started process (PID=490) to work on /home/airflow/.local/lib/python3.12/site-packages/airflow/example_dags/example_branch_labels.py
[2024-07-13T01:34:26.198+0000] {processor.py:830} INFO - Processing file /home/airflow/.local/lib/python3.12/site-packages/airflow/example_dags/example_branch_labels.py for tasks to queue
[2024-07-13T01:34:26.200+0000] {logging_mixin.py:188} INFO - [2024-07-13T01:34:26.200+0000] {dagbag.py:545} INFO - Filling up the DagBag from /home/airflow/.local/lib/python3.12/site-packages/airflow/example_dags/example_branch_labels.py
[2024-07-13T01:34:26.208+0000] {processor.py:840} INFO - DAG(s) 'example_branch_labels' retrieved from /home/airflow/.local/lib/python3.12/site-packages/airflow/example_dags/example_branch_labels.py
[2024-07-13T01:34:26.232+0000] {logging_mixin.py:188} INFO - [2024-07-13T01:34:26.232+0000] {dag.py:3096} INFO - Sync 1 DAGs
[2024-07-13T01:34:26.256+0000] {logging_mixin.py:188} INFO - [2024-07-13T01:34:26.256+0000] {dag.py:3954} INFO - Setting next_dagrun for example_branch_labels to 2024-07-12 00:00:00+00:00, run_after=2024-07-13 00:00:00+00:00
[2024-07-13T01:34:26.286+0000] {processor.py:183} INFO - Processing /home/airflow/.local/lib/python3.12/site-packages/airflow/example_dags/example_branch_labels.py took 0.094 seconds
[2024-07-13T01:34:56.382+0000] {processor.py:161} INFO - Started process (PID=551) to work on /home/airflow/.local/lib/python3.12/site-packages/airflow/example_dags/example_branch_labels.py
[2024-07-13T01:34:56.393+0000] {processor.py:830} INFO - Processing file /home/airflow/.local/lib/python3.12/site-packages/airflow/example_dags/example_branch_labels.py for tasks to queue
[2024-07-13T01:34:56.395+0000] {logging_mixin.py:188} INFO - [2024-07-13T01:34:56.394+0000] {dagbag.py:545} INFO - Filling up the DagBag from /home/airflow/.local/lib/python3.12/site-packages/airflow/example_dags/example_branch_labels.py
[2024-07-13T01:34:56.411+0000] {processor.py:840} INFO - DAG(s) 'example_branch_labels' retrieved from /home/airflow/.local/lib/python3.12/site-packages/airflow/example_dags/example_branch_labels.py
[2024-07-13T01:34:56.444+0000] {logging_mixin.py:188} INFO - [2024-07-13T01:34:56.444+0000] {dag.py:3096} INFO - Sync 1 DAGs
[2024-07-13T01:34:56.471+0000] {logging_mixin.py:188} INFO - [2024-07-13T01:34:56.471+0000] {dag.py:3954} INFO - Setting next_dagrun for example_branch_labels to 2024-07-12 00:00:00+00:00, run_after=2024-07-13 00:00:00+00:00
[2024-07-13T01:34:56.496+0000] {processor.py:183} INFO - Processing /home/airflow/.local/lib/python3.12/site-packages/airflow/example_dags/example_branch_labels.py took 0.124 seconds
[2024-07-13T01:35:26.767+0000] {processor.py:161} INFO - Started process (PID=612) to work on /home/airflow/.local/lib/python3.12/site-packages/airflow/example_dags/example_branch_labels.py
[2024-07-13T01:35:26.768+0000] {processor.py:830} INFO - Processing file /home/airflow/.local/lib/python3.12/site-packages/airflow/example_dags/example_branch_labels.py for tasks to queue
[2024-07-13T01:35:26.779+0000] {logging_mixin.py:188} INFO - [2024-07-13T01:35:26.779+0000] {dagbag.py:545} INFO - Filling up the DagBag from /home/airflow/.local/lib/python3.12/site-packages/airflow/example_dags/example_branch_labels.py
[2024-07-13T01:35:26.834+0000] {processor.py:840} INFO - DAG(s) 'example_branch_labels' retrieved from /home/airflow/.local/lib/python3.12/site-packages/airflow/example_dags/example_branch_labels.py
[2024-07-13T01:35:26.925+0000] {logging_mixin.py:188} INFO - [2024-07-13T01:35:26.924+0000] {dag.py:3096} INFO - Sync 1 DAGs
[2024-07-13T01:35:26.994+0000] {logging_mixin.py:188} INFO - [2024-07-13T01:35:26.994+0000] {dag.py:3954} INFO - Setting next_dagrun for example_branch_labels to 2024-07-12 00:00:00+00:00, run_after=2024-07-13 00:00:00+00:00
[2024-07-13T01:35:27.121+0000] {processor.py:183} INFO - Processing /home/airflow/.local/lib/python3.12/site-packages/airflow/example_dags/example_branch_labels.py took 0.405 seconds
[2024-07-13T01:35:57.217+0000] {processor.py:161} INFO - Started process (PID=673) to work on /home/airflow/.local/lib/python3.12/site-packages/airflow/example_dags/example_branch_labels.py
[2024-07-13T01:35:57.219+0000] {processor.py:830} INFO - Processing file /home/airflow/.local/lib/python3.12/site-packages/airflow/example_dags/example_branch_labels.py for tasks to queue
[2024-07-13T01:35:57.220+0000] {logging_mixin.py:188} INFO - [2024-07-13T01:35:57.220+0000] {dagbag.py:545} INFO - Filling up the DagBag from /home/airflow/.local/lib/python3.12/site-packages/airflow/example_dags/example_branch_labels.py
[2024-07-13T01:35:57.229+0000] {processor.py:840} INFO - DAG(s) 'example_branch_labels' retrieved from /home/airflow/.local/lib/python3.12/site-packages/airflow/example_dags/example_branch_labels.py
[2024-07-13T01:35:57.265+0000] {logging_mixin.py:188} INFO - [2024-07-13T01:35:57.265+0000] {dag.py:3096} INFO - Sync 1 DAGs
[2024-07-13T01:35:57.315+0000] {logging_mixin.py:188} INFO - [2024-07-13T01:35:57.315+0000] {dag.py:3954} INFO - Setting next_dagrun for example_branch_labels to 2024-07-12 00:00:00+00:00, run_after=2024-07-13 00:00:00+00:00
[2024-07-13T01:35:57.385+0000] {processor.py:183} INFO - Processing /home/airflow/.local/lib/python3.12/site-packages/airflow/example_dags/example_branch_labels.py took 0.174 seconds
[2024-07-13T01:36:27.720+0000] {processor.py:161} INFO - Started process (PID=735) to work on /home/airflow/.local/lib/python3.12/site-packages/airflow/example_dags/example_branch_labels.py
[2024-07-13T01:36:27.721+0000] {processor.py:830} INFO - Processing file /home/airflow/.local/lib/python3.12/site-packages/airflow/example_dags/example_branch_labels.py for tasks to queue
[2024-07-13T01:36:27.724+0000] {logging_mixin.py:188} INFO - [2024-07-13T01:36:27.723+0000] {dagbag.py:545} INFO - Filling up the DagBag from /home/airflow/.local/lib/python3.12/site-packages/airflow/example_dags/example_branch_labels.py
[2024-07-13T01:36:27.733+0000] {processor.py:840} INFO - DAG(s) 'example_branch_labels' retrieved from /home/airflow/.local/lib/python3.12/site-packages/airflow/example_dags/example_branch_labels.py
[2024-07-13T01:36:27.773+0000] {logging_mixin.py:188} INFO - [2024-07-13T01:36:27.772+0000] {dag.py:3096} INFO - Sync 1 DAGs
[2024-07-13T01:36:27.849+0000] {logging_mixin.py:188} INFO - [2024-07-13T01:36:27.848+0000] {dag.py:3954} INFO - Setting next_dagrun for example_branch_labels to 2024-07-12 00:00:00+00:00, run_after=2024-07-13 00:00:00+00:00
[2024-07-13T01:36:27.876+0000] {processor.py:183} INFO - Processing /home/airflow/.local/lib/python3.12/site-packages/airflow/example_dags/example_branch_labels.py took 0.173 seconds
[2024-07-13T01:36:58.232+0000] {processor.py:161} INFO - Started process (PID=793) to work on /home/airflow/.local/lib/python3.12/site-packages/airflow/example_dags/example_branch_labels.py
[2024-07-13T01:36:58.233+0000] {processor.py:830} INFO - Processing file /home/airflow/.local/lib/python3.12/site-packages/airflow/example_dags/example_branch_labels.py for tasks to queue
[2024-07-13T01:36:58.235+0000] {logging_mixin.py:188} INFO - [2024-07-13T01:36:58.235+0000] {dagbag.py:545} INFO - Filling up the DagBag from /home/airflow/.local/lib/python3.12/site-packages/airflow/example_dags/example_branch_labels.py
[2024-07-13T01:36:58.243+0000] {processor.py:840} INFO - DAG(s) 'example_branch_labels' retrieved from /home/airflow/.local/lib/python3.12/site-packages/airflow/example_dags/example_branch_labels.py
[2024-07-13T01:36:58.268+0000] {logging_mixin.py:188} INFO - [2024-07-13T01:36:58.267+0000] {dag.py:3096} INFO - Sync 1 DAGs
[2024-07-13T01:36:58.292+0000] {logging_mixin.py:188} INFO - [2024-07-13T01:36:58.292+0000] {dag.py:3954} INFO - Setting next_dagrun for example_branch_labels to 2024-07-12 00:00:00+00:00, run_after=2024-07-13 00:00:00+00:00
[2024-07-13T01:36:58.316+0000] {processor.py:183} INFO - Processing /home/airflow/.local/lib/python3.12/site-packages/airflow/example_dags/example_branch_labels.py took 0.089 seconds
[2024-07-13T01:37:28.757+0000] {processor.py:161} INFO - Started process (PID=854) to work on /home/airflow/.local/lib/python3.12/site-packages/airflow/example_dags/example_branch_labels.py
[2024-07-13T01:37:28.758+0000] {processor.py:830} INFO - Processing file /home/airflow/.local/lib/python3.12/site-packages/airflow/example_dags/example_branch_labels.py for tasks to queue
[2024-07-13T01:37:28.760+0000] {logging_mixin.py:188} INFO - [2024-07-13T01:37:28.759+0000] {dagbag.py:545} INFO - Filling up the DagBag from /home/airflow/.local/lib/python3.12/site-packages/airflow/example_dags/example_branch_labels.py
[2024-07-13T01:37:28.768+0000] {processor.py:840} INFO - DAG(s) 'example_branch_labels' retrieved from /home/airflow/.local/lib/python3.12/site-packages/airflow/example_dags/example_branch_labels.py
[2024-07-13T01:37:28.809+0000] {logging_mixin.py:188} INFO - [2024-07-13T01:37:28.809+0000] {dag.py:3096} INFO - Sync 1 DAGs
[2024-07-13T01:37:28.860+0000] {logging_mixin.py:188} INFO - [2024-07-13T01:37:28.860+0000] {dag.py:3954} INFO - Setting next_dagrun for example_branch_labels to 2024-07-12 00:00:00+00:00, run_after=2024-07-13 00:00:00+00:00
[2024-07-13T01:37:28.900+0000] {processor.py:183} INFO - Processing /home/airflow/.local/lib/python3.12/site-packages/airflow/example_dags/example_branch_labels.py took 0.149 seconds
[2024-07-13T01:37:59.240+0000] {processor.py:161} INFO - Started process (PID=915) to work on /home/airflow/.local/lib/python3.12/site-packages/airflow/example_dags/example_branch_labels.py
[2024-07-13T01:37:59.240+0000] {processor.py:830} INFO - Processing file /home/airflow/.local/lib/python3.12/site-packages/airflow/example_dags/example_branch_labels.py for tasks to queue
[2024-07-13T01:37:59.242+0000] {logging_mixin.py:188} INFO - [2024-07-13T01:37:59.242+0000] {dagbag.py:545} INFO - Filling up the DagBag from /home/airflow/.local/lib/python3.12/site-packages/airflow/example_dags/example_branch_labels.py
[2024-07-13T01:37:59.250+0000] {processor.py:840} INFO - DAG(s) 'example_branch_labels' retrieved from /home/airflow/.local/lib/python3.12/site-packages/airflow/example_dags/example_branch_labels.py
[2024-07-13T01:37:59.273+0000] {logging_mixin.py:188} INFO - [2024-07-13T01:37:59.273+0000] {dag.py:3096} INFO - Sync 1 DAGs
[2024-07-13T01:37:59.298+0000] {logging_mixin.py:188} INFO - [2024-07-13T01:37:59.298+0000] {dag.py:3954} INFO - Setting next_dagrun for example_branch_labels to 2024-07-12 00:00:00+00:00, run_after=2024-07-13 00:00:00+00:00
[2024-07-13T01:37:59.324+0000] {processor.py:183} INFO - Processing /home/airflow/.local/lib/python3.12/site-packages/airflow/example_dags/example_branch_labels.py took 0.090 seconds
[2024-07-13T01:38:29.630+0000] {processor.py:161} INFO - Started process (PID=976) to work on /home/airflow/.local/lib/python3.12/site-packages/airflow/example_dags/example_branch_labels.py
[2024-07-13T01:38:29.634+0000] {processor.py:830} INFO - Processing file /home/airflow/.local/lib/python3.12/site-packages/airflow/example_dags/example_branch_labels.py for tasks to queue
[2024-07-13T01:38:29.635+0000] {logging_mixin.py:188} INFO - [2024-07-13T01:38:29.635+0000] {dagbag.py:545} INFO - Filling up the DagBag from /home/airflow/.local/lib/python3.12/site-packages/airflow/example_dags/example_branch_labels.py
[2024-07-13T01:38:29.646+0000] {processor.py:840} INFO - DAG(s) 'example_branch_labels' retrieved from /home/airflow/.local/lib/python3.12/site-packages/airflow/example_dags/example_branch_labels.py
[2024-07-13T01:38:29.671+0000] {logging_mixin.py:188} INFO - [2024-07-13T01:38:29.670+0000] {dag.py:3096} INFO - Sync 1 DAGs
[2024-07-13T01:38:29.696+0000] {logging_mixin.py:188} INFO - [2024-07-13T01:38:29.696+0000] {dag.py:3954} INFO - Setting next_dagrun for example_branch_labels to 2024-07-12 00:00:00+00:00, run_after=2024-07-13 00:00:00+00:00
[2024-07-13T01:38:29.722+0000] {processor.py:183} INFO - Processing /home/airflow/.local/lib/python3.12/site-packages/airflow/example_dags/example_branch_labels.py took 0.097 seconds
[2024-07-13T01:39:00.105+0000] {processor.py:161} INFO - Started process (PID=1038) to work on /home/airflow/.local/lib/python3.12/site-packages/airflow/example_dags/example_branch_labels.py
[2024-07-13T01:39:00.106+0000] {processor.py:830} INFO - Processing file /home/airflow/.local/lib/python3.12/site-packages/airflow/example_dags/example_branch_labels.py for tasks to queue
[2024-07-13T01:39:00.107+0000] {logging_mixin.py:188} INFO - [2024-07-13T01:39:00.107+0000] {dagbag.py:545} INFO - Filling up the DagBag from /home/airflow/.local/lib/python3.12/site-packages/airflow/example_dags/example_branch_labels.py
[2024-07-13T01:39:00.116+0000] {processor.py:840} INFO - DAG(s) 'example_branch_labels' retrieved from /home/airflow/.local/lib/python3.12/site-packages/airflow/example_dags/example_branch_labels.py
[2024-07-13T01:39:00.139+0000] {logging_mixin.py:188} INFO - [2024-07-13T01:39:00.139+0000] {dag.py:3096} INFO - Sync 1 DAGs
[2024-07-13T01:39:00.164+0000] {logging_mixin.py:188} INFO - [2024-07-13T01:39:00.164+0000] {dag.py:3954} INFO - Setting next_dagrun for example_branch_labels to 2024-07-12 00:00:00+00:00, run_after=2024-07-13 00:00:00+00:00
[2024-07-13T01:39:00.188+0000] {processor.py:183} INFO - Processing /home/airflow/.local/lib/python3.12/site-packages/airflow/example_dags/example_branch_labels.py took 0.088 seconds
[2024-07-13T01:39:30.530+0000] {processor.py:161} INFO - Started process (PID=1099) to work on /home/airflow/.local/lib/python3.12/site-packages/airflow/example_dags/example_branch_labels.py
[2024-07-13T01:39:30.544+0000] {processor.py:830} INFO - Processing file /home/airflow/.local/lib/python3.12/site-packages/airflow/example_dags/example_branch_labels.py for tasks to queue
[2024-07-13T01:39:30.547+0000] {logging_mixin.py:188} INFO - [2024-07-13T01:39:30.547+0000] {dagbag.py:545} INFO - Filling up the DagBag from /home/airflow/.local/lib/python3.12/site-packages/airflow/example_dags/example_branch_labels.py
[2024-07-13T01:39:30.562+0000] {processor.py:840} INFO - DAG(s) 'example_branch_labels' retrieved from /home/airflow/.local/lib/python3.12/site-packages/airflow/example_dags/example_branch_labels.py
[2024-07-13T01:39:30.630+0000] {logging_mixin.py:188} INFO - [2024-07-13T01:39:30.630+0000] {dag.py:3096} INFO - Sync 1 DAGs
[2024-07-13T01:39:30.701+0000] {logging_mixin.py:188} INFO - [2024-07-13T01:39:30.700+0000] {dag.py:3954} INFO - Setting next_dagrun for example_branch_labels to 2024-07-12 00:00:00+00:00, run_after=2024-07-13 00:00:00+00:00
[2024-07-13T01:39:30.775+0000] {processor.py:183} INFO - Processing /home/airflow/.local/lib/python3.12/site-packages/airflow/example_dags/example_branch_labels.py took 0.266 seconds
[2024-07-13T01:43:02.262+0000] {processor.py:161} INFO - Started process (PID=58) to work on /home/airflow/.local/lib/python3.12/site-packages/airflow/example_dags/example_branch_labels.py
[2024-07-13T01:43:02.276+0000] {processor.py:830} INFO - Processing file /home/airflow/.local/lib/python3.12/site-packages/airflow/example_dags/example_branch_labels.py for tasks to queue
[2024-07-13T01:43:02.278+0000] {logging_mixin.py:188} INFO - [2024-07-13T01:43:02.277+0000] {dagbag.py:545} INFO - Filling up the DagBag from /home/airflow/.local/lib/python3.12/site-packages/airflow/example_dags/example_branch_labels.py
[2024-07-13T01:43:02.298+0000] {processor.py:840} INFO - DAG(s) 'example_branch_labels' retrieved from /home/airflow/.local/lib/python3.12/site-packages/airflow/example_dags/example_branch_labels.py
[2024-07-13T01:43:02.583+0000] {logging_mixin.py:188} INFO - [2024-07-13T01:43:02.583+0000] {dag.py:3096} INFO - Sync 1 DAGs
[2024-07-13T01:43:02.605+0000] {logging_mixin.py:188} INFO - [2024-07-13T01:43:02.605+0000] {dag.py:3954} INFO - Setting next_dagrun for example_branch_labels to 2024-07-12 00:00:00+00:00, run_after=2024-07-13 00:00:00+00:00
[2024-07-13T01:43:02.645+0000] {processor.py:183} INFO - Processing /home/airflow/.local/lib/python3.12/site-packages/airflow/example_dags/example_branch_labels.py took 0.400 seconds
[2024-07-13T01:43:32.791+0000] {processor.py:161} INFO - Started process (PID=120) to work on /home/airflow/.local/lib/python3.12/site-packages/airflow/example_dags/example_branch_labels.py
[2024-07-13T01:43:32.793+0000] {processor.py:830} INFO - Processing file /home/airflow/.local/lib/python3.12/site-packages/airflow/example_dags/example_branch_labels.py for tasks to queue
[2024-07-13T01:43:32.794+0000] {logging_mixin.py:188} INFO - [2024-07-13T01:43:32.794+0000] {dagbag.py:545} INFO - Filling up the DagBag from /home/airflow/.local/lib/python3.12/site-packages/airflow/example_dags/example_branch_labels.py
[2024-07-13T01:43:32.800+0000] {processor.py:840} INFO - DAG(s) 'example_branch_labels' retrieved from /home/airflow/.local/lib/python3.12/site-packages/airflow/example_dags/example_branch_labels.py
[2024-07-13T01:43:32.819+0000] {logging_mixin.py:188} INFO - [2024-07-13T01:43:32.818+0000] {dag.py:3096} INFO - Sync 1 DAGs
[2024-07-13T01:43:32.839+0000] {logging_mixin.py:188} INFO - [2024-07-13T01:43:32.839+0000] {dag.py:3954} INFO - Setting next_dagrun for example_branch_labels to 2024-07-12 00:00:00+00:00, run_after=2024-07-13 00:00:00+00:00
[2024-07-13T01:43:32.864+0000] {processor.py:183} INFO - Processing /home/airflow/.local/lib/python3.12/site-packages/airflow/example_dags/example_branch_labels.py took 0.078 seconds
[2024-07-13T01:44:03.535+0000] {processor.py:161} INFO - Started process (PID=178) to work on /home/airflow/.local/lib/python3.12/site-packages/airflow/example_dags/example_branch_labels.py
[2024-07-13T01:44:03.536+0000] {processor.py:830} INFO - Processing file /home/airflow/.local/lib/python3.12/site-packages/airflow/example_dags/example_branch_labels.py for tasks to queue
[2024-07-13T01:44:03.537+0000] {logging_mixin.py:188} INFO - [2024-07-13T01:44:03.537+0000] {dagbag.py:545} INFO - Filling up the DagBag from /home/airflow/.local/lib/python3.12/site-packages/airflow/example_dags/example_branch_labels.py
[2024-07-13T01:44:03.553+0000] {processor.py:840} INFO - DAG(s) 'example_branch_labels' retrieved from /home/airflow/.local/lib/python3.12/site-packages/airflow/example_dags/example_branch_labels.py
[2024-07-13T01:44:03.607+0000] {logging_mixin.py:188} INFO - [2024-07-13T01:44:03.606+0000] {dag.py:3096} INFO - Sync 1 DAGs
[2024-07-13T01:44:03.704+0000] {logging_mixin.py:188} INFO - [2024-07-13T01:44:03.704+0000] {dag.py:3954} INFO - Setting next_dagrun for example_branch_labels to 2024-07-12 00:00:00+00:00, run_after=2024-07-13 00:00:00+00:00
[2024-07-13T01:44:03.878+0000] {processor.py:183} INFO - Processing /home/airflow/.local/lib/python3.12/site-packages/airflow/example_dags/example_branch_labels.py took 0.361 seconds
[2024-07-13T01:44:34.567+0000] {processor.py:161} INFO - Started process (PID=239) to work on /home/airflow/.local/lib/python3.12/site-packages/airflow/example_dags/example_branch_labels.py
[2024-07-13T01:44:34.568+0000] {processor.py:830} INFO - Processing file /home/airflow/.local/lib/python3.12/site-packages/airflow/example_dags/example_branch_labels.py for tasks to queue
[2024-07-13T01:44:34.569+0000] {logging_mixin.py:188} INFO - [2024-07-13T01:44:34.569+0000] {dagbag.py:545} INFO - Filling up the DagBag from /home/airflow/.local/lib/python3.12/site-packages/airflow/example_dags/example_branch_labels.py
[2024-07-13T01:44:34.578+0000] {processor.py:840} INFO - DAG(s) 'example_branch_labels' retrieved from /home/airflow/.local/lib/python3.12/site-packages/airflow/example_dags/example_branch_labels.py
[2024-07-13T01:44:34.613+0000] {logging_mixin.py:188} INFO - [2024-07-13T01:44:34.613+0000] {dag.py:3096} INFO - Sync 1 DAGs
[2024-07-13T01:44:34.636+0000] {logging_mixin.py:188} INFO - [2024-07-13T01:44:34.636+0000] {dag.py:3954} INFO - Setting next_dagrun for example_branch_labels to 2024-07-12 00:00:00+00:00, run_after=2024-07-13 00:00:00+00:00
[2024-07-13T01:44:34.662+0000] {processor.py:183} INFO - Processing /home/airflow/.local/lib/python3.12/site-packages/airflow/example_dags/example_branch_labels.py took 0.101 seconds
[2024-07-13T01:45:04.870+0000] {processor.py:161} INFO - Started process (PID=300) to work on /home/airflow/.local/lib/python3.12/site-packages/airflow/example_dags/example_branch_labels.py
[2024-07-13T01:45:04.870+0000] {processor.py:830} INFO - Processing file /home/airflow/.local/lib/python3.12/site-packages/airflow/example_dags/example_branch_labels.py for tasks to queue
[2024-07-13T01:45:04.872+0000] {logging_mixin.py:188} INFO - [2024-07-13T01:45:04.872+0000] {dagbag.py:545} INFO - Filling up the DagBag from /home/airflow/.local/lib/python3.12/site-packages/airflow/example_dags/example_branch_labels.py
[2024-07-13T01:45:04.880+0000] {processor.py:840} INFO - DAG(s) 'example_branch_labels' retrieved from /home/airflow/.local/lib/python3.12/site-packages/airflow/example_dags/example_branch_labels.py
[2024-07-13T01:45:04.916+0000] {logging_mixin.py:188} INFO - [2024-07-13T01:45:04.916+0000] {dag.py:3096} INFO - Sync 1 DAGs
[2024-07-13T01:45:04.938+0000] {logging_mixin.py:188} INFO - [2024-07-13T01:45:04.937+0000] {dag.py:3954} INFO - Setting next_dagrun for example_branch_labels to 2024-07-12 00:00:00+00:00, run_after=2024-07-13 00:00:00+00:00
[2024-07-13T01:45:04.960+0000] {processor.py:183} INFO - Processing /home/airflow/.local/lib/python3.12/site-packages/airflow/example_dags/example_branch_labels.py took 0.099 seconds
[2024-07-13T01:45:35.757+0000] {processor.py:161} INFO - Started process (PID=361) to work on /home/airflow/.local/lib/python3.12/site-packages/airflow/example_dags/example_branch_labels.py
[2024-07-13T01:45:35.759+0000] {processor.py:830} INFO - Processing file /home/airflow/.local/lib/python3.12/site-packages/airflow/example_dags/example_branch_labels.py for tasks to queue
[2024-07-13T01:45:35.761+0000] {logging_mixin.py:188} INFO - [2024-07-13T01:45:35.761+0000] {dagbag.py:545} INFO - Filling up the DagBag from /home/airflow/.local/lib/python3.12/site-packages/airflow/example_dags/example_branch_labels.py
[2024-07-13T01:45:35.775+0000] {processor.py:840} INFO - DAG(s) 'example_branch_labels' retrieved from /home/airflow/.local/lib/python3.12/site-packages/airflow/example_dags/example_branch_labels.py
[2024-07-13T01:45:35.803+0000] {logging_mixin.py:188} INFO - [2024-07-13T01:45:35.803+0000] {dag.py:3096} INFO - Sync 1 DAGs
[2024-07-13T01:45:35.832+0000] {logging_mixin.py:188} INFO - [2024-07-13T01:45:35.832+0000] {dag.py:3954} INFO - Setting next_dagrun for example_branch_labels to 2024-07-12 00:00:00+00:00, run_after=2024-07-13 00:00:00+00:00
[2024-07-13T01:45:35.853+0000] {processor.py:183} INFO - Processing /home/airflow/.local/lib/python3.12/site-packages/airflow/example_dags/example_branch_labels.py took 0.111 seconds
[2024-07-13T01:46:05.993+0000] {processor.py:161} INFO - Started process (PID=422) to work on /home/airflow/.local/lib/python3.12/site-packages/airflow/example_dags/example_branch_labels.py
[2024-07-13T01:46:05.993+0000] {processor.py:830} INFO - Processing file /home/airflow/.local/lib/python3.12/site-packages/airflow/example_dags/example_branch_labels.py for tasks to queue
[2024-07-13T01:46:05.995+0000] {logging_mixin.py:188} INFO - [2024-07-13T01:46:05.995+0000] {dagbag.py:545} INFO - Filling up the DagBag from /home/airflow/.local/lib/python3.12/site-packages/airflow/example_dags/example_branch_labels.py
[2024-07-13T01:46:06.004+0000] {processor.py:840} INFO - DAG(s) 'example_branch_labels' retrieved from /home/airflow/.local/lib/python3.12/site-packages/airflow/example_dags/example_branch_labels.py
[2024-07-13T01:46:06.026+0000] {logging_mixin.py:188} INFO - [2024-07-13T01:46:06.025+0000] {dag.py:3096} INFO - Sync 1 DAGs
[2024-07-13T01:46:06.051+0000] {logging_mixin.py:188} INFO - [2024-07-13T01:46:06.050+0000] {dag.py:3954} INFO - Setting next_dagrun for example_branch_labels to 2024-07-12 00:00:00+00:00, run_after=2024-07-13 00:00:00+00:00
[2024-07-13T01:46:06.080+0000] {processor.py:183} INFO - Processing /home/airflow/.local/lib/python3.12/site-packages/airflow/example_dags/example_branch_labels.py took 0.093 seconds
[2024-07-13T01:46:36.359+0000] {processor.py:161} INFO - Started process (PID=483) to work on /home/airflow/.local/lib/python3.12/site-packages/airflow/example_dags/example_branch_labels.py
[2024-07-13T01:46:36.360+0000] {processor.py:830} INFO - Processing file /home/airflow/.local/lib/python3.12/site-packages/airflow/example_dags/example_branch_labels.py for tasks to queue
[2024-07-13T01:46:36.362+0000] {logging_mixin.py:188} INFO - [2024-07-13T01:46:36.362+0000] {dagbag.py:545} INFO - Filling up the DagBag from /home/airflow/.local/lib/python3.12/site-packages/airflow/example_dags/example_branch_labels.py
[2024-07-13T01:46:36.390+0000] {processor.py:840} INFO - DAG(s) 'example_branch_labels' retrieved from /home/airflow/.local/lib/python3.12/site-packages/airflow/example_dags/example_branch_labels.py
[2024-07-13T01:46:36.414+0000] {logging_mixin.py:188} INFO - [2024-07-13T01:46:36.413+0000] {dag.py:3096} INFO - Sync 1 DAGs
[2024-07-13T01:46:36.436+0000] {logging_mixin.py:188} INFO - [2024-07-13T01:46:36.436+0000] {dag.py:3954} INFO - Setting next_dagrun for example_branch_labels to 2024-07-12 00:00:00+00:00, run_after=2024-07-13 00:00:00+00:00
[2024-07-13T01:46:36.459+0000] {processor.py:183} INFO - Processing /home/airflow/.local/lib/python3.12/site-packages/airflow/example_dags/example_branch_labels.py took 0.105 seconds
[2024-07-13T01:47:07.033+0000] {processor.py:161} INFO - Started process (PID=544) to work on /home/airflow/.local/lib/python3.12/site-packages/airflow/example_dags/example_branch_labels.py
[2024-07-13T01:47:07.034+0000] {processor.py:830} INFO - Processing file /home/airflow/.local/lib/python3.12/site-packages/airflow/example_dags/example_branch_labels.py for tasks to queue
[2024-07-13T01:47:07.043+0000] {logging_mixin.py:188} INFO - [2024-07-13T01:47:07.042+0000] {dagbag.py:545} INFO - Filling up the DagBag from /home/airflow/.local/lib/python3.12/site-packages/airflow/example_dags/example_branch_labels.py
[2024-07-13T01:47:07.051+0000] {processor.py:840} INFO - DAG(s) 'example_branch_labels' retrieved from /home/airflow/.local/lib/python3.12/site-packages/airflow/example_dags/example_branch_labels.py
[2024-07-13T01:47:07.130+0000] {logging_mixin.py:188} INFO - [2024-07-13T01:47:07.130+0000] {dag.py:3096} INFO - Sync 1 DAGs
[2024-07-13T01:47:07.187+0000] {logging_mixin.py:188} INFO - [2024-07-13T01:47:07.186+0000] {dag.py:3954} INFO - Setting next_dagrun for example_branch_labels to 2024-07-12 00:00:00+00:00, run_after=2024-07-13 00:00:00+00:00
[2024-07-13T01:47:07.230+0000] {processor.py:183} INFO - Processing /home/airflow/.local/lib/python3.12/site-packages/airflow/example_dags/example_branch_labels.py took 0.203 seconds
[2024-07-13T01:47:37.765+0000] {processor.py:161} INFO - Started process (PID=606) to work on /home/airflow/.local/lib/python3.12/site-packages/airflow/example_dags/example_branch_labels.py
[2024-07-13T01:47:37.766+0000] {processor.py:830} INFO - Processing file /home/airflow/.local/lib/python3.12/site-packages/airflow/example_dags/example_branch_labels.py for tasks to queue
[2024-07-13T01:47:37.773+0000] {logging_mixin.py:188} INFO - [2024-07-13T01:47:37.773+0000] {dagbag.py:545} INFO - Filling up the DagBag from /home/airflow/.local/lib/python3.12/site-packages/airflow/example_dags/example_branch_labels.py
[2024-07-13T01:47:37.794+0000] {processor.py:840} INFO - DAG(s) 'example_branch_labels' retrieved from /home/airflow/.local/lib/python3.12/site-packages/airflow/example_dags/example_branch_labels.py
[2024-07-13T01:47:37.819+0000] {logging_mixin.py:188} INFO - [2024-07-13T01:47:37.819+0000] {dag.py:3096} INFO - Sync 1 DAGs
[2024-07-13T01:47:37.861+0000] {logging_mixin.py:188} INFO - [2024-07-13T01:47:37.861+0000] {dag.py:3954} INFO - Setting next_dagrun for example_branch_labels to 2024-07-12 00:00:00+00:00, run_after=2024-07-13 00:00:00+00:00
[2024-07-13T01:47:37.903+0000] {processor.py:183} INFO - Processing /home/airflow/.local/lib/python3.12/site-packages/airflow/example_dags/example_branch_labels.py took 0.162 seconds
[2024-07-13T01:48:08.435+0000] {processor.py:161} INFO - Started process (PID=667) to work on /home/airflow/.local/lib/python3.12/site-packages/airflow/example_dags/example_branch_labels.py
[2024-07-13T01:48:08.435+0000] {processor.py:830} INFO - Processing file /home/airflow/.local/lib/python3.12/site-packages/airflow/example_dags/example_branch_labels.py for tasks to queue
[2024-07-13T01:48:08.437+0000] {logging_mixin.py:188} INFO - [2024-07-13T01:48:08.437+0000] {dagbag.py:545} INFO - Filling up the DagBag from /home/airflow/.local/lib/python3.12/site-packages/airflow/example_dags/example_branch_labels.py
[2024-07-13T01:48:08.445+0000] {processor.py:840} INFO - DAG(s) 'example_branch_labels' retrieved from /home/airflow/.local/lib/python3.12/site-packages/airflow/example_dags/example_branch_labels.py
[2024-07-13T01:48:08.467+0000] {logging_mixin.py:188} INFO - [2024-07-13T01:48:08.467+0000] {dag.py:3096} INFO - Sync 1 DAGs
[2024-07-13T01:48:08.499+0000] {logging_mixin.py:188} INFO - [2024-07-13T01:48:08.499+0000] {dag.py:3954} INFO - Setting next_dagrun for example_branch_labels to 2024-07-12 00:00:00+00:00, run_after=2024-07-13 00:00:00+00:00
[2024-07-13T01:48:08.541+0000] {processor.py:183} INFO - Processing /home/airflow/.local/lib/python3.12/site-packages/airflow/example_dags/example_branch_labels.py took 0.112 seconds
[2024-07-13T01:48:38.964+0000] {processor.py:161} INFO - Started process (PID=725) to work on /home/airflow/.local/lib/python3.12/site-packages/airflow/example_dags/example_branch_labels.py
[2024-07-13T01:48:38.965+0000] {processor.py:830} INFO - Processing file /home/airflow/.local/lib/python3.12/site-packages/airflow/example_dags/example_branch_labels.py for tasks to queue
[2024-07-13T01:48:38.967+0000] {logging_mixin.py:188} INFO - [2024-07-13T01:48:38.967+0000] {dagbag.py:545} INFO - Filling up the DagBag from /home/airflow/.local/lib/python3.12/site-packages/airflow/example_dags/example_branch_labels.py
[2024-07-13T01:48:38.976+0000] {processor.py:840} INFO - DAG(s) 'example_branch_labels' retrieved from /home/airflow/.local/lib/python3.12/site-packages/airflow/example_dags/example_branch_labels.py
[2024-07-13T01:48:38.997+0000] {logging_mixin.py:188} INFO - [2024-07-13T01:48:38.997+0000] {dag.py:3096} INFO - Sync 1 DAGs
[2024-07-13T01:48:39.251+0000] {logging_mixin.py:188} INFO - [2024-07-13T01:48:39.251+0000] {dag.py:3954} INFO - Setting next_dagrun for example_branch_labels to 2024-07-12 00:00:00+00:00, run_after=2024-07-13 00:00:00+00:00
[2024-07-13T01:48:39.301+0000] {processor.py:183} INFO - Processing /home/airflow/.local/lib/python3.12/site-packages/airflow/example_dags/example_branch_labels.py took 0.343 seconds
[2024-07-13T01:49:10.274+0000] {processor.py:161} INFO - Started process (PID=786) to work on /home/airflow/.local/lib/python3.12/site-packages/airflow/example_dags/example_branch_labels.py
[2024-07-13T01:49:10.275+0000] {processor.py:830} INFO - Processing file /home/airflow/.local/lib/python3.12/site-packages/airflow/example_dags/example_branch_labels.py for tasks to queue
[2024-07-13T01:49:10.277+0000] {logging_mixin.py:188} INFO - [2024-07-13T01:49:10.277+0000] {dagbag.py:545} INFO - Filling up the DagBag from /home/airflow/.local/lib/python3.12/site-packages/airflow/example_dags/example_branch_labels.py
[2024-07-13T01:49:10.285+0000] {processor.py:840} INFO - DAG(s) 'example_branch_labels' retrieved from /home/airflow/.local/lib/python3.12/site-packages/airflow/example_dags/example_branch_labels.py
[2024-07-13T01:49:10.311+0000] {logging_mixin.py:188} INFO - [2024-07-13T01:49:10.311+0000] {dag.py:3096} INFO - Sync 1 DAGs
[2024-07-13T01:49:10.332+0000] {logging_mixin.py:188} INFO - [2024-07-13T01:49:10.332+0000] {dag.py:3954} INFO - Setting next_dagrun for example_branch_labels to 2024-07-12 00:00:00+00:00, run_after=2024-07-13 00:00:00+00:00
[2024-07-13T01:49:10.356+0000] {processor.py:183} INFO - Processing /home/airflow/.local/lib/python3.12/site-packages/airflow/example_dags/example_branch_labels.py took 0.087 seconds
[2024-07-13T01:49:40.512+0000] {processor.py:161} INFO - Started process (PID=847) to work on /home/airflow/.local/lib/python3.12/site-packages/airflow/example_dags/example_branch_labels.py
[2024-07-13T01:49:40.513+0000] {processor.py:830} INFO - Processing file /home/airflow/.local/lib/python3.12/site-packages/airflow/example_dags/example_branch_labels.py for tasks to queue
[2024-07-13T01:49:40.515+0000] {logging_mixin.py:188} INFO - [2024-07-13T01:49:40.514+0000] {dagbag.py:545} INFO - Filling up the DagBag from /home/airflow/.local/lib/python3.12/site-packages/airflow/example_dags/example_branch_labels.py
[2024-07-13T01:49:40.523+0000] {processor.py:840} INFO - DAG(s) 'example_branch_labels' retrieved from /home/airflow/.local/lib/python3.12/site-packages/airflow/example_dags/example_branch_labels.py
[2024-07-13T01:49:40.545+0000] {logging_mixin.py:188} INFO - [2024-07-13T01:49:40.544+0000] {dag.py:3096} INFO - Sync 1 DAGs
[2024-07-13T01:49:40.570+0000] {logging_mixin.py:188} INFO - [2024-07-13T01:49:40.570+0000] {dag.py:3954} INFO - Setting next_dagrun for example_branch_labels to 2024-07-12 00:00:00+00:00, run_after=2024-07-13 00:00:00+00:00
[2024-07-13T01:49:40.605+0000] {processor.py:183} INFO - Processing /home/airflow/.local/lib/python3.12/site-packages/airflow/example_dags/example_branch_labels.py took 0.098 seconds
[2024-07-13T01:50:11.373+0000] {processor.py:161} INFO - Started process (PID=909) to work on /home/airflow/.local/lib/python3.12/site-packages/airflow/example_dags/example_branch_labels.py
[2024-07-13T01:50:11.377+0000] {processor.py:830} INFO - Processing file /home/airflow/.local/lib/python3.12/site-packages/airflow/example_dags/example_branch_labels.py for tasks to queue
[2024-07-13T01:50:11.379+0000] {logging_mixin.py:188} INFO - [2024-07-13T01:50:11.378+0000] {dagbag.py:545} INFO - Filling up the DagBag from /home/airflow/.local/lib/python3.12/site-packages/airflow/example_dags/example_branch_labels.py
[2024-07-13T01:50:11.398+0000] {processor.py:840} INFO - DAG(s) 'example_branch_labels' retrieved from /home/airflow/.local/lib/python3.12/site-packages/airflow/example_dags/example_branch_labels.py
[2024-07-13T01:50:11.453+0000] {logging_mixin.py:188} INFO - [2024-07-13T01:50:11.453+0000] {dag.py:3096} INFO - Sync 1 DAGs
[2024-07-13T01:50:11.490+0000] {logging_mixin.py:188} INFO - [2024-07-13T01:50:11.489+0000] {dag.py:3954} INFO - Setting next_dagrun for example_branch_labels to 2024-07-12 00:00:00+00:00, run_after=2024-07-13 00:00:00+00:00
[2024-07-13T01:50:11.547+0000] {processor.py:183} INFO - Processing /home/airflow/.local/lib/python3.12/site-packages/airflow/example_dags/example_branch_labels.py took 0.180 seconds
[2024-07-13T01:50:41.672+0000] {processor.py:161} INFO - Started process (PID=969) to work on /home/airflow/.local/lib/python3.12/site-packages/airflow/example_dags/example_branch_labels.py
[2024-07-13T01:50:41.673+0000] {processor.py:830} INFO - Processing file /home/airflow/.local/lib/python3.12/site-packages/airflow/example_dags/example_branch_labels.py for tasks to queue
[2024-07-13T01:50:41.675+0000] {logging_mixin.py:188} INFO - [2024-07-13T01:50:41.675+0000] {dagbag.py:545} INFO - Filling up the DagBag from /home/airflow/.local/lib/python3.12/site-packages/airflow/example_dags/example_branch_labels.py
[2024-07-13T01:50:41.683+0000] {processor.py:840} INFO - DAG(s) 'example_branch_labels' retrieved from /home/airflow/.local/lib/python3.12/site-packages/airflow/example_dags/example_branch_labels.py
[2024-07-13T01:50:41.706+0000] {logging_mixin.py:188} INFO - [2024-07-13T01:50:41.706+0000] {dag.py:3096} INFO - Sync 1 DAGs
[2024-07-13T01:50:41.727+0000] {logging_mixin.py:188} INFO - [2024-07-13T01:50:41.727+0000] {dag.py:3954} INFO - Setting next_dagrun for example_branch_labels to 2024-07-12 00:00:00+00:00, run_after=2024-07-13 00:00:00+00:00
[2024-07-13T01:50:41.752+0000] {processor.py:183} INFO - Processing /home/airflow/.local/lib/python3.12/site-packages/airflow/example_dags/example_branch_labels.py took 0.098 seconds
[2024-07-13T01:51:12.260+0000] {processor.py:161} INFO - Started process (PID=1030) to work on /home/airflow/.local/lib/python3.12/site-packages/airflow/example_dags/example_branch_labels.py
[2024-07-13T01:51:12.261+0000] {processor.py:830} INFO - Processing file /home/airflow/.local/lib/python3.12/site-packages/airflow/example_dags/example_branch_labels.py for tasks to queue
[2024-07-13T01:51:12.263+0000] {logging_mixin.py:188} INFO - [2024-07-13T01:51:12.263+0000] {dagbag.py:545} INFO - Filling up the DagBag from /home/airflow/.local/lib/python3.12/site-packages/airflow/example_dags/example_branch_labels.py
[2024-07-13T01:51:12.274+0000] {processor.py:840} INFO - DAG(s) 'example_branch_labels' retrieved from /home/airflow/.local/lib/python3.12/site-packages/airflow/example_dags/example_branch_labels.py
[2024-07-13T01:51:12.302+0000] {logging_mixin.py:188} INFO - [2024-07-13T01:51:12.301+0000] {dag.py:3096} INFO - Sync 1 DAGs
[2024-07-13T01:51:12.334+0000] {logging_mixin.py:188} INFO - [2024-07-13T01:51:12.333+0000] {dag.py:3954} INFO - Setting next_dagrun for example_branch_labels to 2024-07-12 00:00:00+00:00, run_after=2024-07-13 00:00:00+00:00
[2024-07-13T01:51:12.358+0000] {processor.py:183} INFO - Processing /home/airflow/.local/lib/python3.12/site-packages/airflow/example_dags/example_branch_labels.py took 0.106 seconds
[2024-07-13T01:51:42.740+0000] {processor.py:161} INFO - Started process (PID=1092) to work on /home/airflow/.local/lib/python3.12/site-packages/airflow/example_dags/example_branch_labels.py
[2024-07-13T01:51:42.741+0000] {processor.py:830} INFO - Processing file /home/airflow/.local/lib/python3.12/site-packages/airflow/example_dags/example_branch_labels.py for tasks to queue
[2024-07-13T01:51:42.743+0000] {logging_mixin.py:188} INFO - [2024-07-13T01:51:42.742+0000] {dagbag.py:545} INFO - Filling up the DagBag from /home/airflow/.local/lib/python3.12/site-packages/airflow/example_dags/example_branch_labels.py
[2024-07-13T01:51:42.756+0000] {processor.py:840} INFO - DAG(s) 'example_branch_labels' retrieved from /home/airflow/.local/lib/python3.12/site-packages/airflow/example_dags/example_branch_labels.py
[2024-07-13T01:51:42.811+0000] {logging_mixin.py:188} INFO - [2024-07-13T01:51:42.810+0000] {dag.py:3096} INFO - Sync 1 DAGs
[2024-07-13T01:51:42.846+0000] {logging_mixin.py:188} INFO - [2024-07-13T01:51:42.845+0000] {dag.py:3954} INFO - Setting next_dagrun for example_branch_labels to 2024-07-12 00:00:00+00:00, run_after=2024-07-13 00:00:00+00:00
[2024-07-13T01:51:42.890+0000] {processor.py:183} INFO - Processing /home/airflow/.local/lib/python3.12/site-packages/airflow/example_dags/example_branch_labels.py took 0.169 seconds
[2024-07-13T01:52:13.506+0000] {processor.py:161} INFO - Started process (PID=1152) to work on /home/airflow/.local/lib/python3.12/site-packages/airflow/example_dags/example_branch_labels.py
[2024-07-13T01:52:13.522+0000] {processor.py:830} INFO - Processing file /home/airflow/.local/lib/python3.12/site-packages/airflow/example_dags/example_branch_labels.py for tasks to queue
[2024-07-13T01:52:13.532+0000] {logging_mixin.py:188} INFO - [2024-07-13T01:52:13.531+0000] {dagbag.py:545} INFO - Filling up the DagBag from /home/airflow/.local/lib/python3.12/site-packages/airflow/example_dags/example_branch_labels.py
[2024-07-13T01:52:13.561+0000] {processor.py:840} INFO - DAG(s) 'example_branch_labels' retrieved from /home/airflow/.local/lib/python3.12/site-packages/airflow/example_dags/example_branch_labels.py
[2024-07-13T01:52:13.622+0000] {logging_mixin.py:188} INFO - [2024-07-13T01:52:13.622+0000] {dag.py:3096} INFO - Sync 1 DAGs
[2024-07-13T01:52:13.708+0000] {logging_mixin.py:188} INFO - [2024-07-13T01:52:13.708+0000] {dag.py:3954} INFO - Setting next_dagrun for example_branch_labels to 2024-07-12 00:00:00+00:00, run_after=2024-07-13 00:00:00+00:00
[2024-07-13T01:52:13.755+0000] {processor.py:183} INFO - Processing /home/airflow/.local/lib/python3.12/site-packages/airflow/example_dags/example_branch_labels.py took 0.256 seconds
[2024-07-13T01:52:43.921+0000] {processor.py:161} INFO - Started process (PID=1213) to work on /home/airflow/.local/lib/python3.12/site-packages/airflow/example_dags/example_branch_labels.py
[2024-07-13T01:52:43.921+0000] {processor.py:830} INFO - Processing file /home/airflow/.local/lib/python3.12/site-packages/airflow/example_dags/example_branch_labels.py for tasks to queue
[2024-07-13T01:52:43.923+0000] {logging_mixin.py:188} INFO - [2024-07-13T01:52:43.923+0000] {dagbag.py:545} INFO - Filling up the DagBag from /home/airflow/.local/lib/python3.12/site-packages/airflow/example_dags/example_branch_labels.py
[2024-07-13T01:52:43.932+0000] {processor.py:840} INFO - DAG(s) 'example_branch_labels' retrieved from /home/airflow/.local/lib/python3.12/site-packages/airflow/example_dags/example_branch_labels.py
[2024-07-13T01:52:43.954+0000] {logging_mixin.py:188} INFO - [2024-07-13T01:52:43.954+0000] {dag.py:3096} INFO - Sync 1 DAGs
[2024-07-13T01:52:43.980+0000] {logging_mixin.py:188} INFO - [2024-07-13T01:52:43.980+0000] {dag.py:3954} INFO - Setting next_dagrun for example_branch_labels to 2024-07-12 00:00:00+00:00, run_after=2024-07-13 00:00:00+00:00
[2024-07-13T01:52:44.003+0000] {processor.py:183} INFO - Processing /home/airflow/.local/lib/python3.12/site-packages/airflow/example_dags/example_branch_labels.py took 0.089 seconds
[2024-07-13T01:53:14.274+0000] {processor.py:161} INFO - Started process (PID=1274) to work on /home/airflow/.local/lib/python3.12/site-packages/airflow/example_dags/example_branch_labels.py
[2024-07-13T01:53:14.276+0000] {processor.py:830} INFO - Processing file /home/airflow/.local/lib/python3.12/site-packages/airflow/example_dags/example_branch_labels.py for tasks to queue
[2024-07-13T01:53:14.277+0000] {logging_mixin.py:188} INFO - [2024-07-13T01:53:14.277+0000] {dagbag.py:545} INFO - Filling up the DagBag from /home/airflow/.local/lib/python3.12/site-packages/airflow/example_dags/example_branch_labels.py
[2024-07-13T01:53:14.285+0000] {processor.py:840} INFO - DAG(s) 'example_branch_labels' retrieved from /home/airflow/.local/lib/python3.12/site-packages/airflow/example_dags/example_branch_labels.py
[2024-07-13T01:53:14.307+0000] {logging_mixin.py:188} INFO - [2024-07-13T01:53:14.307+0000] {dag.py:3096} INFO - Sync 1 DAGs
[2024-07-13T01:53:14.330+0000] {logging_mixin.py:188} INFO - [2024-07-13T01:53:14.330+0000] {dag.py:3954} INFO - Setting next_dagrun for example_branch_labels to 2024-07-12 00:00:00+00:00, run_after=2024-07-13 00:00:00+00:00
[2024-07-13T01:53:14.362+0000] {processor.py:183} INFO - Processing /home/airflow/.local/lib/python3.12/site-packages/airflow/example_dags/example_branch_labels.py took 0.094 seconds
[2024-07-13T01:53:44.789+0000] {processor.py:161} INFO - Started process (PID=1335) to work on /home/airflow/.local/lib/python3.12/site-packages/airflow/example_dags/example_branch_labels.py
[2024-07-13T01:53:44.790+0000] {processor.py:830} INFO - Processing file /home/airflow/.local/lib/python3.12/site-packages/airflow/example_dags/example_branch_labels.py for tasks to queue
[2024-07-13T01:53:44.792+0000] {logging_mixin.py:188} INFO - [2024-07-13T01:53:44.791+0000] {dagbag.py:545} INFO - Filling up the DagBag from /home/airflow/.local/lib/python3.12/site-packages/airflow/example_dags/example_branch_labels.py
[2024-07-13T01:53:44.800+0000] {processor.py:840} INFO - DAG(s) 'example_branch_labels' retrieved from /home/airflow/.local/lib/python3.12/site-packages/airflow/example_dags/example_branch_labels.py
[2024-07-13T01:53:44.831+0000] {logging_mixin.py:188} INFO - [2024-07-13T01:53:44.831+0000] {dag.py:3096} INFO - Sync 1 DAGs
[2024-07-13T01:53:44.858+0000] {logging_mixin.py:188} INFO - [2024-07-13T01:53:44.858+0000] {dag.py:3954} INFO - Setting next_dagrun for example_branch_labels to 2024-07-12 00:00:00+00:00, run_after=2024-07-13 00:00:00+00:00
[2024-07-13T01:53:44.882+0000] {processor.py:183} INFO - Processing /home/airflow/.local/lib/python3.12/site-packages/airflow/example_dags/example_branch_labels.py took 0.107 seconds
[2024-07-13T01:54:15.139+0000] {processor.py:161} INFO - Started process (PID=1396) to work on /home/airflow/.local/lib/python3.12/site-packages/airflow/example_dags/example_branch_labels.py
[2024-07-13T01:54:15.140+0000] {processor.py:830} INFO - Processing file /home/airflow/.local/lib/python3.12/site-packages/airflow/example_dags/example_branch_labels.py for tasks to queue
[2024-07-13T01:54:15.141+0000] {logging_mixin.py:188} INFO - [2024-07-13T01:54:15.141+0000] {dagbag.py:545} INFO - Filling up the DagBag from /home/airflow/.local/lib/python3.12/site-packages/airflow/example_dags/example_branch_labels.py
[2024-07-13T01:54:15.149+0000] {processor.py:840} INFO - DAG(s) 'example_branch_labels' retrieved from /home/airflow/.local/lib/python3.12/site-packages/airflow/example_dags/example_branch_labels.py
[2024-07-13T01:54:15.172+0000] {logging_mixin.py:188} INFO - [2024-07-13T01:54:15.171+0000] {dag.py:3096} INFO - Sync 1 DAGs
[2024-07-13T01:54:15.196+0000] {logging_mixin.py:188} INFO - [2024-07-13T01:54:15.196+0000] {dag.py:3954} INFO - Setting next_dagrun for example_branch_labels to 2024-07-12 00:00:00+00:00, run_after=2024-07-13 00:00:00+00:00
[2024-07-13T01:54:15.223+0000] {processor.py:183} INFO - Processing /home/airflow/.local/lib/python3.12/site-packages/airflow/example_dags/example_branch_labels.py took 0.090 seconds
[2024-07-13T01:54:45.318+0000] {processor.py:161} INFO - Started process (PID=1459) to work on /home/airflow/.local/lib/python3.12/site-packages/airflow/example_dags/example_branch_labels.py
[2024-07-13T01:54:45.318+0000] {processor.py:830} INFO - Processing file /home/airflow/.local/lib/python3.12/site-packages/airflow/example_dags/example_branch_labels.py for tasks to queue
[2024-07-13T01:54:45.320+0000] {logging_mixin.py:188} INFO - [2024-07-13T01:54:45.320+0000] {dagbag.py:545} INFO - Filling up the DagBag from /home/airflow/.local/lib/python3.12/site-packages/airflow/example_dags/example_branch_labels.py
[2024-07-13T01:54:45.328+0000] {processor.py:840} INFO - DAG(s) 'example_branch_labels' retrieved from /home/airflow/.local/lib/python3.12/site-packages/airflow/example_dags/example_branch_labels.py
[2024-07-13T01:54:45.364+0000] {logging_mixin.py:188} INFO - [2024-07-13T01:54:45.364+0000] {dag.py:3096} INFO - Sync 1 DAGs
[2024-07-13T01:54:45.391+0000] {logging_mixin.py:188} INFO - [2024-07-13T01:54:45.391+0000] {dag.py:3954} INFO - Setting next_dagrun for example_branch_labels to 2024-07-12 00:00:00+00:00, run_after=2024-07-13 00:00:00+00:00
[2024-07-13T01:54:45.413+0000] {processor.py:183} INFO - Processing /home/airflow/.local/lib/python3.12/site-packages/airflow/example_dags/example_branch_labels.py took 0.101 seconds
[2024-07-13T01:55:15.606+0000] {processor.py:161} INFO - Started process (PID=1520) to work on /home/airflow/.local/lib/python3.12/site-packages/airflow/example_dags/example_branch_labels.py
[2024-07-13T01:55:15.607+0000] {processor.py:830} INFO - Processing file /home/airflow/.local/lib/python3.12/site-packages/airflow/example_dags/example_branch_labels.py for tasks to queue
[2024-07-13T01:55:15.609+0000] {logging_mixin.py:188} INFO - [2024-07-13T01:55:15.608+0000] {dagbag.py:545} INFO - Filling up the DagBag from /home/airflow/.local/lib/python3.12/site-packages/airflow/example_dags/example_branch_labels.py
[2024-07-13T01:55:15.617+0000] {processor.py:840} INFO - DAG(s) 'example_branch_labels' retrieved from /home/airflow/.local/lib/python3.12/site-packages/airflow/example_dags/example_branch_labels.py
[2024-07-13T01:55:15.639+0000] {logging_mixin.py:188} INFO - [2024-07-13T01:55:15.639+0000] {dag.py:3096} INFO - Sync 1 DAGs
[2024-07-13T01:55:15.663+0000] {logging_mixin.py:188} INFO - [2024-07-13T01:55:15.663+0000] {dag.py:3954} INFO - Setting next_dagrun for example_branch_labels to 2024-07-12 00:00:00+00:00, run_after=2024-07-13 00:00:00+00:00
[2024-07-13T01:55:15.686+0000] {processor.py:183} INFO - Processing /home/airflow/.local/lib/python3.12/site-packages/airflow/example_dags/example_branch_labels.py took 0.086 seconds
[2024-07-13T01:55:46.537+0000] {processor.py:161} INFO - Started process (PID=1582) to work on /home/airflow/.local/lib/python3.12/site-packages/airflow/example_dags/example_branch_labels.py
[2024-07-13T01:55:46.538+0000] {processor.py:830} INFO - Processing file /home/airflow/.local/lib/python3.12/site-packages/airflow/example_dags/example_branch_labels.py for tasks to queue
[2024-07-13T01:55:46.540+0000] {logging_mixin.py:188} INFO - [2024-07-13T01:55:46.539+0000] {dagbag.py:545} INFO - Filling up the DagBag from /home/airflow/.local/lib/python3.12/site-packages/airflow/example_dags/example_branch_labels.py
[2024-07-13T01:55:46.547+0000] {processor.py:840} INFO - DAG(s) 'example_branch_labels' retrieved from /home/airflow/.local/lib/python3.12/site-packages/airflow/example_dags/example_branch_labels.py
[2024-07-13T01:55:46.570+0000] {logging_mixin.py:188} INFO - [2024-07-13T01:55:46.570+0000] {dag.py:3096} INFO - Sync 1 DAGs
[2024-07-13T01:55:46.597+0000] {logging_mixin.py:188} INFO - [2024-07-13T01:55:46.597+0000] {dag.py:3954} INFO - Setting next_dagrun for example_branch_labels to 2024-07-12 00:00:00+00:00, run_after=2024-07-13 00:00:00+00:00
[2024-07-13T01:55:46.633+0000] {processor.py:183} INFO - Processing /home/airflow/.local/lib/python3.12/site-packages/airflow/example_dags/example_branch_labels.py took 0.102 seconds
[2024-07-13T01:56:17.060+0000] {processor.py:161} INFO - Started process (PID=1644) to work on /home/airflow/.local/lib/python3.12/site-packages/airflow/example_dags/example_branch_labels.py
[2024-07-13T01:56:17.061+0000] {processor.py:830} INFO - Processing file /home/airflow/.local/lib/python3.12/site-packages/airflow/example_dags/example_branch_labels.py for tasks to queue
[2024-07-13T01:56:17.071+0000] {logging_mixin.py:188} INFO - [2024-07-13T01:56:17.070+0000] {dagbag.py:545} INFO - Filling up the DagBag from /home/airflow/.local/lib/python3.12/site-packages/airflow/example_dags/example_branch_labels.py
[2024-07-13T01:56:17.097+0000] {processor.py:840} INFO - DAG(s) 'example_branch_labels' retrieved from /home/airflow/.local/lib/python3.12/site-packages/airflow/example_dags/example_branch_labels.py
[2024-07-13T01:56:17.153+0000] {logging_mixin.py:188} INFO - [2024-07-13T01:56:17.153+0000] {dag.py:3096} INFO - Sync 1 DAGs
[2024-07-13T01:56:17.191+0000] {logging_mixin.py:188} INFO - [2024-07-13T01:56:17.191+0000] {dag.py:3954} INFO - Setting next_dagrun for example_branch_labels to 2024-07-12 00:00:00+00:00, run_after=2024-07-13 00:00:00+00:00
[2024-07-13T01:56:17.212+0000] {processor.py:183} INFO - Processing /home/airflow/.local/lib/python3.12/site-packages/airflow/example_dags/example_branch_labels.py took 0.186 seconds
[2024-07-13T02:00:44.766+0000] {processor.py:161} INFO - Started process (PID=58) to work on /home/airflow/.local/lib/python3.12/site-packages/airflow/example_dags/example_branch_labels.py
[2024-07-13T02:00:44.767+0000] {processor.py:830} INFO - Processing file /home/airflow/.local/lib/python3.12/site-packages/airflow/example_dags/example_branch_labels.py for tasks to queue
[2024-07-13T02:00:44.768+0000] {logging_mixin.py:188} INFO - [2024-07-13T02:00:44.768+0000] {dagbag.py:545} INFO - Filling up the DagBag from /home/airflow/.local/lib/python3.12/site-packages/airflow/example_dags/example_branch_labels.py
[2024-07-13T02:00:44.781+0000] {processor.py:840} INFO - DAG(s) 'example_branch_labels' retrieved from /home/airflow/.local/lib/python3.12/site-packages/airflow/example_dags/example_branch_labels.py
[2024-07-13T02:00:44.937+0000] {logging_mixin.py:188} INFO - [2024-07-13T02:00:44.932+0000] {dag.py:3096} INFO - Sync 1 DAGs
[2024-07-13T02:00:44.983+0000] {logging_mixin.py:188} INFO - [2024-07-13T02:00:44.983+0000] {dag.py:3954} INFO - Setting next_dagrun for example_branch_labels to 2024-07-12 00:00:00+00:00, run_after=2024-07-13 00:00:00+00:00
[2024-07-13T02:00:45.032+0000] {processor.py:183} INFO - Processing /home/airflow/.local/lib/python3.12/site-packages/airflow/example_dags/example_branch_labels.py took 0.279 seconds
[2024-07-13T02:01:15.275+0000] {processor.py:161} INFO - Started process (PID=119) to work on /home/airflow/.local/lib/python3.12/site-packages/airflow/example_dags/example_branch_labels.py
[2024-07-13T02:01:15.276+0000] {processor.py:830} INFO - Processing file /home/airflow/.local/lib/python3.12/site-packages/airflow/example_dags/example_branch_labels.py for tasks to queue
[2024-07-13T02:01:15.277+0000] {logging_mixin.py:188} INFO - [2024-07-13T02:01:15.277+0000] {dagbag.py:545} INFO - Filling up the DagBag from /home/airflow/.local/lib/python3.12/site-packages/airflow/example_dags/example_branch_labels.py
[2024-07-13T02:01:15.285+0000] {processor.py:840} INFO - DAG(s) 'example_branch_labels' retrieved from /home/airflow/.local/lib/python3.12/site-packages/airflow/example_dags/example_branch_labels.py
[2024-07-13T02:01:15.308+0000] {logging_mixin.py:188} INFO - [2024-07-13T02:01:15.308+0000] {dag.py:3096} INFO - Sync 1 DAGs
[2024-07-13T02:01:15.332+0000] {logging_mixin.py:188} INFO - [2024-07-13T02:01:15.331+0000] {dag.py:3954} INFO - Setting next_dagrun for example_branch_labels to 2024-07-12 00:00:00+00:00, run_after=2024-07-13 00:00:00+00:00
[2024-07-13T02:01:15.359+0000] {processor.py:183} INFO - Processing /home/airflow/.local/lib/python3.12/site-packages/airflow/example_dags/example_branch_labels.py took 0.089 seconds
[2024-07-13T02:01:46.356+0000] {processor.py:161} INFO - Started process (PID=180) to work on /home/airflow/.local/lib/python3.12/site-packages/airflow/example_dags/example_branch_labels.py
[2024-07-13T02:01:46.368+0000] {processor.py:830} INFO - Processing file /home/airflow/.local/lib/python3.12/site-packages/airflow/example_dags/example_branch_labels.py for tasks to queue
[2024-07-13T02:01:46.388+0000] {logging_mixin.py:188} INFO - [2024-07-13T02:01:46.372+0000] {dagbag.py:545} INFO - Filling up the DagBag from /home/airflow/.local/lib/python3.12/site-packages/airflow/example_dags/example_branch_labels.py
[2024-07-13T02:01:46.426+0000] {processor.py:840} INFO - DAG(s) 'example_branch_labels' retrieved from /home/airflow/.local/lib/python3.12/site-packages/airflow/example_dags/example_branch_labels.py
[2024-07-13T02:01:46.545+0000] {logging_mixin.py:188} INFO - [2024-07-13T02:01:46.545+0000] {dag.py:3096} INFO - Sync 1 DAGs
[2024-07-13T02:01:46.658+0000] {logging_mixin.py:188} INFO - [2024-07-13T02:01:46.657+0000] {dag.py:3954} INFO - Setting next_dagrun for example_branch_labels to 2024-07-12 00:00:00+00:00, run_after=2024-07-13 00:00:00+00:00
[2024-07-13T02:01:46.727+0000] {processor.py:183} INFO - Processing /home/airflow/.local/lib/python3.12/site-packages/airflow/example_dags/example_branch_labels.py took 0.380 seconds
[2024-07-13T02:02:17.462+0000] {processor.py:161} INFO - Started process (PID=242) to work on /home/airflow/.local/lib/python3.12/site-packages/airflow/example_dags/example_branch_labels.py
[2024-07-13T02:02:17.463+0000] {processor.py:830} INFO - Processing file /home/airflow/.local/lib/python3.12/site-packages/airflow/example_dags/example_branch_labels.py for tasks to queue
[2024-07-13T02:02:17.464+0000] {logging_mixin.py:188} INFO - [2024-07-13T02:02:17.463+0000] {dagbag.py:545} INFO - Filling up the DagBag from /home/airflow/.local/lib/python3.12/site-packages/airflow/example_dags/example_branch_labels.py
[2024-07-13T02:02:17.470+0000] {processor.py:840} INFO - DAG(s) 'example_branch_labels' retrieved from /home/airflow/.local/lib/python3.12/site-packages/airflow/example_dags/example_branch_labels.py
[2024-07-13T02:02:17.487+0000] {logging_mixin.py:188} INFO - [2024-07-13T02:02:17.487+0000] {dag.py:3096} INFO - Sync 1 DAGs
[2024-07-13T02:02:17.505+0000] {logging_mixin.py:188} INFO - [2024-07-13T02:02:17.505+0000] {dag.py:3954} INFO - Setting next_dagrun for example_branch_labels to 2024-07-12 00:00:00+00:00, run_after=2024-07-13 00:00:00+00:00
[2024-07-13T02:02:17.528+0000] {processor.py:183} INFO - Processing /home/airflow/.local/lib/python3.12/site-packages/airflow/example_dags/example_branch_labels.py took 0.070 seconds
[2024-07-13T02:02:47.605+0000] {processor.py:161} INFO - Started process (PID=304) to work on /home/airflow/.local/lib/python3.12/site-packages/airflow/example_dags/example_branch_labels.py
[2024-07-13T02:02:47.605+0000] {processor.py:830} INFO - Processing file /home/airflow/.local/lib/python3.12/site-packages/airflow/example_dags/example_branch_labels.py for tasks to queue
[2024-07-13T02:02:47.606+0000] {logging_mixin.py:188} INFO - [2024-07-13T02:02:47.606+0000] {dagbag.py:545} INFO - Filling up the DagBag from /home/airflow/.local/lib/python3.12/site-packages/airflow/example_dags/example_branch_labels.py
[2024-07-13T02:02:47.612+0000] {processor.py:840} INFO - DAG(s) 'example_branch_labels' retrieved from /home/airflow/.local/lib/python3.12/site-packages/airflow/example_dags/example_branch_labels.py
[2024-07-13T02:02:47.628+0000] {logging_mixin.py:188} INFO - [2024-07-13T02:02:47.628+0000] {dag.py:3096} INFO - Sync 1 DAGs
[2024-07-13T02:02:47.644+0000] {logging_mixin.py:188} INFO - [2024-07-13T02:02:47.644+0000] {dag.py:3954} INFO - Setting next_dagrun for example_branch_labels to 2024-07-12 00:00:00+00:00, run_after=2024-07-13 00:00:00+00:00
[2024-07-13T02:02:47.668+0000] {processor.py:183} INFO - Processing /home/airflow/.local/lib/python3.12/site-packages/airflow/example_dags/example_branch_labels.py took 0.070 seconds
[2024-07-13T02:03:17.836+0000] {processor.py:161} INFO - Started process (PID=365) to work on /home/airflow/.local/lib/python3.12/site-packages/airflow/example_dags/example_branch_labels.py
[2024-07-13T02:03:17.836+0000] {processor.py:830} INFO - Processing file /home/airflow/.local/lib/python3.12/site-packages/airflow/example_dags/example_branch_labels.py for tasks to queue
[2024-07-13T02:03:17.837+0000] {logging_mixin.py:188} INFO - [2024-07-13T02:03:17.837+0000] {dagbag.py:545} INFO - Filling up the DagBag from /home/airflow/.local/lib/python3.12/site-packages/airflow/example_dags/example_branch_labels.py
[2024-07-13T02:03:17.843+0000] {processor.py:840} INFO - DAG(s) 'example_branch_labels' retrieved from /home/airflow/.local/lib/python3.12/site-packages/airflow/example_dags/example_branch_labels.py
[2024-07-13T02:03:17.859+0000] {logging_mixin.py:188} INFO - [2024-07-13T02:03:17.859+0000] {dag.py:3096} INFO - Sync 1 DAGs
[2024-07-13T02:03:17.876+0000] {logging_mixin.py:188} INFO - [2024-07-13T02:03:17.875+0000] {dag.py:3954} INFO - Setting next_dagrun for example_branch_labels to 2024-07-12 00:00:00+00:00, run_after=2024-07-13 00:00:00+00:00
[2024-07-13T02:03:17.896+0000] {processor.py:183} INFO - Processing /home/airflow/.local/lib/python3.12/site-packages/airflow/example_dags/example_branch_labels.py took 0.065 seconds
[2024-07-13T02:03:47.997+0000] {processor.py:161} INFO - Started process (PID=426) to work on /home/airflow/.local/lib/python3.12/site-packages/airflow/example_dags/example_branch_labels.py
[2024-07-13T02:03:47.997+0000] {processor.py:830} INFO - Processing file /home/airflow/.local/lib/python3.12/site-packages/airflow/example_dags/example_branch_labels.py for tasks to queue
[2024-07-13T02:03:47.998+0000] {logging_mixin.py:188} INFO - [2024-07-13T02:03:47.998+0000] {dagbag.py:545} INFO - Filling up the DagBag from /home/airflow/.local/lib/python3.12/site-packages/airflow/example_dags/example_branch_labels.py
[2024-07-13T02:03:48.004+0000] {processor.py:840} INFO - DAG(s) 'example_branch_labels' retrieved from /home/airflow/.local/lib/python3.12/site-packages/airflow/example_dags/example_branch_labels.py
[2024-07-13T02:03:48.020+0000] {logging_mixin.py:188} INFO - [2024-07-13T02:03:48.020+0000] {dag.py:3096} INFO - Sync 1 DAGs
[2024-07-13T02:03:48.036+0000] {logging_mixin.py:188} INFO - [2024-07-13T02:03:48.036+0000] {dag.py:3954} INFO - Setting next_dagrun for example_branch_labels to 2024-07-12 00:00:00+00:00, run_after=2024-07-13 00:00:00+00:00
[2024-07-13T02:03:48.058+0000] {processor.py:183} INFO - Processing /home/airflow/.local/lib/python3.12/site-packages/airflow/example_dags/example_branch_labels.py took 0.066 seconds
[2024-07-13T02:04:19.056+0000] {processor.py:161} INFO - Started process (PID=489) to work on /home/airflow/.local/lib/python3.12/site-packages/airflow/example_dags/example_branch_labels.py
[2024-07-13T02:04:19.061+0000] {processor.py:830} INFO - Processing file /home/airflow/.local/lib/python3.12/site-packages/airflow/example_dags/example_branch_labels.py for tasks to queue
[2024-07-13T02:04:19.062+0000] {logging_mixin.py:188} INFO - [2024-07-13T02:04:19.062+0000] {dagbag.py:545} INFO - Filling up the DagBag from /home/airflow/.local/lib/python3.12/site-packages/airflow/example_dags/example_branch_labels.py
[2024-07-13T02:04:19.076+0000] {processor.py:840} INFO - DAG(s) 'example_branch_labels' retrieved from /home/airflow/.local/lib/python3.12/site-packages/airflow/example_dags/example_branch_labels.py
[2024-07-13T02:04:19.203+0000] {logging_mixin.py:188} INFO - [2024-07-13T02:04:19.203+0000] {dag.py:3096} INFO - Sync 1 DAGs
[2024-07-13T02:04:19.246+0000] {logging_mixin.py:188} INFO - [2024-07-13T02:04:19.246+0000] {dag.py:3954} INFO - Setting next_dagrun for example_branch_labels to 2024-07-12 00:00:00+00:00, run_after=2024-07-13 00:00:00+00:00
[2024-07-13T02:04:19.296+0000] {processor.py:183} INFO - Processing /home/airflow/.local/lib/python3.12/site-packages/airflow/example_dags/example_branch_labels.py took 0.258 seconds
[2024-07-13T02:04:50.092+0000] {processor.py:161} INFO - Started process (PID=549) to work on /home/airflow/.local/lib/python3.12/site-packages/airflow/example_dags/example_branch_labels.py
[2024-07-13T02:04:50.104+0000] {processor.py:830} INFO - Processing file /home/airflow/.local/lib/python3.12/site-packages/airflow/example_dags/example_branch_labels.py for tasks to queue
[2024-07-13T02:04:50.105+0000] {logging_mixin.py:188} INFO - [2024-07-13T02:04:50.105+0000] {dagbag.py:545} INFO - Filling up the DagBag from /home/airflow/.local/lib/python3.12/site-packages/airflow/example_dags/example_branch_labels.py
[2024-07-13T02:04:50.111+0000] {processor.py:840} INFO - DAG(s) 'example_branch_labels' retrieved from /home/airflow/.local/lib/python3.12/site-packages/airflow/example_dags/example_branch_labels.py
[2024-07-13T02:04:50.130+0000] {logging_mixin.py:188} INFO - [2024-07-13T02:04:50.130+0000] {dag.py:3096} INFO - Sync 1 DAGs
[2024-07-13T02:04:50.149+0000] {logging_mixin.py:188} INFO - [2024-07-13T02:04:50.149+0000] {dag.py:3954} INFO - Setting next_dagrun for example_branch_labels to 2024-07-12 00:00:00+00:00, run_after=2024-07-13 00:00:00+00:00
[2024-07-13T02:04:50.177+0000] {processor.py:183} INFO - Processing /home/airflow/.local/lib/python3.12/site-packages/airflow/example_dags/example_branch_labels.py took 0.090 seconds
[2024-07-13T02:05:20.587+0000] {processor.py:161} INFO - Started process (PID=608) to work on /home/airflow/.local/lib/python3.12/site-packages/airflow/example_dags/example_branch_labels.py
[2024-07-13T02:05:20.588+0000] {processor.py:830} INFO - Processing file /home/airflow/.local/lib/python3.12/site-packages/airflow/example_dags/example_branch_labels.py for tasks to queue
[2024-07-13T02:05:20.589+0000] {logging_mixin.py:188} INFO - [2024-07-13T02:05:20.589+0000] {dagbag.py:545} INFO - Filling up the DagBag from /home/airflow/.local/lib/python3.12/site-packages/airflow/example_dags/example_branch_labels.py
[2024-07-13T02:05:20.597+0000] {processor.py:840} INFO - DAG(s) 'example_branch_labels' retrieved from /home/airflow/.local/lib/python3.12/site-packages/airflow/example_dags/example_branch_labels.py
[2024-07-13T02:05:20.620+0000] {logging_mixin.py:188} INFO - [2024-07-13T02:05:20.620+0000] {dag.py:3096} INFO - Sync 1 DAGs
[2024-07-13T02:05:20.642+0000] {logging_mixin.py:188} INFO - [2024-07-13T02:05:20.642+0000] {dag.py:3954} INFO - Setting next_dagrun for example_branch_labels to 2024-07-12 00:00:00+00:00, run_after=2024-07-13 00:00:00+00:00
[2024-07-13T02:05:20.669+0000] {processor.py:183} INFO - Processing /home/airflow/.local/lib/python3.12/site-packages/airflow/example_dags/example_branch_labels.py took 0.088 seconds
[2024-07-13T02:05:52.342+0000] {processor.py:161} INFO - Started process (PID=669) to work on /home/airflow/.local/lib/python3.12/site-packages/airflow/example_dags/example_branch_labels.py
[2024-07-13T02:05:52.350+0000] {processor.py:830} INFO - Processing file /home/airflow/.local/lib/python3.12/site-packages/airflow/example_dags/example_branch_labels.py for tasks to queue
[2024-07-13T02:05:52.352+0000] {logging_mixin.py:188} INFO - [2024-07-13T02:05:52.352+0000] {dagbag.py:545} INFO - Filling up the DagBag from /home/airflow/.local/lib/python3.12/site-packages/airflow/example_dags/example_branch_labels.py
[2024-07-13T02:05:52.377+0000] {processor.py:840} INFO - DAG(s) 'example_branch_labels' retrieved from /home/airflow/.local/lib/python3.12/site-packages/airflow/example_dags/example_branch_labels.py
[2024-07-13T02:05:52.427+0000] {logging_mixin.py:188} INFO - [2024-07-13T02:05:52.426+0000] {dag.py:3096} INFO - Sync 1 DAGs
[2024-07-13T02:05:52.453+0000] {logging_mixin.py:188} INFO - [2024-07-13T02:05:52.453+0000] {dag.py:3954} INFO - Setting next_dagrun for example_branch_labels to 2024-07-12 00:00:00+00:00, run_after=2024-07-13 00:00:00+00:00
[2024-07-13T02:05:52.499+0000] {processor.py:183} INFO - Processing /home/airflow/.local/lib/python3.12/site-packages/airflow/example_dags/example_branch_labels.py took 0.170 seconds
[2024-07-13T02:06:23.268+0000] {processor.py:161} INFO - Started process (PID=730) to work on /home/airflow/.local/lib/python3.12/site-packages/airflow/example_dags/example_branch_labels.py
[2024-07-13T02:06:23.269+0000] {processor.py:830} INFO - Processing file /home/airflow/.local/lib/python3.12/site-packages/airflow/example_dags/example_branch_labels.py for tasks to queue
[2024-07-13T02:06:23.270+0000] {logging_mixin.py:188} INFO - [2024-07-13T02:06:23.270+0000] {dagbag.py:545} INFO - Filling up the DagBag from /home/airflow/.local/lib/python3.12/site-packages/airflow/example_dags/example_branch_labels.py
[2024-07-13T02:06:23.278+0000] {processor.py:840} INFO - DAG(s) 'example_branch_labels' retrieved from /home/airflow/.local/lib/python3.12/site-packages/airflow/example_dags/example_branch_labels.py
[2024-07-13T02:06:23.451+0000] {logging_mixin.py:188} INFO - [2024-07-13T02:06:23.450+0000] {dag.py:3096} INFO - Sync 1 DAGs
[2024-07-13T02:06:23.471+0000] {logging_mixin.py:188} INFO - [2024-07-13T02:06:23.471+0000] {dag.py:3954} INFO - Setting next_dagrun for example_branch_labels to 2024-07-12 00:00:00+00:00, run_after=2024-07-13 00:00:00+00:00
[2024-07-13T02:06:23.494+0000] {processor.py:183} INFO - Processing /home/airflow/.local/lib/python3.12/site-packages/airflow/example_dags/example_branch_labels.py took 0.231 seconds
[2024-07-13T02:06:54.089+0000] {processor.py:161} INFO - Started process (PID=791) to work on /home/airflow/.local/lib/python3.12/site-packages/airflow/example_dags/example_branch_labels.py
[2024-07-13T02:06:54.089+0000] {processor.py:830} INFO - Processing file /home/airflow/.local/lib/python3.12/site-packages/airflow/example_dags/example_branch_labels.py for tasks to queue
[2024-07-13T02:06:54.090+0000] {logging_mixin.py:188} INFO - [2024-07-13T02:06:54.090+0000] {dagbag.py:545} INFO - Filling up the DagBag from /home/airflow/.local/lib/python3.12/site-packages/airflow/example_dags/example_branch_labels.py
[2024-07-13T02:06:54.099+0000] {processor.py:840} INFO - DAG(s) 'example_branch_labels' retrieved from /home/airflow/.local/lib/python3.12/site-packages/airflow/example_dags/example_branch_labels.py
[2024-07-13T02:06:54.126+0000] {logging_mixin.py:188} INFO - [2024-07-13T02:06:54.125+0000] {dag.py:3096} INFO - Sync 1 DAGs
[2024-07-13T02:06:54.146+0000] {logging_mixin.py:188} INFO - [2024-07-13T02:06:54.145+0000] {dag.py:3954} INFO - Setting next_dagrun for example_branch_labels to 2024-07-12 00:00:00+00:00, run_after=2024-07-13 00:00:00+00:00
[2024-07-13T02:06:54.172+0000] {processor.py:183} INFO - Processing /home/airflow/.local/lib/python3.12/site-packages/airflow/example_dags/example_branch_labels.py took 0.089 seconds
[2024-07-13T02:07:24.578+0000] {processor.py:161} INFO - Started process (PID=853) to work on /home/airflow/.local/lib/python3.12/site-packages/airflow/example_dags/example_branch_labels.py
[2024-07-13T02:07:24.583+0000] {processor.py:830} INFO - Processing file /home/airflow/.local/lib/python3.12/site-packages/airflow/example_dags/example_branch_labels.py for tasks to queue
[2024-07-13T02:07:24.584+0000] {logging_mixin.py:188} INFO - [2024-07-13T02:07:24.584+0000] {dagbag.py:545} INFO - Filling up the DagBag from /home/airflow/.local/lib/python3.12/site-packages/airflow/example_dags/example_branch_labels.py
[2024-07-13T02:07:24.593+0000] {processor.py:840} INFO - DAG(s) 'example_branch_labels' retrieved from /home/airflow/.local/lib/python3.12/site-packages/airflow/example_dags/example_branch_labels.py
[2024-07-13T02:07:24.617+0000] {logging_mixin.py:188} INFO - [2024-07-13T02:07:24.617+0000] {dag.py:3096} INFO - Sync 1 DAGs
[2024-07-13T02:07:24.638+0000] {logging_mixin.py:188} INFO - [2024-07-13T02:07:24.638+0000] {dag.py:3954} INFO - Setting next_dagrun for example_branch_labels to 2024-07-12 00:00:00+00:00, run_after=2024-07-13 00:00:00+00:00
[2024-07-13T02:07:24.662+0000] {processor.py:183} INFO - Processing /home/airflow/.local/lib/python3.12/site-packages/airflow/example_dags/example_branch_labels.py took 0.092 seconds
[2024-07-13T02:07:54.967+0000] {processor.py:161} INFO - Started process (PID=914) to work on /home/airflow/.local/lib/python3.12/site-packages/airflow/example_dags/example_branch_labels.py
[2024-07-13T02:07:54.968+0000] {processor.py:830} INFO - Processing file /home/airflow/.local/lib/python3.12/site-packages/airflow/example_dags/example_branch_labels.py for tasks to queue
[2024-07-13T02:07:54.969+0000] {logging_mixin.py:188} INFO - [2024-07-13T02:07:54.969+0000] {dagbag.py:545} INFO - Filling up the DagBag from /home/airflow/.local/lib/python3.12/site-packages/airflow/example_dags/example_branch_labels.py
[2024-07-13T02:07:54.977+0000] {processor.py:840} INFO - DAG(s) 'example_branch_labels' retrieved from /home/airflow/.local/lib/python3.12/site-packages/airflow/example_dags/example_branch_labels.py
[2024-07-13T02:07:55.002+0000] {logging_mixin.py:188} INFO - [2024-07-13T02:07:55.001+0000] {dag.py:3096} INFO - Sync 1 DAGs
[2024-07-13T02:07:55.023+0000] {logging_mixin.py:188} INFO - [2024-07-13T02:07:55.023+0000] {dag.py:3954} INFO - Setting next_dagrun for example_branch_labels to 2024-07-12 00:00:00+00:00, run_after=2024-07-13 00:00:00+00:00
[2024-07-13T02:07:55.045+0000] {processor.py:183} INFO - Processing /home/airflow/.local/lib/python3.12/site-packages/airflow/example_dags/example_branch_labels.py took 0.086 seconds
[2024-07-13T02:08:25.768+0000] {processor.py:161} INFO - Started process (PID=976) to work on /home/airflow/.local/lib/python3.12/site-packages/airflow/example_dags/example_branch_labels.py
[2024-07-13T02:08:25.769+0000] {processor.py:830} INFO - Processing file /home/airflow/.local/lib/python3.12/site-packages/airflow/example_dags/example_branch_labels.py for tasks to queue
[2024-07-13T02:08:25.770+0000] {logging_mixin.py:188} INFO - [2024-07-13T02:08:25.770+0000] {dagbag.py:545} INFO - Filling up the DagBag from /home/airflow/.local/lib/python3.12/site-packages/airflow/example_dags/example_branch_labels.py
[2024-07-13T02:08:25.778+0000] {processor.py:840} INFO - DAG(s) 'example_branch_labels' retrieved from /home/airflow/.local/lib/python3.12/site-packages/airflow/example_dags/example_branch_labels.py
[2024-07-13T02:08:25.801+0000] {logging_mixin.py:188} INFO - [2024-07-13T02:08:25.801+0000] {dag.py:3096} INFO - Sync 1 DAGs
[2024-07-13T02:08:25.835+0000] {logging_mixin.py:188} INFO - [2024-07-13T02:08:25.835+0000] {dag.py:3954} INFO - Setting next_dagrun for example_branch_labels to 2024-07-12 00:00:00+00:00, run_after=2024-07-13 00:00:00+00:00
[2024-07-13T02:08:25.867+0000] {processor.py:183} INFO - Processing /home/airflow/.local/lib/python3.12/site-packages/airflow/example_dags/example_branch_labels.py took 0.105 seconds
[2024-07-13T02:08:56.824+0000] {processor.py:161} INFO - Started process (PID=1037) to work on /home/airflow/.local/lib/python3.12/site-packages/airflow/example_dags/example_branch_labels.py
[2024-07-13T02:08:56.824+0000] {processor.py:830} INFO - Processing file /home/airflow/.local/lib/python3.12/site-packages/airflow/example_dags/example_branch_labels.py for tasks to queue
[2024-07-13T02:08:56.825+0000] {logging_mixin.py:188} INFO - [2024-07-13T02:08:56.825+0000] {dagbag.py:545} INFO - Filling up the DagBag from /home/airflow/.local/lib/python3.12/site-packages/airflow/example_dags/example_branch_labels.py
[2024-07-13T02:08:56.833+0000] {processor.py:840} INFO - DAG(s) 'example_branch_labels' retrieved from /home/airflow/.local/lib/python3.12/site-packages/airflow/example_dags/example_branch_labels.py
[2024-07-13T02:08:56.857+0000] {logging_mixin.py:188} INFO - [2024-07-13T02:08:56.856+0000] {dag.py:3096} INFO - Sync 1 DAGs
[2024-07-13T02:08:56.882+0000] {logging_mixin.py:188} INFO - [2024-07-13T02:08:56.881+0000] {dag.py:3954} INFO - Setting next_dagrun for example_branch_labels to 2024-07-12 00:00:00+00:00, run_after=2024-07-13 00:00:00+00:00
[2024-07-13T02:08:56.905+0000] {processor.py:183} INFO - Processing /home/airflow/.local/lib/python3.12/site-packages/airflow/example_dags/example_branch_labels.py took 0.087 seconds
