[2024-07-13T01:30:59.660+0000] {processor.py:161} INFO - Started process (PID=76) to work on /home/airflow/.local/lib/python3.12/site-packages/airflow/example_dags/example_dynamic_task_mapping.py
[2024-07-13T01:30:59.666+0000] {processor.py:830} INFO - Processing file /home/airflow/.local/lib/python3.12/site-packages/airflow/example_dags/example_dynamic_task_mapping.py for tasks to queue
[2024-07-13T01:30:59.670+0000] {logging_mixin.py:188} INFO - [2024-07-13T01:30:59.669+0000] {dagbag.py:545} INFO - Filling up the DagBag from /home/airflow/.local/lib/python3.12/site-packages/airflow/example_dags/example_dynamic_task_mapping.py
[2024-07-13T01:30:59.726+0000] {processor.py:840} INFO - DAG(s) 'example_dynamic_task_mapping' retrieved from /home/airflow/.local/lib/python3.12/site-packages/airflow/example_dags/example_dynamic_task_mapping.py
[2024-07-13T01:31:00.264+0000] {logging_mixin.py:188} INFO - [2024-07-13T01:31:00.264+0000] {dag.py:3096} INFO - Sync 1 DAGs
[2024-07-13T01:31:00.295+0000] {logging_mixin.py:188} INFO - [2024-07-13T01:31:00.295+0000] {dag.py:3954} INFO - Setting next_dagrun for example_dynamic_task_mapping to 2022-03-04 00:00:00+00:00, run_after=2022-03-05 00:00:00+00:00
[2024-07-13T01:31:00.335+0000] {processor.py:183} INFO - Processing /home/airflow/.local/lib/python3.12/site-packages/airflow/example_dags/example_dynamic_task_mapping.py took 0.689 seconds
[2024-07-13T01:31:30.650+0000] {processor.py:161} INFO - Started process (PID=136) to work on /home/airflow/.local/lib/python3.12/site-packages/airflow/example_dags/example_dynamic_task_mapping.py
[2024-07-13T01:31:30.651+0000] {processor.py:830} INFO - Processing file /home/airflow/.local/lib/python3.12/site-packages/airflow/example_dags/example_dynamic_task_mapping.py for tasks to queue
[2024-07-13T01:31:30.653+0000] {logging_mixin.py:188} INFO - [2024-07-13T01:31:30.652+0000] {dagbag.py:545} INFO - Filling up the DagBag from /home/airflow/.local/lib/python3.12/site-packages/airflow/example_dags/example_dynamic_task_mapping.py
[2024-07-13T01:31:30.659+0000] {processor.py:840} INFO - DAG(s) 'example_dynamic_task_mapping' retrieved from /home/airflow/.local/lib/python3.12/site-packages/airflow/example_dags/example_dynamic_task_mapping.py
[2024-07-13T01:31:30.679+0000] {logging_mixin.py:188} INFO - [2024-07-13T01:31:30.679+0000] {dag.py:3096} INFO - Sync 1 DAGs
[2024-07-13T01:31:30.704+0000] {logging_mixin.py:188} INFO - [2024-07-13T01:31:30.703+0000] {dag.py:3954} INFO - Setting next_dagrun for example_dynamic_task_mapping to 2022-03-04 00:00:00+00:00, run_after=2022-03-05 00:00:00+00:00
[2024-07-13T01:31:30.745+0000] {processor.py:183} INFO - Processing /home/airflow/.local/lib/python3.12/site-packages/airflow/example_dags/example_dynamic_task_mapping.py took 0.099 seconds
[2024-07-13T01:32:00.793+0000] {processor.py:161} INFO - Started process (PID=195) to work on /home/airflow/.local/lib/python3.12/site-packages/airflow/example_dags/example_dynamic_task_mapping.py
[2024-07-13T01:32:00.794+0000] {processor.py:830} INFO - Processing file /home/airflow/.local/lib/python3.12/site-packages/airflow/example_dags/example_dynamic_task_mapping.py for tasks to queue
[2024-07-13T01:32:00.796+0000] {logging_mixin.py:188} INFO - [2024-07-13T01:32:00.795+0000] {dagbag.py:545} INFO - Filling up the DagBag from /home/airflow/.local/lib/python3.12/site-packages/airflow/example_dags/example_dynamic_task_mapping.py
[2024-07-13T01:32:00.802+0000] {processor.py:840} INFO - DAG(s) 'example_dynamic_task_mapping' retrieved from /home/airflow/.local/lib/python3.12/site-packages/airflow/example_dags/example_dynamic_task_mapping.py
[2024-07-13T01:32:00.820+0000] {logging_mixin.py:188} INFO - [2024-07-13T01:32:00.820+0000] {dag.py:3096} INFO - Sync 1 DAGs
[2024-07-13T01:32:00.837+0000] {logging_mixin.py:188} INFO - [2024-07-13T01:32:00.837+0000] {dag.py:3954} INFO - Setting next_dagrun for example_dynamic_task_mapping to 2022-03-04 00:00:00+00:00, run_after=2022-03-05 00:00:00+00:00
[2024-07-13T01:32:00.866+0000] {processor.py:183} INFO - Processing /home/airflow/.local/lib/python3.12/site-packages/airflow/example_dags/example_dynamic_task_mapping.py took 0.079 seconds
[2024-07-13T01:32:31.709+0000] {processor.py:161} INFO - Started process (PID=256) to work on /home/airflow/.local/lib/python3.12/site-packages/airflow/example_dags/example_dynamic_task_mapping.py
[2024-07-13T01:32:31.710+0000] {processor.py:830} INFO - Processing file /home/airflow/.local/lib/python3.12/site-packages/airflow/example_dags/example_dynamic_task_mapping.py for tasks to queue
[2024-07-13T01:32:31.712+0000] {logging_mixin.py:188} INFO - [2024-07-13T01:32:31.711+0000] {dagbag.py:545} INFO - Filling up the DagBag from /home/airflow/.local/lib/python3.12/site-packages/airflow/example_dags/example_dynamic_task_mapping.py
[2024-07-13T01:32:31.724+0000] {processor.py:840} INFO - DAG(s) 'example_dynamic_task_mapping' retrieved from /home/airflow/.local/lib/python3.12/site-packages/airflow/example_dags/example_dynamic_task_mapping.py
[2024-07-13T01:32:31.764+0000] {logging_mixin.py:188} INFO - [2024-07-13T01:32:31.764+0000] {dag.py:3096} INFO - Sync 1 DAGs
[2024-07-13T01:32:31.789+0000] {logging_mixin.py:188} INFO - [2024-07-13T01:32:31.789+0000] {dag.py:3954} INFO - Setting next_dagrun for example_dynamic_task_mapping to 2022-03-04 00:00:00+00:00, run_after=2022-03-05 00:00:00+00:00
[2024-07-13T01:32:31.815+0000] {processor.py:183} INFO - Processing /home/airflow/.local/lib/python3.12/site-packages/airflow/example_dags/example_dynamic_task_mapping.py took 0.114 seconds
[2024-07-13T01:33:02.203+0000] {processor.py:161} INFO - Started process (PID=317) to work on /home/airflow/.local/lib/python3.12/site-packages/airflow/example_dags/example_dynamic_task_mapping.py
[2024-07-13T01:33:02.203+0000] {processor.py:830} INFO - Processing file /home/airflow/.local/lib/python3.12/site-packages/airflow/example_dags/example_dynamic_task_mapping.py for tasks to queue
[2024-07-13T01:33:02.205+0000] {logging_mixin.py:188} INFO - [2024-07-13T01:33:02.205+0000] {dagbag.py:545} INFO - Filling up the DagBag from /home/airflow/.local/lib/python3.12/site-packages/airflow/example_dags/example_dynamic_task_mapping.py
[2024-07-13T01:33:02.212+0000] {processor.py:840} INFO - DAG(s) 'example_dynamic_task_mapping' retrieved from /home/airflow/.local/lib/python3.12/site-packages/airflow/example_dags/example_dynamic_task_mapping.py
[2024-07-13T01:33:02.230+0000] {logging_mixin.py:188} INFO - [2024-07-13T01:33:02.230+0000] {dag.py:3096} INFO - Sync 1 DAGs
[2024-07-13T01:33:02.253+0000] {logging_mixin.py:188} INFO - [2024-07-13T01:33:02.253+0000] {dag.py:3954} INFO - Setting next_dagrun for example_dynamic_task_mapping to 2022-03-04 00:00:00+00:00, run_after=2022-03-05 00:00:00+00:00
[2024-07-13T01:33:02.288+0000] {processor.py:183} INFO - Processing /home/airflow/.local/lib/python3.12/site-packages/airflow/example_dags/example_dynamic_task_mapping.py took 0.091 seconds
[2024-07-13T01:33:32.904+0000] {processor.py:161} INFO - Started process (PID=377) to work on /home/airflow/.local/lib/python3.12/site-packages/airflow/example_dags/example_dynamic_task_mapping.py
[2024-07-13T01:33:32.905+0000] {processor.py:830} INFO - Processing file /home/airflow/.local/lib/python3.12/site-packages/airflow/example_dags/example_dynamic_task_mapping.py for tasks to queue
[2024-07-13T01:33:32.906+0000] {logging_mixin.py:188} INFO - [2024-07-13T01:33:32.906+0000] {dagbag.py:545} INFO - Filling up the DagBag from /home/airflow/.local/lib/python3.12/site-packages/airflow/example_dags/example_dynamic_task_mapping.py
[2024-07-13T01:33:32.925+0000] {processor.py:840} INFO - DAG(s) 'example_dynamic_task_mapping' retrieved from /home/airflow/.local/lib/python3.12/site-packages/airflow/example_dags/example_dynamic_task_mapping.py
[2024-07-13T01:33:33.001+0000] {logging_mixin.py:188} INFO - [2024-07-13T01:33:33.001+0000] {dag.py:3096} INFO - Sync 1 DAGs
[2024-07-13T01:33:33.111+0000] {logging_mixin.py:188} INFO - [2024-07-13T01:33:33.111+0000] {dag.py:3954} INFO - Setting next_dagrun for example_dynamic_task_mapping to 2022-03-04 00:00:00+00:00, run_after=2022-03-05 00:00:00+00:00
[2024-07-13T01:33:33.276+0000] {processor.py:183} INFO - Processing /home/airflow/.local/lib/python3.12/site-packages/airflow/example_dags/example_dynamic_task_mapping.py took 0.390 seconds
[2024-07-13T01:34:03.408+0000] {processor.py:161} INFO - Started process (PID=438) to work on /home/airflow/.local/lib/python3.12/site-packages/airflow/example_dags/example_dynamic_task_mapping.py
[2024-07-13T01:34:03.409+0000] {processor.py:830} INFO - Processing file /home/airflow/.local/lib/python3.12/site-packages/airflow/example_dags/example_dynamic_task_mapping.py for tasks to queue
[2024-07-13T01:34:03.411+0000] {logging_mixin.py:188} INFO - [2024-07-13T01:34:03.411+0000] {dagbag.py:545} INFO - Filling up the DagBag from /home/airflow/.local/lib/python3.12/site-packages/airflow/example_dags/example_dynamic_task_mapping.py
[2024-07-13T01:34:03.418+0000] {processor.py:840} INFO - DAG(s) 'example_dynamic_task_mapping' retrieved from /home/airflow/.local/lib/python3.12/site-packages/airflow/example_dags/example_dynamic_task_mapping.py
[2024-07-13T01:34:03.450+0000] {logging_mixin.py:188} INFO - [2024-07-13T01:34:03.450+0000] {dag.py:3096} INFO - Sync 1 DAGs
[2024-07-13T01:34:03.484+0000] {logging_mixin.py:188} INFO - [2024-07-13T01:34:03.484+0000] {dag.py:3954} INFO - Setting next_dagrun for example_dynamic_task_mapping to 2022-03-04 00:00:00+00:00, run_after=2022-03-05 00:00:00+00:00
[2024-07-13T01:34:03.529+0000] {processor.py:183} INFO - Processing /home/airflow/.local/lib/python3.12/site-packages/airflow/example_dags/example_dynamic_task_mapping.py took 0.126 seconds
[2024-07-13T01:34:33.651+0000] {processor.py:161} INFO - Started process (PID=499) to work on /home/airflow/.local/lib/python3.12/site-packages/airflow/example_dags/example_dynamic_task_mapping.py
[2024-07-13T01:34:33.652+0000] {processor.py:830} INFO - Processing file /home/airflow/.local/lib/python3.12/site-packages/airflow/example_dags/example_dynamic_task_mapping.py for tasks to queue
[2024-07-13T01:34:33.653+0000] {logging_mixin.py:188} INFO - [2024-07-13T01:34:33.653+0000] {dagbag.py:545} INFO - Filling up the DagBag from /home/airflow/.local/lib/python3.12/site-packages/airflow/example_dags/example_dynamic_task_mapping.py
[2024-07-13T01:34:33.658+0000] {processor.py:840} INFO - DAG(s) 'example_dynamic_task_mapping' retrieved from /home/airflow/.local/lib/python3.12/site-packages/airflow/example_dags/example_dynamic_task_mapping.py
[2024-07-13T01:34:33.673+0000] {logging_mixin.py:188} INFO - [2024-07-13T01:34:33.673+0000] {dag.py:3096} INFO - Sync 1 DAGs
[2024-07-13T01:34:33.688+0000] {logging_mixin.py:188} INFO - [2024-07-13T01:34:33.688+0000] {dag.py:3954} INFO - Setting next_dagrun for example_dynamic_task_mapping to 2022-03-04 00:00:00+00:00, run_after=2022-03-05 00:00:00+00:00
[2024-07-13T01:34:33.708+0000] {processor.py:183} INFO - Processing /home/airflow/.local/lib/python3.12/site-packages/airflow/example_dags/example_dynamic_task_mapping.py took 0.061 seconds
[2024-07-13T01:35:03.917+0000] {processor.py:161} INFO - Started process (PID=561) to work on /home/airflow/.local/lib/python3.12/site-packages/airflow/example_dags/example_dynamic_task_mapping.py
[2024-07-13T01:35:03.918+0000] {processor.py:830} INFO - Processing file /home/airflow/.local/lib/python3.12/site-packages/airflow/example_dags/example_dynamic_task_mapping.py for tasks to queue
[2024-07-13T01:35:03.920+0000] {logging_mixin.py:188} INFO - [2024-07-13T01:35:03.919+0000] {dagbag.py:545} INFO - Filling up the DagBag from /home/airflow/.local/lib/python3.12/site-packages/airflow/example_dags/example_dynamic_task_mapping.py
[2024-07-13T01:35:03.926+0000] {processor.py:840} INFO - DAG(s) 'example_dynamic_task_mapping' retrieved from /home/airflow/.local/lib/python3.12/site-packages/airflow/example_dags/example_dynamic_task_mapping.py
[2024-07-13T01:35:03.944+0000] {logging_mixin.py:188} INFO - [2024-07-13T01:35:03.944+0000] {dag.py:3096} INFO - Sync 1 DAGs
[2024-07-13T01:35:03.966+0000] {logging_mixin.py:188} INFO - [2024-07-13T01:35:03.966+0000] {dag.py:3954} INFO - Setting next_dagrun for example_dynamic_task_mapping to 2022-03-04 00:00:00+00:00, run_after=2022-03-05 00:00:00+00:00
[2024-07-13T01:35:03.996+0000] {processor.py:183} INFO - Processing /home/airflow/.local/lib/python3.12/site-packages/airflow/example_dags/example_dynamic_task_mapping.py took 0.089 seconds
[2024-07-13T01:35:34.690+0000] {processor.py:161} INFO - Started process (PID=622) to work on /home/airflow/.local/lib/python3.12/site-packages/airflow/example_dags/example_dynamic_task_mapping.py
[2024-07-13T01:35:34.692+0000] {processor.py:830} INFO - Processing file /home/airflow/.local/lib/python3.12/site-packages/airflow/example_dags/example_dynamic_task_mapping.py for tasks to queue
[2024-07-13T01:35:34.700+0000] {logging_mixin.py:188} INFO - [2024-07-13T01:35:34.700+0000] {dagbag.py:545} INFO - Filling up the DagBag from /home/airflow/.local/lib/python3.12/site-packages/airflow/example_dags/example_dynamic_task_mapping.py
[2024-07-13T01:35:34.715+0000] {processor.py:840} INFO - DAG(s) 'example_dynamic_task_mapping' retrieved from /home/airflow/.local/lib/python3.12/site-packages/airflow/example_dags/example_dynamic_task_mapping.py
[2024-07-13T01:35:34.746+0000] {logging_mixin.py:188} INFO - [2024-07-13T01:35:34.746+0000] {dag.py:3096} INFO - Sync 1 DAGs
[2024-07-13T01:35:34.798+0000] {logging_mixin.py:188} INFO - [2024-07-13T01:35:34.798+0000] {dag.py:3954} INFO - Setting next_dagrun for example_dynamic_task_mapping to 2022-03-04 00:00:00+00:00, run_after=2022-03-05 00:00:00+00:00
[2024-07-13T01:35:34.847+0000] {processor.py:183} INFO - Processing /home/airflow/.local/lib/python3.12/site-packages/airflow/example_dags/example_dynamic_task_mapping.py took 0.172 seconds
[2024-07-13T01:36:05.047+0000] {processor.py:161} INFO - Started process (PID=683) to work on /home/airflow/.local/lib/python3.12/site-packages/airflow/example_dags/example_dynamic_task_mapping.py
[2024-07-13T01:36:05.048+0000] {processor.py:830} INFO - Processing file /home/airflow/.local/lib/python3.12/site-packages/airflow/example_dags/example_dynamic_task_mapping.py for tasks to queue
[2024-07-13T01:36:05.050+0000] {logging_mixin.py:188} INFO - [2024-07-13T01:36:05.049+0000] {dagbag.py:545} INFO - Filling up the DagBag from /home/airflow/.local/lib/python3.12/site-packages/airflow/example_dags/example_dynamic_task_mapping.py
[2024-07-13T01:36:05.056+0000] {processor.py:840} INFO - DAG(s) 'example_dynamic_task_mapping' retrieved from /home/airflow/.local/lib/python3.12/site-packages/airflow/example_dags/example_dynamic_task_mapping.py
[2024-07-13T01:36:05.076+0000] {logging_mixin.py:188} INFO - [2024-07-13T01:36:05.076+0000] {dag.py:3096} INFO - Sync 1 DAGs
[2024-07-13T01:36:05.099+0000] {logging_mixin.py:188} INFO - [2024-07-13T01:36:05.099+0000] {dag.py:3954} INFO - Setting next_dagrun for example_dynamic_task_mapping to 2022-03-04 00:00:00+00:00, run_after=2022-03-05 00:00:00+00:00
[2024-07-13T01:36:05.142+0000] {processor.py:183} INFO - Processing /home/airflow/.local/lib/python3.12/site-packages/airflow/example_dags/example_dynamic_task_mapping.py took 0.100 seconds
[2024-07-13T01:36:35.192+0000] {processor.py:161} INFO - Started process (PID=744) to work on /home/airflow/.local/lib/python3.12/site-packages/airflow/example_dags/example_dynamic_task_mapping.py
[2024-07-13T01:36:35.203+0000] {processor.py:830} INFO - Processing file /home/airflow/.local/lib/python3.12/site-packages/airflow/example_dags/example_dynamic_task_mapping.py for tasks to queue
[2024-07-13T01:36:35.206+0000] {logging_mixin.py:188} INFO - [2024-07-13T01:36:35.205+0000] {dagbag.py:545} INFO - Filling up the DagBag from /home/airflow/.local/lib/python3.12/site-packages/airflow/example_dags/example_dynamic_task_mapping.py
[2024-07-13T01:36:35.222+0000] {processor.py:840} INFO - DAG(s) 'example_dynamic_task_mapping' retrieved from /home/airflow/.local/lib/python3.12/site-packages/airflow/example_dags/example_dynamic_task_mapping.py
[2024-07-13T01:36:35.249+0000] {logging_mixin.py:188} INFO - [2024-07-13T01:36:35.248+0000] {dag.py:3096} INFO - Sync 1 DAGs
[2024-07-13T01:36:35.289+0000] {logging_mixin.py:188} INFO - [2024-07-13T01:36:35.288+0000] {dag.py:3954} INFO - Setting next_dagrun for example_dynamic_task_mapping to 2022-03-04 00:00:00+00:00, run_after=2022-03-05 00:00:00+00:00
[2024-07-13T01:36:35.327+0000] {processor.py:183} INFO - Processing /home/airflow/.local/lib/python3.12/site-packages/airflow/example_dags/example_dynamic_task_mapping.py took 0.148 seconds
[2024-07-13T01:37:05.608+0000] {processor.py:161} INFO - Started process (PID=805) to work on /home/airflow/.local/lib/python3.12/site-packages/airflow/example_dags/example_dynamic_task_mapping.py
[2024-07-13T01:37:05.608+0000] {processor.py:830} INFO - Processing file /home/airflow/.local/lib/python3.12/site-packages/airflow/example_dags/example_dynamic_task_mapping.py for tasks to queue
[2024-07-13T01:37:05.610+0000] {logging_mixin.py:188} INFO - [2024-07-13T01:37:05.609+0000] {dagbag.py:545} INFO - Filling up the DagBag from /home/airflow/.local/lib/python3.12/site-packages/airflow/example_dags/example_dynamic_task_mapping.py
[2024-07-13T01:37:05.615+0000] {processor.py:840} INFO - DAG(s) 'example_dynamic_task_mapping' retrieved from /home/airflow/.local/lib/python3.12/site-packages/airflow/example_dags/example_dynamic_task_mapping.py
[2024-07-13T01:37:05.629+0000] {logging_mixin.py:188} INFO - [2024-07-13T01:37:05.629+0000] {dag.py:3096} INFO - Sync 1 DAGs
[2024-07-13T01:37:05.646+0000] {logging_mixin.py:188} INFO - [2024-07-13T01:37:05.645+0000] {dag.py:3954} INFO - Setting next_dagrun for example_dynamic_task_mapping to 2022-03-04 00:00:00+00:00, run_after=2022-03-05 00:00:00+00:00
[2024-07-13T01:37:05.667+0000] {processor.py:183} INFO - Processing /home/airflow/.local/lib/python3.12/site-packages/airflow/example_dags/example_dynamic_task_mapping.py took 0.067 seconds
[2024-07-13T01:37:36.151+0000] {processor.py:161} INFO - Started process (PID=867) to work on /home/airflow/.local/lib/python3.12/site-packages/airflow/example_dags/example_dynamic_task_mapping.py
[2024-07-13T01:37:36.152+0000] {processor.py:830} INFO - Processing file /home/airflow/.local/lib/python3.12/site-packages/airflow/example_dags/example_dynamic_task_mapping.py for tasks to queue
[2024-07-13T01:37:36.154+0000] {logging_mixin.py:188} INFO - [2024-07-13T01:37:36.153+0000] {dagbag.py:545} INFO - Filling up the DagBag from /home/airflow/.local/lib/python3.12/site-packages/airflow/example_dags/example_dynamic_task_mapping.py
[2024-07-13T01:37:36.160+0000] {processor.py:840} INFO - DAG(s) 'example_dynamic_task_mapping' retrieved from /home/airflow/.local/lib/python3.12/site-packages/airflow/example_dags/example_dynamic_task_mapping.py
[2024-07-13T01:37:36.181+0000] {logging_mixin.py:188} INFO - [2024-07-13T01:37:36.180+0000] {dag.py:3096} INFO - Sync 1 DAGs
[2024-07-13T01:37:36.204+0000] {logging_mixin.py:188} INFO - [2024-07-13T01:37:36.204+0000] {dag.py:3954} INFO - Setting next_dagrun for example_dynamic_task_mapping to 2022-03-04 00:00:00+00:00, run_after=2022-03-05 00:00:00+00:00
[2024-07-13T01:37:36.399+0000] {processor.py:183} INFO - Processing /home/airflow/.local/lib/python3.12/site-packages/airflow/example_dags/example_dynamic_task_mapping.py took 0.254 seconds
[2024-07-13T01:38:07.044+0000] {processor.py:161} INFO - Started process (PID=928) to work on /home/airflow/.local/lib/python3.12/site-packages/airflow/example_dags/example_dynamic_task_mapping.py
[2024-07-13T01:38:07.045+0000] {processor.py:830} INFO - Processing file /home/airflow/.local/lib/python3.12/site-packages/airflow/example_dags/example_dynamic_task_mapping.py for tasks to queue
[2024-07-13T01:38:07.046+0000] {logging_mixin.py:188} INFO - [2024-07-13T01:38:07.046+0000] {dagbag.py:545} INFO - Filling up the DagBag from /home/airflow/.local/lib/python3.12/site-packages/airflow/example_dags/example_dynamic_task_mapping.py
[2024-07-13T01:38:07.053+0000] {processor.py:840} INFO - DAG(s) 'example_dynamic_task_mapping' retrieved from /home/airflow/.local/lib/python3.12/site-packages/airflow/example_dags/example_dynamic_task_mapping.py
[2024-07-13T01:38:07.075+0000] {logging_mixin.py:188} INFO - [2024-07-13T01:38:07.074+0000] {dag.py:3096} INFO - Sync 1 DAGs
[2024-07-13T01:38:07.099+0000] {logging_mixin.py:188} INFO - [2024-07-13T01:38:07.099+0000] {dag.py:3954} INFO - Setting next_dagrun for example_dynamic_task_mapping to 2022-03-04 00:00:00+00:00, run_after=2022-03-05 00:00:00+00:00
[2024-07-13T01:38:07.299+0000] {processor.py:183} INFO - Processing /home/airflow/.local/lib/python3.12/site-packages/airflow/example_dags/example_dynamic_task_mapping.py took 0.261 seconds
[2024-07-13T01:38:37.354+0000] {processor.py:161} INFO - Started process (PID=986) to work on /home/airflow/.local/lib/python3.12/site-packages/airflow/example_dags/example_dynamic_task_mapping.py
[2024-07-13T01:38:37.355+0000] {processor.py:830} INFO - Processing file /home/airflow/.local/lib/python3.12/site-packages/airflow/example_dags/example_dynamic_task_mapping.py for tasks to queue
[2024-07-13T01:38:37.356+0000] {logging_mixin.py:188} INFO - [2024-07-13T01:38:37.356+0000] {dagbag.py:545} INFO - Filling up the DagBag from /home/airflow/.local/lib/python3.12/site-packages/airflow/example_dags/example_dynamic_task_mapping.py
[2024-07-13T01:38:37.361+0000] {processor.py:840} INFO - DAG(s) 'example_dynamic_task_mapping' retrieved from /home/airflow/.local/lib/python3.12/site-packages/airflow/example_dags/example_dynamic_task_mapping.py
[2024-07-13T01:38:37.377+0000] {logging_mixin.py:188} INFO - [2024-07-13T01:38:37.376+0000] {dag.py:3096} INFO - Sync 1 DAGs
[2024-07-13T01:38:37.393+0000] {logging_mixin.py:188} INFO - [2024-07-13T01:38:37.393+0000] {dag.py:3954} INFO - Setting next_dagrun for example_dynamic_task_mapping to 2022-03-04 00:00:00+00:00, run_after=2022-03-05 00:00:00+00:00
[2024-07-13T01:38:37.541+0000] {processor.py:183} INFO - Processing /home/airflow/.local/lib/python3.12/site-packages/airflow/example_dags/example_dynamic_task_mapping.py took 0.191 seconds
[2024-07-13T01:39:07.622+0000] {processor.py:161} INFO - Started process (PID=1048) to work on /home/airflow/.local/lib/python3.12/site-packages/airflow/example_dags/example_dynamic_task_mapping.py
[2024-07-13T01:39:07.623+0000] {processor.py:830} INFO - Processing file /home/airflow/.local/lib/python3.12/site-packages/airflow/example_dags/example_dynamic_task_mapping.py for tasks to queue
[2024-07-13T01:39:07.624+0000] {logging_mixin.py:188} INFO - [2024-07-13T01:39:07.624+0000] {dagbag.py:545} INFO - Filling up the DagBag from /home/airflow/.local/lib/python3.12/site-packages/airflow/example_dags/example_dynamic_task_mapping.py
[2024-07-13T01:39:07.631+0000] {processor.py:840} INFO - DAG(s) 'example_dynamic_task_mapping' retrieved from /home/airflow/.local/lib/python3.12/site-packages/airflow/example_dags/example_dynamic_task_mapping.py
[2024-07-13T01:39:07.650+0000] {logging_mixin.py:188} INFO - [2024-07-13T01:39:07.650+0000] {dag.py:3096} INFO - Sync 1 DAGs
[2024-07-13T01:39:07.672+0000] {logging_mixin.py:188} INFO - [2024-07-13T01:39:07.672+0000] {dag.py:3954} INFO - Setting next_dagrun for example_dynamic_task_mapping to 2022-03-04 00:00:00+00:00, run_after=2022-03-05 00:00:00+00:00
[2024-07-13T01:39:07.842+0000] {processor.py:183} INFO - Processing /home/airflow/.local/lib/python3.12/site-packages/airflow/example_dags/example_dynamic_task_mapping.py took 0.227 seconds
[2024-07-13T01:39:38.236+0000] {processor.py:161} INFO - Started process (PID=1109) to work on /home/airflow/.local/lib/python3.12/site-packages/airflow/example_dags/example_dynamic_task_mapping.py
[2024-07-13T01:39:38.241+0000] {processor.py:830} INFO - Processing file /home/airflow/.local/lib/python3.12/site-packages/airflow/example_dags/example_dynamic_task_mapping.py for tasks to queue
[2024-07-13T01:39:38.244+0000] {logging_mixin.py:188} INFO - [2024-07-13T01:39:38.243+0000] {dagbag.py:545} INFO - Filling up the DagBag from /home/airflow/.local/lib/python3.12/site-packages/airflow/example_dags/example_dynamic_task_mapping.py
[2024-07-13T01:39:38.262+0000] {processor.py:840} INFO - DAG(s) 'example_dynamic_task_mapping' retrieved from /home/airflow/.local/lib/python3.12/site-packages/airflow/example_dags/example_dynamic_task_mapping.py
[2024-07-13T01:39:38.315+0000] {logging_mixin.py:188} INFO - [2024-07-13T01:39:38.315+0000] {dag.py:3096} INFO - Sync 1 DAGs
[2024-07-13T01:39:38.356+0000] {logging_mixin.py:188} INFO - [2024-07-13T01:39:38.356+0000] {dag.py:3954} INFO - Setting next_dagrun for example_dynamic_task_mapping to 2022-03-04 00:00:00+00:00, run_after=2022-03-05 00:00:00+00:00
[2024-07-13T01:39:38.399+0000] {processor.py:183} INFO - Processing /home/airflow/.local/lib/python3.12/site-packages/airflow/example_dags/example_dynamic_task_mapping.py took 0.175 seconds
[2024-07-13T01:43:04.387+0000] {processor.py:161} INFO - Started process (PID=69) to work on /home/airflow/.local/lib/python3.12/site-packages/airflow/example_dags/example_dynamic_task_mapping.py
[2024-07-13T01:43:04.388+0000] {processor.py:830} INFO - Processing file /home/airflow/.local/lib/python3.12/site-packages/airflow/example_dags/example_dynamic_task_mapping.py for tasks to queue
[2024-07-13T01:43:04.390+0000] {logging_mixin.py:188} INFO - [2024-07-13T01:43:04.389+0000] {dagbag.py:545} INFO - Filling up the DagBag from /home/airflow/.local/lib/python3.12/site-packages/airflow/example_dags/example_dynamic_task_mapping.py
[2024-07-13T01:43:04.396+0000] {processor.py:840} INFO - DAG(s) 'example_dynamic_task_mapping' retrieved from /home/airflow/.local/lib/python3.12/site-packages/airflow/example_dags/example_dynamic_task_mapping.py
[2024-07-13T01:43:04.545+0000] {logging_mixin.py:188} INFO - [2024-07-13T01:43:04.545+0000] {dag.py:3096} INFO - Sync 1 DAGs
[2024-07-13T01:43:04.592+0000] {logging_mixin.py:188} INFO - [2024-07-13T01:43:04.592+0000] {dag.py:3954} INFO - Setting next_dagrun for example_dynamic_task_mapping to 2022-03-04 00:00:00+00:00, run_after=2022-03-05 00:00:00+00:00
[2024-07-13T01:43:04.630+0000] {processor.py:183} INFO - Processing /home/airflow/.local/lib/python3.12/site-packages/airflow/example_dags/example_dynamic_task_mapping.py took 0.248 seconds
[2024-07-13T01:43:35.285+0000] {processor.py:161} INFO - Started process (PID=131) to work on /home/airflow/.local/lib/python3.12/site-packages/airflow/example_dags/example_dynamic_task_mapping.py
[2024-07-13T01:43:35.286+0000] {processor.py:830} INFO - Processing file /home/airflow/.local/lib/python3.12/site-packages/airflow/example_dags/example_dynamic_task_mapping.py for tasks to queue
[2024-07-13T01:43:35.288+0000] {logging_mixin.py:188} INFO - [2024-07-13T01:43:35.288+0000] {dagbag.py:545} INFO - Filling up the DagBag from /home/airflow/.local/lib/python3.12/site-packages/airflow/example_dags/example_dynamic_task_mapping.py
[2024-07-13T01:43:35.294+0000] {processor.py:840} INFO - DAG(s) 'example_dynamic_task_mapping' retrieved from /home/airflow/.local/lib/python3.12/site-packages/airflow/example_dags/example_dynamic_task_mapping.py
[2024-07-13T01:43:35.319+0000] {logging_mixin.py:188} INFO - [2024-07-13T01:43:35.319+0000] {dag.py:3096} INFO - Sync 1 DAGs
[2024-07-13T01:43:35.340+0000] {logging_mixin.py:188} INFO - [2024-07-13T01:43:35.340+0000] {dag.py:3954} INFO - Setting next_dagrun for example_dynamic_task_mapping to 2022-03-04 00:00:00+00:00, run_after=2022-03-05 00:00:00+00:00
[2024-07-13T01:43:35.368+0000] {processor.py:183} INFO - Processing /home/airflow/.local/lib/python3.12/site-packages/airflow/example_dags/example_dynamic_task_mapping.py took 0.088 seconds
[2024-07-13T01:44:07.639+0000] {processor.py:161} INFO - Started process (PID=191) to work on /home/airflow/.local/lib/python3.12/site-packages/airflow/example_dags/example_dynamic_task_mapping.py
[2024-07-13T01:44:07.646+0000] {processor.py:830} INFO - Processing file /home/airflow/.local/lib/python3.12/site-packages/airflow/example_dags/example_dynamic_task_mapping.py for tasks to queue
[2024-07-13T01:44:07.651+0000] {logging_mixin.py:188} INFO - [2024-07-13T01:44:07.651+0000] {dagbag.py:545} INFO - Filling up the DagBag from /home/airflow/.local/lib/python3.12/site-packages/airflow/example_dags/example_dynamic_task_mapping.py
[2024-07-13T01:44:07.674+0000] {processor.py:840} INFO - DAG(s) 'example_dynamic_task_mapping' retrieved from /home/airflow/.local/lib/python3.12/site-packages/airflow/example_dags/example_dynamic_task_mapping.py
[2024-07-13T01:44:07.747+0000] {logging_mixin.py:188} INFO - [2024-07-13T01:44:07.747+0000] {dag.py:3096} INFO - Sync 1 DAGs
[2024-07-13T01:44:07.835+0000] {logging_mixin.py:188} INFO - [2024-07-13T01:44:07.835+0000] {dag.py:3954} INFO - Setting next_dagrun for example_dynamic_task_mapping to 2022-03-04 00:00:00+00:00, run_after=2022-03-05 00:00:00+00:00
[2024-07-13T01:44:07.908+0000] {processor.py:183} INFO - Processing /home/airflow/.local/lib/python3.12/site-packages/airflow/example_dags/example_dynamic_task_mapping.py took 0.289 seconds
[2024-07-13T01:44:38.412+0000] {processor.py:161} INFO - Started process (PID=250) to work on /home/airflow/.local/lib/python3.12/site-packages/airflow/example_dags/example_dynamic_task_mapping.py
[2024-07-13T01:44:38.412+0000] {processor.py:830} INFO - Processing file /home/airflow/.local/lib/python3.12/site-packages/airflow/example_dags/example_dynamic_task_mapping.py for tasks to queue
[2024-07-13T01:44:38.414+0000] {logging_mixin.py:188} INFO - [2024-07-13T01:44:38.414+0000] {dagbag.py:545} INFO - Filling up the DagBag from /home/airflow/.local/lib/python3.12/site-packages/airflow/example_dags/example_dynamic_task_mapping.py
[2024-07-13T01:44:38.420+0000] {processor.py:840} INFO - DAG(s) 'example_dynamic_task_mapping' retrieved from /home/airflow/.local/lib/python3.12/site-packages/airflow/example_dags/example_dynamic_task_mapping.py
[2024-07-13T01:44:38.441+0000] {logging_mixin.py:188} INFO - [2024-07-13T01:44:38.440+0000] {dag.py:3096} INFO - Sync 1 DAGs
[2024-07-13T01:44:38.464+0000] {logging_mixin.py:188} INFO - [2024-07-13T01:44:38.464+0000] {dag.py:3954} INFO - Setting next_dagrun for example_dynamic_task_mapping to 2022-03-04 00:00:00+00:00, run_after=2022-03-05 00:00:00+00:00
[2024-07-13T01:44:38.491+0000] {processor.py:183} INFO - Processing /home/airflow/.local/lib/python3.12/site-packages/airflow/example_dags/example_dynamic_task_mapping.py took 0.085 seconds
[2024-07-13T01:45:08.643+0000] {processor.py:161} INFO - Started process (PID=311) to work on /home/airflow/.local/lib/python3.12/site-packages/airflow/example_dags/example_dynamic_task_mapping.py
[2024-07-13T01:45:08.644+0000] {processor.py:830} INFO - Processing file /home/airflow/.local/lib/python3.12/site-packages/airflow/example_dags/example_dynamic_task_mapping.py for tasks to queue
[2024-07-13T01:45:08.645+0000] {logging_mixin.py:188} INFO - [2024-07-13T01:45:08.645+0000] {dagbag.py:545} INFO - Filling up the DagBag from /home/airflow/.local/lib/python3.12/site-packages/airflow/example_dags/example_dynamic_task_mapping.py
[2024-07-13T01:45:08.652+0000] {processor.py:840} INFO - DAG(s) 'example_dynamic_task_mapping' retrieved from /home/airflow/.local/lib/python3.12/site-packages/airflow/example_dags/example_dynamic_task_mapping.py
[2024-07-13T01:45:08.672+0000] {logging_mixin.py:188} INFO - [2024-07-13T01:45:08.672+0000] {dag.py:3096} INFO - Sync 1 DAGs
[2024-07-13T01:45:08.695+0000] {logging_mixin.py:188} INFO - [2024-07-13T01:45:08.695+0000] {dag.py:3954} INFO - Setting next_dagrun for example_dynamic_task_mapping to 2022-03-04 00:00:00+00:00, run_after=2022-03-05 00:00:00+00:00
[2024-07-13T01:45:08.723+0000] {processor.py:183} INFO - Processing /home/airflow/.local/lib/python3.12/site-packages/airflow/example_dags/example_dynamic_task_mapping.py took 0.086 seconds
[2024-07-13T01:45:39.539+0000] {processor.py:161} INFO - Started process (PID=372) to work on /home/airflow/.local/lib/python3.12/site-packages/airflow/example_dags/example_dynamic_task_mapping.py
[2024-07-13T01:45:39.540+0000] {processor.py:830} INFO - Processing file /home/airflow/.local/lib/python3.12/site-packages/airflow/example_dags/example_dynamic_task_mapping.py for tasks to queue
[2024-07-13T01:45:39.542+0000] {logging_mixin.py:188} INFO - [2024-07-13T01:45:39.542+0000] {dagbag.py:545} INFO - Filling up the DagBag from /home/airflow/.local/lib/python3.12/site-packages/airflow/example_dags/example_dynamic_task_mapping.py
[2024-07-13T01:45:39.549+0000] {processor.py:840} INFO - DAG(s) 'example_dynamic_task_mapping' retrieved from /home/airflow/.local/lib/python3.12/site-packages/airflow/example_dags/example_dynamic_task_mapping.py
[2024-07-13T01:45:39.568+0000] {logging_mixin.py:188} INFO - [2024-07-13T01:45:39.567+0000] {dag.py:3096} INFO - Sync 1 DAGs
[2024-07-13T01:45:39.591+0000] {logging_mixin.py:188} INFO - [2024-07-13T01:45:39.591+0000] {dag.py:3954} INFO - Setting next_dagrun for example_dynamic_task_mapping to 2022-03-04 00:00:00+00:00, run_after=2022-03-05 00:00:00+00:00
[2024-07-13T01:45:39.616+0000] {processor.py:183} INFO - Processing /home/airflow/.local/lib/python3.12/site-packages/airflow/example_dags/example_dynamic_task_mapping.py took 0.082 seconds
[2024-07-13T01:46:09.849+0000] {processor.py:161} INFO - Started process (PID=433) to work on /home/airflow/.local/lib/python3.12/site-packages/airflow/example_dags/example_dynamic_task_mapping.py
[2024-07-13T01:46:09.849+0000] {processor.py:830} INFO - Processing file /home/airflow/.local/lib/python3.12/site-packages/airflow/example_dags/example_dynamic_task_mapping.py for tasks to queue
[2024-07-13T01:46:09.851+0000] {logging_mixin.py:188} INFO - [2024-07-13T01:46:09.851+0000] {dagbag.py:545} INFO - Filling up the DagBag from /home/airflow/.local/lib/python3.12/site-packages/airflow/example_dags/example_dynamic_task_mapping.py
[2024-07-13T01:46:09.857+0000] {processor.py:840} INFO - DAG(s) 'example_dynamic_task_mapping' retrieved from /home/airflow/.local/lib/python3.12/site-packages/airflow/example_dags/example_dynamic_task_mapping.py
[2024-07-13T01:46:09.876+0000] {logging_mixin.py:188} INFO - [2024-07-13T01:46:09.876+0000] {dag.py:3096} INFO - Sync 1 DAGs
[2024-07-13T01:46:09.898+0000] {logging_mixin.py:188} INFO - [2024-07-13T01:46:09.898+0000] {dag.py:3954} INFO - Setting next_dagrun for example_dynamic_task_mapping to 2022-03-04 00:00:00+00:00, run_after=2022-03-05 00:00:00+00:00
[2024-07-13T01:46:10.231+0000] {processor.py:183} INFO - Processing /home/airflow/.local/lib/python3.12/site-packages/airflow/example_dags/example_dynamic_task_mapping.py took 0.388 seconds
[2024-07-13T01:46:40.419+0000] {processor.py:161} INFO - Started process (PID=494) to work on /home/airflow/.local/lib/python3.12/site-packages/airflow/example_dags/example_dynamic_task_mapping.py
[2024-07-13T01:46:40.420+0000] {processor.py:830} INFO - Processing file /home/airflow/.local/lib/python3.12/site-packages/airflow/example_dags/example_dynamic_task_mapping.py for tasks to queue
[2024-07-13T01:46:40.422+0000] {logging_mixin.py:188} INFO - [2024-07-13T01:46:40.422+0000] {dagbag.py:545} INFO - Filling up the DagBag from /home/airflow/.local/lib/python3.12/site-packages/airflow/example_dags/example_dynamic_task_mapping.py
[2024-07-13T01:46:40.429+0000] {processor.py:840} INFO - DAG(s) 'example_dynamic_task_mapping' retrieved from /home/airflow/.local/lib/python3.12/site-packages/airflow/example_dags/example_dynamic_task_mapping.py
[2024-07-13T01:46:40.450+0000] {logging_mixin.py:188} INFO - [2024-07-13T01:46:40.450+0000] {dag.py:3096} INFO - Sync 1 DAGs
[2024-07-13T01:46:40.473+0000] {logging_mixin.py:188} INFO - [2024-07-13T01:46:40.472+0000] {dag.py:3954} INFO - Setting next_dagrun for example_dynamic_task_mapping to 2022-03-04 00:00:00+00:00, run_after=2022-03-05 00:00:00+00:00
[2024-07-13T01:46:40.497+0000] {processor.py:183} INFO - Processing /home/airflow/.local/lib/python3.12/site-packages/airflow/example_dags/example_dynamic_task_mapping.py took 0.083 seconds
[2024-07-13T01:47:11.085+0000] {processor.py:161} INFO - Started process (PID=555) to work on /home/airflow/.local/lib/python3.12/site-packages/airflow/example_dags/example_dynamic_task_mapping.py
[2024-07-13T01:47:11.086+0000] {processor.py:830} INFO - Processing file /home/airflow/.local/lib/python3.12/site-packages/airflow/example_dags/example_dynamic_task_mapping.py for tasks to queue
[2024-07-13T01:47:11.088+0000] {logging_mixin.py:188} INFO - [2024-07-13T01:47:11.087+0000] {dagbag.py:545} INFO - Filling up the DagBag from /home/airflow/.local/lib/python3.12/site-packages/airflow/example_dags/example_dynamic_task_mapping.py
[2024-07-13T01:47:11.094+0000] {processor.py:840} INFO - DAG(s) 'example_dynamic_task_mapping' retrieved from /home/airflow/.local/lib/python3.12/site-packages/airflow/example_dags/example_dynamic_task_mapping.py
[2024-07-13T01:47:11.113+0000] {logging_mixin.py:188} INFO - [2024-07-13T01:47:11.113+0000] {dag.py:3096} INFO - Sync 1 DAGs
[2024-07-13T01:47:11.135+0000] {logging_mixin.py:188} INFO - [2024-07-13T01:47:11.135+0000] {dag.py:3954} INFO - Setting next_dagrun for example_dynamic_task_mapping to 2022-03-04 00:00:00+00:00, run_after=2022-03-05 00:00:00+00:00
[2024-07-13T01:47:11.161+0000] {processor.py:183} INFO - Processing /home/airflow/.local/lib/python3.12/site-packages/airflow/example_dags/example_dynamic_task_mapping.py took 0.081 seconds
[2024-07-13T01:47:41.328+0000] {processor.py:161} INFO - Started process (PID=616) to work on /home/airflow/.local/lib/python3.12/site-packages/airflow/example_dags/example_dynamic_task_mapping.py
[2024-07-13T01:47:41.333+0000] {processor.py:830} INFO - Processing file /home/airflow/.local/lib/python3.12/site-packages/airflow/example_dags/example_dynamic_task_mapping.py for tasks to queue
[2024-07-13T01:47:41.336+0000] {logging_mixin.py:188} INFO - [2024-07-13T01:47:41.336+0000] {dagbag.py:545} INFO - Filling up the DagBag from /home/airflow/.local/lib/python3.12/site-packages/airflow/example_dags/example_dynamic_task_mapping.py
[2024-07-13T01:47:41.354+0000] {processor.py:840} INFO - DAG(s) 'example_dynamic_task_mapping' retrieved from /home/airflow/.local/lib/python3.12/site-packages/airflow/example_dags/example_dynamic_task_mapping.py
[2024-07-13T01:47:41.423+0000] {logging_mixin.py:188} INFO - [2024-07-13T01:47:41.423+0000] {dag.py:3096} INFO - Sync 1 DAGs
[2024-07-13T01:47:41.496+0000] {logging_mixin.py:188} INFO - [2024-07-13T01:47:41.496+0000] {dag.py:3954} INFO - Setting next_dagrun for example_dynamic_task_mapping to 2022-03-04 00:00:00+00:00, run_after=2022-03-05 00:00:00+00:00
[2024-07-13T01:47:41.555+0000] {processor.py:183} INFO - Processing /home/airflow/.local/lib/python3.12/site-packages/airflow/example_dags/example_dynamic_task_mapping.py took 0.255 seconds
[2024-07-13T01:48:12.133+0000] {processor.py:161} INFO - Started process (PID=677) to work on /home/airflow/.local/lib/python3.12/site-packages/airflow/example_dags/example_dynamic_task_mapping.py
[2024-07-13T01:48:12.134+0000] {processor.py:830} INFO - Processing file /home/airflow/.local/lib/python3.12/site-packages/airflow/example_dags/example_dynamic_task_mapping.py for tasks to queue
[2024-07-13T01:48:12.136+0000] {logging_mixin.py:188} INFO - [2024-07-13T01:48:12.136+0000] {dagbag.py:545} INFO - Filling up the DagBag from /home/airflow/.local/lib/python3.12/site-packages/airflow/example_dags/example_dynamic_task_mapping.py
[2024-07-13T01:48:12.143+0000] {processor.py:840} INFO - DAG(s) 'example_dynamic_task_mapping' retrieved from /home/airflow/.local/lib/python3.12/site-packages/airflow/example_dags/example_dynamic_task_mapping.py
[2024-07-13T01:48:12.163+0000] {logging_mixin.py:188} INFO - [2024-07-13T01:48:12.163+0000] {dag.py:3096} INFO - Sync 1 DAGs
[2024-07-13T01:48:12.188+0000] {logging_mixin.py:188} INFO - [2024-07-13T01:48:12.188+0000] {dag.py:3954} INFO - Setting next_dagrun for example_dynamic_task_mapping to 2022-03-04 00:00:00+00:00, run_after=2022-03-05 00:00:00+00:00
[2024-07-13T01:48:12.211+0000] {processor.py:183} INFO - Processing /home/airflow/.local/lib/python3.12/site-packages/airflow/example_dags/example_dynamic_task_mapping.py took 0.083 seconds
[2024-07-13T01:48:42.563+0000] {processor.py:161} INFO - Started process (PID=738) to work on /home/airflow/.local/lib/python3.12/site-packages/airflow/example_dags/example_dynamic_task_mapping.py
[2024-07-13T01:48:42.564+0000] {processor.py:830} INFO - Processing file /home/airflow/.local/lib/python3.12/site-packages/airflow/example_dags/example_dynamic_task_mapping.py for tasks to queue
[2024-07-13T01:48:42.565+0000] {logging_mixin.py:188} INFO - [2024-07-13T01:48:42.565+0000] {dagbag.py:545} INFO - Filling up the DagBag from /home/airflow/.local/lib/python3.12/site-packages/airflow/example_dags/example_dynamic_task_mapping.py
[2024-07-13T01:48:42.721+0000] {processor.py:840} INFO - DAG(s) 'example_dynamic_task_mapping' retrieved from /home/airflow/.local/lib/python3.12/site-packages/airflow/example_dags/example_dynamic_task_mapping.py
[2024-07-13T01:48:42.739+0000] {logging_mixin.py:188} INFO - [2024-07-13T01:48:42.739+0000] {dag.py:3096} INFO - Sync 1 DAGs
[2024-07-13T01:48:42.759+0000] {logging_mixin.py:188} INFO - [2024-07-13T01:48:42.758+0000] {dag.py:3954} INFO - Setting next_dagrun for example_dynamic_task_mapping to 2022-03-04 00:00:00+00:00, run_after=2022-03-05 00:00:00+00:00
[2024-07-13T01:48:42.782+0000] {processor.py:183} INFO - Processing /home/airflow/.local/lib/python3.12/site-packages/airflow/example_dags/example_dynamic_task_mapping.py took 0.225 seconds
[2024-07-13T01:49:13.107+0000] {processor.py:161} INFO - Started process (PID=799) to work on /home/airflow/.local/lib/python3.12/site-packages/airflow/example_dags/example_dynamic_task_mapping.py
[2024-07-13T01:49:13.110+0000] {processor.py:830} INFO - Processing file /home/airflow/.local/lib/python3.12/site-packages/airflow/example_dags/example_dynamic_task_mapping.py for tasks to queue
[2024-07-13T01:49:13.112+0000] {logging_mixin.py:188} INFO - [2024-07-13T01:49:13.111+0000] {dagbag.py:545} INFO - Filling up the DagBag from /home/airflow/.local/lib/python3.12/site-packages/airflow/example_dags/example_dynamic_task_mapping.py
[2024-07-13T01:49:13.118+0000] {processor.py:840} INFO - DAG(s) 'example_dynamic_task_mapping' retrieved from /home/airflow/.local/lib/python3.12/site-packages/airflow/example_dags/example_dynamic_task_mapping.py
[2024-07-13T01:49:13.139+0000] {logging_mixin.py:188} INFO - [2024-07-13T01:49:13.139+0000] {dag.py:3096} INFO - Sync 1 DAGs
[2024-07-13T01:49:13.164+0000] {logging_mixin.py:188} INFO - [2024-07-13T01:49:13.163+0000] {dag.py:3954} INFO - Setting next_dagrun for example_dynamic_task_mapping to 2022-03-04 00:00:00+00:00, run_after=2022-03-05 00:00:00+00:00
[2024-07-13T01:49:13.193+0000] {processor.py:183} INFO - Processing /home/airflow/.local/lib/python3.12/site-packages/airflow/example_dags/example_dynamic_task_mapping.py took 0.092 seconds
[2024-07-13T01:49:43.306+0000] {processor.py:161} INFO - Started process (PID=857) to work on /home/airflow/.local/lib/python3.12/site-packages/airflow/example_dags/example_dynamic_task_mapping.py
[2024-07-13T01:49:43.307+0000] {processor.py:830} INFO - Processing file /home/airflow/.local/lib/python3.12/site-packages/airflow/example_dags/example_dynamic_task_mapping.py for tasks to queue
[2024-07-13T01:49:43.308+0000] {logging_mixin.py:188} INFO - [2024-07-13T01:49:43.308+0000] {dagbag.py:545} INFO - Filling up the DagBag from /home/airflow/.local/lib/python3.12/site-packages/airflow/example_dags/example_dynamic_task_mapping.py
[2024-07-13T01:49:43.315+0000] {processor.py:840} INFO - DAG(s) 'example_dynamic_task_mapping' retrieved from /home/airflow/.local/lib/python3.12/site-packages/airflow/example_dags/example_dynamic_task_mapping.py
[2024-07-13T01:49:43.334+0000] {logging_mixin.py:188} INFO - [2024-07-13T01:49:43.334+0000] {dag.py:3096} INFO - Sync 1 DAGs
[2024-07-13T01:49:43.356+0000] {logging_mixin.py:188} INFO - [2024-07-13T01:49:43.356+0000] {dag.py:3954} INFO - Setting next_dagrun for example_dynamic_task_mapping to 2022-03-04 00:00:00+00:00, run_after=2022-03-05 00:00:00+00:00
[2024-07-13T01:49:43.387+0000] {processor.py:183} INFO - Processing /home/airflow/.local/lib/python3.12/site-packages/airflow/example_dags/example_dynamic_task_mapping.py took 0.087 seconds
[2024-07-13T01:50:14.136+0000] {processor.py:161} INFO - Started process (PID=919) to work on /home/airflow/.local/lib/python3.12/site-packages/airflow/example_dags/example_dynamic_task_mapping.py
[2024-07-13T01:50:14.137+0000] {processor.py:830} INFO - Processing file /home/airflow/.local/lib/python3.12/site-packages/airflow/example_dags/example_dynamic_task_mapping.py for tasks to queue
[2024-07-13T01:50:14.139+0000] {logging_mixin.py:188} INFO - [2024-07-13T01:50:14.138+0000] {dagbag.py:545} INFO - Filling up the DagBag from /home/airflow/.local/lib/python3.12/site-packages/airflow/example_dags/example_dynamic_task_mapping.py
[2024-07-13T01:50:14.145+0000] {processor.py:840} INFO - DAG(s) 'example_dynamic_task_mapping' retrieved from /home/airflow/.local/lib/python3.12/site-packages/airflow/example_dags/example_dynamic_task_mapping.py
[2024-07-13T01:50:14.165+0000] {logging_mixin.py:188} INFO - [2024-07-13T01:50:14.165+0000] {dag.py:3096} INFO - Sync 1 DAGs
[2024-07-13T01:50:14.190+0000] {logging_mixin.py:188} INFO - [2024-07-13T01:50:14.190+0000] {dag.py:3954} INFO - Setting next_dagrun for example_dynamic_task_mapping to 2022-03-04 00:00:00+00:00, run_after=2022-03-05 00:00:00+00:00
[2024-07-13T01:50:14.213+0000] {processor.py:183} INFO - Processing /home/airflow/.local/lib/python3.12/site-packages/airflow/example_dags/example_dynamic_task_mapping.py took 0.083 seconds
[2024-07-13T01:50:44.272+0000] {processor.py:161} INFO - Started process (PID=979) to work on /home/airflow/.local/lib/python3.12/site-packages/airflow/example_dags/example_dynamic_task_mapping.py
[2024-07-13T01:50:44.273+0000] {processor.py:830} INFO - Processing file /home/airflow/.local/lib/python3.12/site-packages/airflow/example_dags/example_dynamic_task_mapping.py for tasks to queue
[2024-07-13T01:50:44.274+0000] {logging_mixin.py:188} INFO - [2024-07-13T01:50:44.274+0000] {dagbag.py:545} INFO - Filling up the DagBag from /home/airflow/.local/lib/python3.12/site-packages/airflow/example_dags/example_dynamic_task_mapping.py
[2024-07-13T01:50:44.281+0000] {processor.py:840} INFO - DAG(s) 'example_dynamic_task_mapping' retrieved from /home/airflow/.local/lib/python3.12/site-packages/airflow/example_dags/example_dynamic_task_mapping.py
[2024-07-13T01:50:44.326+0000] {logging_mixin.py:188} INFO - [2024-07-13T01:50:44.325+0000] {dag.py:3096} INFO - Sync 1 DAGs
[2024-07-13T01:50:44.364+0000] {logging_mixin.py:188} INFO - [2024-07-13T01:50:44.364+0000] {dag.py:3954} INFO - Setting next_dagrun for example_dynamic_task_mapping to 2022-03-04 00:00:00+00:00, run_after=2022-03-05 00:00:00+00:00
[2024-07-13T01:50:44.405+0000] {processor.py:183} INFO - Processing /home/airflow/.local/lib/python3.12/site-packages/airflow/example_dags/example_dynamic_task_mapping.py took 0.140 seconds
[2024-07-13T01:51:14.908+0000] {processor.py:161} INFO - Started process (PID=1040) to work on /home/airflow/.local/lib/python3.12/site-packages/airflow/example_dags/example_dynamic_task_mapping.py
[2024-07-13T01:51:14.909+0000] {processor.py:830} INFO - Processing file /home/airflow/.local/lib/python3.12/site-packages/airflow/example_dags/example_dynamic_task_mapping.py for tasks to queue
[2024-07-13T01:51:14.912+0000] {logging_mixin.py:188} INFO - [2024-07-13T01:51:14.912+0000] {dagbag.py:545} INFO - Filling up the DagBag from /home/airflow/.local/lib/python3.12/site-packages/airflow/example_dags/example_dynamic_task_mapping.py
[2024-07-13T01:51:14.918+0000] {processor.py:840} INFO - DAG(s) 'example_dynamic_task_mapping' retrieved from /home/airflow/.local/lib/python3.12/site-packages/airflow/example_dags/example_dynamic_task_mapping.py
[2024-07-13T01:51:14.940+0000] {logging_mixin.py:188} INFO - [2024-07-13T01:51:14.940+0000] {dag.py:3096} INFO - Sync 1 DAGs
[2024-07-13T01:51:14.964+0000] {logging_mixin.py:188} INFO - [2024-07-13T01:51:14.964+0000] {dag.py:3954} INFO - Setting next_dagrun for example_dynamic_task_mapping to 2022-03-04 00:00:00+00:00, run_after=2022-03-05 00:00:00+00:00
[2024-07-13T01:51:14.990+0000] {processor.py:183} INFO - Processing /home/airflow/.local/lib/python3.12/site-packages/airflow/example_dags/example_dynamic_task_mapping.py took 0.088 seconds
[2024-07-13T01:51:45.402+0000] {processor.py:161} INFO - Started process (PID=1102) to work on /home/airflow/.local/lib/python3.12/site-packages/airflow/example_dags/example_dynamic_task_mapping.py
[2024-07-13T01:51:45.403+0000] {processor.py:830} INFO - Processing file /home/airflow/.local/lib/python3.12/site-packages/airflow/example_dags/example_dynamic_task_mapping.py for tasks to queue
[2024-07-13T01:51:45.405+0000] {logging_mixin.py:188} INFO - [2024-07-13T01:51:45.405+0000] {dagbag.py:545} INFO - Filling up the DagBag from /home/airflow/.local/lib/python3.12/site-packages/airflow/example_dags/example_dynamic_task_mapping.py
[2024-07-13T01:51:45.414+0000] {processor.py:840} INFO - DAG(s) 'example_dynamic_task_mapping' retrieved from /home/airflow/.local/lib/python3.12/site-packages/airflow/example_dags/example_dynamic_task_mapping.py
[2024-07-13T01:51:45.436+0000] {logging_mixin.py:188} INFO - [2024-07-13T01:51:45.436+0000] {dag.py:3096} INFO - Sync 1 DAGs
[2024-07-13T01:51:45.458+0000] {logging_mixin.py:188} INFO - [2024-07-13T01:51:45.458+0000] {dag.py:3954} INFO - Setting next_dagrun for example_dynamic_task_mapping to 2022-03-04 00:00:00+00:00, run_after=2022-03-05 00:00:00+00:00
[2024-07-13T01:51:45.485+0000] {processor.py:183} INFO - Processing /home/airflow/.local/lib/python3.12/site-packages/airflow/example_dags/example_dynamic_task_mapping.py took 0.088 seconds
[2024-07-13T01:52:15.622+0000] {processor.py:161} INFO - Started process (PID=1162) to work on /home/airflow/.local/lib/python3.12/site-packages/airflow/example_dags/example_dynamic_task_mapping.py
[2024-07-13T01:52:15.630+0000] {processor.py:830} INFO - Processing file /home/airflow/.local/lib/python3.12/site-packages/airflow/example_dags/example_dynamic_task_mapping.py for tasks to queue
[2024-07-13T01:52:15.632+0000] {logging_mixin.py:188} INFO - [2024-07-13T01:52:15.632+0000] {dagbag.py:545} INFO - Filling up the DagBag from /home/airflow/.local/lib/python3.12/site-packages/airflow/example_dags/example_dynamic_task_mapping.py
[2024-07-13T01:52:15.646+0000] {processor.py:840} INFO - DAG(s) 'example_dynamic_task_mapping' retrieved from /home/airflow/.local/lib/python3.12/site-packages/airflow/example_dags/example_dynamic_task_mapping.py
[2024-07-13T01:52:15.673+0000] {logging_mixin.py:188} INFO - [2024-07-13T01:52:15.673+0000] {dag.py:3096} INFO - Sync 1 DAGs
[2024-07-13T01:52:15.718+0000] {logging_mixin.py:188} INFO - [2024-07-13T01:52:15.718+0000] {dag.py:3954} INFO - Setting next_dagrun for example_dynamic_task_mapping to 2022-03-04 00:00:00+00:00, run_after=2022-03-05 00:00:00+00:00
[2024-07-13T01:52:15.775+0000] {processor.py:183} INFO - Processing /home/airflow/.local/lib/python3.12/site-packages/airflow/example_dags/example_dynamic_task_mapping.py took 0.160 seconds
[2024-07-13T01:52:45.857+0000] {processor.py:161} INFO - Started process (PID=1222) to work on /home/airflow/.local/lib/python3.12/site-packages/airflow/example_dags/example_dynamic_task_mapping.py
[2024-07-13T01:52:45.860+0000] {processor.py:830} INFO - Processing file /home/airflow/.local/lib/python3.12/site-packages/airflow/example_dags/example_dynamic_task_mapping.py for tasks to queue
[2024-07-13T01:52:45.865+0000] {logging_mixin.py:188} INFO - [2024-07-13T01:52:45.865+0000] {dagbag.py:545} INFO - Filling up the DagBag from /home/airflow/.local/lib/python3.12/site-packages/airflow/example_dags/example_dynamic_task_mapping.py
[2024-07-13T01:52:45.872+0000] {processor.py:840} INFO - DAG(s) 'example_dynamic_task_mapping' retrieved from /home/airflow/.local/lib/python3.12/site-packages/airflow/example_dags/example_dynamic_task_mapping.py
[2024-07-13T01:52:45.913+0000] {logging_mixin.py:188} INFO - [2024-07-13T01:52:45.913+0000] {dag.py:3096} INFO - Sync 1 DAGs
[2024-07-13T01:52:45.953+0000] {logging_mixin.py:188} INFO - [2024-07-13T01:52:45.952+0000] {dag.py:3954} INFO - Setting next_dagrun for example_dynamic_task_mapping to 2022-03-04 00:00:00+00:00, run_after=2022-03-05 00:00:00+00:00
[2024-07-13T01:52:45.978+0000] {processor.py:183} INFO - Processing /home/airflow/.local/lib/python3.12/site-packages/airflow/example_dags/example_dynamic_task_mapping.py took 0.141 seconds
[2024-07-13T01:53:16.012+0000] {processor.py:161} INFO - Started process (PID=1283) to work on /home/airflow/.local/lib/python3.12/site-packages/airflow/example_dags/example_dynamic_task_mapping.py
[2024-07-13T01:53:16.013+0000] {processor.py:830} INFO - Processing file /home/airflow/.local/lib/python3.12/site-packages/airflow/example_dags/example_dynamic_task_mapping.py for tasks to queue
[2024-07-13T01:53:16.015+0000] {logging_mixin.py:188} INFO - [2024-07-13T01:53:16.014+0000] {dagbag.py:545} INFO - Filling up the DagBag from /home/airflow/.local/lib/python3.12/site-packages/airflow/example_dags/example_dynamic_task_mapping.py
[2024-07-13T01:53:16.019+0000] {processor.py:840} INFO - DAG(s) 'example_dynamic_task_mapping' retrieved from /home/airflow/.local/lib/python3.12/site-packages/airflow/example_dags/example_dynamic_task_mapping.py
[2024-07-13T01:53:16.034+0000] {logging_mixin.py:188} INFO - [2024-07-13T01:53:16.034+0000] {dag.py:3096} INFO - Sync 1 DAGs
[2024-07-13T01:53:16.050+0000] {logging_mixin.py:188} INFO - [2024-07-13T01:53:16.050+0000] {dag.py:3954} INFO - Setting next_dagrun for example_dynamic_task_mapping to 2022-03-04 00:00:00+00:00, run_after=2022-03-05 00:00:00+00:00
[2024-07-13T01:53:16.072+0000] {processor.py:183} INFO - Processing /home/airflow/.local/lib/python3.12/site-packages/airflow/example_dags/example_dynamic_task_mapping.py took 0.064 seconds
[2024-07-13T01:53:46.480+0000] {processor.py:161} INFO - Started process (PID=1344) to work on /home/airflow/.local/lib/python3.12/site-packages/airflow/example_dags/example_dynamic_task_mapping.py
[2024-07-13T01:53:46.481+0000] {processor.py:830} INFO - Processing file /home/airflow/.local/lib/python3.12/site-packages/airflow/example_dags/example_dynamic_task_mapping.py for tasks to queue
[2024-07-13T01:53:46.483+0000] {logging_mixin.py:188} INFO - [2024-07-13T01:53:46.482+0000] {dagbag.py:545} INFO - Filling up the DagBag from /home/airflow/.local/lib/python3.12/site-packages/airflow/example_dags/example_dynamic_task_mapping.py
[2024-07-13T01:53:46.490+0000] {processor.py:840} INFO - DAG(s) 'example_dynamic_task_mapping' retrieved from /home/airflow/.local/lib/python3.12/site-packages/airflow/example_dags/example_dynamic_task_mapping.py
[2024-07-13T01:53:46.564+0000] {logging_mixin.py:188} INFO - [2024-07-13T01:53:46.563+0000] {dag.py:3096} INFO - Sync 1 DAGs
[2024-07-13T01:53:46.590+0000] {logging_mixin.py:188} INFO - [2024-07-13T01:53:46.590+0000] {dag.py:3954} INFO - Setting next_dagrun for example_dynamic_task_mapping to 2022-03-04 00:00:00+00:00, run_after=2022-03-05 00:00:00+00:00
[2024-07-13T01:53:46.616+0000] {processor.py:183} INFO - Processing /home/airflow/.local/lib/python3.12/site-packages/airflow/example_dags/example_dynamic_task_mapping.py took 0.142 seconds
[2024-07-13T01:54:16.939+0000] {processor.py:161} INFO - Started process (PID=1405) to work on /home/airflow/.local/lib/python3.12/site-packages/airflow/example_dags/example_dynamic_task_mapping.py
[2024-07-13T01:54:16.940+0000] {processor.py:830} INFO - Processing file /home/airflow/.local/lib/python3.12/site-packages/airflow/example_dags/example_dynamic_task_mapping.py for tasks to queue
[2024-07-13T01:54:16.941+0000] {logging_mixin.py:188} INFO - [2024-07-13T01:54:16.941+0000] {dagbag.py:545} INFO - Filling up the DagBag from /home/airflow/.local/lib/python3.12/site-packages/airflow/example_dags/example_dynamic_task_mapping.py
[2024-07-13T01:54:16.948+0000] {processor.py:840} INFO - DAG(s) 'example_dynamic_task_mapping' retrieved from /home/airflow/.local/lib/python3.12/site-packages/airflow/example_dags/example_dynamic_task_mapping.py
[2024-07-13T01:54:16.968+0000] {logging_mixin.py:188} INFO - [2024-07-13T01:54:16.968+0000] {dag.py:3096} INFO - Sync 1 DAGs
[2024-07-13T01:54:16.985+0000] {logging_mixin.py:188} INFO - [2024-07-13T01:54:16.985+0000] {dag.py:3954} INFO - Setting next_dagrun for example_dynamic_task_mapping to 2022-03-04 00:00:00+00:00, run_after=2022-03-05 00:00:00+00:00
[2024-07-13T01:54:17.007+0000] {processor.py:183} INFO - Processing /home/airflow/.local/lib/python3.12/site-packages/airflow/example_dags/example_dynamic_task_mapping.py took 0.072 seconds
[2024-07-13T01:54:47.186+0000] {processor.py:161} INFO - Started process (PID=1468) to work on /home/airflow/.local/lib/python3.12/site-packages/airflow/example_dags/example_dynamic_task_mapping.py
[2024-07-13T01:54:47.187+0000] {processor.py:830} INFO - Processing file /home/airflow/.local/lib/python3.12/site-packages/airflow/example_dags/example_dynamic_task_mapping.py for tasks to queue
[2024-07-13T01:54:47.189+0000] {logging_mixin.py:188} INFO - [2024-07-13T01:54:47.189+0000] {dagbag.py:545} INFO - Filling up the DagBag from /home/airflow/.local/lib/python3.12/site-packages/airflow/example_dags/example_dynamic_task_mapping.py
[2024-07-13T01:54:47.196+0000] {processor.py:840} INFO - DAG(s) 'example_dynamic_task_mapping' retrieved from /home/airflow/.local/lib/python3.12/site-packages/airflow/example_dags/example_dynamic_task_mapping.py
[2024-07-13T01:54:47.217+0000] {logging_mixin.py:188} INFO - [2024-07-13T01:54:47.217+0000] {dag.py:3096} INFO - Sync 1 DAGs
[2024-07-13T01:54:47.242+0000] {logging_mixin.py:188} INFO - [2024-07-13T01:54:47.241+0000] {dag.py:3954} INFO - Setting next_dagrun for example_dynamic_task_mapping to 2022-03-04 00:00:00+00:00, run_after=2022-03-05 00:00:00+00:00
[2024-07-13T01:54:47.272+0000] {processor.py:183} INFO - Processing /home/airflow/.local/lib/python3.12/site-packages/airflow/example_dags/example_dynamic_task_mapping.py took 0.092 seconds
[2024-07-13T01:55:18.221+0000] {processor.py:161} INFO - Started process (PID=1529) to work on /home/airflow/.local/lib/python3.12/site-packages/airflow/example_dags/example_dynamic_task_mapping.py
[2024-07-13T01:55:18.222+0000] {processor.py:830} INFO - Processing file /home/airflow/.local/lib/python3.12/site-packages/airflow/example_dags/example_dynamic_task_mapping.py for tasks to queue
[2024-07-13T01:55:18.224+0000] {logging_mixin.py:188} INFO - [2024-07-13T01:55:18.224+0000] {dagbag.py:545} INFO - Filling up the DagBag from /home/airflow/.local/lib/python3.12/site-packages/airflow/example_dags/example_dynamic_task_mapping.py
[2024-07-13T01:55:18.230+0000] {processor.py:840} INFO - DAG(s) 'example_dynamic_task_mapping' retrieved from /home/airflow/.local/lib/python3.12/site-packages/airflow/example_dags/example_dynamic_task_mapping.py
[2024-07-13T01:55:18.250+0000] {logging_mixin.py:188} INFO - [2024-07-13T01:55:18.250+0000] {dag.py:3096} INFO - Sync 1 DAGs
[2024-07-13T01:55:18.273+0000] {logging_mixin.py:188} INFO - [2024-07-13T01:55:18.273+0000] {dag.py:3954} INFO - Setting next_dagrun for example_dynamic_task_mapping to 2022-03-04 00:00:00+00:00, run_after=2022-03-05 00:00:00+00:00
[2024-07-13T01:55:18.298+0000] {processor.py:183} INFO - Processing /home/airflow/.local/lib/python3.12/site-packages/airflow/example_dags/example_dynamic_task_mapping.py took 0.083 seconds
[2024-07-13T01:55:49.150+0000] {processor.py:161} INFO - Started process (PID=1592) to work on /home/airflow/.local/lib/python3.12/site-packages/airflow/example_dags/example_dynamic_task_mapping.py
[2024-07-13T01:55:49.151+0000] {processor.py:830} INFO - Processing file /home/airflow/.local/lib/python3.12/site-packages/airflow/example_dags/example_dynamic_task_mapping.py for tasks to queue
[2024-07-13T01:55:49.153+0000] {logging_mixin.py:188} INFO - [2024-07-13T01:55:49.152+0000] {dagbag.py:545} INFO - Filling up the DagBag from /home/airflow/.local/lib/python3.12/site-packages/airflow/example_dags/example_dynamic_task_mapping.py
[2024-07-13T01:55:49.159+0000] {processor.py:840} INFO - DAG(s) 'example_dynamic_task_mapping' retrieved from /home/airflow/.local/lib/python3.12/site-packages/airflow/example_dags/example_dynamic_task_mapping.py
[2024-07-13T01:55:49.181+0000] {logging_mixin.py:188} INFO - [2024-07-13T01:55:49.181+0000] {dag.py:3096} INFO - Sync 1 DAGs
[2024-07-13T01:55:49.201+0000] {logging_mixin.py:188} INFO - [2024-07-13T01:55:49.201+0000] {dag.py:3954} INFO - Setting next_dagrun for example_dynamic_task_mapping to 2022-03-04 00:00:00+00:00, run_after=2022-03-05 00:00:00+00:00
[2024-07-13T01:55:49.227+0000] {processor.py:183} INFO - Processing /home/airflow/.local/lib/python3.12/site-packages/airflow/example_dags/example_dynamic_task_mapping.py took 0.082 seconds
[2024-07-13T01:56:19.745+0000] {processor.py:161} INFO - Started process (PID=1661) to work on /home/airflow/.local/lib/python3.12/site-packages/airflow/example_dags/example_dynamic_task_mapping.py
[2024-07-13T01:56:19.745+0000] {processor.py:830} INFO - Processing file /home/airflow/.local/lib/python3.12/site-packages/airflow/example_dags/example_dynamic_task_mapping.py for tasks to queue
[2024-07-13T01:56:19.747+0000] {logging_mixin.py:188} INFO - [2024-07-13T01:56:19.747+0000] {dagbag.py:545} INFO - Filling up the DagBag from /home/airflow/.local/lib/python3.12/site-packages/airflow/example_dags/example_dynamic_task_mapping.py
[2024-07-13T01:56:19.753+0000] {processor.py:840} INFO - DAG(s) 'example_dynamic_task_mapping' retrieved from /home/airflow/.local/lib/python3.12/site-packages/airflow/example_dags/example_dynamic_task_mapping.py
[2024-07-13T01:56:19.775+0000] {logging_mixin.py:188} INFO - [2024-07-13T01:56:19.774+0000] {dag.py:3096} INFO - Sync 1 DAGs
[2024-07-13T01:56:19.799+0000] {logging_mixin.py:188} INFO - [2024-07-13T01:56:19.798+0000] {dag.py:3954} INFO - Setting next_dagrun for example_dynamic_task_mapping to 2022-03-04 00:00:00+00:00, run_after=2022-03-05 00:00:00+00:00
[2024-07-13T01:56:19.824+0000] {processor.py:183} INFO - Processing /home/airflow/.local/lib/python3.12/site-packages/airflow/example_dags/example_dynamic_task_mapping.py took 0.086 seconds
[2024-07-13T02:00:46.474+0000] {processor.py:161} INFO - Started process (PID=69) to work on /home/airflow/.local/lib/python3.12/site-packages/airflow/example_dags/example_dynamic_task_mapping.py
[2024-07-13T02:00:46.475+0000] {processor.py:830} INFO - Processing file /home/airflow/.local/lib/python3.12/site-packages/airflow/example_dags/example_dynamic_task_mapping.py for tasks to queue
[2024-07-13T02:00:46.477+0000] {logging_mixin.py:188} INFO - [2024-07-13T02:00:46.477+0000] {dagbag.py:545} INFO - Filling up the DagBag from /home/airflow/.local/lib/python3.12/site-packages/airflow/example_dags/example_dynamic_task_mapping.py
[2024-07-13T02:00:46.484+0000] {processor.py:840} INFO - DAG(s) 'example_dynamic_task_mapping' retrieved from /home/airflow/.local/lib/python3.12/site-packages/airflow/example_dags/example_dynamic_task_mapping.py
[2024-07-13T02:00:46.610+0000] {logging_mixin.py:188} INFO - [2024-07-13T02:00:46.610+0000] {dag.py:3096} INFO - Sync 1 DAGs
[2024-07-13T02:00:46.645+0000] {logging_mixin.py:188} INFO - [2024-07-13T02:00:46.644+0000] {dag.py:3954} INFO - Setting next_dagrun for example_dynamic_task_mapping to 2022-03-04 00:00:00+00:00, run_after=2022-03-05 00:00:00+00:00
[2024-07-13T02:00:46.673+0000] {processor.py:183} INFO - Processing /home/airflow/.local/lib/python3.12/site-packages/airflow/example_dags/example_dynamic_task_mapping.py took 0.204 seconds
[2024-07-13T02:01:17.448+0000] {processor.py:161} INFO - Started process (PID=130) to work on /home/airflow/.local/lib/python3.12/site-packages/airflow/example_dags/example_dynamic_task_mapping.py
[2024-07-13T02:01:17.449+0000] {processor.py:830} INFO - Processing file /home/airflow/.local/lib/python3.12/site-packages/airflow/example_dags/example_dynamic_task_mapping.py for tasks to queue
[2024-07-13T02:01:17.450+0000] {logging_mixin.py:188} INFO - [2024-07-13T02:01:17.450+0000] {dagbag.py:545} INFO - Filling up the DagBag from /home/airflow/.local/lib/python3.12/site-packages/airflow/example_dags/example_dynamic_task_mapping.py
[2024-07-13T02:01:17.458+0000] {processor.py:840} INFO - DAG(s) 'example_dynamic_task_mapping' retrieved from /home/airflow/.local/lib/python3.12/site-packages/airflow/example_dags/example_dynamic_task_mapping.py
[2024-07-13T02:01:17.479+0000] {logging_mixin.py:188} INFO - [2024-07-13T02:01:17.479+0000] {dag.py:3096} INFO - Sync 1 DAGs
[2024-07-13T02:01:17.502+0000] {logging_mixin.py:188} INFO - [2024-07-13T02:01:17.501+0000] {dag.py:3954} INFO - Setting next_dagrun for example_dynamic_task_mapping to 2022-03-04 00:00:00+00:00, run_after=2022-03-05 00:00:00+00:00
[2024-07-13T02:01:17.533+0000] {processor.py:183} INFO - Processing /home/airflow/.local/lib/python3.12/site-packages/airflow/example_dags/example_dynamic_task_mapping.py took 0.091 seconds
[2024-07-13T02:01:48.564+0000] {processor.py:161} INFO - Started process (PID=191) to work on /home/airflow/.local/lib/python3.12/site-packages/airflow/example_dags/example_dynamic_task_mapping.py
[2024-07-13T02:01:48.574+0000] {processor.py:830} INFO - Processing file /home/airflow/.local/lib/python3.12/site-packages/airflow/example_dags/example_dynamic_task_mapping.py for tasks to queue
[2024-07-13T02:01:48.575+0000] {logging_mixin.py:188} INFO - [2024-07-13T02:01:48.575+0000] {dagbag.py:545} INFO - Filling up the DagBag from /home/airflow/.local/lib/python3.12/site-packages/airflow/example_dags/example_dynamic_task_mapping.py
[2024-07-13T02:01:48.594+0000] {processor.py:840} INFO - DAG(s) 'example_dynamic_task_mapping' retrieved from /home/airflow/.local/lib/python3.12/site-packages/airflow/example_dags/example_dynamic_task_mapping.py
[2024-07-13T02:01:48.637+0000] {logging_mixin.py:188} INFO - [2024-07-13T02:01:48.637+0000] {dag.py:3096} INFO - Sync 1 DAGs
[2024-07-13T02:01:48.661+0000] {logging_mixin.py:188} INFO - [2024-07-13T02:01:48.661+0000] {dag.py:3954} INFO - Setting next_dagrun for example_dynamic_task_mapping to 2022-03-04 00:00:00+00:00, run_after=2022-03-05 00:00:00+00:00
[2024-07-13T02:01:48.699+0000] {processor.py:183} INFO - Processing /home/airflow/.local/lib/python3.12/site-packages/airflow/example_dags/example_dynamic_task_mapping.py took 0.154 seconds
[2024-07-13T02:02:19.689+0000] {processor.py:161} INFO - Started process (PID=253) to work on /home/airflow/.local/lib/python3.12/site-packages/airflow/example_dags/example_dynamic_task_mapping.py
[2024-07-13T02:02:19.706+0000] {processor.py:830} INFO - Processing file /home/airflow/.local/lib/python3.12/site-packages/airflow/example_dags/example_dynamic_task_mapping.py for tasks to queue
[2024-07-13T02:02:19.707+0000] {logging_mixin.py:188} INFO - [2024-07-13T02:02:19.707+0000] {dagbag.py:545} INFO - Filling up the DagBag from /home/airflow/.local/lib/python3.12/site-packages/airflow/example_dags/example_dynamic_task_mapping.py
[2024-07-13T02:02:19.727+0000] {processor.py:840} INFO - DAG(s) 'example_dynamic_task_mapping' retrieved from /home/airflow/.local/lib/python3.12/site-packages/airflow/example_dags/example_dynamic_task_mapping.py
[2024-07-13T02:02:19.757+0000] {logging_mixin.py:188} INFO - [2024-07-13T02:02:19.757+0000] {dag.py:3096} INFO - Sync 1 DAGs
[2024-07-13T02:02:19.780+0000] {logging_mixin.py:188} INFO - [2024-07-13T02:02:19.780+0000] {dag.py:3954} INFO - Setting next_dagrun for example_dynamic_task_mapping to 2022-03-04 00:00:00+00:00, run_after=2022-03-05 00:00:00+00:00
[2024-07-13T02:02:19.815+0000] {processor.py:183} INFO - Processing /home/airflow/.local/lib/python3.12/site-packages/airflow/example_dags/example_dynamic_task_mapping.py took 0.157 seconds
[2024-07-13T02:02:50.474+0000] {processor.py:161} INFO - Started process (PID=315) to work on /home/airflow/.local/lib/python3.12/site-packages/airflow/example_dags/example_dynamic_task_mapping.py
[2024-07-13T02:02:50.474+0000] {processor.py:830} INFO - Processing file /home/airflow/.local/lib/python3.12/site-packages/airflow/example_dags/example_dynamic_task_mapping.py for tasks to queue
[2024-07-13T02:02:50.475+0000] {logging_mixin.py:188} INFO - [2024-07-13T02:02:50.475+0000] {dagbag.py:545} INFO - Filling up the DagBag from /home/airflow/.local/lib/python3.12/site-packages/airflow/example_dags/example_dynamic_task_mapping.py
[2024-07-13T02:02:50.482+0000] {processor.py:840} INFO - DAG(s) 'example_dynamic_task_mapping' retrieved from /home/airflow/.local/lib/python3.12/site-packages/airflow/example_dags/example_dynamic_task_mapping.py
[2024-07-13T02:02:50.502+0000] {logging_mixin.py:188} INFO - [2024-07-13T02:02:50.502+0000] {dag.py:3096} INFO - Sync 1 DAGs
[2024-07-13T02:02:50.533+0000] {logging_mixin.py:188} INFO - [2024-07-13T02:02:50.533+0000] {dag.py:3954} INFO - Setting next_dagrun for example_dynamic_task_mapping to 2022-03-04 00:00:00+00:00, run_after=2022-03-05 00:00:00+00:00
[2024-07-13T02:02:50.572+0000] {processor.py:183} INFO - Processing /home/airflow/.local/lib/python3.12/site-packages/airflow/example_dags/example_dynamic_task_mapping.py took 0.104 seconds
[2024-07-13T02:03:20.671+0000] {processor.py:161} INFO - Started process (PID=375) to work on /home/airflow/.local/lib/python3.12/site-packages/airflow/example_dags/example_dynamic_task_mapping.py
[2024-07-13T02:03:20.672+0000] {processor.py:830} INFO - Processing file /home/airflow/.local/lib/python3.12/site-packages/airflow/example_dags/example_dynamic_task_mapping.py for tasks to queue
[2024-07-13T02:03:20.673+0000] {logging_mixin.py:188} INFO - [2024-07-13T02:03:20.673+0000] {dagbag.py:545} INFO - Filling up the DagBag from /home/airflow/.local/lib/python3.12/site-packages/airflow/example_dags/example_dynamic_task_mapping.py
[2024-07-13T02:03:20.680+0000] {processor.py:840} INFO - DAG(s) 'example_dynamic_task_mapping' retrieved from /home/airflow/.local/lib/python3.12/site-packages/airflow/example_dags/example_dynamic_task_mapping.py
[2024-07-13T02:03:20.703+0000] {logging_mixin.py:188} INFO - [2024-07-13T02:03:20.703+0000] {dag.py:3096} INFO - Sync 1 DAGs
[2024-07-13T02:03:20.724+0000] {logging_mixin.py:188} INFO - [2024-07-13T02:03:20.724+0000] {dag.py:3954} INFO - Setting next_dagrun for example_dynamic_task_mapping to 2022-03-04 00:00:00+00:00, run_after=2022-03-05 00:00:00+00:00
[2024-07-13T02:03:20.747+0000] {processor.py:183} INFO - Processing /home/airflow/.local/lib/python3.12/site-packages/airflow/example_dags/example_dynamic_task_mapping.py took 0.082 seconds
[2024-07-13T02:03:51.649+0000] {processor.py:161} INFO - Started process (PID=437) to work on /home/airflow/.local/lib/python3.12/site-packages/airflow/example_dags/example_dynamic_task_mapping.py
[2024-07-13T02:03:51.650+0000] {processor.py:830} INFO - Processing file /home/airflow/.local/lib/python3.12/site-packages/airflow/example_dags/example_dynamic_task_mapping.py for tasks to queue
[2024-07-13T02:03:51.651+0000] {logging_mixin.py:188} INFO - [2024-07-13T02:03:51.650+0000] {dagbag.py:545} INFO - Filling up the DagBag from /home/airflow/.local/lib/python3.12/site-packages/airflow/example_dags/example_dynamic_task_mapping.py
[2024-07-13T02:03:51.658+0000] {processor.py:840} INFO - DAG(s) 'example_dynamic_task_mapping' retrieved from /home/airflow/.local/lib/python3.12/site-packages/airflow/example_dags/example_dynamic_task_mapping.py
[2024-07-13T02:03:51.678+0000] {logging_mixin.py:188} INFO - [2024-07-13T02:03:51.677+0000] {dag.py:3096} INFO - Sync 1 DAGs
[2024-07-13T02:03:51.700+0000] {logging_mixin.py:188} INFO - [2024-07-13T02:03:51.699+0000] {dag.py:3954} INFO - Setting next_dagrun for example_dynamic_task_mapping to 2022-03-04 00:00:00+00:00, run_after=2022-03-05 00:00:00+00:00
[2024-07-13T02:03:51.736+0000] {processor.py:183} INFO - Processing /home/airflow/.local/lib/python3.12/site-packages/airflow/example_dags/example_dynamic_task_mapping.py took 0.093 seconds
[2024-07-13T02:04:21.823+0000] {processor.py:161} INFO - Started process (PID=499) to work on /home/airflow/.local/lib/python3.12/site-packages/airflow/example_dags/example_dynamic_task_mapping.py
[2024-07-13T02:04:21.827+0000] {processor.py:830} INFO - Processing file /home/airflow/.local/lib/python3.12/site-packages/airflow/example_dags/example_dynamic_task_mapping.py for tasks to queue
[2024-07-13T02:04:21.828+0000] {logging_mixin.py:188} INFO - [2024-07-13T02:04:21.827+0000] {dagbag.py:545} INFO - Filling up the DagBag from /home/airflow/.local/lib/python3.12/site-packages/airflow/example_dags/example_dynamic_task_mapping.py
[2024-07-13T02:04:21.836+0000] {processor.py:840} INFO - DAG(s) 'example_dynamic_task_mapping' retrieved from /home/airflow/.local/lib/python3.12/site-packages/airflow/example_dags/example_dynamic_task_mapping.py
[2024-07-13T02:04:21.856+0000] {logging_mixin.py:188} INFO - [2024-07-13T02:04:21.856+0000] {dag.py:3096} INFO - Sync 1 DAGs
[2024-07-13T02:04:21.878+0000] {logging_mixin.py:188} INFO - [2024-07-13T02:04:21.877+0000] {dag.py:3954} INFO - Setting next_dagrun for example_dynamic_task_mapping to 2022-03-04 00:00:00+00:00, run_after=2022-03-05 00:00:00+00:00
[2024-07-13T02:04:21.902+0000] {processor.py:183} INFO - Processing /home/airflow/.local/lib/python3.12/site-packages/airflow/example_dags/example_dynamic_task_mapping.py took 0.085 seconds
[2024-07-13T02:04:52.364+0000] {processor.py:161} INFO - Started process (PID=560) to work on /home/airflow/.local/lib/python3.12/site-packages/airflow/example_dags/example_dynamic_task_mapping.py
[2024-07-13T02:04:52.371+0000] {processor.py:830} INFO - Processing file /home/airflow/.local/lib/python3.12/site-packages/airflow/example_dags/example_dynamic_task_mapping.py for tasks to queue
[2024-07-13T02:04:52.372+0000] {logging_mixin.py:188} INFO - [2024-07-13T02:04:52.371+0000] {dagbag.py:545} INFO - Filling up the DagBag from /home/airflow/.local/lib/python3.12/site-packages/airflow/example_dags/example_dynamic_task_mapping.py
[2024-07-13T02:04:52.379+0000] {processor.py:840} INFO - DAG(s) 'example_dynamic_task_mapping' retrieved from /home/airflow/.local/lib/python3.12/site-packages/airflow/example_dags/example_dynamic_task_mapping.py
[2024-07-13T02:04:52.396+0000] {logging_mixin.py:188} INFO - [2024-07-13T02:04:52.396+0000] {dag.py:3096} INFO - Sync 1 DAGs
[2024-07-13T02:04:52.419+0000] {logging_mixin.py:188} INFO - [2024-07-13T02:04:52.419+0000] {dag.py:3954} INFO - Setting next_dagrun for example_dynamic_task_mapping to 2022-03-04 00:00:00+00:00, run_after=2022-03-05 00:00:00+00:00
[2024-07-13T02:04:52.446+0000] {processor.py:183} INFO - Processing /home/airflow/.local/lib/python3.12/site-packages/airflow/example_dags/example_dynamic_task_mapping.py took 0.087 seconds
[2024-07-13T02:05:23.107+0000] {processor.py:161} INFO - Started process (PID=618) to work on /home/airflow/.local/lib/python3.12/site-packages/airflow/example_dags/example_dynamic_task_mapping.py
[2024-07-13T02:05:23.108+0000] {processor.py:830} INFO - Processing file /home/airflow/.local/lib/python3.12/site-packages/airflow/example_dags/example_dynamic_task_mapping.py for tasks to queue
[2024-07-13T02:05:23.109+0000] {logging_mixin.py:188} INFO - [2024-07-13T02:05:23.109+0000] {dagbag.py:545} INFO - Filling up the DagBag from /home/airflow/.local/lib/python3.12/site-packages/airflow/example_dags/example_dynamic_task_mapping.py
[2024-07-13T02:05:23.116+0000] {processor.py:840} INFO - DAG(s) 'example_dynamic_task_mapping' retrieved from /home/airflow/.local/lib/python3.12/site-packages/airflow/example_dags/example_dynamic_task_mapping.py
[2024-07-13T02:05:23.135+0000] {logging_mixin.py:188} INFO - [2024-07-13T02:05:23.135+0000] {dag.py:3096} INFO - Sync 1 DAGs
[2024-07-13T02:05:23.158+0000] {logging_mixin.py:188} INFO - [2024-07-13T02:05:23.157+0000] {dag.py:3954} INFO - Setting next_dagrun for example_dynamic_task_mapping to 2022-03-04 00:00:00+00:00, run_after=2022-03-05 00:00:00+00:00
[2024-07-13T02:05:23.182+0000] {processor.py:183} INFO - Processing /home/airflow/.local/lib/python3.12/site-packages/airflow/example_dags/example_dynamic_task_mapping.py took 0.080 seconds
[2024-07-13T02:05:53.896+0000] {processor.py:161} INFO - Started process (PID=679) to work on /home/airflow/.local/lib/python3.12/site-packages/airflow/example_dags/example_dynamic_task_mapping.py
[2024-07-13T02:05:53.918+0000] {processor.py:830} INFO - Processing file /home/airflow/.local/lib/python3.12/site-packages/airflow/example_dags/example_dynamic_task_mapping.py for tasks to queue
[2024-07-13T02:05:53.919+0000] {logging_mixin.py:188} INFO - [2024-07-13T02:05:53.919+0000] {dagbag.py:545} INFO - Filling up the DagBag from /home/airflow/.local/lib/python3.12/site-packages/airflow/example_dags/example_dynamic_task_mapping.py
[2024-07-13T02:05:53.926+0000] {processor.py:840} INFO - DAG(s) 'example_dynamic_task_mapping' retrieved from /home/airflow/.local/lib/python3.12/site-packages/airflow/example_dags/example_dynamic_task_mapping.py
[2024-07-13T02:05:53.979+0000] {logging_mixin.py:188} INFO - [2024-07-13T02:05:53.979+0000] {dag.py:3096} INFO - Sync 1 DAGs
[2024-07-13T02:05:54.018+0000] {logging_mixin.py:188} INFO - [2024-07-13T02:05:54.018+0000] {dag.py:3954} INFO - Setting next_dagrun for example_dynamic_task_mapping to 2022-03-04 00:00:00+00:00, run_after=2022-03-05 00:00:00+00:00
[2024-07-13T02:05:54.063+0000] {processor.py:183} INFO - Processing /home/airflow/.local/lib/python3.12/site-packages/airflow/example_dags/example_dynamic_task_mapping.py took 0.172 seconds
[2024-07-13T02:06:27.628+0000] {processor.py:161} INFO - Started process (PID=741) to work on /home/airflow/.local/lib/python3.12/site-packages/airflow/example_dags/example_dynamic_task_mapping.py
[2024-07-13T02:06:27.639+0000] {processor.py:830} INFO - Processing file /home/airflow/.local/lib/python3.12/site-packages/airflow/example_dags/example_dynamic_task_mapping.py for tasks to queue
[2024-07-13T02:06:27.640+0000] {logging_mixin.py:188} INFO - [2024-07-13T02:06:27.639+0000] {dagbag.py:545} INFO - Filling up the DagBag from /home/airflow/.local/lib/python3.12/site-packages/airflow/example_dags/example_dynamic_task_mapping.py
[2024-07-13T02:06:27.663+0000] {processor.py:840} INFO - DAG(s) 'example_dynamic_task_mapping' retrieved from /home/airflow/.local/lib/python3.12/site-packages/airflow/example_dags/example_dynamic_task_mapping.py
[2024-07-13T02:06:27.728+0000] {logging_mixin.py:188} INFO - [2024-07-13T02:06:27.728+0000] {dag.py:3096} INFO - Sync 1 DAGs
[2024-07-13T02:06:27.839+0000] {logging_mixin.py:188} INFO - [2024-07-13T02:06:27.839+0000] {dag.py:3954} INFO - Setting next_dagrun for example_dynamic_task_mapping to 2022-03-04 00:00:00+00:00, run_after=2022-03-05 00:00:00+00:00
[2024-07-13T02:06:27.887+0000] {processor.py:183} INFO - Processing /home/airflow/.local/lib/python3.12/site-packages/airflow/example_dags/example_dynamic_task_mapping.py took 0.283 seconds
[2024-07-13T02:06:57.939+0000] {processor.py:161} INFO - Started process (PID=801) to work on /home/airflow/.local/lib/python3.12/site-packages/airflow/example_dags/example_dynamic_task_mapping.py
[2024-07-13T02:06:57.940+0000] {processor.py:830} INFO - Processing file /home/airflow/.local/lib/python3.12/site-packages/airflow/example_dags/example_dynamic_task_mapping.py for tasks to queue
[2024-07-13T02:06:57.940+0000] {logging_mixin.py:188} INFO - [2024-07-13T02:06:57.940+0000] {dagbag.py:545} INFO - Filling up the DagBag from /home/airflow/.local/lib/python3.12/site-packages/airflow/example_dags/example_dynamic_task_mapping.py
[2024-07-13T02:06:57.946+0000] {processor.py:840} INFO - DAG(s) 'example_dynamic_task_mapping' retrieved from /home/airflow/.local/lib/python3.12/site-packages/airflow/example_dags/example_dynamic_task_mapping.py
[2024-07-13T02:06:57.961+0000] {logging_mixin.py:188} INFO - [2024-07-13T02:06:57.961+0000] {dag.py:3096} INFO - Sync 1 DAGs
[2024-07-13T02:06:57.979+0000] {logging_mixin.py:188} INFO - [2024-07-13T02:06:57.979+0000] {dag.py:3954} INFO - Setting next_dagrun for example_dynamic_task_mapping to 2022-03-04 00:00:00+00:00, run_after=2022-03-05 00:00:00+00:00
[2024-07-13T02:06:58.000+0000] {processor.py:183} INFO - Processing /home/airflow/.local/lib/python3.12/site-packages/airflow/example_dags/example_dynamic_task_mapping.py took 0.065 seconds
[2024-07-13T02:07:28.167+0000] {processor.py:161} INFO - Started process (PID=863) to work on /home/airflow/.local/lib/python3.12/site-packages/airflow/example_dags/example_dynamic_task_mapping.py
[2024-07-13T02:07:28.172+0000] {processor.py:830} INFO - Processing file /home/airflow/.local/lib/python3.12/site-packages/airflow/example_dags/example_dynamic_task_mapping.py for tasks to queue
[2024-07-13T02:07:28.174+0000] {logging_mixin.py:188} INFO - [2024-07-13T02:07:28.174+0000] {dagbag.py:545} INFO - Filling up the DagBag from /home/airflow/.local/lib/python3.12/site-packages/airflow/example_dags/example_dynamic_task_mapping.py
[2024-07-13T02:07:28.181+0000] {processor.py:840} INFO - DAG(s) 'example_dynamic_task_mapping' retrieved from /home/airflow/.local/lib/python3.12/site-packages/airflow/example_dags/example_dynamic_task_mapping.py
[2024-07-13T02:07:28.207+0000] {logging_mixin.py:188} INFO - [2024-07-13T02:07:28.207+0000] {dag.py:3096} INFO - Sync 1 DAGs
[2024-07-13T02:07:28.230+0000] {logging_mixin.py:188} INFO - [2024-07-13T02:07:28.230+0000] {dag.py:3954} INFO - Setting next_dagrun for example_dynamic_task_mapping to 2022-03-04 00:00:00+00:00, run_after=2022-03-05 00:00:00+00:00
[2024-07-13T02:07:28.257+0000] {processor.py:183} INFO - Processing /home/airflow/.local/lib/python3.12/site-packages/airflow/example_dags/example_dynamic_task_mapping.py took 0.096 seconds
[2024-07-13T02:07:58.763+0000] {processor.py:161} INFO - Started process (PID=925) to work on /home/airflow/.local/lib/python3.12/site-packages/airflow/example_dags/example_dynamic_task_mapping.py
[2024-07-13T02:07:58.767+0000] {processor.py:830} INFO - Processing file /home/airflow/.local/lib/python3.12/site-packages/airflow/example_dags/example_dynamic_task_mapping.py for tasks to queue
[2024-07-13T02:07:58.768+0000] {logging_mixin.py:188} INFO - [2024-07-13T02:07:58.767+0000] {dagbag.py:545} INFO - Filling up the DagBag from /home/airflow/.local/lib/python3.12/site-packages/airflow/example_dags/example_dynamic_task_mapping.py
[2024-07-13T02:07:58.780+0000] {processor.py:840} INFO - DAG(s) 'example_dynamic_task_mapping' retrieved from /home/airflow/.local/lib/python3.12/site-packages/airflow/example_dags/example_dynamic_task_mapping.py
[2024-07-13T02:07:58.803+0000] {logging_mixin.py:188} INFO - [2024-07-13T02:07:58.803+0000] {dag.py:3096} INFO - Sync 1 DAGs
[2024-07-13T02:07:58.819+0000] {logging_mixin.py:188} INFO - [2024-07-13T02:07:58.819+0000] {dag.py:3954} INFO - Setting next_dagrun for example_dynamic_task_mapping to 2022-03-04 00:00:00+00:00, run_after=2022-03-05 00:00:00+00:00
[2024-07-13T02:07:58.843+0000] {processor.py:183} INFO - Processing /home/airflow/.local/lib/python3.12/site-packages/airflow/example_dags/example_dynamic_task_mapping.py took 0.098 seconds
[2024-07-13T02:08:29.600+0000] {processor.py:161} INFO - Started process (PID=987) to work on /home/airflow/.local/lib/python3.12/site-packages/airflow/example_dags/example_dynamic_task_mapping.py
[2024-07-13T02:08:29.601+0000] {processor.py:830} INFO - Processing file /home/airflow/.local/lib/python3.12/site-packages/airflow/example_dags/example_dynamic_task_mapping.py for tasks to queue
[2024-07-13T02:08:29.602+0000] {logging_mixin.py:188} INFO - [2024-07-13T02:08:29.602+0000] {dagbag.py:545} INFO - Filling up the DagBag from /home/airflow/.local/lib/python3.12/site-packages/airflow/example_dags/example_dynamic_task_mapping.py
[2024-07-13T02:08:29.609+0000] {processor.py:840} INFO - DAG(s) 'example_dynamic_task_mapping' retrieved from /home/airflow/.local/lib/python3.12/site-packages/airflow/example_dags/example_dynamic_task_mapping.py
[2024-07-13T02:08:29.625+0000] {logging_mixin.py:188} INFO - [2024-07-13T02:08:29.624+0000] {dag.py:3096} INFO - Sync 1 DAGs
[2024-07-13T02:08:29.645+0000] {logging_mixin.py:188} INFO - [2024-07-13T02:08:29.645+0000] {dag.py:3954} INFO - Setting next_dagrun for example_dynamic_task_mapping to 2022-03-04 00:00:00+00:00, run_after=2022-03-05 00:00:00+00:00
[2024-07-13T02:08:29.672+0000] {processor.py:183} INFO - Processing /home/airflow/.local/lib/python3.12/site-packages/airflow/example_dags/example_dynamic_task_mapping.py took 0.077 seconds
[2024-07-13T02:09:00.469+0000] {processor.py:161} INFO - Started process (PID=1048) to work on /home/airflow/.local/lib/python3.12/site-packages/airflow/example_dags/example_dynamic_task_mapping.py
[2024-07-13T02:09:00.470+0000] {processor.py:830} INFO - Processing file /home/airflow/.local/lib/python3.12/site-packages/airflow/example_dags/example_dynamic_task_mapping.py for tasks to queue
[2024-07-13T02:09:00.471+0000] {logging_mixin.py:188} INFO - [2024-07-13T02:09:00.470+0000] {dagbag.py:545} INFO - Filling up the DagBag from /home/airflow/.local/lib/python3.12/site-packages/airflow/example_dags/example_dynamic_task_mapping.py
[2024-07-13T02:09:00.477+0000] {processor.py:840} INFO - DAG(s) 'example_dynamic_task_mapping' retrieved from /home/airflow/.local/lib/python3.12/site-packages/airflow/example_dags/example_dynamic_task_mapping.py
[2024-07-13T02:09:00.496+0000] {logging_mixin.py:188} INFO - [2024-07-13T02:09:00.496+0000] {dag.py:3096} INFO - Sync 1 DAGs
[2024-07-13T02:09:00.515+0000] {logging_mixin.py:188} INFO - [2024-07-13T02:09:00.515+0000] {dag.py:3954} INFO - Setting next_dagrun for example_dynamic_task_mapping to 2022-03-04 00:00:00+00:00, run_after=2022-03-05 00:00:00+00:00
[2024-07-13T02:09:00.541+0000] {processor.py:183} INFO - Processing /home/airflow/.local/lib/python3.12/site-packages/airflow/example_dags/example_dynamic_task_mapping.py took 0.078 seconds
