[2024-07-13T01:30:52.069+0000] {processor.py:161} INFO - Started process (PID=66) to work on /home/airflow/.local/lib/python3.12/site-packages/airflow/example_dags/example_branch_day_of_week_operator.py
[2024-07-13T01:30:52.070+0000] {processor.py:830} INFO - Processing file /home/airflow/.local/lib/python3.12/site-packages/airflow/example_dags/example_branch_day_of_week_operator.py for tasks to queue
[2024-07-13T01:30:52.072+0000] {logging_mixin.py:188} INFO - [2024-07-13T01:30:52.072+0000] {dagbag.py:545} INFO - Filling up the DagBag from /home/airflow/.local/lib/python3.12/site-packages/airflow/example_dags/example_branch_day_of_week_operator.py
[2024-07-13T01:30:52.083+0000] {processor.py:840} INFO - DAG(s) 'example_weekday_branch_operator' retrieved from /home/airflow/.local/lib/python3.12/site-packages/airflow/example_dags/example_branch_day_of_week_operator.py
[2024-07-13T01:30:52.483+0000] {logging_mixin.py:188} INFO - [2024-07-13T01:30:52.482+0000] {dag.py:3096} INFO - Sync 1 DAGs
[2024-07-13T01:30:52.529+0000] {logging_mixin.py:188} INFO - [2024-07-13T01:30:52.528+0000] {dag.py:3954} INFO - Setting next_dagrun for example_weekday_branch_operator to 2024-07-12 00:00:00+00:00, run_after=2024-07-13 00:00:00+00:00
[2024-07-13T01:30:52.662+0000] {processor.py:183} INFO - Processing /home/airflow/.local/lib/python3.12/site-packages/airflow/example_dags/example_branch_day_of_week_operator.py took 0.613 seconds
[2024-07-13T01:31:23.114+0000] {processor.py:161} INFO - Started process (PID=124) to work on /home/airflow/.local/lib/python3.12/site-packages/airflow/example_dags/example_branch_day_of_week_operator.py
[2024-07-13T01:31:23.115+0000] {processor.py:830} INFO - Processing file /home/airflow/.local/lib/python3.12/site-packages/airflow/example_dags/example_branch_day_of_week_operator.py for tasks to queue
[2024-07-13T01:31:23.116+0000] {logging_mixin.py:188} INFO - [2024-07-13T01:31:23.116+0000] {dagbag.py:545} INFO - Filling up the DagBag from /home/airflow/.local/lib/python3.12/site-packages/airflow/example_dags/example_branch_day_of_week_operator.py
[2024-07-13T01:31:23.121+0000] {processor.py:840} INFO - DAG(s) 'example_weekday_branch_operator' retrieved from /home/airflow/.local/lib/python3.12/site-packages/airflow/example_dags/example_branch_day_of_week_operator.py
[2024-07-13T01:31:23.137+0000] {logging_mixin.py:188} INFO - [2024-07-13T01:31:23.137+0000] {dag.py:3096} INFO - Sync 1 DAGs
[2024-07-13T01:31:23.153+0000] {logging_mixin.py:188} INFO - [2024-07-13T01:31:23.153+0000] {dag.py:3954} INFO - Setting next_dagrun for example_weekday_branch_operator to 2024-07-12 00:00:00+00:00, run_after=2024-07-13 00:00:00+00:00
[2024-07-13T01:31:23.180+0000] {processor.py:183} INFO - Processing /home/airflow/.local/lib/python3.12/site-packages/airflow/example_dags/example_branch_day_of_week_operator.py took 0.070 seconds
[2024-07-13T01:31:53.231+0000] {processor.py:161} INFO - Started process (PID=185) to work on /home/airflow/.local/lib/python3.12/site-packages/airflow/example_dags/example_branch_day_of_week_operator.py
[2024-07-13T01:31:53.235+0000] {processor.py:830} INFO - Processing file /home/airflow/.local/lib/python3.12/site-packages/airflow/example_dags/example_branch_day_of_week_operator.py for tasks to queue
[2024-07-13T01:31:53.236+0000] {logging_mixin.py:188} INFO - [2024-07-13T01:31:53.236+0000] {dagbag.py:545} INFO - Filling up the DagBag from /home/airflow/.local/lib/python3.12/site-packages/airflow/example_dags/example_branch_day_of_week_operator.py
[2024-07-13T01:31:53.251+0000] {processor.py:840} INFO - DAG(s) 'example_weekday_branch_operator' retrieved from /home/airflow/.local/lib/python3.12/site-packages/airflow/example_dags/example_branch_day_of_week_operator.py
[2024-07-13T01:31:53.272+0000] {logging_mixin.py:188} INFO - [2024-07-13T01:31:53.272+0000] {dag.py:3096} INFO - Sync 1 DAGs
[2024-07-13T01:31:53.288+0000] {logging_mixin.py:188} INFO - [2024-07-13T01:31:53.288+0000] {dag.py:3954} INFO - Setting next_dagrun for example_weekday_branch_operator to 2024-07-12 00:00:00+00:00, run_after=2024-07-13 00:00:00+00:00
[2024-07-13T01:31:53.310+0000] {processor.py:183} INFO - Processing /home/airflow/.local/lib/python3.12/site-packages/airflow/example_dags/example_branch_day_of_week_operator.py took 0.085 seconds
[2024-07-13T01:32:24.131+0000] {processor.py:161} INFO - Started process (PID=246) to work on /home/airflow/.local/lib/python3.12/site-packages/airflow/example_dags/example_branch_day_of_week_operator.py
[2024-07-13T01:32:24.132+0000] {processor.py:830} INFO - Processing file /home/airflow/.local/lib/python3.12/site-packages/airflow/example_dags/example_branch_day_of_week_operator.py for tasks to queue
[2024-07-13T01:32:24.134+0000] {logging_mixin.py:188} INFO - [2024-07-13T01:32:24.133+0000] {dagbag.py:545} INFO - Filling up the DagBag from /home/airflow/.local/lib/python3.12/site-packages/airflow/example_dags/example_branch_day_of_week_operator.py
[2024-07-13T01:32:24.141+0000] {processor.py:840} INFO - DAG(s) 'example_weekday_branch_operator' retrieved from /home/airflow/.local/lib/python3.12/site-packages/airflow/example_dags/example_branch_day_of_week_operator.py
[2024-07-13T01:32:24.163+0000] {logging_mixin.py:188} INFO - [2024-07-13T01:32:24.163+0000] {dag.py:3096} INFO - Sync 1 DAGs
[2024-07-13T01:32:24.187+0000] {logging_mixin.py:188} INFO - [2024-07-13T01:32:24.187+0000] {dag.py:3954} INFO - Setting next_dagrun for example_weekday_branch_operator to 2024-07-12 00:00:00+00:00, run_after=2024-07-13 00:00:00+00:00
[2024-07-13T01:32:24.211+0000] {processor.py:183} INFO - Processing /home/airflow/.local/lib/python3.12/site-packages/airflow/example_dags/example_branch_day_of_week_operator.py took 0.086 seconds
[2024-07-13T01:32:55.041+0000] {processor.py:161} INFO - Started process (PID=307) to work on /home/airflow/.local/lib/python3.12/site-packages/airflow/example_dags/example_branch_day_of_week_operator.py
[2024-07-13T01:32:55.042+0000] {processor.py:830} INFO - Processing file /home/airflow/.local/lib/python3.12/site-packages/airflow/example_dags/example_branch_day_of_week_operator.py for tasks to queue
[2024-07-13T01:32:55.043+0000] {logging_mixin.py:188} INFO - [2024-07-13T01:32:55.043+0000] {dagbag.py:545} INFO - Filling up the DagBag from /home/airflow/.local/lib/python3.12/site-packages/airflow/example_dags/example_branch_day_of_week_operator.py
[2024-07-13T01:32:55.059+0000] {processor.py:840} INFO - DAG(s) 'example_weekday_branch_operator' retrieved from /home/airflow/.local/lib/python3.12/site-packages/airflow/example_dags/example_branch_day_of_week_operator.py
[2024-07-13T01:32:55.143+0000] {logging_mixin.py:188} INFO - [2024-07-13T01:32:55.143+0000] {dag.py:3096} INFO - Sync 1 DAGs
[2024-07-13T01:32:55.284+0000] {logging_mixin.py:188} INFO - [2024-07-13T01:32:55.283+0000] {dag.py:3954} INFO - Setting next_dagrun for example_weekday_branch_operator to 2024-07-12 00:00:00+00:00, run_after=2024-07-13 00:00:00+00:00
[2024-07-13T01:32:55.338+0000] {processor.py:183} INFO - Processing /home/airflow/.local/lib/python3.12/site-packages/airflow/example_dags/example_branch_day_of_week_operator.py took 0.314 seconds
[2024-07-13T01:33:25.477+0000] {processor.py:161} INFO - Started process (PID=367) to work on /home/airflow/.local/lib/python3.12/site-packages/airflow/example_dags/example_branch_day_of_week_operator.py
[2024-07-13T01:33:25.478+0000] {processor.py:830} INFO - Processing file /home/airflow/.local/lib/python3.12/site-packages/airflow/example_dags/example_branch_day_of_week_operator.py for tasks to queue
[2024-07-13T01:33:25.480+0000] {logging_mixin.py:188} INFO - [2024-07-13T01:33:25.479+0000] {dagbag.py:545} INFO - Filling up the DagBag from /home/airflow/.local/lib/python3.12/site-packages/airflow/example_dags/example_branch_day_of_week_operator.py
[2024-07-13T01:33:25.487+0000] {processor.py:840} INFO - DAG(s) 'example_weekday_branch_operator' retrieved from /home/airflow/.local/lib/python3.12/site-packages/airflow/example_dags/example_branch_day_of_week_operator.py
[2024-07-13T01:33:25.528+0000] {logging_mixin.py:188} INFO - [2024-07-13T01:33:25.528+0000] {dag.py:3096} INFO - Sync 1 DAGs
[2024-07-13T01:33:25.554+0000] {logging_mixin.py:188} INFO - [2024-07-13T01:33:25.554+0000] {dag.py:3954} INFO - Setting next_dagrun for example_weekday_branch_operator to 2024-07-12 00:00:00+00:00, run_after=2024-07-13 00:00:00+00:00
[2024-07-13T01:33:25.581+0000] {processor.py:183} INFO - Processing /home/airflow/.local/lib/python3.12/site-packages/airflow/example_dags/example_branch_day_of_week_operator.py took 0.109 seconds
[2024-07-13T01:33:55.813+0000] {processor.py:161} INFO - Started process (PID=429) to work on /home/airflow/.local/lib/python3.12/site-packages/airflow/example_dags/example_branch_day_of_week_operator.py
[2024-07-13T01:33:55.814+0000] {processor.py:830} INFO - Processing file /home/airflow/.local/lib/python3.12/site-packages/airflow/example_dags/example_branch_day_of_week_operator.py for tasks to queue
[2024-07-13T01:33:55.816+0000] {logging_mixin.py:188} INFO - [2024-07-13T01:33:55.816+0000] {dagbag.py:545} INFO - Filling up the DagBag from /home/airflow/.local/lib/python3.12/site-packages/airflow/example_dags/example_branch_day_of_week_operator.py
[2024-07-13T01:33:55.824+0000] {processor.py:840} INFO - DAG(s) 'example_weekday_branch_operator' retrieved from /home/airflow/.local/lib/python3.12/site-packages/airflow/example_dags/example_branch_day_of_week_operator.py
[2024-07-13T01:33:55.846+0000] {logging_mixin.py:188} INFO - [2024-07-13T01:33:55.845+0000] {dag.py:3096} INFO - Sync 1 DAGs
[2024-07-13T01:33:55.873+0000] {logging_mixin.py:188} INFO - [2024-07-13T01:33:55.872+0000] {dag.py:3954} INFO - Setting next_dagrun for example_weekday_branch_operator to 2024-07-12 00:00:00+00:00, run_after=2024-07-13 00:00:00+00:00
[2024-07-13T01:33:55.904+0000] {processor.py:183} INFO - Processing /home/airflow/.local/lib/python3.12/site-packages/airflow/example_dags/example_branch_day_of_week_operator.py took 0.097 seconds
[2024-07-13T01:34:26.222+0000] {processor.py:161} INFO - Started process (PID=491) to work on /home/airflow/.local/lib/python3.12/site-packages/airflow/example_dags/example_branch_day_of_week_operator.py
[2024-07-13T01:34:26.225+0000] {processor.py:830} INFO - Processing file /home/airflow/.local/lib/python3.12/site-packages/airflow/example_dags/example_branch_day_of_week_operator.py for tasks to queue
[2024-07-13T01:34:26.227+0000] {logging_mixin.py:188} INFO - [2024-07-13T01:34:26.227+0000] {dagbag.py:545} INFO - Filling up the DagBag from /home/airflow/.local/lib/python3.12/site-packages/airflow/example_dags/example_branch_day_of_week_operator.py
[2024-07-13T01:34:26.236+0000] {processor.py:840} INFO - DAG(s) 'example_weekday_branch_operator' retrieved from /home/airflow/.local/lib/python3.12/site-packages/airflow/example_dags/example_branch_day_of_week_operator.py
[2024-07-13T01:34:26.257+0000] {logging_mixin.py:188} INFO - [2024-07-13T01:34:26.257+0000] {dag.py:3096} INFO - Sync 1 DAGs
[2024-07-13T01:34:26.277+0000] {logging_mixin.py:188} INFO - [2024-07-13T01:34:26.277+0000] {dag.py:3954} INFO - Setting next_dagrun for example_weekday_branch_operator to 2024-07-12 00:00:00+00:00, run_after=2024-07-13 00:00:00+00:00
[2024-07-13T01:34:26.309+0000] {processor.py:183} INFO - Processing /home/airflow/.local/lib/python3.12/site-packages/airflow/example_dags/example_branch_day_of_week_operator.py took 0.092 seconds
[2024-07-13T01:34:56.392+0000] {processor.py:161} INFO - Started process (PID=552) to work on /home/airflow/.local/lib/python3.12/site-packages/airflow/example_dags/example_branch_day_of_week_operator.py
[2024-07-13T01:34:56.402+0000] {processor.py:830} INFO - Processing file /home/airflow/.local/lib/python3.12/site-packages/airflow/example_dags/example_branch_day_of_week_operator.py for tasks to queue
[2024-07-13T01:34:56.404+0000] {logging_mixin.py:188} INFO - [2024-07-13T01:34:56.404+0000] {dagbag.py:545} INFO - Filling up the DagBag from /home/airflow/.local/lib/python3.12/site-packages/airflow/example_dags/example_branch_day_of_week_operator.py
[2024-07-13T01:34:56.417+0000] {processor.py:840} INFO - DAG(s) 'example_weekday_branch_operator' retrieved from /home/airflow/.local/lib/python3.12/site-packages/airflow/example_dags/example_branch_day_of_week_operator.py
[2024-07-13T01:34:56.481+0000] {logging_mixin.py:188} INFO - [2024-07-13T01:34:56.481+0000] {dag.py:3096} INFO - Sync 1 DAGs
[2024-07-13T01:34:56.526+0000] {logging_mixin.py:188} INFO - [2024-07-13T01:34:56.526+0000] {dag.py:3954} INFO - Setting next_dagrun for example_weekday_branch_operator to 2024-07-12 00:00:00+00:00, run_after=2024-07-13 00:00:00+00:00
[2024-07-13T01:34:56.556+0000] {processor.py:183} INFO - Processing /home/airflow/.local/lib/python3.12/site-packages/airflow/example_dags/example_branch_day_of_week_operator.py took 0.172 seconds
[2024-07-13T01:35:26.816+0000] {processor.py:161} INFO - Started process (PID=613) to work on /home/airflow/.local/lib/python3.12/site-packages/airflow/example_dags/example_branch_day_of_week_operator.py
[2024-07-13T01:35:26.818+0000] {processor.py:830} INFO - Processing file /home/airflow/.local/lib/python3.12/site-packages/airflow/example_dags/example_branch_day_of_week_operator.py for tasks to queue
[2024-07-13T01:35:26.820+0000] {logging_mixin.py:188} INFO - [2024-07-13T01:35:26.820+0000] {dagbag.py:545} INFO - Filling up the DagBag from /home/airflow/.local/lib/python3.12/site-packages/airflow/example_dags/example_branch_day_of_week_operator.py
[2024-07-13T01:35:26.853+0000] {processor.py:840} INFO - DAG(s) 'example_weekday_branch_operator' retrieved from /home/airflow/.local/lib/python3.12/site-packages/airflow/example_dags/example_branch_day_of_week_operator.py
[2024-07-13T01:35:26.955+0000] {logging_mixin.py:188} INFO - [2024-07-13T01:35:26.955+0000] {dag.py:3096} INFO - Sync 1 DAGs
[2024-07-13T01:35:27.012+0000] {logging_mixin.py:188} INFO - [2024-07-13T01:35:27.012+0000] {dag.py:3954} INFO - Setting next_dagrun for example_weekday_branch_operator to 2024-07-12 00:00:00+00:00, run_after=2024-07-13 00:00:00+00:00
[2024-07-13T01:35:27.134+0000] {processor.py:183} INFO - Processing /home/airflow/.local/lib/python3.12/site-packages/airflow/example_dags/example_branch_day_of_week_operator.py took 0.357 seconds
[2024-07-13T01:35:57.245+0000] {processor.py:161} INFO - Started process (PID=674) to work on /home/airflow/.local/lib/python3.12/site-packages/airflow/example_dags/example_branch_day_of_week_operator.py
[2024-07-13T01:35:57.248+0000] {processor.py:830} INFO - Processing file /home/airflow/.local/lib/python3.12/site-packages/airflow/example_dags/example_branch_day_of_week_operator.py for tasks to queue
[2024-07-13T01:35:57.274+0000] {logging_mixin.py:188} INFO - [2024-07-13T01:35:57.273+0000] {dagbag.py:545} INFO - Filling up the DagBag from /home/airflow/.local/lib/python3.12/site-packages/airflow/example_dags/example_branch_day_of_week_operator.py
[2024-07-13T01:35:57.340+0000] {processor.py:840} INFO - DAG(s) 'example_weekday_branch_operator' retrieved from /home/airflow/.local/lib/python3.12/site-packages/airflow/example_dags/example_branch_day_of_week_operator.py
[2024-07-13T01:35:57.404+0000] {logging_mixin.py:188} INFO - [2024-07-13T01:35:57.404+0000] {dag.py:3096} INFO - Sync 1 DAGs
[2024-07-13T01:35:57.487+0000] {logging_mixin.py:188} INFO - [2024-07-13T01:35:57.486+0000] {dag.py:3954} INFO - Setting next_dagrun for example_weekday_branch_operator to 2024-07-12 00:00:00+00:00, run_after=2024-07-13 00:00:00+00:00
[2024-07-13T01:35:57.541+0000] {processor.py:183} INFO - Processing /home/airflow/.local/lib/python3.12/site-packages/airflow/example_dags/example_branch_day_of_week_operator.py took 0.329 seconds
[2024-07-13T01:36:27.911+0000] {processor.py:161} INFO - Started process (PID=736) to work on /home/airflow/.local/lib/python3.12/site-packages/airflow/example_dags/example_branch_day_of_week_operator.py
[2024-07-13T01:36:27.912+0000] {processor.py:830} INFO - Processing file /home/airflow/.local/lib/python3.12/site-packages/airflow/example_dags/example_branch_day_of_week_operator.py for tasks to queue
[2024-07-13T01:36:27.914+0000] {logging_mixin.py:188} INFO - [2024-07-13T01:36:27.914+0000] {dagbag.py:545} INFO - Filling up the DagBag from /home/airflow/.local/lib/python3.12/site-packages/airflow/example_dags/example_branch_day_of_week_operator.py
[2024-07-13T01:36:27.924+0000] {processor.py:840} INFO - DAG(s) 'example_weekday_branch_operator' retrieved from /home/airflow/.local/lib/python3.12/site-packages/airflow/example_dags/example_branch_day_of_week_operator.py
[2024-07-13T01:36:27.958+0000] {logging_mixin.py:188} INFO - [2024-07-13T01:36:27.958+0000] {dag.py:3096} INFO - Sync 1 DAGs
[2024-07-13T01:36:27.986+0000] {logging_mixin.py:188} INFO - [2024-07-13T01:36:27.986+0000] {dag.py:3954} INFO - Setting next_dagrun for example_weekday_branch_operator to 2024-07-12 00:00:00+00:00, run_after=2024-07-13 00:00:00+00:00
[2024-07-13T01:36:28.017+0000] {processor.py:183} INFO - Processing /home/airflow/.local/lib/python3.12/site-packages/airflow/example_dags/example_branch_day_of_week_operator.py took 0.112 seconds
[2024-07-13T01:36:58.247+0000] {processor.py:161} INFO - Started process (PID=794) to work on /home/airflow/.local/lib/python3.12/site-packages/airflow/example_dags/example_branch_day_of_week_operator.py
[2024-07-13T01:36:58.248+0000] {processor.py:830} INFO - Processing file /home/airflow/.local/lib/python3.12/site-packages/airflow/example_dags/example_branch_day_of_week_operator.py for tasks to queue
[2024-07-13T01:36:58.250+0000] {logging_mixin.py:188} INFO - [2024-07-13T01:36:58.249+0000] {dagbag.py:545} INFO - Filling up the DagBag from /home/airflow/.local/lib/python3.12/site-packages/airflow/example_dags/example_branch_day_of_week_operator.py
[2024-07-13T01:36:58.258+0000] {processor.py:840} INFO - DAG(s) 'example_weekday_branch_operator' retrieved from /home/airflow/.local/lib/python3.12/site-packages/airflow/example_dags/example_branch_day_of_week_operator.py
[2024-07-13T01:36:58.279+0000] {logging_mixin.py:188} INFO - [2024-07-13T01:36:58.279+0000] {dag.py:3096} INFO - Sync 1 DAGs
[2024-07-13T01:36:58.302+0000] {logging_mixin.py:188} INFO - [2024-07-13T01:36:58.302+0000] {dag.py:3954} INFO - Setting next_dagrun for example_weekday_branch_operator to 2024-07-12 00:00:00+00:00, run_after=2024-07-13 00:00:00+00:00
[2024-07-13T01:36:58.326+0000] {processor.py:183} INFO - Processing /home/airflow/.local/lib/python3.12/site-packages/airflow/example_dags/example_branch_day_of_week_operator.py took 0.085 seconds
[2024-07-13T01:37:28.772+0000] {processor.py:161} INFO - Started process (PID=855) to work on /home/airflow/.local/lib/python3.12/site-packages/airflow/example_dags/example_branch_day_of_week_operator.py
[2024-07-13T01:37:28.778+0000] {processor.py:830} INFO - Processing file /home/airflow/.local/lib/python3.12/site-packages/airflow/example_dags/example_branch_day_of_week_operator.py for tasks to queue
[2024-07-13T01:37:28.784+0000] {logging_mixin.py:188} INFO - [2024-07-13T01:37:28.784+0000] {dagbag.py:545} INFO - Filling up the DagBag from /home/airflow/.local/lib/python3.12/site-packages/airflow/example_dags/example_branch_day_of_week_operator.py
[2024-07-13T01:37:28.797+0000] {processor.py:840} INFO - DAG(s) 'example_weekday_branch_operator' retrieved from /home/airflow/.local/lib/python3.12/site-packages/airflow/example_dags/example_branch_day_of_week_operator.py
[2024-07-13T01:37:28.845+0000] {logging_mixin.py:188} INFO - [2024-07-13T01:37:28.844+0000] {dag.py:3096} INFO - Sync 1 DAGs
[2024-07-13T01:37:28.886+0000] {logging_mixin.py:188} INFO - [2024-07-13T01:37:28.886+0000] {dag.py:3954} INFO - Setting next_dagrun for example_weekday_branch_operator to 2024-07-12 00:00:00+00:00, run_after=2024-07-13 00:00:00+00:00
[2024-07-13T01:37:28.914+0000] {processor.py:183} INFO - Processing /home/airflow/.local/lib/python3.12/site-packages/airflow/example_dags/example_branch_day_of_week_operator.py took 0.147 seconds
[2024-07-13T01:37:59.256+0000] {processor.py:161} INFO - Started process (PID=916) to work on /home/airflow/.local/lib/python3.12/site-packages/airflow/example_dags/example_branch_day_of_week_operator.py
[2024-07-13T01:37:59.256+0000] {processor.py:830} INFO - Processing file /home/airflow/.local/lib/python3.12/site-packages/airflow/example_dags/example_branch_day_of_week_operator.py for tasks to queue
[2024-07-13T01:37:59.258+0000] {logging_mixin.py:188} INFO - [2024-07-13T01:37:59.258+0000] {dagbag.py:545} INFO - Filling up the DagBag from /home/airflow/.local/lib/python3.12/site-packages/airflow/example_dags/example_branch_day_of_week_operator.py
[2024-07-13T01:37:59.266+0000] {processor.py:840} INFO - DAG(s) 'example_weekday_branch_operator' retrieved from /home/airflow/.local/lib/python3.12/site-packages/airflow/example_dags/example_branch_day_of_week_operator.py
[2024-07-13T01:37:59.289+0000] {logging_mixin.py:188} INFO - [2024-07-13T01:37:59.288+0000] {dag.py:3096} INFO - Sync 1 DAGs
[2024-07-13T01:37:59.312+0000] {logging_mixin.py:188} INFO - [2024-07-13T01:37:59.312+0000] {dag.py:3954} INFO - Setting next_dagrun for example_weekday_branch_operator to 2024-07-12 00:00:00+00:00, run_after=2024-07-13 00:00:00+00:00
[2024-07-13T01:37:59.336+0000] {processor.py:183} INFO - Processing /home/airflow/.local/lib/python3.12/site-packages/airflow/example_dags/example_branch_day_of_week_operator.py took 0.087 seconds
[2024-07-13T01:38:29.640+0000] {processor.py:161} INFO - Started process (PID=977) to work on /home/airflow/.local/lib/python3.12/site-packages/airflow/example_dags/example_branch_day_of_week_operator.py
[2024-07-13T01:38:29.641+0000] {processor.py:830} INFO - Processing file /home/airflow/.local/lib/python3.12/site-packages/airflow/example_dags/example_branch_day_of_week_operator.py for tasks to queue
[2024-07-13T01:38:29.642+0000] {logging_mixin.py:188} INFO - [2024-07-13T01:38:29.642+0000] {dagbag.py:545} INFO - Filling up the DagBag from /home/airflow/.local/lib/python3.12/site-packages/airflow/example_dags/example_branch_day_of_week_operator.py
[2024-07-13T01:38:29.651+0000] {processor.py:840} INFO - DAG(s) 'example_weekday_branch_operator' retrieved from /home/airflow/.local/lib/python3.12/site-packages/airflow/example_dags/example_branch_day_of_week_operator.py
[2024-07-13T01:38:29.672+0000] {logging_mixin.py:188} INFO - [2024-07-13T01:38:29.671+0000] {dag.py:3096} INFO - Sync 1 DAGs
[2024-07-13T01:38:29.708+0000] {logging_mixin.py:188} INFO - [2024-07-13T01:38:29.708+0000] {dag.py:3954} INFO - Setting next_dagrun for example_weekday_branch_operator to 2024-07-12 00:00:00+00:00, run_after=2024-07-13 00:00:00+00:00
[2024-07-13T01:38:29.739+0000] {processor.py:183} INFO - Processing /home/airflow/.local/lib/python3.12/site-packages/airflow/example_dags/example_branch_day_of_week_operator.py took 0.106 seconds
[2024-07-13T01:39:00.120+0000] {processor.py:161} INFO - Started process (PID=1039) to work on /home/airflow/.local/lib/python3.12/site-packages/airflow/example_dags/example_branch_day_of_week_operator.py
[2024-07-13T01:39:00.120+0000] {processor.py:830} INFO - Processing file /home/airflow/.local/lib/python3.12/site-packages/airflow/example_dags/example_branch_day_of_week_operator.py for tasks to queue
[2024-07-13T01:39:00.122+0000] {logging_mixin.py:188} INFO - [2024-07-13T01:39:00.122+0000] {dagbag.py:545} INFO - Filling up the DagBag from /home/airflow/.local/lib/python3.12/site-packages/airflow/example_dags/example_branch_day_of_week_operator.py
[2024-07-13T01:39:00.130+0000] {processor.py:840} INFO - DAG(s) 'example_weekday_branch_operator' retrieved from /home/airflow/.local/lib/python3.12/site-packages/airflow/example_dags/example_branch_day_of_week_operator.py
[2024-07-13T01:39:00.152+0000] {logging_mixin.py:188} INFO - [2024-07-13T01:39:00.151+0000] {dag.py:3096} INFO - Sync 1 DAGs
[2024-07-13T01:39:00.175+0000] {logging_mixin.py:188} INFO - [2024-07-13T01:39:00.175+0000] {dag.py:3954} INFO - Setting next_dagrun for example_weekday_branch_operator to 2024-07-12 00:00:00+00:00, run_after=2024-07-13 00:00:00+00:00
[2024-07-13T01:39:00.197+0000] {processor.py:183} INFO - Processing /home/airflow/.local/lib/python3.12/site-packages/airflow/example_dags/example_branch_day_of_week_operator.py took 0.084 seconds
[2024-07-13T01:39:30.552+0000] {processor.py:161} INFO - Started process (PID=1100) to work on /home/airflow/.local/lib/python3.12/site-packages/airflow/example_dags/example_branch_day_of_week_operator.py
[2024-07-13T01:39:30.566+0000] {processor.py:830} INFO - Processing file /home/airflow/.local/lib/python3.12/site-packages/airflow/example_dags/example_branch_day_of_week_operator.py for tasks to queue
[2024-07-13T01:39:30.568+0000] {logging_mixin.py:188} INFO - [2024-07-13T01:39:30.567+0000] {dagbag.py:545} INFO - Filling up the DagBag from /home/airflow/.local/lib/python3.12/site-packages/airflow/example_dags/example_branch_day_of_week_operator.py
[2024-07-13T01:39:30.594+0000] {processor.py:840} INFO - DAG(s) 'example_weekday_branch_operator' retrieved from /home/airflow/.local/lib/python3.12/site-packages/airflow/example_dags/example_branch_day_of_week_operator.py
[2024-07-13T01:39:30.661+0000] {logging_mixin.py:188} INFO - [2024-07-13T01:39:30.655+0000] {dag.py:3096} INFO - Sync 1 DAGs
[2024-07-13T01:39:30.742+0000] {logging_mixin.py:188} INFO - [2024-07-13T01:39:30.742+0000] {dag.py:3954} INFO - Setting next_dagrun for example_weekday_branch_operator to 2024-07-12 00:00:00+00:00, run_after=2024-07-13 00:00:00+00:00
[2024-07-13T01:39:30.846+0000] {processor.py:183} INFO - Processing /home/airflow/.local/lib/python3.12/site-packages/airflow/example_dags/example_branch_day_of_week_operator.py took 0.316 seconds
[2024-07-13T01:43:02.662+0000] {processor.py:161} INFO - Started process (PID=59) to work on /home/airflow/.local/lib/python3.12/site-packages/airflow/example_dags/example_branch_day_of_week_operator.py
[2024-07-13T01:43:02.663+0000] {processor.py:830} INFO - Processing file /home/airflow/.local/lib/python3.12/site-packages/airflow/example_dags/example_branch_day_of_week_operator.py for tasks to queue
[2024-07-13T01:43:02.665+0000] {logging_mixin.py:188} INFO - [2024-07-13T01:43:02.665+0000] {dagbag.py:545} INFO - Filling up the DagBag from /home/airflow/.local/lib/python3.12/site-packages/airflow/example_dags/example_branch_day_of_week_operator.py
[2024-07-13T01:43:02.676+0000] {processor.py:840} INFO - DAG(s) 'example_weekday_branch_operator' retrieved from /home/airflow/.local/lib/python3.12/site-packages/airflow/example_dags/example_branch_day_of_week_operator.py
[2024-07-13T01:43:02.848+0000] {logging_mixin.py:188} INFO - [2024-07-13T01:43:02.848+0000] {dag.py:3096} INFO - Sync 1 DAGs
[2024-07-13T01:43:02.881+0000] {logging_mixin.py:188} INFO - [2024-07-13T01:43:02.881+0000] {dag.py:3954} INFO - Setting next_dagrun for example_weekday_branch_operator to 2024-07-12 00:00:00+00:00, run_after=2024-07-13 00:00:00+00:00
[2024-07-13T01:43:02.906+0000] {processor.py:183} INFO - Processing /home/airflow/.local/lib/python3.12/site-packages/airflow/example_dags/example_branch_day_of_week_operator.py took 0.250 seconds
[2024-07-13T01:43:33.799+0000] {processor.py:161} INFO - Started process (PID=121) to work on /home/airflow/.local/lib/python3.12/site-packages/airflow/example_dags/example_branch_day_of_week_operator.py
[2024-07-13T01:43:33.828+0000] {processor.py:830} INFO - Processing file /home/airflow/.local/lib/python3.12/site-packages/airflow/example_dags/example_branch_day_of_week_operator.py for tasks to queue
[2024-07-13T01:43:33.830+0000] {logging_mixin.py:188} INFO - [2024-07-13T01:43:33.830+0000] {dagbag.py:545} INFO - Filling up the DagBag from /home/airflow/.local/lib/python3.12/site-packages/airflow/example_dags/example_branch_day_of_week_operator.py
[2024-07-13T01:43:33.836+0000] {processor.py:840} INFO - DAG(s) 'example_weekday_branch_operator' retrieved from /home/airflow/.local/lib/python3.12/site-packages/airflow/example_dags/example_branch_day_of_week_operator.py
[2024-07-13T01:43:33.855+0000] {logging_mixin.py:188} INFO - [2024-07-13T01:43:33.854+0000] {dag.py:3096} INFO - Sync 1 DAGs
[2024-07-13T01:43:33.878+0000] {logging_mixin.py:188} INFO - [2024-07-13T01:43:33.878+0000] {dag.py:3954} INFO - Setting next_dagrun for example_weekday_branch_operator to 2024-07-12 00:00:00+00:00, run_after=2024-07-13 00:00:00+00:00
[2024-07-13T01:43:33.901+0000] {processor.py:183} INFO - Processing /home/airflow/.local/lib/python3.12/site-packages/airflow/example_dags/example_branch_day_of_week_operator.py took 0.106 seconds
[2024-07-13T01:44:04.893+0000] {processor.py:161} INFO - Started process (PID=179) to work on /home/airflow/.local/lib/python3.12/site-packages/airflow/example_dags/example_branch_day_of_week_operator.py
[2024-07-13T01:44:04.898+0000] {processor.py:830} INFO - Processing file /home/airflow/.local/lib/python3.12/site-packages/airflow/example_dags/example_branch_day_of_week_operator.py for tasks to queue
[2024-07-13T01:44:04.903+0000] {logging_mixin.py:188} INFO - [2024-07-13T01:44:04.902+0000] {dagbag.py:545} INFO - Filling up the DagBag from /home/airflow/.local/lib/python3.12/site-packages/airflow/example_dags/example_branch_day_of_week_operator.py
[2024-07-13T01:44:04.929+0000] {processor.py:840} INFO - DAG(s) 'example_weekday_branch_operator' retrieved from /home/airflow/.local/lib/python3.12/site-packages/airflow/example_dags/example_branch_day_of_week_operator.py
[2024-07-13T01:44:04.987+0000] {logging_mixin.py:188} INFO - [2024-07-13T01:44:04.986+0000] {dag.py:3096} INFO - Sync 1 DAGs
[2024-07-13T01:44:05.056+0000] {logging_mixin.py:188} INFO - [2024-07-13T01:44:05.056+0000] {dag.py:3954} INFO - Setting next_dagrun for example_weekday_branch_operator to 2024-07-12 00:00:00+00:00, run_after=2024-07-13 00:00:00+00:00
[2024-07-13T01:44:05.103+0000] {processor.py:183} INFO - Processing /home/airflow/.local/lib/python3.12/site-packages/airflow/example_dags/example_branch_day_of_week_operator.py took 0.220 seconds
[2024-07-13T01:44:35.669+0000] {processor.py:161} INFO - Started process (PID=240) to work on /home/airflow/.local/lib/python3.12/site-packages/airflow/example_dags/example_branch_day_of_week_operator.py
[2024-07-13T01:44:35.670+0000] {processor.py:830} INFO - Processing file /home/airflow/.local/lib/python3.12/site-packages/airflow/example_dags/example_branch_day_of_week_operator.py for tasks to queue
[2024-07-13T01:44:35.672+0000] {logging_mixin.py:188} INFO - [2024-07-13T01:44:35.671+0000] {dagbag.py:545} INFO - Filling up the DagBag from /home/airflow/.local/lib/python3.12/site-packages/airflow/example_dags/example_branch_day_of_week_operator.py
[2024-07-13T01:44:35.683+0000] {processor.py:840} INFO - DAG(s) 'example_weekday_branch_operator' retrieved from /home/airflow/.local/lib/python3.12/site-packages/airflow/example_dags/example_branch_day_of_week_operator.py
[2024-07-13T01:44:35.706+0000] {logging_mixin.py:188} INFO - [2024-07-13T01:44:35.706+0000] {dag.py:3096} INFO - Sync 1 DAGs
[2024-07-13T01:44:35.731+0000] {logging_mixin.py:188} INFO - [2024-07-13T01:44:35.730+0000] {dag.py:3954} INFO - Setting next_dagrun for example_weekday_branch_operator to 2024-07-12 00:00:00+00:00, run_after=2024-07-13 00:00:00+00:00
[2024-07-13T01:44:35.756+0000] {processor.py:183} INFO - Processing /home/airflow/.local/lib/python3.12/site-packages/airflow/example_dags/example_branch_day_of_week_operator.py took 0.093 seconds
[2024-07-13T01:45:05.983+0000] {processor.py:161} INFO - Started process (PID=301) to work on /home/airflow/.local/lib/python3.12/site-packages/airflow/example_dags/example_branch_day_of_week_operator.py
[2024-07-13T01:45:05.984+0000] {processor.py:830} INFO - Processing file /home/airflow/.local/lib/python3.12/site-packages/airflow/example_dags/example_branch_day_of_week_operator.py for tasks to queue
[2024-07-13T01:45:05.986+0000] {logging_mixin.py:188} INFO - [2024-07-13T01:45:05.986+0000] {dagbag.py:545} INFO - Filling up the DagBag from /home/airflow/.local/lib/python3.12/site-packages/airflow/example_dags/example_branch_day_of_week_operator.py
[2024-07-13T01:45:05.995+0000] {processor.py:840} INFO - DAG(s) 'example_weekday_branch_operator' retrieved from /home/airflow/.local/lib/python3.12/site-packages/airflow/example_dags/example_branch_day_of_week_operator.py
[2024-07-13T01:45:06.030+0000] {logging_mixin.py:188} INFO - [2024-07-13T01:45:06.030+0000] {dag.py:3096} INFO - Sync 1 DAGs
[2024-07-13T01:45:06.062+0000] {logging_mixin.py:188} INFO - [2024-07-13T01:45:06.062+0000] {dag.py:3954} INFO - Setting next_dagrun for example_weekday_branch_operator to 2024-07-12 00:00:00+00:00, run_after=2024-07-13 00:00:00+00:00
[2024-07-13T01:45:06.086+0000] {processor.py:183} INFO - Processing /home/airflow/.local/lib/python3.12/site-packages/airflow/example_dags/example_branch_day_of_week_operator.py took 0.110 seconds
[2024-07-13T01:45:36.848+0000] {processor.py:161} INFO - Started process (PID=362) to work on /home/airflow/.local/lib/python3.12/site-packages/airflow/example_dags/example_branch_day_of_week_operator.py
[2024-07-13T01:45:36.849+0000] {processor.py:830} INFO - Processing file /home/airflow/.local/lib/python3.12/site-packages/airflow/example_dags/example_branch_day_of_week_operator.py for tasks to queue
[2024-07-13T01:45:36.851+0000] {logging_mixin.py:188} INFO - [2024-07-13T01:45:36.851+0000] {dagbag.py:545} INFO - Filling up the DagBag from /home/airflow/.local/lib/python3.12/site-packages/airflow/example_dags/example_branch_day_of_week_operator.py
[2024-07-13T01:45:36.859+0000] {processor.py:840} INFO - DAG(s) 'example_weekday_branch_operator' retrieved from /home/airflow/.local/lib/python3.12/site-packages/airflow/example_dags/example_branch_day_of_week_operator.py
[2024-07-13T01:45:36.882+0000] {logging_mixin.py:188} INFO - [2024-07-13T01:45:36.882+0000] {dag.py:3096} INFO - Sync 1 DAGs
[2024-07-13T01:45:36.906+0000] {logging_mixin.py:188} INFO - [2024-07-13T01:45:36.906+0000] {dag.py:3954} INFO - Setting next_dagrun for example_weekday_branch_operator to 2024-07-12 00:00:00+00:00, run_after=2024-07-13 00:00:00+00:00
[2024-07-13T01:45:36.956+0000] {processor.py:183} INFO - Processing /home/airflow/.local/lib/python3.12/site-packages/airflow/example_dags/example_branch_day_of_week_operator.py took 0.113 seconds
[2024-07-13T01:46:07.100+0000] {processor.py:161} INFO - Started process (PID=423) to work on /home/airflow/.local/lib/python3.12/site-packages/airflow/example_dags/example_branch_day_of_week_operator.py
[2024-07-13T01:46:07.101+0000] {processor.py:830} INFO - Processing file /home/airflow/.local/lib/python3.12/site-packages/airflow/example_dags/example_branch_day_of_week_operator.py for tasks to queue
[2024-07-13T01:46:07.102+0000] {logging_mixin.py:188} INFO - [2024-07-13T01:46:07.102+0000] {dagbag.py:545} INFO - Filling up the DagBag from /home/airflow/.local/lib/python3.12/site-packages/airflow/example_dags/example_branch_day_of_week_operator.py
[2024-07-13T01:46:07.111+0000] {processor.py:840} INFO - DAG(s) 'example_weekday_branch_operator' retrieved from /home/airflow/.local/lib/python3.12/site-packages/airflow/example_dags/example_branch_day_of_week_operator.py
[2024-07-13T01:46:07.136+0000] {logging_mixin.py:188} INFO - [2024-07-13T01:46:07.135+0000] {dag.py:3096} INFO - Sync 1 DAGs
[2024-07-13T01:46:07.161+0000] {logging_mixin.py:188} INFO - [2024-07-13T01:46:07.160+0000] {dag.py:3954} INFO - Setting next_dagrun for example_weekday_branch_operator to 2024-07-12 00:00:00+00:00, run_after=2024-07-13 00:00:00+00:00
[2024-07-13T01:46:07.185+0000] {processor.py:183} INFO - Processing /home/airflow/.local/lib/python3.12/site-packages/airflow/example_dags/example_branch_day_of_week_operator.py took 0.091 seconds
[2024-07-13T01:46:37.472+0000] {processor.py:161} INFO - Started process (PID=484) to work on /home/airflow/.local/lib/python3.12/site-packages/airflow/example_dags/example_branch_day_of_week_operator.py
[2024-07-13T01:46:37.478+0000] {processor.py:830} INFO - Processing file /home/airflow/.local/lib/python3.12/site-packages/airflow/example_dags/example_branch_day_of_week_operator.py for tasks to queue
[2024-07-13T01:46:37.480+0000] {logging_mixin.py:188} INFO - [2024-07-13T01:46:37.480+0000] {dagbag.py:545} INFO - Filling up the DagBag from /home/airflow/.local/lib/python3.12/site-packages/airflow/example_dags/example_branch_day_of_week_operator.py
[2024-07-13T01:46:37.489+0000] {processor.py:840} INFO - DAG(s) 'example_weekday_branch_operator' retrieved from /home/airflow/.local/lib/python3.12/site-packages/airflow/example_dags/example_branch_day_of_week_operator.py
[2024-07-13T01:46:37.512+0000] {logging_mixin.py:188} INFO - [2024-07-13T01:46:37.512+0000] {dag.py:3096} INFO - Sync 1 DAGs
[2024-07-13T01:46:37.537+0000] {logging_mixin.py:188} INFO - [2024-07-13T01:46:37.537+0000] {dag.py:3954} INFO - Setting next_dagrun for example_weekday_branch_operator to 2024-07-12 00:00:00+00:00, run_after=2024-07-13 00:00:00+00:00
[2024-07-13T01:46:37.571+0000] {processor.py:183} INFO - Processing /home/airflow/.local/lib/python3.12/site-packages/airflow/example_dags/example_branch_day_of_week_operator.py took 0.106 seconds
[2024-07-13T01:47:08.297+0000] {processor.py:161} INFO - Started process (PID=545) to work on /home/airflow/.local/lib/python3.12/site-packages/airflow/example_dags/example_branch_day_of_week_operator.py
[2024-07-13T01:47:08.298+0000] {processor.py:830} INFO - Processing file /home/airflow/.local/lib/python3.12/site-packages/airflow/example_dags/example_branch_day_of_week_operator.py for tasks to queue
[2024-07-13T01:47:08.304+0000] {logging_mixin.py:188} INFO - [2024-07-13T01:47:08.303+0000] {dagbag.py:545} INFO - Filling up the DagBag from /home/airflow/.local/lib/python3.12/site-packages/airflow/example_dags/example_branch_day_of_week_operator.py
[2024-07-13T01:47:08.317+0000] {processor.py:840} INFO - DAG(s) 'example_weekday_branch_operator' retrieved from /home/airflow/.local/lib/python3.12/site-packages/airflow/example_dags/example_branch_day_of_week_operator.py
[2024-07-13T01:47:08.363+0000] {logging_mixin.py:188} INFO - [2024-07-13T01:47:08.363+0000] {dag.py:3096} INFO - Sync 1 DAGs
[2024-07-13T01:47:08.421+0000] {logging_mixin.py:188} INFO - [2024-07-13T01:47:08.420+0000] {dag.py:3954} INFO - Setting next_dagrun for example_weekday_branch_operator to 2024-07-12 00:00:00+00:00, run_after=2024-07-13 00:00:00+00:00
[2024-07-13T01:47:08.458+0000] {processor.py:183} INFO - Processing /home/airflow/.local/lib/python3.12/site-packages/airflow/example_dags/example_branch_day_of_week_operator.py took 0.173 seconds
[2024-07-13T01:47:38.815+0000] {processor.py:161} INFO - Started process (PID=607) to work on /home/airflow/.local/lib/python3.12/site-packages/airflow/example_dags/example_branch_day_of_week_operator.py
[2024-07-13T01:47:38.816+0000] {processor.py:830} INFO - Processing file /home/airflow/.local/lib/python3.12/site-packages/airflow/example_dags/example_branch_day_of_week_operator.py for tasks to queue
[2024-07-13T01:47:38.820+0000] {logging_mixin.py:188} INFO - [2024-07-13T01:47:38.820+0000] {dagbag.py:545} INFO - Filling up the DagBag from /home/airflow/.local/lib/python3.12/site-packages/airflow/example_dags/example_branch_day_of_week_operator.py
[2024-07-13T01:47:38.838+0000] {processor.py:840} INFO - DAG(s) 'example_weekday_branch_operator' retrieved from /home/airflow/.local/lib/python3.12/site-packages/airflow/example_dags/example_branch_day_of_week_operator.py
[2024-07-13T01:47:38.927+0000] {logging_mixin.py:188} INFO - [2024-07-13T01:47:38.927+0000] {dag.py:3096} INFO - Sync 1 DAGs
[2024-07-13T01:47:38.977+0000] {logging_mixin.py:188} INFO - [2024-07-13T01:47:38.977+0000] {dag.py:3954} INFO - Setting next_dagrun for example_weekday_branch_operator to 2024-07-12 00:00:00+00:00, run_after=2024-07-13 00:00:00+00:00
[2024-07-13T01:47:39.051+0000] {processor.py:183} INFO - Processing /home/airflow/.local/lib/python3.12/site-packages/airflow/example_dags/example_branch_day_of_week_operator.py took 0.250 seconds
[2024-07-13T01:48:09.592+0000] {processor.py:161} INFO - Started process (PID=668) to work on /home/airflow/.local/lib/python3.12/site-packages/airflow/example_dags/example_branch_day_of_week_operator.py
[2024-07-13T01:48:09.593+0000] {processor.py:830} INFO - Processing file /home/airflow/.local/lib/python3.12/site-packages/airflow/example_dags/example_branch_day_of_week_operator.py for tasks to queue
[2024-07-13T01:48:09.595+0000] {logging_mixin.py:188} INFO - [2024-07-13T01:48:09.594+0000] {dagbag.py:545} INFO - Filling up the DagBag from /home/airflow/.local/lib/python3.12/site-packages/airflow/example_dags/example_branch_day_of_week_operator.py
[2024-07-13T01:48:09.606+0000] {processor.py:840} INFO - DAG(s) 'example_weekday_branch_operator' retrieved from /home/airflow/.local/lib/python3.12/site-packages/airflow/example_dags/example_branch_day_of_week_operator.py
[2024-07-13T01:48:09.629+0000] {logging_mixin.py:188} INFO - [2024-07-13T01:48:09.629+0000] {dag.py:3096} INFO - Sync 1 DAGs
[2024-07-13T01:48:09.654+0000] {logging_mixin.py:188} INFO - [2024-07-13T01:48:09.654+0000] {dag.py:3954} INFO - Setting next_dagrun for example_weekday_branch_operator to 2024-07-12 00:00:00+00:00, run_after=2024-07-13 00:00:00+00:00
[2024-07-13T01:48:09.680+0000] {processor.py:183} INFO - Processing /home/airflow/.local/lib/python3.12/site-packages/airflow/example_dags/example_branch_day_of_week_operator.py took 0.093 seconds
[2024-07-13T01:48:39.978+0000] {processor.py:161} INFO - Started process (PID=729) to work on /home/airflow/.local/lib/python3.12/site-packages/airflow/example_dags/example_branch_day_of_week_operator.py
[2024-07-13T01:48:39.979+0000] {processor.py:830} INFO - Processing file /home/airflow/.local/lib/python3.12/site-packages/airflow/example_dags/example_branch_day_of_week_operator.py for tasks to queue
[2024-07-13T01:48:39.980+0000] {logging_mixin.py:188} INFO - [2024-07-13T01:48:39.980+0000] {dagbag.py:545} INFO - Filling up the DagBag from /home/airflow/.local/lib/python3.12/site-packages/airflow/example_dags/example_branch_day_of_week_operator.py
[2024-07-13T01:48:39.988+0000] {processor.py:840} INFO - DAG(s) 'example_weekday_branch_operator' retrieved from /home/airflow/.local/lib/python3.12/site-packages/airflow/example_dags/example_branch_day_of_week_operator.py
[2024-07-13T01:48:40.010+0000] {logging_mixin.py:188} INFO - [2024-07-13T01:48:40.010+0000] {dag.py:3096} INFO - Sync 1 DAGs
[2024-07-13T01:48:40.033+0000] {logging_mixin.py:188} INFO - [2024-07-13T01:48:40.032+0000] {dag.py:3954} INFO - Setting next_dagrun for example_weekday_branch_operator to 2024-07-12 00:00:00+00:00, run_after=2024-07-13 00:00:00+00:00
[2024-07-13T01:48:40.060+0000] {processor.py:183} INFO - Processing /home/airflow/.local/lib/python3.12/site-packages/airflow/example_dags/example_branch_day_of_week_operator.py took 0.089 seconds
[2024-07-13T01:49:10.369+0000] {processor.py:161} INFO - Started process (PID=787) to work on /home/airflow/.local/lib/python3.12/site-packages/airflow/example_dags/example_branch_day_of_week_operator.py
[2024-07-13T01:49:10.370+0000] {processor.py:830} INFO - Processing file /home/airflow/.local/lib/python3.12/site-packages/airflow/example_dags/example_branch_day_of_week_operator.py for tasks to queue
[2024-07-13T01:49:10.372+0000] {logging_mixin.py:188} INFO - [2024-07-13T01:49:10.371+0000] {dagbag.py:545} INFO - Filling up the DagBag from /home/airflow/.local/lib/python3.12/site-packages/airflow/example_dags/example_branch_day_of_week_operator.py
[2024-07-13T01:49:10.379+0000] {processor.py:840} INFO - DAG(s) 'example_weekday_branch_operator' retrieved from /home/airflow/.local/lib/python3.12/site-packages/airflow/example_dags/example_branch_day_of_week_operator.py
[2024-07-13T01:49:10.402+0000] {logging_mixin.py:188} INFO - [2024-07-13T01:49:10.402+0000] {dag.py:3096} INFO - Sync 1 DAGs
[2024-07-13T01:49:10.426+0000] {logging_mixin.py:188} INFO - [2024-07-13T01:49:10.425+0000] {dag.py:3954} INFO - Setting next_dagrun for example_weekday_branch_operator to 2024-07-12 00:00:00+00:00, run_after=2024-07-13 00:00:00+00:00
[2024-07-13T01:49:10.452+0000] {processor.py:183} INFO - Processing /home/airflow/.local/lib/python3.12/site-packages/airflow/example_dags/example_branch_day_of_week_operator.py took 0.089 seconds
[2024-07-13T01:49:40.644+0000] {processor.py:161} INFO - Started process (PID=848) to work on /home/airflow/.local/lib/python3.12/site-packages/airflow/example_dags/example_branch_day_of_week_operator.py
[2024-07-13T01:49:40.645+0000] {processor.py:830} INFO - Processing file /home/airflow/.local/lib/python3.12/site-packages/airflow/example_dags/example_branch_day_of_week_operator.py for tasks to queue
[2024-07-13T01:49:40.647+0000] {logging_mixin.py:188} INFO - [2024-07-13T01:49:40.647+0000] {dagbag.py:545} INFO - Filling up the DagBag from /home/airflow/.local/lib/python3.12/site-packages/airflow/example_dags/example_branch_day_of_week_operator.py
[2024-07-13T01:49:40.655+0000] {processor.py:840} INFO - DAG(s) 'example_weekday_branch_operator' retrieved from /home/airflow/.local/lib/python3.12/site-packages/airflow/example_dags/example_branch_day_of_week_operator.py
[2024-07-13T01:49:40.684+0000] {logging_mixin.py:188} INFO - [2024-07-13T01:49:40.684+0000] {dag.py:3096} INFO - Sync 1 DAGs
[2024-07-13T01:49:40.706+0000] {logging_mixin.py:188} INFO - [2024-07-13T01:49:40.706+0000] {dag.py:3954} INFO - Setting next_dagrun for example_weekday_branch_operator to 2024-07-12 00:00:00+00:00, run_after=2024-07-13 00:00:00+00:00
[2024-07-13T01:49:40.739+0000] {processor.py:183} INFO - Processing /home/airflow/.local/lib/python3.12/site-packages/airflow/example_dags/example_branch_day_of_week_operator.py took 0.102 seconds
[2024-07-13T01:50:11.531+0000] {processor.py:161} INFO - Started process (PID=910) to work on /home/airflow/.local/lib/python3.12/site-packages/airflow/example_dags/example_branch_day_of_week_operator.py
[2024-07-13T01:50:11.539+0000] {processor.py:830} INFO - Processing file /home/airflow/.local/lib/python3.12/site-packages/airflow/example_dags/example_branch_day_of_week_operator.py for tasks to queue
[2024-07-13T01:50:11.541+0000] {logging_mixin.py:188} INFO - [2024-07-13T01:50:11.541+0000] {dagbag.py:545} INFO - Filling up the DagBag from /home/airflow/.local/lib/python3.12/site-packages/airflow/example_dags/example_branch_day_of_week_operator.py
[2024-07-13T01:50:11.607+0000] {processor.py:840} INFO - DAG(s) 'example_weekday_branch_operator' retrieved from /home/airflow/.local/lib/python3.12/site-packages/airflow/example_dags/example_branch_day_of_week_operator.py
[2024-07-13T01:50:11.671+0000] {logging_mixin.py:188} INFO - [2024-07-13T01:50:11.671+0000] {dag.py:3096} INFO - Sync 1 DAGs
[2024-07-13T01:50:11.722+0000] {logging_mixin.py:188} INFO - [2024-07-13T01:50:11.722+0000] {dag.py:3954} INFO - Setting next_dagrun for example_weekday_branch_operator to 2024-07-12 00:00:00+00:00, run_after=2024-07-13 00:00:00+00:00
[2024-07-13T01:50:11.757+0000] {processor.py:183} INFO - Processing /home/airflow/.local/lib/python3.12/site-packages/airflow/example_dags/example_branch_day_of_week_operator.py took 0.232 seconds
[2024-07-13T01:50:42.763+0000] {processor.py:161} INFO - Started process (PID=970) to work on /home/airflow/.local/lib/python3.12/site-packages/airflow/example_dags/example_branch_day_of_week_operator.py
[2024-07-13T01:50:42.764+0000] {processor.py:830} INFO - Processing file /home/airflow/.local/lib/python3.12/site-packages/airflow/example_dags/example_branch_day_of_week_operator.py for tasks to queue
[2024-07-13T01:50:42.766+0000] {logging_mixin.py:188} INFO - [2024-07-13T01:50:42.765+0000] {dagbag.py:545} INFO - Filling up the DagBag from /home/airflow/.local/lib/python3.12/site-packages/airflow/example_dags/example_branch_day_of_week_operator.py
[2024-07-13T01:50:42.774+0000] {processor.py:840} INFO - DAG(s) 'example_weekday_branch_operator' retrieved from /home/airflow/.local/lib/python3.12/site-packages/airflow/example_dags/example_branch_day_of_week_operator.py
[2024-07-13T01:50:42.799+0000] {logging_mixin.py:188} INFO - [2024-07-13T01:50:42.799+0000] {dag.py:3096} INFO - Sync 1 DAGs
[2024-07-13T01:50:42.829+0000] {logging_mixin.py:188} INFO - [2024-07-13T01:50:42.829+0000] {dag.py:3954} INFO - Setting next_dagrun for example_weekday_branch_operator to 2024-07-12 00:00:00+00:00, run_after=2024-07-13 00:00:00+00:00
[2024-07-13T01:50:42.875+0000] {processor.py:183} INFO - Processing /home/airflow/.local/lib/python3.12/site-packages/airflow/example_dags/example_branch_day_of_week_operator.py took 0.118 seconds
[2024-07-13T01:51:13.387+0000] {processor.py:161} INFO - Started process (PID=1031) to work on /home/airflow/.local/lib/python3.12/site-packages/airflow/example_dags/example_branch_day_of_week_operator.py
[2024-07-13T01:51:13.390+0000] {processor.py:830} INFO - Processing file /home/airflow/.local/lib/python3.12/site-packages/airflow/example_dags/example_branch_day_of_week_operator.py for tasks to queue
[2024-07-13T01:51:13.392+0000] {logging_mixin.py:188} INFO - [2024-07-13T01:51:13.391+0000] {dagbag.py:545} INFO - Filling up the DagBag from /home/airflow/.local/lib/python3.12/site-packages/airflow/example_dags/example_branch_day_of_week_operator.py
[2024-07-13T01:51:13.401+0000] {processor.py:840} INFO - DAG(s) 'example_weekday_branch_operator' retrieved from /home/airflow/.local/lib/python3.12/site-packages/airflow/example_dags/example_branch_day_of_week_operator.py
[2024-07-13T01:51:13.434+0000] {logging_mixin.py:188} INFO - [2024-07-13T01:51:13.433+0000] {dag.py:3096} INFO - Sync 1 DAGs
[2024-07-13T01:51:13.472+0000] {logging_mixin.py:188} INFO - [2024-07-13T01:51:13.472+0000] {dag.py:3954} INFO - Setting next_dagrun for example_weekday_branch_operator to 2024-07-12 00:00:00+00:00, run_after=2024-07-13 00:00:00+00:00
[2024-07-13T01:51:13.513+0000] {processor.py:183} INFO - Processing /home/airflow/.local/lib/python3.12/site-packages/airflow/example_dags/example_branch_day_of_week_operator.py took 0.132 seconds
[2024-07-13T01:51:43.939+0000] {processor.py:161} INFO - Started process (PID=1093) to work on /home/airflow/.local/lib/python3.12/site-packages/airflow/example_dags/example_branch_day_of_week_operator.py
[2024-07-13T01:51:43.940+0000] {processor.py:830} INFO - Processing file /home/airflow/.local/lib/python3.12/site-packages/airflow/example_dags/example_branch_day_of_week_operator.py for tasks to queue
[2024-07-13T01:51:43.942+0000] {logging_mixin.py:188} INFO - [2024-07-13T01:51:43.941+0000] {dagbag.py:545} INFO - Filling up the DagBag from /home/airflow/.local/lib/python3.12/site-packages/airflow/example_dags/example_branch_day_of_week_operator.py
[2024-07-13T01:51:43.950+0000] {processor.py:840} INFO - DAG(s) 'example_weekday_branch_operator' retrieved from /home/airflow/.local/lib/python3.12/site-packages/airflow/example_dags/example_branch_day_of_week_operator.py
[2024-07-13T01:51:43.978+0000] {logging_mixin.py:188} INFO - [2024-07-13T01:51:43.978+0000] {dag.py:3096} INFO - Sync 1 DAGs
[2024-07-13T01:51:44.003+0000] {logging_mixin.py:188} INFO - [2024-07-13T01:51:44.003+0000] {dag.py:3954} INFO - Setting next_dagrun for example_weekday_branch_operator to 2024-07-12 00:00:00+00:00, run_after=2024-07-13 00:00:00+00:00
[2024-07-13T01:51:44.032+0000] {processor.py:183} INFO - Processing /home/airflow/.local/lib/python3.12/site-packages/airflow/example_dags/example_branch_day_of_week_operator.py took 0.099 seconds
[2024-07-13T01:52:14.772+0000] {processor.py:161} INFO - Started process (PID=1153) to work on /home/airflow/.local/lib/python3.12/site-packages/airflow/example_dags/example_branch_day_of_week_operator.py
[2024-07-13T01:52:14.774+0000] {processor.py:830} INFO - Processing file /home/airflow/.local/lib/python3.12/site-packages/airflow/example_dags/example_branch_day_of_week_operator.py for tasks to queue
[2024-07-13T01:52:14.795+0000] {logging_mixin.py:188} INFO - [2024-07-13T01:52:14.794+0000] {dagbag.py:545} INFO - Filling up the DagBag from /home/airflow/.local/lib/python3.12/site-packages/airflow/example_dags/example_branch_day_of_week_operator.py
[2024-07-13T01:52:14.849+0000] {processor.py:840} INFO - DAG(s) 'example_weekday_branch_operator' retrieved from /home/airflow/.local/lib/python3.12/site-packages/airflow/example_dags/example_branch_day_of_week_operator.py
[2024-07-13T01:52:14.898+0000] {logging_mixin.py:188} INFO - [2024-07-13T01:52:14.898+0000] {dag.py:3096} INFO - Sync 1 DAGs
[2024-07-13T01:52:14.925+0000] {logging_mixin.py:188} INFO - [2024-07-13T01:52:14.925+0000] {dag.py:3954} INFO - Setting next_dagrun for example_weekday_branch_operator to 2024-07-12 00:00:00+00:00, run_after=2024-07-13 00:00:00+00:00
[2024-07-13T01:52:14.961+0000] {processor.py:183} INFO - Processing /home/airflow/.local/lib/python3.12/site-packages/airflow/example_dags/example_branch_day_of_week_operator.py took 0.210 seconds
[2024-07-13T01:52:45.043+0000] {processor.py:161} INFO - Started process (PID=1214) to work on /home/airflow/.local/lib/python3.12/site-packages/airflow/example_dags/example_branch_day_of_week_operator.py
[2024-07-13T01:52:45.044+0000] {processor.py:830} INFO - Processing file /home/airflow/.local/lib/python3.12/site-packages/airflow/example_dags/example_branch_day_of_week_operator.py for tasks to queue
[2024-07-13T01:52:45.046+0000] {logging_mixin.py:188} INFO - [2024-07-13T01:52:45.046+0000] {dagbag.py:545} INFO - Filling up the DagBag from /home/airflow/.local/lib/python3.12/site-packages/airflow/example_dags/example_branch_day_of_week_operator.py
[2024-07-13T01:52:45.055+0000] {processor.py:840} INFO - DAG(s) 'example_weekday_branch_operator' retrieved from /home/airflow/.local/lib/python3.12/site-packages/airflow/example_dags/example_branch_day_of_week_operator.py
[2024-07-13T01:52:45.076+0000] {logging_mixin.py:188} INFO - [2024-07-13T01:52:45.076+0000] {dag.py:3096} INFO - Sync 1 DAGs
[2024-07-13T01:52:45.100+0000] {logging_mixin.py:188} INFO - [2024-07-13T01:52:45.100+0000] {dag.py:3954} INFO - Setting next_dagrun for example_weekday_branch_operator to 2024-07-12 00:00:00+00:00, run_after=2024-07-13 00:00:00+00:00
[2024-07-13T01:52:45.126+0000] {processor.py:183} INFO - Processing /home/airflow/.local/lib/python3.12/site-packages/airflow/example_dags/example_branch_day_of_week_operator.py took 0.088 seconds
[2024-07-13T01:53:15.375+0000] {processor.py:161} INFO - Started process (PID=1275) to work on /home/airflow/.local/lib/python3.12/site-packages/airflow/example_dags/example_branch_day_of_week_operator.py
[2024-07-13T01:53:15.377+0000] {processor.py:830} INFO - Processing file /home/airflow/.local/lib/python3.12/site-packages/airflow/example_dags/example_branch_day_of_week_operator.py for tasks to queue
[2024-07-13T01:53:15.380+0000] {logging_mixin.py:188} INFO - [2024-07-13T01:53:15.379+0000] {dagbag.py:545} INFO - Filling up the DagBag from /home/airflow/.local/lib/python3.12/site-packages/airflow/example_dags/example_branch_day_of_week_operator.py
[2024-07-13T01:53:15.387+0000] {processor.py:840} INFO - DAG(s) 'example_weekday_branch_operator' retrieved from /home/airflow/.local/lib/python3.12/site-packages/airflow/example_dags/example_branch_day_of_week_operator.py
[2024-07-13T01:53:15.410+0000] {logging_mixin.py:188} INFO - [2024-07-13T01:53:15.410+0000] {dag.py:3096} INFO - Sync 1 DAGs
[2024-07-13T01:53:15.435+0000] {logging_mixin.py:188} INFO - [2024-07-13T01:53:15.435+0000] {dag.py:3954} INFO - Setting next_dagrun for example_weekday_branch_operator to 2024-07-12 00:00:00+00:00, run_after=2024-07-13 00:00:00+00:00
[2024-07-13T01:53:15.461+0000] {processor.py:183} INFO - Processing /home/airflow/.local/lib/python3.12/site-packages/airflow/example_dags/example_branch_day_of_week_operator.py took 0.091 seconds
[2024-07-13T01:53:45.913+0000] {processor.py:161} INFO - Started process (PID=1336) to work on /home/airflow/.local/lib/python3.12/site-packages/airflow/example_dags/example_branch_day_of_week_operator.py
[2024-07-13T01:53:45.915+0000] {processor.py:830} INFO - Processing file /home/airflow/.local/lib/python3.12/site-packages/airflow/example_dags/example_branch_day_of_week_operator.py for tasks to queue
[2024-07-13T01:53:45.917+0000] {logging_mixin.py:188} INFO - [2024-07-13T01:53:45.916+0000] {dagbag.py:545} INFO - Filling up the DagBag from /home/airflow/.local/lib/python3.12/site-packages/airflow/example_dags/example_branch_day_of_week_operator.py
[2024-07-13T01:53:45.924+0000] {processor.py:840} INFO - DAG(s) 'example_weekday_branch_operator' retrieved from /home/airflow/.local/lib/python3.12/site-packages/airflow/example_dags/example_branch_day_of_week_operator.py
[2024-07-13T01:53:45.948+0000] {logging_mixin.py:188} INFO - [2024-07-13T01:53:45.948+0000] {dag.py:3096} INFO - Sync 1 DAGs
[2024-07-13T01:53:45.972+0000] {logging_mixin.py:188} INFO - [2024-07-13T01:53:45.972+0000] {dag.py:3954} INFO - Setting next_dagrun for example_weekday_branch_operator to 2024-07-12 00:00:00+00:00, run_after=2024-07-13 00:00:00+00:00
[2024-07-13T01:53:45.999+0000] {processor.py:183} INFO - Processing /home/airflow/.local/lib/python3.12/site-packages/airflow/example_dags/example_branch_day_of_week_operator.py took 0.091 seconds
[2024-07-13T01:54:16.268+0000] {processor.py:161} INFO - Started process (PID=1397) to work on /home/airflow/.local/lib/python3.12/site-packages/airflow/example_dags/example_branch_day_of_week_operator.py
[2024-07-13T01:54:16.271+0000] {processor.py:830} INFO - Processing file /home/airflow/.local/lib/python3.12/site-packages/airflow/example_dags/example_branch_day_of_week_operator.py for tasks to queue
[2024-07-13T01:54:16.275+0000] {logging_mixin.py:188} INFO - [2024-07-13T01:54:16.274+0000] {dagbag.py:545} INFO - Filling up the DagBag from /home/airflow/.local/lib/python3.12/site-packages/airflow/example_dags/example_branch_day_of_week_operator.py
[2024-07-13T01:54:16.293+0000] {processor.py:840} INFO - DAG(s) 'example_weekday_branch_operator' retrieved from /home/airflow/.local/lib/python3.12/site-packages/airflow/example_dags/example_branch_day_of_week_operator.py
[2024-07-13T01:54:16.328+0000] {logging_mixin.py:188} INFO - [2024-07-13T01:54:16.327+0000] {dag.py:3096} INFO - Sync 1 DAGs
[2024-07-13T01:54:16.352+0000] {logging_mixin.py:188} INFO - [2024-07-13T01:54:16.352+0000] {dag.py:3954} INFO - Setting next_dagrun for example_weekday_branch_operator to 2024-07-12 00:00:00+00:00, run_after=2024-07-13 00:00:00+00:00
[2024-07-13T01:54:16.382+0000] {processor.py:183} INFO - Processing /home/airflow/.local/lib/python3.12/site-packages/airflow/example_dags/example_branch_day_of_week_operator.py took 0.132 seconds
[2024-07-13T01:54:46.435+0000] {processor.py:161} INFO - Started process (PID=1460) to work on /home/airflow/.local/lib/python3.12/site-packages/airflow/example_dags/example_branch_day_of_week_operator.py
[2024-07-13T01:54:46.437+0000] {processor.py:830} INFO - Processing file /home/airflow/.local/lib/python3.12/site-packages/airflow/example_dags/example_branch_day_of_week_operator.py for tasks to queue
[2024-07-13T01:54:46.438+0000] {logging_mixin.py:188} INFO - [2024-07-13T01:54:46.438+0000] {dagbag.py:545} INFO - Filling up the DagBag from /home/airflow/.local/lib/python3.12/site-packages/airflow/example_dags/example_branch_day_of_week_operator.py
[2024-07-13T01:54:46.448+0000] {processor.py:840} INFO - DAG(s) 'example_weekday_branch_operator' retrieved from /home/airflow/.local/lib/python3.12/site-packages/airflow/example_dags/example_branch_day_of_week_operator.py
[2024-07-13T01:54:46.477+0000] {logging_mixin.py:188} INFO - [2024-07-13T01:54:46.476+0000] {dag.py:3096} INFO - Sync 1 DAGs
[2024-07-13T01:54:46.523+0000] {logging_mixin.py:188} INFO - [2024-07-13T01:54:46.523+0000] {dag.py:3954} INFO - Setting next_dagrun for example_weekday_branch_operator to 2024-07-12 00:00:00+00:00, run_after=2024-07-13 00:00:00+00:00
[2024-07-13T01:54:46.566+0000] {processor.py:183} INFO - Processing /home/airflow/.local/lib/python3.12/site-packages/airflow/example_dags/example_branch_day_of_week_operator.py took 0.137 seconds
[2024-07-13T01:55:16.706+0000] {processor.py:161} INFO - Started process (PID=1521) to work on /home/airflow/.local/lib/python3.12/site-packages/airflow/example_dags/example_branch_day_of_week_operator.py
[2024-07-13T01:55:16.706+0000] {processor.py:830} INFO - Processing file /home/airflow/.local/lib/python3.12/site-packages/airflow/example_dags/example_branch_day_of_week_operator.py for tasks to queue
[2024-07-13T01:55:16.708+0000] {logging_mixin.py:188} INFO - [2024-07-13T01:55:16.708+0000] {dagbag.py:545} INFO - Filling up the DagBag from /home/airflow/.local/lib/python3.12/site-packages/airflow/example_dags/example_branch_day_of_week_operator.py
[2024-07-13T01:55:16.716+0000] {processor.py:840} INFO - DAG(s) 'example_weekday_branch_operator' retrieved from /home/airflow/.local/lib/python3.12/site-packages/airflow/example_dags/example_branch_day_of_week_operator.py
[2024-07-13T01:55:16.738+0000] {logging_mixin.py:188} INFO - [2024-07-13T01:55:16.738+0000] {dag.py:3096} INFO - Sync 1 DAGs
[2024-07-13T01:55:16.763+0000] {logging_mixin.py:188} INFO - [2024-07-13T01:55:16.763+0000] {dag.py:3954} INFO - Setting next_dagrun for example_weekday_branch_operator to 2024-07-12 00:00:00+00:00, run_after=2024-07-13 00:00:00+00:00
[2024-07-13T01:55:16.802+0000] {processor.py:183} INFO - Processing /home/airflow/.local/lib/python3.12/site-packages/airflow/example_dags/example_branch_day_of_week_operator.py took 0.102 seconds
[2024-07-13T01:55:47.652+0000] {processor.py:161} INFO - Started process (PID=1583) to work on /home/airflow/.local/lib/python3.12/site-packages/airflow/example_dags/example_branch_day_of_week_operator.py
[2024-07-13T01:55:47.653+0000] {processor.py:830} INFO - Processing file /home/airflow/.local/lib/python3.12/site-packages/airflow/example_dags/example_branch_day_of_week_operator.py for tasks to queue
[2024-07-13T01:55:47.655+0000] {logging_mixin.py:188} INFO - [2024-07-13T01:55:47.654+0000] {dagbag.py:545} INFO - Filling up the DagBag from /home/airflow/.local/lib/python3.12/site-packages/airflow/example_dags/example_branch_day_of_week_operator.py
[2024-07-13T01:55:47.662+0000] {processor.py:840} INFO - DAG(s) 'example_weekday_branch_operator' retrieved from /home/airflow/.local/lib/python3.12/site-packages/airflow/example_dags/example_branch_day_of_week_operator.py
[2024-07-13T01:55:47.685+0000] {logging_mixin.py:188} INFO - [2024-07-13T01:55:47.685+0000] {dag.py:3096} INFO - Sync 1 DAGs
[2024-07-13T01:55:47.710+0000] {logging_mixin.py:188} INFO - [2024-07-13T01:55:47.709+0000] {dag.py:3954} INFO - Setting next_dagrun for example_weekday_branch_operator to 2024-07-12 00:00:00+00:00, run_after=2024-07-13 00:00:00+00:00
[2024-07-13T01:55:47.734+0000] {processor.py:183} INFO - Processing /home/airflow/.local/lib/python3.12/site-packages/airflow/example_dags/example_branch_day_of_week_operator.py took 0.088 seconds
[2024-07-13T01:56:18.213+0000] {processor.py:161} INFO - Started process (PID=1645) to work on /home/airflow/.local/lib/python3.12/site-packages/airflow/example_dags/example_branch_day_of_week_operator.py
[2024-07-13T01:56:18.227+0000] {processor.py:830} INFO - Processing file /home/airflow/.local/lib/python3.12/site-packages/airflow/example_dags/example_branch_day_of_week_operator.py for tasks to queue
[2024-07-13T01:56:18.229+0000] {logging_mixin.py:188} INFO - [2024-07-13T01:56:18.228+0000] {dagbag.py:545} INFO - Filling up the DagBag from /home/airflow/.local/lib/python3.12/site-packages/airflow/example_dags/example_branch_day_of_week_operator.py
[2024-07-13T01:56:18.236+0000] {processor.py:840} INFO - DAG(s) 'example_weekday_branch_operator' retrieved from /home/airflow/.local/lib/python3.12/site-packages/airflow/example_dags/example_branch_day_of_week_operator.py
[2024-07-13T01:56:18.260+0000] {logging_mixin.py:188} INFO - [2024-07-13T01:56:18.260+0000] {dag.py:3096} INFO - Sync 1 DAGs
[2024-07-13T01:56:18.285+0000] {logging_mixin.py:188} INFO - [2024-07-13T01:56:18.284+0000] {dag.py:3954} INFO - Setting next_dagrun for example_weekday_branch_operator to 2024-07-12 00:00:00+00:00, run_after=2024-07-13 00:00:00+00:00
[2024-07-13T01:56:18.311+0000] {processor.py:183} INFO - Processing /home/airflow/.local/lib/python3.12/site-packages/airflow/example_dags/example_branch_day_of_week_operator.py took 0.106 seconds
[2024-07-13T02:00:45.043+0000] {processor.py:161} INFO - Started process (PID=59) to work on /home/airflow/.local/lib/python3.12/site-packages/airflow/example_dags/example_branch_day_of_week_operator.py
[2024-07-13T02:00:45.044+0000] {processor.py:830} INFO - Processing file /home/airflow/.local/lib/python3.12/site-packages/airflow/example_dags/example_branch_day_of_week_operator.py for tasks to queue
[2024-07-13T02:00:45.045+0000] {logging_mixin.py:188} INFO - [2024-07-13T02:00:45.045+0000] {dagbag.py:545} INFO - Filling up the DagBag from /home/airflow/.local/lib/python3.12/site-packages/airflow/example_dags/example_branch_day_of_week_operator.py
[2024-07-13T02:00:45.056+0000] {processor.py:840} INFO - DAG(s) 'example_weekday_branch_operator' retrieved from /home/airflow/.local/lib/python3.12/site-packages/airflow/example_dags/example_branch_day_of_week_operator.py
[2024-07-13T02:00:45.232+0000] {logging_mixin.py:188} INFO - [2024-07-13T02:00:45.231+0000] {dag.py:3096} INFO - Sync 1 DAGs
[2024-07-13T02:00:45.255+0000] {logging_mixin.py:188} INFO - [2024-07-13T02:00:45.255+0000] {dag.py:3954} INFO - Setting next_dagrun for example_weekday_branch_operator to 2024-07-12 00:00:00+00:00, run_after=2024-07-13 00:00:00+00:00
[2024-07-13T02:00:45.282+0000] {processor.py:183} INFO - Processing /home/airflow/.local/lib/python3.12/site-packages/airflow/example_dags/example_branch_day_of_week_operator.py took 0.245 seconds
[2024-07-13T02:01:15.392+0000] {processor.py:161} INFO - Started process (PID=120) to work on /home/airflow/.local/lib/python3.12/site-packages/airflow/example_dags/example_branch_day_of_week_operator.py
[2024-07-13T02:01:15.393+0000] {processor.py:830} INFO - Processing file /home/airflow/.local/lib/python3.12/site-packages/airflow/example_dags/example_branch_day_of_week_operator.py for tasks to queue
[2024-07-13T02:01:15.394+0000] {logging_mixin.py:188} INFO - [2024-07-13T02:01:15.394+0000] {dagbag.py:545} INFO - Filling up the DagBag from /home/airflow/.local/lib/python3.12/site-packages/airflow/example_dags/example_branch_day_of_week_operator.py
[2024-07-13T02:01:15.402+0000] {processor.py:840} INFO - DAG(s) 'example_weekday_branch_operator' retrieved from /home/airflow/.local/lib/python3.12/site-packages/airflow/example_dags/example_branch_day_of_week_operator.py
[2024-07-13T02:01:15.427+0000] {logging_mixin.py:188} INFO - [2024-07-13T02:01:15.427+0000] {dag.py:3096} INFO - Sync 1 DAGs
[2024-07-13T02:01:15.453+0000] {logging_mixin.py:188} INFO - [2024-07-13T02:01:15.453+0000] {dag.py:3954} INFO - Setting next_dagrun for example_weekday_branch_operator to 2024-07-12 00:00:00+00:00, run_after=2024-07-13 00:00:00+00:00
[2024-07-13T02:01:15.481+0000] {processor.py:183} INFO - Processing /home/airflow/.local/lib/python3.12/site-packages/airflow/example_dags/example_branch_day_of_week_operator.py took 0.094 seconds
[2024-07-13T02:01:46.456+0000] {processor.py:161} INFO - Started process (PID=181) to work on /home/airflow/.local/lib/python3.12/site-packages/airflow/example_dags/example_branch_day_of_week_operator.py
[2024-07-13T02:01:46.458+0000] {processor.py:830} INFO - Processing file /home/airflow/.local/lib/python3.12/site-packages/airflow/example_dags/example_branch_day_of_week_operator.py for tasks to queue
[2024-07-13T02:01:46.460+0000] {logging_mixin.py:188} INFO - [2024-07-13T02:01:46.459+0000] {dagbag.py:545} INFO - Filling up the DagBag from /home/airflow/.local/lib/python3.12/site-packages/airflow/example_dags/example_branch_day_of_week_operator.py
[2024-07-13T02:01:46.536+0000] {processor.py:840} INFO - DAG(s) 'example_weekday_branch_operator' retrieved from /home/airflow/.local/lib/python3.12/site-packages/airflow/example_dags/example_branch_day_of_week_operator.py
[2024-07-13T02:01:46.635+0000] {logging_mixin.py:188} INFO - [2024-07-13T02:01:46.633+0000] {dag.py:3096} INFO - Sync 1 DAGs
[2024-07-13T02:01:46.715+0000] {logging_mixin.py:188} INFO - [2024-07-13T02:01:46.715+0000] {dag.py:3954} INFO - Setting next_dagrun for example_weekday_branch_operator to 2024-07-12 00:00:00+00:00, run_after=2024-07-13 00:00:00+00:00
[2024-07-13T02:01:46.766+0000] {processor.py:183} INFO - Processing /home/airflow/.local/lib/python3.12/site-packages/airflow/example_dags/example_branch_day_of_week_operator.py took 0.350 seconds
[2024-07-13T02:02:17.551+0000] {processor.py:161} INFO - Started process (PID=243) to work on /home/airflow/.local/lib/python3.12/site-packages/airflow/example_dags/example_branch_day_of_week_operator.py
[2024-07-13T02:02:17.551+0000] {processor.py:830} INFO - Processing file /home/airflow/.local/lib/python3.12/site-packages/airflow/example_dags/example_branch_day_of_week_operator.py for tasks to queue
[2024-07-13T02:02:17.552+0000] {logging_mixin.py:188} INFO - [2024-07-13T02:02:17.552+0000] {dagbag.py:545} INFO - Filling up the DagBag from /home/airflow/.local/lib/python3.12/site-packages/airflow/example_dags/example_branch_day_of_week_operator.py
[2024-07-13T02:02:17.561+0000] {processor.py:840} INFO - DAG(s) 'example_weekday_branch_operator' retrieved from /home/airflow/.local/lib/python3.12/site-packages/airflow/example_dags/example_branch_day_of_week_operator.py
[2024-07-13T02:02:17.585+0000] {logging_mixin.py:188} INFO - [2024-07-13T02:02:17.585+0000] {dag.py:3096} INFO - Sync 1 DAGs
[2024-07-13T02:02:17.609+0000] {logging_mixin.py:188} INFO - [2024-07-13T02:02:17.609+0000] {dag.py:3954} INFO - Setting next_dagrun for example_weekday_branch_operator to 2024-07-12 00:00:00+00:00, run_after=2024-07-13 00:00:00+00:00
[2024-07-13T02:02:17.635+0000] {processor.py:183} INFO - Processing /home/airflow/.local/lib/python3.12/site-packages/airflow/example_dags/example_branch_day_of_week_operator.py took 0.092 seconds
[2024-07-13T02:02:47.721+0000] {processor.py:161} INFO - Started process (PID=305) to work on /home/airflow/.local/lib/python3.12/site-packages/airflow/example_dags/example_branch_day_of_week_operator.py
[2024-07-13T02:02:47.731+0000] {processor.py:830} INFO - Processing file /home/airflow/.local/lib/python3.12/site-packages/airflow/example_dags/example_branch_day_of_week_operator.py for tasks to queue
[2024-07-13T02:02:47.732+0000] {logging_mixin.py:188} INFO - [2024-07-13T02:02:47.731+0000] {dagbag.py:545} INFO - Filling up the DagBag from /home/airflow/.local/lib/python3.12/site-packages/airflow/example_dags/example_branch_day_of_week_operator.py
[2024-07-13T02:02:47.751+0000] {processor.py:840} INFO - DAG(s) 'example_weekday_branch_operator' retrieved from /home/airflow/.local/lib/python3.12/site-packages/airflow/example_dags/example_branch_day_of_week_operator.py
[2024-07-13T02:02:47.804+0000] {logging_mixin.py:188} INFO - [2024-07-13T02:02:47.803+0000] {dag.py:3096} INFO - Sync 1 DAGs
[2024-07-13T02:02:47.846+0000] {logging_mixin.py:188} INFO - [2024-07-13T02:02:47.846+0000] {dag.py:3954} INFO - Setting next_dagrun for example_weekday_branch_operator to 2024-07-12 00:00:00+00:00, run_after=2024-07-13 00:00:00+00:00
[2024-07-13T02:02:47.879+0000] {processor.py:183} INFO - Processing /home/airflow/.local/lib/python3.12/site-packages/airflow/example_dags/example_branch_day_of_week_operator.py took 0.171 seconds
[2024-07-13T02:03:17.919+0000] {processor.py:161} INFO - Started process (PID=366) to work on /home/airflow/.local/lib/python3.12/site-packages/airflow/example_dags/example_branch_day_of_week_operator.py
[2024-07-13T02:03:17.920+0000] {processor.py:830} INFO - Processing file /home/airflow/.local/lib/python3.12/site-packages/airflow/example_dags/example_branch_day_of_week_operator.py for tasks to queue
[2024-07-13T02:03:17.921+0000] {logging_mixin.py:188} INFO - [2024-07-13T02:03:17.920+0000] {dagbag.py:545} INFO - Filling up the DagBag from /home/airflow/.local/lib/python3.12/site-packages/airflow/example_dags/example_branch_day_of_week_operator.py
[2024-07-13T02:03:17.931+0000] {processor.py:840} INFO - DAG(s) 'example_weekday_branch_operator' retrieved from /home/airflow/.local/lib/python3.12/site-packages/airflow/example_dags/example_branch_day_of_week_operator.py
[2024-07-13T02:03:17.955+0000] {logging_mixin.py:188} INFO - [2024-07-13T02:03:17.955+0000] {dag.py:3096} INFO - Sync 1 DAGs
[2024-07-13T02:03:17.981+0000] {logging_mixin.py:188} INFO - [2024-07-13T02:03:17.981+0000] {dag.py:3954} INFO - Setting next_dagrun for example_weekday_branch_operator to 2024-07-12 00:00:00+00:00, run_after=2024-07-13 00:00:00+00:00
[2024-07-13T02:03:18.006+0000] {processor.py:183} INFO - Processing /home/airflow/.local/lib/python3.12/site-packages/airflow/example_dags/example_branch_day_of_week_operator.py took 0.092 seconds
[2024-07-13T02:03:48.080+0000] {processor.py:161} INFO - Started process (PID=427) to work on /home/airflow/.local/lib/python3.12/site-packages/airflow/example_dags/example_branch_day_of_week_operator.py
[2024-07-13T02:03:48.080+0000] {processor.py:830} INFO - Processing file /home/airflow/.local/lib/python3.12/site-packages/airflow/example_dags/example_branch_day_of_week_operator.py for tasks to queue
[2024-07-13T02:03:48.081+0000] {logging_mixin.py:188} INFO - [2024-07-13T02:03:48.081+0000] {dagbag.py:545} INFO - Filling up the DagBag from /home/airflow/.local/lib/python3.12/site-packages/airflow/example_dags/example_branch_day_of_week_operator.py
[2024-07-13T02:03:48.090+0000] {processor.py:840} INFO - DAG(s) 'example_weekday_branch_operator' retrieved from /home/airflow/.local/lib/python3.12/site-packages/airflow/example_dags/example_branch_day_of_week_operator.py
[2024-07-13T02:03:48.115+0000] {logging_mixin.py:188} INFO - [2024-07-13T02:03:48.115+0000] {dag.py:3096} INFO - Sync 1 DAGs
[2024-07-13T02:03:48.141+0000] {logging_mixin.py:188} INFO - [2024-07-13T02:03:48.140+0000] {dag.py:3954} INFO - Setting next_dagrun for example_weekday_branch_operator to 2024-07-12 00:00:00+00:00, run_after=2024-07-13 00:00:00+00:00
[2024-07-13T02:03:48.167+0000] {processor.py:183} INFO - Processing /home/airflow/.local/lib/python3.12/site-packages/airflow/example_dags/example_branch_day_of_week_operator.py took 0.093 seconds
[2024-07-13T02:04:19.300+0000] {processor.py:161} INFO - Started process (PID=490) to work on /home/airflow/.local/lib/python3.12/site-packages/airflow/example_dags/example_branch_day_of_week_operator.py
[2024-07-13T02:04:19.301+0000] {processor.py:830} INFO - Processing file /home/airflow/.local/lib/python3.12/site-packages/airflow/example_dags/example_branch_day_of_week_operator.py for tasks to queue
[2024-07-13T02:04:19.302+0000] {logging_mixin.py:188} INFO - [2024-07-13T02:04:19.301+0000] {dagbag.py:545} INFO - Filling up the DagBag from /home/airflow/.local/lib/python3.12/site-packages/airflow/example_dags/example_branch_day_of_week_operator.py
[2024-07-13T02:04:19.309+0000] {processor.py:840} INFO - DAG(s) 'example_weekday_branch_operator' retrieved from /home/airflow/.local/lib/python3.12/site-packages/airflow/example_dags/example_branch_day_of_week_operator.py
[2024-07-13T02:04:19.331+0000] {logging_mixin.py:188} INFO - [2024-07-13T02:04:19.331+0000] {dag.py:3096} INFO - Sync 1 DAGs
[2024-07-13T02:04:19.357+0000] {logging_mixin.py:188} INFO - [2024-07-13T02:04:19.356+0000] {dag.py:3954} INFO - Setting next_dagrun for example_weekday_branch_operator to 2024-07-12 00:00:00+00:00, run_after=2024-07-13 00:00:00+00:00
[2024-07-13T02:04:19.382+0000] {processor.py:183} INFO - Processing /home/airflow/.local/lib/python3.12/site-packages/airflow/example_dags/example_branch_day_of_week_operator.py took 0.089 seconds
[2024-07-13T02:04:50.201+0000] {processor.py:161} INFO - Started process (PID=550) to work on /home/airflow/.local/lib/python3.12/site-packages/airflow/example_dags/example_branch_day_of_week_operator.py
[2024-07-13T02:04:50.209+0000] {processor.py:830} INFO - Processing file /home/airflow/.local/lib/python3.12/site-packages/airflow/example_dags/example_branch_day_of_week_operator.py for tasks to queue
[2024-07-13T02:04:50.210+0000] {logging_mixin.py:188} INFO - [2024-07-13T02:04:50.210+0000] {dagbag.py:545} INFO - Filling up the DagBag from /home/airflow/.local/lib/python3.12/site-packages/airflow/example_dags/example_branch_day_of_week_operator.py
[2024-07-13T02:04:50.217+0000] {processor.py:840} INFO - DAG(s) 'example_weekday_branch_operator' retrieved from /home/airflow/.local/lib/python3.12/site-packages/airflow/example_dags/example_branch_day_of_week_operator.py
[2024-07-13T02:04:50.235+0000] {logging_mixin.py:188} INFO - [2024-07-13T02:04:50.235+0000] {dag.py:3096} INFO - Sync 1 DAGs
[2024-07-13T02:04:50.254+0000] {logging_mixin.py:188} INFO - [2024-07-13T02:04:50.254+0000] {dag.py:3954} INFO - Setting next_dagrun for example_weekday_branch_operator to 2024-07-12 00:00:00+00:00, run_after=2024-07-13 00:00:00+00:00
[2024-07-13T02:04:50.280+0000] {processor.py:183} INFO - Processing /home/airflow/.local/lib/python3.12/site-packages/airflow/example_dags/example_branch_day_of_week_operator.py took 0.084 seconds
[2024-07-13T02:05:20.661+0000] {processor.py:161} INFO - Started process (PID=609) to work on /home/airflow/.local/lib/python3.12/site-packages/airflow/example_dags/example_branch_day_of_week_operator.py
[2024-07-13T02:05:20.662+0000] {processor.py:830} INFO - Processing file /home/airflow/.local/lib/python3.12/site-packages/airflow/example_dags/example_branch_day_of_week_operator.py for tasks to queue
[2024-07-13T02:05:20.662+0000] {logging_mixin.py:188} INFO - [2024-07-13T02:05:20.662+0000] {dagbag.py:545} INFO - Filling up the DagBag from /home/airflow/.local/lib/python3.12/site-packages/airflow/example_dags/example_branch_day_of_week_operator.py
[2024-07-13T02:05:20.671+0000] {processor.py:840} INFO - DAG(s) 'example_weekday_branch_operator' retrieved from /home/airflow/.local/lib/python3.12/site-packages/airflow/example_dags/example_branch_day_of_week_operator.py
[2024-07-13T02:05:20.693+0000] {logging_mixin.py:188} INFO - [2024-07-13T02:05:20.693+0000] {dag.py:3096} INFO - Sync 1 DAGs
[2024-07-13T02:05:20.717+0000] {logging_mixin.py:188} INFO - [2024-07-13T02:05:20.716+0000] {dag.py:3954} INFO - Setting next_dagrun for example_weekday_branch_operator to 2024-07-12 00:00:00+00:00, run_after=2024-07-13 00:00:00+00:00
[2024-07-13T02:05:20.750+0000] {processor.py:183} INFO - Processing /home/airflow/.local/lib/python3.12/site-packages/airflow/example_dags/example_branch_day_of_week_operator.py took 0.093 seconds
[2024-07-13T02:05:52.580+0000] {processor.py:161} INFO - Started process (PID=670) to work on /home/airflow/.local/lib/python3.12/site-packages/airflow/example_dags/example_branch_day_of_week_operator.py
[2024-07-13T02:05:52.587+0000] {processor.py:830} INFO - Processing file /home/airflow/.local/lib/python3.12/site-packages/airflow/example_dags/example_branch_day_of_week_operator.py for tasks to queue
[2024-07-13T02:05:52.588+0000] {logging_mixin.py:188} INFO - [2024-07-13T02:05:52.587+0000] {dagbag.py:545} INFO - Filling up the DagBag from /home/airflow/.local/lib/python3.12/site-packages/airflow/example_dags/example_branch_day_of_week_operator.py
[2024-07-13T02:05:52.605+0000] {processor.py:840} INFO - DAG(s) 'example_weekday_branch_operator' retrieved from /home/airflow/.local/lib/python3.12/site-packages/airflow/example_dags/example_branch_day_of_week_operator.py
[2024-07-13T02:05:52.689+0000] {logging_mixin.py:188} INFO - [2024-07-13T02:05:52.689+0000] {dag.py:3096} INFO - Sync 1 DAGs
[2024-07-13T02:05:52.767+0000] {logging_mixin.py:188} INFO - [2024-07-13T02:05:52.767+0000] {dag.py:3954} INFO - Setting next_dagrun for example_weekday_branch_operator to 2024-07-12 00:00:00+00:00, run_after=2024-07-13 00:00:00+00:00
[2024-07-13T02:05:52.826+0000] {processor.py:183} INFO - Processing /home/airflow/.local/lib/python3.12/site-packages/airflow/example_dags/example_branch_day_of_week_operator.py took 0.264 seconds
[2024-07-13T02:06:23.494+0000] {processor.py:161} INFO - Started process (PID=731) to work on /home/airflow/.local/lib/python3.12/site-packages/airflow/example_dags/example_branch_day_of_week_operator.py
[2024-07-13T02:06:23.497+0000] {processor.py:830} INFO - Processing file /home/airflow/.local/lib/python3.12/site-packages/airflow/example_dags/example_branch_day_of_week_operator.py for tasks to queue
[2024-07-13T02:06:23.498+0000] {logging_mixin.py:188} INFO - [2024-07-13T02:06:23.498+0000] {dagbag.py:545} INFO - Filling up the DagBag from /home/airflow/.local/lib/python3.12/site-packages/airflow/example_dags/example_branch_day_of_week_operator.py
[2024-07-13T02:06:23.505+0000] {processor.py:840} INFO - DAG(s) 'example_weekday_branch_operator' retrieved from /home/airflow/.local/lib/python3.12/site-packages/airflow/example_dags/example_branch_day_of_week_operator.py
[2024-07-13T02:06:23.767+0000] {logging_mixin.py:188} INFO - [2024-07-13T02:06:23.767+0000] {dag.py:3096} INFO - Sync 1 DAGs
[2024-07-13T02:06:23.844+0000] {logging_mixin.py:188} INFO - [2024-07-13T02:06:23.843+0000] {dag.py:3954} INFO - Setting next_dagrun for example_weekday_branch_operator to 2024-07-12 00:00:00+00:00, run_after=2024-07-13 00:00:00+00:00
[2024-07-13T02:06:23.915+0000] {processor.py:183} INFO - Processing /home/airflow/.local/lib/python3.12/site-packages/airflow/example_dags/example_branch_day_of_week_operator.py took 0.427 seconds
[2024-07-13T02:06:54.172+0000] {processor.py:161} INFO - Started process (PID=792) to work on /home/airflow/.local/lib/python3.12/site-packages/airflow/example_dags/example_branch_day_of_week_operator.py
[2024-07-13T02:06:54.173+0000] {processor.py:830} INFO - Processing file /home/airflow/.local/lib/python3.12/site-packages/airflow/example_dags/example_branch_day_of_week_operator.py for tasks to queue
[2024-07-13T02:06:54.174+0000] {logging_mixin.py:188} INFO - [2024-07-13T02:06:54.173+0000] {dagbag.py:545} INFO - Filling up the DagBag from /home/airflow/.local/lib/python3.12/site-packages/airflow/example_dags/example_branch_day_of_week_operator.py
[2024-07-13T02:06:54.182+0000] {processor.py:840} INFO - DAG(s) 'example_weekday_branch_operator' retrieved from /home/airflow/.local/lib/python3.12/site-packages/airflow/example_dags/example_branch_day_of_week_operator.py
[2024-07-13T02:06:54.206+0000] {logging_mixin.py:188} INFO - [2024-07-13T02:06:54.206+0000] {dag.py:3096} INFO - Sync 1 DAGs
[2024-07-13T02:06:54.230+0000] {logging_mixin.py:188} INFO - [2024-07-13T02:06:54.230+0000] {dag.py:3954} INFO - Setting next_dagrun for example_weekday_branch_operator to 2024-07-12 00:00:00+00:00, run_after=2024-07-13 00:00:00+00:00
[2024-07-13T02:06:54.259+0000] {processor.py:183} INFO - Processing /home/airflow/.local/lib/python3.12/site-packages/airflow/example_dags/example_branch_day_of_week_operator.py took 0.093 seconds
[2024-07-13T02:07:24.663+0000] {processor.py:161} INFO - Started process (PID=854) to work on /home/airflow/.local/lib/python3.12/site-packages/airflow/example_dags/example_branch_day_of_week_operator.py
[2024-07-13T02:07:24.667+0000] {processor.py:830} INFO - Processing file /home/airflow/.local/lib/python3.12/site-packages/airflow/example_dags/example_branch_day_of_week_operator.py for tasks to queue
[2024-07-13T02:07:24.667+0000] {logging_mixin.py:188} INFO - [2024-07-13T02:07:24.667+0000] {dagbag.py:545} INFO - Filling up the DagBag from /home/airflow/.local/lib/python3.12/site-packages/airflow/example_dags/example_branch_day_of_week_operator.py
[2024-07-13T02:07:24.675+0000] {processor.py:840} INFO - DAG(s) 'example_weekday_branch_operator' retrieved from /home/airflow/.local/lib/python3.12/site-packages/airflow/example_dags/example_branch_day_of_week_operator.py
[2024-07-13T02:07:24.696+0000] {logging_mixin.py:188} INFO - [2024-07-13T02:07:24.695+0000] {dag.py:3096} INFO - Sync 1 DAGs
[2024-07-13T02:07:24.720+0000] {logging_mixin.py:188} INFO - [2024-07-13T02:07:24.719+0000] {dag.py:3954} INFO - Setting next_dagrun for example_weekday_branch_operator to 2024-07-12 00:00:00+00:00, run_after=2024-07-13 00:00:00+00:00
[2024-07-13T02:07:24.745+0000] {processor.py:183} INFO - Processing /home/airflow/.local/lib/python3.12/site-packages/airflow/example_dags/example_branch_day_of_week_operator.py took 0.088 seconds
[2024-07-13T02:07:55.064+0000] {processor.py:161} INFO - Started process (PID=915) to work on /home/airflow/.local/lib/python3.12/site-packages/airflow/example_dags/example_branch_day_of_week_operator.py
[2024-07-13T02:07:55.064+0000] {processor.py:830} INFO - Processing file /home/airflow/.local/lib/python3.12/site-packages/airflow/example_dags/example_branch_day_of_week_operator.py for tasks to queue
[2024-07-13T02:07:55.065+0000] {logging_mixin.py:188} INFO - [2024-07-13T02:07:55.065+0000] {dagbag.py:545} INFO - Filling up the DagBag from /home/airflow/.local/lib/python3.12/site-packages/airflow/example_dags/example_branch_day_of_week_operator.py
[2024-07-13T02:07:55.073+0000] {processor.py:840} INFO - DAG(s) 'example_weekday_branch_operator' retrieved from /home/airflow/.local/lib/python3.12/site-packages/airflow/example_dags/example_branch_day_of_week_operator.py
[2024-07-13T02:07:55.098+0000] {logging_mixin.py:188} INFO - [2024-07-13T02:07:55.098+0000] {dag.py:3096} INFO - Sync 1 DAGs
[2024-07-13T02:07:55.122+0000] {logging_mixin.py:188} INFO - [2024-07-13T02:07:55.122+0000] {dag.py:3954} INFO - Setting next_dagrun for example_weekday_branch_operator to 2024-07-12 00:00:00+00:00, run_after=2024-07-13 00:00:00+00:00
[2024-07-13T02:07:55.156+0000] {processor.py:183} INFO - Processing /home/airflow/.local/lib/python3.12/site-packages/airflow/example_dags/example_branch_day_of_week_operator.py took 0.098 seconds
[2024-07-13T02:08:25.882+0000] {processor.py:161} INFO - Started process (PID=977) to work on /home/airflow/.local/lib/python3.12/site-packages/airflow/example_dags/example_branch_day_of_week_operator.py
[2024-07-13T02:08:25.883+0000] {processor.py:830} INFO - Processing file /home/airflow/.local/lib/python3.12/site-packages/airflow/example_dags/example_branch_day_of_week_operator.py for tasks to queue
[2024-07-13T02:08:25.884+0000] {logging_mixin.py:188} INFO - [2024-07-13T02:08:25.884+0000] {dagbag.py:545} INFO - Filling up the DagBag from /home/airflow/.local/lib/python3.12/site-packages/airflow/example_dags/example_branch_day_of_week_operator.py
[2024-07-13T02:08:25.893+0000] {processor.py:840} INFO - DAG(s) 'example_weekday_branch_operator' retrieved from /home/airflow/.local/lib/python3.12/site-packages/airflow/example_dags/example_branch_day_of_week_operator.py
[2024-07-13T02:08:25.939+0000] {logging_mixin.py:188} INFO - [2024-07-13T02:08:25.939+0000] {dag.py:3096} INFO - Sync 1 DAGs
[2024-07-13T02:08:25.968+0000] {logging_mixin.py:188} INFO - [2024-07-13T02:08:25.968+0000] {dag.py:3954} INFO - Setting next_dagrun for example_weekday_branch_operator to 2024-07-12 00:00:00+00:00, run_after=2024-07-13 00:00:00+00:00
[2024-07-13T02:08:25.997+0000] {processor.py:183} INFO - Processing /home/airflow/.local/lib/python3.12/site-packages/airflow/example_dags/example_branch_day_of_week_operator.py took 0.125 seconds
[2024-07-13T02:08:56.833+0000] {processor.py:161} INFO - Started process (PID=1038) to work on /home/airflow/.local/lib/python3.12/site-packages/airflow/example_dags/example_branch_day_of_week_operator.py
[2024-07-13T02:08:56.834+0000] {processor.py:830} INFO - Processing file /home/airflow/.local/lib/python3.12/site-packages/airflow/example_dags/example_branch_day_of_week_operator.py for tasks to queue
[2024-07-13T02:08:56.835+0000] {logging_mixin.py:188} INFO - [2024-07-13T02:08:56.835+0000] {dagbag.py:545} INFO - Filling up the DagBag from /home/airflow/.local/lib/python3.12/site-packages/airflow/example_dags/example_branch_day_of_week_operator.py
[2024-07-13T02:08:56.844+0000] {processor.py:840} INFO - DAG(s) 'example_weekday_branch_operator' retrieved from /home/airflow/.local/lib/python3.12/site-packages/airflow/example_dags/example_branch_day_of_week_operator.py
[2024-07-13T02:08:56.868+0000] {logging_mixin.py:188} INFO - [2024-07-13T02:08:56.868+0000] {dag.py:3096} INFO - Sync 1 DAGs
[2024-07-13T02:08:56.891+0000] {logging_mixin.py:188} INFO - [2024-07-13T02:08:56.891+0000] {dag.py:3954} INFO - Setting next_dagrun for example_weekday_branch_operator to 2024-07-12 00:00:00+00:00, run_after=2024-07-13 00:00:00+00:00
[2024-07-13T02:08:56.916+0000] {processor.py:183} INFO - Processing /home/airflow/.local/lib/python3.12/site-packages/airflow/example_dags/example_branch_day_of_week_operator.py took 0.089 seconds
