[2024-07-13T01:30:43.228+0000] {processor.py:161} INFO - Started process (PID=45) to work on /home/airflow/.local/lib/python3.12/site-packages/airflow/example_dags/example_trigger_target_dag.py
[2024-07-13T01:30:43.229+0000] {processor.py:830} INFO - Processing file /home/airflow/.local/lib/python3.12/site-packages/airflow/example_dags/example_trigger_target_dag.py for tasks to queue
[2024-07-13T01:30:43.232+0000] {logging_mixin.py:188} INFO - [2024-07-13T01:30:43.231+0000] {dagbag.py:545} INFO - Filling up the DagBag from /home/airflow/.local/lib/python3.12/site-packages/airflow/example_dags/example_trigger_target_dag.py
[2024-07-13T01:30:43.267+0000] {processor.py:840} INFO - DAG(s) 'example_trigger_target_dag' retrieved from /home/airflow/.local/lib/python3.12/site-packages/airflow/example_dags/example_trigger_target_dag.py
[2024-07-13T01:30:43.479+0000] {logging_mixin.py:188} INFO - [2024-07-13T01:30:43.478+0000] {dag.py:3096} INFO - Sync 1 DAGs
[2024-07-13T01:30:43.505+0000] {logging_mixin.py:188} INFO - [2024-07-13T01:30:43.505+0000] {dag.py:3954} INFO - Setting next_dagrun for example_trigger_target_dag to None, run_after=None
[2024-07-13T01:30:43.565+0000] {processor.py:183} INFO - Processing /home/airflow/.local/lib/python3.12/site-packages/airflow/example_dags/example_trigger_target_dag.py took 0.354 seconds
[2024-07-13T01:31:14.209+0000] {processor.py:161} INFO - Started process (PID=103) to work on /home/airflow/.local/lib/python3.12/site-packages/airflow/example_dags/example_trigger_target_dag.py
[2024-07-13T01:31:14.212+0000] {processor.py:830} INFO - Processing file /home/airflow/.local/lib/python3.12/site-packages/airflow/example_dags/example_trigger_target_dag.py for tasks to queue
[2024-07-13T01:31:14.214+0000] {logging_mixin.py:188} INFO - [2024-07-13T01:31:14.213+0000] {dagbag.py:545} INFO - Filling up the DagBag from /home/airflow/.local/lib/python3.12/site-packages/airflow/example_dags/example_trigger_target_dag.py
[2024-07-13T01:31:14.220+0000] {processor.py:840} INFO - DAG(s) 'example_trigger_target_dag' retrieved from /home/airflow/.local/lib/python3.12/site-packages/airflow/example_dags/example_trigger_target_dag.py
[2024-07-13T01:31:14.259+0000] {logging_mixin.py:188} INFO - [2024-07-13T01:31:14.259+0000] {dag.py:3096} INFO - Sync 1 DAGs
[2024-07-13T01:31:14.287+0000] {logging_mixin.py:188} INFO - [2024-07-13T01:31:14.287+0000] {dag.py:3954} INFO - Setting next_dagrun for example_trigger_target_dag to None, run_after=None
[2024-07-13T01:31:14.330+0000] {processor.py:183} INFO - Processing /home/airflow/.local/lib/python3.12/site-packages/airflow/example_dags/example_trigger_target_dag.py took 0.127 seconds
[2024-07-13T01:31:44.975+0000] {processor.py:161} INFO - Started process (PID=164) to work on /home/airflow/.local/lib/python3.12/site-packages/airflow/example_dags/example_trigger_target_dag.py
[2024-07-13T01:31:44.976+0000] {processor.py:830} INFO - Processing file /home/airflow/.local/lib/python3.12/site-packages/airflow/example_dags/example_trigger_target_dag.py for tasks to queue
[2024-07-13T01:31:44.978+0000] {logging_mixin.py:188} INFO - [2024-07-13T01:31:44.978+0000] {dagbag.py:545} INFO - Filling up the DagBag from /home/airflow/.local/lib/python3.12/site-packages/airflow/example_dags/example_trigger_target_dag.py
[2024-07-13T01:31:44.984+0000] {processor.py:840} INFO - DAG(s) 'example_trigger_target_dag' retrieved from /home/airflow/.local/lib/python3.12/site-packages/airflow/example_dags/example_trigger_target_dag.py
[2024-07-13T01:31:45.096+0000] {logging_mixin.py:188} INFO - [2024-07-13T01:31:45.096+0000] {dag.py:3096} INFO - Sync 1 DAGs
[2024-07-13T01:31:45.133+0000] {logging_mixin.py:188} INFO - [2024-07-13T01:31:45.132+0000] {dag.py:3954} INFO - Setting next_dagrun for example_trigger_target_dag to None, run_after=None
[2024-07-13T01:31:45.207+0000] {processor.py:183} INFO - Processing /home/airflow/.local/lib/python3.12/site-packages/airflow/example_dags/example_trigger_target_dag.py took 0.242 seconds
[2024-07-13T01:32:15.885+0000] {processor.py:161} INFO - Started process (PID=225) to work on /home/airflow/.local/lib/python3.12/site-packages/airflow/example_dags/example_trigger_target_dag.py
[2024-07-13T01:32:15.901+0000] {processor.py:830} INFO - Processing file /home/airflow/.local/lib/python3.12/site-packages/airflow/example_dags/example_trigger_target_dag.py for tasks to queue
[2024-07-13T01:32:15.921+0000] {logging_mixin.py:188} INFO - [2024-07-13T01:32:15.921+0000] {dagbag.py:545} INFO - Filling up the DagBag from /home/airflow/.local/lib/python3.12/site-packages/airflow/example_dags/example_trigger_target_dag.py
[2024-07-13T01:32:15.946+0000] {processor.py:840} INFO - DAG(s) 'example_trigger_target_dag' retrieved from /home/airflow/.local/lib/python3.12/site-packages/airflow/example_dags/example_trigger_target_dag.py
[2024-07-13T01:32:16.056+0000] {logging_mixin.py:188} INFO - [2024-07-13T01:32:16.056+0000] {dag.py:3096} INFO - Sync 1 DAGs
[2024-07-13T01:32:16.127+0000] {logging_mixin.py:188} INFO - [2024-07-13T01:32:16.127+0000] {dag.py:3954} INFO - Setting next_dagrun for example_trigger_target_dag to None, run_after=None
[2024-07-13T01:32:16.245+0000] {processor.py:183} INFO - Processing /home/airflow/.local/lib/python3.12/site-packages/airflow/example_dags/example_trigger_target_dag.py took 0.394 seconds
[2024-07-13T01:32:46.923+0000] {processor.py:161} INFO - Started process (PID=286) to work on /home/airflow/.local/lib/python3.12/site-packages/airflow/example_dags/example_trigger_target_dag.py
[2024-07-13T01:32:46.924+0000] {processor.py:830} INFO - Processing file /home/airflow/.local/lib/python3.12/site-packages/airflow/example_dags/example_trigger_target_dag.py for tasks to queue
[2024-07-13T01:32:46.926+0000] {logging_mixin.py:188} INFO - [2024-07-13T01:32:46.925+0000] {dagbag.py:545} INFO - Filling up the DagBag from /home/airflow/.local/lib/python3.12/site-packages/airflow/example_dags/example_trigger_target_dag.py
[2024-07-13T01:32:46.931+0000] {processor.py:840} INFO - DAG(s) 'example_trigger_target_dag' retrieved from /home/airflow/.local/lib/python3.12/site-packages/airflow/example_dags/example_trigger_target_dag.py
[2024-07-13T01:32:46.952+0000] {logging_mixin.py:188} INFO - [2024-07-13T01:32:46.951+0000] {dag.py:3096} INFO - Sync 1 DAGs
[2024-07-13T01:32:46.966+0000] {logging_mixin.py:188} INFO - [2024-07-13T01:32:46.965+0000] {dag.py:3954} INFO - Setting next_dagrun for example_trigger_target_dag to None, run_after=None
[2024-07-13T01:32:46.990+0000] {processor.py:183} INFO - Processing /home/airflow/.local/lib/python3.12/site-packages/airflow/example_dags/example_trigger_target_dag.py took 0.072 seconds
[2024-07-13T01:33:17.624+0000] {processor.py:161} INFO - Started process (PID=347) to work on /home/airflow/.local/lib/python3.12/site-packages/airflow/example_dags/example_trigger_target_dag.py
[2024-07-13T01:33:17.625+0000] {processor.py:830} INFO - Processing file /home/airflow/.local/lib/python3.12/site-packages/airflow/example_dags/example_trigger_target_dag.py for tasks to queue
[2024-07-13T01:33:17.626+0000] {logging_mixin.py:188} INFO - [2024-07-13T01:33:17.626+0000] {dagbag.py:545} INFO - Filling up the DagBag from /home/airflow/.local/lib/python3.12/site-packages/airflow/example_dags/example_trigger_target_dag.py
[2024-07-13T01:33:17.632+0000] {processor.py:840} INFO - DAG(s) 'example_trigger_target_dag' retrieved from /home/airflow/.local/lib/python3.12/site-packages/airflow/example_dags/example_trigger_target_dag.py
[2024-07-13T01:33:17.653+0000] {logging_mixin.py:188} INFO - [2024-07-13T01:33:17.653+0000] {dag.py:3096} INFO - Sync 1 DAGs
[2024-07-13T01:33:17.672+0000] {logging_mixin.py:188} INFO - [2024-07-13T01:33:17.672+0000] {dag.py:3954} INFO - Setting next_dagrun for example_trigger_target_dag to None, run_after=None
[2024-07-13T01:33:17.726+0000] {processor.py:183} INFO - Processing /home/airflow/.local/lib/python3.12/site-packages/airflow/example_dags/example_trigger_target_dag.py took 0.107 seconds
[2024-07-13T01:33:47.955+0000] {processor.py:161} INFO - Started process (PID=414) to work on /home/airflow/.local/lib/python3.12/site-packages/airflow/example_dags/example_trigger_target_dag.py
[2024-07-13T01:33:47.956+0000] {processor.py:830} INFO - Processing file /home/airflow/.local/lib/python3.12/site-packages/airflow/example_dags/example_trigger_target_dag.py for tasks to queue
[2024-07-13T01:33:47.959+0000] {logging_mixin.py:188} INFO - [2024-07-13T01:33:47.958+0000] {dagbag.py:545} INFO - Filling up the DagBag from /home/airflow/.local/lib/python3.12/site-packages/airflow/example_dags/example_trigger_target_dag.py
[2024-07-13T01:33:47.965+0000] {processor.py:840} INFO - DAG(s) 'example_trigger_target_dag' retrieved from /home/airflow/.local/lib/python3.12/site-packages/airflow/example_dags/example_trigger_target_dag.py
[2024-07-13T01:33:47.994+0000] {logging_mixin.py:188} INFO - [2024-07-13T01:33:47.993+0000] {dag.py:3096} INFO - Sync 1 DAGs
[2024-07-13T01:33:48.011+0000] {logging_mixin.py:188} INFO - [2024-07-13T01:33:48.011+0000] {dag.py:3954} INFO - Setting next_dagrun for example_trigger_target_dag to None, run_after=None
[2024-07-13T01:33:48.042+0000] {processor.py:183} INFO - Processing /home/airflow/.local/lib/python3.12/site-packages/airflow/example_dags/example_trigger_target_dag.py took 0.094 seconds
[2024-07-13T01:34:18.438+0000] {processor.py:161} INFO - Started process (PID=476) to work on /home/airflow/.local/lib/python3.12/site-packages/airflow/example_dags/example_trigger_target_dag.py
[2024-07-13T01:34:18.439+0000] {processor.py:830} INFO - Processing file /home/airflow/.local/lib/python3.12/site-packages/airflow/example_dags/example_trigger_target_dag.py for tasks to queue
[2024-07-13T01:34:18.441+0000] {logging_mixin.py:188} INFO - [2024-07-13T01:34:18.441+0000] {dagbag.py:545} INFO - Filling up the DagBag from /home/airflow/.local/lib/python3.12/site-packages/airflow/example_dags/example_trigger_target_dag.py
[2024-07-13T01:34:18.447+0000] {processor.py:840} INFO - DAG(s) 'example_trigger_target_dag' retrieved from /home/airflow/.local/lib/python3.12/site-packages/airflow/example_dags/example_trigger_target_dag.py
[2024-07-13T01:34:18.468+0000] {logging_mixin.py:188} INFO - [2024-07-13T01:34:18.468+0000] {dag.py:3096} INFO - Sync 1 DAGs
[2024-07-13T01:34:18.483+0000] {logging_mixin.py:188} INFO - [2024-07-13T01:34:18.483+0000] {dag.py:3954} INFO - Setting next_dagrun for example_trigger_target_dag to None, run_after=None
[2024-07-13T01:34:18.515+0000] {processor.py:183} INFO - Processing /home/airflow/.local/lib/python3.12/site-packages/airflow/example_dags/example_trigger_target_dag.py took 0.083 seconds
[2024-07-13T01:34:48.769+0000] {processor.py:161} INFO - Started process (PID=535) to work on /home/airflow/.local/lib/python3.12/site-packages/airflow/example_dags/example_trigger_target_dag.py
[2024-07-13T01:34:48.770+0000] {processor.py:830} INFO - Processing file /home/airflow/.local/lib/python3.12/site-packages/airflow/example_dags/example_trigger_target_dag.py for tasks to queue
[2024-07-13T01:34:48.772+0000] {logging_mixin.py:188} INFO - [2024-07-13T01:34:48.771+0000] {dagbag.py:545} INFO - Filling up the DagBag from /home/airflow/.local/lib/python3.12/site-packages/airflow/example_dags/example_trigger_target_dag.py
[2024-07-13T01:34:48.778+0000] {processor.py:840} INFO - DAG(s) 'example_trigger_target_dag' retrieved from /home/airflow/.local/lib/python3.12/site-packages/airflow/example_dags/example_trigger_target_dag.py
[2024-07-13T01:34:48.803+0000] {logging_mixin.py:188} INFO - [2024-07-13T01:34:48.802+0000] {dag.py:3096} INFO - Sync 1 DAGs
[2024-07-13T01:34:48.816+0000] {logging_mixin.py:188} INFO - [2024-07-13T01:34:48.816+0000] {dag.py:3954} INFO - Setting next_dagrun for example_trigger_target_dag to None, run_after=None
[2024-07-13T01:34:48.845+0000] {processor.py:183} INFO - Processing /home/airflow/.local/lib/python3.12/site-packages/airflow/example_dags/example_trigger_target_dag.py took 0.081 seconds
[2024-07-13T01:35:19.302+0000] {processor.py:161} INFO - Started process (PID=595) to work on /home/airflow/.local/lib/python3.12/site-packages/airflow/example_dags/example_trigger_target_dag.py
[2024-07-13T01:35:19.303+0000] {processor.py:830} INFO - Processing file /home/airflow/.local/lib/python3.12/site-packages/airflow/example_dags/example_trigger_target_dag.py for tasks to queue
[2024-07-13T01:35:19.307+0000] {logging_mixin.py:188} INFO - [2024-07-13T01:35:19.306+0000] {dagbag.py:545} INFO - Filling up the DagBag from /home/airflow/.local/lib/python3.12/site-packages/airflow/example_dags/example_trigger_target_dag.py
[2024-07-13T01:35:19.326+0000] {processor.py:840} INFO - DAG(s) 'example_trigger_target_dag' retrieved from /home/airflow/.local/lib/python3.12/site-packages/airflow/example_dags/example_trigger_target_dag.py
[2024-07-13T01:35:19.395+0000] {logging_mixin.py:188} INFO - [2024-07-13T01:35:19.395+0000] {dag.py:3096} INFO - Sync 1 DAGs
[2024-07-13T01:35:19.436+0000] {logging_mixin.py:188} INFO - [2024-07-13T01:35:19.436+0000] {dag.py:3954} INFO - Setting next_dagrun for example_trigger_target_dag to None, run_after=None
[2024-07-13T01:35:19.518+0000] {processor.py:183} INFO - Processing /home/airflow/.local/lib/python3.12/site-packages/airflow/example_dags/example_trigger_target_dag.py took 0.232 seconds
[2024-07-13T01:35:51.395+0000] {processor.py:161} INFO - Started process (PID=659) to work on /home/airflow/.local/lib/python3.12/site-packages/airflow/example_dags/example_trigger_target_dag.py
[2024-07-13T01:35:51.406+0000] {processor.py:830} INFO - Processing file /home/airflow/.local/lib/python3.12/site-packages/airflow/example_dags/example_trigger_target_dag.py for tasks to queue
[2024-07-13T01:35:51.412+0000] {logging_mixin.py:188} INFO - [2024-07-13T01:35:51.410+0000] {dagbag.py:545} INFO - Filling up the DagBag from /home/airflow/.local/lib/python3.12/site-packages/airflow/example_dags/example_trigger_target_dag.py
[2024-07-13T01:35:51.422+0000] {processor.py:840} INFO - DAG(s) 'example_trigger_target_dag' retrieved from /home/airflow/.local/lib/python3.12/site-packages/airflow/example_dags/example_trigger_target_dag.py
[2024-07-13T01:35:51.487+0000] {logging_mixin.py:188} INFO - [2024-07-13T01:35:51.486+0000] {dag.py:3096} INFO - Sync 1 DAGs
[2024-07-13T01:35:51.516+0000] {logging_mixin.py:188} INFO - [2024-07-13T01:35:51.516+0000] {dag.py:3954} INFO - Setting next_dagrun for example_trigger_target_dag to None, run_after=None
[2024-07-13T01:35:51.555+0000] {processor.py:183} INFO - Processing /home/airflow/.local/lib/python3.12/site-packages/airflow/example_dags/example_trigger_target_dag.py took 0.178 seconds
[2024-07-13T01:36:21.789+0000] {processor.py:161} INFO - Started process (PID=716) to work on /home/airflow/.local/lib/python3.12/site-packages/airflow/example_dags/example_trigger_target_dag.py
[2024-07-13T01:36:21.789+0000] {processor.py:830} INFO - Processing file /home/airflow/.local/lib/python3.12/site-packages/airflow/example_dags/example_trigger_target_dag.py for tasks to queue
[2024-07-13T01:36:21.791+0000] {logging_mixin.py:188} INFO - [2024-07-13T01:36:21.791+0000] {dagbag.py:545} INFO - Filling up the DagBag from /home/airflow/.local/lib/python3.12/site-packages/airflow/example_dags/example_trigger_target_dag.py
[2024-07-13T01:36:21.801+0000] {processor.py:840} INFO - DAG(s) 'example_trigger_target_dag' retrieved from /home/airflow/.local/lib/python3.12/site-packages/airflow/example_dags/example_trigger_target_dag.py
[2024-07-13T01:36:21.831+0000] {logging_mixin.py:188} INFO - [2024-07-13T01:36:21.831+0000] {dag.py:3096} INFO - Sync 1 DAGs
[2024-07-13T01:36:21.853+0000] {logging_mixin.py:188} INFO - [2024-07-13T01:36:21.853+0000] {dag.py:3954} INFO - Setting next_dagrun for example_trigger_target_dag to None, run_after=None
[2024-07-13T01:36:21.886+0000] {processor.py:183} INFO - Processing /home/airflow/.local/lib/python3.12/site-packages/airflow/example_dags/example_trigger_target_dag.py took 0.103 seconds
[2024-07-13T01:36:52.569+0000] {processor.py:161} INFO - Started process (PID=777) to work on /home/airflow/.local/lib/python3.12/site-packages/airflow/example_dags/example_trigger_target_dag.py
[2024-07-13T01:36:52.570+0000] {processor.py:830} INFO - Processing file /home/airflow/.local/lib/python3.12/site-packages/airflow/example_dags/example_trigger_target_dag.py for tasks to queue
[2024-07-13T01:36:52.572+0000] {logging_mixin.py:188} INFO - [2024-07-13T01:36:52.571+0000] {dagbag.py:545} INFO - Filling up the DagBag from /home/airflow/.local/lib/python3.12/site-packages/airflow/example_dags/example_trigger_target_dag.py
[2024-07-13T01:36:52.579+0000] {processor.py:840} INFO - DAG(s) 'example_trigger_target_dag' retrieved from /home/airflow/.local/lib/python3.12/site-packages/airflow/example_dags/example_trigger_target_dag.py
[2024-07-13T01:36:52.600+0000] {logging_mixin.py:188} INFO - [2024-07-13T01:36:52.600+0000] {dag.py:3096} INFO - Sync 1 DAGs
[2024-07-13T01:36:52.613+0000] {logging_mixin.py:188} INFO - [2024-07-13T01:36:52.613+0000] {dag.py:3954} INFO - Setting next_dagrun for example_trigger_target_dag to None, run_after=None
[2024-07-13T01:36:52.644+0000] {processor.py:183} INFO - Processing /home/airflow/.local/lib/python3.12/site-packages/airflow/example_dags/example_trigger_target_dag.py took 0.081 seconds
[2024-07-13T01:37:22.929+0000] {processor.py:161} INFO - Started process (PID=838) to work on /home/airflow/.local/lib/python3.12/site-packages/airflow/example_dags/example_trigger_target_dag.py
[2024-07-13T01:37:22.930+0000] {processor.py:830} INFO - Processing file /home/airflow/.local/lib/python3.12/site-packages/airflow/example_dags/example_trigger_target_dag.py for tasks to queue
[2024-07-13T01:37:22.932+0000] {logging_mixin.py:188} INFO - [2024-07-13T01:37:22.931+0000] {dagbag.py:545} INFO - Filling up the DagBag from /home/airflow/.local/lib/python3.12/site-packages/airflow/example_dags/example_trigger_target_dag.py
[2024-07-13T01:37:22.938+0000] {processor.py:840} INFO - DAG(s) 'example_trigger_target_dag' retrieved from /home/airflow/.local/lib/python3.12/site-packages/airflow/example_dags/example_trigger_target_dag.py
[2024-07-13T01:37:22.959+0000] {logging_mixin.py:188} INFO - [2024-07-13T01:37:22.958+0000] {dag.py:3096} INFO - Sync 1 DAGs
[2024-07-13T01:37:22.972+0000] {logging_mixin.py:188} INFO - [2024-07-13T01:37:22.972+0000] {dag.py:3954} INFO - Setting next_dagrun for example_trigger_target_dag to None, run_after=None
[2024-07-13T01:37:23.005+0000] {processor.py:183} INFO - Processing /home/airflow/.local/lib/python3.12/site-packages/airflow/example_dags/example_trigger_target_dag.py took 0.082 seconds
[2024-07-13T01:37:53.346+0000] {processor.py:161} INFO - Started process (PID=899) to work on /home/airflow/.local/lib/python3.12/site-packages/airflow/example_dags/example_trigger_target_dag.py
[2024-07-13T01:37:53.350+0000] {processor.py:830} INFO - Processing file /home/airflow/.local/lib/python3.12/site-packages/airflow/example_dags/example_trigger_target_dag.py for tasks to queue
[2024-07-13T01:37:53.355+0000] {logging_mixin.py:188} INFO - [2024-07-13T01:37:53.355+0000] {dagbag.py:545} INFO - Filling up the DagBag from /home/airflow/.local/lib/python3.12/site-packages/airflow/example_dags/example_trigger_target_dag.py
[2024-07-13T01:37:53.361+0000] {processor.py:840} INFO - DAG(s) 'example_trigger_target_dag' retrieved from /home/airflow/.local/lib/python3.12/site-packages/airflow/example_dags/example_trigger_target_dag.py
[2024-07-13T01:37:53.384+0000] {logging_mixin.py:188} INFO - [2024-07-13T01:37:53.384+0000] {dag.py:3096} INFO - Sync 1 DAGs
[2024-07-13T01:37:53.398+0000] {logging_mixin.py:188} INFO - [2024-07-13T01:37:53.398+0000] {dag.py:3954} INFO - Setting next_dagrun for example_trigger_target_dag to None, run_after=None
[2024-07-13T01:37:53.427+0000] {processor.py:183} INFO - Processing /home/airflow/.local/lib/python3.12/site-packages/airflow/example_dags/example_trigger_target_dag.py took 0.089 seconds
[2024-07-13T01:38:23.843+0000] {processor.py:161} INFO - Started process (PID=960) to work on /home/airflow/.local/lib/python3.12/site-packages/airflow/example_dags/example_trigger_target_dag.py
[2024-07-13T01:38:23.844+0000] {processor.py:830} INFO - Processing file /home/airflow/.local/lib/python3.12/site-packages/airflow/example_dags/example_trigger_target_dag.py for tasks to queue
[2024-07-13T01:38:23.846+0000] {logging_mixin.py:188} INFO - [2024-07-13T01:38:23.845+0000] {dagbag.py:545} INFO - Filling up the DagBag from /home/airflow/.local/lib/python3.12/site-packages/airflow/example_dags/example_trigger_target_dag.py
[2024-07-13T01:38:23.853+0000] {processor.py:840} INFO - DAG(s) 'example_trigger_target_dag' retrieved from /home/airflow/.local/lib/python3.12/site-packages/airflow/example_dags/example_trigger_target_dag.py
[2024-07-13T01:38:23.874+0000] {logging_mixin.py:188} INFO - [2024-07-13T01:38:23.874+0000] {dag.py:3096} INFO - Sync 1 DAGs
[2024-07-13T01:38:23.888+0000] {logging_mixin.py:188} INFO - [2024-07-13T01:38:23.888+0000] {dag.py:3954} INFO - Setting next_dagrun for example_trigger_target_dag to None, run_after=None
[2024-07-13T01:38:23.919+0000] {processor.py:183} INFO - Processing /home/airflow/.local/lib/python3.12/site-packages/airflow/example_dags/example_trigger_target_dag.py took 0.081 seconds
[2024-07-13T01:38:54.098+0000] {processor.py:161} INFO - Started process (PID=1022) to work on /home/airflow/.local/lib/python3.12/site-packages/airflow/example_dags/example_trigger_target_dag.py
[2024-07-13T01:38:54.102+0000] {processor.py:830} INFO - Processing file /home/airflow/.local/lib/python3.12/site-packages/airflow/example_dags/example_trigger_target_dag.py for tasks to queue
[2024-07-13T01:38:54.113+0000] {logging_mixin.py:188} INFO - [2024-07-13T01:38:54.112+0000] {dagbag.py:545} INFO - Filling up the DagBag from /home/airflow/.local/lib/python3.12/site-packages/airflow/example_dags/example_trigger_target_dag.py
[2024-07-13T01:38:54.135+0000] {processor.py:840} INFO - DAG(s) 'example_trigger_target_dag' retrieved from /home/airflow/.local/lib/python3.12/site-packages/airflow/example_dags/example_trigger_target_dag.py
[2024-07-13T01:38:54.207+0000] {logging_mixin.py:188} INFO - [2024-07-13T01:38:54.207+0000] {dag.py:3096} INFO - Sync 1 DAGs
[2024-07-13T01:38:54.240+0000] {logging_mixin.py:188} INFO - [2024-07-13T01:38:54.240+0000] {dag.py:3954} INFO - Setting next_dagrun for example_trigger_target_dag to None, run_after=None
[2024-07-13T01:38:54.317+0000] {processor.py:183} INFO - Processing /home/airflow/.local/lib/python3.12/site-packages/airflow/example_dags/example_trigger_target_dag.py took 0.248 seconds
[2024-07-13T01:39:24.889+0000] {processor.py:161} INFO - Started process (PID=1083) to work on /home/airflow/.local/lib/python3.12/site-packages/airflow/example_dags/example_trigger_target_dag.py
[2024-07-13T01:39:24.890+0000] {processor.py:830} INFO - Processing file /home/airflow/.local/lib/python3.12/site-packages/airflow/example_dags/example_trigger_target_dag.py for tasks to queue
[2024-07-13T01:39:24.892+0000] {logging_mixin.py:188} INFO - [2024-07-13T01:39:24.892+0000] {dagbag.py:545} INFO - Filling up the DagBag from /home/airflow/.local/lib/python3.12/site-packages/airflow/example_dags/example_trigger_target_dag.py
[2024-07-13T01:39:25.119+0000] {processor.py:840} INFO - DAG(s) 'example_trigger_target_dag' retrieved from /home/airflow/.local/lib/python3.12/site-packages/airflow/example_dags/example_trigger_target_dag.py
[2024-07-13T01:39:25.135+0000] {logging_mixin.py:188} INFO - [2024-07-13T01:39:25.135+0000] {dag.py:3096} INFO - Sync 1 DAGs
[2024-07-13T01:39:25.146+0000] {logging_mixin.py:188} INFO - [2024-07-13T01:39:25.145+0000] {dag.py:3954} INFO - Setting next_dagrun for example_trigger_target_dag to None, run_after=None
[2024-07-13T01:39:25.170+0000] {processor.py:183} INFO - Processing /home/airflow/.local/lib/python3.12/site-packages/airflow/example_dags/example_trigger_target_dag.py took 0.287 seconds
[2024-07-13T01:42:57.254+0000] {processor.py:161} INFO - Started process (PID=44) to work on /home/airflow/.local/lib/python3.12/site-packages/airflow/example_dags/example_trigger_target_dag.py
[2024-07-13T01:42:57.255+0000] {processor.py:830} INFO - Processing file /home/airflow/.local/lib/python3.12/site-packages/airflow/example_dags/example_trigger_target_dag.py for tasks to queue
[2024-07-13T01:42:57.259+0000] {logging_mixin.py:188} INFO - [2024-07-13T01:42:57.258+0000] {dagbag.py:545} INFO - Filling up the DagBag from /home/airflow/.local/lib/python3.12/site-packages/airflow/example_dags/example_trigger_target_dag.py
[2024-07-13T01:42:57.300+0000] {processor.py:840} INFO - DAG(s) 'example_trigger_target_dag' retrieved from /home/airflow/.local/lib/python3.12/site-packages/airflow/example_dags/example_trigger_target_dag.py
[2024-07-13T01:42:57.697+0000] {logging_mixin.py:188} INFO - [2024-07-13T01:42:57.697+0000] {dag.py:3096} INFO - Sync 1 DAGs
[2024-07-13T01:42:57.734+0000] {logging_mixin.py:188} INFO - [2024-07-13T01:42:57.734+0000] {dag.py:3954} INFO - Setting next_dagrun for example_trigger_target_dag to None, run_after=None
[2024-07-13T01:42:57.860+0000] {processor.py:183} INFO - Processing /home/airflow/.local/lib/python3.12/site-packages/airflow/example_dags/example_trigger_target_dag.py took 0.627 seconds
[2024-07-13T01:43:28.660+0000] {processor.py:161} INFO - Started process (PID=103) to work on /home/airflow/.local/lib/python3.12/site-packages/airflow/example_dags/example_trigger_target_dag.py
[2024-07-13T01:43:28.670+0000] {processor.py:830} INFO - Processing file /home/airflow/.local/lib/python3.12/site-packages/airflow/example_dags/example_trigger_target_dag.py for tasks to queue
[2024-07-13T01:43:28.672+0000] {logging_mixin.py:188} INFO - [2024-07-13T01:43:28.672+0000] {dagbag.py:545} INFO - Filling up the DagBag from /home/airflow/.local/lib/python3.12/site-packages/airflow/example_dags/example_trigger_target_dag.py
[2024-07-13T01:43:28.689+0000] {processor.py:840} INFO - DAG(s) 'example_trigger_target_dag' retrieved from /home/airflow/.local/lib/python3.12/site-packages/airflow/example_dags/example_trigger_target_dag.py
[2024-07-13T01:43:28.779+0000] {logging_mixin.py:188} INFO - [2024-07-13T01:43:28.779+0000] {dag.py:3096} INFO - Sync 1 DAGs
[2024-07-13T01:43:28.829+0000] {logging_mixin.py:188} INFO - [2024-07-13T01:43:28.829+0000] {dag.py:3954} INFO - Setting next_dagrun for example_trigger_target_dag to None, run_after=None
[2024-07-13T01:43:28.943+0000] {processor.py:183} INFO - Processing /home/airflow/.local/lib/python3.12/site-packages/airflow/example_dags/example_trigger_target_dag.py took 0.300 seconds
[2024-07-13T01:43:59.608+0000] {processor.py:161} INFO - Started process (PID=164) to work on /home/airflow/.local/lib/python3.12/site-packages/airflow/example_dags/example_trigger_target_dag.py
[2024-07-13T01:43:59.608+0000] {processor.py:830} INFO - Processing file /home/airflow/.local/lib/python3.12/site-packages/airflow/example_dags/example_trigger_target_dag.py for tasks to queue
[2024-07-13T01:43:59.610+0000] {logging_mixin.py:188} INFO - [2024-07-13T01:43:59.610+0000] {dagbag.py:545} INFO - Filling up the DagBag from /home/airflow/.local/lib/python3.12/site-packages/airflow/example_dags/example_trigger_target_dag.py
[2024-07-13T01:43:59.615+0000] {processor.py:840} INFO - DAG(s) 'example_trigger_target_dag' retrieved from /home/airflow/.local/lib/python3.12/site-packages/airflow/example_dags/example_trigger_target_dag.py
[2024-07-13T01:43:59.658+0000] {logging_mixin.py:188} INFO - [2024-07-13T01:43:59.658+0000] {dag.py:3096} INFO - Sync 1 DAGs
[2024-07-13T01:43:59.679+0000] {logging_mixin.py:188} INFO - [2024-07-13T01:43:59.679+0000] {dag.py:3954} INFO - Setting next_dagrun for example_trigger_target_dag to None, run_after=None
[2024-07-13T01:43:59.730+0000] {processor.py:183} INFO - Processing /home/airflow/.local/lib/python3.12/site-packages/airflow/example_dags/example_trigger_target_dag.py took 0.132 seconds
[2024-07-13T01:44:30.731+0000] {processor.py:161} INFO - Started process (PID=225) to work on /home/airflow/.local/lib/python3.12/site-packages/airflow/example_dags/example_trigger_target_dag.py
[2024-07-13T01:44:30.732+0000] {processor.py:830} INFO - Processing file /home/airflow/.local/lib/python3.12/site-packages/airflow/example_dags/example_trigger_target_dag.py for tasks to queue
[2024-07-13T01:44:30.734+0000] {logging_mixin.py:188} INFO - [2024-07-13T01:44:30.734+0000] {dagbag.py:545} INFO - Filling up the DagBag from /home/airflow/.local/lib/python3.12/site-packages/airflow/example_dags/example_trigger_target_dag.py
[2024-07-13T01:44:30.743+0000] {processor.py:840} INFO - DAG(s) 'example_trigger_target_dag' retrieved from /home/airflow/.local/lib/python3.12/site-packages/airflow/example_dags/example_trigger_target_dag.py
[2024-07-13T01:44:30.765+0000] {logging_mixin.py:188} INFO - [2024-07-13T01:44:30.764+0000] {dag.py:3096} INFO - Sync 1 DAGs
[2024-07-13T01:44:30.780+0000] {logging_mixin.py:188} INFO - [2024-07-13T01:44:30.780+0000] {dag.py:3954} INFO - Setting next_dagrun for example_trigger_target_dag to None, run_after=None
[2024-07-13T01:44:30.806+0000] {processor.py:183} INFO - Processing /home/airflow/.local/lib/python3.12/site-packages/airflow/example_dags/example_trigger_target_dag.py took 0.080 seconds
[2024-07-13T01:45:00.833+0000] {processor.py:161} INFO - Started process (PID=286) to work on /home/airflow/.local/lib/python3.12/site-packages/airflow/example_dags/example_trigger_target_dag.py
[2024-07-13T01:45:00.834+0000] {processor.py:830} INFO - Processing file /home/airflow/.local/lib/python3.12/site-packages/airflow/example_dags/example_trigger_target_dag.py for tasks to queue
[2024-07-13T01:45:00.835+0000] {logging_mixin.py:188} INFO - [2024-07-13T01:45:00.835+0000] {dagbag.py:545} INFO - Filling up the DagBag from /home/airflow/.local/lib/python3.12/site-packages/airflow/example_dags/example_trigger_target_dag.py
[2024-07-13T01:45:00.839+0000] {processor.py:840} INFO - DAG(s) 'example_trigger_target_dag' retrieved from /home/airflow/.local/lib/python3.12/site-packages/airflow/example_dags/example_trigger_target_dag.py
[2024-07-13T01:45:00.854+0000] {logging_mixin.py:188} INFO - [2024-07-13T01:45:00.854+0000] {dag.py:3096} INFO - Sync 1 DAGs
[2024-07-13T01:45:00.864+0000] {logging_mixin.py:188} INFO - [2024-07-13T01:45:00.863+0000] {dag.py:3954} INFO - Setting next_dagrun for example_trigger_target_dag to None, run_after=None
[2024-07-13T01:45:00.888+0000] {processor.py:183} INFO - Processing /home/airflow/.local/lib/python3.12/site-packages/airflow/example_dags/example_trigger_target_dag.py took 0.059 seconds
[2024-07-13T01:45:31.852+0000] {processor.py:161} INFO - Started process (PID=347) to work on /home/airflow/.local/lib/python3.12/site-packages/airflow/example_dags/example_trigger_target_dag.py
[2024-07-13T01:45:31.853+0000] {processor.py:830} INFO - Processing file /home/airflow/.local/lib/python3.12/site-packages/airflow/example_dags/example_trigger_target_dag.py for tasks to queue
[2024-07-13T01:45:31.855+0000] {logging_mixin.py:188} INFO - [2024-07-13T01:45:31.855+0000] {dagbag.py:545} INFO - Filling up the DagBag from /home/airflow/.local/lib/python3.12/site-packages/airflow/example_dags/example_trigger_target_dag.py
[2024-07-13T01:45:31.860+0000] {processor.py:840} INFO - DAG(s) 'example_trigger_target_dag' retrieved from /home/airflow/.local/lib/python3.12/site-packages/airflow/example_dags/example_trigger_target_dag.py
[2024-07-13T01:45:31.878+0000] {logging_mixin.py:188} INFO - [2024-07-13T01:45:31.878+0000] {dag.py:3096} INFO - Sync 1 DAGs
[2024-07-13T01:45:31.891+0000] {logging_mixin.py:188} INFO - [2024-07-13T01:45:31.891+0000] {dag.py:3954} INFO - Setting next_dagrun for example_trigger_target_dag to None, run_after=None
[2024-07-13T01:45:31.917+0000] {processor.py:183} INFO - Processing /home/airflow/.local/lib/python3.12/site-packages/airflow/example_dags/example_trigger_target_dag.py took 0.071 seconds
[2024-07-13T01:46:01.988+0000] {processor.py:161} INFO - Started process (PID=408) to work on /home/airflow/.local/lib/python3.12/site-packages/airflow/example_dags/example_trigger_target_dag.py
[2024-07-13T01:46:01.989+0000] {processor.py:830} INFO - Processing file /home/airflow/.local/lib/python3.12/site-packages/airflow/example_dags/example_trigger_target_dag.py for tasks to queue
[2024-07-13T01:46:01.990+0000] {logging_mixin.py:188} INFO - [2024-07-13T01:46:01.990+0000] {dagbag.py:545} INFO - Filling up the DagBag from /home/airflow/.local/lib/python3.12/site-packages/airflow/example_dags/example_trigger_target_dag.py
[2024-07-13T01:46:01.996+0000] {processor.py:840} INFO - DAG(s) 'example_trigger_target_dag' retrieved from /home/airflow/.local/lib/python3.12/site-packages/airflow/example_dags/example_trigger_target_dag.py
[2024-07-13T01:46:02.017+0000] {logging_mixin.py:188} INFO - [2024-07-13T01:46:02.017+0000] {dag.py:3096} INFO - Sync 1 DAGs
[2024-07-13T01:46:02.032+0000] {logging_mixin.py:188} INFO - [2024-07-13T01:46:02.031+0000] {dag.py:3954} INFO - Setting next_dagrun for example_trigger_target_dag to None, run_after=None
[2024-07-13T01:46:02.063+0000] {processor.py:183} INFO - Processing /home/airflow/.local/lib/python3.12/site-packages/airflow/example_dags/example_trigger_target_dag.py took 0.081 seconds
[2024-07-13T01:46:32.165+0000] {processor.py:161} INFO - Started process (PID=468) to work on /home/airflow/.local/lib/python3.12/site-packages/airflow/example_dags/example_trigger_target_dag.py
[2024-07-13T01:46:32.171+0000] {processor.py:830} INFO - Processing file /home/airflow/.local/lib/python3.12/site-packages/airflow/example_dags/example_trigger_target_dag.py for tasks to queue
[2024-07-13T01:46:32.173+0000] {logging_mixin.py:188} INFO - [2024-07-13T01:46:32.173+0000] {dagbag.py:545} INFO - Filling up the DagBag from /home/airflow/.local/lib/python3.12/site-packages/airflow/example_dags/example_trigger_target_dag.py
[2024-07-13T01:46:32.184+0000] {processor.py:840} INFO - DAG(s) 'example_trigger_target_dag' retrieved from /home/airflow/.local/lib/python3.12/site-packages/airflow/example_dags/example_trigger_target_dag.py
[2024-07-13T01:46:32.222+0000] {logging_mixin.py:188} INFO - [2024-07-13T01:46:32.222+0000] {dag.py:3096} INFO - Sync 1 DAGs
[2024-07-13T01:46:32.254+0000] {logging_mixin.py:188} INFO - [2024-07-13T01:46:32.253+0000] {dag.py:3954} INFO - Setting next_dagrun for example_trigger_target_dag to None, run_after=None
[2024-07-13T01:46:32.306+0000] {processor.py:183} INFO - Processing /home/airflow/.local/lib/python3.12/site-packages/airflow/example_dags/example_trigger_target_dag.py took 0.158 seconds
[2024-07-13T01:47:03.020+0000] {processor.py:161} INFO - Started process (PID=529) to work on /home/airflow/.local/lib/python3.12/site-packages/airflow/example_dags/example_trigger_target_dag.py
[2024-07-13T01:47:03.029+0000] {processor.py:830} INFO - Processing file /home/airflow/.local/lib/python3.12/site-packages/airflow/example_dags/example_trigger_target_dag.py for tasks to queue
[2024-07-13T01:47:03.032+0000] {logging_mixin.py:188} INFO - [2024-07-13T01:47:03.031+0000] {dagbag.py:545} INFO - Filling up the DagBag from /home/airflow/.local/lib/python3.12/site-packages/airflow/example_dags/example_trigger_target_dag.py
[2024-07-13T01:47:03.044+0000] {processor.py:840} INFO - DAG(s) 'example_trigger_target_dag' retrieved from /home/airflow/.local/lib/python3.12/site-packages/airflow/example_dags/example_trigger_target_dag.py
[2024-07-13T01:47:03.088+0000] {logging_mixin.py:188} INFO - [2024-07-13T01:47:03.087+0000] {dag.py:3096} INFO - Sync 1 DAGs
[2024-07-13T01:47:03.122+0000] {logging_mixin.py:188} INFO - [2024-07-13T01:47:03.122+0000] {dag.py:3954} INFO - Setting next_dagrun for example_trigger_target_dag to None, run_after=None
[2024-07-13T01:47:03.218+0000] {processor.py:183} INFO - Processing /home/airflow/.local/lib/python3.12/site-packages/airflow/example_dags/example_trigger_target_dag.py took 0.204 seconds
[2024-07-13T01:47:34.319+0000] {processor.py:161} INFO - Started process (PID=591) to work on /home/airflow/.local/lib/python3.12/site-packages/airflow/example_dags/example_trigger_target_dag.py
[2024-07-13T01:47:34.319+0000] {processor.py:830} INFO - Processing file /home/airflow/.local/lib/python3.12/site-packages/airflow/example_dags/example_trigger_target_dag.py for tasks to queue
[2024-07-13T01:47:34.321+0000] {logging_mixin.py:188} INFO - [2024-07-13T01:47:34.320+0000] {dagbag.py:545} INFO - Filling up the DagBag from /home/airflow/.local/lib/python3.12/site-packages/airflow/example_dags/example_trigger_target_dag.py
[2024-07-13T01:47:34.326+0000] {processor.py:840} INFO - DAG(s) 'example_trigger_target_dag' retrieved from /home/airflow/.local/lib/python3.12/site-packages/airflow/example_dags/example_trigger_target_dag.py
[2024-07-13T01:47:34.346+0000] {logging_mixin.py:188} INFO - [2024-07-13T01:47:34.346+0000] {dag.py:3096} INFO - Sync 1 DAGs
[2024-07-13T01:47:34.359+0000] {logging_mixin.py:188} INFO - [2024-07-13T01:47:34.359+0000] {dag.py:3954} INFO - Setting next_dagrun for example_trigger_target_dag to None, run_after=None
[2024-07-13T01:47:34.423+0000] {processor.py:183} INFO - Processing /home/airflow/.local/lib/python3.12/site-packages/airflow/example_dags/example_trigger_target_dag.py took 0.110 seconds
[2024-07-13T01:48:04.651+0000] {processor.py:161} INFO - Started process (PID=650) to work on /home/airflow/.local/lib/python3.12/site-packages/airflow/example_dags/example_trigger_target_dag.py
[2024-07-13T01:48:04.652+0000] {processor.py:830} INFO - Processing file /home/airflow/.local/lib/python3.12/site-packages/airflow/example_dags/example_trigger_target_dag.py for tasks to queue
[2024-07-13T01:48:04.654+0000] {logging_mixin.py:188} INFO - [2024-07-13T01:48:04.653+0000] {dagbag.py:545} INFO - Filling up the DagBag from /home/airflow/.local/lib/python3.12/site-packages/airflow/example_dags/example_trigger_target_dag.py
[2024-07-13T01:48:04.660+0000] {processor.py:840} INFO - DAG(s) 'example_trigger_target_dag' retrieved from /home/airflow/.local/lib/python3.12/site-packages/airflow/example_dags/example_trigger_target_dag.py
[2024-07-13T01:48:04.679+0000] {logging_mixin.py:188} INFO - [2024-07-13T01:48:04.679+0000] {dag.py:3096} INFO - Sync 1 DAGs
[2024-07-13T01:48:04.906+0000] {logging_mixin.py:188} INFO - [2024-07-13T01:48:04.906+0000] {dag.py:3954} INFO - Setting next_dagrun for example_trigger_target_dag to None, run_after=None
[2024-07-13T01:48:04.963+0000] {processor.py:183} INFO - Processing /home/airflow/.local/lib/python3.12/site-packages/airflow/example_dags/example_trigger_target_dag.py took 0.323 seconds
[2024-07-13T01:48:35.814+0000] {processor.py:161} INFO - Started process (PID=711) to work on /home/airflow/.local/lib/python3.12/site-packages/airflow/example_dags/example_trigger_target_dag.py
[2024-07-13T01:48:35.815+0000] {processor.py:830} INFO - Processing file /home/airflow/.local/lib/python3.12/site-packages/airflow/example_dags/example_trigger_target_dag.py for tasks to queue
[2024-07-13T01:48:35.817+0000] {logging_mixin.py:188} INFO - [2024-07-13T01:48:35.817+0000] {dagbag.py:545} INFO - Filling up the DagBag from /home/airflow/.local/lib/python3.12/site-packages/airflow/example_dags/example_trigger_target_dag.py
[2024-07-13T01:48:35.823+0000] {processor.py:840} INFO - DAG(s) 'example_trigger_target_dag' retrieved from /home/airflow/.local/lib/python3.12/site-packages/airflow/example_dags/example_trigger_target_dag.py
[2024-07-13T01:48:35.841+0000] {logging_mixin.py:188} INFO - [2024-07-13T01:48:35.841+0000] {dag.py:3096} INFO - Sync 1 DAGs
[2024-07-13T01:48:35.855+0000] {logging_mixin.py:188} INFO - [2024-07-13T01:48:35.855+0000] {dag.py:3954} INFO - Setting next_dagrun for example_trigger_target_dag to None, run_after=None
[2024-07-13T01:48:36.034+0000] {processor.py:183} INFO - Processing /home/airflow/.local/lib/python3.12/site-packages/airflow/example_dags/example_trigger_target_dag.py took 0.225 seconds
[2024-07-13T01:49:06.427+0000] {processor.py:161} INFO - Started process (PID=772) to work on /home/airflow/.local/lib/python3.12/site-packages/airflow/example_dags/example_trigger_target_dag.py
[2024-07-13T01:49:06.428+0000] {processor.py:830} INFO - Processing file /home/airflow/.local/lib/python3.12/site-packages/airflow/example_dags/example_trigger_target_dag.py for tasks to queue
[2024-07-13T01:49:06.430+0000] {logging_mixin.py:188} INFO - [2024-07-13T01:49:06.429+0000] {dagbag.py:545} INFO - Filling up the DagBag from /home/airflow/.local/lib/python3.12/site-packages/airflow/example_dags/example_trigger_target_dag.py
[2024-07-13T01:49:06.436+0000] {processor.py:840} INFO - DAG(s) 'example_trigger_target_dag' retrieved from /home/airflow/.local/lib/python3.12/site-packages/airflow/example_dags/example_trigger_target_dag.py
[2024-07-13T01:49:06.456+0000] {logging_mixin.py:188} INFO - [2024-07-13T01:49:06.456+0000] {dag.py:3096} INFO - Sync 1 DAGs
[2024-07-13T01:49:06.470+0000] {logging_mixin.py:188} INFO - [2024-07-13T01:49:06.470+0000] {dag.py:3954} INFO - Setting next_dagrun for example_trigger_target_dag to None, run_after=None
[2024-07-13T01:49:06.497+0000] {processor.py:183} INFO - Processing /home/airflow/.local/lib/python3.12/site-packages/airflow/example_dags/example_trigger_target_dag.py took 0.076 seconds
[2024-07-13T01:49:36.692+0000] {processor.py:161} INFO - Started process (PID=833) to work on /home/airflow/.local/lib/python3.12/site-packages/airflow/example_dags/example_trigger_target_dag.py
[2024-07-13T01:49:36.693+0000] {processor.py:830} INFO - Processing file /home/airflow/.local/lib/python3.12/site-packages/airflow/example_dags/example_trigger_target_dag.py for tasks to queue
[2024-07-13T01:49:36.694+0000] {logging_mixin.py:188} INFO - [2024-07-13T01:49:36.694+0000] {dagbag.py:545} INFO - Filling up the DagBag from /home/airflow/.local/lib/python3.12/site-packages/airflow/example_dags/example_trigger_target_dag.py
[2024-07-13T01:49:36.700+0000] {processor.py:840} INFO - DAG(s) 'example_trigger_target_dag' retrieved from /home/airflow/.local/lib/python3.12/site-packages/airflow/example_dags/example_trigger_target_dag.py
[2024-07-13T01:49:36.722+0000] {logging_mixin.py:188} INFO - [2024-07-13T01:49:36.722+0000] {dag.py:3096} INFO - Sync 1 DAGs
[2024-07-13T01:49:36.736+0000] {logging_mixin.py:188} INFO - [2024-07-13T01:49:36.736+0000] {dag.py:3954} INFO - Setting next_dagrun for example_trigger_target_dag to None, run_after=None
[2024-07-13T01:49:36.768+0000] {processor.py:183} INFO - Processing /home/airflow/.local/lib/python3.12/site-packages/airflow/example_dags/example_trigger_target_dag.py took 0.085 seconds
[2024-07-13T01:50:07.588+0000] {processor.py:161} INFO - Started process (PID=895) to work on /home/airflow/.local/lib/python3.12/site-packages/airflow/example_dags/example_trigger_target_dag.py
[2024-07-13T01:50:07.589+0000] {processor.py:830} INFO - Processing file /home/airflow/.local/lib/python3.12/site-packages/airflow/example_dags/example_trigger_target_dag.py for tasks to queue
[2024-07-13T01:50:07.591+0000] {logging_mixin.py:188} INFO - [2024-07-13T01:50:07.590+0000] {dagbag.py:545} INFO - Filling up the DagBag from /home/airflow/.local/lib/python3.12/site-packages/airflow/example_dags/example_trigger_target_dag.py
[2024-07-13T01:50:07.598+0000] {processor.py:840} INFO - DAG(s) 'example_trigger_target_dag' retrieved from /home/airflow/.local/lib/python3.12/site-packages/airflow/example_dags/example_trigger_target_dag.py
[2024-07-13T01:50:07.616+0000] {logging_mixin.py:188} INFO - [2024-07-13T01:50:07.615+0000] {dag.py:3096} INFO - Sync 1 DAGs
[2024-07-13T01:50:07.629+0000] {logging_mixin.py:188} INFO - [2024-07-13T01:50:07.629+0000] {dag.py:3954} INFO - Setting next_dagrun for example_trigger_target_dag to None, run_after=None
[2024-07-13T01:50:07.658+0000] {processor.py:183} INFO - Processing /home/airflow/.local/lib/python3.12/site-packages/airflow/example_dags/example_trigger_target_dag.py took 0.076 seconds
[2024-07-13T01:50:37.738+0000] {processor.py:161} INFO - Started process (PID=954) to work on /home/airflow/.local/lib/python3.12/site-packages/airflow/example_dags/example_trigger_target_dag.py
[2024-07-13T01:50:37.739+0000] {processor.py:830} INFO - Processing file /home/airflow/.local/lib/python3.12/site-packages/airflow/example_dags/example_trigger_target_dag.py for tasks to queue
[2024-07-13T01:50:37.740+0000] {logging_mixin.py:188} INFO - [2024-07-13T01:50:37.740+0000] {dagbag.py:545} INFO - Filling up the DagBag from /home/airflow/.local/lib/python3.12/site-packages/airflow/example_dags/example_trigger_target_dag.py
[2024-07-13T01:50:37.744+0000] {processor.py:840} INFO - DAG(s) 'example_trigger_target_dag' retrieved from /home/airflow/.local/lib/python3.12/site-packages/airflow/example_dags/example_trigger_target_dag.py
[2024-07-13T01:50:37.762+0000] {logging_mixin.py:188} INFO - [2024-07-13T01:50:37.762+0000] {dag.py:3096} INFO - Sync 1 DAGs
[2024-07-13T01:50:37.776+0000] {logging_mixin.py:188} INFO - [2024-07-13T01:50:37.775+0000] {dag.py:3954} INFO - Setting next_dagrun for example_trigger_target_dag to None, run_after=None
[2024-07-13T01:50:37.811+0000] {processor.py:183} INFO - Processing /home/airflow/.local/lib/python3.12/site-packages/airflow/example_dags/example_trigger_target_dag.py took 0.077 seconds
[2024-07-13T01:51:07.937+0000] {processor.py:161} INFO - Started process (PID=1015) to work on /home/airflow/.local/lib/python3.12/site-packages/airflow/example_dags/example_trigger_target_dag.py
[2024-07-13T01:51:07.937+0000] {processor.py:830} INFO - Processing file /home/airflow/.local/lib/python3.12/site-packages/airflow/example_dags/example_trigger_target_dag.py for tasks to queue
[2024-07-13T01:51:07.939+0000] {logging_mixin.py:188} INFO - [2024-07-13T01:51:07.939+0000] {dagbag.py:545} INFO - Filling up the DagBag from /home/airflow/.local/lib/python3.12/site-packages/airflow/example_dags/example_trigger_target_dag.py
[2024-07-13T01:51:07.945+0000] {processor.py:840} INFO - DAG(s) 'example_trigger_target_dag' retrieved from /home/airflow/.local/lib/python3.12/site-packages/airflow/example_dags/example_trigger_target_dag.py
[2024-07-13T01:51:07.978+0000] {logging_mixin.py:188} INFO - [2024-07-13T01:51:07.978+0000] {dag.py:3096} INFO - Sync 1 DAGs
[2024-07-13T01:51:07.993+0000] {logging_mixin.py:188} INFO - [2024-07-13T01:51:07.992+0000] {dag.py:3954} INFO - Setting next_dagrun for example_trigger_target_dag to None, run_after=None
[2024-07-13T01:51:08.019+0000] {processor.py:183} INFO - Processing /home/airflow/.local/lib/python3.12/site-packages/airflow/example_dags/example_trigger_target_dag.py took 0.090 seconds
[2024-07-13T01:51:38.938+0000] {processor.py:161} INFO - Started process (PID=1078) to work on /home/airflow/.local/lib/python3.12/site-packages/airflow/example_dags/example_trigger_target_dag.py
[2024-07-13T01:51:38.947+0000] {processor.py:830} INFO - Processing file /home/airflow/.local/lib/python3.12/site-packages/airflow/example_dags/example_trigger_target_dag.py for tasks to queue
[2024-07-13T01:51:38.948+0000] {logging_mixin.py:188} INFO - [2024-07-13T01:51:38.948+0000] {dagbag.py:545} INFO - Filling up the DagBag from /home/airflow/.local/lib/python3.12/site-packages/airflow/example_dags/example_trigger_target_dag.py
[2024-07-13T01:51:38.954+0000] {processor.py:840} INFO - DAG(s) 'example_trigger_target_dag' retrieved from /home/airflow/.local/lib/python3.12/site-packages/airflow/example_dags/example_trigger_target_dag.py
[2024-07-13T01:51:38.984+0000] {logging_mixin.py:188} INFO - [2024-07-13T01:51:38.984+0000] {dag.py:3096} INFO - Sync 1 DAGs
[2024-07-13T01:51:39.013+0000] {logging_mixin.py:188} INFO - [2024-07-13T01:51:39.013+0000] {dag.py:3954} INFO - Setting next_dagrun for example_trigger_target_dag to None, run_after=None
[2024-07-13T01:51:39.053+0000] {processor.py:183} INFO - Processing /home/airflow/.local/lib/python3.12/site-packages/airflow/example_dags/example_trigger_target_dag.py took 0.125 seconds
[2024-07-13T01:52:09.507+0000] {processor.py:161} INFO - Started process (PID=1138) to work on /home/airflow/.local/lib/python3.12/site-packages/airflow/example_dags/example_trigger_target_dag.py
[2024-07-13T01:52:09.509+0000] {processor.py:830} INFO - Processing file /home/airflow/.local/lib/python3.12/site-packages/airflow/example_dags/example_trigger_target_dag.py for tasks to queue
[2024-07-13T01:52:09.511+0000] {logging_mixin.py:188} INFO - [2024-07-13T01:52:09.511+0000] {dagbag.py:545} INFO - Filling up the DagBag from /home/airflow/.local/lib/python3.12/site-packages/airflow/example_dags/example_trigger_target_dag.py
[2024-07-13T01:52:09.517+0000] {processor.py:840} INFO - DAG(s) 'example_trigger_target_dag' retrieved from /home/airflow/.local/lib/python3.12/site-packages/airflow/example_dags/example_trigger_target_dag.py
[2024-07-13T01:52:09.535+0000] {logging_mixin.py:188} INFO - [2024-07-13T01:52:09.535+0000] {dag.py:3096} INFO - Sync 1 DAGs
[2024-07-13T01:52:09.549+0000] {logging_mixin.py:188} INFO - [2024-07-13T01:52:09.549+0000] {dag.py:3954} INFO - Setting next_dagrun for example_trigger_target_dag to None, run_after=None
[2024-07-13T01:52:09.577+0000] {processor.py:183} INFO - Processing /home/airflow/.local/lib/python3.12/site-packages/airflow/example_dags/example_trigger_target_dag.py took 0.079 seconds
[2024-07-13T01:52:40.102+0000] {processor.py:161} INFO - Started process (PID=1199) to work on /home/airflow/.local/lib/python3.12/site-packages/airflow/example_dags/example_trigger_target_dag.py
[2024-07-13T01:52:40.103+0000] {processor.py:830} INFO - Processing file /home/airflow/.local/lib/python3.12/site-packages/airflow/example_dags/example_trigger_target_dag.py for tasks to queue
[2024-07-13T01:52:40.104+0000] {logging_mixin.py:188} INFO - [2024-07-13T01:52:40.104+0000] {dagbag.py:545} INFO - Filling up the DagBag from /home/airflow/.local/lib/python3.12/site-packages/airflow/example_dags/example_trigger_target_dag.py
[2024-07-13T01:52:40.110+0000] {processor.py:840} INFO - DAG(s) 'example_trigger_target_dag' retrieved from /home/airflow/.local/lib/python3.12/site-packages/airflow/example_dags/example_trigger_target_dag.py
[2024-07-13T01:52:40.129+0000] {logging_mixin.py:188} INFO - [2024-07-13T01:52:40.129+0000] {dag.py:3096} INFO - Sync 1 DAGs
[2024-07-13T01:52:40.145+0000] {logging_mixin.py:188} INFO - [2024-07-13T01:52:40.145+0000] {dag.py:3954} INFO - Setting next_dagrun for example_trigger_target_dag to None, run_after=None
[2024-07-13T01:52:40.171+0000] {processor.py:183} INFO - Processing /home/airflow/.local/lib/python3.12/site-packages/airflow/example_dags/example_trigger_target_dag.py took 0.075 seconds
[2024-07-13T01:53:10.420+0000] {processor.py:161} INFO - Started process (PID=1260) to work on /home/airflow/.local/lib/python3.12/site-packages/airflow/example_dags/example_trigger_target_dag.py
[2024-07-13T01:53:10.425+0000] {processor.py:830} INFO - Processing file /home/airflow/.local/lib/python3.12/site-packages/airflow/example_dags/example_trigger_target_dag.py for tasks to queue
[2024-07-13T01:53:10.426+0000] {logging_mixin.py:188} INFO - [2024-07-13T01:53:10.426+0000] {dagbag.py:545} INFO - Filling up the DagBag from /home/airflow/.local/lib/python3.12/site-packages/airflow/example_dags/example_trigger_target_dag.py
[2024-07-13T01:53:10.432+0000] {processor.py:840} INFO - DAG(s) 'example_trigger_target_dag' retrieved from /home/airflow/.local/lib/python3.12/site-packages/airflow/example_dags/example_trigger_target_dag.py
[2024-07-13T01:53:10.462+0000] {logging_mixin.py:188} INFO - [2024-07-13T01:53:10.462+0000] {dag.py:3096} INFO - Sync 1 DAGs
[2024-07-13T01:53:10.493+0000] {logging_mixin.py:188} INFO - [2024-07-13T01:53:10.493+0000] {dag.py:3954} INFO - Setting next_dagrun for example_trigger_target_dag to None, run_after=None
[2024-07-13T01:53:10.534+0000] {processor.py:183} INFO - Processing /home/airflow/.local/lib/python3.12/site-packages/airflow/example_dags/example_trigger_target_dag.py took 0.123 seconds
[2024-07-13T01:53:40.668+0000] {processor.py:161} INFO - Started process (PID=1320) to work on /home/airflow/.local/lib/python3.12/site-packages/airflow/example_dags/example_trigger_target_dag.py
[2024-07-13T01:53:40.669+0000] {processor.py:830} INFO - Processing file /home/airflow/.local/lib/python3.12/site-packages/airflow/example_dags/example_trigger_target_dag.py for tasks to queue
[2024-07-13T01:53:40.670+0000] {logging_mixin.py:188} INFO - [2024-07-13T01:53:40.670+0000] {dagbag.py:545} INFO - Filling up the DagBag from /home/airflow/.local/lib/python3.12/site-packages/airflow/example_dags/example_trigger_target_dag.py
[2024-07-13T01:53:40.674+0000] {processor.py:840} INFO - DAG(s) 'example_trigger_target_dag' retrieved from /home/airflow/.local/lib/python3.12/site-packages/airflow/example_dags/example_trigger_target_dag.py
[2024-07-13T01:53:40.689+0000] {logging_mixin.py:188} INFO - [2024-07-13T01:53:40.689+0000] {dag.py:3096} INFO - Sync 1 DAGs
[2024-07-13T01:53:40.702+0000] {logging_mixin.py:188} INFO - [2024-07-13T01:53:40.702+0000] {dag.py:3954} INFO - Setting next_dagrun for example_trigger_target_dag to None, run_after=None
[2024-07-13T01:53:40.730+0000] {processor.py:183} INFO - Processing /home/airflow/.local/lib/python3.12/site-packages/airflow/example_dags/example_trigger_target_dag.py took 0.066 seconds
[2024-07-13T01:54:11.291+0000] {processor.py:161} INFO - Started process (PID=1382) to work on /home/airflow/.local/lib/python3.12/site-packages/airflow/example_dags/example_trigger_target_dag.py
[2024-07-13T01:54:11.292+0000] {processor.py:830} INFO - Processing file /home/airflow/.local/lib/python3.12/site-packages/airflow/example_dags/example_trigger_target_dag.py for tasks to queue
[2024-07-13T01:54:11.294+0000] {logging_mixin.py:188} INFO - [2024-07-13T01:54:11.293+0000] {dagbag.py:545} INFO - Filling up the DagBag from /home/airflow/.local/lib/python3.12/site-packages/airflow/example_dags/example_trigger_target_dag.py
[2024-07-13T01:54:11.300+0000] {processor.py:840} INFO - DAG(s) 'example_trigger_target_dag' retrieved from /home/airflow/.local/lib/python3.12/site-packages/airflow/example_dags/example_trigger_target_dag.py
[2024-07-13T01:54:11.317+0000] {logging_mixin.py:188} INFO - [2024-07-13T01:54:11.316+0000] {dag.py:3096} INFO - Sync 1 DAGs
[2024-07-13T01:54:11.331+0000] {logging_mixin.py:188} INFO - [2024-07-13T01:54:11.331+0000] {dag.py:3954} INFO - Setting next_dagrun for example_trigger_target_dag to None, run_after=None
[2024-07-13T01:54:11.359+0000] {processor.py:183} INFO - Processing /home/airflow/.local/lib/python3.12/site-packages/airflow/example_dags/example_trigger_target_dag.py took 0.078 seconds
[2024-07-13T01:54:41.524+0000] {processor.py:161} INFO - Started process (PID=1445) to work on /home/airflow/.local/lib/python3.12/site-packages/airflow/example_dags/example_trigger_target_dag.py
[2024-07-13T01:54:41.525+0000] {processor.py:830} INFO - Processing file /home/airflow/.local/lib/python3.12/site-packages/airflow/example_dags/example_trigger_target_dag.py for tasks to queue
[2024-07-13T01:54:41.527+0000] {logging_mixin.py:188} INFO - [2024-07-13T01:54:41.526+0000] {dagbag.py:545} INFO - Filling up the DagBag from /home/airflow/.local/lib/python3.12/site-packages/airflow/example_dags/example_trigger_target_dag.py
[2024-07-13T01:54:41.534+0000] {processor.py:840} INFO - DAG(s) 'example_trigger_target_dag' retrieved from /home/airflow/.local/lib/python3.12/site-packages/airflow/example_dags/example_trigger_target_dag.py
[2024-07-13T01:54:41.553+0000] {logging_mixin.py:188} INFO - [2024-07-13T01:54:41.553+0000] {dag.py:3096} INFO - Sync 1 DAGs
[2024-07-13T01:54:41.567+0000] {logging_mixin.py:188} INFO - [2024-07-13T01:54:41.567+0000] {dag.py:3954} INFO - Setting next_dagrun for example_trigger_target_dag to None, run_after=None
[2024-07-13T01:54:41.593+0000] {processor.py:183} INFO - Processing /home/airflow/.local/lib/python3.12/site-packages/airflow/example_dags/example_trigger_target_dag.py took 0.080 seconds
[2024-07-13T01:55:11.674+0000] {processor.py:161} INFO - Started process (PID=1505) to work on /home/airflow/.local/lib/python3.12/site-packages/airflow/example_dags/example_trigger_target_dag.py
[2024-07-13T01:55:11.675+0000] {processor.py:830} INFO - Processing file /home/airflow/.local/lib/python3.12/site-packages/airflow/example_dags/example_trigger_target_dag.py for tasks to queue
[2024-07-13T01:55:11.676+0000] {logging_mixin.py:188} INFO - [2024-07-13T01:55:11.676+0000] {dagbag.py:545} INFO - Filling up the DagBag from /home/airflow/.local/lib/python3.12/site-packages/airflow/example_dags/example_trigger_target_dag.py
[2024-07-13T01:55:11.681+0000] {processor.py:840} INFO - DAG(s) 'example_trigger_target_dag' retrieved from /home/airflow/.local/lib/python3.12/site-packages/airflow/example_dags/example_trigger_target_dag.py
[2024-07-13T01:55:11.696+0000] {logging_mixin.py:188} INFO - [2024-07-13T01:55:11.696+0000] {dag.py:3096} INFO - Sync 1 DAGs
[2024-07-13T01:55:11.713+0000] {logging_mixin.py:188} INFO - [2024-07-13T01:55:11.713+0000] {dag.py:3954} INFO - Setting next_dagrun for example_trigger_target_dag to None, run_after=None
[2024-07-13T01:55:11.738+0000] {processor.py:183} INFO - Processing /home/airflow/.local/lib/python3.12/site-packages/airflow/example_dags/example_trigger_target_dag.py took 0.069 seconds
[2024-07-13T01:55:42.282+0000] {processor.py:161} INFO - Started process (PID=1568) to work on /home/airflow/.local/lib/python3.12/site-packages/airflow/example_dags/example_trigger_target_dag.py
[2024-07-13T01:55:42.283+0000] {processor.py:830} INFO - Processing file /home/airflow/.local/lib/python3.12/site-packages/airflow/example_dags/example_trigger_target_dag.py for tasks to queue
[2024-07-13T01:55:42.285+0000] {logging_mixin.py:188} INFO - [2024-07-13T01:55:42.285+0000] {dagbag.py:545} INFO - Filling up the DagBag from /home/airflow/.local/lib/python3.12/site-packages/airflow/example_dags/example_trigger_target_dag.py
[2024-07-13T01:55:42.291+0000] {processor.py:840} INFO - DAG(s) 'example_trigger_target_dag' retrieved from /home/airflow/.local/lib/python3.12/site-packages/airflow/example_dags/example_trigger_target_dag.py
[2024-07-13T01:55:42.312+0000] {logging_mixin.py:188} INFO - [2024-07-13T01:55:42.312+0000] {dag.py:3096} INFO - Sync 1 DAGs
[2024-07-13T01:55:42.326+0000] {logging_mixin.py:188} INFO - [2024-07-13T01:55:42.325+0000] {dag.py:3954} INFO - Setting next_dagrun for example_trigger_target_dag to None, run_after=None
[2024-07-13T01:55:42.351+0000] {processor.py:183} INFO - Processing /home/airflow/.local/lib/python3.12/site-packages/airflow/example_dags/example_trigger_target_dag.py took 0.075 seconds
[2024-07-13T01:56:12.980+0000] {processor.py:161} INFO - Started process (PID=1627) to work on /home/airflow/.local/lib/python3.12/site-packages/airflow/example_dags/example_trigger_target_dag.py
[2024-07-13T01:56:12.981+0000] {processor.py:830} INFO - Processing file /home/airflow/.local/lib/python3.12/site-packages/airflow/example_dags/example_trigger_target_dag.py for tasks to queue
[2024-07-13T01:56:12.983+0000] {logging_mixin.py:188} INFO - [2024-07-13T01:56:12.982+0000] {dagbag.py:545} INFO - Filling up the DagBag from /home/airflow/.local/lib/python3.12/site-packages/airflow/example_dags/example_trigger_target_dag.py
[2024-07-13T01:56:12.988+0000] {processor.py:840} INFO - DAG(s) 'example_trigger_target_dag' retrieved from /home/airflow/.local/lib/python3.12/site-packages/airflow/example_dags/example_trigger_target_dag.py
[2024-07-13T01:56:13.008+0000] {logging_mixin.py:188} INFO - [2024-07-13T01:56:13.008+0000] {dag.py:3096} INFO - Sync 1 DAGs
[2024-07-13T01:56:13.022+0000] {logging_mixin.py:188} INFO - [2024-07-13T01:56:13.022+0000] {dag.py:3954} INFO - Setting next_dagrun for example_trigger_target_dag to None, run_after=None
[2024-07-13T01:56:13.050+0000] {processor.py:183} INFO - Processing /home/airflow/.local/lib/python3.12/site-packages/airflow/example_dags/example_trigger_target_dag.py took 0.078 seconds
[2024-07-13T02:00:40.536+0000] {processor.py:161} INFO - Started process (PID=44) to work on /home/airflow/.local/lib/python3.12/site-packages/airflow/example_dags/example_trigger_target_dag.py
[2024-07-13T02:00:40.543+0000] {processor.py:830} INFO - Processing file /home/airflow/.local/lib/python3.12/site-packages/airflow/example_dags/example_trigger_target_dag.py for tasks to queue
[2024-07-13T02:00:40.546+0000] {logging_mixin.py:188} INFO - [2024-07-13T02:00:40.546+0000] {dagbag.py:545} INFO - Filling up the DagBag from /home/airflow/.local/lib/python3.12/site-packages/airflow/example_dags/example_trigger_target_dag.py
[2024-07-13T02:00:40.586+0000] {processor.py:840} INFO - DAG(s) 'example_trigger_target_dag' retrieved from /home/airflow/.local/lib/python3.12/site-packages/airflow/example_dags/example_trigger_target_dag.py
[2024-07-13T02:00:40.839+0000] {logging_mixin.py:188} INFO - [2024-07-13T02:00:40.839+0000] {dag.py:3096} INFO - Sync 1 DAGs
[2024-07-13T02:00:40.865+0000] {logging_mixin.py:188} INFO - [2024-07-13T02:00:40.865+0000] {dag.py:3954} INFO - Setting next_dagrun for example_trigger_target_dag to None, run_after=None
[2024-07-13T02:00:40.946+0000] {processor.py:183} INFO - Processing /home/airflow/.local/lib/python3.12/site-packages/airflow/example_dags/example_trigger_target_dag.py took 0.437 seconds
[2024-07-13T02:01:11.243+0000] {processor.py:161} INFO - Started process (PID=102) to work on /home/airflow/.local/lib/python3.12/site-packages/airflow/example_dags/example_trigger_target_dag.py
[2024-07-13T02:01:11.244+0000] {processor.py:830} INFO - Processing file /home/airflow/.local/lib/python3.12/site-packages/airflow/example_dags/example_trigger_target_dag.py for tasks to queue
[2024-07-13T02:01:11.246+0000] {logging_mixin.py:188} INFO - [2024-07-13T02:01:11.246+0000] {dagbag.py:545} INFO - Filling up the DagBag from /home/airflow/.local/lib/python3.12/site-packages/airflow/example_dags/example_trigger_target_dag.py
[2024-07-13T02:01:11.283+0000] {processor.py:840} INFO - DAG(s) 'example_trigger_target_dag' retrieved from /home/airflow/.local/lib/python3.12/site-packages/airflow/example_dags/example_trigger_target_dag.py
[2024-07-13T02:01:11.361+0000] {logging_mixin.py:188} INFO - [2024-07-13T02:01:11.361+0000] {dag.py:3096} INFO - Sync 1 DAGs
[2024-07-13T02:01:11.410+0000] {logging_mixin.py:188} INFO - [2024-07-13T02:01:11.409+0000] {dag.py:3954} INFO - Setting next_dagrun for example_trigger_target_dag to None, run_after=None
[2024-07-13T02:01:11.539+0000] {processor.py:183} INFO - Processing /home/airflow/.local/lib/python3.12/site-packages/airflow/example_dags/example_trigger_target_dag.py took 0.319 seconds
[2024-07-13T02:01:42.175+0000] {processor.py:161} INFO - Started process (PID=166) to work on /home/airflow/.local/lib/python3.12/site-packages/airflow/example_dags/example_trigger_target_dag.py
[2024-07-13T02:01:42.176+0000] {processor.py:830} INFO - Processing file /home/airflow/.local/lib/python3.12/site-packages/airflow/example_dags/example_trigger_target_dag.py for tasks to queue
[2024-07-13T02:01:42.177+0000] {logging_mixin.py:188} INFO - [2024-07-13T02:01:42.176+0000] {dagbag.py:545} INFO - Filling up the DagBag from /home/airflow/.local/lib/python3.12/site-packages/airflow/example_dags/example_trigger_target_dag.py
[2024-07-13T02:01:42.184+0000] {processor.py:840} INFO - DAG(s) 'example_trigger_target_dag' retrieved from /home/airflow/.local/lib/python3.12/site-packages/airflow/example_dags/example_trigger_target_dag.py
[2024-07-13T02:01:42.205+0000] {logging_mixin.py:188} INFO - [2024-07-13T02:01:42.205+0000] {dag.py:3096} INFO - Sync 1 DAGs
[2024-07-13T02:01:42.219+0000] {logging_mixin.py:188} INFO - [2024-07-13T02:01:42.219+0000] {dag.py:3954} INFO - Setting next_dagrun for example_trigger_target_dag to None, run_after=None
[2024-07-13T02:01:42.242+0000] {processor.py:183} INFO - Processing /home/airflow/.local/lib/python3.12/site-packages/airflow/example_dags/example_trigger_target_dag.py took 0.072 seconds
[2024-07-13T02:02:12.487+0000] {processor.py:161} INFO - Started process (PID=228) to work on /home/airflow/.local/lib/python3.12/site-packages/airflow/example_dags/example_trigger_target_dag.py
[2024-07-13T02:02:12.494+0000] {processor.py:830} INFO - Processing file /home/airflow/.local/lib/python3.12/site-packages/airflow/example_dags/example_trigger_target_dag.py for tasks to queue
[2024-07-13T02:02:12.495+0000] {logging_mixin.py:188} INFO - [2024-07-13T02:02:12.495+0000] {dagbag.py:545} INFO - Filling up the DagBag from /home/airflow/.local/lib/python3.12/site-packages/airflow/example_dags/example_trigger_target_dag.py
[2024-07-13T02:02:12.500+0000] {processor.py:840} INFO - DAG(s) 'example_trigger_target_dag' retrieved from /home/airflow/.local/lib/python3.12/site-packages/airflow/example_dags/example_trigger_target_dag.py
[2024-07-13T02:02:12.520+0000] {logging_mixin.py:188} INFO - [2024-07-13T02:02:12.520+0000] {dag.py:3096} INFO - Sync 1 DAGs
[2024-07-13T02:02:12.539+0000] {logging_mixin.py:188} INFO - [2024-07-13T02:02:12.539+0000] {dag.py:3954} INFO - Setting next_dagrun for example_trigger_target_dag to None, run_after=None
[2024-07-13T02:02:12.572+0000] {processor.py:183} INFO - Processing /home/airflow/.local/lib/python3.12/site-packages/airflow/example_dags/example_trigger_target_dag.py took 0.092 seconds
[2024-07-13T02:02:42.692+0000] {processor.py:161} INFO - Started process (PID=290) to work on /home/airflow/.local/lib/python3.12/site-packages/airflow/example_dags/example_trigger_target_dag.py
[2024-07-13T02:02:42.693+0000] {processor.py:830} INFO - Processing file /home/airflow/.local/lib/python3.12/site-packages/airflow/example_dags/example_trigger_target_dag.py for tasks to queue
[2024-07-13T02:02:42.694+0000] {logging_mixin.py:188} INFO - [2024-07-13T02:02:42.694+0000] {dagbag.py:545} INFO - Filling up the DagBag from /home/airflow/.local/lib/python3.12/site-packages/airflow/example_dags/example_trigger_target_dag.py
[2024-07-13T02:02:42.700+0000] {processor.py:840} INFO - DAG(s) 'example_trigger_target_dag' retrieved from /home/airflow/.local/lib/python3.12/site-packages/airflow/example_dags/example_trigger_target_dag.py
[2024-07-13T02:02:42.736+0000] {logging_mixin.py:188} INFO - [2024-07-13T02:02:42.735+0000] {dag.py:3096} INFO - Sync 1 DAGs
[2024-07-13T02:02:42.746+0000] {logging_mixin.py:188} INFO - [2024-07-13T02:02:42.745+0000] {dag.py:3954} INFO - Setting next_dagrun for example_trigger_target_dag to None, run_after=None
[2024-07-13T02:02:42.772+0000] {processor.py:183} INFO - Processing /home/airflow/.local/lib/python3.12/site-packages/airflow/example_dags/example_trigger_target_dag.py took 0.085 seconds
[2024-07-13T02:03:12.953+0000] {processor.py:161} INFO - Started process (PID=351) to work on /home/airflow/.local/lib/python3.12/site-packages/airflow/example_dags/example_trigger_target_dag.py
[2024-07-13T02:03:12.954+0000] {processor.py:830} INFO - Processing file /home/airflow/.local/lib/python3.12/site-packages/airflow/example_dags/example_trigger_target_dag.py for tasks to queue
[2024-07-13T02:03:12.955+0000] {logging_mixin.py:188} INFO - [2024-07-13T02:03:12.954+0000] {dagbag.py:545} INFO - Filling up the DagBag from /home/airflow/.local/lib/python3.12/site-packages/airflow/example_dags/example_trigger_target_dag.py
[2024-07-13T02:03:12.962+0000] {processor.py:840} INFO - DAG(s) 'example_trigger_target_dag' retrieved from /home/airflow/.local/lib/python3.12/site-packages/airflow/example_dags/example_trigger_target_dag.py
[2024-07-13T02:03:12.986+0000] {logging_mixin.py:188} INFO - [2024-07-13T02:03:12.986+0000] {dag.py:3096} INFO - Sync 1 DAGs
[2024-07-13T02:03:13.001+0000] {logging_mixin.py:188} INFO - [2024-07-13T02:03:13.001+0000] {dag.py:3954} INFO - Setting next_dagrun for example_trigger_target_dag to None, run_after=None
[2024-07-13T02:03:13.031+0000] {processor.py:183} INFO - Processing /home/airflow/.local/lib/python3.12/site-packages/airflow/example_dags/example_trigger_target_dag.py took 0.084 seconds
[2024-07-13T02:03:43.596+0000] {processor.py:161} INFO - Started process (PID=411) to work on /home/airflow/.local/lib/python3.12/site-packages/airflow/example_dags/example_trigger_target_dag.py
[2024-07-13T02:03:43.597+0000] {processor.py:830} INFO - Processing file /home/airflow/.local/lib/python3.12/site-packages/airflow/example_dags/example_trigger_target_dag.py for tasks to queue
[2024-07-13T02:03:43.598+0000] {logging_mixin.py:188} INFO - [2024-07-13T02:03:43.597+0000] {dagbag.py:545} INFO - Filling up the DagBag from /home/airflow/.local/lib/python3.12/site-packages/airflow/example_dags/example_trigger_target_dag.py
[2024-07-13T02:03:43.603+0000] {processor.py:840} INFO - DAG(s) 'example_trigger_target_dag' retrieved from /home/airflow/.local/lib/python3.12/site-packages/airflow/example_dags/example_trigger_target_dag.py
[2024-07-13T02:03:43.624+0000] {logging_mixin.py:188} INFO - [2024-07-13T02:03:43.624+0000] {dag.py:3096} INFO - Sync 1 DAGs
[2024-07-13T02:03:43.638+0000] {logging_mixin.py:188} INFO - [2024-07-13T02:03:43.637+0000] {dag.py:3954} INFO - Setting next_dagrun for example_trigger_target_dag to None, run_after=None
[2024-07-13T02:03:43.667+0000] {processor.py:183} INFO - Processing /home/airflow/.local/lib/python3.12/site-packages/airflow/example_dags/example_trigger_target_dag.py took 0.076 seconds
[2024-07-13T02:04:13.746+0000] {processor.py:161} INFO - Started process (PID=472) to work on /home/airflow/.local/lib/python3.12/site-packages/airflow/example_dags/example_trigger_target_dag.py
[2024-07-13T02:04:13.747+0000] {processor.py:830} INFO - Processing file /home/airflow/.local/lib/python3.12/site-packages/airflow/example_dags/example_trigger_target_dag.py for tasks to queue
[2024-07-13T02:04:13.747+0000] {logging_mixin.py:188} INFO - [2024-07-13T02:04:13.747+0000] {dagbag.py:545} INFO - Filling up the DagBag from /home/airflow/.local/lib/python3.12/site-packages/airflow/example_dags/example_trigger_target_dag.py
[2024-07-13T02:04:13.752+0000] {processor.py:840} INFO - DAG(s) 'example_trigger_target_dag' retrieved from /home/airflow/.local/lib/python3.12/site-packages/airflow/example_dags/example_trigger_target_dag.py
[2024-07-13T02:04:13.774+0000] {logging_mixin.py:188} INFO - [2024-07-13T02:04:13.774+0000] {dag.py:3096} INFO - Sync 1 DAGs
[2024-07-13T02:04:13.785+0000] {logging_mixin.py:188} INFO - [2024-07-13T02:04:13.785+0000] {dag.py:3954} INFO - Setting next_dagrun for example_trigger_target_dag to None, run_after=None
[2024-07-13T02:04:13.807+0000] {processor.py:183} INFO - Processing /home/airflow/.local/lib/python3.12/site-packages/airflow/example_dags/example_trigger_target_dag.py took 0.065 seconds
[2024-07-13T02:04:44.207+0000] {processor.py:161} INFO - Started process (PID=533) to work on /home/airflow/.local/lib/python3.12/site-packages/airflow/example_dags/example_trigger_target_dag.py
[2024-07-13T02:04:44.208+0000] {processor.py:830} INFO - Processing file /home/airflow/.local/lib/python3.12/site-packages/airflow/example_dags/example_trigger_target_dag.py for tasks to queue
[2024-07-13T02:04:44.208+0000] {logging_mixin.py:188} INFO - [2024-07-13T02:04:44.208+0000] {dagbag.py:545} INFO - Filling up the DagBag from /home/airflow/.local/lib/python3.12/site-packages/airflow/example_dags/example_trigger_target_dag.py
[2024-07-13T02:04:44.219+0000] {processor.py:840} INFO - DAG(s) 'example_trigger_target_dag' retrieved from /home/airflow/.local/lib/python3.12/site-packages/airflow/example_dags/example_trigger_target_dag.py
[2024-07-13T02:04:44.240+0000] {logging_mixin.py:188} INFO - [2024-07-13T02:04:44.239+0000] {dag.py:3096} INFO - Sync 1 DAGs
[2024-07-13T02:04:44.253+0000] {logging_mixin.py:188} INFO - [2024-07-13T02:04:44.253+0000] {dag.py:3954} INFO - Setting next_dagrun for example_trigger_target_dag to None, run_after=None
[2024-07-13T02:04:44.289+0000] {processor.py:183} INFO - Processing /home/airflow/.local/lib/python3.12/site-packages/airflow/example_dags/example_trigger_target_dag.py took 0.088 seconds
[2024-07-13T02:05:14.940+0000] {processor.py:161} INFO - Started process (PID=594) to work on /home/airflow/.local/lib/python3.12/site-packages/airflow/example_dags/example_trigger_target_dag.py
[2024-07-13T02:05:14.945+0000] {processor.py:830} INFO - Processing file /home/airflow/.local/lib/python3.12/site-packages/airflow/example_dags/example_trigger_target_dag.py for tasks to queue
[2024-07-13T02:05:14.946+0000] {logging_mixin.py:188} INFO - [2024-07-13T02:05:14.945+0000] {dagbag.py:545} INFO - Filling up the DagBag from /home/airflow/.local/lib/python3.12/site-packages/airflow/example_dags/example_trigger_target_dag.py
[2024-07-13T02:05:14.952+0000] {processor.py:840} INFO - DAG(s) 'example_trigger_target_dag' retrieved from /home/airflow/.local/lib/python3.12/site-packages/airflow/example_dags/example_trigger_target_dag.py
[2024-07-13T02:05:15.005+0000] {logging_mixin.py:188} INFO - [2024-07-13T02:05:15.005+0000] {dag.py:3096} INFO - Sync 1 DAGs
[2024-07-13T02:05:15.035+0000] {logging_mixin.py:188} INFO - [2024-07-13T02:05:15.035+0000] {dag.py:3954} INFO - Setting next_dagrun for example_trigger_target_dag to None, run_after=None
[2024-07-13T02:05:15.677+0000] {processor.py:183} INFO - Processing /home/airflow/.local/lib/python3.12/site-packages/airflow/example_dags/example_trigger_target_dag.py took 0.760 seconds
[2024-07-13T02:05:45.803+0000] {processor.py:161} INFO - Started process (PID=655) to work on /home/airflow/.local/lib/python3.12/site-packages/airflow/example_dags/example_trigger_target_dag.py
[2024-07-13T02:05:45.804+0000] {processor.py:830} INFO - Processing file /home/airflow/.local/lib/python3.12/site-packages/airflow/example_dags/example_trigger_target_dag.py for tasks to queue
[2024-07-13T02:05:45.805+0000] {logging_mixin.py:188} INFO - [2024-07-13T02:05:45.805+0000] {dagbag.py:545} INFO - Filling up the DagBag from /home/airflow/.local/lib/python3.12/site-packages/airflow/example_dags/example_trigger_target_dag.py
[2024-07-13T02:05:45.811+0000] {processor.py:840} INFO - DAG(s) 'example_trigger_target_dag' retrieved from /home/airflow/.local/lib/python3.12/site-packages/airflow/example_dags/example_trigger_target_dag.py
[2024-07-13T02:05:45.832+0000] {logging_mixin.py:188} INFO - [2024-07-13T02:05:45.832+0000] {dag.py:3096} INFO - Sync 1 DAGs
[2024-07-13T02:05:45.846+0000] {logging_mixin.py:188} INFO - [2024-07-13T02:05:45.845+0000] {dag.py:3954} INFO - Setting next_dagrun for example_trigger_target_dag to None, run_after=None
[2024-07-13T02:05:46.053+0000] {processor.py:183} INFO - Processing /home/airflow/.local/lib/python3.12/site-packages/airflow/example_dags/example_trigger_target_dag.py took 0.260 seconds
[2024-07-13T02:06:16.298+0000] {processor.py:161} INFO - Started process (PID=716) to work on /home/airflow/.local/lib/python3.12/site-packages/airflow/example_dags/example_trigger_target_dag.py
[2024-07-13T02:06:16.299+0000] {processor.py:830} INFO - Processing file /home/airflow/.local/lib/python3.12/site-packages/airflow/example_dags/example_trigger_target_dag.py for tasks to queue
[2024-07-13T02:06:16.300+0000] {logging_mixin.py:188} INFO - [2024-07-13T02:06:16.299+0000] {dagbag.py:545} INFO - Filling up the DagBag from /home/airflow/.local/lib/python3.12/site-packages/airflow/example_dags/example_trigger_target_dag.py
[2024-07-13T02:06:16.306+0000] {processor.py:840} INFO - DAG(s) 'example_trigger_target_dag' retrieved from /home/airflow/.local/lib/python3.12/site-packages/airflow/example_dags/example_trigger_target_dag.py
[2024-07-13T02:06:16.326+0000] {logging_mixin.py:188} INFO - [2024-07-13T02:06:16.326+0000] {dag.py:3096} INFO - Sync 1 DAGs
[2024-07-13T02:06:16.339+0000] {logging_mixin.py:188} INFO - [2024-07-13T02:06:16.339+0000] {dag.py:3954} INFO - Setting next_dagrun for example_trigger_target_dag to None, run_after=None
[2024-07-13T02:06:16.516+0000] {processor.py:183} INFO - Processing /home/airflow/.local/lib/python3.12/site-packages/airflow/example_dags/example_trigger_target_dag.py took 0.224 seconds
[2024-07-13T02:06:47.392+0000] {processor.py:161} INFO - Started process (PID=777) to work on /home/airflow/.local/lib/python3.12/site-packages/airflow/example_dags/example_trigger_target_dag.py
[2024-07-13T02:06:47.394+0000] {processor.py:830} INFO - Processing file /home/airflow/.local/lib/python3.12/site-packages/airflow/example_dags/example_trigger_target_dag.py for tasks to queue
[2024-07-13T02:06:47.395+0000] {logging_mixin.py:188} INFO - [2024-07-13T02:06:47.394+0000] {dagbag.py:545} INFO - Filling up the DagBag from /home/airflow/.local/lib/python3.12/site-packages/airflow/example_dags/example_trigger_target_dag.py
[2024-07-13T02:06:47.401+0000] {processor.py:840} INFO - DAG(s) 'example_trigger_target_dag' retrieved from /home/airflow/.local/lib/python3.12/site-packages/airflow/example_dags/example_trigger_target_dag.py
[2024-07-13T02:06:47.422+0000] {logging_mixin.py:188} INFO - [2024-07-13T02:06:47.422+0000] {dag.py:3096} INFO - Sync 1 DAGs
[2024-07-13T02:06:47.441+0000] {logging_mixin.py:188} INFO - [2024-07-13T02:06:47.441+0000] {dag.py:3954} INFO - Setting next_dagrun for example_trigger_target_dag to None, run_after=None
[2024-07-13T02:06:47.468+0000] {processor.py:183} INFO - Processing /home/airflow/.local/lib/python3.12/site-packages/airflow/example_dags/example_trigger_target_dag.py took 0.082 seconds
[2024-07-13T02:07:17.876+0000] {processor.py:161} INFO - Started process (PID=839) to work on /home/airflow/.local/lib/python3.12/site-packages/airflow/example_dags/example_trigger_target_dag.py
[2024-07-13T02:07:17.880+0000] {processor.py:830} INFO - Processing file /home/airflow/.local/lib/python3.12/site-packages/airflow/example_dags/example_trigger_target_dag.py for tasks to queue
[2024-07-13T02:07:17.881+0000] {logging_mixin.py:188} INFO - [2024-07-13T02:07:17.880+0000] {dagbag.py:545} INFO - Filling up the DagBag from /home/airflow/.local/lib/python3.12/site-packages/airflow/example_dags/example_trigger_target_dag.py
[2024-07-13T02:07:17.887+0000] {processor.py:840} INFO - DAG(s) 'example_trigger_target_dag' retrieved from /home/airflow/.local/lib/python3.12/site-packages/airflow/example_dags/example_trigger_target_dag.py
[2024-07-13T02:07:17.908+0000] {logging_mixin.py:188} INFO - [2024-07-13T02:07:17.908+0000] {dag.py:3096} INFO - Sync 1 DAGs
[2024-07-13T02:07:17.921+0000] {logging_mixin.py:188} INFO - [2024-07-13T02:07:17.921+0000] {dag.py:3954} INFO - Setting next_dagrun for example_trigger_target_dag to None, run_after=None
[2024-07-13T02:07:17.950+0000] {processor.py:183} INFO - Processing /home/airflow/.local/lib/python3.12/site-packages/airflow/example_dags/example_trigger_target_dag.py took 0.083 seconds
[2024-07-13T02:07:48.235+0000] {processor.py:161} INFO - Started process (PID=900) to work on /home/airflow/.local/lib/python3.12/site-packages/airflow/example_dags/example_trigger_target_dag.py
[2024-07-13T02:07:48.239+0000] {processor.py:830} INFO - Processing file /home/airflow/.local/lib/python3.12/site-packages/airflow/example_dags/example_trigger_target_dag.py for tasks to queue
[2024-07-13T02:07:48.240+0000] {logging_mixin.py:188} INFO - [2024-07-13T02:07:48.240+0000] {dagbag.py:545} INFO - Filling up the DagBag from /home/airflow/.local/lib/python3.12/site-packages/airflow/example_dags/example_trigger_target_dag.py
[2024-07-13T02:07:48.251+0000] {processor.py:840} INFO - DAG(s) 'example_trigger_target_dag' retrieved from /home/airflow/.local/lib/python3.12/site-packages/airflow/example_dags/example_trigger_target_dag.py
[2024-07-13T02:07:48.271+0000] {logging_mixin.py:188} INFO - [2024-07-13T02:07:48.271+0000] {dag.py:3096} INFO - Sync 1 DAGs
[2024-07-13T02:07:48.285+0000] {logging_mixin.py:188} INFO - [2024-07-13T02:07:48.285+0000] {dag.py:3954} INFO - Setting next_dagrun for example_trigger_target_dag to None, run_after=None
[2024-07-13T02:07:48.322+0000] {processor.py:183} INFO - Processing /home/airflow/.local/lib/python3.12/site-packages/airflow/example_dags/example_trigger_target_dag.py took 0.096 seconds
[2024-07-13T02:08:18.873+0000] {processor.py:161} INFO - Started process (PID=962) to work on /home/airflow/.local/lib/python3.12/site-packages/airflow/example_dags/example_trigger_target_dag.py
[2024-07-13T02:08:18.882+0000] {processor.py:830} INFO - Processing file /home/airflow/.local/lib/python3.12/site-packages/airflow/example_dags/example_trigger_target_dag.py for tasks to queue
[2024-07-13T02:08:18.884+0000] {logging_mixin.py:188} INFO - [2024-07-13T02:08:18.883+0000] {dagbag.py:545} INFO - Filling up the DagBag from /home/airflow/.local/lib/python3.12/site-packages/airflow/example_dags/example_trigger_target_dag.py
[2024-07-13T02:08:18.894+0000] {processor.py:840} INFO - DAG(s) 'example_trigger_target_dag' retrieved from /home/airflow/.local/lib/python3.12/site-packages/airflow/example_dags/example_trigger_target_dag.py
[2024-07-13T02:08:18.944+0000] {logging_mixin.py:188} INFO - [2024-07-13T02:08:18.943+0000] {dag.py:3096} INFO - Sync 1 DAGs
[2024-07-13T02:08:18.985+0000] {logging_mixin.py:188} INFO - [2024-07-13T02:08:18.978+0000] {dag.py:3954} INFO - Setting next_dagrun for example_trigger_target_dag to None, run_after=None
[2024-07-13T02:08:19.057+0000] {processor.py:183} INFO - Processing /home/airflow/.local/lib/python3.12/site-packages/airflow/example_dags/example_trigger_target_dag.py took 0.190 seconds
[2024-07-13T02:08:49.633+0000] {processor.py:161} INFO - Started process (PID=1023) to work on /home/airflow/.local/lib/python3.12/site-packages/airflow/example_dags/example_trigger_target_dag.py
[2024-07-13T02:08:49.634+0000] {processor.py:830} INFO - Processing file /home/airflow/.local/lib/python3.12/site-packages/airflow/example_dags/example_trigger_target_dag.py for tasks to queue
[2024-07-13T02:08:49.635+0000] {logging_mixin.py:188} INFO - [2024-07-13T02:08:49.635+0000] {dagbag.py:545} INFO - Filling up the DagBag from /home/airflow/.local/lib/python3.12/site-packages/airflow/example_dags/example_trigger_target_dag.py
[2024-07-13T02:08:49.641+0000] {processor.py:840} INFO - DAG(s) 'example_trigger_target_dag' retrieved from /home/airflow/.local/lib/python3.12/site-packages/airflow/example_dags/example_trigger_target_dag.py
[2024-07-13T02:08:49.663+0000] {logging_mixin.py:188} INFO - [2024-07-13T02:08:49.663+0000] {dag.py:3096} INFO - Sync 1 DAGs
[2024-07-13T02:08:49.679+0000] {logging_mixin.py:188} INFO - [2024-07-13T02:08:49.679+0000] {dag.py:3954} INFO - Setting next_dagrun for example_trigger_target_dag to None, run_after=None
[2024-07-13T02:08:49.706+0000] {processor.py:183} INFO - Processing /home/airflow/.local/lib/python3.12/site-packages/airflow/example_dags/example_trigger_target_dag.py took 0.079 seconds
