[2024-07-13T01:30:44.320+0000] {processor.py:161} INFO - Started process (PID=48) to work on /home/airflow/.local/lib/python3.12/site-packages/airflow/example_dags/example_branch_operator.py
[2024-07-13T01:30:44.321+0000] {processor.py:830} INFO - Processing file /home/airflow/.local/lib/python3.12/site-packages/airflow/example_dags/example_branch_operator.py for tasks to queue
[2024-07-13T01:30:44.324+0000] {logging_mixin.py:188} INFO - [2024-07-13T01:30:44.323+0000] {dagbag.py:545} INFO - Filling up the DagBag from /home/airflow/.local/lib/python3.12/site-packages/airflow/example_dags/example_branch_operator.py
[2024-07-13T01:30:44.366+0000] {processor.py:840} INFO - DAG(s) 'example_branch_operator' retrieved from /home/airflow/.local/lib/python3.12/site-packages/airflow/example_dags/example_branch_operator.py
[2024-07-13T01:30:44.720+0000] {logging_mixin.py:188} INFO - [2024-07-13T01:30:44.720+0000] {dag.py:3096} INFO - Sync 1 DAGs
[2024-07-13T01:30:44.777+0000] {logging_mixin.py:188} INFO - [2024-07-13T01:30:44.776+0000] {dag.py:3954} INFO - Setting next_dagrun for example_branch_operator to 2024-07-12 00:00:00+00:00, run_after=2024-07-13 00:00:00+00:00
[2024-07-13T01:30:44.836+0000] {processor.py:183} INFO - Processing /home/airflow/.local/lib/python3.12/site-packages/airflow/example_dags/example_branch_operator.py took 0.523 seconds
[2024-07-13T01:31:15.498+0000] {processor.py:161} INFO - Started process (PID=106) to work on /home/airflow/.local/lib/python3.12/site-packages/airflow/example_dags/example_branch_operator.py
[2024-07-13T01:31:15.505+0000] {processor.py:830} INFO - Processing file /home/airflow/.local/lib/python3.12/site-packages/airflow/example_dags/example_branch_operator.py for tasks to queue
[2024-07-13T01:31:15.511+0000] {logging_mixin.py:188} INFO - [2024-07-13T01:31:15.510+0000] {dagbag.py:545} INFO - Filling up the DagBag from /home/airflow/.local/lib/python3.12/site-packages/airflow/example_dags/example_branch_operator.py
[2024-07-13T01:31:15.540+0000] {processor.py:840} INFO - DAG(s) 'example_branch_operator' retrieved from /home/airflow/.local/lib/python3.12/site-packages/airflow/example_dags/example_branch_operator.py
[2024-07-13T01:31:15.573+0000] {logging_mixin.py:188} INFO - [2024-07-13T01:31:15.572+0000] {dag.py:3096} INFO - Sync 1 DAGs
[2024-07-13T01:31:15.598+0000] {logging_mixin.py:188} INFO - [2024-07-13T01:31:15.598+0000] {dag.py:3954} INFO - Setting next_dagrun for example_branch_operator to 2024-07-12 00:00:00+00:00, run_after=2024-07-13 00:00:00+00:00
[2024-07-13T01:31:15.625+0000] {processor.py:183} INFO - Processing /home/airflow/.local/lib/python3.12/site-packages/airflow/example_dags/example_branch_operator.py took 0.140 seconds
[2024-07-13T01:31:46.363+0000] {processor.py:161} INFO - Started process (PID=167) to work on /home/airflow/.local/lib/python3.12/site-packages/airflow/example_dags/example_branch_operator.py
[2024-07-13T01:31:46.366+0000] {processor.py:830} INFO - Processing file /home/airflow/.local/lib/python3.12/site-packages/airflow/example_dags/example_branch_operator.py for tasks to queue
[2024-07-13T01:31:46.371+0000] {logging_mixin.py:188} INFO - [2024-07-13T01:31:46.371+0000] {dagbag.py:545} INFO - Filling up the DagBag from /home/airflow/.local/lib/python3.12/site-packages/airflow/example_dags/example_branch_operator.py
[2024-07-13T01:31:46.441+0000] {processor.py:840} INFO - DAG(s) 'example_branch_operator' retrieved from /home/airflow/.local/lib/python3.12/site-packages/airflow/example_dags/example_branch_operator.py
[2024-07-13T01:31:46.547+0000] {logging_mixin.py:188} INFO - [2024-07-13T01:31:46.547+0000] {dag.py:3096} INFO - Sync 1 DAGs
[2024-07-13T01:31:46.589+0000] {logging_mixin.py:188} INFO - [2024-07-13T01:31:46.589+0000] {dag.py:3954} INFO - Setting next_dagrun for example_branch_operator to 2024-07-12 00:00:00+00:00, run_after=2024-07-13 00:00:00+00:00
[2024-07-13T01:31:46.626+0000] {processor.py:183} INFO - Processing /home/airflow/.local/lib/python3.12/site-packages/airflow/example_dags/example_branch_operator.py took 0.286 seconds
[2024-07-13T01:32:17.501+0000] {processor.py:161} INFO - Started process (PID=234) to work on /home/airflow/.local/lib/python3.12/site-packages/airflow/example_dags/example_branch_operator.py
[2024-07-13T01:32:17.505+0000] {processor.py:830} INFO - Processing file /home/airflow/.local/lib/python3.12/site-packages/airflow/example_dags/example_branch_operator.py for tasks to queue
[2024-07-13T01:32:17.512+0000] {logging_mixin.py:188} INFO - [2024-07-13T01:32:17.510+0000] {dagbag.py:545} INFO - Filling up the DagBag from /home/airflow/.local/lib/python3.12/site-packages/airflow/example_dags/example_branch_operator.py
[2024-07-13T01:32:17.586+0000] {processor.py:840} INFO - DAG(s) 'example_branch_operator' retrieved from /home/airflow/.local/lib/python3.12/site-packages/airflow/example_dags/example_branch_operator.py
[2024-07-13T01:32:17.688+0000] {logging_mixin.py:188} INFO - [2024-07-13T01:32:17.688+0000] {dag.py:3096} INFO - Sync 1 DAGs
[2024-07-13T01:32:17.789+0000] {logging_mixin.py:188} INFO - [2024-07-13T01:32:17.787+0000] {dag.py:3954} INFO - Setting next_dagrun for example_branch_operator to 2024-07-12 00:00:00+00:00, run_after=2024-07-13 00:00:00+00:00
[2024-07-13T01:32:17.857+0000] {processor.py:183} INFO - Processing /home/airflow/.local/lib/python3.12/site-packages/airflow/example_dags/example_branch_operator.py took 0.374 seconds
[2024-07-13T01:32:48.104+0000] {processor.py:161} INFO - Started process (PID=295) to work on /home/airflow/.local/lib/python3.12/site-packages/airflow/example_dags/example_branch_operator.py
[2024-07-13T01:32:48.106+0000] {processor.py:830} INFO - Processing file /home/airflow/.local/lib/python3.12/site-packages/airflow/example_dags/example_branch_operator.py for tasks to queue
[2024-07-13T01:32:48.112+0000] {logging_mixin.py:188} INFO - [2024-07-13T01:32:48.111+0000] {dagbag.py:545} INFO - Filling up the DagBag from /home/airflow/.local/lib/python3.12/site-packages/airflow/example_dags/example_branch_operator.py
[2024-07-13T01:32:48.144+0000] {processor.py:840} INFO - DAG(s) 'example_branch_operator' retrieved from /home/airflow/.local/lib/python3.12/site-packages/airflow/example_dags/example_branch_operator.py
[2024-07-13T01:32:48.178+0000] {logging_mixin.py:188} INFO - [2024-07-13T01:32:48.177+0000] {dag.py:3096} INFO - Sync 1 DAGs
[2024-07-13T01:32:48.195+0000] {logging_mixin.py:188} INFO - [2024-07-13T01:32:48.195+0000] {dag.py:3954} INFO - Setting next_dagrun for example_branch_operator to 2024-07-12 00:00:00+00:00, run_after=2024-07-13 00:00:00+00:00
[2024-07-13T01:32:48.228+0000] {processor.py:183} INFO - Processing /home/airflow/.local/lib/python3.12/site-packages/airflow/example_dags/example_branch_operator.py took 0.152 seconds
[2024-07-13T01:33:18.847+0000] {processor.py:161} INFO - Started process (PID=355) to work on /home/airflow/.local/lib/python3.12/site-packages/airflow/example_dags/example_branch_operator.py
[2024-07-13T01:33:18.850+0000] {processor.py:830} INFO - Processing file /home/airflow/.local/lib/python3.12/site-packages/airflow/example_dags/example_branch_operator.py for tasks to queue
[2024-07-13T01:33:18.852+0000] {logging_mixin.py:188} INFO - [2024-07-13T01:33:18.852+0000] {dagbag.py:545} INFO - Filling up the DagBag from /home/airflow/.local/lib/python3.12/site-packages/airflow/example_dags/example_branch_operator.py
[2024-07-13T01:33:18.871+0000] {processor.py:840} INFO - DAG(s) 'example_branch_operator' retrieved from /home/airflow/.local/lib/python3.12/site-packages/airflow/example_dags/example_branch_operator.py
[2024-07-13T01:33:18.904+0000] {logging_mixin.py:188} INFO - [2024-07-13T01:33:18.904+0000] {dag.py:3096} INFO - Sync 1 DAGs
[2024-07-13T01:33:18.931+0000] {logging_mixin.py:188} INFO - [2024-07-13T01:33:18.931+0000] {dag.py:3954} INFO - Setting next_dagrun for example_branch_operator to 2024-07-12 00:00:00+00:00, run_after=2024-07-13 00:00:00+00:00
[2024-07-13T01:33:18.967+0000] {processor.py:183} INFO - Processing /home/airflow/.local/lib/python3.12/site-packages/airflow/example_dags/example_branch_operator.py took 0.130 seconds
[2024-07-13T01:33:49.150+0000] {processor.py:161} INFO - Started process (PID=417) to work on /home/airflow/.local/lib/python3.12/site-packages/airflow/example_dags/example_branch_operator.py
[2024-07-13T01:33:49.151+0000] {processor.py:830} INFO - Processing file /home/airflow/.local/lib/python3.12/site-packages/airflow/example_dags/example_branch_operator.py for tasks to queue
[2024-07-13T01:33:49.152+0000] {logging_mixin.py:188} INFO - [2024-07-13T01:33:49.152+0000] {dagbag.py:545} INFO - Filling up the DagBag from /home/airflow/.local/lib/python3.12/site-packages/airflow/example_dags/example_branch_operator.py
[2024-07-13T01:33:49.170+0000] {processor.py:840} INFO - DAG(s) 'example_branch_operator' retrieved from /home/airflow/.local/lib/python3.12/site-packages/airflow/example_dags/example_branch_operator.py
[2024-07-13T01:33:49.206+0000] {logging_mixin.py:188} INFO - [2024-07-13T01:33:49.206+0000] {dag.py:3096} INFO - Sync 1 DAGs
[2024-07-13T01:33:49.232+0000] {logging_mixin.py:188} INFO - [2024-07-13T01:33:49.232+0000] {dag.py:3954} INFO - Setting next_dagrun for example_branch_operator to 2024-07-12 00:00:00+00:00, run_after=2024-07-13 00:00:00+00:00
[2024-07-13T01:33:49.255+0000] {processor.py:183} INFO - Processing /home/airflow/.local/lib/python3.12/site-packages/airflow/example_dags/example_branch_operator.py took 0.111 seconds
[2024-07-13T01:34:19.588+0000] {processor.py:161} INFO - Started process (PID=479) to work on /home/airflow/.local/lib/python3.12/site-packages/airflow/example_dags/example_branch_operator.py
[2024-07-13T01:34:19.589+0000] {processor.py:830} INFO - Processing file /home/airflow/.local/lib/python3.12/site-packages/airflow/example_dags/example_branch_operator.py for tasks to queue
[2024-07-13T01:34:19.591+0000] {logging_mixin.py:188} INFO - [2024-07-13T01:34:19.590+0000] {dagbag.py:545} INFO - Filling up the DagBag from /home/airflow/.local/lib/python3.12/site-packages/airflow/example_dags/example_branch_operator.py
[2024-07-13T01:34:19.609+0000] {processor.py:840} INFO - DAG(s) 'example_branch_operator' retrieved from /home/airflow/.local/lib/python3.12/site-packages/airflow/example_dags/example_branch_operator.py
[2024-07-13T01:34:19.644+0000] {logging_mixin.py:188} INFO - [2024-07-13T01:34:19.643+0000] {dag.py:3096} INFO - Sync 1 DAGs
[2024-07-13T01:34:19.673+0000] {logging_mixin.py:188} INFO - [2024-07-13T01:34:19.673+0000] {dag.py:3954} INFO - Setting next_dagrun for example_branch_operator to 2024-07-12 00:00:00+00:00, run_after=2024-07-13 00:00:00+00:00
[2024-07-13T01:34:19.721+0000] {processor.py:183} INFO - Processing /home/airflow/.local/lib/python3.12/site-packages/airflow/example_dags/example_branch_operator.py took 0.137 seconds
[2024-07-13T01:34:50.084+0000] {processor.py:161} INFO - Started process (PID=540) to work on /home/airflow/.local/lib/python3.12/site-packages/airflow/example_dags/example_branch_operator.py
[2024-07-13T01:34:50.085+0000] {processor.py:830} INFO - Processing file /home/airflow/.local/lib/python3.12/site-packages/airflow/example_dags/example_branch_operator.py for tasks to queue
[2024-07-13T01:34:50.086+0000] {logging_mixin.py:188} INFO - [2024-07-13T01:34:50.086+0000] {dagbag.py:545} INFO - Filling up the DagBag from /home/airflow/.local/lib/python3.12/site-packages/airflow/example_dags/example_branch_operator.py
[2024-07-13T01:34:50.106+0000] {processor.py:840} INFO - DAG(s) 'example_branch_operator' retrieved from /home/airflow/.local/lib/python3.12/site-packages/airflow/example_dags/example_branch_operator.py
[2024-07-13T01:34:50.140+0000] {logging_mixin.py:188} INFO - [2024-07-13T01:34:50.140+0000] {dag.py:3096} INFO - Sync 1 DAGs
[2024-07-13T01:34:50.172+0000] {logging_mixin.py:188} INFO - [2024-07-13T01:34:50.172+0000] {dag.py:3954} INFO - Setting next_dagrun for example_branch_operator to 2024-07-12 00:00:00+00:00, run_after=2024-07-13 00:00:00+00:00
[2024-07-13T01:34:50.212+0000] {processor.py:183} INFO - Processing /home/airflow/.local/lib/python3.12/site-packages/airflow/example_dags/example_branch_operator.py took 0.140 seconds
[2024-07-13T01:35:20.828+0000] {processor.py:161} INFO - Started process (PID=598) to work on /home/airflow/.local/lib/python3.12/site-packages/airflow/example_dags/example_branch_operator.py
[2024-07-13T01:35:20.844+0000] {processor.py:830} INFO - Processing file /home/airflow/.local/lib/python3.12/site-packages/airflow/example_dags/example_branch_operator.py for tasks to queue
[2024-07-13T01:35:20.851+0000] {logging_mixin.py:188} INFO - [2024-07-13T01:35:20.851+0000] {dagbag.py:545} INFO - Filling up the DagBag from /home/airflow/.local/lib/python3.12/site-packages/airflow/example_dags/example_branch_operator.py
[2024-07-13T01:35:20.958+0000] {processor.py:840} INFO - DAG(s) 'example_branch_operator' retrieved from /home/airflow/.local/lib/python3.12/site-packages/airflow/example_dags/example_branch_operator.py
[2024-07-13T01:35:21.129+0000] {logging_mixin.py:188} INFO - [2024-07-13T01:35:21.128+0000] {dag.py:3096} INFO - Sync 1 DAGs
[2024-07-13T01:35:21.189+0000] {logging_mixin.py:188} INFO - [2024-07-13T01:35:21.189+0000] {dag.py:3954} INFO - Setting next_dagrun for example_branch_operator to 2024-07-12 00:00:00+00:00, run_after=2024-07-13 00:00:00+00:00
[2024-07-13T01:35:21.279+0000] {processor.py:183} INFO - Processing /home/airflow/.local/lib/python3.12/site-packages/airflow/example_dags/example_branch_operator.py took 0.482 seconds
[2024-07-13T01:35:51.846+0000] {processor.py:161} INFO - Started process (PID=662) to work on /home/airflow/.local/lib/python3.12/site-packages/airflow/example_dags/example_branch_operator.py
[2024-07-13T01:35:51.847+0000] {processor.py:830} INFO - Processing file /home/airflow/.local/lib/python3.12/site-packages/airflow/example_dags/example_branch_operator.py for tasks to queue
[2024-07-13T01:35:51.849+0000] {logging_mixin.py:188} INFO - [2024-07-13T01:35:51.848+0000] {dagbag.py:545} INFO - Filling up the DagBag from /home/airflow/.local/lib/python3.12/site-packages/airflow/example_dags/example_branch_operator.py
[2024-07-13T01:35:51.867+0000] {processor.py:840} INFO - DAG(s) 'example_branch_operator' retrieved from /home/airflow/.local/lib/python3.12/site-packages/airflow/example_dags/example_branch_operator.py
[2024-07-13T01:35:51.898+0000] {logging_mixin.py:188} INFO - [2024-07-13T01:35:51.897+0000] {dag.py:3096} INFO - Sync 1 DAGs
[2024-07-13T01:35:51.921+0000] {logging_mixin.py:188} INFO - [2024-07-13T01:35:51.921+0000] {dag.py:3954} INFO - Setting next_dagrun for example_branch_operator to 2024-07-12 00:00:00+00:00, run_after=2024-07-13 00:00:00+00:00
[2024-07-13T01:35:51.945+0000] {processor.py:183} INFO - Processing /home/airflow/.local/lib/python3.12/site-packages/airflow/example_dags/example_branch_operator.py took 0.105 seconds
[2024-07-13T01:36:22.266+0000] {processor.py:161} INFO - Started process (PID=721) to work on /home/airflow/.local/lib/python3.12/site-packages/airflow/example_dags/example_branch_operator.py
[2024-07-13T01:36:22.268+0000] {processor.py:830} INFO - Processing file /home/airflow/.local/lib/python3.12/site-packages/airflow/example_dags/example_branch_operator.py for tasks to queue
[2024-07-13T01:36:22.269+0000] {logging_mixin.py:188} INFO - [2024-07-13T01:36:22.269+0000] {dagbag.py:545} INFO - Filling up the DagBag from /home/airflow/.local/lib/python3.12/site-packages/airflow/example_dags/example_branch_operator.py
[2024-07-13T01:36:22.290+0000] {processor.py:840} INFO - DAG(s) 'example_branch_operator' retrieved from /home/airflow/.local/lib/python3.12/site-packages/airflow/example_dags/example_branch_operator.py
[2024-07-13T01:36:22.394+0000] {logging_mixin.py:188} INFO - [2024-07-13T01:36:22.394+0000] {dag.py:3096} INFO - Sync 1 DAGs
[2024-07-13T01:36:22.445+0000] {logging_mixin.py:188} INFO - [2024-07-13T01:36:22.444+0000] {dag.py:3954} INFO - Setting next_dagrun for example_branch_operator to 2024-07-12 00:00:00+00:00, run_after=2024-07-13 00:00:00+00:00
[2024-07-13T01:36:22.477+0000] {processor.py:183} INFO - Processing /home/airflow/.local/lib/python3.12/site-packages/airflow/example_dags/example_branch_operator.py took 0.218 seconds
[2024-07-13T01:36:52.791+0000] {processor.py:161} INFO - Started process (PID=780) to work on /home/airflow/.local/lib/python3.12/site-packages/airflow/example_dags/example_branch_operator.py
[2024-07-13T01:36:52.792+0000] {processor.py:830} INFO - Processing file /home/airflow/.local/lib/python3.12/site-packages/airflow/example_dags/example_branch_operator.py for tasks to queue
[2024-07-13T01:36:52.794+0000] {logging_mixin.py:188} INFO - [2024-07-13T01:36:52.794+0000] {dagbag.py:545} INFO - Filling up the DagBag from /home/airflow/.local/lib/python3.12/site-packages/airflow/example_dags/example_branch_operator.py
[2024-07-13T01:36:52.814+0000] {processor.py:840} INFO - DAG(s) 'example_branch_operator' retrieved from /home/airflow/.local/lib/python3.12/site-packages/airflow/example_dags/example_branch_operator.py
[2024-07-13T01:36:52.897+0000] {logging_mixin.py:188} INFO - [2024-07-13T01:36:52.897+0000] {dag.py:3096} INFO - Sync 1 DAGs
[2024-07-13T01:36:52.941+0000] {logging_mixin.py:188} INFO - [2024-07-13T01:36:52.941+0000] {dag.py:3954} INFO - Setting next_dagrun for example_branch_operator to 2024-07-12 00:00:00+00:00, run_after=2024-07-13 00:00:00+00:00
[2024-07-13T01:36:52.983+0000] {processor.py:183} INFO - Processing /home/airflow/.local/lib/python3.12/site-packages/airflow/example_dags/example_branch_operator.py took 0.200 seconds
[2024-07-13T01:37:23.088+0000] {processor.py:161} INFO - Started process (PID=841) to work on /home/airflow/.local/lib/python3.12/site-packages/airflow/example_dags/example_branch_operator.py
[2024-07-13T01:37:23.089+0000] {processor.py:830} INFO - Processing file /home/airflow/.local/lib/python3.12/site-packages/airflow/example_dags/example_branch_operator.py for tasks to queue
[2024-07-13T01:37:23.091+0000] {logging_mixin.py:188} INFO - [2024-07-13T01:37:23.091+0000] {dagbag.py:545} INFO - Filling up the DagBag from /home/airflow/.local/lib/python3.12/site-packages/airflow/example_dags/example_branch_operator.py
[2024-07-13T01:37:23.108+0000] {processor.py:840} INFO - DAG(s) 'example_branch_operator' retrieved from /home/airflow/.local/lib/python3.12/site-packages/airflow/example_dags/example_branch_operator.py
[2024-07-13T01:37:23.140+0000] {logging_mixin.py:188} INFO - [2024-07-13T01:37:23.140+0000] {dag.py:3096} INFO - Sync 1 DAGs
[2024-07-13T01:37:23.165+0000] {logging_mixin.py:188} INFO - [2024-07-13T01:37:23.165+0000] {dag.py:3954} INFO - Setting next_dagrun for example_branch_operator to 2024-07-12 00:00:00+00:00, run_after=2024-07-13 00:00:00+00:00
[2024-07-13T01:37:23.197+0000] {processor.py:183} INFO - Processing /home/airflow/.local/lib/python3.12/site-packages/airflow/example_dags/example_branch_operator.py took 0.116 seconds
[2024-07-13T01:37:53.602+0000] {processor.py:161} INFO - Started process (PID=902) to work on /home/airflow/.local/lib/python3.12/site-packages/airflow/example_dags/example_branch_operator.py
[2024-07-13T01:37:53.603+0000] {processor.py:830} INFO - Processing file /home/airflow/.local/lib/python3.12/site-packages/airflow/example_dags/example_branch_operator.py for tasks to queue
[2024-07-13T01:37:53.605+0000] {logging_mixin.py:188} INFO - [2024-07-13T01:37:53.605+0000] {dagbag.py:545} INFO - Filling up the DagBag from /home/airflow/.local/lib/python3.12/site-packages/airflow/example_dags/example_branch_operator.py
[2024-07-13T01:37:53.623+0000] {processor.py:840} INFO - DAG(s) 'example_branch_operator' retrieved from /home/airflow/.local/lib/python3.12/site-packages/airflow/example_dags/example_branch_operator.py
[2024-07-13T01:37:53.662+0000] {logging_mixin.py:188} INFO - [2024-07-13T01:37:53.662+0000] {dag.py:3096} INFO - Sync 1 DAGs
[2024-07-13T01:37:53.687+0000] {logging_mixin.py:188} INFO - [2024-07-13T01:37:53.687+0000] {dag.py:3954} INFO - Setting next_dagrun for example_branch_operator to 2024-07-12 00:00:00+00:00, run_after=2024-07-13 00:00:00+00:00
[2024-07-13T01:37:53.713+0000] {processor.py:183} INFO - Processing /home/airflow/.local/lib/python3.12/site-packages/airflow/example_dags/example_branch_operator.py took 0.116 seconds
[2024-07-13T01:38:24.002+0000] {processor.py:161} INFO - Started process (PID=963) to work on /home/airflow/.local/lib/python3.12/site-packages/airflow/example_dags/example_branch_operator.py
[2024-07-13T01:38:24.003+0000] {processor.py:830} INFO - Processing file /home/airflow/.local/lib/python3.12/site-packages/airflow/example_dags/example_branch_operator.py for tasks to queue
[2024-07-13T01:38:24.004+0000] {logging_mixin.py:188} INFO - [2024-07-13T01:38:24.004+0000] {dagbag.py:545} INFO - Filling up the DagBag from /home/airflow/.local/lib/python3.12/site-packages/airflow/example_dags/example_branch_operator.py
[2024-07-13T01:38:24.022+0000] {processor.py:840} INFO - DAG(s) 'example_branch_operator' retrieved from /home/airflow/.local/lib/python3.12/site-packages/airflow/example_dags/example_branch_operator.py
[2024-07-13T01:38:24.054+0000] {logging_mixin.py:188} INFO - [2024-07-13T01:38:24.053+0000] {dag.py:3096} INFO - Sync 1 DAGs
[2024-07-13T01:38:24.079+0000] {logging_mixin.py:188} INFO - [2024-07-13T01:38:24.079+0000] {dag.py:3954} INFO - Setting next_dagrun for example_branch_operator to 2024-07-12 00:00:00+00:00, run_after=2024-07-13 00:00:00+00:00
[2024-07-13T01:38:24.105+0000] {processor.py:183} INFO - Processing /home/airflow/.local/lib/python3.12/site-packages/airflow/example_dags/example_branch_operator.py took 0.109 seconds
[2024-07-13T01:38:54.690+0000] {processor.py:161} INFO - Started process (PID=1025) to work on /home/airflow/.local/lib/python3.12/site-packages/airflow/example_dags/example_branch_operator.py
[2024-07-13T01:38:54.699+0000] {processor.py:830} INFO - Processing file /home/airflow/.local/lib/python3.12/site-packages/airflow/example_dags/example_branch_operator.py for tasks to queue
[2024-07-13T01:38:54.711+0000] {logging_mixin.py:188} INFO - [2024-07-13T01:38:54.710+0000] {dagbag.py:545} INFO - Filling up the DagBag from /home/airflow/.local/lib/python3.12/site-packages/airflow/example_dags/example_branch_operator.py
[2024-07-13T01:38:54.742+0000] {processor.py:840} INFO - DAG(s) 'example_branch_operator' retrieved from /home/airflow/.local/lib/python3.12/site-packages/airflow/example_dags/example_branch_operator.py
[2024-07-13T01:38:54.811+0000] {logging_mixin.py:188} INFO - [2024-07-13T01:38:54.811+0000] {dag.py:3096} INFO - Sync 1 DAGs
[2024-07-13T01:38:54.860+0000] {logging_mixin.py:188} INFO - [2024-07-13T01:38:54.859+0000] {dag.py:3954} INFO - Setting next_dagrun for example_branch_operator to 2024-07-12 00:00:00+00:00, run_after=2024-07-13 00:00:00+00:00
[2024-07-13T01:38:54.897+0000] {processor.py:183} INFO - Processing /home/airflow/.local/lib/python3.12/site-packages/airflow/example_dags/example_branch_operator.py took 0.213 seconds
[2024-07-13T01:39:25.520+0000] {processor.py:161} INFO - Started process (PID=1086) to work on /home/airflow/.local/lib/python3.12/site-packages/airflow/example_dags/example_branch_operator.py
[2024-07-13T01:39:25.521+0000] {processor.py:830} INFO - Processing file /home/airflow/.local/lib/python3.12/site-packages/airflow/example_dags/example_branch_operator.py for tasks to queue
[2024-07-13T01:39:25.523+0000] {logging_mixin.py:188} INFO - [2024-07-13T01:39:25.522+0000] {dagbag.py:545} INFO - Filling up the DagBag from /home/airflow/.local/lib/python3.12/site-packages/airflow/example_dags/example_branch_operator.py
[2024-07-13T01:39:25.542+0000] {processor.py:840} INFO - DAG(s) 'example_branch_operator' retrieved from /home/airflow/.local/lib/python3.12/site-packages/airflow/example_dags/example_branch_operator.py
[2024-07-13T01:39:25.581+0000] {logging_mixin.py:188} INFO - [2024-07-13T01:39:25.581+0000] {dag.py:3096} INFO - Sync 1 DAGs
[2024-07-13T01:39:25.615+0000] {logging_mixin.py:188} INFO - [2024-07-13T01:39:25.615+0000] {dag.py:3954} INFO - Setting next_dagrun for example_branch_operator to 2024-07-12 00:00:00+00:00, run_after=2024-07-13 00:00:00+00:00
[2024-07-13T01:39:25.643+0000] {processor.py:183} INFO - Processing /home/airflow/.local/lib/python3.12/site-packages/airflow/example_dags/example_branch_operator.py took 0.129 seconds
[2024-07-13T01:42:59.189+0000] {processor.py:161} INFO - Started process (PID=47) to work on /home/airflow/.local/lib/python3.12/site-packages/airflow/example_dags/example_branch_operator.py
[2024-07-13T01:42:59.192+0000] {processor.py:830} INFO - Processing file /home/airflow/.local/lib/python3.12/site-packages/airflow/example_dags/example_branch_operator.py for tasks to queue
[2024-07-13T01:42:59.194+0000] {logging_mixin.py:188} INFO - [2024-07-13T01:42:59.194+0000] {dagbag.py:545} INFO - Filling up the DagBag from /home/airflow/.local/lib/python3.12/site-packages/airflow/example_dags/example_branch_operator.py
[2024-07-13T01:42:59.279+0000] {processor.py:840} INFO - DAG(s) 'example_branch_operator' retrieved from /home/airflow/.local/lib/python3.12/site-packages/airflow/example_dags/example_branch_operator.py
[2024-07-13T01:42:59.701+0000] {logging_mixin.py:188} INFO - [2024-07-13T01:42:59.701+0000] {dag.py:3096} INFO - Sync 1 DAGs
[2024-07-13T01:42:59.787+0000] {logging_mixin.py:188} INFO - [2024-07-13T01:42:59.786+0000] {dag.py:3954} INFO - Setting next_dagrun for example_branch_operator to 2024-07-12 00:00:00+00:00, run_after=2024-07-13 00:00:00+00:00
[2024-07-13T01:42:59.835+0000] {processor.py:183} INFO - Processing /home/airflow/.local/lib/python3.12/site-packages/airflow/example_dags/example_branch_operator.py took 0.674 seconds
[2024-07-13T01:43:30.271+0000] {processor.py:161} INFO - Started process (PID=108) to work on /home/airflow/.local/lib/python3.12/site-packages/airflow/example_dags/example_branch_operator.py
[2024-07-13T01:43:30.272+0000] {processor.py:830} INFO - Processing file /home/airflow/.local/lib/python3.12/site-packages/airflow/example_dags/example_branch_operator.py for tasks to queue
[2024-07-13T01:43:30.279+0000] {logging_mixin.py:188} INFO - [2024-07-13T01:43:30.279+0000] {dagbag.py:545} INFO - Filling up the DagBag from /home/airflow/.local/lib/python3.12/site-packages/airflow/example_dags/example_branch_operator.py
[2024-07-13T01:43:30.387+0000] {processor.py:840} INFO - DAG(s) 'example_branch_operator' retrieved from /home/airflow/.local/lib/python3.12/site-packages/airflow/example_dags/example_branch_operator.py
[2024-07-13T01:43:30.523+0000] {logging_mixin.py:188} INFO - [2024-07-13T01:43:30.523+0000] {dag.py:3096} INFO - Sync 1 DAGs
[2024-07-13T01:43:30.625+0000] {logging_mixin.py:188} INFO - [2024-07-13T01:43:30.625+0000] {dag.py:3954} INFO - Setting next_dagrun for example_branch_operator to 2024-07-12 00:00:00+00:00, run_after=2024-07-13 00:00:00+00:00
[2024-07-13T01:43:30.766+0000] {processor.py:183} INFO - Processing /home/airflow/.local/lib/python3.12/site-packages/airflow/example_dags/example_branch_operator.py took 0.518 seconds
[2024-07-13T01:44:00.851+0000] {processor.py:161} INFO - Started process (PID=167) to work on /home/airflow/.local/lib/python3.12/site-packages/airflow/example_dags/example_branch_operator.py
[2024-07-13T01:44:00.851+0000] {processor.py:830} INFO - Processing file /home/airflow/.local/lib/python3.12/site-packages/airflow/example_dags/example_branch_operator.py for tasks to queue
[2024-07-13T01:44:00.853+0000] {logging_mixin.py:188} INFO - [2024-07-13T01:44:00.852+0000] {dagbag.py:545} INFO - Filling up the DagBag from /home/airflow/.local/lib/python3.12/site-packages/airflow/example_dags/example_branch_operator.py
[2024-07-13T01:44:00.865+0000] {processor.py:840} INFO - DAG(s) 'example_branch_operator' retrieved from /home/airflow/.local/lib/python3.12/site-packages/airflow/example_dags/example_branch_operator.py
[2024-07-13T01:44:00.887+0000] {logging_mixin.py:188} INFO - [2024-07-13T01:44:00.887+0000] {dag.py:3096} INFO - Sync 1 DAGs
[2024-07-13T01:44:00.904+0000] {logging_mixin.py:188} INFO - [2024-07-13T01:44:00.904+0000] {dag.py:3954} INFO - Setting next_dagrun for example_branch_operator to 2024-07-12 00:00:00+00:00, run_after=2024-07-13 00:00:00+00:00
[2024-07-13T01:44:00.924+0000] {processor.py:183} INFO - Processing /home/airflow/.local/lib/python3.12/site-packages/airflow/example_dags/example_branch_operator.py took 0.077 seconds
[2024-07-13T01:44:30.956+0000] {processor.py:161} INFO - Started process (PID=228) to work on /home/airflow/.local/lib/python3.12/site-packages/airflow/example_dags/example_branch_operator.py
[2024-07-13T01:44:30.956+0000] {processor.py:830} INFO - Processing file /home/airflow/.local/lib/python3.12/site-packages/airflow/example_dags/example_branch_operator.py for tasks to queue
[2024-07-13T01:44:30.958+0000] {logging_mixin.py:188} INFO - [2024-07-13T01:44:30.957+0000] {dagbag.py:545} INFO - Filling up the DagBag from /home/airflow/.local/lib/python3.12/site-packages/airflow/example_dags/example_branch_operator.py
[2024-07-13T01:44:30.971+0000] {processor.py:840} INFO - DAG(s) 'example_branch_operator' retrieved from /home/airflow/.local/lib/python3.12/site-packages/airflow/example_dags/example_branch_operator.py
[2024-07-13T01:44:30.995+0000] {logging_mixin.py:188} INFO - [2024-07-13T01:44:30.995+0000] {dag.py:3096} INFO - Sync 1 DAGs
[2024-07-13T01:44:31.012+0000] {logging_mixin.py:188} INFO - [2024-07-13T01:44:31.012+0000] {dag.py:3954} INFO - Setting next_dagrun for example_branch_operator to 2024-07-12 00:00:00+00:00, run_after=2024-07-13 00:00:00+00:00
[2024-07-13T01:44:31.034+0000] {processor.py:183} INFO - Processing /home/airflow/.local/lib/python3.12/site-packages/airflow/example_dags/example_branch_operator.py took 0.082 seconds
[2024-07-13T01:45:01.087+0000] {processor.py:161} INFO - Started process (PID=289) to work on /home/airflow/.local/lib/python3.12/site-packages/airflow/example_dags/example_branch_operator.py
[2024-07-13T01:45:01.087+0000] {processor.py:830} INFO - Processing file /home/airflow/.local/lib/python3.12/site-packages/airflow/example_dags/example_branch_operator.py for tasks to queue
[2024-07-13T01:45:01.088+0000] {logging_mixin.py:188} INFO - [2024-07-13T01:45:01.088+0000] {dagbag.py:545} INFO - Filling up the DagBag from /home/airflow/.local/lib/python3.12/site-packages/airflow/example_dags/example_branch_operator.py
[2024-07-13T01:45:01.101+0000] {processor.py:840} INFO - DAG(s) 'example_branch_operator' retrieved from /home/airflow/.local/lib/python3.12/site-packages/airflow/example_dags/example_branch_operator.py
[2024-07-13T01:45:01.123+0000] {logging_mixin.py:188} INFO - [2024-07-13T01:45:01.123+0000] {dag.py:3096} INFO - Sync 1 DAGs
[2024-07-13T01:45:01.147+0000] {logging_mixin.py:188} INFO - [2024-07-13T01:45:01.147+0000] {dag.py:3954} INFO - Setting next_dagrun for example_branch_operator to 2024-07-12 00:00:00+00:00, run_after=2024-07-13 00:00:00+00:00
[2024-07-13T01:45:01.174+0000] {processor.py:183} INFO - Processing /home/airflow/.local/lib/python3.12/site-packages/airflow/example_dags/example_branch_operator.py took 0.092 seconds
[2024-07-13T01:45:32.046+0000] {processor.py:161} INFO - Started process (PID=350) to work on /home/airflow/.local/lib/python3.12/site-packages/airflow/example_dags/example_branch_operator.py
[2024-07-13T01:45:32.046+0000] {processor.py:830} INFO - Processing file /home/airflow/.local/lib/python3.12/site-packages/airflow/example_dags/example_branch_operator.py for tasks to queue
[2024-07-13T01:45:32.048+0000] {logging_mixin.py:188} INFO - [2024-07-13T01:45:32.047+0000] {dagbag.py:545} INFO - Filling up the DagBag from /home/airflow/.local/lib/python3.12/site-packages/airflow/example_dags/example_branch_operator.py
[2024-07-13T01:45:32.064+0000] {processor.py:840} INFO - DAG(s) 'example_branch_operator' retrieved from /home/airflow/.local/lib/python3.12/site-packages/airflow/example_dags/example_branch_operator.py
[2024-07-13T01:45:32.095+0000] {logging_mixin.py:188} INFO - [2024-07-13T01:45:32.095+0000] {dag.py:3096} INFO - Sync 1 DAGs
[2024-07-13T01:45:32.112+0000] {logging_mixin.py:188} INFO - [2024-07-13T01:45:32.112+0000] {dag.py:3954} INFO - Setting next_dagrun for example_branch_operator to 2024-07-12 00:00:00+00:00, run_after=2024-07-13 00:00:00+00:00
[2024-07-13T01:45:32.135+0000] {processor.py:183} INFO - Processing /home/airflow/.local/lib/python3.12/site-packages/airflow/example_dags/example_branch_operator.py took 0.096 seconds
[2024-07-13T01:46:02.361+0000] {processor.py:161} INFO - Started process (PID=411) to work on /home/airflow/.local/lib/python3.12/site-packages/airflow/example_dags/example_branch_operator.py
[2024-07-13T01:46:02.362+0000] {processor.py:830} INFO - Processing file /home/airflow/.local/lib/python3.12/site-packages/airflow/example_dags/example_branch_operator.py for tasks to queue
[2024-07-13T01:46:02.364+0000] {logging_mixin.py:188} INFO - [2024-07-13T01:46:02.363+0000] {dagbag.py:545} INFO - Filling up the DagBag from /home/airflow/.local/lib/python3.12/site-packages/airflow/example_dags/example_branch_operator.py
[2024-07-13T01:46:02.378+0000] {processor.py:840} INFO - DAG(s) 'example_branch_operator' retrieved from /home/airflow/.local/lib/python3.12/site-packages/airflow/example_dags/example_branch_operator.py
[2024-07-13T01:46:02.399+0000] {logging_mixin.py:188} INFO - [2024-07-13T01:46:02.399+0000] {dag.py:3096} INFO - Sync 1 DAGs
[2024-07-13T01:46:02.416+0000] {logging_mixin.py:188} INFO - [2024-07-13T01:46:02.416+0000] {dag.py:3954} INFO - Setting next_dagrun for example_branch_operator to 2024-07-12 00:00:00+00:00, run_after=2024-07-13 00:00:00+00:00
[2024-07-13T01:46:02.439+0000] {processor.py:183} INFO - Processing /home/airflow/.local/lib/python3.12/site-packages/airflow/example_dags/example_branch_operator.py took 0.083 seconds
[2024-07-13T01:46:32.681+0000] {processor.py:161} INFO - Started process (PID=472) to work on /home/airflow/.local/lib/python3.12/site-packages/airflow/example_dags/example_branch_operator.py
[2024-07-13T01:46:32.682+0000] {processor.py:830} INFO - Processing file /home/airflow/.local/lib/python3.12/site-packages/airflow/example_dags/example_branch_operator.py for tasks to queue
[2024-07-13T01:46:32.687+0000] {logging_mixin.py:188} INFO - [2024-07-13T01:46:32.686+0000] {dagbag.py:545} INFO - Filling up the DagBag from /home/airflow/.local/lib/python3.12/site-packages/airflow/example_dags/example_branch_operator.py
[2024-07-13T01:46:32.721+0000] {processor.py:840} INFO - DAG(s) 'example_branch_operator' retrieved from /home/airflow/.local/lib/python3.12/site-packages/airflow/example_dags/example_branch_operator.py
[2024-07-13T01:46:32.784+0000] {logging_mixin.py:188} INFO - [2024-07-13T01:46:32.783+0000] {dag.py:3096} INFO - Sync 1 DAGs
[2024-07-13T01:46:32.832+0000] {logging_mixin.py:188} INFO - [2024-07-13T01:46:32.832+0000] {dag.py:3954} INFO - Setting next_dagrun for example_branch_operator to 2024-07-12 00:00:00+00:00, run_after=2024-07-13 00:00:00+00:00
[2024-07-13T01:46:32.862+0000] {processor.py:183} INFO - Processing /home/airflow/.local/lib/python3.12/site-packages/airflow/example_dags/example_branch_operator.py took 0.199 seconds
[2024-07-13T01:47:04.331+0000] {processor.py:161} INFO - Started process (PID=533) to work on /home/airflow/.local/lib/python3.12/site-packages/airflow/example_dags/example_branch_operator.py
[2024-07-13T01:47:04.343+0000] {processor.py:830} INFO - Processing file /home/airflow/.local/lib/python3.12/site-packages/airflow/example_dags/example_branch_operator.py for tasks to queue
[2024-07-13T01:47:04.345+0000] {logging_mixin.py:188} INFO - [2024-07-13T01:47:04.344+0000] {dagbag.py:545} INFO - Filling up the DagBag from /home/airflow/.local/lib/python3.12/site-packages/airflow/example_dags/example_branch_operator.py
[2024-07-13T01:47:04.423+0000] {processor.py:840} INFO - DAG(s) 'example_branch_operator' retrieved from /home/airflow/.local/lib/python3.12/site-packages/airflow/example_dags/example_branch_operator.py
[2024-07-13T01:47:04.521+0000] {logging_mixin.py:188} INFO - [2024-07-13T01:47:04.520+0000] {dag.py:3096} INFO - Sync 1 DAGs
[2024-07-13T01:47:04.593+0000] {logging_mixin.py:188} INFO - [2024-07-13T01:47:04.593+0000] {dag.py:3954} INFO - Setting next_dagrun for example_branch_operator to 2024-07-12 00:00:00+00:00, run_after=2024-07-13 00:00:00+00:00
[2024-07-13T01:47:04.740+0000] {processor.py:183} INFO - Processing /home/airflow/.local/lib/python3.12/site-packages/airflow/example_dags/example_branch_operator.py took 0.435 seconds
[2024-07-13T01:47:34.880+0000] {processor.py:161} INFO - Started process (PID=596) to work on /home/airflow/.local/lib/python3.12/site-packages/airflow/example_dags/example_branch_operator.py
[2024-07-13T01:47:34.883+0000] {processor.py:830} INFO - Processing file /home/airflow/.local/lib/python3.12/site-packages/airflow/example_dags/example_branch_operator.py for tasks to queue
[2024-07-13T01:47:34.887+0000] {logging_mixin.py:188} INFO - [2024-07-13T01:47:34.887+0000] {dagbag.py:545} INFO - Filling up the DagBag from /home/airflow/.local/lib/python3.12/site-packages/airflow/example_dags/example_branch_operator.py
[2024-07-13T01:47:34.943+0000] {processor.py:840} INFO - DAG(s) 'example_branch_operator' retrieved from /home/airflow/.local/lib/python3.12/site-packages/airflow/example_dags/example_branch_operator.py
[2024-07-13T01:47:34.980+0000] {logging_mixin.py:188} INFO - [2024-07-13T01:47:34.980+0000] {dag.py:3096} INFO - Sync 1 DAGs
[2024-07-13T01:47:35.006+0000] {logging_mixin.py:188} INFO - [2024-07-13T01:47:35.006+0000] {dag.py:3954} INFO - Setting next_dagrun for example_branch_operator to 2024-07-12 00:00:00+00:00, run_after=2024-07-13 00:00:00+00:00
[2024-07-13T01:47:35.039+0000] {processor.py:183} INFO - Processing /home/airflow/.local/lib/python3.12/site-packages/airflow/example_dags/example_branch_operator.py took 0.169 seconds
[2024-07-13T01:48:05.311+0000] {processor.py:161} INFO - Started process (PID=653) to work on /home/airflow/.local/lib/python3.12/site-packages/airflow/example_dags/example_branch_operator.py
[2024-07-13T01:48:05.312+0000] {processor.py:830} INFO - Processing file /home/airflow/.local/lib/python3.12/site-packages/airflow/example_dags/example_branch_operator.py for tasks to queue
[2024-07-13T01:48:05.314+0000] {logging_mixin.py:188} INFO - [2024-07-13T01:48:05.313+0000] {dagbag.py:545} INFO - Filling up the DagBag from /home/airflow/.local/lib/python3.12/site-packages/airflow/example_dags/example_branch_operator.py
[2024-07-13T01:48:05.333+0000] {processor.py:840} INFO - DAG(s) 'example_branch_operator' retrieved from /home/airflow/.local/lib/python3.12/site-packages/airflow/example_dags/example_branch_operator.py
[2024-07-13T01:48:05.363+0000] {logging_mixin.py:188} INFO - [2024-07-13T01:48:05.363+0000] {dag.py:3096} INFO - Sync 1 DAGs
[2024-07-13T01:48:05.388+0000] {logging_mixin.py:188} INFO - [2024-07-13T01:48:05.388+0000] {dag.py:3954} INFO - Setting next_dagrun for example_branch_operator to 2024-07-12 00:00:00+00:00, run_after=2024-07-13 00:00:00+00:00
[2024-07-13T01:48:05.415+0000] {processor.py:183} INFO - Processing /home/airflow/.local/lib/python3.12/site-packages/airflow/example_dags/example_branch_operator.py took 0.110 seconds
[2024-07-13T01:48:36.391+0000] {processor.py:161} INFO - Started process (PID=714) to work on /home/airflow/.local/lib/python3.12/site-packages/airflow/example_dags/example_branch_operator.py
[2024-07-13T01:48:36.392+0000] {processor.py:830} INFO - Processing file /home/airflow/.local/lib/python3.12/site-packages/airflow/example_dags/example_branch_operator.py for tasks to queue
[2024-07-13T01:48:36.394+0000] {logging_mixin.py:188} INFO - [2024-07-13T01:48:36.393+0000] {dagbag.py:545} INFO - Filling up the DagBag from /home/airflow/.local/lib/python3.12/site-packages/airflow/example_dags/example_branch_operator.py
[2024-07-13T01:48:36.412+0000] {processor.py:840} INFO - DAG(s) 'example_branch_operator' retrieved from /home/airflow/.local/lib/python3.12/site-packages/airflow/example_dags/example_branch_operator.py
[2024-07-13T01:48:36.444+0000] {logging_mixin.py:188} INFO - [2024-07-13T01:48:36.443+0000] {dag.py:3096} INFO - Sync 1 DAGs
[2024-07-13T01:48:36.613+0000] {logging_mixin.py:188} INFO - [2024-07-13T01:48:36.613+0000] {dag.py:3954} INFO - Setting next_dagrun for example_branch_operator to 2024-07-12 00:00:00+00:00, run_after=2024-07-13 00:00:00+00:00
[2024-07-13T01:48:36.640+0000] {processor.py:183} INFO - Processing /home/airflow/.local/lib/python3.12/site-packages/airflow/example_dags/example_branch_operator.py took 0.254 seconds
[2024-07-13T01:49:06.675+0000] {processor.py:161} INFO - Started process (PID=775) to work on /home/airflow/.local/lib/python3.12/site-packages/airflow/example_dags/example_branch_operator.py
[2024-07-13T01:49:06.676+0000] {processor.py:830} INFO - Processing file /home/airflow/.local/lib/python3.12/site-packages/airflow/example_dags/example_branch_operator.py for tasks to queue
[2024-07-13T01:49:06.679+0000] {logging_mixin.py:188} INFO - [2024-07-13T01:49:06.678+0000] {dagbag.py:545} INFO - Filling up the DagBag from /home/airflow/.local/lib/python3.12/site-packages/airflow/example_dags/example_branch_operator.py
[2024-07-13T01:49:06.696+0000] {processor.py:840} INFO - DAG(s) 'example_branch_operator' retrieved from /home/airflow/.local/lib/python3.12/site-packages/airflow/example_dags/example_branch_operator.py
[2024-07-13T01:49:06.727+0000] {logging_mixin.py:188} INFO - [2024-07-13T01:49:06.727+0000] {dag.py:3096} INFO - Sync 1 DAGs
[2024-07-13T01:49:06.752+0000] {logging_mixin.py:188} INFO - [2024-07-13T01:49:06.752+0000] {dag.py:3954} INFO - Setting next_dagrun for example_branch_operator to 2024-07-12 00:00:00+00:00, run_after=2024-07-13 00:00:00+00:00
[2024-07-13T01:49:06.777+0000] {processor.py:183} INFO - Processing /home/airflow/.local/lib/python3.12/site-packages/airflow/example_dags/example_branch_operator.py took 0.107 seconds
[2024-07-13T01:49:36.950+0000] {processor.py:161} INFO - Started process (PID=836) to work on /home/airflow/.local/lib/python3.12/site-packages/airflow/example_dags/example_branch_operator.py
[2024-07-13T01:49:36.950+0000] {processor.py:830} INFO - Processing file /home/airflow/.local/lib/python3.12/site-packages/airflow/example_dags/example_branch_operator.py for tasks to queue
[2024-07-13T01:49:36.952+0000] {logging_mixin.py:188} INFO - [2024-07-13T01:49:36.952+0000] {dagbag.py:545} INFO - Filling up the DagBag from /home/airflow/.local/lib/python3.12/site-packages/airflow/example_dags/example_branch_operator.py
[2024-07-13T01:49:36.969+0000] {processor.py:840} INFO - DAG(s) 'example_branch_operator' retrieved from /home/airflow/.local/lib/python3.12/site-packages/airflow/example_dags/example_branch_operator.py
[2024-07-13T01:49:37.002+0000] {logging_mixin.py:188} INFO - [2024-07-13T01:49:37.001+0000] {dag.py:3096} INFO - Sync 1 DAGs
[2024-07-13T01:49:37.027+0000] {logging_mixin.py:188} INFO - [2024-07-13T01:49:37.027+0000] {dag.py:3954} INFO - Setting next_dagrun for example_branch_operator to 2024-07-12 00:00:00+00:00, run_after=2024-07-13 00:00:00+00:00
[2024-07-13T01:49:37.058+0000] {processor.py:183} INFO - Processing /home/airflow/.local/lib/python3.12/site-packages/airflow/example_dags/example_branch_operator.py took 0.114 seconds
[2024-07-13T01:50:07.823+0000] {processor.py:161} INFO - Started process (PID=898) to work on /home/airflow/.local/lib/python3.12/site-packages/airflow/example_dags/example_branch_operator.py
[2024-07-13T01:50:07.824+0000] {processor.py:830} INFO - Processing file /home/airflow/.local/lib/python3.12/site-packages/airflow/example_dags/example_branch_operator.py for tasks to queue
[2024-07-13T01:50:07.826+0000] {logging_mixin.py:188} INFO - [2024-07-13T01:50:07.825+0000] {dagbag.py:545} INFO - Filling up the DagBag from /home/airflow/.local/lib/python3.12/site-packages/airflow/example_dags/example_branch_operator.py
[2024-07-13T01:50:07.843+0000] {processor.py:840} INFO - DAG(s) 'example_branch_operator' retrieved from /home/airflow/.local/lib/python3.12/site-packages/airflow/example_dags/example_branch_operator.py
[2024-07-13T01:50:07.876+0000] {logging_mixin.py:188} INFO - [2024-07-13T01:50:07.876+0000] {dag.py:3096} INFO - Sync 1 DAGs
[2024-07-13T01:50:07.901+0000] {logging_mixin.py:188} INFO - [2024-07-13T01:50:07.901+0000] {dag.py:3954} INFO - Setting next_dagrun for example_branch_operator to 2024-07-12 00:00:00+00:00, run_after=2024-07-13 00:00:00+00:00
[2024-07-13T01:50:07.927+0000] {processor.py:183} INFO - Processing /home/airflow/.local/lib/python3.12/site-packages/airflow/example_dags/example_branch_operator.py took 0.110 seconds
[2024-07-13T01:50:38.013+0000] {processor.py:161} INFO - Started process (PID=958) to work on /home/airflow/.local/lib/python3.12/site-packages/airflow/example_dags/example_branch_operator.py
[2024-07-13T01:50:38.014+0000] {processor.py:830} INFO - Processing file /home/airflow/.local/lib/python3.12/site-packages/airflow/example_dags/example_branch_operator.py for tasks to queue
[2024-07-13T01:50:38.016+0000] {logging_mixin.py:188} INFO - [2024-07-13T01:50:38.016+0000] {dagbag.py:545} INFO - Filling up the DagBag from /home/airflow/.local/lib/python3.12/site-packages/airflow/example_dags/example_branch_operator.py
[2024-07-13T01:50:38.041+0000] {processor.py:840} INFO - DAG(s) 'example_branch_operator' retrieved from /home/airflow/.local/lib/python3.12/site-packages/airflow/example_dags/example_branch_operator.py
[2024-07-13T01:50:38.125+0000] {logging_mixin.py:188} INFO - [2024-07-13T01:50:38.125+0000] {dag.py:3096} INFO - Sync 1 DAGs
[2024-07-13T01:50:38.152+0000] {logging_mixin.py:188} INFO - [2024-07-13T01:50:38.152+0000] {dag.py:3954} INFO - Setting next_dagrun for example_branch_operator to 2024-07-12 00:00:00+00:00, run_after=2024-07-13 00:00:00+00:00
[2024-07-13T01:50:38.180+0000] {processor.py:183} INFO - Processing /home/airflow/.local/lib/python3.12/site-packages/airflow/example_dags/example_branch_operator.py took 0.173 seconds
[2024-07-13T01:51:08.419+0000] {processor.py:161} INFO - Started process (PID=1019) to work on /home/airflow/.local/lib/python3.12/site-packages/airflow/example_dags/example_branch_operator.py
[2024-07-13T01:51:08.421+0000] {processor.py:830} INFO - Processing file /home/airflow/.local/lib/python3.12/site-packages/airflow/example_dags/example_branch_operator.py for tasks to queue
[2024-07-13T01:51:08.423+0000] {logging_mixin.py:188} INFO - [2024-07-13T01:51:08.422+0000] {dagbag.py:545} INFO - Filling up the DagBag from /home/airflow/.local/lib/python3.12/site-packages/airflow/example_dags/example_branch_operator.py
[2024-07-13T01:51:08.475+0000] {processor.py:840} INFO - DAG(s) 'example_branch_operator' retrieved from /home/airflow/.local/lib/python3.12/site-packages/airflow/example_dags/example_branch_operator.py
[2024-07-13T01:51:08.537+0000] {logging_mixin.py:188} INFO - [2024-07-13T01:51:08.537+0000] {dag.py:3096} INFO - Sync 1 DAGs
[2024-07-13T01:51:08.578+0000] {logging_mixin.py:188} INFO - [2024-07-13T01:51:08.578+0000] {dag.py:3954} INFO - Setting next_dagrun for example_branch_operator to 2024-07-12 00:00:00+00:00, run_after=2024-07-13 00:00:00+00:00
[2024-07-13T01:51:08.604+0000] {processor.py:183} INFO - Processing /home/airflow/.local/lib/python3.12/site-packages/airflow/example_dags/example_branch_operator.py took 0.211 seconds
[2024-07-13T01:51:39.492+0000] {processor.py:161} INFO - Started process (PID=1081) to work on /home/airflow/.local/lib/python3.12/site-packages/airflow/example_dags/example_branch_operator.py
[2024-07-13T01:51:39.493+0000] {processor.py:830} INFO - Processing file /home/airflow/.local/lib/python3.12/site-packages/airflow/example_dags/example_branch_operator.py for tasks to queue
[2024-07-13T01:51:39.495+0000] {logging_mixin.py:188} INFO - [2024-07-13T01:51:39.494+0000] {dagbag.py:545} INFO - Filling up the DagBag from /home/airflow/.local/lib/python3.12/site-packages/airflow/example_dags/example_branch_operator.py
[2024-07-13T01:51:39.542+0000] {processor.py:840} INFO - DAG(s) 'example_branch_operator' retrieved from /home/airflow/.local/lib/python3.12/site-packages/airflow/example_dags/example_branch_operator.py
[2024-07-13T01:51:39.639+0000] {logging_mixin.py:188} INFO - [2024-07-13T01:51:39.639+0000] {dag.py:3096} INFO - Sync 1 DAGs
[2024-07-13T01:51:39.709+0000] {logging_mixin.py:188} INFO - [2024-07-13T01:51:39.709+0000] {dag.py:3954} INFO - Setting next_dagrun for example_branch_operator to 2024-07-12 00:00:00+00:00, run_after=2024-07-13 00:00:00+00:00
[2024-07-13T01:51:39.761+0000] {processor.py:183} INFO - Processing /home/airflow/.local/lib/python3.12/site-packages/airflow/example_dags/example_branch_operator.py took 0.287 seconds
[2024-07-13T01:52:09.817+0000] {processor.py:161} INFO - Started process (PID=1141) to work on /home/airflow/.local/lib/python3.12/site-packages/airflow/example_dags/example_branch_operator.py
[2024-07-13T01:52:09.818+0000] {processor.py:830} INFO - Processing file /home/airflow/.local/lib/python3.12/site-packages/airflow/example_dags/example_branch_operator.py for tasks to queue
[2024-07-13T01:52:09.819+0000] {logging_mixin.py:188} INFO - [2024-07-13T01:52:09.819+0000] {dagbag.py:545} INFO - Filling up the DagBag from /home/airflow/.local/lib/python3.12/site-packages/airflow/example_dags/example_branch_operator.py
[2024-07-13T01:52:09.831+0000] {processor.py:840} INFO - DAG(s) 'example_branch_operator' retrieved from /home/airflow/.local/lib/python3.12/site-packages/airflow/example_dags/example_branch_operator.py
[2024-07-13T01:52:09.854+0000] {logging_mixin.py:188} INFO - [2024-07-13T01:52:09.854+0000] {dag.py:3096} INFO - Sync 1 DAGs
[2024-07-13T01:52:09.871+0000] {logging_mixin.py:188} INFO - [2024-07-13T01:52:09.871+0000] {dag.py:3954} INFO - Setting next_dagrun for example_branch_operator to 2024-07-12 00:00:00+00:00, run_after=2024-07-13 00:00:00+00:00
[2024-07-13T01:52:09.894+0000] {processor.py:183} INFO - Processing /home/airflow/.local/lib/python3.12/site-packages/airflow/example_dags/example_branch_operator.py took 0.081 seconds
[2024-07-13T01:52:40.336+0000] {processor.py:161} INFO - Started process (PID=1202) to work on /home/airflow/.local/lib/python3.12/site-packages/airflow/example_dags/example_branch_operator.py
[2024-07-13T01:52:40.337+0000] {processor.py:830} INFO - Processing file /home/airflow/.local/lib/python3.12/site-packages/airflow/example_dags/example_branch_operator.py for tasks to queue
[2024-07-13T01:52:40.338+0000] {logging_mixin.py:188} INFO - [2024-07-13T01:52:40.338+0000] {dagbag.py:545} INFO - Filling up the DagBag from /home/airflow/.local/lib/python3.12/site-packages/airflow/example_dags/example_branch_operator.py
[2024-07-13T01:52:40.356+0000] {processor.py:840} INFO - DAG(s) 'example_branch_operator' retrieved from /home/airflow/.local/lib/python3.12/site-packages/airflow/example_dags/example_branch_operator.py
[2024-07-13T01:52:40.419+0000] {logging_mixin.py:188} INFO - [2024-07-13T01:52:40.418+0000] {dag.py:3096} INFO - Sync 1 DAGs
[2024-07-13T01:52:40.474+0000] {logging_mixin.py:188} INFO - [2024-07-13T01:52:40.474+0000] {dag.py:3954} INFO - Setting next_dagrun for example_branch_operator to 2024-07-12 00:00:00+00:00, run_after=2024-07-13 00:00:00+00:00
[2024-07-13T01:52:40.524+0000] {processor.py:183} INFO - Processing /home/airflow/.local/lib/python3.12/site-packages/airflow/example_dags/example_branch_operator.py took 0.194 seconds
[2024-07-13T01:53:10.719+0000] {processor.py:161} INFO - Started process (PID=1263) to work on /home/airflow/.local/lib/python3.12/site-packages/airflow/example_dags/example_branch_operator.py
[2024-07-13T01:53:10.720+0000] {processor.py:830} INFO - Processing file /home/airflow/.local/lib/python3.12/site-packages/airflow/example_dags/example_branch_operator.py for tasks to queue
[2024-07-13T01:53:10.722+0000] {logging_mixin.py:188} INFO - [2024-07-13T01:53:10.722+0000] {dagbag.py:545} INFO - Filling up the DagBag from /home/airflow/.local/lib/python3.12/site-packages/airflow/example_dags/example_branch_operator.py
[2024-07-13T01:53:10.740+0000] {processor.py:840} INFO - DAG(s) 'example_branch_operator' retrieved from /home/airflow/.local/lib/python3.12/site-packages/airflow/example_dags/example_branch_operator.py
[2024-07-13T01:53:10.773+0000] {logging_mixin.py:188} INFO - [2024-07-13T01:53:10.772+0000] {dag.py:3096} INFO - Sync 1 DAGs
[2024-07-13T01:53:10.796+0000] {logging_mixin.py:188} INFO - [2024-07-13T01:53:10.796+0000] {dag.py:3954} INFO - Setting next_dagrun for example_branch_operator to 2024-07-12 00:00:00+00:00, run_after=2024-07-13 00:00:00+00:00
[2024-07-13T01:53:10.824+0000] {processor.py:183} INFO - Processing /home/airflow/.local/lib/python3.12/site-packages/airflow/example_dags/example_branch_operator.py took 0.111 seconds
[2024-07-13T01:53:40.992+0000] {processor.py:161} INFO - Started process (PID=1324) to work on /home/airflow/.local/lib/python3.12/site-packages/airflow/example_dags/example_branch_operator.py
[2024-07-13T01:53:40.993+0000] {processor.py:830} INFO - Processing file /home/airflow/.local/lib/python3.12/site-packages/airflow/example_dags/example_branch_operator.py for tasks to queue
[2024-07-13T01:53:40.995+0000] {logging_mixin.py:188} INFO - [2024-07-13T01:53:40.994+0000] {dagbag.py:545} INFO - Filling up the DagBag from /home/airflow/.local/lib/python3.12/site-packages/airflow/example_dags/example_branch_operator.py
[2024-07-13T01:53:41.024+0000] {processor.py:840} INFO - DAG(s) 'example_branch_operator' retrieved from /home/airflow/.local/lib/python3.12/site-packages/airflow/example_dags/example_branch_operator.py
[2024-07-13T01:53:41.108+0000] {logging_mixin.py:188} INFO - [2024-07-13T01:53:41.107+0000] {dag.py:3096} INFO - Sync 1 DAGs
[2024-07-13T01:53:41.142+0000] {logging_mixin.py:188} INFO - [2024-07-13T01:53:41.141+0000] {dag.py:3954} INFO - Setting next_dagrun for example_branch_operator to 2024-07-12 00:00:00+00:00, run_after=2024-07-13 00:00:00+00:00
[2024-07-13T01:53:41.167+0000] {processor.py:183} INFO - Processing /home/airflow/.local/lib/python3.12/site-packages/airflow/example_dags/example_branch_operator.py took 0.183 seconds
[2024-07-13T01:54:11.521+0000] {processor.py:161} INFO - Started process (PID=1385) to work on /home/airflow/.local/lib/python3.12/site-packages/airflow/example_dags/example_branch_operator.py
[2024-07-13T01:54:11.522+0000] {processor.py:830} INFO - Processing file /home/airflow/.local/lib/python3.12/site-packages/airflow/example_dags/example_branch_operator.py for tasks to queue
[2024-07-13T01:54:11.524+0000] {logging_mixin.py:188} INFO - [2024-07-13T01:54:11.523+0000] {dagbag.py:545} INFO - Filling up the DagBag from /home/airflow/.local/lib/python3.12/site-packages/airflow/example_dags/example_branch_operator.py
[2024-07-13T01:54:11.542+0000] {processor.py:840} INFO - DAG(s) 'example_branch_operator' retrieved from /home/airflow/.local/lib/python3.12/site-packages/airflow/example_dags/example_branch_operator.py
[2024-07-13T01:54:11.631+0000] {logging_mixin.py:188} INFO - [2024-07-13T01:54:11.631+0000] {dag.py:3096} INFO - Sync 1 DAGs
[2024-07-13T01:54:11.657+0000] {logging_mixin.py:188} INFO - [2024-07-13T01:54:11.656+0000] {dag.py:3954} INFO - Setting next_dagrun for example_branch_operator to 2024-07-12 00:00:00+00:00, run_after=2024-07-13 00:00:00+00:00
[2024-07-13T01:54:11.679+0000] {processor.py:183} INFO - Processing /home/airflow/.local/lib/python3.12/site-packages/airflow/example_dags/example_branch_operator.py took 0.163 seconds
[2024-07-13T01:54:41.818+0000] {processor.py:161} INFO - Started process (PID=1448) to work on /home/airflow/.local/lib/python3.12/site-packages/airflow/example_dags/example_branch_operator.py
[2024-07-13T01:54:41.819+0000] {processor.py:830} INFO - Processing file /home/airflow/.local/lib/python3.12/site-packages/airflow/example_dags/example_branch_operator.py for tasks to queue
[2024-07-13T01:54:41.820+0000] {logging_mixin.py:188} INFO - [2024-07-13T01:54:41.820+0000] {dagbag.py:545} INFO - Filling up the DagBag from /home/airflow/.local/lib/python3.12/site-packages/airflow/example_dags/example_branch_operator.py
[2024-07-13T01:54:41.833+0000] {processor.py:840} INFO - DAG(s) 'example_branch_operator' retrieved from /home/airflow/.local/lib/python3.12/site-packages/airflow/example_dags/example_branch_operator.py
[2024-07-13T01:54:41.855+0000] {logging_mixin.py:188} INFO - [2024-07-13T01:54:41.855+0000] {dag.py:3096} INFO - Sync 1 DAGs
[2024-07-13T01:54:41.875+0000] {logging_mixin.py:188} INFO - [2024-07-13T01:54:41.875+0000] {dag.py:3954} INFO - Setting next_dagrun for example_branch_operator to 2024-07-12 00:00:00+00:00, run_after=2024-07-13 00:00:00+00:00
[2024-07-13T01:54:41.896+0000] {processor.py:183} INFO - Processing /home/airflow/.local/lib/python3.12/site-packages/airflow/example_dags/example_branch_operator.py took 0.082 seconds
[2024-07-13T01:55:12.024+0000] {processor.py:161} INFO - Started process (PID=1509) to work on /home/airflow/.local/lib/python3.12/site-packages/airflow/example_dags/example_branch_operator.py
[2024-07-13T01:55:12.025+0000] {processor.py:830} INFO - Processing file /home/airflow/.local/lib/python3.12/site-packages/airflow/example_dags/example_branch_operator.py for tasks to queue
[2024-07-13T01:55:12.027+0000] {logging_mixin.py:188} INFO - [2024-07-13T01:55:12.026+0000] {dagbag.py:545} INFO - Filling up the DagBag from /home/airflow/.local/lib/python3.12/site-packages/airflow/example_dags/example_branch_operator.py
[2024-07-13T01:55:12.044+0000] {processor.py:840} INFO - DAG(s) 'example_branch_operator' retrieved from /home/airflow/.local/lib/python3.12/site-packages/airflow/example_dags/example_branch_operator.py
[2024-07-13T01:55:12.075+0000] {logging_mixin.py:188} INFO - [2024-07-13T01:55:12.075+0000] {dag.py:3096} INFO - Sync 1 DAGs
[2024-07-13T01:55:12.117+0000] {logging_mixin.py:188} INFO - [2024-07-13T01:55:12.116+0000] {dag.py:3954} INFO - Setting next_dagrun for example_branch_operator to 2024-07-12 00:00:00+00:00, run_after=2024-07-13 00:00:00+00:00
[2024-07-13T01:55:12.163+0000] {processor.py:183} INFO - Processing /home/airflow/.local/lib/python3.12/site-packages/airflow/example_dags/example_branch_operator.py took 0.144 seconds
[2024-07-13T01:55:42.634+0000] {processor.py:161} INFO - Started process (PID=1571) to work on /home/airflow/.local/lib/python3.12/site-packages/airflow/example_dags/example_branch_operator.py
[2024-07-13T01:55:42.635+0000] {processor.py:830} INFO - Processing file /home/airflow/.local/lib/python3.12/site-packages/airflow/example_dags/example_branch_operator.py for tasks to queue
[2024-07-13T01:55:42.638+0000] {logging_mixin.py:188} INFO - [2024-07-13T01:55:42.638+0000] {dagbag.py:545} INFO - Filling up the DagBag from /home/airflow/.local/lib/python3.12/site-packages/airflow/example_dags/example_branch_operator.py
[2024-07-13T01:55:42.655+0000] {processor.py:840} INFO - DAG(s) 'example_branch_operator' retrieved from /home/airflow/.local/lib/python3.12/site-packages/airflow/example_dags/example_branch_operator.py
[2024-07-13T01:55:42.686+0000] {logging_mixin.py:188} INFO - [2024-07-13T01:55:42.686+0000] {dag.py:3096} INFO - Sync 1 DAGs
[2024-07-13T01:55:42.709+0000] {logging_mixin.py:188} INFO - [2024-07-13T01:55:42.709+0000] {dag.py:3954} INFO - Setting next_dagrun for example_branch_operator to 2024-07-12 00:00:00+00:00, run_after=2024-07-13 00:00:00+00:00
[2024-07-13T01:55:42.734+0000] {processor.py:183} INFO - Processing /home/airflow/.local/lib/python3.12/site-packages/airflow/example_dags/example_branch_operator.py took 0.107 seconds
[2024-07-13T01:56:13.218+0000] {processor.py:161} INFO - Started process (PID=1630) to work on /home/airflow/.local/lib/python3.12/site-packages/airflow/example_dags/example_branch_operator.py
[2024-07-13T01:56:13.222+0000] {processor.py:830} INFO - Processing file /home/airflow/.local/lib/python3.12/site-packages/airflow/example_dags/example_branch_operator.py for tasks to queue
[2024-07-13T01:56:13.224+0000] {logging_mixin.py:188} INFO - [2024-07-13T01:56:13.224+0000] {dagbag.py:545} INFO - Filling up the DagBag from /home/airflow/.local/lib/python3.12/site-packages/airflow/example_dags/example_branch_operator.py
[2024-07-13T01:56:13.242+0000] {processor.py:840} INFO - DAG(s) 'example_branch_operator' retrieved from /home/airflow/.local/lib/python3.12/site-packages/airflow/example_dags/example_branch_operator.py
[2024-07-13T01:56:13.274+0000] {logging_mixin.py:188} INFO - [2024-07-13T01:56:13.274+0000] {dag.py:3096} INFO - Sync 1 DAGs
[2024-07-13T01:56:13.299+0000] {logging_mixin.py:188} INFO - [2024-07-13T01:56:13.298+0000] {dag.py:3954} INFO - Setting next_dagrun for example_branch_operator to 2024-07-12 00:00:00+00:00, run_after=2024-07-13 00:00:00+00:00
[2024-07-13T01:56:13.324+0000] {processor.py:183} INFO - Processing /home/airflow/.local/lib/python3.12/site-packages/airflow/example_dags/example_branch_operator.py took 0.112 seconds
[2024-07-13T02:00:42.105+0000] {processor.py:161} INFO - Started process (PID=47) to work on /home/airflow/.local/lib/python3.12/site-packages/airflow/example_dags/example_branch_operator.py
[2024-07-13T02:00:42.105+0000] {processor.py:830} INFO - Processing file /home/airflow/.local/lib/python3.12/site-packages/airflow/example_dags/example_branch_operator.py for tasks to queue
[2024-07-13T02:00:42.107+0000] {logging_mixin.py:188} INFO - [2024-07-13T02:00:42.107+0000] {dagbag.py:545} INFO - Filling up the DagBag from /home/airflow/.local/lib/python3.12/site-packages/airflow/example_dags/example_branch_operator.py
[2024-07-13T02:00:42.172+0000] {processor.py:840} INFO - DAG(s) 'example_branch_operator' retrieved from /home/airflow/.local/lib/python3.12/site-packages/airflow/example_dags/example_branch_operator.py
[2024-07-13T02:00:42.586+0000] {logging_mixin.py:188} INFO - [2024-07-13T02:00:42.586+0000] {dag.py:3096} INFO - Sync 1 DAGs
[2024-07-13T02:00:42.675+0000] {logging_mixin.py:188} INFO - [2024-07-13T02:00:42.675+0000] {dag.py:3954} INFO - Setting next_dagrun for example_branch_operator to 2024-07-12 00:00:00+00:00, run_after=2024-07-13 00:00:00+00:00
[2024-07-13T02:00:42.736+0000] {processor.py:183} INFO - Processing /home/airflow/.local/lib/python3.12/site-packages/airflow/example_dags/example_branch_operator.py took 0.646 seconds
[2024-07-13T02:01:13.349+0000] {processor.py:161} INFO - Started process (PID=107) to work on /home/airflow/.local/lib/python3.12/site-packages/airflow/example_dags/example_branch_operator.py
[2024-07-13T02:01:13.358+0000] {processor.py:830} INFO - Processing file /home/airflow/.local/lib/python3.12/site-packages/airflow/example_dags/example_branch_operator.py for tasks to queue
[2024-07-13T02:01:13.362+0000] {logging_mixin.py:188} INFO - [2024-07-13T02:01:13.362+0000] {dagbag.py:545} INFO - Filling up the DagBag from /home/airflow/.local/lib/python3.12/site-packages/airflow/example_dags/example_branch_operator.py
[2024-07-13T02:01:13.420+0000] {processor.py:840} INFO - DAG(s) 'example_branch_operator' retrieved from /home/airflow/.local/lib/python3.12/site-packages/airflow/example_dags/example_branch_operator.py
[2024-07-13T02:01:13.512+0000] {logging_mixin.py:188} INFO - [2024-07-13T02:01:13.512+0000] {dag.py:3096} INFO - Sync 1 DAGs
[2024-07-13T02:01:13.563+0000] {logging_mixin.py:188} INFO - [2024-07-13T02:01:13.563+0000] {dag.py:3954} INFO - Setting next_dagrun for example_branch_operator to 2024-07-12 00:00:00+00:00, run_after=2024-07-13 00:00:00+00:00
[2024-07-13T02:01:13.619+0000] {processor.py:183} INFO - Processing /home/airflow/.local/lib/python3.12/site-packages/airflow/example_dags/example_branch_operator.py took 0.288 seconds
[2024-07-13T02:01:44.484+0000] {processor.py:161} INFO - Started process (PID=169) to work on /home/airflow/.local/lib/python3.12/site-packages/airflow/example_dags/example_branch_operator.py
[2024-07-13T02:01:44.485+0000] {processor.py:830} INFO - Processing file /home/airflow/.local/lib/python3.12/site-packages/airflow/example_dags/example_branch_operator.py for tasks to queue
[2024-07-13T02:01:44.486+0000] {logging_mixin.py:188} INFO - [2024-07-13T02:01:44.485+0000] {dagbag.py:545} INFO - Filling up the DagBag from /home/airflow/.local/lib/python3.12/site-packages/airflow/example_dags/example_branch_operator.py
[2024-07-13T02:01:44.529+0000] {processor.py:840} INFO - DAG(s) 'example_branch_operator' retrieved from /home/airflow/.local/lib/python3.12/site-packages/airflow/example_dags/example_branch_operator.py
[2024-07-13T02:01:44.635+0000] {logging_mixin.py:188} INFO - [2024-07-13T02:01:44.635+0000] {dag.py:3096} INFO - Sync 1 DAGs
[2024-07-13T02:01:44.720+0000] {logging_mixin.py:188} INFO - [2024-07-13T02:01:44.720+0000] {dag.py:3954} INFO - Setting next_dagrun for example_branch_operator to 2024-07-12 00:00:00+00:00, run_after=2024-07-13 00:00:00+00:00
[2024-07-13T02:01:44.773+0000] {processor.py:183} INFO - Processing /home/airflow/.local/lib/python3.12/site-packages/airflow/example_dags/example_branch_operator.py took 0.298 seconds
[2024-07-13T02:02:15.721+0000] {processor.py:161} INFO - Started process (PID=231) to work on /home/airflow/.local/lib/python3.12/site-packages/airflow/example_dags/example_branch_operator.py
[2024-07-13T02:02:15.722+0000] {processor.py:830} INFO - Processing file /home/airflow/.local/lib/python3.12/site-packages/airflow/example_dags/example_branch_operator.py for tasks to queue
[2024-07-13T02:02:15.723+0000] {logging_mixin.py:188} INFO - [2024-07-13T02:02:15.723+0000] {dagbag.py:545} INFO - Filling up the DagBag from /home/airflow/.local/lib/python3.12/site-packages/airflow/example_dags/example_branch_operator.py
[2024-07-13T02:02:15.745+0000] {processor.py:840} INFO - DAG(s) 'example_branch_operator' retrieved from /home/airflow/.local/lib/python3.12/site-packages/airflow/example_dags/example_branch_operator.py
[2024-07-13T02:02:15.778+0000] {logging_mixin.py:188} INFO - [2024-07-13T02:02:15.777+0000] {dag.py:3096} INFO - Sync 1 DAGs
[2024-07-13T02:02:15.801+0000] {logging_mixin.py:188} INFO - [2024-07-13T02:02:15.800+0000] {dag.py:3954} INFO - Setting next_dagrun for example_branch_operator to 2024-07-12 00:00:00+00:00, run_after=2024-07-13 00:00:00+00:00
[2024-07-13T02:02:15.824+0000] {processor.py:183} INFO - Processing /home/airflow/.local/lib/python3.12/site-packages/airflow/example_dags/example_branch_operator.py took 0.108 seconds
[2024-07-13T02:02:45.905+0000] {processor.py:161} INFO - Started process (PID=293) to work on /home/airflow/.local/lib/python3.12/site-packages/airflow/example_dags/example_branch_operator.py
[2024-07-13T02:02:45.906+0000] {processor.py:830} INFO - Processing file /home/airflow/.local/lib/python3.12/site-packages/airflow/example_dags/example_branch_operator.py for tasks to queue
[2024-07-13T02:02:45.907+0000] {logging_mixin.py:188} INFO - [2024-07-13T02:02:45.907+0000] {dagbag.py:545} INFO - Filling up the DagBag from /home/airflow/.local/lib/python3.12/site-packages/airflow/example_dags/example_branch_operator.py
[2024-07-13T02:02:45.925+0000] {processor.py:840} INFO - DAG(s) 'example_branch_operator' retrieved from /home/airflow/.local/lib/python3.12/site-packages/airflow/example_dags/example_branch_operator.py
[2024-07-13T02:02:45.958+0000] {logging_mixin.py:188} INFO - [2024-07-13T02:02:45.957+0000] {dag.py:3096} INFO - Sync 1 DAGs
[2024-07-13T02:02:45.983+0000] {logging_mixin.py:188} INFO - [2024-07-13T02:02:45.983+0000] {dag.py:3954} INFO - Setting next_dagrun for example_branch_operator to 2024-07-12 00:00:00+00:00, run_after=2024-07-13 00:00:00+00:00
[2024-07-13T02:02:46.013+0000] {processor.py:183} INFO - Processing /home/airflow/.local/lib/python3.12/site-packages/airflow/example_dags/example_branch_operator.py took 0.113 seconds
[2024-07-13T02:03:16.180+0000] {processor.py:161} INFO - Started process (PID=354) to work on /home/airflow/.local/lib/python3.12/site-packages/airflow/example_dags/example_branch_operator.py
[2024-07-13T02:03:16.181+0000] {processor.py:830} INFO - Processing file /home/airflow/.local/lib/python3.12/site-packages/airflow/example_dags/example_branch_operator.py for tasks to queue
[2024-07-13T02:03:16.182+0000] {logging_mixin.py:188} INFO - [2024-07-13T02:03:16.181+0000] {dagbag.py:545} INFO - Filling up the DagBag from /home/airflow/.local/lib/python3.12/site-packages/airflow/example_dags/example_branch_operator.py
[2024-07-13T02:03:16.200+0000] {processor.py:840} INFO - DAG(s) 'example_branch_operator' retrieved from /home/airflow/.local/lib/python3.12/site-packages/airflow/example_dags/example_branch_operator.py
[2024-07-13T02:03:16.234+0000] {logging_mixin.py:188} INFO - [2024-07-13T02:03:16.234+0000] {dag.py:3096} INFO - Sync 1 DAGs
[2024-07-13T02:03:16.257+0000] {logging_mixin.py:188} INFO - [2024-07-13T02:03:16.257+0000] {dag.py:3954} INFO - Setting next_dagrun for example_branch_operator to 2024-07-12 00:00:00+00:00, run_after=2024-07-13 00:00:00+00:00
[2024-07-13T02:03:16.290+0000] {processor.py:183} INFO - Processing /home/airflow/.local/lib/python3.12/site-packages/airflow/example_dags/example_branch_operator.py took 0.115 seconds
[2024-07-13T02:03:46.392+0000] {processor.py:161} INFO - Started process (PID=415) to work on /home/airflow/.local/lib/python3.12/site-packages/airflow/example_dags/example_branch_operator.py
[2024-07-13T02:03:46.392+0000] {processor.py:830} INFO - Processing file /home/airflow/.local/lib/python3.12/site-packages/airflow/example_dags/example_branch_operator.py for tasks to queue
[2024-07-13T02:03:46.393+0000] {logging_mixin.py:188} INFO - [2024-07-13T02:03:46.393+0000] {dagbag.py:545} INFO - Filling up the DagBag from /home/airflow/.local/lib/python3.12/site-packages/airflow/example_dags/example_branch_operator.py
[2024-07-13T02:03:46.428+0000] {processor.py:840} INFO - DAG(s) 'example_branch_operator' retrieved from /home/airflow/.local/lib/python3.12/site-packages/airflow/example_dags/example_branch_operator.py
[2024-07-13T02:03:46.463+0000] {logging_mixin.py:188} INFO - [2024-07-13T02:03:46.463+0000] {dag.py:3096} INFO - Sync 1 DAGs
[2024-07-13T02:03:46.486+0000] {logging_mixin.py:188} INFO - [2024-07-13T02:03:46.485+0000] {dag.py:3954} INFO - Setting next_dagrun for example_branch_operator to 2024-07-12 00:00:00+00:00, run_after=2024-07-13 00:00:00+00:00
[2024-07-13T02:03:46.510+0000] {processor.py:183} INFO - Processing /home/airflow/.local/lib/python3.12/site-packages/airflow/example_dags/example_branch_operator.py took 0.124 seconds
[2024-07-13T02:04:16.951+0000] {processor.py:161} INFO - Started process (PID=478) to work on /home/airflow/.local/lib/python3.12/site-packages/airflow/example_dags/example_branch_operator.py
[2024-07-13T02:04:16.952+0000] {processor.py:830} INFO - Processing file /home/airflow/.local/lib/python3.12/site-packages/airflow/example_dags/example_branch_operator.py for tasks to queue
[2024-07-13T02:04:16.953+0000] {logging_mixin.py:188} INFO - [2024-07-13T02:04:16.953+0000] {dagbag.py:545} INFO - Filling up the DagBag from /home/airflow/.local/lib/python3.12/site-packages/airflow/example_dags/example_branch_operator.py
[2024-07-13T02:04:16.982+0000] {processor.py:840} INFO - DAG(s) 'example_branch_operator' retrieved from /home/airflow/.local/lib/python3.12/site-packages/airflow/example_dags/example_branch_operator.py
[2024-07-13T02:04:17.041+0000] {logging_mixin.py:188} INFO - [2024-07-13T02:04:17.041+0000] {dag.py:3096} INFO - Sync 1 DAGs
[2024-07-13T02:04:17.071+0000] {logging_mixin.py:188} INFO - [2024-07-13T02:04:17.071+0000] {dag.py:3954} INFO - Setting next_dagrun for example_branch_operator to 2024-07-12 00:00:00+00:00, run_after=2024-07-13 00:00:00+00:00
[2024-07-13T02:04:17.097+0000] {processor.py:183} INFO - Processing /home/airflow/.local/lib/python3.12/site-packages/airflow/example_dags/example_branch_operator.py took 0.155 seconds
[2024-07-13T02:04:47.334+0000] {processor.py:161} INFO - Started process (PID=536) to work on /home/airflow/.local/lib/python3.12/site-packages/airflow/example_dags/example_branch_operator.py
[2024-07-13T02:04:47.335+0000] {processor.py:830} INFO - Processing file /home/airflow/.local/lib/python3.12/site-packages/airflow/example_dags/example_branch_operator.py for tasks to queue
[2024-07-13T02:04:47.336+0000] {logging_mixin.py:188} INFO - [2024-07-13T02:04:47.336+0000] {dagbag.py:545} INFO - Filling up the DagBag from /home/airflow/.local/lib/python3.12/site-packages/airflow/example_dags/example_branch_operator.py
[2024-07-13T02:04:47.357+0000] {processor.py:840} INFO - DAG(s) 'example_branch_operator' retrieved from /home/airflow/.local/lib/python3.12/site-packages/airflow/example_dags/example_branch_operator.py
[2024-07-13T02:04:47.389+0000] {logging_mixin.py:188} INFO - [2024-07-13T02:04:47.388+0000] {dag.py:3096} INFO - Sync 1 DAGs
[2024-07-13T02:04:47.414+0000] {logging_mixin.py:188} INFO - [2024-07-13T02:04:47.414+0000] {dag.py:3954} INFO - Setting next_dagrun for example_branch_operator to 2024-07-12 00:00:00+00:00, run_after=2024-07-13 00:00:00+00:00
[2024-07-13T02:04:47.440+0000] {processor.py:183} INFO - Processing /home/airflow/.local/lib/python3.12/site-packages/airflow/example_dags/example_branch_operator.py took 0.112 seconds
[2024-07-13T02:05:17.805+0000] {processor.py:161} INFO - Started process (PID=597) to work on /home/airflow/.local/lib/python3.12/site-packages/airflow/example_dags/example_branch_operator.py
[2024-07-13T02:05:17.818+0000] {processor.py:830} INFO - Processing file /home/airflow/.local/lib/python3.12/site-packages/airflow/example_dags/example_branch_operator.py for tasks to queue
[2024-07-13T02:05:17.819+0000] {logging_mixin.py:188} INFO - [2024-07-13T02:05:17.819+0000] {dagbag.py:545} INFO - Filling up the DagBag from /home/airflow/.local/lib/python3.12/site-packages/airflow/example_dags/example_branch_operator.py
[2024-07-13T02:05:17.942+0000] {processor.py:840} INFO - DAG(s) 'example_branch_operator' retrieved from /home/airflow/.local/lib/python3.12/site-packages/airflow/example_dags/example_branch_operator.py
[2024-07-13T02:05:17.992+0000] {logging_mixin.py:188} INFO - [2024-07-13T02:05:17.992+0000] {dag.py:3096} INFO - Sync 1 DAGs
[2024-07-13T02:05:18.029+0000] {logging_mixin.py:188} INFO - [2024-07-13T02:05:18.028+0000] {dag.py:3954} INFO - Setting next_dagrun for example_branch_operator to 2024-07-12 00:00:00+00:00, run_after=2024-07-13 00:00:00+00:00
[2024-07-13T02:05:18.074+0000] {processor.py:183} INFO - Processing /home/airflow/.local/lib/python3.12/site-packages/airflow/example_dags/example_branch_operator.py took 0.300 seconds
[2024-07-13T02:05:48.368+0000] {processor.py:161} INFO - Started process (PID=658) to work on /home/airflow/.local/lib/python3.12/site-packages/airflow/example_dags/example_branch_operator.py
[2024-07-13T02:05:48.369+0000] {processor.py:830} INFO - Processing file /home/airflow/.local/lib/python3.12/site-packages/airflow/example_dags/example_branch_operator.py for tasks to queue
[2024-07-13T02:05:48.370+0000] {logging_mixin.py:188} INFO - [2024-07-13T02:05:48.370+0000] {dagbag.py:545} INFO - Filling up the DagBag from /home/airflow/.local/lib/python3.12/site-packages/airflow/example_dags/example_branch_operator.py
[2024-07-13T02:05:48.449+0000] {processor.py:840} INFO - DAG(s) 'example_branch_operator' retrieved from /home/airflow/.local/lib/python3.12/site-packages/airflow/example_dags/example_branch_operator.py
[2024-07-13T02:05:48.545+0000] {logging_mixin.py:188} INFO - [2024-07-13T02:05:48.545+0000] {dag.py:3096} INFO - Sync 1 DAGs
[2024-07-13T02:05:48.612+0000] {logging_mixin.py:188} INFO - [2024-07-13T02:05:48.612+0000] {dag.py:3954} INFO - Setting next_dagrun for example_branch_operator to 2024-07-12 00:00:00+00:00, run_after=2024-07-13 00:00:00+00:00
[2024-07-13T02:05:48.671+0000] {processor.py:183} INFO - Processing /home/airflow/.local/lib/python3.12/site-packages/airflow/example_dags/example_branch_operator.py took 0.317 seconds
[2024-07-13T02:06:18.759+0000] {processor.py:161} INFO - Started process (PID=719) to work on /home/airflow/.local/lib/python3.12/site-packages/airflow/example_dags/example_branch_operator.py
[2024-07-13T02:06:18.760+0000] {processor.py:830} INFO - Processing file /home/airflow/.local/lib/python3.12/site-packages/airflow/example_dags/example_branch_operator.py for tasks to queue
[2024-07-13T02:06:18.761+0000] {logging_mixin.py:188} INFO - [2024-07-13T02:06:18.761+0000] {dagbag.py:545} INFO - Filling up the DagBag from /home/airflow/.local/lib/python3.12/site-packages/airflow/example_dags/example_branch_operator.py
[2024-07-13T02:06:18.779+0000] {processor.py:840} INFO - DAG(s) 'example_branch_operator' retrieved from /home/airflow/.local/lib/python3.12/site-packages/airflow/example_dags/example_branch_operator.py
[2024-07-13T02:06:19.046+0000] {logging_mixin.py:188} INFO - [2024-07-13T02:06:19.046+0000] {dag.py:3096} INFO - Sync 1 DAGs
[2024-07-13T02:06:19.065+0000] {logging_mixin.py:188} INFO - [2024-07-13T02:06:19.065+0000] {dag.py:3954} INFO - Setting next_dagrun for example_branch_operator to 2024-07-12 00:00:00+00:00, run_after=2024-07-13 00:00:00+00:00
[2024-07-13T02:06:19.094+0000] {processor.py:183} INFO - Processing /home/airflow/.local/lib/python3.12/site-packages/airflow/example_dags/example_branch_operator.py took 0.340 seconds
[2024-07-13T02:06:49.527+0000] {processor.py:161} INFO - Started process (PID=780) to work on /home/airflow/.local/lib/python3.12/site-packages/airflow/example_dags/example_branch_operator.py
[2024-07-13T02:06:49.528+0000] {processor.py:830} INFO - Processing file /home/airflow/.local/lib/python3.12/site-packages/airflow/example_dags/example_branch_operator.py for tasks to queue
[2024-07-13T02:06:49.529+0000] {logging_mixin.py:188} INFO - [2024-07-13T02:06:49.528+0000] {dagbag.py:545} INFO - Filling up the DagBag from /home/airflow/.local/lib/python3.12/site-packages/airflow/example_dags/example_branch_operator.py
[2024-07-13T02:06:49.547+0000] {processor.py:840} INFO - DAG(s) 'example_branch_operator' retrieved from /home/airflow/.local/lib/python3.12/site-packages/airflow/example_dags/example_branch_operator.py
[2024-07-13T02:06:49.590+0000] {logging_mixin.py:188} INFO - [2024-07-13T02:06:49.590+0000] {dag.py:3096} INFO - Sync 1 DAGs
[2024-07-13T02:06:49.629+0000] {logging_mixin.py:188} INFO - [2024-07-13T02:06:49.629+0000] {dag.py:3954} INFO - Setting next_dagrun for example_branch_operator to 2024-07-12 00:00:00+00:00, run_after=2024-07-13 00:00:00+00:00
[2024-07-13T02:06:49.656+0000] {processor.py:183} INFO - Processing /home/airflow/.local/lib/python3.12/site-packages/airflow/example_dags/example_branch_operator.py took 0.135 seconds
[2024-07-13T02:07:19.990+0000] {processor.py:161} INFO - Started process (PID=842) to work on /home/airflow/.local/lib/python3.12/site-packages/airflow/example_dags/example_branch_operator.py
[2024-07-13T02:07:19.995+0000] {processor.py:830} INFO - Processing file /home/airflow/.local/lib/python3.12/site-packages/airflow/example_dags/example_branch_operator.py for tasks to queue
[2024-07-13T02:07:19.996+0000] {logging_mixin.py:188} INFO - [2024-07-13T02:07:19.995+0000] {dagbag.py:545} INFO - Filling up the DagBag from /home/airflow/.local/lib/python3.12/site-packages/airflow/example_dags/example_branch_operator.py
[2024-07-13T02:07:20.014+0000] {processor.py:840} INFO - DAG(s) 'example_branch_operator' retrieved from /home/airflow/.local/lib/python3.12/site-packages/airflow/example_dags/example_branch_operator.py
[2024-07-13T02:07:20.079+0000] {logging_mixin.py:188} INFO - [2024-07-13T02:07:20.079+0000] {dag.py:3096} INFO - Sync 1 DAGs
[2024-07-13T02:07:20.127+0000] {logging_mixin.py:188} INFO - [2024-07-13T02:07:20.126+0000] {dag.py:3954} INFO - Setting next_dagrun for example_branch_operator to 2024-07-12 00:00:00+00:00, run_after=2024-07-13 00:00:00+00:00
[2024-07-13T02:07:20.158+0000] {processor.py:183} INFO - Processing /home/airflow/.local/lib/python3.12/site-packages/airflow/example_dags/example_branch_operator.py took 0.173 seconds
[2024-07-13T02:07:50.367+0000] {processor.py:161} INFO - Started process (PID=903) to work on /home/airflow/.local/lib/python3.12/site-packages/airflow/example_dags/example_branch_operator.py
[2024-07-13T02:07:50.371+0000] {processor.py:830} INFO - Processing file /home/airflow/.local/lib/python3.12/site-packages/airflow/example_dags/example_branch_operator.py for tasks to queue
[2024-07-13T02:07:50.372+0000] {logging_mixin.py:188} INFO - [2024-07-13T02:07:50.372+0000] {dagbag.py:545} INFO - Filling up the DagBag from /home/airflow/.local/lib/python3.12/site-packages/airflow/example_dags/example_branch_operator.py
[2024-07-13T02:07:50.390+0000] {processor.py:840} INFO - DAG(s) 'example_branch_operator' retrieved from /home/airflow/.local/lib/python3.12/site-packages/airflow/example_dags/example_branch_operator.py
[2024-07-13T02:07:50.423+0000] {logging_mixin.py:188} INFO - [2024-07-13T02:07:50.422+0000] {dag.py:3096} INFO - Sync 1 DAGs
[2024-07-13T02:07:50.451+0000] {logging_mixin.py:188} INFO - [2024-07-13T02:07:50.450+0000] {dag.py:3954} INFO - Setting next_dagrun for example_branch_operator to 2024-07-12 00:00:00+00:00, run_after=2024-07-13 00:00:00+00:00
[2024-07-13T02:07:50.475+0000] {processor.py:183} INFO - Processing /home/airflow/.local/lib/python3.12/site-packages/airflow/example_dags/example_branch_operator.py took 0.113 seconds
[2024-07-13T02:08:21.166+0000] {processor.py:161} INFO - Started process (PID=965) to work on /home/airflow/.local/lib/python3.12/site-packages/airflow/example_dags/example_branch_operator.py
[2024-07-13T02:08:21.168+0000] {processor.py:830} INFO - Processing file /home/airflow/.local/lib/python3.12/site-packages/airflow/example_dags/example_branch_operator.py for tasks to queue
[2024-07-13T02:08:21.169+0000] {logging_mixin.py:188} INFO - [2024-07-13T02:08:21.169+0000] {dagbag.py:545} INFO - Filling up the DagBag from /home/airflow/.local/lib/python3.12/site-packages/airflow/example_dags/example_branch_operator.py
[2024-07-13T02:08:21.188+0000] {processor.py:840} INFO - DAG(s) 'example_branch_operator' retrieved from /home/airflow/.local/lib/python3.12/site-packages/airflow/example_dags/example_branch_operator.py
[2024-07-13T02:08:21.221+0000] {logging_mixin.py:188} INFO - [2024-07-13T02:08:21.221+0000] {dag.py:3096} INFO - Sync 1 DAGs
[2024-07-13T02:08:21.246+0000] {logging_mixin.py:188} INFO - [2024-07-13T02:08:21.246+0000] {dag.py:3954} INFO - Setting next_dagrun for example_branch_operator to 2024-07-12 00:00:00+00:00, run_after=2024-07-13 00:00:00+00:00
[2024-07-13T02:08:21.272+0000] {processor.py:183} INFO - Processing /home/airflow/.local/lib/python3.12/site-packages/airflow/example_dags/example_branch_operator.py took 0.111 seconds
[2024-07-13T02:08:51.369+0000] {processor.py:161} INFO - Started process (PID=1026) to work on /home/airflow/.local/lib/python3.12/site-packages/airflow/example_dags/example_branch_operator.py
[2024-07-13T02:08:51.370+0000] {processor.py:830} INFO - Processing file /home/airflow/.local/lib/python3.12/site-packages/airflow/example_dags/example_branch_operator.py for tasks to queue
[2024-07-13T02:08:51.371+0000] {logging_mixin.py:188} INFO - [2024-07-13T02:08:51.370+0000] {dagbag.py:545} INFO - Filling up the DagBag from /home/airflow/.local/lib/python3.12/site-packages/airflow/example_dags/example_branch_operator.py
[2024-07-13T02:08:51.421+0000] {processor.py:840} INFO - DAG(s) 'example_branch_operator' retrieved from /home/airflow/.local/lib/python3.12/site-packages/airflow/example_dags/example_branch_operator.py
[2024-07-13T02:08:51.598+0000] {logging_mixin.py:188} INFO - [2024-07-13T02:08:51.597+0000] {dag.py:3096} INFO - Sync 1 DAGs
[2024-07-13T02:08:51.708+0000] {logging_mixin.py:188} INFO - [2024-07-13T02:08:51.700+0000] {dag.py:3954} INFO - Setting next_dagrun for example_branch_operator to 2024-07-12 00:00:00+00:00, run_after=2024-07-13 00:00:00+00:00
[2024-07-13T02:08:51.777+0000] {processor.py:183} INFO - Processing /home/airflow/.local/lib/python3.12/site-packages/airflow/example_dags/example_branch_operator.py took 0.421 seconds
