[2024-07-13T01:30:48.812+0000] {processor.py:161} INFO - Started process (PID=62) to work on /home/airflow/.local/lib/python3.12/site-packages/airflow/example_dags/example_nested_branch_dag.py
[2024-07-13T01:30:48.822+0000] {processor.py:830} INFO - Processing file /home/airflow/.local/lib/python3.12/site-packages/airflow/example_dags/example_nested_branch_dag.py for tasks to queue
[2024-07-13T01:30:48.824+0000] {logging_mixin.py:188} INFO - [2024-07-13T01:30:48.824+0000] {dagbag.py:545} INFO - Filling up the DagBag from /home/airflow/.local/lib/python3.12/site-packages/airflow/example_dags/example_nested_branch_dag.py
[2024-07-13T01:30:48.887+0000] {processor.py:840} INFO - DAG(s) 'example_nested_branch_dag' retrieved from /home/airflow/.local/lib/python3.12/site-packages/airflow/example_dags/example_nested_branch_dag.py
[2024-07-13T01:30:49.425+0000] {logging_mixin.py:188} INFO - [2024-07-13T01:30:49.425+0000] {dag.py:3096} INFO - Sync 1 DAGs
[2024-07-13T01:30:49.539+0000] {logging_mixin.py:188} INFO - [2024-07-13T01:30:49.539+0000] {dag.py:3954} INFO - Setting next_dagrun for example_nested_branch_dag to 2024-07-12 00:00:00+00:00, run_after=2024-07-13 00:00:00+00:00
[2024-07-13T01:30:49.579+0000] {processor.py:183} INFO - Processing /home/airflow/.local/lib/python3.12/site-packages/airflow/example_dags/example_nested_branch_dag.py took 0.805 seconds
[2024-07-13T01:31:19.945+0000] {processor.py:161} INFO - Started process (PID=120) to work on /home/airflow/.local/lib/python3.12/site-packages/airflow/example_dags/example_nested_branch_dag.py
[2024-07-13T01:31:19.946+0000] {processor.py:830} INFO - Processing file /home/airflow/.local/lib/python3.12/site-packages/airflow/example_dags/example_nested_branch_dag.py for tasks to queue
[2024-07-13T01:31:19.947+0000] {logging_mixin.py:188} INFO - [2024-07-13T01:31:19.947+0000] {dagbag.py:545} INFO - Filling up the DagBag from /home/airflow/.local/lib/python3.12/site-packages/airflow/example_dags/example_nested_branch_dag.py
[2024-07-13T01:31:19.955+0000] {processor.py:840} INFO - DAG(s) 'example_nested_branch_dag' retrieved from /home/airflow/.local/lib/python3.12/site-packages/airflow/example_dags/example_nested_branch_dag.py
[2024-07-13T01:31:19.971+0000] {logging_mixin.py:188} INFO - [2024-07-13T01:31:19.971+0000] {dag.py:3096} INFO - Sync 1 DAGs
[2024-07-13T01:31:19.988+0000] {logging_mixin.py:188} INFO - [2024-07-13T01:31:19.988+0000] {dag.py:3954} INFO - Setting next_dagrun for example_nested_branch_dag to 2024-07-12 00:00:00+00:00, run_after=2024-07-13 00:00:00+00:00
[2024-07-13T01:31:20.009+0000] {processor.py:183} INFO - Processing /home/airflow/.local/lib/python3.12/site-packages/airflow/example_dags/example_nested_branch_dag.py took 0.068 seconds
[2024-07-13T01:31:50.968+0000] {processor.py:161} INFO - Started process (PID=181) to work on /home/airflow/.local/lib/python3.12/site-packages/airflow/example_dags/example_nested_branch_dag.py
[2024-07-13T01:31:50.968+0000] {processor.py:830} INFO - Processing file /home/airflow/.local/lib/python3.12/site-packages/airflow/example_dags/example_nested_branch_dag.py for tasks to queue
[2024-07-13T01:31:50.970+0000] {logging_mixin.py:188} INFO - [2024-07-13T01:31:50.969+0000] {dagbag.py:545} INFO - Filling up the DagBag from /home/airflow/.local/lib/python3.12/site-packages/airflow/example_dags/example_nested_branch_dag.py
[2024-07-13T01:31:50.977+0000] {processor.py:840} INFO - DAG(s) 'example_nested_branch_dag' retrieved from /home/airflow/.local/lib/python3.12/site-packages/airflow/example_dags/example_nested_branch_dag.py
[2024-07-13T01:31:50.998+0000] {logging_mixin.py:188} INFO - [2024-07-13T01:31:50.998+0000] {dag.py:3096} INFO - Sync 1 DAGs
[2024-07-13T01:31:51.014+0000] {logging_mixin.py:188} INFO - [2024-07-13T01:31:51.014+0000] {dag.py:3954} INFO - Setting next_dagrun for example_nested_branch_dag to 2024-07-12 00:00:00+00:00, run_after=2024-07-13 00:00:00+00:00
[2024-07-13T01:31:51.036+0000] {processor.py:183} INFO - Processing /home/airflow/.local/lib/python3.12/site-packages/airflow/example_dags/example_nested_branch_dag.py took 0.073 seconds
[2024-07-13T01:32:21.567+0000] {processor.py:161} INFO - Started process (PID=242) to work on /home/airflow/.local/lib/python3.12/site-packages/airflow/example_dags/example_nested_branch_dag.py
[2024-07-13T01:32:21.573+0000] {processor.py:830} INFO - Processing file /home/airflow/.local/lib/python3.12/site-packages/airflow/example_dags/example_nested_branch_dag.py for tasks to queue
[2024-07-13T01:32:21.575+0000] {logging_mixin.py:188} INFO - [2024-07-13T01:32:21.575+0000] {dagbag.py:545} INFO - Filling up the DagBag from /home/airflow/.local/lib/python3.12/site-packages/airflow/example_dags/example_nested_branch_dag.py
[2024-07-13T01:32:21.595+0000] {processor.py:840} INFO - DAG(s) 'example_nested_branch_dag' retrieved from /home/airflow/.local/lib/python3.12/site-packages/airflow/example_dags/example_nested_branch_dag.py
[2024-07-13T01:32:21.648+0000] {logging_mixin.py:188} INFO - [2024-07-13T01:32:21.648+0000] {dag.py:3096} INFO - Sync 1 DAGs
[2024-07-13T01:32:21.683+0000] {logging_mixin.py:188} INFO - [2024-07-13T01:32:21.683+0000] {dag.py:3954} INFO - Setting next_dagrun for example_nested_branch_dag to 2024-07-12 00:00:00+00:00, run_after=2024-07-13 00:00:00+00:00
[2024-07-13T01:32:21.727+0000] {processor.py:183} INFO - Processing /home/airflow/.local/lib/python3.12/site-packages/airflow/example_dags/example_nested_branch_dag.py took 0.171 seconds
[2024-07-13T01:32:52.621+0000] {processor.py:161} INFO - Started process (PID=303) to work on /home/airflow/.local/lib/python3.12/site-packages/airflow/example_dags/example_nested_branch_dag.py
[2024-07-13T01:32:52.622+0000] {processor.py:830} INFO - Processing file /home/airflow/.local/lib/python3.12/site-packages/airflow/example_dags/example_nested_branch_dag.py for tasks to queue
[2024-07-13T01:32:52.623+0000] {logging_mixin.py:188} INFO - [2024-07-13T01:32:52.623+0000] {dagbag.py:545} INFO - Filling up the DagBag from /home/airflow/.local/lib/python3.12/site-packages/airflow/example_dags/example_nested_branch_dag.py
[2024-07-13T01:32:52.635+0000] {processor.py:840} INFO - DAG(s) 'example_nested_branch_dag' retrieved from /home/airflow/.local/lib/python3.12/site-packages/airflow/example_dags/example_nested_branch_dag.py
[2024-07-13T01:32:52.661+0000] {logging_mixin.py:188} INFO - [2024-07-13T01:32:52.661+0000] {dag.py:3096} INFO - Sync 1 DAGs
[2024-07-13T01:32:52.678+0000] {logging_mixin.py:188} INFO - [2024-07-13T01:32:52.678+0000] {dag.py:3954} INFO - Setting next_dagrun for example_nested_branch_dag to 2024-07-12 00:00:00+00:00, run_after=2024-07-13 00:00:00+00:00
[2024-07-13T01:32:52.701+0000] {processor.py:183} INFO - Processing /home/airflow/.local/lib/python3.12/site-packages/airflow/example_dags/example_nested_branch_dag.py took 0.089 seconds
[2024-07-13T01:33:23.323+0000] {processor.py:161} INFO - Started process (PID=363) to work on /home/airflow/.local/lib/python3.12/site-packages/airflow/example_dags/example_nested_branch_dag.py
[2024-07-13T01:33:23.323+0000] {processor.py:830} INFO - Processing file /home/airflow/.local/lib/python3.12/site-packages/airflow/example_dags/example_nested_branch_dag.py for tasks to queue
[2024-07-13T01:33:23.325+0000] {logging_mixin.py:188} INFO - [2024-07-13T01:33:23.325+0000] {dagbag.py:545} INFO - Filling up the DagBag from /home/airflow/.local/lib/python3.12/site-packages/airflow/example_dags/example_nested_branch_dag.py
[2024-07-13T01:33:23.333+0000] {processor.py:840} INFO - DAG(s) 'example_nested_branch_dag' retrieved from /home/airflow/.local/lib/python3.12/site-packages/airflow/example_dags/example_nested_branch_dag.py
[2024-07-13T01:33:23.349+0000] {logging_mixin.py:188} INFO - [2024-07-13T01:33:23.349+0000] {dag.py:3096} INFO - Sync 1 DAGs
[2024-07-13T01:33:23.365+0000] {logging_mixin.py:188} INFO - [2024-07-13T01:33:23.365+0000] {dag.py:3954} INFO - Setting next_dagrun for example_nested_branch_dag to 2024-07-12 00:00:00+00:00, run_after=2024-07-13 00:00:00+00:00
[2024-07-13T01:33:23.395+0000] {processor.py:183} INFO - Processing /home/airflow/.local/lib/python3.12/site-packages/airflow/example_dags/example_nested_branch_dag.py took 0.077 seconds
[2024-07-13T01:33:53.666+0000] {processor.py:161} INFO - Started process (PID=425) to work on /home/airflow/.local/lib/python3.12/site-packages/airflow/example_dags/example_nested_branch_dag.py
[2024-07-13T01:33:53.667+0000] {processor.py:830} INFO - Processing file /home/airflow/.local/lib/python3.12/site-packages/airflow/example_dags/example_nested_branch_dag.py for tasks to queue
[2024-07-13T01:33:53.668+0000] {logging_mixin.py:188} INFO - [2024-07-13T01:33:53.668+0000] {dagbag.py:545} INFO - Filling up the DagBag from /home/airflow/.local/lib/python3.12/site-packages/airflow/example_dags/example_nested_branch_dag.py
[2024-07-13T01:33:53.675+0000] {processor.py:840} INFO - DAG(s) 'example_nested_branch_dag' retrieved from /home/airflow/.local/lib/python3.12/site-packages/airflow/example_dags/example_nested_branch_dag.py
[2024-07-13T01:33:53.696+0000] {logging_mixin.py:188} INFO - [2024-07-13T01:33:53.696+0000] {dag.py:3096} INFO - Sync 1 DAGs
[2024-07-13T01:33:53.728+0000] {logging_mixin.py:188} INFO - [2024-07-13T01:33:53.723+0000] {dag.py:3954} INFO - Setting next_dagrun for example_nested_branch_dag to 2024-07-12 00:00:00+00:00, run_after=2024-07-13 00:00:00+00:00
[2024-07-13T01:33:53.756+0000] {processor.py:183} INFO - Processing /home/airflow/.local/lib/python3.12/site-packages/airflow/example_dags/example_nested_branch_dag.py took 0.094 seconds
[2024-07-13T01:34:24.069+0000] {processor.py:161} INFO - Started process (PID=487) to work on /home/airflow/.local/lib/python3.12/site-packages/airflow/example_dags/example_nested_branch_dag.py
[2024-07-13T01:34:24.069+0000] {processor.py:830} INFO - Processing file /home/airflow/.local/lib/python3.12/site-packages/airflow/example_dags/example_nested_branch_dag.py for tasks to queue
[2024-07-13T01:34:24.071+0000] {logging_mixin.py:188} INFO - [2024-07-13T01:34:24.071+0000] {dagbag.py:545} INFO - Filling up the DagBag from /home/airflow/.local/lib/python3.12/site-packages/airflow/example_dags/example_nested_branch_dag.py
[2024-07-13T01:34:24.082+0000] {processor.py:840} INFO - DAG(s) 'example_nested_branch_dag' retrieved from /home/airflow/.local/lib/python3.12/site-packages/airflow/example_dags/example_nested_branch_dag.py
[2024-07-13T01:34:24.099+0000] {logging_mixin.py:188} INFO - [2024-07-13T01:34:24.098+0000] {dag.py:3096} INFO - Sync 1 DAGs
[2024-07-13T01:34:24.115+0000] {logging_mixin.py:188} INFO - [2024-07-13T01:34:24.115+0000] {dag.py:3954} INFO - Setting next_dagrun for example_nested_branch_dag to 2024-07-12 00:00:00+00:00, run_after=2024-07-13 00:00:00+00:00
[2024-07-13T01:34:24.135+0000] {processor.py:183} INFO - Processing /home/airflow/.local/lib/python3.12/site-packages/airflow/example_dags/example_nested_branch_dag.py took 0.072 seconds
[2024-07-13T01:34:54.220+0000] {processor.py:161} INFO - Started process (PID=548) to work on /home/airflow/.local/lib/python3.12/site-packages/airflow/example_dags/example_nested_branch_dag.py
[2024-07-13T01:34:54.221+0000] {processor.py:830} INFO - Processing file /home/airflow/.local/lib/python3.12/site-packages/airflow/example_dags/example_nested_branch_dag.py for tasks to queue
[2024-07-13T01:34:54.224+0000] {logging_mixin.py:188} INFO - [2024-07-13T01:34:54.224+0000] {dagbag.py:545} INFO - Filling up the DagBag from /home/airflow/.local/lib/python3.12/site-packages/airflow/example_dags/example_nested_branch_dag.py
[2024-07-13T01:34:54.238+0000] {processor.py:840} INFO - DAG(s) 'example_nested_branch_dag' retrieved from /home/airflow/.local/lib/python3.12/site-packages/airflow/example_dags/example_nested_branch_dag.py
[2024-07-13T01:34:54.263+0000] {logging_mixin.py:188} INFO - [2024-07-13T01:34:54.263+0000] {dag.py:3096} INFO - Sync 1 DAGs
[2024-07-13T01:34:54.300+0000] {logging_mixin.py:188} INFO - [2024-07-13T01:34:54.300+0000] {dag.py:3954} INFO - Setting next_dagrun for example_nested_branch_dag to 2024-07-12 00:00:00+00:00, run_after=2024-07-13 00:00:00+00:00
[2024-07-13T01:34:54.328+0000] {processor.py:183} INFO - Processing /home/airflow/.local/lib/python3.12/site-packages/airflow/example_dags/example_nested_branch_dag.py took 0.116 seconds
[2024-07-13T01:35:24.717+0000] {processor.py:161} INFO - Started process (PID=609) to work on /home/airflow/.local/lib/python3.12/site-packages/airflow/example_dags/example_nested_branch_dag.py
[2024-07-13T01:35:24.718+0000] {processor.py:830} INFO - Processing file /home/airflow/.local/lib/python3.12/site-packages/airflow/example_dags/example_nested_branch_dag.py for tasks to queue
[2024-07-13T01:35:24.720+0000] {logging_mixin.py:188} INFO - [2024-07-13T01:35:24.719+0000] {dagbag.py:545} INFO - Filling up the DagBag from /home/airflow/.local/lib/python3.12/site-packages/airflow/example_dags/example_nested_branch_dag.py
[2024-07-13T01:35:24.738+0000] {processor.py:840} INFO - DAG(s) 'example_nested_branch_dag' retrieved from /home/airflow/.local/lib/python3.12/site-packages/airflow/example_dags/example_nested_branch_dag.py
[2024-07-13T01:35:24.787+0000] {logging_mixin.py:188} INFO - [2024-07-13T01:35:24.787+0000] {dag.py:3096} INFO - Sync 1 DAGs
[2024-07-13T01:35:24.814+0000] {logging_mixin.py:188} INFO - [2024-07-13T01:35:24.814+0000] {dag.py:3954} INFO - Setting next_dagrun for example_nested_branch_dag to 2024-07-12 00:00:00+00:00, run_after=2024-07-13 00:00:00+00:00
[2024-07-13T01:35:24.863+0000] {processor.py:183} INFO - Processing /home/airflow/.local/lib/python3.12/site-packages/airflow/example_dags/example_nested_branch_dag.py took 0.182 seconds
[2024-07-13T01:35:54.918+0000] {processor.py:161} INFO - Started process (PID=670) to work on /home/airflow/.local/lib/python3.12/site-packages/airflow/example_dags/example_nested_branch_dag.py
[2024-07-13T01:35:54.922+0000] {processor.py:830} INFO - Processing file /home/airflow/.local/lib/python3.12/site-packages/airflow/example_dags/example_nested_branch_dag.py for tasks to queue
[2024-07-13T01:35:54.924+0000] {logging_mixin.py:188} INFO - [2024-07-13T01:35:54.924+0000] {dagbag.py:545} INFO - Filling up the DagBag from /home/airflow/.local/lib/python3.12/site-packages/airflow/example_dags/example_nested_branch_dag.py
[2024-07-13T01:35:54.947+0000] {processor.py:840} INFO - DAG(s) 'example_nested_branch_dag' retrieved from /home/airflow/.local/lib/python3.12/site-packages/airflow/example_dags/example_nested_branch_dag.py
[2024-07-13T01:35:55.006+0000] {logging_mixin.py:188} INFO - [2024-07-13T01:35:55.005+0000] {dag.py:3096} INFO - Sync 1 DAGs
[2024-07-13T01:35:55.059+0000] {logging_mixin.py:188} INFO - [2024-07-13T01:35:55.059+0000] {dag.py:3954} INFO - Setting next_dagrun for example_nested_branch_dag to 2024-07-12 00:00:00+00:00, run_after=2024-07-13 00:00:00+00:00
[2024-07-13T01:35:55.261+0000] {processor.py:183} INFO - Processing /home/airflow/.local/lib/python3.12/site-packages/airflow/example_dags/example_nested_branch_dag.py took 0.355 seconds
[2024-07-13T01:36:25.438+0000] {processor.py:161} INFO - Started process (PID=729) to work on /home/airflow/.local/lib/python3.12/site-packages/airflow/example_dags/example_nested_branch_dag.py
[2024-07-13T01:36:25.439+0000] {processor.py:830} INFO - Processing file /home/airflow/.local/lib/python3.12/site-packages/airflow/example_dags/example_nested_branch_dag.py for tasks to queue
[2024-07-13T01:36:25.441+0000] {logging_mixin.py:188} INFO - [2024-07-13T01:36:25.441+0000] {dagbag.py:545} INFO - Filling up the DagBag from /home/airflow/.local/lib/python3.12/site-packages/airflow/example_dags/example_nested_branch_dag.py
[2024-07-13T01:36:25.453+0000] {processor.py:840} INFO - DAG(s) 'example_nested_branch_dag' retrieved from /home/airflow/.local/lib/python3.12/site-packages/airflow/example_dags/example_nested_branch_dag.py
[2024-07-13T01:36:25.477+0000] {logging_mixin.py:188} INFO - [2024-07-13T01:36:25.476+0000] {dag.py:3096} INFO - Sync 1 DAGs
[2024-07-13T01:36:25.502+0000] {logging_mixin.py:188} INFO - [2024-07-13T01:36:25.502+0000] {dag.py:3954} INFO - Setting next_dagrun for example_nested_branch_dag to 2024-07-12 00:00:00+00:00, run_after=2024-07-13 00:00:00+00:00
[2024-07-13T01:36:25.527+0000] {processor.py:183} INFO - Processing /home/airflow/.local/lib/python3.12/site-packages/airflow/example_dags/example_nested_branch_dag.py took 0.096 seconds
[2024-07-13T01:36:56.020+0000] {processor.py:161} INFO - Started process (PID=790) to work on /home/airflow/.local/lib/python3.12/site-packages/airflow/example_dags/example_nested_branch_dag.py
[2024-07-13T01:36:56.021+0000] {processor.py:830} INFO - Processing file /home/airflow/.local/lib/python3.12/site-packages/airflow/example_dags/example_nested_branch_dag.py for tasks to queue
[2024-07-13T01:36:56.022+0000] {logging_mixin.py:188} INFO - [2024-07-13T01:36:56.022+0000] {dagbag.py:545} INFO - Filling up the DagBag from /home/airflow/.local/lib/python3.12/site-packages/airflow/example_dags/example_nested_branch_dag.py
[2024-07-13T01:36:56.030+0000] {processor.py:840} INFO - DAG(s) 'example_nested_branch_dag' retrieved from /home/airflow/.local/lib/python3.12/site-packages/airflow/example_dags/example_nested_branch_dag.py
[2024-07-13T01:36:56.047+0000] {logging_mixin.py:188} INFO - [2024-07-13T01:36:56.047+0000] {dag.py:3096} INFO - Sync 1 DAGs
[2024-07-13T01:36:56.064+0000] {logging_mixin.py:188} INFO - [2024-07-13T01:36:56.063+0000] {dag.py:3954} INFO - Setting next_dagrun for example_nested_branch_dag to 2024-07-12 00:00:00+00:00, run_after=2024-07-13 00:00:00+00:00
[2024-07-13T01:36:56.085+0000] {processor.py:183} INFO - Processing /home/airflow/.local/lib/python3.12/site-packages/airflow/example_dags/example_nested_branch_dag.py took 0.069 seconds
[2024-07-13T01:37:26.625+0000] {processor.py:161} INFO - Started process (PID=851) to work on /home/airflow/.local/lib/python3.12/site-packages/airflow/example_dags/example_nested_branch_dag.py
[2024-07-13T01:37:26.632+0000] {processor.py:830} INFO - Processing file /home/airflow/.local/lib/python3.12/site-packages/airflow/example_dags/example_nested_branch_dag.py for tasks to queue
[2024-07-13T01:37:26.634+0000] {logging_mixin.py:188} INFO - [2024-07-13T01:37:26.634+0000] {dagbag.py:545} INFO - Filling up the DagBag from /home/airflow/.local/lib/python3.12/site-packages/airflow/example_dags/example_nested_branch_dag.py
[2024-07-13T01:37:26.642+0000] {processor.py:840} INFO - DAG(s) 'example_nested_branch_dag' retrieved from /home/airflow/.local/lib/python3.12/site-packages/airflow/example_dags/example_nested_branch_dag.py
[2024-07-13T01:37:26.671+0000] {logging_mixin.py:188} INFO - [2024-07-13T01:37:26.670+0000] {dag.py:3096} INFO - Sync 1 DAGs
[2024-07-13T01:37:26.688+0000] {logging_mixin.py:188} INFO - [2024-07-13T01:37:26.688+0000] {dag.py:3954} INFO - Setting next_dagrun for example_nested_branch_dag to 2024-07-12 00:00:00+00:00, run_after=2024-07-13 00:00:00+00:00
[2024-07-13T01:37:26.709+0000] {processor.py:183} INFO - Processing /home/airflow/.local/lib/python3.12/site-packages/airflow/example_dags/example_nested_branch_dag.py took 0.089 seconds
[2024-07-13T01:37:57.083+0000] {processor.py:161} INFO - Started process (PID=912) to work on /home/airflow/.local/lib/python3.12/site-packages/airflow/example_dags/example_nested_branch_dag.py
[2024-07-13T01:37:57.084+0000] {processor.py:830} INFO - Processing file /home/airflow/.local/lib/python3.12/site-packages/airflow/example_dags/example_nested_branch_dag.py for tasks to queue
[2024-07-13T01:37:57.085+0000] {logging_mixin.py:188} INFO - [2024-07-13T01:37:57.085+0000] {dagbag.py:545} INFO - Filling up the DagBag from /home/airflow/.local/lib/python3.12/site-packages/airflow/example_dags/example_nested_branch_dag.py
[2024-07-13T01:37:57.093+0000] {processor.py:840} INFO - DAG(s) 'example_nested_branch_dag' retrieved from /home/airflow/.local/lib/python3.12/site-packages/airflow/example_dags/example_nested_branch_dag.py
[2024-07-13T01:37:57.109+0000] {logging_mixin.py:188} INFO - [2024-07-13T01:37:57.109+0000] {dag.py:3096} INFO - Sync 1 DAGs
[2024-07-13T01:37:57.125+0000] {logging_mixin.py:188} INFO - [2024-07-13T01:37:57.125+0000] {dag.py:3954} INFO - Setting next_dagrun for example_nested_branch_dag to 2024-07-12 00:00:00+00:00, run_after=2024-07-13 00:00:00+00:00
[2024-07-13T01:37:57.147+0000] {processor.py:183} INFO - Processing /home/airflow/.local/lib/python3.12/site-packages/airflow/example_dags/example_nested_branch_dag.py took 0.068 seconds
[2024-07-13T01:38:27.390+0000] {processor.py:161} INFO - Started process (PID=971) to work on /home/airflow/.local/lib/python3.12/site-packages/airflow/example_dags/example_nested_branch_dag.py
[2024-07-13T01:38:27.391+0000] {processor.py:830} INFO - Processing file /home/airflow/.local/lib/python3.12/site-packages/airflow/example_dags/example_nested_branch_dag.py for tasks to queue
[2024-07-13T01:38:27.393+0000] {logging_mixin.py:188} INFO - [2024-07-13T01:38:27.392+0000] {dagbag.py:545} INFO - Filling up the DagBag from /home/airflow/.local/lib/python3.12/site-packages/airflow/example_dags/example_nested_branch_dag.py
[2024-07-13T01:38:27.403+0000] {processor.py:840} INFO - DAG(s) 'example_nested_branch_dag' retrieved from /home/airflow/.local/lib/python3.12/site-packages/airflow/example_dags/example_nested_branch_dag.py
[2024-07-13T01:38:27.427+0000] {logging_mixin.py:188} INFO - [2024-07-13T01:38:27.427+0000] {dag.py:3096} INFO - Sync 1 DAGs
[2024-07-13T01:38:27.451+0000] {logging_mixin.py:188} INFO - [2024-07-13T01:38:27.451+0000] {dag.py:3954} INFO - Setting next_dagrun for example_nested_branch_dag to 2024-07-12 00:00:00+00:00, run_after=2024-07-13 00:00:00+00:00
[2024-07-13T01:38:27.477+0000] {processor.py:183} INFO - Processing /home/airflow/.local/lib/python3.12/site-packages/airflow/example_dags/example_nested_branch_dag.py took 0.092 seconds
[2024-07-13T01:38:57.825+0000] {processor.py:161} INFO - Started process (PID=1033) to work on /home/airflow/.local/lib/python3.12/site-packages/airflow/example_dags/example_nested_branch_dag.py
[2024-07-13T01:38:57.826+0000] {processor.py:830} INFO - Processing file /home/airflow/.local/lib/python3.12/site-packages/airflow/example_dags/example_nested_branch_dag.py for tasks to queue
[2024-07-13T01:38:57.828+0000] {logging_mixin.py:188} INFO - [2024-07-13T01:38:57.827+0000] {dagbag.py:545} INFO - Filling up the DagBag from /home/airflow/.local/lib/python3.12/site-packages/airflow/example_dags/example_nested_branch_dag.py
[2024-07-13T01:38:57.838+0000] {processor.py:840} INFO - DAG(s) 'example_nested_branch_dag' retrieved from /home/airflow/.local/lib/python3.12/site-packages/airflow/example_dags/example_nested_branch_dag.py
[2024-07-13T01:38:57.882+0000] {logging_mixin.py:188} INFO - [2024-07-13T01:38:57.882+0000] {dag.py:3096} INFO - Sync 1 DAGs
[2024-07-13T01:38:57.913+0000] {logging_mixin.py:188} INFO - [2024-07-13T01:38:57.912+0000] {dag.py:3954} INFO - Setting next_dagrun for example_nested_branch_dag to 2024-07-12 00:00:00+00:00, run_after=2024-07-13 00:00:00+00:00
[2024-07-13T01:38:57.940+0000] {processor.py:183} INFO - Processing /home/airflow/.local/lib/python3.12/site-packages/airflow/example_dags/example_nested_branch_dag.py took 0.121 seconds
[2024-07-13T01:39:27.990+0000] {processor.py:161} INFO - Started process (PID=1094) to work on /home/airflow/.local/lib/python3.12/site-packages/airflow/example_dags/example_nested_branch_dag.py
[2024-07-13T01:39:27.991+0000] {processor.py:830} INFO - Processing file /home/airflow/.local/lib/python3.12/site-packages/airflow/example_dags/example_nested_branch_dag.py for tasks to queue
[2024-07-13T01:39:27.993+0000] {logging_mixin.py:188} INFO - [2024-07-13T01:39:27.993+0000] {dagbag.py:545} INFO - Filling up the DagBag from /home/airflow/.local/lib/python3.12/site-packages/airflow/example_dags/example_nested_branch_dag.py
[2024-07-13T01:39:28.004+0000] {processor.py:840} INFO - DAG(s) 'example_nested_branch_dag' retrieved from /home/airflow/.local/lib/python3.12/site-packages/airflow/example_dags/example_nested_branch_dag.py
[2024-07-13T01:39:28.030+0000] {logging_mixin.py:188} INFO - [2024-07-13T01:39:28.030+0000] {dag.py:3096} INFO - Sync 1 DAGs
[2024-07-13T01:39:28.060+0000] {logging_mixin.py:188} INFO - [2024-07-13T01:39:28.060+0000] {dag.py:3954} INFO - Setting next_dagrun for example_nested_branch_dag to 2024-07-12 00:00:00+00:00, run_after=2024-07-13 00:00:00+00:00
[2024-07-13T01:39:28.087+0000] {processor.py:183} INFO - Processing /home/airflow/.local/lib/python3.12/site-packages/airflow/example_dags/example_nested_branch_dag.py took 0.103 seconds
[2024-07-13T01:43:01.555+0000] {processor.py:161} INFO - Started process (PID=55) to work on /home/airflow/.local/lib/python3.12/site-packages/airflow/example_dags/example_nested_branch_dag.py
[2024-07-13T01:43:01.571+0000] {processor.py:830} INFO - Processing file /home/airflow/.local/lib/python3.12/site-packages/airflow/example_dags/example_nested_branch_dag.py for tasks to queue
[2024-07-13T01:43:01.591+0000] {logging_mixin.py:188} INFO - [2024-07-13T01:43:01.588+0000] {dagbag.py:545} INFO - Filling up the DagBag from /home/airflow/.local/lib/python3.12/site-packages/airflow/example_dags/example_nested_branch_dag.py
[2024-07-13T01:43:01.633+0000] {processor.py:840} INFO - DAG(s) 'example_nested_branch_dag' retrieved from /home/airflow/.local/lib/python3.12/site-packages/airflow/example_dags/example_nested_branch_dag.py
[2024-07-13T01:43:02.083+0000] {logging_mixin.py:188} INFO - [2024-07-13T01:43:02.083+0000] {dag.py:3096} INFO - Sync 1 DAGs
[2024-07-13T01:43:02.124+0000] {logging_mixin.py:188} INFO - [2024-07-13T01:43:02.124+0000] {dag.py:3954} INFO - Setting next_dagrun for example_nested_branch_dag to 2024-07-12 00:00:00+00:00, run_after=2024-07-13 00:00:00+00:00
[2024-07-13T01:43:02.174+0000] {processor.py:183} INFO - Processing /home/airflow/.local/lib/python3.12/site-packages/airflow/example_dags/example_nested_branch_dag.py took 0.641 seconds
[2024-07-13T01:43:32.447+0000] {processor.py:161} INFO - Started process (PID=117) to work on /home/airflow/.local/lib/python3.12/site-packages/airflow/example_dags/example_nested_branch_dag.py
[2024-07-13T01:43:32.451+0000] {processor.py:830} INFO - Processing file /home/airflow/.local/lib/python3.12/site-packages/airflow/example_dags/example_nested_branch_dag.py for tasks to queue
[2024-07-13T01:43:32.453+0000] {logging_mixin.py:188} INFO - [2024-07-13T01:43:32.452+0000] {dagbag.py:545} INFO - Filling up the DagBag from /home/airflow/.local/lib/python3.12/site-packages/airflow/example_dags/example_nested_branch_dag.py
[2024-07-13T01:43:32.460+0000] {processor.py:840} INFO - DAG(s) 'example_nested_branch_dag' retrieved from /home/airflow/.local/lib/python3.12/site-packages/airflow/example_dags/example_nested_branch_dag.py
[2024-07-13T01:43:32.480+0000] {logging_mixin.py:188} INFO - [2024-07-13T01:43:32.479+0000] {dag.py:3096} INFO - Sync 1 DAGs
[2024-07-13T01:43:32.498+0000] {logging_mixin.py:188} INFO - [2024-07-13T01:43:32.497+0000] {dag.py:3954} INFO - Setting next_dagrun for example_nested_branch_dag to 2024-07-12 00:00:00+00:00, run_after=2024-07-13 00:00:00+00:00
[2024-07-13T01:43:32.522+0000] {processor.py:183} INFO - Processing /home/airflow/.local/lib/python3.12/site-packages/airflow/example_dags/example_nested_branch_dag.py took 0.079 seconds
[2024-07-13T01:44:03.065+0000] {processor.py:161} INFO - Started process (PID=175) to work on /home/airflow/.local/lib/python3.12/site-packages/airflow/example_dags/example_nested_branch_dag.py
[2024-07-13T01:44:03.074+0000] {processor.py:830} INFO - Processing file /home/airflow/.local/lib/python3.12/site-packages/airflow/example_dags/example_nested_branch_dag.py for tasks to queue
[2024-07-13T01:44:03.089+0000] {logging_mixin.py:188} INFO - [2024-07-13T01:44:03.089+0000] {dagbag.py:545} INFO - Filling up the DagBag from /home/airflow/.local/lib/python3.12/site-packages/airflow/example_dags/example_nested_branch_dag.py
[2024-07-13T01:44:03.101+0000] {processor.py:840} INFO - DAG(s) 'example_nested_branch_dag' retrieved from /home/airflow/.local/lib/python3.12/site-packages/airflow/example_dags/example_nested_branch_dag.py
[2024-07-13T01:44:03.155+0000] {logging_mixin.py:188} INFO - [2024-07-13T01:44:03.155+0000] {dag.py:3096} INFO - Sync 1 DAGs
[2024-07-13T01:44:03.201+0000] {logging_mixin.py:188} INFO - [2024-07-13T01:44:03.201+0000] {dag.py:3954} INFO - Setting next_dagrun for example_nested_branch_dag to 2024-07-12 00:00:00+00:00, run_after=2024-07-13 00:00:00+00:00
[2024-07-13T01:44:03.254+0000] {processor.py:183} INFO - Processing /home/airflow/.local/lib/python3.12/site-packages/airflow/example_dags/example_nested_branch_dag.py took 0.196 seconds
[2024-07-13T01:44:33.457+0000] {processor.py:161} INFO - Started process (PID=236) to work on /home/airflow/.local/lib/python3.12/site-packages/airflow/example_dags/example_nested_branch_dag.py
[2024-07-13T01:44:33.457+0000] {processor.py:830} INFO - Processing file /home/airflow/.local/lib/python3.12/site-packages/airflow/example_dags/example_nested_branch_dag.py for tasks to queue
[2024-07-13T01:44:33.458+0000] {logging_mixin.py:188} INFO - [2024-07-13T01:44:33.458+0000] {dagbag.py:545} INFO - Filling up the DagBag from /home/airflow/.local/lib/python3.12/site-packages/airflow/example_dags/example_nested_branch_dag.py
[2024-07-13T01:44:33.466+0000] {processor.py:840} INFO - DAG(s) 'example_nested_branch_dag' retrieved from /home/airflow/.local/lib/python3.12/site-packages/airflow/example_dags/example_nested_branch_dag.py
[2024-07-13T01:44:33.482+0000] {logging_mixin.py:188} INFO - [2024-07-13T01:44:33.482+0000] {dag.py:3096} INFO - Sync 1 DAGs
[2024-07-13T01:44:33.500+0000] {logging_mixin.py:188} INFO - [2024-07-13T01:44:33.500+0000] {dag.py:3954} INFO - Setting next_dagrun for example_nested_branch_dag to 2024-07-12 00:00:00+00:00, run_after=2024-07-13 00:00:00+00:00
[2024-07-13T01:44:33.525+0000] {processor.py:183} INFO - Processing /home/airflow/.local/lib/python3.12/site-packages/airflow/example_dags/example_nested_branch_dag.py took 0.073 seconds
[2024-07-13T01:45:03.627+0000] {processor.py:161} INFO - Started process (PID=297) to work on /home/airflow/.local/lib/python3.12/site-packages/airflow/example_dags/example_nested_branch_dag.py
[2024-07-13T01:45:03.628+0000] {processor.py:830} INFO - Processing file /home/airflow/.local/lib/python3.12/site-packages/airflow/example_dags/example_nested_branch_dag.py for tasks to queue
[2024-07-13T01:45:03.630+0000] {logging_mixin.py:188} INFO - [2024-07-13T01:45:03.630+0000] {dagbag.py:545} INFO - Filling up the DagBag from /home/airflow/.local/lib/python3.12/site-packages/airflow/example_dags/example_nested_branch_dag.py
[2024-07-13T01:45:03.640+0000] {processor.py:840} INFO - DAG(s) 'example_nested_branch_dag' retrieved from /home/airflow/.local/lib/python3.12/site-packages/airflow/example_dags/example_nested_branch_dag.py
[2024-07-13T01:45:03.676+0000] {logging_mixin.py:188} INFO - [2024-07-13T01:45:03.676+0000] {dag.py:3096} INFO - Sync 1 DAGs
[2024-07-13T01:45:03.727+0000] {logging_mixin.py:188} INFO - [2024-07-13T01:45:03.727+0000] {dag.py:3954} INFO - Setting next_dagrun for example_nested_branch_dag to 2024-07-12 00:00:00+00:00, run_after=2024-07-13 00:00:00+00:00
[2024-07-13T01:45:03.792+0000] {processor.py:183} INFO - Processing /home/airflow/.local/lib/python3.12/site-packages/airflow/example_dags/example_nested_branch_dag.py took 0.171 seconds
[2024-07-13T01:45:34.512+0000] {processor.py:161} INFO - Started process (PID=358) to work on /home/airflow/.local/lib/python3.12/site-packages/airflow/example_dags/example_nested_branch_dag.py
[2024-07-13T01:45:34.520+0000] {processor.py:830} INFO - Processing file /home/airflow/.local/lib/python3.12/site-packages/airflow/example_dags/example_nested_branch_dag.py for tasks to queue
[2024-07-13T01:45:34.521+0000] {logging_mixin.py:188} INFO - [2024-07-13T01:45:34.521+0000] {dagbag.py:545} INFO - Filling up the DagBag from /home/airflow/.local/lib/python3.12/site-packages/airflow/example_dags/example_nested_branch_dag.py
[2024-07-13T01:45:34.549+0000] {processor.py:840} INFO - DAG(s) 'example_nested_branch_dag' retrieved from /home/airflow/.local/lib/python3.12/site-packages/airflow/example_dags/example_nested_branch_dag.py
[2024-07-13T01:45:34.602+0000] {logging_mixin.py:188} INFO - [2024-07-13T01:45:34.601+0000] {dag.py:3096} INFO - Sync 1 DAGs
[2024-07-13T01:45:34.649+0000] {logging_mixin.py:188} INFO - [2024-07-13T01:45:34.648+0000] {dag.py:3954} INFO - Setting next_dagrun for example_nested_branch_dag to 2024-07-12 00:00:00+00:00, run_after=2024-07-13 00:00:00+00:00
[2024-07-13T01:45:34.691+0000] {processor.py:183} INFO - Processing /home/airflow/.local/lib/python3.12/site-packages/airflow/example_dags/example_nested_branch_dag.py took 0.189 seconds
[2024-07-13T01:46:04.846+0000] {processor.py:161} INFO - Started process (PID=419) to work on /home/airflow/.local/lib/python3.12/site-packages/airflow/example_dags/example_nested_branch_dag.py
[2024-07-13T01:46:04.848+0000] {processor.py:830} INFO - Processing file /home/airflow/.local/lib/python3.12/site-packages/airflow/example_dags/example_nested_branch_dag.py for tasks to queue
[2024-07-13T01:46:04.849+0000] {logging_mixin.py:188} INFO - [2024-07-13T01:46:04.849+0000] {dagbag.py:545} INFO - Filling up the DagBag from /home/airflow/.local/lib/python3.12/site-packages/airflow/example_dags/example_nested_branch_dag.py
[2024-07-13T01:46:04.863+0000] {processor.py:840} INFO - DAG(s) 'example_nested_branch_dag' retrieved from /home/airflow/.local/lib/python3.12/site-packages/airflow/example_dags/example_nested_branch_dag.py
[2024-07-13T01:46:04.899+0000] {logging_mixin.py:188} INFO - [2024-07-13T01:46:04.899+0000] {dag.py:3096} INFO - Sync 1 DAGs
[2024-07-13T01:46:04.922+0000] {logging_mixin.py:188} INFO - [2024-07-13T01:46:04.922+0000] {dag.py:3954} INFO - Setting next_dagrun for example_nested_branch_dag to 2024-07-12 00:00:00+00:00, run_after=2024-07-13 00:00:00+00:00
[2024-07-13T01:46:04.948+0000] {processor.py:183} INFO - Processing /home/airflow/.local/lib/python3.12/site-packages/airflow/example_dags/example_nested_branch_dag.py took 0.112 seconds
[2024-07-13T01:46:35.219+0000] {processor.py:161} INFO - Started process (PID=480) to work on /home/airflow/.local/lib/python3.12/site-packages/airflow/example_dags/example_nested_branch_dag.py
[2024-07-13T01:46:35.220+0000] {processor.py:830} INFO - Processing file /home/airflow/.local/lib/python3.12/site-packages/airflow/example_dags/example_nested_branch_dag.py for tasks to queue
[2024-07-13T01:46:35.222+0000] {logging_mixin.py:188} INFO - [2024-07-13T01:46:35.221+0000] {dagbag.py:545} INFO - Filling up the DagBag from /home/airflow/.local/lib/python3.12/site-packages/airflow/example_dags/example_nested_branch_dag.py
[2024-07-13T01:46:35.232+0000] {processor.py:840} INFO - DAG(s) 'example_nested_branch_dag' retrieved from /home/airflow/.local/lib/python3.12/site-packages/airflow/example_dags/example_nested_branch_dag.py
[2024-07-13T01:46:35.255+0000] {logging_mixin.py:188} INFO - [2024-07-13T01:46:35.255+0000] {dag.py:3096} INFO - Sync 1 DAGs
[2024-07-13T01:46:35.278+0000] {logging_mixin.py:188} INFO - [2024-07-13T01:46:35.278+0000] {dag.py:3954} INFO - Setting next_dagrun for example_nested_branch_dag to 2024-07-12 00:00:00+00:00, run_after=2024-07-13 00:00:00+00:00
[2024-07-13T01:46:35.305+0000] {processor.py:183} INFO - Processing /home/airflow/.local/lib/python3.12/site-packages/airflow/example_dags/example_nested_branch_dag.py took 0.092 seconds
[2024-07-13T01:47:06.552+0000] {processor.py:161} INFO - Started process (PID=541) to work on /home/airflow/.local/lib/python3.12/site-packages/airflow/example_dags/example_nested_branch_dag.py
[2024-07-13T01:47:06.562+0000] {processor.py:830} INFO - Processing file /home/airflow/.local/lib/python3.12/site-packages/airflow/example_dags/example_nested_branch_dag.py for tasks to queue
[2024-07-13T01:47:06.564+0000] {logging_mixin.py:188} INFO - [2024-07-13T01:47:06.564+0000] {dagbag.py:545} INFO - Filling up the DagBag from /home/airflow/.local/lib/python3.12/site-packages/airflow/example_dags/example_nested_branch_dag.py
[2024-07-13T01:47:06.594+0000] {processor.py:840} INFO - DAG(s) 'example_nested_branch_dag' retrieved from /home/airflow/.local/lib/python3.12/site-packages/airflow/example_dags/example_nested_branch_dag.py
[2024-07-13T01:47:06.673+0000] {logging_mixin.py:188} INFO - [2024-07-13T01:47:06.673+0000] {dag.py:3096} INFO - Sync 1 DAGs
[2024-07-13T01:47:06.761+0000] {logging_mixin.py:188} INFO - [2024-07-13T01:47:06.761+0000] {dag.py:3954} INFO - Setting next_dagrun for example_nested_branch_dag to 2024-07-12 00:00:00+00:00, run_after=2024-07-13 00:00:00+00:00
[2024-07-13T01:47:06.847+0000] {processor.py:183} INFO - Processing /home/airflow/.local/lib/python3.12/site-packages/airflow/example_dags/example_nested_branch_dag.py took 0.310 seconds
[2024-07-13T01:47:37.383+0000] {processor.py:161} INFO - Started process (PID=603) to work on /home/airflow/.local/lib/python3.12/site-packages/airflow/example_dags/example_nested_branch_dag.py
[2024-07-13T01:47:37.384+0000] {processor.py:830} INFO - Processing file /home/airflow/.local/lib/python3.12/site-packages/airflow/example_dags/example_nested_branch_dag.py for tasks to queue
[2024-07-13T01:47:37.391+0000] {logging_mixin.py:188} INFO - [2024-07-13T01:47:37.386+0000] {dagbag.py:545} INFO - Filling up the DagBag from /home/airflow/.local/lib/python3.12/site-packages/airflow/example_dags/example_nested_branch_dag.py
[2024-07-13T01:47:37.413+0000] {processor.py:840} INFO - DAG(s) 'example_nested_branch_dag' retrieved from /home/airflow/.local/lib/python3.12/site-packages/airflow/example_dags/example_nested_branch_dag.py
[2024-07-13T01:47:37.467+0000] {logging_mixin.py:188} INFO - [2024-07-13T01:47:37.467+0000] {dag.py:3096} INFO - Sync 1 DAGs
[2024-07-13T01:47:37.492+0000] {logging_mixin.py:188} INFO - [2024-07-13T01:47:37.492+0000] {dag.py:3954} INFO - Setting next_dagrun for example_nested_branch_dag to 2024-07-12 00:00:00+00:00, run_after=2024-07-13 00:00:00+00:00
[2024-07-13T01:47:37.518+0000] {processor.py:183} INFO - Processing /home/airflow/.local/lib/python3.12/site-packages/airflow/example_dags/example_nested_branch_dag.py took 0.140 seconds
[2024-07-13T01:48:08.064+0000] {processor.py:161} INFO - Started process (PID=664) to work on /home/airflow/.local/lib/python3.12/site-packages/airflow/example_dags/example_nested_branch_dag.py
[2024-07-13T01:48:08.065+0000] {processor.py:830} INFO - Processing file /home/airflow/.local/lib/python3.12/site-packages/airflow/example_dags/example_nested_branch_dag.py for tasks to queue
[2024-07-13T01:48:08.067+0000] {logging_mixin.py:188} INFO - [2024-07-13T01:48:08.066+0000] {dagbag.py:545} INFO - Filling up the DagBag from /home/airflow/.local/lib/python3.12/site-packages/airflow/example_dags/example_nested_branch_dag.py
[2024-07-13T01:48:08.077+0000] {processor.py:840} INFO - DAG(s) 'example_nested_branch_dag' retrieved from /home/airflow/.local/lib/python3.12/site-packages/airflow/example_dags/example_nested_branch_dag.py
[2024-07-13T01:48:08.105+0000] {logging_mixin.py:188} INFO - [2024-07-13T01:48:08.105+0000] {dag.py:3096} INFO - Sync 1 DAGs
[2024-07-13T01:48:08.134+0000] {logging_mixin.py:188} INFO - [2024-07-13T01:48:08.134+0000] {dag.py:3954} INFO - Setting next_dagrun for example_nested_branch_dag to 2024-07-12 00:00:00+00:00, run_after=2024-07-13 00:00:00+00:00
[2024-07-13T01:48:08.160+0000] {processor.py:183} INFO - Processing /home/airflow/.local/lib/python3.12/site-packages/airflow/example_dags/example_nested_branch_dag.py took 0.103 seconds
[2024-07-13T01:48:38.510+0000] {processor.py:161} INFO - Started process (PID=722) to work on /home/airflow/.local/lib/python3.12/site-packages/airflow/example_dags/example_nested_branch_dag.py
[2024-07-13T01:48:38.511+0000] {processor.py:830} INFO - Processing file /home/airflow/.local/lib/python3.12/site-packages/airflow/example_dags/example_nested_branch_dag.py for tasks to queue
[2024-07-13T01:48:38.512+0000] {logging_mixin.py:188} INFO - [2024-07-13T01:48:38.512+0000] {dagbag.py:545} INFO - Filling up the DagBag from /home/airflow/.local/lib/python3.12/site-packages/airflow/example_dags/example_nested_branch_dag.py
[2024-07-13T01:48:38.523+0000] {processor.py:840} INFO - DAG(s) 'example_nested_branch_dag' retrieved from /home/airflow/.local/lib/python3.12/site-packages/airflow/example_dags/example_nested_branch_dag.py
[2024-07-13T01:48:38.546+0000] {logging_mixin.py:188} INFO - [2024-07-13T01:48:38.545+0000] {dag.py:3096} INFO - Sync 1 DAGs
[2024-07-13T01:48:38.714+0000] {logging_mixin.py:188} INFO - [2024-07-13T01:48:38.713+0000] {dag.py:3954} INFO - Setting next_dagrun for example_nested_branch_dag to 2024-07-12 00:00:00+00:00, run_after=2024-07-13 00:00:00+00:00
[2024-07-13T01:48:38.736+0000] {processor.py:183} INFO - Processing /home/airflow/.local/lib/python3.12/site-packages/airflow/example_dags/example_nested_branch_dag.py took 0.232 seconds
[2024-07-13T01:49:09.106+0000] {processor.py:161} INFO - Started process (PID=783) to work on /home/airflow/.local/lib/python3.12/site-packages/airflow/example_dags/example_nested_branch_dag.py
[2024-07-13T01:49:09.125+0000] {processor.py:830} INFO - Processing file /home/airflow/.local/lib/python3.12/site-packages/airflow/example_dags/example_nested_branch_dag.py for tasks to queue
[2024-07-13T01:49:09.127+0000] {logging_mixin.py:188} INFO - [2024-07-13T01:49:09.127+0000] {dagbag.py:545} INFO - Filling up the DagBag from /home/airflow/.local/lib/python3.12/site-packages/airflow/example_dags/example_nested_branch_dag.py
[2024-07-13T01:49:09.159+0000] {processor.py:840} INFO - DAG(s) 'example_nested_branch_dag' retrieved from /home/airflow/.local/lib/python3.12/site-packages/airflow/example_dags/example_nested_branch_dag.py
[2024-07-13T01:49:09.184+0000] {logging_mixin.py:188} INFO - [2024-07-13T01:49:09.183+0000] {dag.py:3096} INFO - Sync 1 DAGs
[2024-07-13T01:49:09.207+0000] {logging_mixin.py:188} INFO - [2024-07-13T01:49:09.206+0000] {dag.py:3954} INFO - Setting next_dagrun for example_nested_branch_dag to 2024-07-12 00:00:00+00:00, run_after=2024-07-13 00:00:00+00:00
[2024-07-13T01:49:09.231+0000] {processor.py:183} INFO - Processing /home/airflow/.local/lib/python3.12/site-packages/airflow/example_dags/example_nested_branch_dag.py took 0.132 seconds
[2024-07-13T01:49:39.381+0000] {processor.py:161} INFO - Started process (PID=844) to work on /home/airflow/.local/lib/python3.12/site-packages/airflow/example_dags/example_nested_branch_dag.py
[2024-07-13T01:49:39.382+0000] {processor.py:830} INFO - Processing file /home/airflow/.local/lib/python3.12/site-packages/airflow/example_dags/example_nested_branch_dag.py for tasks to queue
[2024-07-13T01:49:39.384+0000] {logging_mixin.py:188} INFO - [2024-07-13T01:49:39.383+0000] {dagbag.py:545} INFO - Filling up the DagBag from /home/airflow/.local/lib/python3.12/site-packages/airflow/example_dags/example_nested_branch_dag.py
[2024-07-13T01:49:39.395+0000] {processor.py:840} INFO - DAG(s) 'example_nested_branch_dag' retrieved from /home/airflow/.local/lib/python3.12/site-packages/airflow/example_dags/example_nested_branch_dag.py
[2024-07-13T01:49:39.425+0000] {logging_mixin.py:188} INFO - [2024-07-13T01:49:39.425+0000] {dag.py:3096} INFO - Sync 1 DAGs
[2024-07-13T01:49:39.445+0000] {logging_mixin.py:188} INFO - [2024-07-13T01:49:39.444+0000] {dag.py:3954} INFO - Setting next_dagrun for example_nested_branch_dag to 2024-07-12 00:00:00+00:00, run_after=2024-07-13 00:00:00+00:00
[2024-07-13T01:49:39.469+0000] {processor.py:183} INFO - Processing /home/airflow/.local/lib/python3.12/site-packages/airflow/example_dags/example_nested_branch_dag.py took 0.096 seconds
[2024-07-13T01:50:10.235+0000] {processor.py:161} INFO - Started process (PID=906) to work on /home/airflow/.local/lib/python3.12/site-packages/airflow/example_dags/example_nested_branch_dag.py
[2024-07-13T01:50:10.236+0000] {processor.py:830} INFO - Processing file /home/airflow/.local/lib/python3.12/site-packages/airflow/example_dags/example_nested_branch_dag.py for tasks to queue
[2024-07-13T01:50:10.237+0000] {logging_mixin.py:188} INFO - [2024-07-13T01:50:10.237+0000] {dagbag.py:545} INFO - Filling up the DagBag from /home/airflow/.local/lib/python3.12/site-packages/airflow/example_dags/example_nested_branch_dag.py
[2024-07-13T01:50:10.250+0000] {processor.py:840} INFO - DAG(s) 'example_nested_branch_dag' retrieved from /home/airflow/.local/lib/python3.12/site-packages/airflow/example_dags/example_nested_branch_dag.py
[2024-07-13T01:50:10.274+0000] {logging_mixin.py:188} INFO - [2024-07-13T01:50:10.274+0000] {dag.py:3096} INFO - Sync 1 DAGs
[2024-07-13T01:50:10.297+0000] {logging_mixin.py:188} INFO - [2024-07-13T01:50:10.297+0000] {dag.py:3954} INFO - Setting next_dagrun for example_nested_branch_dag to 2024-07-12 00:00:00+00:00, run_after=2024-07-13 00:00:00+00:00
[2024-07-13T01:50:10.328+0000] {processor.py:183} INFO - Processing /home/airflow/.local/lib/python3.12/site-packages/airflow/example_dags/example_nested_branch_dag.py took 0.100 seconds
[2024-07-13T01:50:40.484+0000] {processor.py:161} INFO - Started process (PID=966) to work on /home/airflow/.local/lib/python3.12/site-packages/airflow/example_dags/example_nested_branch_dag.py
[2024-07-13T01:50:40.485+0000] {processor.py:830} INFO - Processing file /home/airflow/.local/lib/python3.12/site-packages/airflow/example_dags/example_nested_branch_dag.py for tasks to queue
[2024-07-13T01:50:40.487+0000] {logging_mixin.py:188} INFO - [2024-07-13T01:50:40.487+0000] {dagbag.py:545} INFO - Filling up the DagBag from /home/airflow/.local/lib/python3.12/site-packages/airflow/example_dags/example_nested_branch_dag.py
[2024-07-13T01:50:40.498+0000] {processor.py:840} INFO - DAG(s) 'example_nested_branch_dag' retrieved from /home/airflow/.local/lib/python3.12/site-packages/airflow/example_dags/example_nested_branch_dag.py
[2024-07-13T01:50:40.531+0000] {logging_mixin.py:188} INFO - [2024-07-13T01:50:40.531+0000] {dag.py:3096} INFO - Sync 1 DAGs
[2024-07-13T01:50:40.564+0000] {logging_mixin.py:188} INFO - [2024-07-13T01:50:40.564+0000] {dag.py:3954} INFO - Setting next_dagrun for example_nested_branch_dag to 2024-07-12 00:00:00+00:00, run_after=2024-07-13 00:00:00+00:00
[2024-07-13T01:50:40.621+0000] {processor.py:183} INFO - Processing /home/airflow/.local/lib/python3.12/site-packages/airflow/example_dags/example_nested_branch_dag.py took 0.143 seconds
[2024-07-13T01:51:10.931+0000] {processor.py:161} INFO - Started process (PID=1027) to work on /home/airflow/.local/lib/python3.12/site-packages/airflow/example_dags/example_nested_branch_dag.py
[2024-07-13T01:51:10.932+0000] {processor.py:830} INFO - Processing file /home/airflow/.local/lib/python3.12/site-packages/airflow/example_dags/example_nested_branch_dag.py for tasks to queue
[2024-07-13T01:51:10.933+0000] {logging_mixin.py:188} INFO - [2024-07-13T01:51:10.933+0000] {dagbag.py:545} INFO - Filling up the DagBag from /home/airflow/.local/lib/python3.12/site-packages/airflow/example_dags/example_nested_branch_dag.py
[2024-07-13T01:51:10.945+0000] {processor.py:840} INFO - DAG(s) 'example_nested_branch_dag' retrieved from /home/airflow/.local/lib/python3.12/site-packages/airflow/example_dags/example_nested_branch_dag.py
[2024-07-13T01:51:10.995+0000] {logging_mixin.py:188} INFO - [2024-07-13T01:51:10.995+0000] {dag.py:3096} INFO - Sync 1 DAGs
[2024-07-13T01:51:11.059+0000] {logging_mixin.py:188} INFO - [2024-07-13T01:51:11.059+0000] {dag.py:3954} INFO - Setting next_dagrun for example_nested_branch_dag to 2024-07-12 00:00:00+00:00, run_after=2024-07-13 00:00:00+00:00
[2024-07-13T01:51:11.195+0000] {processor.py:183} INFO - Processing /home/airflow/.local/lib/python3.12/site-packages/airflow/example_dags/example_nested_branch_dag.py took 0.284 seconds
[2024-07-13T01:51:41.494+0000] {processor.py:161} INFO - Started process (PID=1089) to work on /home/airflow/.local/lib/python3.12/site-packages/airflow/example_dags/example_nested_branch_dag.py
[2024-07-13T01:51:41.498+0000] {processor.py:830} INFO - Processing file /home/airflow/.local/lib/python3.12/site-packages/airflow/example_dags/example_nested_branch_dag.py for tasks to queue
[2024-07-13T01:51:41.503+0000] {logging_mixin.py:188} INFO - [2024-07-13T01:51:41.502+0000] {dagbag.py:545} INFO - Filling up the DagBag from /home/airflow/.local/lib/python3.12/site-packages/airflow/example_dags/example_nested_branch_dag.py
[2024-07-13T01:51:41.516+0000] {processor.py:840} INFO - DAG(s) 'example_nested_branch_dag' retrieved from /home/airflow/.local/lib/python3.12/site-packages/airflow/example_dags/example_nested_branch_dag.py
[2024-07-13T01:51:41.565+0000] {logging_mixin.py:188} INFO - [2024-07-13T01:51:41.564+0000] {dag.py:3096} INFO - Sync 1 DAGs
[2024-07-13T01:51:41.611+0000] {logging_mixin.py:188} INFO - [2024-07-13T01:51:41.611+0000] {dag.py:3954} INFO - Setting next_dagrun for example_nested_branch_dag to 2024-07-12 00:00:00+00:00, run_after=2024-07-13 00:00:00+00:00
[2024-07-13T01:51:41.656+0000] {processor.py:183} INFO - Processing /home/airflow/.local/lib/python3.12/site-packages/airflow/example_dags/example_nested_branch_dag.py took 0.175 seconds
[2024-07-13T01:52:12.294+0000] {processor.py:161} INFO - Started process (PID=1149) to work on /home/airflow/.local/lib/python3.12/site-packages/airflow/example_dags/example_nested_branch_dag.py
[2024-07-13T01:52:12.296+0000] {processor.py:830} INFO - Processing file /home/airflow/.local/lib/python3.12/site-packages/airflow/example_dags/example_nested_branch_dag.py for tasks to queue
[2024-07-13T01:52:12.298+0000] {logging_mixin.py:188} INFO - [2024-07-13T01:52:12.298+0000] {dagbag.py:545} INFO - Filling up the DagBag from /home/airflow/.local/lib/python3.12/site-packages/airflow/example_dags/example_nested_branch_dag.py
[2024-07-13T01:52:12.324+0000] {processor.py:840} INFO - DAG(s) 'example_nested_branch_dag' retrieved from /home/airflow/.local/lib/python3.12/site-packages/airflow/example_dags/example_nested_branch_dag.py
[2024-07-13T01:52:12.355+0000] {logging_mixin.py:188} INFO - [2024-07-13T01:52:12.355+0000] {dag.py:3096} INFO - Sync 1 DAGs
[2024-07-13T01:52:12.379+0000] {logging_mixin.py:188} INFO - [2024-07-13T01:52:12.379+0000] {dag.py:3954} INFO - Setting next_dagrun for example_nested_branch_dag to 2024-07-12 00:00:00+00:00, run_after=2024-07-13 00:00:00+00:00
[2024-07-13T01:52:12.406+0000] {processor.py:183} INFO - Processing /home/airflow/.local/lib/python3.12/site-packages/airflow/example_dags/example_nested_branch_dag.py took 0.119 seconds
[2024-07-13T01:52:42.796+0000] {processor.py:161} INFO - Started process (PID=1210) to work on /home/airflow/.local/lib/python3.12/site-packages/airflow/example_dags/example_nested_branch_dag.py
[2024-07-13T01:52:42.797+0000] {processor.py:830} INFO - Processing file /home/airflow/.local/lib/python3.12/site-packages/airflow/example_dags/example_nested_branch_dag.py for tasks to queue
[2024-07-13T01:52:42.799+0000] {logging_mixin.py:188} INFO - [2024-07-13T01:52:42.798+0000] {dagbag.py:545} INFO - Filling up the DagBag from /home/airflow/.local/lib/python3.12/site-packages/airflow/example_dags/example_nested_branch_dag.py
[2024-07-13T01:52:42.810+0000] {processor.py:840} INFO - DAG(s) 'example_nested_branch_dag' retrieved from /home/airflow/.local/lib/python3.12/site-packages/airflow/example_dags/example_nested_branch_dag.py
[2024-07-13T01:52:42.833+0000] {logging_mixin.py:188} INFO - [2024-07-13T01:52:42.833+0000] {dag.py:3096} INFO - Sync 1 DAGs
[2024-07-13T01:52:42.853+0000] {logging_mixin.py:188} INFO - [2024-07-13T01:52:42.853+0000] {dag.py:3954} INFO - Setting next_dagrun for example_nested_branch_dag to 2024-07-12 00:00:00+00:00, run_after=2024-07-13 00:00:00+00:00
[2024-07-13T01:52:42.877+0000] {processor.py:183} INFO - Processing /home/airflow/.local/lib/python3.12/site-packages/airflow/example_dags/example_nested_branch_dag.py took 0.087 seconds
[2024-07-13T01:53:13.146+0000] {processor.py:161} INFO - Started process (PID=1271) to work on /home/airflow/.local/lib/python3.12/site-packages/airflow/example_dags/example_nested_branch_dag.py
[2024-07-13T01:53:13.147+0000] {processor.py:830} INFO - Processing file /home/airflow/.local/lib/python3.12/site-packages/airflow/example_dags/example_nested_branch_dag.py for tasks to queue
[2024-07-13T01:53:13.148+0000] {logging_mixin.py:188} INFO - [2024-07-13T01:53:13.148+0000] {dagbag.py:545} INFO - Filling up the DagBag from /home/airflow/.local/lib/python3.12/site-packages/airflow/example_dags/example_nested_branch_dag.py
[2024-07-13T01:53:13.159+0000] {processor.py:840} INFO - DAG(s) 'example_nested_branch_dag' retrieved from /home/airflow/.local/lib/python3.12/site-packages/airflow/example_dags/example_nested_branch_dag.py
[2024-07-13T01:53:13.184+0000] {logging_mixin.py:188} INFO - [2024-07-13T01:53:13.183+0000] {dag.py:3096} INFO - Sync 1 DAGs
[2024-07-13T01:53:13.205+0000] {logging_mixin.py:188} INFO - [2024-07-13T01:53:13.205+0000] {dag.py:3954} INFO - Setting next_dagrun for example_nested_branch_dag to 2024-07-12 00:00:00+00:00, run_after=2024-07-13 00:00:00+00:00
[2024-07-13T01:53:13.230+0000] {processor.py:183} INFO - Processing /home/airflow/.local/lib/python3.12/site-packages/airflow/example_dags/example_nested_branch_dag.py took 0.090 seconds
[2024-07-13T01:53:43.605+0000] {processor.py:161} INFO - Started process (PID=1332) to work on /home/airflow/.local/lib/python3.12/site-packages/airflow/example_dags/example_nested_branch_dag.py
[2024-07-13T01:53:43.619+0000] {processor.py:830} INFO - Processing file /home/airflow/.local/lib/python3.12/site-packages/airflow/example_dags/example_nested_branch_dag.py for tasks to queue
[2024-07-13T01:53:43.621+0000] {logging_mixin.py:188} INFO - [2024-07-13T01:53:43.620+0000] {dagbag.py:545} INFO - Filling up the DagBag from /home/airflow/.local/lib/python3.12/site-packages/airflow/example_dags/example_nested_branch_dag.py
[2024-07-13T01:53:43.639+0000] {processor.py:840} INFO - DAG(s) 'example_nested_branch_dag' retrieved from /home/airflow/.local/lib/python3.12/site-packages/airflow/example_dags/example_nested_branch_dag.py
[2024-07-13T01:53:43.674+0000] {logging_mixin.py:188} INFO - [2024-07-13T01:53:43.674+0000] {dag.py:3096} INFO - Sync 1 DAGs
[2024-07-13T01:53:43.704+0000] {logging_mixin.py:188} INFO - [2024-07-13T01:53:43.704+0000] {dag.py:3954} INFO - Setting next_dagrun for example_nested_branch_dag to 2024-07-12 00:00:00+00:00, run_after=2024-07-13 00:00:00+00:00
[2024-07-13T01:53:43.732+0000] {processor.py:183} INFO - Processing /home/airflow/.local/lib/python3.12/site-packages/airflow/example_dags/example_nested_branch_dag.py took 0.145 seconds
[2024-07-13T01:54:13.962+0000] {processor.py:161} INFO - Started process (PID=1393) to work on /home/airflow/.local/lib/python3.12/site-packages/airflow/example_dags/example_nested_branch_dag.py
[2024-07-13T01:54:13.963+0000] {processor.py:830} INFO - Processing file /home/airflow/.local/lib/python3.12/site-packages/airflow/example_dags/example_nested_branch_dag.py for tasks to queue
[2024-07-13T01:54:13.979+0000] {logging_mixin.py:188} INFO - [2024-07-13T01:54:13.975+0000] {dagbag.py:545} INFO - Filling up the DagBag from /home/airflow/.local/lib/python3.12/site-packages/airflow/example_dags/example_nested_branch_dag.py
[2024-07-13T01:54:13.990+0000] {processor.py:840} INFO - DAG(s) 'example_nested_branch_dag' retrieved from /home/airflow/.local/lib/python3.12/site-packages/airflow/example_dags/example_nested_branch_dag.py
[2024-07-13T01:54:14.015+0000] {logging_mixin.py:188} INFO - [2024-07-13T01:54:14.015+0000] {dag.py:3096} INFO - Sync 1 DAGs
[2024-07-13T01:54:14.038+0000] {logging_mixin.py:188} INFO - [2024-07-13T01:54:14.038+0000] {dag.py:3954} INFO - Setting next_dagrun for example_nested_branch_dag to 2024-07-12 00:00:00+00:00, run_after=2024-07-13 00:00:00+00:00
[2024-07-13T01:54:14.080+0000] {processor.py:183} INFO - Processing /home/airflow/.local/lib/python3.12/site-packages/airflow/example_dags/example_nested_branch_dag.py took 0.124 seconds
[2024-07-13T01:54:44.192+0000] {processor.py:161} INFO - Started process (PID=1456) to work on /home/airflow/.local/lib/python3.12/site-packages/airflow/example_dags/example_nested_branch_dag.py
[2024-07-13T01:54:44.193+0000] {processor.py:830} INFO - Processing file /home/airflow/.local/lib/python3.12/site-packages/airflow/example_dags/example_nested_branch_dag.py for tasks to queue
[2024-07-13T01:54:44.195+0000] {logging_mixin.py:188} INFO - [2024-07-13T01:54:44.194+0000] {dagbag.py:545} INFO - Filling up the DagBag from /home/airflow/.local/lib/python3.12/site-packages/airflow/example_dags/example_nested_branch_dag.py
[2024-07-13T01:54:44.205+0000] {processor.py:840} INFO - DAG(s) 'example_nested_branch_dag' retrieved from /home/airflow/.local/lib/python3.12/site-packages/airflow/example_dags/example_nested_branch_dag.py
[2024-07-13T01:54:44.229+0000] {logging_mixin.py:188} INFO - [2024-07-13T01:54:44.229+0000] {dag.py:3096} INFO - Sync 1 DAGs
[2024-07-13T01:54:44.250+0000] {logging_mixin.py:188} INFO - [2024-07-13T01:54:44.250+0000] {dag.py:3954} INFO - Setting next_dagrun for example_nested_branch_dag to 2024-07-12 00:00:00+00:00, run_after=2024-07-13 00:00:00+00:00
[2024-07-13T01:54:44.274+0000] {processor.py:183} INFO - Processing /home/airflow/.local/lib/python3.12/site-packages/airflow/example_dags/example_nested_branch_dag.py took 0.088 seconds
[2024-07-13T01:55:14.480+0000] {processor.py:161} INFO - Started process (PID=1517) to work on /home/airflow/.local/lib/python3.12/site-packages/airflow/example_dags/example_nested_branch_dag.py
[2024-07-13T01:55:14.481+0000] {processor.py:830} INFO - Processing file /home/airflow/.local/lib/python3.12/site-packages/airflow/example_dags/example_nested_branch_dag.py for tasks to queue
[2024-07-13T01:55:14.483+0000] {logging_mixin.py:188} INFO - [2024-07-13T01:55:14.483+0000] {dagbag.py:545} INFO - Filling up the DagBag from /home/airflow/.local/lib/python3.12/site-packages/airflow/example_dags/example_nested_branch_dag.py
[2024-07-13T01:55:14.494+0000] {processor.py:840} INFO - DAG(s) 'example_nested_branch_dag' retrieved from /home/airflow/.local/lib/python3.12/site-packages/airflow/example_dags/example_nested_branch_dag.py
[2024-07-13T01:55:14.517+0000] {logging_mixin.py:188} INFO - [2024-07-13T01:55:14.517+0000] {dag.py:3096} INFO - Sync 1 DAGs
[2024-07-13T01:55:14.538+0000] {logging_mixin.py:188} INFO - [2024-07-13T01:55:14.538+0000] {dag.py:3954} INFO - Setting next_dagrun for example_nested_branch_dag to 2024-07-12 00:00:00+00:00, run_after=2024-07-13 00:00:00+00:00
[2024-07-13T01:55:14.560+0000] {processor.py:183} INFO - Processing /home/airflow/.local/lib/python3.12/site-packages/airflow/example_dags/example_nested_branch_dag.py took 0.086 seconds
[2024-07-13T01:55:45.408+0000] {processor.py:161} INFO - Started process (PID=1579) to work on /home/airflow/.local/lib/python3.12/site-packages/airflow/example_dags/example_nested_branch_dag.py
[2024-07-13T01:55:45.409+0000] {processor.py:830} INFO - Processing file /home/airflow/.local/lib/python3.12/site-packages/airflow/example_dags/example_nested_branch_dag.py for tasks to queue
[2024-07-13T01:55:45.411+0000] {logging_mixin.py:188} INFO - [2024-07-13T01:55:45.410+0000] {dagbag.py:545} INFO - Filling up the DagBag from /home/airflow/.local/lib/python3.12/site-packages/airflow/example_dags/example_nested_branch_dag.py
[2024-07-13T01:55:45.421+0000] {processor.py:840} INFO - DAG(s) 'example_nested_branch_dag' retrieved from /home/airflow/.local/lib/python3.12/site-packages/airflow/example_dags/example_nested_branch_dag.py
[2024-07-13T01:55:45.444+0000] {logging_mixin.py:188} INFO - [2024-07-13T01:55:45.444+0000] {dag.py:3096} INFO - Sync 1 DAGs
[2024-07-13T01:55:45.465+0000] {logging_mixin.py:188} INFO - [2024-07-13T01:55:45.465+0000] {dag.py:3954} INFO - Setting next_dagrun for example_nested_branch_dag to 2024-07-12 00:00:00+00:00, run_after=2024-07-13 00:00:00+00:00
[2024-07-13T01:55:45.490+0000] {processor.py:183} INFO - Processing /home/airflow/.local/lib/python3.12/site-packages/airflow/example_dags/example_nested_branch_dag.py took 0.090 seconds
[2024-07-13T01:56:15.898+0000] {processor.py:161} INFO - Started process (PID=1641) to work on /home/airflow/.local/lib/python3.12/site-packages/airflow/example_dags/example_nested_branch_dag.py
[2024-07-13T01:56:15.899+0000] {processor.py:830} INFO - Processing file /home/airflow/.local/lib/python3.12/site-packages/airflow/example_dags/example_nested_branch_dag.py for tasks to queue
[2024-07-13T01:56:15.901+0000] {logging_mixin.py:188} INFO - [2024-07-13T01:56:15.900+0000] {dagbag.py:545} INFO - Filling up the DagBag from /home/airflow/.local/lib/python3.12/site-packages/airflow/example_dags/example_nested_branch_dag.py
[2024-07-13T01:56:15.912+0000] {processor.py:840} INFO - DAG(s) 'example_nested_branch_dag' retrieved from /home/airflow/.local/lib/python3.12/site-packages/airflow/example_dags/example_nested_branch_dag.py
[2024-07-13T01:56:15.932+0000] {logging_mixin.py:188} INFO - [2024-07-13T01:56:15.932+0000] {dag.py:3096} INFO - Sync 1 DAGs
[2024-07-13T01:56:15.955+0000] {logging_mixin.py:188} INFO - [2024-07-13T01:56:15.955+0000] {dag.py:3954} INFO - Setting next_dagrun for example_nested_branch_dag to 2024-07-12 00:00:00+00:00, run_after=2024-07-13 00:00:00+00:00
[2024-07-13T01:56:15.982+0000] {processor.py:183} INFO - Processing /home/airflow/.local/lib/python3.12/site-packages/airflow/example_dags/example_nested_branch_dag.py took 0.090 seconds
[2024-07-13T02:00:43.990+0000] {processor.py:161} INFO - Started process (PID=55) to work on /home/airflow/.local/lib/python3.12/site-packages/airflow/example_dags/example_nested_branch_dag.py
[2024-07-13T02:00:44.010+0000] {processor.py:830} INFO - Processing file /home/airflow/.local/lib/python3.12/site-packages/airflow/example_dags/example_nested_branch_dag.py for tasks to queue
[2024-07-13T02:00:44.012+0000] {logging_mixin.py:188} INFO - [2024-07-13T02:00:44.012+0000] {dagbag.py:545} INFO - Filling up the DagBag from /home/airflow/.local/lib/python3.12/site-packages/airflow/example_dags/example_nested_branch_dag.py
[2024-07-13T02:00:44.038+0000] {processor.py:840} INFO - DAG(s) 'example_nested_branch_dag' retrieved from /home/airflow/.local/lib/python3.12/site-packages/airflow/example_dags/example_nested_branch_dag.py
[2024-07-13T02:00:44.378+0000] {logging_mixin.py:188} INFO - [2024-07-13T02:00:44.378+0000] {dag.py:3096} INFO - Sync 1 DAGs
[2024-07-13T02:00:44.424+0000] {logging_mixin.py:188} INFO - [2024-07-13T02:00:44.423+0000] {dag.py:3954} INFO - Setting next_dagrun for example_nested_branch_dag to 2024-07-12 00:00:00+00:00, run_after=2024-07-13 00:00:00+00:00
[2024-07-13T02:00:44.487+0000] {processor.py:183} INFO - Processing /home/airflow/.local/lib/python3.12/site-packages/airflow/example_dags/example_nested_branch_dag.py took 0.512 seconds
[2024-07-13T02:01:14.913+0000] {processor.py:161} INFO - Started process (PID=116) to work on /home/airflow/.local/lib/python3.12/site-packages/airflow/example_dags/example_nested_branch_dag.py
[2024-07-13T02:01:14.914+0000] {processor.py:830} INFO - Processing file /home/airflow/.local/lib/python3.12/site-packages/airflow/example_dags/example_nested_branch_dag.py for tasks to queue
[2024-07-13T02:01:14.916+0000] {logging_mixin.py:188} INFO - [2024-07-13T02:01:14.915+0000] {dagbag.py:545} INFO - Filling up the DagBag from /home/airflow/.local/lib/python3.12/site-packages/airflow/example_dags/example_nested_branch_dag.py
[2024-07-13T02:01:14.926+0000] {processor.py:840} INFO - DAG(s) 'example_nested_branch_dag' retrieved from /home/airflow/.local/lib/python3.12/site-packages/airflow/example_dags/example_nested_branch_dag.py
[2024-07-13T02:01:14.951+0000] {logging_mixin.py:188} INFO - [2024-07-13T02:01:14.951+0000] {dag.py:3096} INFO - Sync 1 DAGs
[2024-07-13T02:01:14.977+0000] {logging_mixin.py:188} INFO - [2024-07-13T02:01:14.977+0000] {dag.py:3954} INFO - Setting next_dagrun for example_nested_branch_dag to 2024-07-12 00:00:00+00:00, run_after=2024-07-13 00:00:00+00:00
[2024-07-13T02:01:15.006+0000] {processor.py:183} INFO - Processing /home/airflow/.local/lib/python3.12/site-packages/airflow/example_dags/example_nested_branch_dag.py took 0.098 seconds
[2024-07-13T02:01:45.754+0000] {processor.py:161} INFO - Started process (PID=177) to work on /home/airflow/.local/lib/python3.12/site-packages/airflow/example_dags/example_nested_branch_dag.py
[2024-07-13T02:01:45.758+0000] {processor.py:830} INFO - Processing file /home/airflow/.local/lib/python3.12/site-packages/airflow/example_dags/example_nested_branch_dag.py for tasks to queue
[2024-07-13T02:01:45.762+0000] {logging_mixin.py:188} INFO - [2024-07-13T02:01:45.762+0000] {dagbag.py:545} INFO - Filling up the DagBag from /home/airflow/.local/lib/python3.12/site-packages/airflow/example_dags/example_nested_branch_dag.py
[2024-07-13T02:01:45.805+0000] {processor.py:840} INFO - DAG(s) 'example_nested_branch_dag' retrieved from /home/airflow/.local/lib/python3.12/site-packages/airflow/example_dags/example_nested_branch_dag.py
[2024-07-13T02:01:45.879+0000] {logging_mixin.py:188} INFO - [2024-07-13T02:01:45.879+0000] {dag.py:3096} INFO - Sync 1 DAGs
[2024-07-13T02:01:45.944+0000] {logging_mixin.py:188} INFO - [2024-07-13T02:01:45.944+0000] {dag.py:3954} INFO - Setting next_dagrun for example_nested_branch_dag to 2024-07-12 00:00:00+00:00, run_after=2024-07-13 00:00:00+00:00
[2024-07-13T02:01:46.039+0000] {processor.py:183} INFO - Processing /home/airflow/.local/lib/python3.12/site-packages/airflow/example_dags/example_nested_branch_dag.py took 0.308 seconds
[2024-07-13T02:02:16.165+0000] {processor.py:161} INFO - Started process (PID=239) to work on /home/airflow/.local/lib/python3.12/site-packages/airflow/example_dags/example_nested_branch_dag.py
[2024-07-13T02:02:16.166+0000] {processor.py:830} INFO - Processing file /home/airflow/.local/lib/python3.12/site-packages/airflow/example_dags/example_nested_branch_dag.py for tasks to queue
[2024-07-13T02:02:16.167+0000] {logging_mixin.py:188} INFO - [2024-07-13T02:02:16.167+0000] {dagbag.py:545} INFO - Filling up the DagBag from /home/airflow/.local/lib/python3.12/site-packages/airflow/example_dags/example_nested_branch_dag.py
[2024-07-13T02:02:16.178+0000] {processor.py:840} INFO - DAG(s) 'example_nested_branch_dag' retrieved from /home/airflow/.local/lib/python3.12/site-packages/airflow/example_dags/example_nested_branch_dag.py
[2024-07-13T02:02:16.203+0000] {logging_mixin.py:188} INFO - [2024-07-13T02:02:16.203+0000] {dag.py:3096} INFO - Sync 1 DAGs
[2024-07-13T02:02:16.223+0000] {logging_mixin.py:188} INFO - [2024-07-13T02:02:16.223+0000] {dag.py:3954} INFO - Setting next_dagrun for example_nested_branch_dag to 2024-07-12 00:00:00+00:00, run_after=2024-07-13 00:00:00+00:00
[2024-07-13T02:02:16.248+0000] {processor.py:183} INFO - Processing /home/airflow/.local/lib/python3.12/site-packages/airflow/example_dags/example_nested_branch_dag.py took 0.089 seconds
[2024-07-13T02:02:46.393+0000] {processor.py:161} INFO - Started process (PID=301) to work on /home/airflow/.local/lib/python3.12/site-packages/airflow/example_dags/example_nested_branch_dag.py
[2024-07-13T02:02:46.393+0000] {processor.py:830} INFO - Processing file /home/airflow/.local/lib/python3.12/site-packages/airflow/example_dags/example_nested_branch_dag.py for tasks to queue
[2024-07-13T02:02:46.394+0000] {logging_mixin.py:188} INFO - [2024-07-13T02:02:46.394+0000] {dagbag.py:545} INFO - Filling up the DagBag from /home/airflow/.local/lib/python3.12/site-packages/airflow/example_dags/example_nested_branch_dag.py
[2024-07-13T02:02:46.402+0000] {processor.py:840} INFO - DAG(s) 'example_nested_branch_dag' retrieved from /home/airflow/.local/lib/python3.12/site-packages/airflow/example_dags/example_nested_branch_dag.py
[2024-07-13T02:02:46.421+0000] {logging_mixin.py:188} INFO - [2024-07-13T02:02:46.421+0000] {dag.py:3096} INFO - Sync 1 DAGs
[2024-07-13T02:02:46.437+0000] {logging_mixin.py:188} INFO - [2024-07-13T02:02:46.437+0000] {dag.py:3954} INFO - Setting next_dagrun for example_nested_branch_dag to 2024-07-12 00:00:00+00:00, run_after=2024-07-13 00:00:00+00:00
[2024-07-13T02:02:46.459+0000] {processor.py:183} INFO - Processing /home/airflow/.local/lib/python3.12/site-packages/airflow/example_dags/example_nested_branch_dag.py took 0.071 seconds
[2024-07-13T02:03:16.631+0000] {processor.py:161} INFO - Started process (PID=362) to work on /home/airflow/.local/lib/python3.12/site-packages/airflow/example_dags/example_nested_branch_dag.py
[2024-07-13T02:03:16.632+0000] {processor.py:830} INFO - Processing file /home/airflow/.local/lib/python3.12/site-packages/airflow/example_dags/example_nested_branch_dag.py for tasks to queue
[2024-07-13T02:03:16.633+0000] {logging_mixin.py:188} INFO - [2024-07-13T02:03:16.633+0000] {dagbag.py:545} INFO - Filling up the DagBag from /home/airflow/.local/lib/python3.12/site-packages/airflow/example_dags/example_nested_branch_dag.py
[2024-07-13T02:03:16.644+0000] {processor.py:840} INFO - DAG(s) 'example_nested_branch_dag' retrieved from /home/airflow/.local/lib/python3.12/site-packages/airflow/example_dags/example_nested_branch_dag.py
[2024-07-13T02:03:16.667+0000] {logging_mixin.py:188} INFO - [2024-07-13T02:03:16.667+0000] {dag.py:3096} INFO - Sync 1 DAGs
[2024-07-13T02:03:16.687+0000] {logging_mixin.py:188} INFO - [2024-07-13T02:03:16.687+0000] {dag.py:3954} INFO - Setting next_dagrun for example_nested_branch_dag to 2024-07-12 00:00:00+00:00, run_after=2024-07-13 00:00:00+00:00
[2024-07-13T02:03:16.713+0000] {processor.py:183} INFO - Processing /home/airflow/.local/lib/python3.12/site-packages/airflow/example_dags/example_nested_branch_dag.py took 0.088 seconds
[2024-07-13T02:03:46.843+0000] {processor.py:161} INFO - Started process (PID=423) to work on /home/airflow/.local/lib/python3.12/site-packages/airflow/example_dags/example_nested_branch_dag.py
[2024-07-13T02:03:46.843+0000] {processor.py:830} INFO - Processing file /home/airflow/.local/lib/python3.12/site-packages/airflow/example_dags/example_nested_branch_dag.py for tasks to queue
[2024-07-13T02:03:46.844+0000] {logging_mixin.py:188} INFO - [2024-07-13T02:03:46.844+0000] {dagbag.py:545} INFO - Filling up the DagBag from /home/airflow/.local/lib/python3.12/site-packages/airflow/example_dags/example_nested_branch_dag.py
[2024-07-13T02:03:46.854+0000] {processor.py:840} INFO - DAG(s) 'example_nested_branch_dag' retrieved from /home/airflow/.local/lib/python3.12/site-packages/airflow/example_dags/example_nested_branch_dag.py
[2024-07-13T02:03:46.872+0000] {logging_mixin.py:188} INFO - [2024-07-13T02:03:46.872+0000] {dag.py:3096} INFO - Sync 1 DAGs
[2024-07-13T02:03:46.893+0000] {logging_mixin.py:188} INFO - [2024-07-13T02:03:46.893+0000] {dag.py:3954} INFO - Setting next_dagrun for example_nested_branch_dag to 2024-07-12 00:00:00+00:00, run_after=2024-07-13 00:00:00+00:00
[2024-07-13T02:03:46.919+0000] {processor.py:183} INFO - Processing /home/airflow/.local/lib/python3.12/site-packages/airflow/example_dags/example_nested_branch_dag.py took 0.084 seconds
[2024-07-13T02:04:18.682+0000] {processor.py:161} INFO - Started process (PID=486) to work on /home/airflow/.local/lib/python3.12/site-packages/airflow/example_dags/example_nested_branch_dag.py
[2024-07-13T02:04:18.685+0000] {processor.py:830} INFO - Processing file /home/airflow/.local/lib/python3.12/site-packages/airflow/example_dags/example_nested_branch_dag.py for tasks to queue
[2024-07-13T02:04:18.687+0000] {logging_mixin.py:188} INFO - [2024-07-13T02:04:18.686+0000] {dagbag.py:545} INFO - Filling up the DagBag from /home/airflow/.local/lib/python3.12/site-packages/airflow/example_dags/example_nested_branch_dag.py
[2024-07-13T02:04:18.699+0000] {processor.py:840} INFO - DAG(s) 'example_nested_branch_dag' retrieved from /home/airflow/.local/lib/python3.12/site-packages/airflow/example_dags/example_nested_branch_dag.py
[2024-07-13T02:04:18.757+0000] {logging_mixin.py:188} INFO - [2024-07-13T02:04:18.757+0000] {dag.py:3096} INFO - Sync 1 DAGs
[2024-07-13T02:04:18.784+0000] {logging_mixin.py:188} INFO - [2024-07-13T02:04:18.784+0000] {dag.py:3954} INFO - Setting next_dagrun for example_nested_branch_dag to 2024-07-12 00:00:00+00:00, run_after=2024-07-13 00:00:00+00:00
[2024-07-13T02:04:18.837+0000] {processor.py:183} INFO - Processing /home/airflow/.local/lib/python3.12/site-packages/airflow/example_dags/example_nested_branch_dag.py took 0.161 seconds
[2024-07-13T02:04:49.749+0000] {processor.py:161} INFO - Started process (PID=545) to work on /home/airflow/.local/lib/python3.12/site-packages/airflow/example_dags/example_nested_branch_dag.py
[2024-07-13T02:04:49.750+0000] {processor.py:830} INFO - Processing file /home/airflow/.local/lib/python3.12/site-packages/airflow/example_dags/example_nested_branch_dag.py for tasks to queue
[2024-07-13T02:04:49.751+0000] {logging_mixin.py:188} INFO - [2024-07-13T02:04:49.751+0000] {dagbag.py:545} INFO - Filling up the DagBag from /home/airflow/.local/lib/python3.12/site-packages/airflow/example_dags/example_nested_branch_dag.py
[2024-07-13T02:04:49.759+0000] {processor.py:840} INFO - DAG(s) 'example_nested_branch_dag' retrieved from /home/airflow/.local/lib/python3.12/site-packages/airflow/example_dags/example_nested_branch_dag.py
[2024-07-13T02:04:49.779+0000] {logging_mixin.py:188} INFO - [2024-07-13T02:04:49.778+0000] {dag.py:3096} INFO - Sync 1 DAGs
[2024-07-13T02:04:49.798+0000] {logging_mixin.py:188} INFO - [2024-07-13T02:04:49.798+0000] {dag.py:3954} INFO - Setting next_dagrun for example_nested_branch_dag to 2024-07-12 00:00:00+00:00, run_after=2024-07-13 00:00:00+00:00
[2024-07-13T02:04:49.821+0000] {processor.py:183} INFO - Processing /home/airflow/.local/lib/python3.12/site-packages/airflow/example_dags/example_nested_branch_dag.py took 0.078 seconds
[2024-07-13T02:05:20.440+0000] {processor.py:161} INFO - Started process (PID=605) to work on /home/airflow/.local/lib/python3.12/site-packages/airflow/example_dags/example_nested_branch_dag.py
[2024-07-13T02:05:20.441+0000] {processor.py:830} INFO - Processing file /home/airflow/.local/lib/python3.12/site-packages/airflow/example_dags/example_nested_branch_dag.py for tasks to queue
[2024-07-13T02:05:20.442+0000] {logging_mixin.py:188} INFO - [2024-07-13T02:05:20.441+0000] {dagbag.py:545} INFO - Filling up the DagBag from /home/airflow/.local/lib/python3.12/site-packages/airflow/example_dags/example_nested_branch_dag.py
[2024-07-13T02:05:20.452+0000] {processor.py:840} INFO - DAG(s) 'example_nested_branch_dag' retrieved from /home/airflow/.local/lib/python3.12/site-packages/airflow/example_dags/example_nested_branch_dag.py
[2024-07-13T02:05:20.478+0000] {logging_mixin.py:188} INFO - [2024-07-13T02:05:20.477+0000] {dag.py:3096} INFO - Sync 1 DAGs
[2024-07-13T02:05:20.502+0000] {logging_mixin.py:188} INFO - [2024-07-13T02:05:20.502+0000] {dag.py:3954} INFO - Setting next_dagrun for example_nested_branch_dag to 2024-07-12 00:00:00+00:00, run_after=2024-07-13 00:00:00+00:00
[2024-07-13T02:05:20.530+0000] {processor.py:183} INFO - Processing /home/airflow/.local/lib/python3.12/site-packages/airflow/example_dags/example_nested_branch_dag.py took 0.095 seconds
[2024-07-13T02:05:51.553+0000] {processor.py:161} INFO - Started process (PID=666) to work on /home/airflow/.local/lib/python3.12/site-packages/airflow/example_dags/example_nested_branch_dag.py
[2024-07-13T02:05:51.562+0000] {processor.py:830} INFO - Processing file /home/airflow/.local/lib/python3.12/site-packages/airflow/example_dags/example_nested_branch_dag.py for tasks to queue
[2024-07-13T02:05:51.564+0000] {logging_mixin.py:188} INFO - [2024-07-13T02:05:51.563+0000] {dagbag.py:545} INFO - Filling up the DagBag from /home/airflow/.local/lib/python3.12/site-packages/airflow/example_dags/example_nested_branch_dag.py
[2024-07-13T02:05:51.582+0000] {processor.py:840} INFO - DAG(s) 'example_nested_branch_dag' retrieved from /home/airflow/.local/lib/python3.12/site-packages/airflow/example_dags/example_nested_branch_dag.py
[2024-07-13T02:05:51.682+0000] {logging_mixin.py:188} INFO - [2024-07-13T02:05:51.682+0000] {dag.py:3096} INFO - Sync 1 DAGs
[2024-07-13T02:05:51.882+0000] {logging_mixin.py:188} INFO - [2024-07-13T02:05:51.881+0000] {dag.py:3954} INFO - Setting next_dagrun for example_nested_branch_dag to 2024-07-12 00:00:00+00:00, run_after=2024-07-13 00:00:00+00:00
[2024-07-13T02:05:52.176+0000] {processor.py:183} INFO - Processing /home/airflow/.local/lib/python3.12/site-packages/airflow/example_dags/example_nested_branch_dag.py took 0.636 seconds
[2024-07-13T02:06:22.949+0000] {processor.py:161} INFO - Started process (PID=727) to work on /home/airflow/.local/lib/python3.12/site-packages/airflow/example_dags/example_nested_branch_dag.py
[2024-07-13T02:06:22.950+0000] {processor.py:830} INFO - Processing file /home/airflow/.local/lib/python3.12/site-packages/airflow/example_dags/example_nested_branch_dag.py for tasks to queue
[2024-07-13T02:06:22.951+0000] {logging_mixin.py:188} INFO - [2024-07-13T02:06:22.951+0000] {dagbag.py:545} INFO - Filling up the DagBag from /home/airflow/.local/lib/python3.12/site-packages/airflow/example_dags/example_nested_branch_dag.py
[2024-07-13T02:06:22.961+0000] {processor.py:840} INFO - DAG(s) 'example_nested_branch_dag' retrieved from /home/airflow/.local/lib/python3.12/site-packages/airflow/example_dags/example_nested_branch_dag.py
[2024-07-13T02:06:23.142+0000] {logging_mixin.py:188} INFO - [2024-07-13T02:06:23.142+0000] {dag.py:3096} INFO - Sync 1 DAGs
[2024-07-13T02:06:23.162+0000] {logging_mixin.py:188} INFO - [2024-07-13T02:06:23.162+0000] {dag.py:3954} INFO - Setting next_dagrun for example_nested_branch_dag to 2024-07-12 00:00:00+00:00, run_after=2024-07-13 00:00:00+00:00
[2024-07-13T02:06:23.186+0000] {processor.py:183} INFO - Processing /home/airflow/.local/lib/python3.12/site-packages/airflow/example_dags/example_nested_branch_dag.py took 0.242 seconds
[2024-07-13T02:06:53.940+0000] {processor.py:161} INFO - Started process (PID=788) to work on /home/airflow/.local/lib/python3.12/site-packages/airflow/example_dags/example_nested_branch_dag.py
[2024-07-13T02:06:53.941+0000] {processor.py:830} INFO - Processing file /home/airflow/.local/lib/python3.12/site-packages/airflow/example_dags/example_nested_branch_dag.py for tasks to queue
[2024-07-13T02:06:53.942+0000] {logging_mixin.py:188} INFO - [2024-07-13T02:06:53.941+0000] {dagbag.py:545} INFO - Filling up the DagBag from /home/airflow/.local/lib/python3.12/site-packages/airflow/example_dags/example_nested_branch_dag.py
[2024-07-13T02:06:53.952+0000] {processor.py:840} INFO - DAG(s) 'example_nested_branch_dag' retrieved from /home/airflow/.local/lib/python3.12/site-packages/airflow/example_dags/example_nested_branch_dag.py
[2024-07-13T02:06:53.978+0000] {logging_mixin.py:188} INFO - [2024-07-13T02:06:53.978+0000] {dag.py:3096} INFO - Sync 1 DAGs
[2024-07-13T02:06:54.003+0000] {logging_mixin.py:188} INFO - [2024-07-13T02:06:54.003+0000] {dag.py:3954} INFO - Setting next_dagrun for example_nested_branch_dag to 2024-07-12 00:00:00+00:00, run_after=2024-07-13 00:00:00+00:00
[2024-07-13T02:06:54.030+0000] {processor.py:183} INFO - Processing /home/airflow/.local/lib/python3.12/site-packages/airflow/example_dags/example_nested_branch_dag.py took 0.095 seconds
[2024-07-13T02:07:24.437+0000] {processor.py:161} INFO - Started process (PID=850) to work on /home/airflow/.local/lib/python3.12/site-packages/airflow/example_dags/example_nested_branch_dag.py
[2024-07-13T02:07:24.442+0000] {processor.py:830} INFO - Processing file /home/airflow/.local/lib/python3.12/site-packages/airflow/example_dags/example_nested_branch_dag.py for tasks to queue
[2024-07-13T02:07:24.443+0000] {logging_mixin.py:188} INFO - [2024-07-13T02:07:24.442+0000] {dagbag.py:545} INFO - Filling up the DagBag from /home/airflow/.local/lib/python3.12/site-packages/airflow/example_dags/example_nested_branch_dag.py
[2024-07-13T02:07:24.452+0000] {processor.py:840} INFO - DAG(s) 'example_nested_branch_dag' retrieved from /home/airflow/.local/lib/python3.12/site-packages/airflow/example_dags/example_nested_branch_dag.py
[2024-07-13T02:07:24.478+0000] {logging_mixin.py:188} INFO - [2024-07-13T02:07:24.477+0000] {dag.py:3096} INFO - Sync 1 DAGs
[2024-07-13T02:07:24.502+0000] {logging_mixin.py:188} INFO - [2024-07-13T02:07:24.501+0000] {dag.py:3954} INFO - Setting next_dagrun for example_nested_branch_dag to 2024-07-12 00:00:00+00:00, run_after=2024-07-13 00:00:00+00:00
[2024-07-13T02:07:24.526+0000] {processor.py:183} INFO - Processing /home/airflow/.local/lib/python3.12/site-packages/airflow/example_dags/example_nested_branch_dag.py took 0.094 seconds
[2024-07-13T02:07:54.779+0000] {processor.py:161} INFO - Started process (PID=911) to work on /home/airflow/.local/lib/python3.12/site-packages/airflow/example_dags/example_nested_branch_dag.py
[2024-07-13T02:07:54.789+0000] {processor.py:830} INFO - Processing file /home/airflow/.local/lib/python3.12/site-packages/airflow/example_dags/example_nested_branch_dag.py for tasks to queue
[2024-07-13T02:07:54.789+0000] {logging_mixin.py:188} INFO - [2024-07-13T02:07:54.789+0000] {dagbag.py:545} INFO - Filling up the DagBag from /home/airflow/.local/lib/python3.12/site-packages/airflow/example_dags/example_nested_branch_dag.py
[2024-07-13T02:07:54.813+0000] {processor.py:840} INFO - DAG(s) 'example_nested_branch_dag' retrieved from /home/airflow/.local/lib/python3.12/site-packages/airflow/example_dags/example_nested_branch_dag.py
[2024-07-13T02:07:54.876+0000] {logging_mixin.py:188} INFO - [2024-07-13T02:07:54.875+0000] {dag.py:3096} INFO - Sync 1 DAGs
[2024-07-13T02:07:54.906+0000] {logging_mixin.py:188} INFO - [2024-07-13T02:07:54.906+0000] {dag.py:3954} INFO - Setting next_dagrun for example_nested_branch_dag to 2024-07-12 00:00:00+00:00, run_after=2024-07-13 00:00:00+00:00
[2024-07-13T02:07:54.932+0000] {processor.py:183} INFO - Processing /home/airflow/.local/lib/python3.12/site-packages/airflow/example_dags/example_nested_branch_dag.py took 0.161 seconds
[2024-07-13T02:08:25.564+0000] {processor.py:161} INFO - Started process (PID=973) to work on /home/airflow/.local/lib/python3.12/site-packages/airflow/example_dags/example_nested_branch_dag.py
[2024-07-13T02:08:25.565+0000] {processor.py:830} INFO - Processing file /home/airflow/.local/lib/python3.12/site-packages/airflow/example_dags/example_nested_branch_dag.py for tasks to queue
[2024-07-13T02:08:25.566+0000] {logging_mixin.py:188} INFO - [2024-07-13T02:08:25.566+0000] {dagbag.py:545} INFO - Filling up the DagBag from /home/airflow/.local/lib/python3.12/site-packages/airflow/example_dags/example_nested_branch_dag.py
[2024-07-13T02:08:25.605+0000] {processor.py:840} INFO - DAG(s) 'example_nested_branch_dag' retrieved from /home/airflow/.local/lib/python3.12/site-packages/airflow/example_dags/example_nested_branch_dag.py
[2024-07-13T02:08:25.659+0000] {logging_mixin.py:188} INFO - [2024-07-13T02:08:25.659+0000] {dag.py:3096} INFO - Sync 1 DAGs
[2024-07-13T02:08:25.699+0000] {logging_mixin.py:188} INFO - [2024-07-13T02:08:25.698+0000] {dag.py:3954} INFO - Setting next_dagrun for example_nested_branch_dag to 2024-07-12 00:00:00+00:00, run_after=2024-07-13 00:00:00+00:00
[2024-07-13T02:08:25.724+0000] {processor.py:183} INFO - Processing /home/airflow/.local/lib/python3.12/site-packages/airflow/example_dags/example_nested_branch_dag.py took 0.166 seconds
[2024-07-13T02:08:56.593+0000] {processor.py:161} INFO - Started process (PID=1034) to work on /home/airflow/.local/lib/python3.12/site-packages/airflow/example_dags/example_nested_branch_dag.py
[2024-07-13T02:08:56.594+0000] {processor.py:830} INFO - Processing file /home/airflow/.local/lib/python3.12/site-packages/airflow/example_dags/example_nested_branch_dag.py for tasks to queue
[2024-07-13T02:08:56.595+0000] {logging_mixin.py:188} INFO - [2024-07-13T02:08:56.595+0000] {dagbag.py:545} INFO - Filling up the DagBag from /home/airflow/.local/lib/python3.12/site-packages/airflow/example_dags/example_nested_branch_dag.py
[2024-07-13T02:08:56.635+0000] {processor.py:840} INFO - DAG(s) 'example_nested_branch_dag' retrieved from /home/airflow/.local/lib/python3.12/site-packages/airflow/example_dags/example_nested_branch_dag.py
[2024-07-13T02:08:56.665+0000] {logging_mixin.py:188} INFO - [2024-07-13T02:08:56.665+0000] {dag.py:3096} INFO - Sync 1 DAGs
[2024-07-13T02:08:56.691+0000] {logging_mixin.py:188} INFO - [2024-07-13T02:08:56.690+0000] {dag.py:3954} INFO - Setting next_dagrun for example_nested_branch_dag to 2024-07-12 00:00:00+00:00, run_after=2024-07-13 00:00:00+00:00
[2024-07-13T02:08:56.716+0000] {processor.py:183} INFO - Processing /home/airflow/.local/lib/python3.12/site-packages/airflow/example_dags/example_nested_branch_dag.py took 0.133 seconds
