[2024-07-13T01:30:37.637+0000] {processor.py:161} INFO - Started process (PID=35) to work on /home/airflow/.local/lib/python3.12/site-packages/airflow/example_dags/example_task_group.py
[2024-07-13T01:30:37.643+0000] {processor.py:830} INFO - Processing file /home/airflow/.local/lib/python3.12/site-packages/airflow/example_dags/example_task_group.py for tasks to queue
[2024-07-13T01:30:37.645+0000] {logging_mixin.py:188} INFO - [2024-07-13T01:30:37.645+0000] {dagbag.py:545} INFO - Filling up the DagBag from /home/airflow/.local/lib/python3.12/site-packages/airflow/example_dags/example_task_group.py
[2024-07-13T01:30:37.676+0000] {processor.py:840} INFO - DAG(s) 'example_task_group' retrieved from /home/airflow/.local/lib/python3.12/site-packages/airflow/example_dags/example_task_group.py
[2024-07-13T01:30:38.422+0000] {logging_mixin.py:188} INFO - [2024-07-13T01:30:38.422+0000] {dag.py:3096} INFO - Sync 1 DAGs
[2024-07-13T01:30:38.471+0000] {logging_mixin.py:188} INFO - [2024-07-13T01:30:38.471+0000] {dag.py:3954} INFO - Setting next_dagrun for example_task_group to 2024-07-12 00:00:00+00:00, run_after=2024-07-13 00:00:00+00:00
[2024-07-13T01:30:38.527+0000] {processor.py:183} INFO - Processing /home/airflow/.local/lib/python3.12/site-packages/airflow/example_dags/example_task_group.py took 0.901 seconds
[2024-07-13T01:31:08.589+0000] {processor.py:161} INFO - Started process (PID=95) to work on /home/airflow/.local/lib/python3.12/site-packages/airflow/example_dags/example_task_group.py
[2024-07-13T01:31:08.594+0000] {processor.py:830} INFO - Processing file /home/airflow/.local/lib/python3.12/site-packages/airflow/example_dags/example_task_group.py for tasks to queue
[2024-07-13T01:31:08.596+0000] {logging_mixin.py:188} INFO - [2024-07-13T01:31:08.595+0000] {dagbag.py:545} INFO - Filling up the DagBag from /home/airflow/.local/lib/python3.12/site-packages/airflow/example_dags/example_task_group.py
[2024-07-13T01:31:08.607+0000] {processor.py:840} INFO - DAG(s) 'example_task_group' retrieved from /home/airflow/.local/lib/python3.12/site-packages/airflow/example_dags/example_task_group.py
[2024-07-13T01:31:08.633+0000] {logging_mixin.py:188} INFO - [2024-07-13T01:31:08.633+0000] {dag.py:3096} INFO - Sync 1 DAGs
[2024-07-13T01:31:08.667+0000] {logging_mixin.py:188} INFO - [2024-07-13T01:31:08.667+0000] {dag.py:3954} INFO - Setting next_dagrun for example_task_group to 2024-07-12 00:00:00+00:00, run_after=2024-07-13 00:00:00+00:00
[2024-07-13T01:31:08.713+0000] {processor.py:183} INFO - Processing /home/airflow/.local/lib/python3.12/site-packages/airflow/example_dags/example_task_group.py took 0.132 seconds
[2024-07-13T01:31:39.073+0000] {processor.py:161} INFO - Started process (PID=156) to work on /home/airflow/.local/lib/python3.12/site-packages/airflow/example_dags/example_task_group.py
[2024-07-13T01:31:39.074+0000] {processor.py:830} INFO - Processing file /home/airflow/.local/lib/python3.12/site-packages/airflow/example_dags/example_task_group.py for tasks to queue
[2024-07-13T01:31:39.076+0000] {logging_mixin.py:188} INFO - [2024-07-13T01:31:39.075+0000] {dagbag.py:545} INFO - Filling up the DagBag from /home/airflow/.local/lib/python3.12/site-packages/airflow/example_dags/example_task_group.py
[2024-07-13T01:31:39.084+0000] {processor.py:840} INFO - DAG(s) 'example_task_group' retrieved from /home/airflow/.local/lib/python3.12/site-packages/airflow/example_dags/example_task_group.py
[2024-07-13T01:31:39.108+0000] {logging_mixin.py:188} INFO - [2024-07-13T01:31:39.108+0000] {dag.py:3096} INFO - Sync 1 DAGs
[2024-07-13T01:31:39.131+0000] {logging_mixin.py:188} INFO - [2024-07-13T01:31:39.130+0000] {dag.py:3954} INFO - Setting next_dagrun for example_task_group to 2024-07-12 00:00:00+00:00, run_after=2024-07-13 00:00:00+00:00
[2024-07-13T01:31:39.160+0000] {processor.py:183} INFO - Processing /home/airflow/.local/lib/python3.12/site-packages/airflow/example_dags/example_task_group.py took 0.093 seconds
[2024-07-13T01:32:09.251+0000] {processor.py:161} INFO - Started process (PID=215) to work on /home/airflow/.local/lib/python3.12/site-packages/airflow/example_dags/example_task_group.py
[2024-07-13T01:32:09.256+0000] {processor.py:830} INFO - Processing file /home/airflow/.local/lib/python3.12/site-packages/airflow/example_dags/example_task_group.py for tasks to queue
[2024-07-13T01:32:09.258+0000] {logging_mixin.py:188} INFO - [2024-07-13T01:32:09.258+0000] {dagbag.py:545} INFO - Filling up the DagBag from /home/airflow/.local/lib/python3.12/site-packages/airflow/example_dags/example_task_group.py
[2024-07-13T01:32:09.265+0000] {processor.py:840} INFO - DAG(s) 'example_task_group' retrieved from /home/airflow/.local/lib/python3.12/site-packages/airflow/example_dags/example_task_group.py
[2024-07-13T01:32:09.290+0000] {logging_mixin.py:188} INFO - [2024-07-13T01:32:09.290+0000] {dag.py:3096} INFO - Sync 1 DAGs
[2024-07-13T01:32:09.314+0000] {logging_mixin.py:188} INFO - [2024-07-13T01:32:09.313+0000] {dag.py:3954} INFO - Setting next_dagrun for example_task_group to 2024-07-12 00:00:00+00:00, run_after=2024-07-13 00:00:00+00:00
[2024-07-13T01:32:09.340+0000] {processor.py:183} INFO - Processing /home/airflow/.local/lib/python3.12/site-packages/airflow/example_dags/example_task_group.py took 0.094 seconds
[2024-07-13T01:32:39.738+0000] {processor.py:161} INFO - Started process (PID=276) to work on /home/airflow/.local/lib/python3.12/site-packages/airflow/example_dags/example_task_group.py
[2024-07-13T01:32:39.739+0000] {processor.py:830} INFO - Processing file /home/airflow/.local/lib/python3.12/site-packages/airflow/example_dags/example_task_group.py for tasks to queue
[2024-07-13T01:32:39.741+0000] {logging_mixin.py:188} INFO - [2024-07-13T01:32:39.741+0000] {dagbag.py:545} INFO - Filling up the DagBag from /home/airflow/.local/lib/python3.12/site-packages/airflow/example_dags/example_task_group.py
[2024-07-13T01:32:39.749+0000] {processor.py:840} INFO - DAG(s) 'example_task_group' retrieved from /home/airflow/.local/lib/python3.12/site-packages/airflow/example_dags/example_task_group.py
[2024-07-13T01:32:39.777+0000] {logging_mixin.py:188} INFO - [2024-07-13T01:32:39.776+0000] {dag.py:3096} INFO - Sync 1 DAGs
[2024-07-13T01:32:39.805+0000] {logging_mixin.py:188} INFO - [2024-07-13T01:32:39.805+0000] {dag.py:3954} INFO - Setting next_dagrun for example_task_group to 2024-07-12 00:00:00+00:00, run_after=2024-07-13 00:00:00+00:00
[2024-07-13T01:32:39.829+0000] {processor.py:183} INFO - Processing /home/airflow/.local/lib/python3.12/site-packages/airflow/example_dags/example_task_group.py took 0.097 seconds
[2024-07-13T01:33:10.157+0000] {processor.py:161} INFO - Started process (PID=334) to work on /home/airflow/.local/lib/python3.12/site-packages/airflow/example_dags/example_task_group.py
[2024-07-13T01:33:10.157+0000] {processor.py:830} INFO - Processing file /home/airflow/.local/lib/python3.12/site-packages/airflow/example_dags/example_task_group.py for tasks to queue
[2024-07-13T01:33:10.159+0000] {logging_mixin.py:188} INFO - [2024-07-13T01:33:10.159+0000] {dagbag.py:545} INFO - Filling up the DagBag from /home/airflow/.local/lib/python3.12/site-packages/airflow/example_dags/example_task_group.py
[2024-07-13T01:33:10.164+0000] {processor.py:840} INFO - DAG(s) 'example_task_group' retrieved from /home/airflow/.local/lib/python3.12/site-packages/airflow/example_dags/example_task_group.py
[2024-07-13T01:33:10.183+0000] {logging_mixin.py:188} INFO - [2024-07-13T01:33:10.183+0000] {dag.py:3096} INFO - Sync 1 DAGs
[2024-07-13T01:33:10.199+0000] {logging_mixin.py:188} INFO - [2024-07-13T01:33:10.199+0000] {dag.py:3954} INFO - Setting next_dagrun for example_task_group to 2024-07-12 00:00:00+00:00, run_after=2024-07-13 00:00:00+00:00
[2024-07-13T01:33:10.238+0000] {processor.py:183} INFO - Processing /home/airflow/.local/lib/python3.12/site-packages/airflow/example_dags/example_task_group.py took 0.086 seconds
[2024-07-13T01:33:40.934+0000] {processor.py:161} INFO - Started process (PID=394) to work on /home/airflow/.local/lib/python3.12/site-packages/airflow/example_dags/example_task_group.py
[2024-07-13T01:33:40.934+0000] {processor.py:830} INFO - Processing file /home/airflow/.local/lib/python3.12/site-packages/airflow/example_dags/example_task_group.py for tasks to queue
[2024-07-13T01:33:40.936+0000] {logging_mixin.py:188} INFO - [2024-07-13T01:33:40.935+0000] {dagbag.py:545} INFO - Filling up the DagBag from /home/airflow/.local/lib/python3.12/site-packages/airflow/example_dags/example_task_group.py
[2024-07-13T01:33:40.941+0000] {processor.py:840} INFO - DAG(s) 'example_task_group' retrieved from /home/airflow/.local/lib/python3.12/site-packages/airflow/example_dags/example_task_group.py
[2024-07-13T01:33:40.957+0000] {logging_mixin.py:188} INFO - [2024-07-13T01:33:40.957+0000] {dag.py:3096} INFO - Sync 1 DAGs
[2024-07-13T01:33:40.973+0000] {logging_mixin.py:188} INFO - [2024-07-13T01:33:40.973+0000] {dag.py:3954} INFO - Setting next_dagrun for example_task_group to 2024-07-12 00:00:00+00:00, run_after=2024-07-13 00:00:00+00:00
[2024-07-13T01:33:40.996+0000] {processor.py:183} INFO - Processing /home/airflow/.local/lib/python3.12/site-packages/airflow/example_dags/example_task_group.py took 0.067 seconds
[2024-07-13T01:34:11.283+0000] {processor.py:161} INFO - Started process (PID=456) to work on /home/airflow/.local/lib/python3.12/site-packages/airflow/example_dags/example_task_group.py
[2024-07-13T01:34:11.284+0000] {processor.py:830} INFO - Processing file /home/airflow/.local/lib/python3.12/site-packages/airflow/example_dags/example_task_group.py for tasks to queue
[2024-07-13T01:34:11.285+0000] {logging_mixin.py:188} INFO - [2024-07-13T01:34:11.285+0000] {dagbag.py:545} INFO - Filling up the DagBag from /home/airflow/.local/lib/python3.12/site-packages/airflow/example_dags/example_task_group.py
[2024-07-13T01:34:11.290+0000] {processor.py:840} INFO - DAG(s) 'example_task_group' retrieved from /home/airflow/.local/lib/python3.12/site-packages/airflow/example_dags/example_task_group.py
[2024-07-13T01:34:11.307+0000] {logging_mixin.py:188} INFO - [2024-07-13T01:34:11.306+0000] {dag.py:3096} INFO - Sync 1 DAGs
[2024-07-13T01:34:11.322+0000] {logging_mixin.py:188} INFO - [2024-07-13T01:34:11.322+0000] {dag.py:3954} INFO - Setting next_dagrun for example_task_group to 2024-07-12 00:00:00+00:00, run_after=2024-07-13 00:00:00+00:00
[2024-07-13T01:34:11.344+0000] {processor.py:183} INFO - Processing /home/airflow/.local/lib/python3.12/site-packages/airflow/example_dags/example_task_group.py took 0.065 seconds
[2024-07-13T01:34:41.884+0000] {processor.py:161} INFO - Started process (PID=518) to work on /home/airflow/.local/lib/python3.12/site-packages/airflow/example_dags/example_task_group.py
[2024-07-13T01:34:41.891+0000] {processor.py:830} INFO - Processing file /home/airflow/.local/lib/python3.12/site-packages/airflow/example_dags/example_task_group.py for tasks to queue
[2024-07-13T01:34:41.893+0000] {logging_mixin.py:188} INFO - [2024-07-13T01:34:41.892+0000] {dagbag.py:545} INFO - Filling up the DagBag from /home/airflow/.local/lib/python3.12/site-packages/airflow/example_dags/example_task_group.py
[2024-07-13T01:34:41.910+0000] {processor.py:840} INFO - DAG(s) 'example_task_group' retrieved from /home/airflow/.local/lib/python3.12/site-packages/airflow/example_dags/example_task_group.py
[2024-07-13T01:34:41.949+0000] {logging_mixin.py:188} INFO - [2024-07-13T01:34:41.949+0000] {dag.py:3096} INFO - Sync 1 DAGs
[2024-07-13T01:34:41.992+0000] {logging_mixin.py:188} INFO - [2024-07-13T01:34:41.991+0000] {dag.py:3954} INFO - Setting next_dagrun for example_task_group to 2024-07-12 00:00:00+00:00, run_after=2024-07-13 00:00:00+00:00
[2024-07-13T01:34:42.037+0000] {processor.py:183} INFO - Processing /home/airflow/.local/lib/python3.12/site-packages/airflow/example_dags/example_task_group.py took 0.158 seconds
[2024-07-13T01:35:12.131+0000] {processor.py:161} INFO - Started process (PID=579) to work on /home/airflow/.local/lib/python3.12/site-packages/airflow/example_dags/example_task_group.py
[2024-07-13T01:35:12.132+0000] {processor.py:830} INFO - Processing file /home/airflow/.local/lib/python3.12/site-packages/airflow/example_dags/example_task_group.py for tasks to queue
[2024-07-13T01:35:12.133+0000] {logging_mixin.py:188} INFO - [2024-07-13T01:35:12.133+0000] {dagbag.py:545} INFO - Filling up the DagBag from /home/airflow/.local/lib/python3.12/site-packages/airflow/example_dags/example_task_group.py
[2024-07-13T01:35:12.139+0000] {processor.py:840} INFO - DAG(s) 'example_task_group' retrieved from /home/airflow/.local/lib/python3.12/site-packages/airflow/example_dags/example_task_group.py
[2024-07-13T01:35:12.155+0000] {logging_mixin.py:188} INFO - [2024-07-13T01:35:12.154+0000] {dag.py:3096} INFO - Sync 1 DAGs
[2024-07-13T01:35:12.171+0000] {logging_mixin.py:188} INFO - [2024-07-13T01:35:12.171+0000] {dag.py:3954} INFO - Setting next_dagrun for example_task_group to 2024-07-12 00:00:00+00:00, run_after=2024-07-13 00:00:00+00:00
[2024-07-13T01:35:12.196+0000] {processor.py:183} INFO - Processing /home/airflow/.local/lib/python3.12/site-packages/airflow/example_dags/example_task_group.py took 0.069 seconds
[2024-07-13T01:35:42.812+0000] {processor.py:161} INFO - Started process (PID=640) to work on /home/airflow/.local/lib/python3.12/site-packages/airflow/example_dags/example_task_group.py
[2024-07-13T01:35:42.813+0000] {processor.py:830} INFO - Processing file /home/airflow/.local/lib/python3.12/site-packages/airflow/example_dags/example_task_group.py for tasks to queue
[2024-07-13T01:35:42.815+0000] {logging_mixin.py:188} INFO - [2024-07-13T01:35:42.815+0000] {dagbag.py:545} INFO - Filling up the DagBag from /home/airflow/.local/lib/python3.12/site-packages/airflow/example_dags/example_task_group.py
[2024-07-13T01:35:42.824+0000] {processor.py:840} INFO - DAG(s) 'example_task_group' retrieved from /home/airflow/.local/lib/python3.12/site-packages/airflow/example_dags/example_task_group.py
[2024-07-13T01:35:42.847+0000] {logging_mixin.py:188} INFO - [2024-07-13T01:35:42.847+0000] {dag.py:3096} INFO - Sync 1 DAGs
[2024-07-13T01:35:42.867+0000] {logging_mixin.py:188} INFO - [2024-07-13T01:35:42.867+0000] {dag.py:3954} INFO - Setting next_dagrun for example_task_group to 2024-07-12 00:00:00+00:00, run_after=2024-07-13 00:00:00+00:00
[2024-07-13T01:35:42.894+0000] {processor.py:183} INFO - Processing /home/airflow/.local/lib/python3.12/site-packages/airflow/example_dags/example_task_group.py took 0.088 seconds
[2024-07-13T01:36:13.303+0000] {processor.py:161} INFO - Started process (PID=701) to work on /home/airflow/.local/lib/python3.12/site-packages/airflow/example_dags/example_task_group.py
[2024-07-13T01:36:13.304+0000] {processor.py:830} INFO - Processing file /home/airflow/.local/lib/python3.12/site-packages/airflow/example_dags/example_task_group.py for tasks to queue
[2024-07-13T01:36:13.305+0000] {logging_mixin.py:188} INFO - [2024-07-13T01:36:13.305+0000] {dagbag.py:545} INFO - Filling up the DagBag from /home/airflow/.local/lib/python3.12/site-packages/airflow/example_dags/example_task_group.py
[2024-07-13T01:36:13.311+0000] {processor.py:840} INFO - DAG(s) 'example_task_group' retrieved from /home/airflow/.local/lib/python3.12/site-packages/airflow/example_dags/example_task_group.py
[2024-07-13T01:36:13.327+0000] {logging_mixin.py:188} INFO - [2024-07-13T01:36:13.327+0000] {dag.py:3096} INFO - Sync 1 DAGs
[2024-07-13T01:36:13.343+0000] {logging_mixin.py:188} INFO - [2024-07-13T01:36:13.343+0000] {dag.py:3954} INFO - Setting next_dagrun for example_task_group to 2024-07-12 00:00:00+00:00, run_after=2024-07-13 00:00:00+00:00
[2024-07-13T01:36:13.368+0000] {processor.py:183} INFO - Processing /home/airflow/.local/lib/python3.12/site-packages/airflow/example_dags/example_task_group.py took 0.071 seconds
[2024-07-13T01:36:43.988+0000] {processor.py:161} INFO - Started process (PID=763) to work on /home/airflow/.local/lib/python3.12/site-packages/airflow/example_dags/example_task_group.py
[2024-07-13T01:36:43.989+0000] {processor.py:830} INFO - Processing file /home/airflow/.local/lib/python3.12/site-packages/airflow/example_dags/example_task_group.py for tasks to queue
[2024-07-13T01:36:43.990+0000] {logging_mixin.py:188} INFO - [2024-07-13T01:36:43.990+0000] {dagbag.py:545} INFO - Filling up the DagBag from /home/airflow/.local/lib/python3.12/site-packages/airflow/example_dags/example_task_group.py
[2024-07-13T01:36:43.996+0000] {processor.py:840} INFO - DAG(s) 'example_task_group' retrieved from /home/airflow/.local/lib/python3.12/site-packages/airflow/example_dags/example_task_group.py
[2024-07-13T01:36:44.024+0000] {logging_mixin.py:188} INFO - [2024-07-13T01:36:44.023+0000] {dag.py:3096} INFO - Sync 1 DAGs
[2024-07-13T01:36:44.040+0000] {logging_mixin.py:188} INFO - [2024-07-13T01:36:44.039+0000] {dag.py:3954} INFO - Setting next_dagrun for example_task_group to 2024-07-12 00:00:00+00:00, run_after=2024-07-13 00:00:00+00:00
[2024-07-13T01:36:44.060+0000] {processor.py:183} INFO - Processing /home/airflow/.local/lib/python3.12/site-packages/airflow/example_dags/example_task_group.py took 0.077 seconds
[2024-07-13T01:37:14.484+0000] {processor.py:161} INFO - Started process (PID=824) to work on /home/airflow/.local/lib/python3.12/site-packages/airflow/example_dags/example_task_group.py
[2024-07-13T01:37:14.485+0000] {processor.py:830} INFO - Processing file /home/airflow/.local/lib/python3.12/site-packages/airflow/example_dags/example_task_group.py for tasks to queue
[2024-07-13T01:37:14.486+0000] {logging_mixin.py:188} INFO - [2024-07-13T01:37:14.486+0000] {dagbag.py:545} INFO - Filling up the DagBag from /home/airflow/.local/lib/python3.12/site-packages/airflow/example_dags/example_task_group.py
[2024-07-13T01:37:14.492+0000] {processor.py:840} INFO - DAG(s) 'example_task_group' retrieved from /home/airflow/.local/lib/python3.12/site-packages/airflow/example_dags/example_task_group.py
[2024-07-13T01:37:14.509+0000] {logging_mixin.py:188} INFO - [2024-07-13T01:37:14.508+0000] {dag.py:3096} INFO - Sync 1 DAGs
[2024-07-13T01:37:14.526+0000] {logging_mixin.py:188} INFO - [2024-07-13T01:37:14.526+0000] {dag.py:3954} INFO - Setting next_dagrun for example_task_group to 2024-07-12 00:00:00+00:00, run_after=2024-07-13 00:00:00+00:00
[2024-07-13T01:37:14.548+0000] {processor.py:183} INFO - Processing /home/airflow/.local/lib/python3.12/site-packages/airflow/example_dags/example_task_group.py took 0.070 seconds
[2024-07-13T01:37:44.750+0000] {processor.py:161} INFO - Started process (PID=885) to work on /home/airflow/.local/lib/python3.12/site-packages/airflow/example_dags/example_task_group.py
[2024-07-13T01:37:44.751+0000] {processor.py:830} INFO - Processing file /home/airflow/.local/lib/python3.12/site-packages/airflow/example_dags/example_task_group.py for tasks to queue
[2024-07-13T01:37:44.753+0000] {logging_mixin.py:188} INFO - [2024-07-13T01:37:44.752+0000] {dagbag.py:545} INFO - Filling up the DagBag from /home/airflow/.local/lib/python3.12/site-packages/airflow/example_dags/example_task_group.py
[2024-07-13T01:37:44.760+0000] {processor.py:840} INFO - DAG(s) 'example_task_group' retrieved from /home/airflow/.local/lib/python3.12/site-packages/airflow/example_dags/example_task_group.py
[2024-07-13T01:37:44.818+0000] {logging_mixin.py:188} INFO - [2024-07-13T01:37:44.818+0000] {dag.py:3096} INFO - Sync 1 DAGs
[2024-07-13T01:37:44.888+0000] {logging_mixin.py:188} INFO - [2024-07-13T01:37:44.887+0000] {dag.py:3954} INFO - Setting next_dagrun for example_task_group to 2024-07-12 00:00:00+00:00, run_after=2024-07-13 00:00:00+00:00
[2024-07-13T01:37:44.938+0000] {processor.py:183} INFO - Processing /home/airflow/.local/lib/python3.12/site-packages/airflow/example_dags/example_task_group.py took 0.209 seconds
[2024-07-13T01:38:15.681+0000] {processor.py:161} INFO - Started process (PID=946) to work on /home/airflow/.local/lib/python3.12/site-packages/airflow/example_dags/example_task_group.py
[2024-07-13T01:38:15.682+0000] {processor.py:830} INFO - Processing file /home/airflow/.local/lib/python3.12/site-packages/airflow/example_dags/example_task_group.py for tasks to queue
[2024-07-13T01:38:15.683+0000] {logging_mixin.py:188} INFO - [2024-07-13T01:38:15.683+0000] {dagbag.py:545} INFO - Filling up the DagBag from /home/airflow/.local/lib/python3.12/site-packages/airflow/example_dags/example_task_group.py
[2024-07-13T01:38:15.688+0000] {processor.py:840} INFO - DAG(s) 'example_task_group' retrieved from /home/airflow/.local/lib/python3.12/site-packages/airflow/example_dags/example_task_group.py
[2024-07-13T01:38:15.707+0000] {logging_mixin.py:188} INFO - [2024-07-13T01:38:15.707+0000] {dag.py:3096} INFO - Sync 1 DAGs
[2024-07-13T01:38:15.728+0000] {logging_mixin.py:188} INFO - [2024-07-13T01:38:15.727+0000] {dag.py:3954} INFO - Setting next_dagrun for example_task_group to 2024-07-12 00:00:00+00:00, run_after=2024-07-13 00:00:00+00:00
[2024-07-13T01:38:15.749+0000] {processor.py:183} INFO - Processing /home/airflow/.local/lib/python3.12/site-packages/airflow/example_dags/example_task_group.py took 0.072 seconds
[2024-07-13T01:38:46.223+0000] {processor.py:161} INFO - Started process (PID=1007) to work on /home/airflow/.local/lib/python3.12/site-packages/airflow/example_dags/example_task_group.py
[2024-07-13T01:38:46.223+0000] {processor.py:830} INFO - Processing file /home/airflow/.local/lib/python3.12/site-packages/airflow/example_dags/example_task_group.py for tasks to queue
[2024-07-13T01:38:46.225+0000] {logging_mixin.py:188} INFO - [2024-07-13T01:38:46.225+0000] {dagbag.py:545} INFO - Filling up the DagBag from /home/airflow/.local/lib/python3.12/site-packages/airflow/example_dags/example_task_group.py
[2024-07-13T01:38:46.231+0000] {processor.py:840} INFO - DAG(s) 'example_task_group' retrieved from /home/airflow/.local/lib/python3.12/site-packages/airflow/example_dags/example_task_group.py
[2024-07-13T01:38:46.247+0000] {logging_mixin.py:188} INFO - [2024-07-13T01:38:46.247+0000] {dag.py:3096} INFO - Sync 1 DAGs
[2024-07-13T01:38:46.391+0000] {logging_mixin.py:188} INFO - [2024-07-13T01:38:46.391+0000] {dag.py:3954} INFO - Setting next_dagrun for example_task_group to 2024-07-12 00:00:00+00:00, run_after=2024-07-13 00:00:00+00:00
[2024-07-13T01:38:46.424+0000] {processor.py:183} INFO - Processing /home/airflow/.local/lib/python3.12/site-packages/airflow/example_dags/example_task_group.py took 0.205 seconds
[2024-07-13T01:39:16.859+0000] {processor.py:161} INFO - Started process (PID=1069) to work on /home/airflow/.local/lib/python3.12/site-packages/airflow/example_dags/example_task_group.py
[2024-07-13T01:39:16.860+0000] {processor.py:830} INFO - Processing file /home/airflow/.local/lib/python3.12/site-packages/airflow/example_dags/example_task_group.py for tasks to queue
[2024-07-13T01:39:16.862+0000] {logging_mixin.py:188} INFO - [2024-07-13T01:39:16.862+0000] {dagbag.py:545} INFO - Filling up the DagBag from /home/airflow/.local/lib/python3.12/site-packages/airflow/example_dags/example_task_group.py
[2024-07-13T01:39:16.870+0000] {processor.py:840} INFO - DAG(s) 'example_task_group' retrieved from /home/airflow/.local/lib/python3.12/site-packages/airflow/example_dags/example_task_group.py
[2024-07-13T01:39:16.895+0000] {logging_mixin.py:188} INFO - [2024-07-13T01:39:16.895+0000] {dag.py:3096} INFO - Sync 1 DAGs
[2024-07-13T01:39:17.038+0000] {logging_mixin.py:188} INFO - [2024-07-13T01:39:17.038+0000] {dag.py:3954} INFO - Setting next_dagrun for example_task_group to 2024-07-12 00:00:00+00:00, run_after=2024-07-13 00:00:00+00:00
[2024-07-13T01:39:17.059+0000] {processor.py:183} INFO - Processing /home/airflow/.local/lib/python3.12/site-packages/airflow/example_dags/example_task_group.py took 0.207 seconds
[2024-07-13T01:42:49.396+0000] {processor.py:161} INFO - Started process (PID=34) to work on /home/airflow/.local/lib/python3.12/site-packages/airflow/example_dags/example_task_group.py
[2024-07-13T01:42:49.410+0000] {processor.py:830} INFO - Processing file /home/airflow/.local/lib/python3.12/site-packages/airflow/example_dags/example_task_group.py for tasks to queue
[2024-07-13T01:42:49.419+0000] {logging_mixin.py:188} INFO - [2024-07-13T01:42:49.418+0000] {dagbag.py:545} INFO - Filling up the DagBag from /home/airflow/.local/lib/python3.12/site-packages/airflow/example_dags/example_task_group.py
[2024-07-13T01:42:49.515+0000] {processor.py:840} INFO - DAG(s) 'example_task_group' retrieved from /home/airflow/.local/lib/python3.12/site-packages/airflow/example_dags/example_task_group.py
[2024-07-13T01:42:50.208+0000] {logging_mixin.py:188} INFO - [2024-07-13T01:42:50.204+0000] {dag.py:3096} INFO - Sync 1 DAGs
[2024-07-13T01:42:50.326+0000] {logging_mixin.py:188} INFO - [2024-07-13T01:42:50.325+0000] {dag.py:3954} INFO - Setting next_dagrun for example_task_group to 2024-07-12 00:00:00+00:00, run_after=2024-07-13 00:00:00+00:00
[2024-07-13T01:42:50.480+0000] {processor.py:183} INFO - Processing /home/airflow/.local/lib/python3.12/site-packages/airflow/example_dags/example_task_group.py took 1.110 seconds
[2024-07-13T01:43:20.803+0000] {processor.py:161} INFO - Started process (PID=95) to work on /home/airflow/.local/lib/python3.12/site-packages/airflow/example_dags/example_task_group.py
[2024-07-13T01:43:20.804+0000] {processor.py:830} INFO - Processing file /home/airflow/.local/lib/python3.12/site-packages/airflow/example_dags/example_task_group.py for tasks to queue
[2024-07-13T01:43:20.805+0000] {logging_mixin.py:188} INFO - [2024-07-13T01:43:20.805+0000] {dagbag.py:545} INFO - Filling up the DagBag from /home/airflow/.local/lib/python3.12/site-packages/airflow/example_dags/example_task_group.py
[2024-07-13T01:43:20.810+0000] {processor.py:840} INFO - DAG(s) 'example_task_group' retrieved from /home/airflow/.local/lib/python3.12/site-packages/airflow/example_dags/example_task_group.py
[2024-07-13T01:43:20.826+0000] {logging_mixin.py:188} INFO - [2024-07-13T01:43:20.826+0000] {dag.py:3096} INFO - Sync 1 DAGs
[2024-07-13T01:43:20.841+0000] {logging_mixin.py:188} INFO - [2024-07-13T01:43:20.841+0000] {dag.py:3954} INFO - Setting next_dagrun for example_task_group to 2024-07-12 00:00:00+00:00, run_after=2024-07-13 00:00:00+00:00
[2024-07-13T01:43:20.863+0000] {processor.py:183} INFO - Processing /home/airflow/.local/lib/python3.12/site-packages/airflow/example_dags/example_task_group.py took 0.064 seconds
[2024-07-13T01:43:51.062+0000] {processor.py:161} INFO - Started process (PID=156) to work on /home/airflow/.local/lib/python3.12/site-packages/airflow/example_dags/example_task_group.py
[2024-07-13T01:43:51.063+0000] {processor.py:830} INFO - Processing file /home/airflow/.local/lib/python3.12/site-packages/airflow/example_dags/example_task_group.py for tasks to queue
[2024-07-13T01:43:51.064+0000] {logging_mixin.py:188} INFO - [2024-07-13T01:43:51.064+0000] {dagbag.py:545} INFO - Filling up the DagBag from /home/airflow/.local/lib/python3.12/site-packages/airflow/example_dags/example_task_group.py
[2024-07-13T01:43:51.069+0000] {processor.py:840} INFO - DAG(s) 'example_task_group' retrieved from /home/airflow/.local/lib/python3.12/site-packages/airflow/example_dags/example_task_group.py
[2024-07-13T01:43:51.086+0000] {logging_mixin.py:188} INFO - [2024-07-13T01:43:51.085+0000] {dag.py:3096} INFO - Sync 1 DAGs
[2024-07-13T01:43:51.101+0000] {logging_mixin.py:188} INFO - [2024-07-13T01:43:51.101+0000] {dag.py:3954} INFO - Setting next_dagrun for example_task_group to 2024-07-12 00:00:00+00:00, run_after=2024-07-13 00:00:00+00:00
[2024-07-13T01:43:51.126+0000] {processor.py:183} INFO - Processing /home/airflow/.local/lib/python3.12/site-packages/airflow/example_dags/example_task_group.py took 0.068 seconds
[2024-07-13T01:44:21.188+0000] {processor.py:161} INFO - Started process (PID=217) to work on /home/airflow/.local/lib/python3.12/site-packages/airflow/example_dags/example_task_group.py
[2024-07-13T01:44:21.189+0000] {processor.py:830} INFO - Processing file /home/airflow/.local/lib/python3.12/site-packages/airflow/example_dags/example_task_group.py for tasks to queue
[2024-07-13T01:44:21.191+0000] {logging_mixin.py:188} INFO - [2024-07-13T01:44:21.191+0000] {dagbag.py:545} INFO - Filling up the DagBag from /home/airflow/.local/lib/python3.12/site-packages/airflow/example_dags/example_task_group.py
[2024-07-13T01:44:21.202+0000] {processor.py:840} INFO - DAG(s) 'example_task_group' retrieved from /home/airflow/.local/lib/python3.12/site-packages/airflow/example_dags/example_task_group.py
[2024-07-13T01:44:21.223+0000] {logging_mixin.py:188} INFO - [2024-07-13T01:44:21.223+0000] {dag.py:3096} INFO - Sync 1 DAGs
[2024-07-13T01:44:21.240+0000] {logging_mixin.py:188} INFO - [2024-07-13T01:44:21.240+0000] {dag.py:3954} INFO - Setting next_dagrun for example_task_group to 2024-07-12 00:00:00+00:00, run_after=2024-07-13 00:00:00+00:00
[2024-07-13T01:44:21.261+0000] {processor.py:183} INFO - Processing /home/airflow/.local/lib/python3.12/site-packages/airflow/example_dags/example_task_group.py took 0.078 seconds
[2024-07-13T01:44:51.346+0000] {processor.py:161} INFO - Started process (PID=278) to work on /home/airflow/.local/lib/python3.12/site-packages/airflow/example_dags/example_task_group.py
[2024-07-13T01:44:51.346+0000] {processor.py:830} INFO - Processing file /home/airflow/.local/lib/python3.12/site-packages/airflow/example_dags/example_task_group.py for tasks to queue
[2024-07-13T01:44:51.348+0000] {logging_mixin.py:188} INFO - [2024-07-13T01:44:51.347+0000] {dagbag.py:545} INFO - Filling up the DagBag from /home/airflow/.local/lib/python3.12/site-packages/airflow/example_dags/example_task_group.py
[2024-07-13T01:44:51.353+0000] {processor.py:840} INFO - DAG(s) 'example_task_group' retrieved from /home/airflow/.local/lib/python3.12/site-packages/airflow/example_dags/example_task_group.py
[2024-07-13T01:44:51.370+0000] {logging_mixin.py:188} INFO - [2024-07-13T01:44:51.369+0000] {dag.py:3096} INFO - Sync 1 DAGs
[2024-07-13T01:44:51.386+0000] {logging_mixin.py:188} INFO - [2024-07-13T01:44:51.386+0000] {dag.py:3954} INFO - Setting next_dagrun for example_task_group to 2024-07-12 00:00:00+00:00, run_after=2024-07-13 00:00:00+00:00
[2024-07-13T01:44:51.410+0000] {processor.py:183} INFO - Processing /home/airflow/.local/lib/python3.12/site-packages/airflow/example_dags/example_task_group.py took 0.069 seconds
[2024-07-13T01:45:22.145+0000] {processor.py:161} INFO - Started process (PID=339) to work on /home/airflow/.local/lib/python3.12/site-packages/airflow/example_dags/example_task_group.py
[2024-07-13T01:45:22.146+0000] {processor.py:830} INFO - Processing file /home/airflow/.local/lib/python3.12/site-packages/airflow/example_dags/example_task_group.py for tasks to queue
[2024-07-13T01:45:22.148+0000] {logging_mixin.py:188} INFO - [2024-07-13T01:45:22.148+0000] {dagbag.py:545} INFO - Filling up the DagBag from /home/airflow/.local/lib/python3.12/site-packages/airflow/example_dags/example_task_group.py
[2024-07-13T01:45:22.155+0000] {processor.py:840} INFO - DAG(s) 'example_task_group' retrieved from /home/airflow/.local/lib/python3.12/site-packages/airflow/example_dags/example_task_group.py
[2024-07-13T01:45:22.173+0000] {logging_mixin.py:188} INFO - [2024-07-13T01:45:22.173+0000] {dag.py:3096} INFO - Sync 1 DAGs
[2024-07-13T01:45:22.189+0000] {logging_mixin.py:188} INFO - [2024-07-13T01:45:22.189+0000] {dag.py:3954} INFO - Setting next_dagrun for example_task_group to 2024-07-12 00:00:00+00:00, run_after=2024-07-13 00:00:00+00:00
[2024-07-13T01:45:22.213+0000] {processor.py:183} INFO - Processing /home/airflow/.local/lib/python3.12/site-packages/airflow/example_dags/example_task_group.py took 0.073 seconds
[2024-07-13T01:45:52.310+0000] {processor.py:161} INFO - Started process (PID=400) to work on /home/airflow/.local/lib/python3.12/site-packages/airflow/example_dags/example_task_group.py
[2024-07-13T01:45:52.312+0000] {processor.py:830} INFO - Processing file /home/airflow/.local/lib/python3.12/site-packages/airflow/example_dags/example_task_group.py for tasks to queue
[2024-07-13T01:45:52.314+0000] {logging_mixin.py:188} INFO - [2024-07-13T01:45:52.313+0000] {dagbag.py:545} INFO - Filling up the DagBag from /home/airflow/.local/lib/python3.12/site-packages/airflow/example_dags/example_task_group.py
[2024-07-13T01:45:52.341+0000] {processor.py:840} INFO - DAG(s) 'example_task_group' retrieved from /home/airflow/.local/lib/python3.12/site-packages/airflow/example_dags/example_task_group.py
[2024-07-13T01:45:52.430+0000] {logging_mixin.py:188} INFO - [2024-07-13T01:45:52.430+0000] {dag.py:3096} INFO - Sync 1 DAGs
[2024-07-13T01:45:52.531+0000] {logging_mixin.py:188} INFO - [2024-07-13T01:45:52.531+0000] {dag.py:3954} INFO - Setting next_dagrun for example_task_group to 2024-07-12 00:00:00+00:00, run_after=2024-07-13 00:00:00+00:00
[2024-07-13T01:45:52.619+0000] {processor.py:183} INFO - Processing /home/airflow/.local/lib/python3.12/site-packages/airflow/example_dags/example_task_group.py took 0.331 seconds
[2024-07-13T01:46:22.998+0000] {processor.py:161} INFO - Started process (PID=458) to work on /home/airflow/.local/lib/python3.12/site-packages/airflow/example_dags/example_task_group.py
[2024-07-13T01:46:22.999+0000] {processor.py:830} INFO - Processing file /home/airflow/.local/lib/python3.12/site-packages/airflow/example_dags/example_task_group.py for tasks to queue
[2024-07-13T01:46:23.001+0000] {logging_mixin.py:188} INFO - [2024-07-13T01:46:23.001+0000] {dagbag.py:545} INFO - Filling up the DagBag from /home/airflow/.local/lib/python3.12/site-packages/airflow/example_dags/example_task_group.py
[2024-07-13T01:46:23.007+0000] {processor.py:840} INFO - DAG(s) 'example_task_group' retrieved from /home/airflow/.local/lib/python3.12/site-packages/airflow/example_dags/example_task_group.py
[2024-07-13T01:46:23.023+0000] {logging_mixin.py:188} INFO - [2024-07-13T01:46:23.023+0000] {dag.py:3096} INFO - Sync 1 DAGs
[2024-07-13T01:46:23.039+0000] {logging_mixin.py:188} INFO - [2024-07-13T01:46:23.039+0000] {dag.py:3954} INFO - Setting next_dagrun for example_task_group to 2024-07-12 00:00:00+00:00, run_after=2024-07-13 00:00:00+00:00
[2024-07-13T01:46:23.060+0000] {processor.py:183} INFO - Processing /home/airflow/.local/lib/python3.12/site-packages/airflow/example_dags/example_task_group.py took 0.066 seconds
[2024-07-13T01:46:53.248+0000] {processor.py:161} INFO - Started process (PID=519) to work on /home/airflow/.local/lib/python3.12/site-packages/airflow/example_dags/example_task_group.py
[2024-07-13T01:46:53.249+0000] {processor.py:830} INFO - Processing file /home/airflow/.local/lib/python3.12/site-packages/airflow/example_dags/example_task_group.py for tasks to queue
[2024-07-13T01:46:53.251+0000] {logging_mixin.py:188} INFO - [2024-07-13T01:46:53.250+0000] {dagbag.py:545} INFO - Filling up the DagBag from /home/airflow/.local/lib/python3.12/site-packages/airflow/example_dags/example_task_group.py
[2024-07-13T01:46:53.258+0000] {processor.py:840} INFO - DAG(s) 'example_task_group' retrieved from /home/airflow/.local/lib/python3.12/site-packages/airflow/example_dags/example_task_group.py
[2024-07-13T01:46:53.280+0000] {logging_mixin.py:188} INFO - [2024-07-13T01:46:53.280+0000] {dag.py:3096} INFO - Sync 1 DAGs
[2024-07-13T01:46:53.303+0000] {logging_mixin.py:188} INFO - [2024-07-13T01:46:53.303+0000] {dag.py:3954} INFO - Setting next_dagrun for example_task_group to 2024-07-12 00:00:00+00:00, run_after=2024-07-13 00:00:00+00:00
[2024-07-13T01:46:53.450+0000] {processor.py:183} INFO - Processing /home/airflow/.local/lib/python3.12/site-packages/airflow/example_dags/example_task_group.py took 0.207 seconds
[2024-07-13T01:47:23.550+0000] {processor.py:161} INFO - Started process (PID=581) to work on /home/airflow/.local/lib/python3.12/site-packages/airflow/example_dags/example_task_group.py
[2024-07-13T01:47:23.551+0000] {processor.py:830} INFO - Processing file /home/airflow/.local/lib/python3.12/site-packages/airflow/example_dags/example_task_group.py for tasks to queue
[2024-07-13T01:47:23.552+0000] {logging_mixin.py:188} INFO - [2024-07-13T01:47:23.552+0000] {dagbag.py:545} INFO - Filling up the DagBag from /home/airflow/.local/lib/python3.12/site-packages/airflow/example_dags/example_task_group.py
[2024-07-13T01:47:23.558+0000] {processor.py:840} INFO - DAG(s) 'example_task_group' retrieved from /home/airflow/.local/lib/python3.12/site-packages/airflow/example_dags/example_task_group.py
[2024-07-13T01:47:23.574+0000] {logging_mixin.py:188} INFO - [2024-07-13T01:47:23.574+0000] {dag.py:3096} INFO - Sync 1 DAGs
[2024-07-13T01:47:23.590+0000] {logging_mixin.py:188} INFO - [2024-07-13T01:47:23.590+0000] {dag.py:3954} INFO - Setting next_dagrun for example_task_group to 2024-07-12 00:00:00+00:00, run_after=2024-07-13 00:00:00+00:00
[2024-07-13T01:47:23.615+0000] {processor.py:183} INFO - Processing /home/airflow/.local/lib/python3.12/site-packages/airflow/example_dags/example_task_group.py took 0.069 seconds
[2024-07-13T01:47:53.908+0000] {processor.py:161} INFO - Started process (PID=642) to work on /home/airflow/.local/lib/python3.12/site-packages/airflow/example_dags/example_task_group.py
[2024-07-13T01:47:53.909+0000] {processor.py:830} INFO - Processing file /home/airflow/.local/lib/python3.12/site-packages/airflow/example_dags/example_task_group.py for tasks to queue
[2024-07-13T01:47:53.910+0000] {logging_mixin.py:188} INFO - [2024-07-13T01:47:53.910+0000] {dagbag.py:545} INFO - Filling up the DagBag from /home/airflow/.local/lib/python3.12/site-packages/airflow/example_dags/example_task_group.py
[2024-07-13T01:47:53.915+0000] {processor.py:840} INFO - DAG(s) 'example_task_group' retrieved from /home/airflow/.local/lib/python3.12/site-packages/airflow/example_dags/example_task_group.py
[2024-07-13T01:47:53.932+0000] {logging_mixin.py:188} INFO - [2024-07-13T01:47:53.931+0000] {dag.py:3096} INFO - Sync 1 DAGs
[2024-07-13T01:47:53.947+0000] {logging_mixin.py:188} INFO - [2024-07-13T01:47:53.947+0000] {dag.py:3954} INFO - Setting next_dagrun for example_task_group to 2024-07-12 00:00:00+00:00, run_after=2024-07-13 00:00:00+00:00
[2024-07-13T01:47:53.969+0000] {processor.py:183} INFO - Processing /home/airflow/.local/lib/python3.12/site-packages/airflow/example_dags/example_task_group.py took 0.065 seconds
[2024-07-13T01:48:24.281+0000] {processor.py:161} INFO - Started process (PID=703) to work on /home/airflow/.local/lib/python3.12/site-packages/airflow/example_dags/example_task_group.py
[2024-07-13T01:48:24.281+0000] {processor.py:830} INFO - Processing file /home/airflow/.local/lib/python3.12/site-packages/airflow/example_dags/example_task_group.py for tasks to queue
[2024-07-13T01:48:24.283+0000] {logging_mixin.py:188} INFO - [2024-07-13T01:48:24.283+0000] {dagbag.py:545} INFO - Filling up the DagBag from /home/airflow/.local/lib/python3.12/site-packages/airflow/example_dags/example_task_group.py
[2024-07-13T01:48:24.288+0000] {processor.py:840} INFO - DAG(s) 'example_task_group' retrieved from /home/airflow/.local/lib/python3.12/site-packages/airflow/example_dags/example_task_group.py
[2024-07-13T01:48:24.305+0000] {logging_mixin.py:188} INFO - [2024-07-13T01:48:24.304+0000] {dag.py:3096} INFO - Sync 1 DAGs
[2024-07-13T01:48:24.321+0000] {logging_mixin.py:188} INFO - [2024-07-13T01:48:24.321+0000] {dag.py:3954} INFO - Setting next_dagrun for example_task_group to 2024-07-12 00:00:00+00:00, run_after=2024-07-13 00:00:00+00:00
[2024-07-13T01:48:24.342+0000] {processor.py:183} INFO - Processing /home/airflow/.local/lib/python3.12/site-packages/airflow/example_dags/example_task_group.py took 0.065 seconds
[2024-07-13T01:48:55.046+0000] {processor.py:161} INFO - Started process (PID=764) to work on /home/airflow/.local/lib/python3.12/site-packages/airflow/example_dags/example_task_group.py
[2024-07-13T01:48:55.047+0000] {processor.py:830} INFO - Processing file /home/airflow/.local/lib/python3.12/site-packages/airflow/example_dags/example_task_group.py for tasks to queue
[2024-07-13T01:48:55.048+0000] {logging_mixin.py:188} INFO - [2024-07-13T01:48:55.048+0000] {dagbag.py:545} INFO - Filling up the DagBag from /home/airflow/.local/lib/python3.12/site-packages/airflow/example_dags/example_task_group.py
[2024-07-13T01:48:55.053+0000] {processor.py:840} INFO - DAG(s) 'example_task_group' retrieved from /home/airflow/.local/lib/python3.12/site-packages/airflow/example_dags/example_task_group.py
[2024-07-13T01:48:55.070+0000] {logging_mixin.py:188} INFO - [2024-07-13T01:48:55.069+0000] {dag.py:3096} INFO - Sync 1 DAGs
[2024-07-13T01:48:55.086+0000] {logging_mixin.py:188} INFO - [2024-07-13T01:48:55.085+0000] {dag.py:3954} INFO - Setting next_dagrun for example_task_group to 2024-07-12 00:00:00+00:00, run_after=2024-07-13 00:00:00+00:00
[2024-07-13T01:48:55.109+0000] {processor.py:183} INFO - Processing /home/airflow/.local/lib/python3.12/site-packages/airflow/example_dags/example_task_group.py took 0.067 seconds
[2024-07-13T01:49:25.311+0000] {processor.py:161} INFO - Started process (PID=825) to work on /home/airflow/.local/lib/python3.12/site-packages/airflow/example_dags/example_task_group.py
[2024-07-13T01:49:25.312+0000] {processor.py:830} INFO - Processing file /home/airflow/.local/lib/python3.12/site-packages/airflow/example_dags/example_task_group.py for tasks to queue
[2024-07-13T01:49:25.314+0000] {logging_mixin.py:188} INFO - [2024-07-13T01:49:25.314+0000] {dagbag.py:545} INFO - Filling up the DagBag from /home/airflow/.local/lib/python3.12/site-packages/airflow/example_dags/example_task_group.py
[2024-07-13T01:49:25.333+0000] {processor.py:840} INFO - DAG(s) 'example_task_group' retrieved from /home/airflow/.local/lib/python3.12/site-packages/airflow/example_dags/example_task_group.py
[2024-07-13T01:49:25.364+0000] {logging_mixin.py:188} INFO - [2024-07-13T01:49:25.364+0000] {dag.py:3096} INFO - Sync 1 DAGs
[2024-07-13T01:49:25.389+0000] {logging_mixin.py:188} INFO - [2024-07-13T01:49:25.389+0000] {dag.py:3954} INFO - Setting next_dagrun for example_task_group to 2024-07-12 00:00:00+00:00, run_after=2024-07-13 00:00:00+00:00
[2024-07-13T01:49:25.427+0000] {processor.py:183} INFO - Processing /home/airflow/.local/lib/python3.12/site-packages/airflow/example_dags/example_task_group.py took 0.128 seconds
[2024-07-13T01:49:56.085+0000] {processor.py:161} INFO - Started process (PID=887) to work on /home/airflow/.local/lib/python3.12/site-packages/airflow/example_dags/example_task_group.py
[2024-07-13T01:49:56.086+0000] {processor.py:830} INFO - Processing file /home/airflow/.local/lib/python3.12/site-packages/airflow/example_dags/example_task_group.py for tasks to queue
[2024-07-13T01:49:56.090+0000] {logging_mixin.py:188} INFO - [2024-07-13T01:49:56.090+0000] {dagbag.py:545} INFO - Filling up the DagBag from /home/airflow/.local/lib/python3.12/site-packages/airflow/example_dags/example_task_group.py
[2024-07-13T01:49:56.105+0000] {processor.py:840} INFO - DAG(s) 'example_task_group' retrieved from /home/airflow/.local/lib/python3.12/site-packages/airflow/example_dags/example_task_group.py
[2024-07-13T01:49:56.129+0000] {logging_mixin.py:188} INFO - [2024-07-13T01:49:56.129+0000] {dag.py:3096} INFO - Sync 1 DAGs
[2024-07-13T01:49:56.169+0000] {logging_mixin.py:188} INFO - [2024-07-13T01:49:56.169+0000] {dag.py:3954} INFO - Setting next_dagrun for example_task_group to 2024-07-12 00:00:00+00:00, run_after=2024-07-13 00:00:00+00:00
[2024-07-13T01:49:56.207+0000] {processor.py:183} INFO - Processing /home/airflow/.local/lib/python3.12/site-packages/airflow/example_dags/example_task_group.py took 0.137 seconds
[2024-07-13T01:50:26.917+0000] {processor.py:161} INFO - Started process (PID=947) to work on /home/airflow/.local/lib/python3.12/site-packages/airflow/example_dags/example_task_group.py
[2024-07-13T01:50:26.917+0000] {processor.py:830} INFO - Processing file /home/airflow/.local/lib/python3.12/site-packages/airflow/example_dags/example_task_group.py for tasks to queue
[2024-07-13T01:50:26.919+0000] {logging_mixin.py:188} INFO - [2024-07-13T01:50:26.919+0000] {dagbag.py:545} INFO - Filling up the DagBag from /home/airflow/.local/lib/python3.12/site-packages/airflow/example_dags/example_task_group.py
[2024-07-13T01:50:26.924+0000] {processor.py:840} INFO - DAG(s) 'example_task_group' retrieved from /home/airflow/.local/lib/python3.12/site-packages/airflow/example_dags/example_task_group.py
[2024-07-13T01:50:26.941+0000] {logging_mixin.py:188} INFO - [2024-07-13T01:50:26.940+0000] {dag.py:3096} INFO - Sync 1 DAGs
[2024-07-13T01:50:26.956+0000] {logging_mixin.py:188} INFO - [2024-07-13T01:50:26.956+0000] {dag.py:3954} INFO - Setting next_dagrun for example_task_group to 2024-07-12 00:00:00+00:00, run_after=2024-07-13 00:00:00+00:00
[2024-07-13T01:50:26.981+0000] {processor.py:183} INFO - Processing /home/airflow/.local/lib/python3.12/site-packages/airflow/example_dags/example_task_group.py took 0.069 seconds
[2024-07-13T01:50:57.231+0000] {processor.py:161} INFO - Started process (PID=1008) to work on /home/airflow/.local/lib/python3.12/site-packages/airflow/example_dags/example_task_group.py
[2024-07-13T01:50:57.231+0000] {processor.py:830} INFO - Processing file /home/airflow/.local/lib/python3.12/site-packages/airflow/example_dags/example_task_group.py for tasks to queue
[2024-07-13T01:50:57.233+0000] {logging_mixin.py:188} INFO - [2024-07-13T01:50:57.233+0000] {dagbag.py:545} INFO - Filling up the DagBag from /home/airflow/.local/lib/python3.12/site-packages/airflow/example_dags/example_task_group.py
[2024-07-13T01:50:57.238+0000] {processor.py:840} INFO - DAG(s) 'example_task_group' retrieved from /home/airflow/.local/lib/python3.12/site-packages/airflow/example_dags/example_task_group.py
[2024-07-13T01:50:57.255+0000] {logging_mixin.py:188} INFO - [2024-07-13T01:50:57.254+0000] {dag.py:3096} INFO - Sync 1 DAGs
[2024-07-13T01:50:57.270+0000] {logging_mixin.py:188} INFO - [2024-07-13T01:50:57.270+0000] {dag.py:3954} INFO - Setting next_dagrun for example_task_group to 2024-07-12 00:00:00+00:00, run_after=2024-07-13 00:00:00+00:00
[2024-07-13T01:50:57.294+0000] {processor.py:183} INFO - Processing /home/airflow/.local/lib/python3.12/site-packages/airflow/example_dags/example_task_group.py took 0.068 seconds
[2024-07-13T01:51:27.378+0000] {processor.py:161} INFO - Started process (PID=1070) to work on /home/airflow/.local/lib/python3.12/site-packages/airflow/example_dags/example_task_group.py
[2024-07-13T01:51:27.378+0000] {processor.py:830} INFO - Processing file /home/airflow/.local/lib/python3.12/site-packages/airflow/example_dags/example_task_group.py for tasks to queue
[2024-07-13T01:51:27.380+0000] {logging_mixin.py:188} INFO - [2024-07-13T01:51:27.379+0000] {dagbag.py:545} INFO - Filling up the DagBag from /home/airflow/.local/lib/python3.12/site-packages/airflow/example_dags/example_task_group.py
[2024-07-13T01:51:27.385+0000] {processor.py:840} INFO - DAG(s) 'example_task_group' retrieved from /home/airflow/.local/lib/python3.12/site-packages/airflow/example_dags/example_task_group.py
[2024-07-13T01:51:27.401+0000] {logging_mixin.py:188} INFO - [2024-07-13T01:51:27.401+0000] {dag.py:3096} INFO - Sync 1 DAGs
[2024-07-13T01:51:27.417+0000] {logging_mixin.py:188} INFO - [2024-07-13T01:51:27.417+0000] {dag.py:3954} INFO - Setting next_dagrun for example_task_group to 2024-07-12 00:00:00+00:00, run_after=2024-07-13 00:00:00+00:00
[2024-07-13T01:51:27.443+0000] {processor.py:183} INFO - Processing /home/airflow/.local/lib/python3.12/site-packages/airflow/example_dags/example_task_group.py took 0.070 seconds
[2024-07-13T01:51:58.193+0000] {processor.py:161} INFO - Started process (PID=1130) to work on /home/airflow/.local/lib/python3.12/site-packages/airflow/example_dags/example_task_group.py
[2024-07-13T01:51:58.194+0000] {processor.py:830} INFO - Processing file /home/airflow/.local/lib/python3.12/site-packages/airflow/example_dags/example_task_group.py for tasks to queue
[2024-07-13T01:51:58.195+0000] {logging_mixin.py:188} INFO - [2024-07-13T01:51:58.195+0000] {dagbag.py:545} INFO - Filling up the DagBag from /home/airflow/.local/lib/python3.12/site-packages/airflow/example_dags/example_task_group.py
[2024-07-13T01:51:58.200+0000] {processor.py:840} INFO - DAG(s) 'example_task_group' retrieved from /home/airflow/.local/lib/python3.12/site-packages/airflow/example_dags/example_task_group.py
[2024-07-13T01:51:58.216+0000] {logging_mixin.py:188} INFO - [2024-07-13T01:51:58.216+0000] {dag.py:3096} INFO - Sync 1 DAGs
[2024-07-13T01:51:58.235+0000] {logging_mixin.py:188} INFO - [2024-07-13T01:51:58.234+0000] {dag.py:3954} INFO - Setting next_dagrun for example_task_group to 2024-07-12 00:00:00+00:00, run_after=2024-07-13 00:00:00+00:00
[2024-07-13T01:51:58.256+0000] {processor.py:183} INFO - Processing /home/airflow/.local/lib/python3.12/site-packages/airflow/example_dags/example_task_group.py took 0.067 seconds
[2024-07-13T01:52:28.695+0000] {processor.py:161} INFO - Started process (PID=1191) to work on /home/airflow/.local/lib/python3.12/site-packages/airflow/example_dags/example_task_group.py
[2024-07-13T01:52:28.695+0000] {processor.py:830} INFO - Processing file /home/airflow/.local/lib/python3.12/site-packages/airflow/example_dags/example_task_group.py for tasks to queue
[2024-07-13T01:52:28.697+0000] {logging_mixin.py:188} INFO - [2024-07-13T01:52:28.696+0000] {dagbag.py:545} INFO - Filling up the DagBag from /home/airflow/.local/lib/python3.12/site-packages/airflow/example_dags/example_task_group.py
[2024-07-13T01:52:28.702+0000] {processor.py:840} INFO - DAG(s) 'example_task_group' retrieved from /home/airflow/.local/lib/python3.12/site-packages/airflow/example_dags/example_task_group.py
[2024-07-13T01:52:28.719+0000] {logging_mixin.py:188} INFO - [2024-07-13T01:52:28.719+0000] {dag.py:3096} INFO - Sync 1 DAGs
[2024-07-13T01:52:28.735+0000] {logging_mixin.py:188} INFO - [2024-07-13T01:52:28.734+0000] {dag.py:3954} INFO - Setting next_dagrun for example_task_group to 2024-07-12 00:00:00+00:00, run_after=2024-07-13 00:00:00+00:00
[2024-07-13T01:52:28.755+0000] {processor.py:183} INFO - Processing /home/airflow/.local/lib/python3.12/site-packages/airflow/example_dags/example_task_group.py took 0.065 seconds
[2024-07-13T01:52:58.962+0000] {processor.py:161} INFO - Started process (PID=1250) to work on /home/airflow/.local/lib/python3.12/site-packages/airflow/example_dags/example_task_group.py
[2024-07-13T01:52:58.963+0000] {processor.py:830} INFO - Processing file /home/airflow/.local/lib/python3.12/site-packages/airflow/example_dags/example_task_group.py for tasks to queue
[2024-07-13T01:52:58.965+0000] {logging_mixin.py:188} INFO - [2024-07-13T01:52:58.964+0000] {dagbag.py:545} INFO - Filling up the DagBag from /home/airflow/.local/lib/python3.12/site-packages/airflow/example_dags/example_task_group.py
[2024-07-13T01:52:58.972+0000] {processor.py:840} INFO - DAG(s) 'example_task_group' retrieved from /home/airflow/.local/lib/python3.12/site-packages/airflow/example_dags/example_task_group.py
[2024-07-13T01:52:58.996+0000] {logging_mixin.py:188} INFO - [2024-07-13T01:52:58.996+0000] {dag.py:3096} INFO - Sync 1 DAGs
[2024-07-13T01:52:59.019+0000] {logging_mixin.py:188} INFO - [2024-07-13T01:52:59.019+0000] {dag.py:3954} INFO - Setting next_dagrun for example_task_group to 2024-07-12 00:00:00+00:00, run_after=2024-07-13 00:00:00+00:00
[2024-07-13T01:52:59.049+0000] {processor.py:183} INFO - Processing /home/airflow/.local/lib/python3.12/site-packages/airflow/example_dags/example_task_group.py took 0.093 seconds
[2024-07-13T01:53:29.281+0000] {processor.py:161} INFO - Started process (PID=1310) to work on /home/airflow/.local/lib/python3.12/site-packages/airflow/example_dags/example_task_group.py
[2024-07-13T01:53:29.282+0000] {processor.py:830} INFO - Processing file /home/airflow/.local/lib/python3.12/site-packages/airflow/example_dags/example_task_group.py for tasks to queue
[2024-07-13T01:53:29.283+0000] {logging_mixin.py:188} INFO - [2024-07-13T01:53:29.283+0000] {dagbag.py:545} INFO - Filling up the DagBag from /home/airflow/.local/lib/python3.12/site-packages/airflow/example_dags/example_task_group.py
[2024-07-13T01:53:29.288+0000] {processor.py:840} INFO - DAG(s) 'example_task_group' retrieved from /home/airflow/.local/lib/python3.12/site-packages/airflow/example_dags/example_task_group.py
[2024-07-13T01:53:29.304+0000] {logging_mixin.py:188} INFO - [2024-07-13T01:53:29.304+0000] {dag.py:3096} INFO - Sync 1 DAGs
[2024-07-13T01:53:29.320+0000] {logging_mixin.py:188} INFO - [2024-07-13T01:53:29.320+0000] {dag.py:3954} INFO - Setting next_dagrun for example_task_group to 2024-07-12 00:00:00+00:00, run_after=2024-07-13 00:00:00+00:00
[2024-07-13T01:53:29.341+0000] {processor.py:183} INFO - Processing /home/airflow/.local/lib/python3.12/site-packages/airflow/example_dags/example_task_group.py took 0.064 seconds
[2024-07-13T01:53:59.791+0000] {processor.py:161} INFO - Started process (PID=1371) to work on /home/airflow/.local/lib/python3.12/site-packages/airflow/example_dags/example_task_group.py
[2024-07-13T01:53:59.792+0000] {processor.py:830} INFO - Processing file /home/airflow/.local/lib/python3.12/site-packages/airflow/example_dags/example_task_group.py for tasks to queue
[2024-07-13T01:53:59.793+0000] {logging_mixin.py:188} INFO - [2024-07-13T01:53:59.793+0000] {dagbag.py:545} INFO - Filling up the DagBag from /home/airflow/.local/lib/python3.12/site-packages/airflow/example_dags/example_task_group.py
[2024-07-13T01:53:59.798+0000] {processor.py:840} INFO - DAG(s) 'example_task_group' retrieved from /home/airflow/.local/lib/python3.12/site-packages/airflow/example_dags/example_task_group.py
[2024-07-13T01:53:59.818+0000] {logging_mixin.py:188} INFO - [2024-07-13T01:53:59.818+0000] {dag.py:3096} INFO - Sync 1 DAGs
[2024-07-13T01:53:59.839+0000] {logging_mixin.py:188} INFO - [2024-07-13T01:53:59.839+0000] {dag.py:3954} INFO - Setting next_dagrun for example_task_group to 2024-07-12 00:00:00+00:00, run_after=2024-07-13 00:00:00+00:00
[2024-07-13T01:53:59.861+0000] {processor.py:183} INFO - Processing /home/airflow/.local/lib/python3.12/site-packages/airflow/example_dags/example_task_group.py took 0.074 seconds
[2024-07-13T01:54:29.898+0000] {processor.py:161} INFO - Started process (PID=1434) to work on /home/airflow/.local/lib/python3.12/site-packages/airflow/example_dags/example_task_group.py
[2024-07-13T01:54:29.899+0000] {processor.py:830} INFO - Processing file /home/airflow/.local/lib/python3.12/site-packages/airflow/example_dags/example_task_group.py for tasks to queue
[2024-07-13T01:54:29.901+0000] {logging_mixin.py:188} INFO - [2024-07-13T01:54:29.901+0000] {dagbag.py:545} INFO - Filling up the DagBag from /home/airflow/.local/lib/python3.12/site-packages/airflow/example_dags/example_task_group.py
[2024-07-13T01:54:29.908+0000] {processor.py:840} INFO - DAG(s) 'example_task_group' retrieved from /home/airflow/.local/lib/python3.12/site-packages/airflow/example_dags/example_task_group.py
[2024-07-13T01:54:29.931+0000] {logging_mixin.py:188} INFO - [2024-07-13T01:54:29.931+0000] {dag.py:3096} INFO - Sync 1 DAGs
[2024-07-13T01:54:29.963+0000] {logging_mixin.py:188} INFO - [2024-07-13T01:54:29.963+0000] {dag.py:3954} INFO - Setting next_dagrun for example_task_group to 2024-07-12 00:00:00+00:00, run_after=2024-07-13 00:00:00+00:00
[2024-07-13T01:54:29.992+0000] {processor.py:183} INFO - Processing /home/airflow/.local/lib/python3.12/site-packages/airflow/example_dags/example_task_group.py took 0.100 seconds
[2024-07-13T01:55:00.553+0000] {processor.py:161} INFO - Started process (PID=1493) to work on /home/airflow/.local/lib/python3.12/site-packages/airflow/example_dags/example_task_group.py
[2024-07-13T01:55:00.556+0000] {processor.py:830} INFO - Processing file /home/airflow/.local/lib/python3.12/site-packages/airflow/example_dags/example_task_group.py for tasks to queue
[2024-07-13T01:55:00.558+0000] {logging_mixin.py:188} INFO - [2024-07-13T01:55:00.558+0000] {dagbag.py:545} INFO - Filling up the DagBag from /home/airflow/.local/lib/python3.12/site-packages/airflow/example_dags/example_task_group.py
[2024-07-13T01:55:00.565+0000] {processor.py:840} INFO - DAG(s) 'example_task_group' retrieved from /home/airflow/.local/lib/python3.12/site-packages/airflow/example_dags/example_task_group.py
[2024-07-13T01:55:00.608+0000] {logging_mixin.py:188} INFO - [2024-07-13T01:55:00.607+0000] {dag.py:3096} INFO - Sync 1 DAGs
[2024-07-13T01:55:00.659+0000] {logging_mixin.py:188} INFO - [2024-07-13T01:55:00.658+0000] {dag.py:3954} INFO - Setting next_dagrun for example_task_group to 2024-07-12 00:00:00+00:00, run_after=2024-07-13 00:00:00+00:00
[2024-07-13T01:55:00.702+0000] {processor.py:183} INFO - Processing /home/airflow/.local/lib/python3.12/site-packages/airflow/example_dags/example_task_group.py took 0.158 seconds
[2024-07-13T01:55:31.474+0000] {processor.py:161} INFO - Started process (PID=1555) to work on /home/airflow/.local/lib/python3.12/site-packages/airflow/example_dags/example_task_group.py
[2024-07-13T01:55:31.475+0000] {processor.py:830} INFO - Processing file /home/airflow/.local/lib/python3.12/site-packages/airflow/example_dags/example_task_group.py for tasks to queue
[2024-07-13T01:55:31.477+0000] {logging_mixin.py:188} INFO - [2024-07-13T01:55:31.476+0000] {dagbag.py:545} INFO - Filling up the DagBag from /home/airflow/.local/lib/python3.12/site-packages/airflow/example_dags/example_task_group.py
[2024-07-13T01:55:31.484+0000] {processor.py:840} INFO - DAG(s) 'example_task_group' retrieved from /home/airflow/.local/lib/python3.12/site-packages/airflow/example_dags/example_task_group.py
[2024-07-13T01:55:31.508+0000] {logging_mixin.py:188} INFO - [2024-07-13T01:55:31.508+0000] {dag.py:3096} INFO - Sync 1 DAGs
[2024-07-13T01:55:31.532+0000] {logging_mixin.py:188} INFO - [2024-07-13T01:55:31.532+0000] {dag.py:3954} INFO - Setting next_dagrun for example_task_group to 2024-07-12 00:00:00+00:00, run_after=2024-07-13 00:00:00+00:00
[2024-07-13T01:55:31.558+0000] {processor.py:183} INFO - Processing /home/airflow/.local/lib/python3.12/site-packages/airflow/example_dags/example_task_group.py took 0.089 seconds
[2024-07-13T01:56:02.280+0000] {processor.py:161} INFO - Started process (PID=1617) to work on /home/airflow/.local/lib/python3.12/site-packages/airflow/example_dags/example_task_group.py
[2024-07-13T01:56:02.280+0000] {processor.py:830} INFO - Processing file /home/airflow/.local/lib/python3.12/site-packages/airflow/example_dags/example_task_group.py for tasks to queue
[2024-07-13T01:56:02.289+0000] {logging_mixin.py:188} INFO - [2024-07-13T01:56:02.288+0000] {dagbag.py:545} INFO - Filling up the DagBag from /home/airflow/.local/lib/python3.12/site-packages/airflow/example_dags/example_task_group.py
[2024-07-13T01:56:02.309+0000] {processor.py:840} INFO - DAG(s) 'example_task_group' retrieved from /home/airflow/.local/lib/python3.12/site-packages/airflow/example_dags/example_task_group.py
[2024-07-13T01:56:02.367+0000] {logging_mixin.py:188} INFO - [2024-07-13T01:56:02.367+0000] {dag.py:3096} INFO - Sync 1 DAGs
[2024-07-13T01:56:02.401+0000] {logging_mixin.py:188} INFO - [2024-07-13T01:56:02.401+0000] {dag.py:3954} INFO - Setting next_dagrun for example_task_group to 2024-07-12 00:00:00+00:00, run_after=2024-07-13 00:00:00+00:00
[2024-07-13T01:56:02.425+0000] {processor.py:183} INFO - Processing /home/airflow/.local/lib/python3.12/site-packages/airflow/example_dags/example_task_group.py took 0.151 seconds
[2024-07-13T01:56:32.830+0000] {processor.py:161} INFO - Started process (PID=1679) to work on /home/airflow/.local/lib/python3.12/site-packages/airflow/example_dags/example_task_group.py
[2024-07-13T01:56:32.843+0000] {processor.py:830} INFO - Processing file /home/airflow/.local/lib/python3.12/site-packages/airflow/example_dags/example_task_group.py for tasks to queue
[2024-07-13T01:56:32.844+0000] {logging_mixin.py:188} INFO - [2024-07-13T01:56:32.844+0000] {dagbag.py:545} INFO - Filling up the DagBag from /home/airflow/.local/lib/python3.12/site-packages/airflow/example_dags/example_task_group.py
[2024-07-13T01:56:32.883+0000] {processor.py:840} INFO - DAG(s) 'example_task_group' retrieved from /home/airflow/.local/lib/python3.12/site-packages/airflow/example_dags/example_task_group.py
[2024-07-13T01:56:33.012+0000] {logging_mixin.py:188} INFO - [2024-07-13T01:56:33.011+0000] {dag.py:3096} INFO - Sync 1 DAGs
[2024-07-13T01:56:33.094+0000] {logging_mixin.py:188} INFO - [2024-07-13T01:56:33.093+0000] {dag.py:3954} INFO - Setting next_dagrun for example_task_group to 2024-07-12 00:00:00+00:00, run_after=2024-07-13 00:00:00+00:00
[2024-07-13T01:56:33.190+0000] {processor.py:183} INFO - Processing /home/airflow/.local/lib/python3.12/site-packages/airflow/example_dags/example_task_group.py took 0.373 seconds
[2024-07-13T02:00:32.620+0000] {processor.py:161} INFO - Started process (PID=34) to work on /home/airflow/.local/lib/python3.12/site-packages/airflow/example_dags/example_task_group.py
[2024-07-13T02:00:32.642+0000] {processor.py:830} INFO - Processing file /home/airflow/.local/lib/python3.12/site-packages/airflow/example_dags/example_task_group.py for tasks to queue
[2024-07-13T02:00:32.645+0000] {logging_mixin.py:188} INFO - [2024-07-13T02:00:32.644+0000] {dagbag.py:545} INFO - Filling up the DagBag from /home/airflow/.local/lib/python3.12/site-packages/airflow/example_dags/example_task_group.py
[2024-07-13T02:00:32.741+0000] {processor.py:840} INFO - DAG(s) 'example_task_group' retrieved from /home/airflow/.local/lib/python3.12/site-packages/airflow/example_dags/example_task_group.py
[2024-07-13T02:00:33.605+0000] {logging_mixin.py:188} INFO - [2024-07-13T02:00:33.605+0000] {dag.py:3096} INFO - Sync 1 DAGs
[2024-07-13T02:00:33.685+0000] {logging_mixin.py:188} INFO - [2024-07-13T02:00:33.684+0000] {dag.py:3954} INFO - Setting next_dagrun for example_task_group to 2024-07-12 00:00:00+00:00, run_after=2024-07-13 00:00:00+00:00
[2024-07-13T02:00:33.769+0000] {processor.py:183} INFO - Processing /home/airflow/.local/lib/python3.12/site-packages/airflow/example_dags/example_task_group.py took 1.172 seconds
[2024-07-13T02:01:04.420+0000] {processor.py:161} INFO - Started process (PID=94) to work on /home/airflow/.local/lib/python3.12/site-packages/airflow/example_dags/example_task_group.py
[2024-07-13T02:01:04.421+0000] {processor.py:830} INFO - Processing file /home/airflow/.local/lib/python3.12/site-packages/airflow/example_dags/example_task_group.py for tasks to queue
[2024-07-13T02:01:04.422+0000] {logging_mixin.py:188} INFO - [2024-07-13T02:01:04.422+0000] {dagbag.py:545} INFO - Filling up the DagBag from /home/airflow/.local/lib/python3.12/site-packages/airflow/example_dags/example_task_group.py
[2024-07-13T02:01:04.428+0000] {processor.py:840} INFO - DAG(s) 'example_task_group' retrieved from /home/airflow/.local/lib/python3.12/site-packages/airflow/example_dags/example_task_group.py
[2024-07-13T02:01:04.444+0000] {logging_mixin.py:188} INFO - [2024-07-13T02:01:04.444+0000] {dag.py:3096} INFO - Sync 1 DAGs
[2024-07-13T02:01:04.459+0000] {logging_mixin.py:188} INFO - [2024-07-13T02:01:04.459+0000] {dag.py:3954} INFO - Setting next_dagrun for example_task_group to 2024-07-12 00:00:00+00:00, run_after=2024-07-13 00:00:00+00:00
[2024-07-13T02:01:04.479+0000] {processor.py:183} INFO - Processing /home/airflow/.local/lib/python3.12/site-packages/airflow/example_dags/example_task_group.py took 0.063 seconds
[2024-07-13T02:01:34.732+0000] {processor.py:161} INFO - Started process (PID=158) to work on /home/airflow/.local/lib/python3.12/site-packages/airflow/example_dags/example_task_group.py
[2024-07-13T02:01:34.733+0000] {processor.py:830} INFO - Processing file /home/airflow/.local/lib/python3.12/site-packages/airflow/example_dags/example_task_group.py for tasks to queue
[2024-07-13T02:01:34.734+0000] {logging_mixin.py:188} INFO - [2024-07-13T02:01:34.733+0000] {dagbag.py:545} INFO - Filling up the DagBag from /home/airflow/.local/lib/python3.12/site-packages/airflow/example_dags/example_task_group.py
[2024-07-13T02:01:34.745+0000] {processor.py:840} INFO - DAG(s) 'example_task_group' retrieved from /home/airflow/.local/lib/python3.12/site-packages/airflow/example_dags/example_task_group.py
[2024-07-13T02:01:34.773+0000] {logging_mixin.py:188} INFO - [2024-07-13T02:01:34.772+0000] {dag.py:3096} INFO - Sync 1 DAGs
[2024-07-13T02:01:34.797+0000] {logging_mixin.py:188} INFO - [2024-07-13T02:01:34.796+0000] {dag.py:3954} INFO - Setting next_dagrun for example_task_group to 2024-07-12 00:00:00+00:00, run_after=2024-07-13 00:00:00+00:00
[2024-07-13T02:01:34.819+0000] {processor.py:183} INFO - Processing /home/airflow/.local/lib/python3.12/site-packages/airflow/example_dags/example_task_group.py took 0.092 seconds
[2024-07-13T02:02:05.041+0000] {processor.py:161} INFO - Started process (PID=218) to work on /home/airflow/.local/lib/python3.12/site-packages/airflow/example_dags/example_task_group.py
[2024-07-13T02:02:05.042+0000] {processor.py:830} INFO - Processing file /home/airflow/.local/lib/python3.12/site-packages/airflow/example_dags/example_task_group.py for tasks to queue
[2024-07-13T02:02:05.043+0000] {logging_mixin.py:188} INFO - [2024-07-13T02:02:05.042+0000] {dagbag.py:545} INFO - Filling up the DagBag from /home/airflow/.local/lib/python3.12/site-packages/airflow/example_dags/example_task_group.py
[2024-07-13T02:02:05.051+0000] {processor.py:840} INFO - DAG(s) 'example_task_group' retrieved from /home/airflow/.local/lib/python3.12/site-packages/airflow/example_dags/example_task_group.py
[2024-07-13T02:02:05.074+0000] {logging_mixin.py:188} INFO - [2024-07-13T02:02:05.074+0000] {dag.py:3096} INFO - Sync 1 DAGs
[2024-07-13T02:02:05.098+0000] {logging_mixin.py:188} INFO - [2024-07-13T02:02:05.097+0000] {dag.py:3954} INFO - Setting next_dagrun for example_task_group to 2024-07-12 00:00:00+00:00, run_after=2024-07-13 00:00:00+00:00
[2024-07-13T02:02:05.124+0000] {processor.py:183} INFO - Processing /home/airflow/.local/lib/python3.12/site-packages/airflow/example_dags/example_task_group.py took 0.089 seconds
[2024-07-13T02:02:35.253+0000] {processor.py:161} INFO - Started process (PID=279) to work on /home/airflow/.local/lib/python3.12/site-packages/airflow/example_dags/example_task_group.py
[2024-07-13T02:02:35.254+0000] {processor.py:830} INFO - Processing file /home/airflow/.local/lib/python3.12/site-packages/airflow/example_dags/example_task_group.py for tasks to queue
[2024-07-13T02:02:35.254+0000] {logging_mixin.py:188} INFO - [2024-07-13T02:02:35.254+0000] {dagbag.py:545} INFO - Filling up the DagBag from /home/airflow/.local/lib/python3.12/site-packages/airflow/example_dags/example_task_group.py
[2024-07-13T02:02:35.260+0000] {processor.py:840} INFO - DAG(s) 'example_task_group' retrieved from /home/airflow/.local/lib/python3.12/site-packages/airflow/example_dags/example_task_group.py
[2024-07-13T02:02:35.276+0000] {logging_mixin.py:188} INFO - [2024-07-13T02:02:35.276+0000] {dag.py:3096} INFO - Sync 1 DAGs
[2024-07-13T02:02:35.291+0000] {logging_mixin.py:188} INFO - [2024-07-13T02:02:35.291+0000] {dag.py:3954} INFO - Setting next_dagrun for example_task_group to 2024-07-12 00:00:00+00:00, run_after=2024-07-13 00:00:00+00:00
[2024-07-13T02:02:35.314+0000] {processor.py:183} INFO - Processing /home/airflow/.local/lib/python3.12/site-packages/airflow/example_dags/example_task_group.py took 0.064 seconds
[2024-07-13T02:03:05.654+0000] {processor.py:161} INFO - Started process (PID=340) to work on /home/airflow/.local/lib/python3.12/site-packages/airflow/example_dags/example_task_group.py
[2024-07-13T02:03:05.655+0000] {processor.py:830} INFO - Processing file /home/airflow/.local/lib/python3.12/site-packages/airflow/example_dags/example_task_group.py for tasks to queue
[2024-07-13T02:03:05.655+0000] {logging_mixin.py:188} INFO - [2024-07-13T02:03:05.655+0000] {dagbag.py:545} INFO - Filling up the DagBag from /home/airflow/.local/lib/python3.12/site-packages/airflow/example_dags/example_task_group.py
[2024-07-13T02:03:05.661+0000] {processor.py:840} INFO - DAG(s) 'example_task_group' retrieved from /home/airflow/.local/lib/python3.12/site-packages/airflow/example_dags/example_task_group.py
[2024-07-13T02:03:05.677+0000] {logging_mixin.py:188} INFO - [2024-07-13T02:03:05.676+0000] {dag.py:3096} INFO - Sync 1 DAGs
[2024-07-13T02:03:05.692+0000] {logging_mixin.py:188} INFO - [2024-07-13T02:03:05.692+0000] {dag.py:3954} INFO - Setting next_dagrun for example_task_group to 2024-07-12 00:00:00+00:00, run_after=2024-07-13 00:00:00+00:00
[2024-07-13T02:03:05.725+0000] {processor.py:183} INFO - Processing /home/airflow/.local/lib/python3.12/site-packages/airflow/example_dags/example_task_group.py took 0.075 seconds
[2024-07-13T02:03:36.108+0000] {processor.py:161} INFO - Started process (PID=401) to work on /home/airflow/.local/lib/python3.12/site-packages/airflow/example_dags/example_task_group.py
[2024-07-13T02:03:36.109+0000] {processor.py:830} INFO - Processing file /home/airflow/.local/lib/python3.12/site-packages/airflow/example_dags/example_task_group.py for tasks to queue
[2024-07-13T02:03:36.109+0000] {logging_mixin.py:188} INFO - [2024-07-13T02:03:36.109+0000] {dagbag.py:545} INFO - Filling up the DagBag from /home/airflow/.local/lib/python3.12/site-packages/airflow/example_dags/example_task_group.py
[2024-07-13T02:03:36.115+0000] {processor.py:840} INFO - DAG(s) 'example_task_group' retrieved from /home/airflow/.local/lib/python3.12/site-packages/airflow/example_dags/example_task_group.py
[2024-07-13T02:03:36.131+0000] {logging_mixin.py:188} INFO - [2024-07-13T02:03:36.131+0000] {dag.py:3096} INFO - Sync 1 DAGs
[2024-07-13T02:03:36.147+0000] {logging_mixin.py:188} INFO - [2024-07-13T02:03:36.147+0000] {dag.py:3954} INFO - Setting next_dagrun for example_task_group to 2024-07-12 00:00:00+00:00, run_after=2024-07-13 00:00:00+00:00
[2024-07-13T02:03:36.171+0000] {processor.py:183} INFO - Processing /home/airflow/.local/lib/python3.12/site-packages/airflow/example_dags/example_task_group.py took 0.067 seconds
[2024-07-13T02:04:06.337+0000] {processor.py:161} INFO - Started process (PID=464) to work on /home/airflow/.local/lib/python3.12/site-packages/airflow/example_dags/example_task_group.py
[2024-07-13T02:04:06.338+0000] {processor.py:830} INFO - Processing file /home/airflow/.local/lib/python3.12/site-packages/airflow/example_dags/example_task_group.py for tasks to queue
[2024-07-13T02:04:06.339+0000] {logging_mixin.py:188} INFO - [2024-07-13T02:04:06.338+0000] {dagbag.py:545} INFO - Filling up the DagBag from /home/airflow/.local/lib/python3.12/site-packages/airflow/example_dags/example_task_group.py
[2024-07-13T02:04:06.347+0000] {processor.py:840} INFO - DAG(s) 'example_task_group' retrieved from /home/airflow/.local/lib/python3.12/site-packages/airflow/example_dags/example_task_group.py
[2024-07-13T02:04:06.373+0000] {logging_mixin.py:188} INFO - [2024-07-13T02:04:06.373+0000] {dag.py:3096} INFO - Sync 1 DAGs
[2024-07-13T02:04:06.406+0000] {logging_mixin.py:188} INFO - [2024-07-13T02:04:06.406+0000] {dag.py:3954} INFO - Setting next_dagrun for example_task_group to 2024-07-12 00:00:00+00:00, run_after=2024-07-13 00:00:00+00:00
[2024-07-13T02:04:06.439+0000] {processor.py:183} INFO - Processing /home/airflow/.local/lib/python3.12/site-packages/airflow/example_dags/example_task_group.py took 0.108 seconds
[2024-07-13T02:04:36.530+0000] {processor.py:161} INFO - Started process (PID=525) to work on /home/airflow/.local/lib/python3.12/site-packages/airflow/example_dags/example_task_group.py
[2024-07-13T02:04:36.531+0000] {processor.py:830} INFO - Processing file /home/airflow/.local/lib/python3.12/site-packages/airflow/example_dags/example_task_group.py for tasks to queue
[2024-07-13T02:04:36.531+0000] {logging_mixin.py:188} INFO - [2024-07-13T02:04:36.531+0000] {dagbag.py:545} INFO - Filling up the DagBag from /home/airflow/.local/lib/python3.12/site-packages/airflow/example_dags/example_task_group.py
[2024-07-13T02:04:36.537+0000] {processor.py:840} INFO - DAG(s) 'example_task_group' retrieved from /home/airflow/.local/lib/python3.12/site-packages/airflow/example_dags/example_task_group.py
[2024-07-13T02:04:36.562+0000] {logging_mixin.py:188} INFO - [2024-07-13T02:04:36.561+0000] {dag.py:3096} INFO - Sync 1 DAGs
[2024-07-13T02:04:36.585+0000] {logging_mixin.py:188} INFO - [2024-07-13T02:04:36.585+0000] {dag.py:3954} INFO - Setting next_dagrun for example_task_group to 2024-07-12 00:00:00+00:00, run_after=2024-07-13 00:00:00+00:00
[2024-07-13T02:04:36.618+0000] {processor.py:183} INFO - Processing /home/airflow/.local/lib/python3.12/site-packages/airflow/example_dags/example_task_group.py took 0.093 seconds
[2024-07-13T02:05:06.750+0000] {processor.py:161} INFO - Started process (PID=586) to work on /home/airflow/.local/lib/python3.12/site-packages/airflow/example_dags/example_task_group.py
[2024-07-13T02:05:06.751+0000] {processor.py:830} INFO - Processing file /home/airflow/.local/lib/python3.12/site-packages/airflow/example_dags/example_task_group.py for tasks to queue
[2024-07-13T02:05:06.752+0000] {logging_mixin.py:188} INFO - [2024-07-13T02:05:06.751+0000] {dagbag.py:545} INFO - Filling up the DagBag from /home/airflow/.local/lib/python3.12/site-packages/airflow/example_dags/example_task_group.py
[2024-07-13T02:05:06.757+0000] {processor.py:840} INFO - DAG(s) 'example_task_group' retrieved from /home/airflow/.local/lib/python3.12/site-packages/airflow/example_dags/example_task_group.py
[2024-07-13T02:05:06.774+0000] {logging_mixin.py:188} INFO - [2024-07-13T02:05:06.774+0000] {dag.py:3096} INFO - Sync 1 DAGs
[2024-07-13T02:05:06.790+0000] {logging_mixin.py:188} INFO - [2024-07-13T02:05:06.789+0000] {dag.py:3954} INFO - Setting next_dagrun for example_task_group to 2024-07-12 00:00:00+00:00, run_after=2024-07-13 00:00:00+00:00
[2024-07-13T02:05:06.812+0000] {processor.py:183} INFO - Processing /home/airflow/.local/lib/python3.12/site-packages/airflow/example_dags/example_task_group.py took 0.065 seconds
[2024-07-13T02:05:37.080+0000] {processor.py:161} INFO - Started process (PID=647) to work on /home/airflow/.local/lib/python3.12/site-packages/airflow/example_dags/example_task_group.py
[2024-07-13T02:05:37.081+0000] {processor.py:830} INFO - Processing file /home/airflow/.local/lib/python3.12/site-packages/airflow/example_dags/example_task_group.py for tasks to queue
[2024-07-13T02:05:37.081+0000] {logging_mixin.py:188} INFO - [2024-07-13T02:05:37.081+0000] {dagbag.py:545} INFO - Filling up the DagBag from /home/airflow/.local/lib/python3.12/site-packages/airflow/example_dags/example_task_group.py
[2024-07-13T02:05:37.087+0000] {processor.py:840} INFO - DAG(s) 'example_task_group' retrieved from /home/airflow/.local/lib/python3.12/site-packages/airflow/example_dags/example_task_group.py
[2024-07-13T02:05:37.104+0000] {logging_mixin.py:188} INFO - [2024-07-13T02:05:37.104+0000] {dag.py:3096} INFO - Sync 1 DAGs
[2024-07-13T02:05:37.120+0000] {logging_mixin.py:188} INFO - [2024-07-13T02:05:37.120+0000] {dag.py:3954} INFO - Setting next_dagrun for example_task_group to 2024-07-12 00:00:00+00:00, run_after=2024-07-13 00:00:00+00:00
[2024-07-13T02:05:37.141+0000] {processor.py:183} INFO - Processing /home/airflow/.local/lib/python3.12/site-packages/airflow/example_dags/example_task_group.py took 0.066 seconds
[2024-07-13T02:06:07.303+0000] {processor.py:161} INFO - Started process (PID=708) to work on /home/airflow/.local/lib/python3.12/site-packages/airflow/example_dags/example_task_group.py
[2024-07-13T02:06:07.303+0000] {processor.py:830} INFO - Processing file /home/airflow/.local/lib/python3.12/site-packages/airflow/example_dags/example_task_group.py for tasks to queue
[2024-07-13T02:06:07.304+0000] {logging_mixin.py:188} INFO - [2024-07-13T02:06:07.304+0000] {dagbag.py:545} INFO - Filling up the DagBag from /home/airflow/.local/lib/python3.12/site-packages/airflow/example_dags/example_task_group.py
[2024-07-13T02:06:07.310+0000] {processor.py:840} INFO - DAG(s) 'example_task_group' retrieved from /home/airflow/.local/lib/python3.12/site-packages/airflow/example_dags/example_task_group.py
[2024-07-13T02:06:07.327+0000] {logging_mixin.py:188} INFO - [2024-07-13T02:06:07.327+0000] {dag.py:3096} INFO - Sync 1 DAGs
[2024-07-13T02:06:07.343+0000] {logging_mixin.py:188} INFO - [2024-07-13T02:06:07.343+0000] {dag.py:3954} INFO - Setting next_dagrun for example_task_group to 2024-07-12 00:00:00+00:00, run_after=2024-07-13 00:00:00+00:00
[2024-07-13T02:06:07.367+0000] {processor.py:183} INFO - Processing /home/airflow/.local/lib/python3.12/site-packages/airflow/example_dags/example_task_group.py took 0.068 seconds
[2024-07-13T02:06:38.029+0000] {processor.py:161} INFO - Started process (PID=769) to work on /home/airflow/.local/lib/python3.12/site-packages/airflow/example_dags/example_task_group.py
[2024-07-13T02:06:38.030+0000] {processor.py:830} INFO - Processing file /home/airflow/.local/lib/python3.12/site-packages/airflow/example_dags/example_task_group.py for tasks to queue
[2024-07-13T02:06:38.031+0000] {logging_mixin.py:188} INFO - [2024-07-13T02:06:38.030+0000] {dagbag.py:545} INFO - Filling up the DagBag from /home/airflow/.local/lib/python3.12/site-packages/airflow/example_dags/example_task_group.py
[2024-07-13T02:06:38.037+0000] {processor.py:840} INFO - DAG(s) 'example_task_group' retrieved from /home/airflow/.local/lib/python3.12/site-packages/airflow/example_dags/example_task_group.py
[2024-07-13T02:06:38.055+0000] {logging_mixin.py:188} INFO - [2024-07-13T02:06:38.055+0000] {dag.py:3096} INFO - Sync 1 DAGs
[2024-07-13T02:06:38.072+0000] {logging_mixin.py:188} INFO - [2024-07-13T02:06:38.071+0000] {dag.py:3954} INFO - Setting next_dagrun for example_task_group to 2024-07-12 00:00:00+00:00, run_after=2024-07-13 00:00:00+00:00
[2024-07-13T02:06:38.094+0000] {processor.py:183} INFO - Processing /home/airflow/.local/lib/python3.12/site-packages/airflow/example_dags/example_task_group.py took 0.069 seconds
[2024-07-13T02:07:08.378+0000] {processor.py:161} INFO - Started process (PID=831) to work on /home/airflow/.local/lib/python3.12/site-packages/airflow/example_dags/example_task_group.py
[2024-07-13T02:07:08.383+0000] {processor.py:830} INFO - Processing file /home/airflow/.local/lib/python3.12/site-packages/airflow/example_dags/example_task_group.py for tasks to queue
[2024-07-13T02:07:08.384+0000] {logging_mixin.py:188} INFO - [2024-07-13T02:07:08.384+0000] {dagbag.py:545} INFO - Filling up the DagBag from /home/airflow/.local/lib/python3.12/site-packages/airflow/example_dags/example_task_group.py
[2024-07-13T02:07:08.390+0000] {processor.py:840} INFO - DAG(s) 'example_task_group' retrieved from /home/airflow/.local/lib/python3.12/site-packages/airflow/example_dags/example_task_group.py
[2024-07-13T02:07:08.407+0000] {logging_mixin.py:188} INFO - [2024-07-13T02:07:08.407+0000] {dag.py:3096} INFO - Sync 1 DAGs
[2024-07-13T02:07:08.431+0000] {logging_mixin.py:188} INFO - [2024-07-13T02:07:08.430+0000] {dag.py:3954} INFO - Setting next_dagrun for example_task_group to 2024-07-12 00:00:00+00:00, run_after=2024-07-13 00:00:00+00:00
[2024-07-13T02:07:08.456+0000] {processor.py:183} INFO - Processing /home/airflow/.local/lib/python3.12/site-packages/airflow/example_dags/example_task_group.py took 0.083 seconds
[2024-07-13T02:07:38.970+0000] {processor.py:161} INFO - Started process (PID=892) to work on /home/airflow/.local/lib/python3.12/site-packages/airflow/example_dags/example_task_group.py
[2024-07-13T02:07:38.981+0000] {processor.py:830} INFO - Processing file /home/airflow/.local/lib/python3.12/site-packages/airflow/example_dags/example_task_group.py for tasks to queue
[2024-07-13T02:07:38.982+0000] {logging_mixin.py:188} INFO - [2024-07-13T02:07:38.982+0000] {dagbag.py:545} INFO - Filling up the DagBag from /home/airflow/.local/lib/python3.12/site-packages/airflow/example_dags/example_task_group.py
[2024-07-13T02:07:38.998+0000] {processor.py:840} INFO - DAG(s) 'example_task_group' retrieved from /home/airflow/.local/lib/python3.12/site-packages/airflow/example_dags/example_task_group.py
[2024-07-13T02:07:39.044+0000] {logging_mixin.py:188} INFO - [2024-07-13T02:07:39.044+0000] {dag.py:3096} INFO - Sync 1 DAGs
[2024-07-13T02:07:39.149+0000] {logging_mixin.py:188} INFO - [2024-07-13T02:07:39.147+0000] {dag.py:3954} INFO - Setting next_dagrun for example_task_group to 2024-07-12 00:00:00+00:00, run_after=2024-07-13 00:00:00+00:00
[2024-07-13T02:07:39.203+0000] {processor.py:183} INFO - Processing /home/airflow/.local/lib/python3.12/site-packages/airflow/example_dags/example_task_group.py took 0.246 seconds
[2024-07-13T02:08:09.738+0000] {processor.py:161} INFO - Started process (PID=951) to work on /home/airflow/.local/lib/python3.12/site-packages/airflow/example_dags/example_task_group.py
[2024-07-13T02:08:09.739+0000] {processor.py:830} INFO - Processing file /home/airflow/.local/lib/python3.12/site-packages/airflow/example_dags/example_task_group.py for tasks to queue
[2024-07-13T02:08:09.740+0000] {logging_mixin.py:188} INFO - [2024-07-13T02:08:09.739+0000] {dagbag.py:545} INFO - Filling up the DagBag from /home/airflow/.local/lib/python3.12/site-packages/airflow/example_dags/example_task_group.py
[2024-07-13T02:08:09.745+0000] {processor.py:840} INFO - DAG(s) 'example_task_group' retrieved from /home/airflow/.local/lib/python3.12/site-packages/airflow/example_dags/example_task_group.py
[2024-07-13T02:08:09.762+0000] {logging_mixin.py:188} INFO - [2024-07-13T02:08:09.762+0000] {dag.py:3096} INFO - Sync 1 DAGs
[2024-07-13T02:08:09.778+0000] {logging_mixin.py:188} INFO - [2024-07-13T02:08:09.778+0000] {dag.py:3954} INFO - Setting next_dagrun for example_task_group to 2024-07-12 00:00:00+00:00, run_after=2024-07-13 00:00:00+00:00
[2024-07-13T02:08:09.803+0000] {processor.py:183} INFO - Processing /home/airflow/.local/lib/python3.12/site-packages/airflow/example_dags/example_task_group.py took 0.070 seconds
[2024-07-13T02:08:40.052+0000] {processor.py:161} INFO - Started process (PID=1012) to work on /home/airflow/.local/lib/python3.12/site-packages/airflow/example_dags/example_task_group.py
[2024-07-13T02:08:40.053+0000] {processor.py:830} INFO - Processing file /home/airflow/.local/lib/python3.12/site-packages/airflow/example_dags/example_task_group.py for tasks to queue
[2024-07-13T02:08:40.053+0000] {logging_mixin.py:188} INFO - [2024-07-13T02:08:40.053+0000] {dagbag.py:545} INFO - Filling up the DagBag from /home/airflow/.local/lib/python3.12/site-packages/airflow/example_dags/example_task_group.py
[2024-07-13T02:08:40.060+0000] {processor.py:840} INFO - DAG(s) 'example_task_group' retrieved from /home/airflow/.local/lib/python3.12/site-packages/airflow/example_dags/example_task_group.py
[2024-07-13T02:08:40.076+0000] {logging_mixin.py:188} INFO - [2024-07-13T02:08:40.076+0000] {dag.py:3096} INFO - Sync 1 DAGs
[2024-07-13T02:08:40.092+0000] {logging_mixin.py:188} INFO - [2024-07-13T02:08:40.092+0000] {dag.py:3954} INFO - Setting next_dagrun for example_task_group to 2024-07-12 00:00:00+00:00, run_after=2024-07-13 00:00:00+00:00
[2024-07-13T02:08:40.114+0000] {processor.py:183} INFO - Processing /home/airflow/.local/lib/python3.12/site-packages/airflow/example_dags/example_task_group.py took 0.066 seconds
[2024-07-13T02:09:10.610+0000] {processor.py:161} INFO - Started process (PID=1073) to work on /home/airflow/.local/lib/python3.12/site-packages/airflow/example_dags/example_task_group.py
[2024-07-13T02:09:10.611+0000] {processor.py:830} INFO - Processing file /home/airflow/.local/lib/python3.12/site-packages/airflow/example_dags/example_task_group.py for tasks to queue
[2024-07-13T02:09:10.611+0000] {logging_mixin.py:188} INFO - [2024-07-13T02:09:10.611+0000] {dagbag.py:545} INFO - Filling up the DagBag from /home/airflow/.local/lib/python3.12/site-packages/airflow/example_dags/example_task_group.py
[2024-07-13T02:09:10.620+0000] {processor.py:840} INFO - DAG(s) 'example_task_group' retrieved from /home/airflow/.local/lib/python3.12/site-packages/airflow/example_dags/example_task_group.py
[2024-07-13T02:09:10.642+0000] {logging_mixin.py:188} INFO - [2024-07-13T02:09:10.642+0000] {dag.py:3096} INFO - Sync 1 DAGs
[2024-07-13T02:09:10.666+0000] {logging_mixin.py:188} INFO - [2024-07-13T02:09:10.665+0000] {dag.py:3954} INFO - Setting next_dagrun for example_task_group to 2024-07-12 00:00:00+00:00, run_after=2024-07-13 00:00:00+00:00
[2024-07-13T02:09:10.703+0000] {processor.py:183} INFO - Processing /home/airflow/.local/lib/python3.12/site-packages/airflow/example_dags/example_task_group.py took 0.099 seconds
