[2024-07-13T01:31:01.800+0000] {processor.py:161} INFO - Started process (PID=82) to work on /home/airflow/.local/lib/python3.12/site-packages/airflow/example_dags/example_python_operator.py
[2024-07-13T01:31:01.808+0000] {processor.py:830} INFO - Processing file /home/airflow/.local/lib/python3.12/site-packages/airflow/example_dags/example_python_operator.py for tasks to queue
[2024-07-13T01:31:01.811+0000] {logging_mixin.py:188} INFO - [2024-07-13T01:31:01.811+0000] {dagbag.py:545} INFO - Filling up the DagBag from /home/airflow/.local/lib/python3.12/site-packages/airflow/example_dags/example_python_operator.py
[2024-07-13T01:31:01.866+0000] {processor.py:840} INFO - DAG(s) 'example_python_operator' retrieved from /home/airflow/.local/lib/python3.12/site-packages/airflow/example_dags/example_python_operator.py
[2024-07-13T01:31:02.326+0000] {logging_mixin.py:188} INFO - [2024-07-13T01:31:02.322+0000] {dag.py:3096} INFO - Sync 1 DAGs
[2024-07-13T01:31:02.351+0000] {logging_mixin.py:188} INFO - [2024-07-13T01:31:02.351+0000] {dag.py:3954} INFO - Setting next_dagrun for example_python_operator to None, run_after=None
[2024-07-13T01:31:02.465+0000] {processor.py:183} INFO - Processing /home/airflow/.local/lib/python3.12/site-packages/airflow/example_dags/example_python_operator.py took 0.687 seconds
[2024-07-13T01:31:33.217+0000] {processor.py:161} INFO - Started process (PID=143) to work on /home/airflow/.local/lib/python3.12/site-packages/airflow/example_dags/example_python_operator.py
[2024-07-13T01:31:33.218+0000] {processor.py:830} INFO - Processing file /home/airflow/.local/lib/python3.12/site-packages/airflow/example_dags/example_python_operator.py for tasks to queue
[2024-07-13T01:31:33.219+0000] {logging_mixin.py:188} INFO - [2024-07-13T01:31:33.219+0000] {dagbag.py:545} INFO - Filling up the DagBag from /home/airflow/.local/lib/python3.12/site-packages/airflow/example_dags/example_python_operator.py
[2024-07-13T01:31:33.228+0000] {processor.py:840} INFO - DAG(s) 'example_python_operator' retrieved from /home/airflow/.local/lib/python3.12/site-packages/airflow/example_dags/example_python_operator.py
[2024-07-13T01:31:33.248+0000] {logging_mixin.py:188} INFO - [2024-07-13T01:31:33.248+0000] {dag.py:3096} INFO - Sync 1 DAGs
[2024-07-13T01:31:33.261+0000] {logging_mixin.py:188} INFO - [2024-07-13T01:31:33.261+0000] {dag.py:3954} INFO - Setting next_dagrun for example_python_operator to None, run_after=None
[2024-07-13T01:31:33.291+0000] {processor.py:183} INFO - Processing /home/airflow/.local/lib/python3.12/site-packages/airflow/example_dags/example_python_operator.py took 0.080 seconds
[2024-07-13T01:32:03.389+0000] {processor.py:161} INFO - Started process (PID=201) to work on /home/airflow/.local/lib/python3.12/site-packages/airflow/example_dags/example_python_operator.py
[2024-07-13T01:32:03.390+0000] {processor.py:830} INFO - Processing file /home/airflow/.local/lib/python3.12/site-packages/airflow/example_dags/example_python_operator.py for tasks to queue
[2024-07-13T01:32:03.392+0000] {logging_mixin.py:188} INFO - [2024-07-13T01:32:03.392+0000] {dagbag.py:545} INFO - Filling up the DagBag from /home/airflow/.local/lib/python3.12/site-packages/airflow/example_dags/example_python_operator.py
[2024-07-13T01:32:03.404+0000] {processor.py:840} INFO - DAG(s) 'example_python_operator' retrieved from /home/airflow/.local/lib/python3.12/site-packages/airflow/example_dags/example_python_operator.py
[2024-07-13T01:32:03.429+0000] {logging_mixin.py:188} INFO - [2024-07-13T01:32:03.428+0000] {dag.py:3096} INFO - Sync 1 DAGs
[2024-07-13T01:32:03.443+0000] {logging_mixin.py:188} INFO - [2024-07-13T01:32:03.443+0000] {dag.py:3954} INFO - Setting next_dagrun for example_python_operator to None, run_after=None
[2024-07-13T01:32:03.466+0000] {processor.py:183} INFO - Processing /home/airflow/.local/lib/python3.12/site-packages/airflow/example_dags/example_python_operator.py took 0.083 seconds
[2024-07-13T01:32:34.106+0000] {processor.py:161} INFO - Started process (PID=262) to work on /home/airflow/.local/lib/python3.12/site-packages/airflow/example_dags/example_python_operator.py
[2024-07-13T01:32:34.106+0000] {processor.py:830} INFO - Processing file /home/airflow/.local/lib/python3.12/site-packages/airflow/example_dags/example_python_operator.py for tasks to queue
[2024-07-13T01:32:34.108+0000] {logging_mixin.py:188} INFO - [2024-07-13T01:32:34.108+0000] {dagbag.py:545} INFO - Filling up the DagBag from /home/airflow/.local/lib/python3.12/site-packages/airflow/example_dags/example_python_operator.py
[2024-07-13T01:32:34.119+0000] {processor.py:840} INFO - DAG(s) 'example_python_operator' retrieved from /home/airflow/.local/lib/python3.12/site-packages/airflow/example_dags/example_python_operator.py
[2024-07-13T01:32:34.143+0000] {logging_mixin.py:188} INFO - [2024-07-13T01:32:34.143+0000] {dag.py:3096} INFO - Sync 1 DAGs
[2024-07-13T01:32:34.156+0000] {logging_mixin.py:188} INFO - [2024-07-13T01:32:34.156+0000] {dag.py:3954} INFO - Setting next_dagrun for example_python_operator to None, run_after=None
[2024-07-13T01:32:34.184+0000] {processor.py:183} INFO - Processing /home/airflow/.local/lib/python3.12/site-packages/airflow/example_dags/example_python_operator.py took 0.084 seconds
[2024-07-13T01:33:04.598+0000] {processor.py:161} INFO - Started process (PID=323) to work on /home/airflow/.local/lib/python3.12/site-packages/airflow/example_dags/example_python_operator.py
[2024-07-13T01:33:04.599+0000] {processor.py:830} INFO - Processing file /home/airflow/.local/lib/python3.12/site-packages/airflow/example_dags/example_python_operator.py for tasks to queue
[2024-07-13T01:33:04.601+0000] {logging_mixin.py:188} INFO - [2024-07-13T01:33:04.600+0000] {dagbag.py:545} INFO - Filling up the DagBag from /home/airflow/.local/lib/python3.12/site-packages/airflow/example_dags/example_python_operator.py
[2024-07-13T01:33:04.613+0000] {processor.py:840} INFO - DAG(s) 'example_python_operator' retrieved from /home/airflow/.local/lib/python3.12/site-packages/airflow/example_dags/example_python_operator.py
[2024-07-13T01:33:04.636+0000] {logging_mixin.py:188} INFO - [2024-07-13T01:33:04.636+0000] {dag.py:3096} INFO - Sync 1 DAGs
[2024-07-13T01:33:04.649+0000] {logging_mixin.py:188} INFO - [2024-07-13T01:33:04.649+0000] {dag.py:3954} INFO - Setting next_dagrun for example_python_operator to None, run_after=None
[2024-07-13T01:33:04.677+0000] {processor.py:183} INFO - Processing /home/airflow/.local/lib/python3.12/site-packages/airflow/example_dags/example_python_operator.py took 0.092 seconds
[2024-07-13T01:33:35.148+0000] {processor.py:161} INFO - Started process (PID=383) to work on /home/airflow/.local/lib/python3.12/site-packages/airflow/example_dags/example_python_operator.py
[2024-07-13T01:33:35.149+0000] {processor.py:830} INFO - Processing file /home/airflow/.local/lib/python3.12/site-packages/airflow/example_dags/example_python_operator.py for tasks to queue
[2024-07-13T01:33:35.150+0000] {logging_mixin.py:188} INFO - [2024-07-13T01:33:35.150+0000] {dagbag.py:545} INFO - Filling up the DagBag from /home/airflow/.local/lib/python3.12/site-packages/airflow/example_dags/example_python_operator.py
[2024-07-13T01:33:35.161+0000] {processor.py:840} INFO - DAG(s) 'example_python_operator' retrieved from /home/airflow/.local/lib/python3.12/site-packages/airflow/example_dags/example_python_operator.py
[2024-07-13T01:33:35.189+0000] {logging_mixin.py:188} INFO - [2024-07-13T01:33:35.189+0000] {dag.py:3096} INFO - Sync 1 DAGs
[2024-07-13T01:33:35.203+0000] {logging_mixin.py:188} INFO - [2024-07-13T01:33:35.202+0000] {dag.py:3954} INFO - Setting next_dagrun for example_python_operator to None, run_after=None
[2024-07-13T01:33:35.232+0000] {processor.py:183} INFO - Processing /home/airflow/.local/lib/python3.12/site-packages/airflow/example_dags/example_python_operator.py took 0.090 seconds
[2024-07-13T01:34:05.872+0000] {processor.py:161} INFO - Started process (PID=445) to work on /home/airflow/.local/lib/python3.12/site-packages/airflow/example_dags/example_python_operator.py
[2024-07-13T01:34:05.872+0000] {processor.py:830} INFO - Processing file /home/airflow/.local/lib/python3.12/site-packages/airflow/example_dags/example_python_operator.py for tasks to queue
[2024-07-13T01:34:05.874+0000] {logging_mixin.py:188} INFO - [2024-07-13T01:34:05.873+0000] {dagbag.py:545} INFO - Filling up the DagBag from /home/airflow/.local/lib/python3.12/site-packages/airflow/example_dags/example_python_operator.py
[2024-07-13T01:34:05.921+0000] {processor.py:840} INFO - DAG(s) 'example_python_operator' retrieved from /home/airflow/.local/lib/python3.12/site-packages/airflow/example_dags/example_python_operator.py
[2024-07-13T01:34:05.991+0000] {logging_mixin.py:188} INFO - [2024-07-13T01:34:05.991+0000] {dag.py:3096} INFO - Sync 1 DAGs
[2024-07-13T01:34:06.031+0000] {logging_mixin.py:188} INFO - [2024-07-13T01:34:06.031+0000] {dag.py:3954} INFO - Setting next_dagrun for example_python_operator to None, run_after=None
[2024-07-13T01:34:06.095+0000] {processor.py:183} INFO - Processing /home/airflow/.local/lib/python3.12/site-packages/airflow/example_dags/example_python_operator.py took 0.229 seconds
[2024-07-13T01:34:36.251+0000] {processor.py:161} INFO - Started process (PID=507) to work on /home/airflow/.local/lib/python3.12/site-packages/airflow/example_dags/example_python_operator.py
[2024-07-13T01:34:36.251+0000] {processor.py:830} INFO - Processing file /home/airflow/.local/lib/python3.12/site-packages/airflow/example_dags/example_python_operator.py for tasks to queue
[2024-07-13T01:34:36.253+0000] {logging_mixin.py:188} INFO - [2024-07-13T01:34:36.253+0000] {dagbag.py:545} INFO - Filling up the DagBag from /home/airflow/.local/lib/python3.12/site-packages/airflow/example_dags/example_python_operator.py
[2024-07-13T01:34:36.264+0000] {processor.py:840} INFO - DAG(s) 'example_python_operator' retrieved from /home/airflow/.local/lib/python3.12/site-packages/airflow/example_dags/example_python_operator.py
[2024-07-13T01:34:36.290+0000] {logging_mixin.py:188} INFO - [2024-07-13T01:34:36.289+0000] {dag.py:3096} INFO - Sync 1 DAGs
[2024-07-13T01:34:36.305+0000] {logging_mixin.py:188} INFO - [2024-07-13T01:34:36.305+0000] {dag.py:3954} INFO - Setting next_dagrun for example_python_operator to None, run_after=None
[2024-07-13T01:34:36.383+0000] {processor.py:183} INFO - Processing /home/airflow/.local/lib/python3.12/site-packages/airflow/example_dags/example_python_operator.py took 0.138 seconds
[2024-07-13T01:35:06.578+0000] {processor.py:161} INFO - Started process (PID=568) to work on /home/airflow/.local/lib/python3.12/site-packages/airflow/example_dags/example_python_operator.py
[2024-07-13T01:35:06.579+0000] {processor.py:830} INFO - Processing file /home/airflow/.local/lib/python3.12/site-packages/airflow/example_dags/example_python_operator.py for tasks to queue
[2024-07-13T01:35:06.581+0000] {logging_mixin.py:188} INFO - [2024-07-13T01:35:06.581+0000] {dagbag.py:545} INFO - Filling up the DagBag from /home/airflow/.local/lib/python3.12/site-packages/airflow/example_dags/example_python_operator.py
[2024-07-13T01:35:06.591+0000] {processor.py:840} INFO - DAG(s) 'example_python_operator' retrieved from /home/airflow/.local/lib/python3.12/site-packages/airflow/example_dags/example_python_operator.py
[2024-07-13T01:35:06.614+0000] {logging_mixin.py:188} INFO - [2024-07-13T01:35:06.613+0000] {dag.py:3096} INFO - Sync 1 DAGs
[2024-07-13T01:35:06.627+0000] {logging_mixin.py:188} INFO - [2024-07-13T01:35:06.626+0000] {dag.py:3954} INFO - Setting next_dagrun for example_python_operator to None, run_after=None
[2024-07-13T01:35:06.651+0000] {processor.py:183} INFO - Processing /home/airflow/.local/lib/python3.12/site-packages/airflow/example_dags/example_python_operator.py took 0.080 seconds
[2024-07-13T01:35:37.925+0000] {processor.py:161} INFO - Started process (PID=629) to work on /home/airflow/.local/lib/python3.12/site-packages/airflow/example_dags/example_python_operator.py
[2024-07-13T01:35:37.926+0000] {processor.py:830} INFO - Processing file /home/airflow/.local/lib/python3.12/site-packages/airflow/example_dags/example_python_operator.py for tasks to queue
[2024-07-13T01:35:37.927+0000] {logging_mixin.py:188} INFO - [2024-07-13T01:35:37.927+0000] {dagbag.py:545} INFO - Filling up the DagBag from /home/airflow/.local/lib/python3.12/site-packages/airflow/example_dags/example_python_operator.py
[2024-07-13T01:35:37.951+0000] {processor.py:840} INFO - DAG(s) 'example_python_operator' retrieved from /home/airflow/.local/lib/python3.12/site-packages/airflow/example_dags/example_python_operator.py
[2024-07-13T01:35:37.982+0000] {logging_mixin.py:188} INFO - [2024-07-13T01:35:37.981+0000] {dag.py:3096} INFO - Sync 1 DAGs
[2024-07-13T01:35:37.996+0000] {logging_mixin.py:188} INFO - [2024-07-13T01:35:37.995+0000] {dag.py:3954} INFO - Setting next_dagrun for example_python_operator to None, run_after=None
[2024-07-13T01:35:38.042+0000] {processor.py:183} INFO - Processing /home/airflow/.local/lib/python3.12/site-packages/airflow/example_dags/example_python_operator.py took 0.144 seconds
[2024-07-13T01:36:08.673+0000] {processor.py:161} INFO - Started process (PID=690) to work on /home/airflow/.local/lib/python3.12/site-packages/airflow/example_dags/example_python_operator.py
[2024-07-13T01:36:08.673+0000] {processor.py:830} INFO - Processing file /home/airflow/.local/lib/python3.12/site-packages/airflow/example_dags/example_python_operator.py for tasks to queue
[2024-07-13T01:36:08.675+0000] {logging_mixin.py:188} INFO - [2024-07-13T01:36:08.675+0000] {dagbag.py:545} INFO - Filling up the DagBag from /home/airflow/.local/lib/python3.12/site-packages/airflow/example_dags/example_python_operator.py
[2024-07-13T01:36:08.689+0000] {processor.py:840} INFO - DAG(s) 'example_python_operator' retrieved from /home/airflow/.local/lib/python3.12/site-packages/airflow/example_dags/example_python_operator.py
[2024-07-13T01:36:08.733+0000] {logging_mixin.py:188} INFO - [2024-07-13T01:36:08.733+0000] {dag.py:3096} INFO - Sync 1 DAGs
[2024-07-13T01:36:08.746+0000] {logging_mixin.py:188} INFO - [2024-07-13T01:36:08.746+0000] {dag.py:3954} INFO - Setting next_dagrun for example_python_operator to None, run_after=None
[2024-07-13T01:36:08.774+0000] {processor.py:183} INFO - Processing /home/airflow/.local/lib/python3.12/site-packages/airflow/example_dags/example_python_operator.py took 0.108 seconds
[2024-07-13T01:36:38.875+0000] {processor.py:161} INFO - Started process (PID=751) to work on /home/airflow/.local/lib/python3.12/site-packages/airflow/example_dags/example_python_operator.py
[2024-07-13T01:36:38.876+0000] {processor.py:830} INFO - Processing file /home/airflow/.local/lib/python3.12/site-packages/airflow/example_dags/example_python_operator.py for tasks to queue
[2024-07-13T01:36:38.877+0000] {logging_mixin.py:188} INFO - [2024-07-13T01:36:38.877+0000] {dagbag.py:545} INFO - Filling up the DagBag from /home/airflow/.local/lib/python3.12/site-packages/airflow/example_dags/example_python_operator.py
[2024-07-13T01:36:38.885+0000] {processor.py:840} INFO - DAG(s) 'example_python_operator' retrieved from /home/airflow/.local/lib/python3.12/site-packages/airflow/example_dags/example_python_operator.py
[2024-07-13T01:36:38.902+0000] {logging_mixin.py:188} INFO - [2024-07-13T01:36:38.902+0000] {dag.py:3096} INFO - Sync 1 DAGs
[2024-07-13T01:36:38.911+0000] {logging_mixin.py:188} INFO - [2024-07-13T01:36:38.911+0000] {dag.py:3954} INFO - Setting next_dagrun for example_python_operator to None, run_after=None
[2024-07-13T01:36:38.946+0000] {processor.py:183} INFO - Processing /home/airflow/.local/lib/python3.12/site-packages/airflow/example_dags/example_python_operator.py took 0.076 seconds
[2024-07-13T01:37:09.407+0000] {processor.py:161} INFO - Started process (PID=812) to work on /home/airflow/.local/lib/python3.12/site-packages/airflow/example_dags/example_python_operator.py
[2024-07-13T01:37:09.410+0000] {processor.py:830} INFO - Processing file /home/airflow/.local/lib/python3.12/site-packages/airflow/example_dags/example_python_operator.py for tasks to queue
[2024-07-13T01:37:09.412+0000] {logging_mixin.py:188} INFO - [2024-07-13T01:37:09.412+0000] {dagbag.py:545} INFO - Filling up the DagBag from /home/airflow/.local/lib/python3.12/site-packages/airflow/example_dags/example_python_operator.py
[2024-07-13T01:37:09.436+0000] {processor.py:840} INFO - DAG(s) 'example_python_operator' retrieved from /home/airflow/.local/lib/python3.12/site-packages/airflow/example_dags/example_python_operator.py
[2024-07-13T01:37:09.488+0000] {logging_mixin.py:188} INFO - [2024-07-13T01:37:09.488+0000] {dag.py:3096} INFO - Sync 1 DAGs
[2024-07-13T01:37:09.520+0000] {logging_mixin.py:188} INFO - [2024-07-13T01:37:09.520+0000] {dag.py:3954} INFO - Setting next_dagrun for example_python_operator to None, run_after=None
[2024-07-13T01:37:09.573+0000] {processor.py:183} INFO - Processing /home/airflow/.local/lib/python3.12/site-packages/airflow/example_dags/example_python_operator.py took 0.188 seconds
[2024-07-13T01:37:39.731+0000] {processor.py:161} INFO - Started process (PID=873) to work on /home/airflow/.local/lib/python3.12/site-packages/airflow/example_dags/example_python_operator.py
[2024-07-13T01:37:39.732+0000] {processor.py:830} INFO - Processing file /home/airflow/.local/lib/python3.12/site-packages/airflow/example_dags/example_python_operator.py for tasks to queue
[2024-07-13T01:37:39.733+0000] {logging_mixin.py:188} INFO - [2024-07-13T01:37:39.733+0000] {dagbag.py:545} INFO - Filling up the DagBag from /home/airflow/.local/lib/python3.12/site-packages/airflow/example_dags/example_python_operator.py
[2024-07-13T01:37:39.744+0000] {processor.py:840} INFO - DAG(s) 'example_python_operator' retrieved from /home/airflow/.local/lib/python3.12/site-packages/airflow/example_dags/example_python_operator.py
[2024-07-13T01:37:39.770+0000] {logging_mixin.py:188} INFO - [2024-07-13T01:37:39.769+0000] {dag.py:3096} INFO - Sync 1 DAGs
[2024-07-13T01:37:39.783+0000] {logging_mixin.py:188} INFO - [2024-07-13T01:37:39.783+0000] {dag.py:3954} INFO - Setting next_dagrun for example_python_operator to None, run_after=None
[2024-07-13T01:37:39.809+0000] {processor.py:183} INFO - Processing /home/airflow/.local/lib/python3.12/site-packages/airflow/example_dags/example_python_operator.py took 0.084 seconds
[2024-07-13T01:38:10.304+0000] {processor.py:161} INFO - Started process (PID=934) to work on /home/airflow/.local/lib/python3.12/site-packages/airflow/example_dags/example_python_operator.py
[2024-07-13T01:38:10.305+0000] {processor.py:830} INFO - Processing file /home/airflow/.local/lib/python3.12/site-packages/airflow/example_dags/example_python_operator.py for tasks to queue
[2024-07-13T01:38:10.307+0000] {logging_mixin.py:188} INFO - [2024-07-13T01:38:10.307+0000] {dagbag.py:545} INFO - Filling up the DagBag from /home/airflow/.local/lib/python3.12/site-packages/airflow/example_dags/example_python_operator.py
[2024-07-13T01:38:10.319+0000] {processor.py:840} INFO - DAG(s) 'example_python_operator' retrieved from /home/airflow/.local/lib/python3.12/site-packages/airflow/example_dags/example_python_operator.py
[2024-07-13T01:38:10.362+0000] {logging_mixin.py:188} INFO - [2024-07-13T01:38:10.361+0000] {dag.py:3096} INFO - Sync 1 DAGs
[2024-07-13T01:38:10.628+0000] {logging_mixin.py:188} INFO - [2024-07-13T01:38:10.628+0000] {dag.py:3954} INFO - Setting next_dagrun for example_python_operator to None, run_after=None
[2024-07-13T01:38:10.673+0000] {processor.py:183} INFO - Processing /home/airflow/.local/lib/python3.12/site-packages/airflow/example_dags/example_python_operator.py took 0.375 seconds
[2024-07-13T01:38:40.787+0000] {processor.py:161} INFO - Started process (PID=995) to work on /home/airflow/.local/lib/python3.12/site-packages/airflow/example_dags/example_python_operator.py
[2024-07-13T01:38:40.788+0000] {processor.py:830} INFO - Processing file /home/airflow/.local/lib/python3.12/site-packages/airflow/example_dags/example_python_operator.py for tasks to queue
[2024-07-13T01:38:40.790+0000] {logging_mixin.py:188} INFO - [2024-07-13T01:38:40.789+0000] {dagbag.py:545} INFO - Filling up the DagBag from /home/airflow/.local/lib/python3.12/site-packages/airflow/example_dags/example_python_operator.py
[2024-07-13T01:38:40.807+0000] {processor.py:840} INFO - DAG(s) 'example_python_operator' retrieved from /home/airflow/.local/lib/python3.12/site-packages/airflow/example_dags/example_python_operator.py
[2024-07-13T01:38:40.843+0000] {logging_mixin.py:188} INFO - [2024-07-13T01:38:40.843+0000] {dag.py:3096} INFO - Sync 1 DAGs
[2024-07-13T01:38:41.062+0000] {logging_mixin.py:188} INFO - [2024-07-13T01:38:41.062+0000] {dag.py:3954} INFO - Setting next_dagrun for example_python_operator to None, run_after=None
[2024-07-13T01:38:41.085+0000] {processor.py:183} INFO - Processing /home/airflow/.local/lib/python3.12/site-packages/airflow/example_dags/example_python_operator.py took 0.304 seconds
[2024-07-13T01:39:11.823+0000] {processor.py:161} INFO - Started process (PID=1057) to work on /home/airflow/.local/lib/python3.12/site-packages/airflow/example_dags/example_python_operator.py
[2024-07-13T01:39:11.823+0000] {processor.py:830} INFO - Processing file /home/airflow/.local/lib/python3.12/site-packages/airflow/example_dags/example_python_operator.py for tasks to queue
[2024-07-13T01:39:11.825+0000] {logging_mixin.py:188} INFO - [2024-07-13T01:39:11.825+0000] {dagbag.py:545} INFO - Filling up the DagBag from /home/airflow/.local/lib/python3.12/site-packages/airflow/example_dags/example_python_operator.py
[2024-07-13T01:39:11.841+0000] {processor.py:840} INFO - DAG(s) 'example_python_operator' retrieved from /home/airflow/.local/lib/python3.12/site-packages/airflow/example_dags/example_python_operator.py
[2024-07-13T01:39:11.868+0000] {logging_mixin.py:188} INFO - [2024-07-13T01:39:11.867+0000] {dag.py:3096} INFO - Sync 1 DAGs
[2024-07-13T01:39:11.883+0000] {logging_mixin.py:188} INFO - [2024-07-13T01:39:11.883+0000] {dag.py:3954} INFO - Setting next_dagrun for example_python_operator to None, run_after=None
[2024-07-13T01:39:12.103+0000] {processor.py:183} INFO - Processing /home/airflow/.local/lib/python3.12/site-packages/airflow/example_dags/example_python_operator.py took 0.295 seconds
[2024-07-13T01:43:05.141+0000] {processor.py:161} INFO - Started process (PID=75) to work on /home/airflow/.local/lib/python3.12/site-packages/airflow/example_dags/example_python_operator.py
[2024-07-13T01:43:05.142+0000] {processor.py:830} INFO - Processing file /home/airflow/.local/lib/python3.12/site-packages/airflow/example_dags/example_python_operator.py for tasks to queue
[2024-07-13T01:43:05.144+0000] {logging_mixin.py:188} INFO - [2024-07-13T01:43:05.143+0000] {dagbag.py:545} INFO - Filling up the DagBag from /home/airflow/.local/lib/python3.12/site-packages/airflow/example_dags/example_python_operator.py
[2024-07-13T01:43:05.156+0000] {processor.py:840} INFO - DAG(s) 'example_python_operator' retrieved from /home/airflow/.local/lib/python3.12/site-packages/airflow/example_dags/example_python_operator.py
[2024-07-13T01:43:05.350+0000] {logging_mixin.py:188} INFO - [2024-07-13T01:43:05.350+0000] {dag.py:3096} INFO - Sync 1 DAGs
[2024-07-13T01:43:05.362+0000] {logging_mixin.py:188} INFO - [2024-07-13T01:43:05.362+0000] {dag.py:3954} INFO - Setting next_dagrun for example_python_operator to None, run_after=None
[2024-07-13T01:43:05.393+0000] {processor.py:183} INFO - Processing /home/airflow/.local/lib/python3.12/site-packages/airflow/example_dags/example_python_operator.py took 0.261 seconds
[2024-07-13T01:43:35.967+0000] {processor.py:161} INFO - Started process (PID=137) to work on /home/airflow/.local/lib/python3.12/site-packages/airflow/example_dags/example_python_operator.py
[2024-07-13T01:43:35.968+0000] {processor.py:830} INFO - Processing file /home/airflow/.local/lib/python3.12/site-packages/airflow/example_dags/example_python_operator.py for tasks to queue
[2024-07-13T01:43:35.970+0000] {logging_mixin.py:188} INFO - [2024-07-13T01:43:35.969+0000] {dagbag.py:545} INFO - Filling up the DagBag from /home/airflow/.local/lib/python3.12/site-packages/airflow/example_dags/example_python_operator.py
[2024-07-13T01:43:35.993+0000] {processor.py:840} INFO - DAG(s) 'example_python_operator' retrieved from /home/airflow/.local/lib/python3.12/site-packages/airflow/example_dags/example_python_operator.py
[2024-07-13T01:43:36.028+0000] {logging_mixin.py:188} INFO - [2024-07-13T01:43:36.028+0000] {dag.py:3096} INFO - Sync 1 DAGs
[2024-07-13T01:43:36.041+0000] {logging_mixin.py:188} INFO - [2024-07-13T01:43:36.041+0000] {dag.py:3954} INFO - Setting next_dagrun for example_python_operator to None, run_after=None
[2024-07-13T01:43:36.064+0000] {processor.py:183} INFO - Processing /home/airflow/.local/lib/python3.12/site-packages/airflow/example_dags/example_python_operator.py took 0.103 seconds
[2024-07-13T01:44:09.488+0000] {processor.py:161} INFO - Started process (PID=198) to work on /home/airflow/.local/lib/python3.12/site-packages/airflow/example_dags/example_python_operator.py
[2024-07-13T01:44:09.489+0000] {processor.py:830} INFO - Processing file /home/airflow/.local/lib/python3.12/site-packages/airflow/example_dags/example_python_operator.py for tasks to queue
[2024-07-13T01:44:09.491+0000] {logging_mixin.py:188} INFO - [2024-07-13T01:44:09.490+0000] {dagbag.py:545} INFO - Filling up the DagBag from /home/airflow/.local/lib/python3.12/site-packages/airflow/example_dags/example_python_operator.py
[2024-07-13T01:44:09.501+0000] {processor.py:840} INFO - DAG(s) 'example_python_operator' retrieved from /home/airflow/.local/lib/python3.12/site-packages/airflow/example_dags/example_python_operator.py
[2024-07-13T01:44:09.526+0000] {logging_mixin.py:188} INFO - [2024-07-13T01:44:09.526+0000] {dag.py:3096} INFO - Sync 1 DAGs
[2024-07-13T01:44:09.544+0000] {logging_mixin.py:188} INFO - [2024-07-13T01:44:09.544+0000] {dag.py:3954} INFO - Setting next_dagrun for example_python_operator to None, run_after=None
[2024-07-13T01:44:09.582+0000] {processor.py:183} INFO - Processing /home/airflow/.local/lib/python3.12/site-packages/airflow/example_dags/example_python_operator.py took 0.100 seconds
[2024-07-13T01:44:40.153+0000] {processor.py:161} INFO - Started process (PID=256) to work on /home/airflow/.local/lib/python3.12/site-packages/airflow/example_dags/example_python_operator.py
[2024-07-13T01:44:40.159+0000] {processor.py:830} INFO - Processing file /home/airflow/.local/lib/python3.12/site-packages/airflow/example_dags/example_python_operator.py for tasks to queue
[2024-07-13T01:44:40.168+0000] {logging_mixin.py:188} INFO - [2024-07-13T01:44:40.164+0000] {dagbag.py:545} INFO - Filling up the DagBag from /home/airflow/.local/lib/python3.12/site-packages/airflow/example_dags/example_python_operator.py
[2024-07-13T01:44:40.213+0000] {processor.py:840} INFO - DAG(s) 'example_python_operator' retrieved from /home/airflow/.local/lib/python3.12/site-packages/airflow/example_dags/example_python_operator.py
[2024-07-13T01:44:40.360+0000] {logging_mixin.py:188} INFO - [2024-07-13T01:44:40.360+0000] {dag.py:3096} INFO - Sync 1 DAGs
[2024-07-13T01:44:40.400+0000] {logging_mixin.py:188} INFO - [2024-07-13T01:44:40.393+0000] {dag.py:3954} INFO - Setting next_dagrun for example_python_operator to None, run_after=None
[2024-07-13T01:44:40.507+0000] {processor.py:183} INFO - Processing /home/airflow/.local/lib/python3.12/site-packages/airflow/example_dags/example_python_operator.py took 0.370 seconds
[2024-07-13T01:45:11.095+0000] {processor.py:161} INFO - Started process (PID=317) to work on /home/airflow/.local/lib/python3.12/site-packages/airflow/example_dags/example_python_operator.py
[2024-07-13T01:45:11.096+0000] {processor.py:830} INFO - Processing file /home/airflow/.local/lib/python3.12/site-packages/airflow/example_dags/example_python_operator.py for tasks to queue
[2024-07-13T01:45:11.097+0000] {logging_mixin.py:188} INFO - [2024-07-13T01:45:11.097+0000] {dagbag.py:545} INFO - Filling up the DagBag from /home/airflow/.local/lib/python3.12/site-packages/airflow/example_dags/example_python_operator.py
[2024-07-13T01:45:11.105+0000] {processor.py:840} INFO - DAG(s) 'example_python_operator' retrieved from /home/airflow/.local/lib/python3.12/site-packages/airflow/example_dags/example_python_operator.py
[2024-07-13T01:45:11.122+0000] {logging_mixin.py:188} INFO - [2024-07-13T01:45:11.122+0000] {dag.py:3096} INFO - Sync 1 DAGs
[2024-07-13T01:45:11.131+0000] {logging_mixin.py:188} INFO - [2024-07-13T01:45:11.131+0000] {dag.py:3954} INFO - Setting next_dagrun for example_python_operator to None, run_after=None
[2024-07-13T01:45:11.153+0000] {processor.py:183} INFO - Processing /home/airflow/.local/lib/python3.12/site-packages/airflow/example_dags/example_python_operator.py took 0.062 seconds
[2024-07-13T01:45:41.905+0000] {processor.py:161} INFO - Started process (PID=378) to work on /home/airflow/.local/lib/python3.12/site-packages/airflow/example_dags/example_python_operator.py
[2024-07-13T01:45:41.906+0000] {processor.py:830} INFO - Processing file /home/airflow/.local/lib/python3.12/site-packages/airflow/example_dags/example_python_operator.py for tasks to queue
[2024-07-13T01:45:41.908+0000] {logging_mixin.py:188} INFO - [2024-07-13T01:45:41.907+0000] {dagbag.py:545} INFO - Filling up the DagBag from /home/airflow/.local/lib/python3.12/site-packages/airflow/example_dags/example_python_operator.py
[2024-07-13T01:45:41.916+0000] {processor.py:840} INFO - DAG(s) 'example_python_operator' retrieved from /home/airflow/.local/lib/python3.12/site-packages/airflow/example_dags/example_python_operator.py
[2024-07-13T01:45:41.937+0000] {logging_mixin.py:188} INFO - [2024-07-13T01:45:41.937+0000] {dag.py:3096} INFO - Sync 1 DAGs
[2024-07-13T01:45:41.947+0000] {logging_mixin.py:188} INFO - [2024-07-13T01:45:41.947+0000] {dag.py:3954} INFO - Setting next_dagrun for example_python_operator to None, run_after=None
[2024-07-13T01:45:41.968+0000] {processor.py:183} INFO - Processing /home/airflow/.local/lib/python3.12/site-packages/airflow/example_dags/example_python_operator.py took 0.070 seconds
[2024-07-13T01:46:12.626+0000] {processor.py:161} INFO - Started process (PID=439) to work on /home/airflow/.local/lib/python3.12/site-packages/airflow/example_dags/example_python_operator.py
[2024-07-13T01:46:12.627+0000] {processor.py:830} INFO - Processing file /home/airflow/.local/lib/python3.12/site-packages/airflow/example_dags/example_python_operator.py for tasks to queue
[2024-07-13T01:46:12.629+0000] {logging_mixin.py:188} INFO - [2024-07-13T01:46:12.629+0000] {dagbag.py:545} INFO - Filling up the DagBag from /home/airflow/.local/lib/python3.12/site-packages/airflow/example_dags/example_python_operator.py
[2024-07-13T01:46:12.639+0000] {processor.py:840} INFO - DAG(s) 'example_python_operator' retrieved from /home/airflow/.local/lib/python3.12/site-packages/airflow/example_dags/example_python_operator.py
[2024-07-13T01:46:12.672+0000] {logging_mixin.py:188} INFO - [2024-07-13T01:46:12.672+0000] {dag.py:3096} INFO - Sync 1 DAGs
[2024-07-13T01:46:12.692+0000] {logging_mixin.py:188} INFO - [2024-07-13T01:46:12.692+0000] {dag.py:3954} INFO - Setting next_dagrun for example_python_operator to None, run_after=None
[2024-07-13T01:46:12.745+0000] {processor.py:183} INFO - Processing /home/airflow/.local/lib/python3.12/site-packages/airflow/example_dags/example_python_operator.py took 0.124 seconds
[2024-07-13T01:46:43.645+0000] {processor.py:161} INFO - Started process (PID=500) to work on /home/airflow/.local/lib/python3.12/site-packages/airflow/example_dags/example_python_operator.py
[2024-07-13T01:46:43.646+0000] {processor.py:830} INFO - Processing file /home/airflow/.local/lib/python3.12/site-packages/airflow/example_dags/example_python_operator.py for tasks to queue
[2024-07-13T01:46:43.648+0000] {logging_mixin.py:188} INFO - [2024-07-13T01:46:43.648+0000] {dagbag.py:545} INFO - Filling up the DagBag from /home/airflow/.local/lib/python3.12/site-packages/airflow/example_dags/example_python_operator.py
[2024-07-13T01:46:43.659+0000] {processor.py:840} INFO - DAG(s) 'example_python_operator' retrieved from /home/airflow/.local/lib/python3.12/site-packages/airflow/example_dags/example_python_operator.py
[2024-07-13T01:46:43.684+0000] {logging_mixin.py:188} INFO - [2024-07-13T01:46:43.684+0000] {dag.py:3096} INFO - Sync 1 DAGs
[2024-07-13T01:46:43.702+0000] {logging_mixin.py:188} INFO - [2024-07-13T01:46:43.702+0000] {dag.py:3954} INFO - Setting next_dagrun for example_python_operator to None, run_after=None
[2024-07-13T01:46:43.731+0000] {processor.py:183} INFO - Processing /home/airflow/.local/lib/python3.12/site-packages/airflow/example_dags/example_python_operator.py took 0.092 seconds
[2024-07-13T01:47:14.457+0000] {processor.py:161} INFO - Started process (PID=561) to work on /home/airflow/.local/lib/python3.12/site-packages/airflow/example_dags/example_python_operator.py
[2024-07-13T01:47:14.458+0000] {processor.py:830} INFO - Processing file /home/airflow/.local/lib/python3.12/site-packages/airflow/example_dags/example_python_operator.py for tasks to queue
[2024-07-13T01:47:14.460+0000] {logging_mixin.py:188} INFO - [2024-07-13T01:47:14.460+0000] {dagbag.py:545} INFO - Filling up the DagBag from /home/airflow/.local/lib/python3.12/site-packages/airflow/example_dags/example_python_operator.py
[2024-07-13T01:47:14.472+0000] {processor.py:840} INFO - DAG(s) 'example_python_operator' retrieved from /home/airflow/.local/lib/python3.12/site-packages/airflow/example_dags/example_python_operator.py
[2024-07-13T01:47:14.496+0000] {logging_mixin.py:188} INFO - [2024-07-13T01:47:14.496+0000] {dag.py:3096} INFO - Sync 1 DAGs
[2024-07-13T01:47:14.513+0000] {logging_mixin.py:188} INFO - [2024-07-13T01:47:14.513+0000] {dag.py:3954} INFO - Setting next_dagrun for example_python_operator to None, run_after=None
[2024-07-13T01:47:14.541+0000] {processor.py:183} INFO - Processing /home/airflow/.local/lib/python3.12/site-packages/airflow/example_dags/example_python_operator.py took 0.089 seconds
[2024-07-13T01:47:44.838+0000] {processor.py:161} INFO - Started process (PID=623) to work on /home/airflow/.local/lib/python3.12/site-packages/airflow/example_dags/example_python_operator.py
[2024-07-13T01:47:44.839+0000] {processor.py:830} INFO - Processing file /home/airflow/.local/lib/python3.12/site-packages/airflow/example_dags/example_python_operator.py for tasks to queue
[2024-07-13T01:47:44.841+0000] {logging_mixin.py:188} INFO - [2024-07-13T01:47:44.841+0000] {dagbag.py:545} INFO - Filling up the DagBag from /home/airflow/.local/lib/python3.12/site-packages/airflow/example_dags/example_python_operator.py
[2024-07-13T01:47:44.853+0000] {processor.py:840} INFO - DAG(s) 'example_python_operator' retrieved from /home/airflow/.local/lib/python3.12/site-packages/airflow/example_dags/example_python_operator.py
[2024-07-13T01:47:44.878+0000] {logging_mixin.py:188} INFO - [2024-07-13T01:47:44.877+0000] {dag.py:3096} INFO - Sync 1 DAGs
[2024-07-13T01:47:44.891+0000] {logging_mixin.py:188} INFO - [2024-07-13T01:47:44.891+0000] {dag.py:3954} INFO - Setting next_dagrun for example_python_operator to None, run_after=None
[2024-07-13T01:47:44.916+0000] {processor.py:183} INFO - Processing /home/airflow/.local/lib/python3.12/site-packages/airflow/example_dags/example_python_operator.py took 0.084 seconds
[2024-07-13T01:48:15.260+0000] {processor.py:161} INFO - Started process (PID=684) to work on /home/airflow/.local/lib/python3.12/site-packages/airflow/example_dags/example_python_operator.py
[2024-07-13T01:48:15.284+0000] {processor.py:830} INFO - Processing file /home/airflow/.local/lib/python3.12/site-packages/airflow/example_dags/example_python_operator.py for tasks to queue
[2024-07-13T01:48:15.300+0000] {logging_mixin.py:188} INFO - [2024-07-13T01:48:15.300+0000] {dagbag.py:545} INFO - Filling up the DagBag from /home/airflow/.local/lib/python3.12/site-packages/airflow/example_dags/example_python_operator.py
[2024-07-13T01:48:15.367+0000] {processor.py:840} INFO - DAG(s) 'example_python_operator' retrieved from /home/airflow/.local/lib/python3.12/site-packages/airflow/example_dags/example_python_operator.py
[2024-07-13T01:48:15.476+0000] {logging_mixin.py:188} INFO - [2024-07-13T01:48:15.476+0000] {dag.py:3096} INFO - Sync 1 DAGs
[2024-07-13T01:48:15.524+0000] {logging_mixin.py:188} INFO - [2024-07-13T01:48:15.524+0000] {dag.py:3954} INFO - Setting next_dagrun for example_python_operator to None, run_after=None
[2024-07-13T01:48:15.595+0000] {processor.py:183} INFO - Processing /home/airflow/.local/lib/python3.12/site-packages/airflow/example_dags/example_python_operator.py took 0.386 seconds
[2024-07-13T01:48:46.566+0000] {processor.py:161} INFO - Started process (PID=745) to work on /home/airflow/.local/lib/python3.12/site-packages/airflow/example_dags/example_python_operator.py
[2024-07-13T01:48:46.567+0000] {processor.py:830} INFO - Processing file /home/airflow/.local/lib/python3.12/site-packages/airflow/example_dags/example_python_operator.py for tasks to queue
[2024-07-13T01:48:46.569+0000] {logging_mixin.py:188} INFO - [2024-07-13T01:48:46.568+0000] {dagbag.py:545} INFO - Filling up the DagBag from /home/airflow/.local/lib/python3.12/site-packages/airflow/example_dags/example_python_operator.py
[2024-07-13T01:48:46.581+0000] {processor.py:840} INFO - DAG(s) 'example_python_operator' retrieved from /home/airflow/.local/lib/python3.12/site-packages/airflow/example_dags/example_python_operator.py
[2024-07-13T01:48:46.609+0000] {logging_mixin.py:188} INFO - [2024-07-13T01:48:46.609+0000] {dag.py:3096} INFO - Sync 1 DAGs
[2024-07-13T01:48:46.622+0000] {logging_mixin.py:188} INFO - [2024-07-13T01:48:46.622+0000] {dag.py:3954} INFO - Setting next_dagrun for example_python_operator to None, run_after=None
[2024-07-13T01:48:46.646+0000] {processor.py:183} INFO - Processing /home/airflow/.local/lib/python3.12/site-packages/airflow/example_dags/example_python_operator.py took 0.086 seconds
[2024-07-13T01:49:16.798+0000] {processor.py:161} INFO - Started process (PID=806) to work on /home/airflow/.local/lib/python3.12/site-packages/airflow/example_dags/example_python_operator.py
[2024-07-13T01:49:16.799+0000] {processor.py:830} INFO - Processing file /home/airflow/.local/lib/python3.12/site-packages/airflow/example_dags/example_python_operator.py for tasks to queue
[2024-07-13T01:49:16.800+0000] {logging_mixin.py:188} INFO - [2024-07-13T01:49:16.800+0000] {dagbag.py:545} INFO - Filling up the DagBag from /home/airflow/.local/lib/python3.12/site-packages/airflow/example_dags/example_python_operator.py
[2024-07-13T01:49:16.811+0000] {processor.py:840} INFO - DAG(s) 'example_python_operator' retrieved from /home/airflow/.local/lib/python3.12/site-packages/airflow/example_dags/example_python_operator.py
[2024-07-13T01:49:16.836+0000] {logging_mixin.py:188} INFO - [2024-07-13T01:49:16.835+0000] {dag.py:3096} INFO - Sync 1 DAGs
[2024-07-13T01:49:16.876+0000] {logging_mixin.py:188} INFO - [2024-07-13T01:49:16.876+0000] {dag.py:3954} INFO - Setting next_dagrun for example_python_operator to None, run_after=None
[2024-07-13T01:49:16.906+0000] {processor.py:183} INFO - Processing /home/airflow/.local/lib/python3.12/site-packages/airflow/example_dags/example_python_operator.py took 0.115 seconds
[2024-07-13T01:49:47.389+0000] {processor.py:161} INFO - Started process (PID=867) to work on /home/airflow/.local/lib/python3.12/site-packages/airflow/example_dags/example_python_operator.py
[2024-07-13T01:49:47.389+0000] {processor.py:830} INFO - Processing file /home/airflow/.local/lib/python3.12/site-packages/airflow/example_dags/example_python_operator.py for tasks to queue
[2024-07-13T01:49:47.393+0000] {logging_mixin.py:188} INFO - [2024-07-13T01:49:47.393+0000] {dagbag.py:545} INFO - Filling up the DagBag from /home/airflow/.local/lib/python3.12/site-packages/airflow/example_dags/example_python_operator.py
[2024-07-13T01:49:47.417+0000] {processor.py:840} INFO - DAG(s) 'example_python_operator' retrieved from /home/airflow/.local/lib/python3.12/site-packages/airflow/example_dags/example_python_operator.py
[2024-07-13T01:49:47.465+0000] {logging_mixin.py:188} INFO - [2024-07-13T01:49:47.465+0000] {dag.py:3096} INFO - Sync 1 DAGs
[2024-07-13T01:49:47.492+0000] {logging_mixin.py:188} INFO - [2024-07-13T01:49:47.492+0000] {dag.py:3954} INFO - Setting next_dagrun for example_python_operator to None, run_after=None
[2024-07-13T01:49:47.535+0000] {processor.py:183} INFO - Processing /home/airflow/.local/lib/python3.12/site-packages/airflow/example_dags/example_python_operator.py took 0.152 seconds
[2024-07-13T01:50:17.766+0000] {processor.py:161} INFO - Started process (PID=929) to work on /home/airflow/.local/lib/python3.12/site-packages/airflow/example_dags/example_python_operator.py
[2024-07-13T01:50:17.767+0000] {processor.py:830} INFO - Processing file /home/airflow/.local/lib/python3.12/site-packages/airflow/example_dags/example_python_operator.py for tasks to queue
[2024-07-13T01:50:17.769+0000] {logging_mixin.py:188} INFO - [2024-07-13T01:50:17.769+0000] {dagbag.py:545} INFO - Filling up the DagBag from /home/airflow/.local/lib/python3.12/site-packages/airflow/example_dags/example_python_operator.py
[2024-07-13T01:50:17.780+0000] {processor.py:840} INFO - DAG(s) 'example_python_operator' retrieved from /home/airflow/.local/lib/python3.12/site-packages/airflow/example_dags/example_python_operator.py
[2024-07-13T01:50:17.805+0000] {logging_mixin.py:188} INFO - [2024-07-13T01:50:17.804+0000] {dag.py:3096} INFO - Sync 1 DAGs
[2024-07-13T01:50:17.819+0000] {logging_mixin.py:188} INFO - [2024-07-13T01:50:17.819+0000] {dag.py:3954} INFO - Setting next_dagrun for example_python_operator to None, run_after=None
[2024-07-13T01:50:17.845+0000] {processor.py:183} INFO - Processing /home/airflow/.local/lib/python3.12/site-packages/airflow/example_dags/example_python_operator.py took 0.085 seconds
[2024-07-13T01:50:47.932+0000] {processor.py:161} INFO - Started process (PID=986) to work on /home/airflow/.local/lib/python3.12/site-packages/airflow/example_dags/example_python_operator.py
[2024-07-13T01:50:47.933+0000] {processor.py:830} INFO - Processing file /home/airflow/.local/lib/python3.12/site-packages/airflow/example_dags/example_python_operator.py for tasks to queue
[2024-07-13T01:50:47.935+0000] {logging_mixin.py:188} INFO - [2024-07-13T01:50:47.935+0000] {dagbag.py:545} INFO - Filling up the DagBag from /home/airflow/.local/lib/python3.12/site-packages/airflow/example_dags/example_python_operator.py
[2024-07-13T01:50:47.947+0000] {processor.py:840} INFO - DAG(s) 'example_python_operator' retrieved from /home/airflow/.local/lib/python3.12/site-packages/airflow/example_dags/example_python_operator.py
[2024-07-13T01:50:47.968+0000] {logging_mixin.py:188} INFO - [2024-07-13T01:50:47.968+0000] {dag.py:3096} INFO - Sync 1 DAGs
[2024-07-13T01:50:47.981+0000] {logging_mixin.py:188} INFO - [2024-07-13T01:50:47.981+0000] {dag.py:3954} INFO - Setting next_dagrun for example_python_operator to None, run_after=None
[2024-07-13T01:50:48.007+0000] {processor.py:183} INFO - Processing /home/airflow/.local/lib/python3.12/site-packages/airflow/example_dags/example_python_operator.py took 0.081 seconds
[2024-07-13T01:51:18.444+0000] {processor.py:161} INFO - Started process (PID=1047) to work on /home/airflow/.local/lib/python3.12/site-packages/airflow/example_dags/example_python_operator.py
[2024-07-13T01:51:18.445+0000] {processor.py:830} INFO - Processing file /home/airflow/.local/lib/python3.12/site-packages/airflow/example_dags/example_python_operator.py for tasks to queue
[2024-07-13T01:51:18.446+0000] {logging_mixin.py:188} INFO - [2024-07-13T01:51:18.446+0000] {dagbag.py:545} INFO - Filling up the DagBag from /home/airflow/.local/lib/python3.12/site-packages/airflow/example_dags/example_python_operator.py
[2024-07-13T01:51:18.455+0000] {processor.py:840} INFO - DAG(s) 'example_python_operator' retrieved from /home/airflow/.local/lib/python3.12/site-packages/airflow/example_dags/example_python_operator.py
[2024-07-13T01:51:18.478+0000] {logging_mixin.py:188} INFO - [2024-07-13T01:51:18.478+0000] {dag.py:3096} INFO - Sync 1 DAGs
[2024-07-13T01:51:18.491+0000] {logging_mixin.py:188} INFO - [2024-07-13T01:51:18.491+0000] {dag.py:3954} INFO - Setting next_dagrun for example_python_operator to None, run_after=None
[2024-07-13T01:51:18.519+0000] {processor.py:183} INFO - Processing /home/airflow/.local/lib/python3.12/site-packages/airflow/example_dags/example_python_operator.py took 0.081 seconds
[2024-07-13T01:51:49.035+0000] {processor.py:161} INFO - Started process (PID=1114) to work on /home/airflow/.local/lib/python3.12/site-packages/airflow/example_dags/example_python_operator.py
[2024-07-13T01:51:49.036+0000] {processor.py:830} INFO - Processing file /home/airflow/.local/lib/python3.12/site-packages/airflow/example_dags/example_python_operator.py for tasks to queue
[2024-07-13T01:51:49.038+0000] {logging_mixin.py:188} INFO - [2024-07-13T01:51:49.037+0000] {dagbag.py:545} INFO - Filling up the DagBag from /home/airflow/.local/lib/python3.12/site-packages/airflow/example_dags/example_python_operator.py
[2024-07-13T01:51:49.049+0000] {processor.py:840} INFO - DAG(s) 'example_python_operator' retrieved from /home/airflow/.local/lib/python3.12/site-packages/airflow/example_dags/example_python_operator.py
[2024-07-13T01:51:49.071+0000] {logging_mixin.py:188} INFO - [2024-07-13T01:51:49.071+0000] {dag.py:3096} INFO - Sync 1 DAGs
[2024-07-13T01:51:49.084+0000] {logging_mixin.py:188} INFO - [2024-07-13T01:51:49.084+0000] {dag.py:3954} INFO - Setting next_dagrun for example_python_operator to None, run_after=None
[2024-07-13T01:51:49.124+0000] {processor.py:183} INFO - Processing /home/airflow/.local/lib/python3.12/site-packages/airflow/example_dags/example_python_operator.py took 0.095 seconds
[2024-07-13T01:52:19.191+0000] {processor.py:161} INFO - Started process (PID=1175) to work on /home/airflow/.local/lib/python3.12/site-packages/airflow/example_dags/example_python_operator.py
[2024-07-13T01:52:19.192+0000] {processor.py:830} INFO - Processing file /home/airflow/.local/lib/python3.12/site-packages/airflow/example_dags/example_python_operator.py for tasks to queue
[2024-07-13T01:52:19.193+0000] {logging_mixin.py:188} INFO - [2024-07-13T01:52:19.193+0000] {dagbag.py:545} INFO - Filling up the DagBag from /home/airflow/.local/lib/python3.12/site-packages/airflow/example_dags/example_python_operator.py
[2024-07-13T01:52:19.223+0000] {processor.py:840} INFO - DAG(s) 'example_python_operator' retrieved from /home/airflow/.local/lib/python3.12/site-packages/airflow/example_dags/example_python_operator.py
[2024-07-13T01:52:19.271+0000] {logging_mixin.py:188} INFO - [2024-07-13T01:52:19.271+0000] {dag.py:3096} INFO - Sync 1 DAGs
[2024-07-13T01:52:19.301+0000] {logging_mixin.py:188} INFO - [2024-07-13T01:52:19.301+0000] {dag.py:3954} INFO - Setting next_dagrun for example_python_operator to None, run_after=None
[2024-07-13T01:52:19.350+0000] {processor.py:183} INFO - Processing /home/airflow/.local/lib/python3.12/site-packages/airflow/example_dags/example_python_operator.py took 0.170 seconds
[2024-07-13T01:52:49.496+0000] {processor.py:161} INFO - Started process (PID=1235) to work on /home/airflow/.local/lib/python3.12/site-packages/airflow/example_dags/example_python_operator.py
[2024-07-13T01:52:49.497+0000] {processor.py:830} INFO - Processing file /home/airflow/.local/lib/python3.12/site-packages/airflow/example_dags/example_python_operator.py for tasks to queue
[2024-07-13T01:52:49.499+0000] {logging_mixin.py:188} INFO - [2024-07-13T01:52:49.498+0000] {dagbag.py:545} INFO - Filling up the DagBag from /home/airflow/.local/lib/python3.12/site-packages/airflow/example_dags/example_python_operator.py
[2024-07-13T01:52:49.510+0000] {processor.py:840} INFO - DAG(s) 'example_python_operator' retrieved from /home/airflow/.local/lib/python3.12/site-packages/airflow/example_dags/example_python_operator.py
[2024-07-13T01:52:49.542+0000] {logging_mixin.py:188} INFO - [2024-07-13T01:52:49.541+0000] {dag.py:3096} INFO - Sync 1 DAGs
[2024-07-13T01:52:49.557+0000] {logging_mixin.py:188} INFO - [2024-07-13T01:52:49.557+0000] {dag.py:3954} INFO - Setting next_dagrun for example_python_operator to None, run_after=None
[2024-07-13T01:52:49.593+0000] {processor.py:183} INFO - Processing /home/airflow/.local/lib/python3.12/site-packages/airflow/example_dags/example_python_operator.py took 0.109 seconds
[2024-07-13T01:53:19.727+0000] {processor.py:161} INFO - Started process (PID=1296) to work on /home/airflow/.local/lib/python3.12/site-packages/airflow/example_dags/example_python_operator.py
[2024-07-13T01:53:19.728+0000] {processor.py:830} INFO - Processing file /home/airflow/.local/lib/python3.12/site-packages/airflow/example_dags/example_python_operator.py for tasks to queue
[2024-07-13T01:53:19.730+0000] {logging_mixin.py:188} INFO - [2024-07-13T01:53:19.730+0000] {dagbag.py:545} INFO - Filling up the DagBag from /home/airflow/.local/lib/python3.12/site-packages/airflow/example_dags/example_python_operator.py
[2024-07-13T01:53:19.741+0000] {processor.py:840} INFO - DAG(s) 'example_python_operator' retrieved from /home/airflow/.local/lib/python3.12/site-packages/airflow/example_dags/example_python_operator.py
[2024-07-13T01:53:19.767+0000] {logging_mixin.py:188} INFO - [2024-07-13T01:53:19.766+0000] {dag.py:3096} INFO - Sync 1 DAGs
[2024-07-13T01:53:19.782+0000] {logging_mixin.py:188} INFO - [2024-07-13T01:53:19.782+0000] {dag.py:3954} INFO - Setting next_dagrun for example_python_operator to None, run_after=None
[2024-07-13T01:53:19.811+0000] {processor.py:183} INFO - Processing /home/airflow/.local/lib/python3.12/site-packages/airflow/example_dags/example_python_operator.py took 0.090 seconds
[2024-07-13T01:53:50.040+0000] {processor.py:161} INFO - Started process (PID=1357) to work on /home/airflow/.local/lib/python3.12/site-packages/airflow/example_dags/example_python_operator.py
[2024-07-13T01:53:50.046+0000] {processor.py:830} INFO - Processing file /home/airflow/.local/lib/python3.12/site-packages/airflow/example_dags/example_python_operator.py for tasks to queue
[2024-07-13T01:53:50.047+0000] {logging_mixin.py:188} INFO - [2024-07-13T01:53:50.047+0000] {dagbag.py:545} INFO - Filling up the DagBag from /home/airflow/.local/lib/python3.12/site-packages/airflow/example_dags/example_python_operator.py
[2024-07-13T01:53:50.058+0000] {processor.py:840} INFO - DAG(s) 'example_python_operator' retrieved from /home/airflow/.local/lib/python3.12/site-packages/airflow/example_dags/example_python_operator.py
[2024-07-13T01:53:50.083+0000] {logging_mixin.py:188} INFO - [2024-07-13T01:53:50.083+0000] {dag.py:3096} INFO - Sync 1 DAGs
[2024-07-13T01:53:50.098+0000] {logging_mixin.py:188} INFO - [2024-07-13T01:53:50.098+0000] {dag.py:3954} INFO - Setting next_dagrun for example_python_operator to None, run_after=None
[2024-07-13T01:53:50.122+0000] {processor.py:183} INFO - Processing /home/airflow/.local/lib/python3.12/site-packages/airflow/example_dags/example_python_operator.py took 0.093 seconds
[2024-07-13T01:54:20.359+0000] {processor.py:161} INFO - Started process (PID=1420) to work on /home/airflow/.local/lib/python3.12/site-packages/airflow/example_dags/example_python_operator.py
[2024-07-13T01:54:20.360+0000] {processor.py:830} INFO - Processing file /home/airflow/.local/lib/python3.12/site-packages/airflow/example_dags/example_python_operator.py for tasks to queue
[2024-07-13T01:54:20.361+0000] {logging_mixin.py:188} INFO - [2024-07-13T01:54:20.361+0000] {dagbag.py:545} INFO - Filling up the DagBag from /home/airflow/.local/lib/python3.12/site-packages/airflow/example_dags/example_python_operator.py
[2024-07-13T01:54:20.371+0000] {processor.py:840} INFO - DAG(s) 'example_python_operator' retrieved from /home/airflow/.local/lib/python3.12/site-packages/airflow/example_dags/example_python_operator.py
[2024-07-13T01:54:20.398+0000] {logging_mixin.py:188} INFO - [2024-07-13T01:54:20.398+0000] {dag.py:3096} INFO - Sync 1 DAGs
[2024-07-13T01:54:20.412+0000] {logging_mixin.py:188} INFO - [2024-07-13T01:54:20.411+0000] {dag.py:3954} INFO - Setting next_dagrun for example_python_operator to None, run_after=None
[2024-07-13T01:54:20.452+0000] {processor.py:183} INFO - Processing /home/airflow/.local/lib/python3.12/site-packages/airflow/example_dags/example_python_operator.py took 0.099 seconds
[2024-07-13T01:54:50.684+0000] {processor.py:161} INFO - Started process (PID=1481) to work on /home/airflow/.local/lib/python3.12/site-packages/airflow/example_dags/example_python_operator.py
[2024-07-13T01:54:50.685+0000] {processor.py:830} INFO - Processing file /home/airflow/.local/lib/python3.12/site-packages/airflow/example_dags/example_python_operator.py for tasks to queue
[2024-07-13T01:54:50.686+0000] {logging_mixin.py:188} INFO - [2024-07-13T01:54:50.686+0000] {dagbag.py:545} INFO - Filling up the DagBag from /home/airflow/.local/lib/python3.12/site-packages/airflow/example_dags/example_python_operator.py
[2024-07-13T01:54:50.698+0000] {processor.py:840} INFO - DAG(s) 'example_python_operator' retrieved from /home/airflow/.local/lib/python3.12/site-packages/airflow/example_dags/example_python_operator.py
[2024-07-13T01:54:50.722+0000] {logging_mixin.py:188} INFO - [2024-07-13T01:54:50.722+0000] {dag.py:3096} INFO - Sync 1 DAGs
[2024-07-13T01:54:50.746+0000] {logging_mixin.py:188} INFO - [2024-07-13T01:54:50.745+0000] {dag.py:3954} INFO - Setting next_dagrun for example_python_operator to None, run_after=None
[2024-07-13T01:54:50.797+0000] {processor.py:183} INFO - Processing /home/airflow/.local/lib/python3.12/site-packages/airflow/example_dags/example_python_operator.py took 0.117 seconds
[2024-07-13T01:55:20.870+0000] {processor.py:161} INFO - Started process (PID=1543) to work on /home/airflow/.local/lib/python3.12/site-packages/airflow/example_dags/example_python_operator.py
[2024-07-13T01:55:20.871+0000] {processor.py:830} INFO - Processing file /home/airflow/.local/lib/python3.12/site-packages/airflow/example_dags/example_python_operator.py for tasks to queue
[2024-07-13T01:55:20.872+0000] {logging_mixin.py:188} INFO - [2024-07-13T01:55:20.872+0000] {dagbag.py:545} INFO - Filling up the DagBag from /home/airflow/.local/lib/python3.12/site-packages/airflow/example_dags/example_python_operator.py
[2024-07-13T01:55:20.879+0000] {processor.py:840} INFO - DAG(s) 'example_python_operator' retrieved from /home/airflow/.local/lib/python3.12/site-packages/airflow/example_dags/example_python_operator.py
[2024-07-13T01:55:20.896+0000] {logging_mixin.py:188} INFO - [2024-07-13T01:55:20.896+0000] {dag.py:3096} INFO - Sync 1 DAGs
[2024-07-13T01:55:20.905+0000] {logging_mixin.py:188} INFO - [2024-07-13T01:55:20.905+0000] {dag.py:3954} INFO - Setting next_dagrun for example_python_operator to None, run_after=None
[2024-07-13T01:55:20.927+0000] {processor.py:183} INFO - Processing /home/airflow/.local/lib/python3.12/site-packages/airflow/example_dags/example_python_operator.py took 0.061 seconds
[2024-07-13T01:55:51.510+0000] {processor.py:161} INFO - Started process (PID=1605) to work on /home/airflow/.local/lib/python3.12/site-packages/airflow/example_dags/example_python_operator.py
[2024-07-13T01:55:51.511+0000] {processor.py:830} INFO - Processing file /home/airflow/.local/lib/python3.12/site-packages/airflow/example_dags/example_python_operator.py for tasks to queue
[2024-07-13T01:55:51.513+0000] {logging_mixin.py:188} INFO - [2024-07-13T01:55:51.512+0000] {dagbag.py:545} INFO - Filling up the DagBag from /home/airflow/.local/lib/python3.12/site-packages/airflow/example_dags/example_python_operator.py
[2024-07-13T01:55:51.524+0000] {processor.py:840} INFO - DAG(s) 'example_python_operator' retrieved from /home/airflow/.local/lib/python3.12/site-packages/airflow/example_dags/example_python_operator.py
[2024-07-13T01:55:51.549+0000] {logging_mixin.py:188} INFO - [2024-07-13T01:55:51.549+0000] {dag.py:3096} INFO - Sync 1 DAGs
[2024-07-13T01:55:51.562+0000] {logging_mixin.py:188} INFO - [2024-07-13T01:55:51.562+0000] {dag.py:3954} INFO - Setting next_dagrun for example_python_operator to None, run_after=None
[2024-07-13T01:55:51.587+0000] {processor.py:183} INFO - Processing /home/airflow/.local/lib/python3.12/site-packages/airflow/example_dags/example_python_operator.py took 0.084 seconds
[2024-07-13T01:56:22.126+0000] {processor.py:161} INFO - Started process (PID=1667) to work on /home/airflow/.local/lib/python3.12/site-packages/airflow/example_dags/example_python_operator.py
[2024-07-13T01:56:22.127+0000] {processor.py:830} INFO - Processing file /home/airflow/.local/lib/python3.12/site-packages/airflow/example_dags/example_python_operator.py for tasks to queue
[2024-07-13T01:56:22.129+0000] {logging_mixin.py:188} INFO - [2024-07-13T01:56:22.128+0000] {dagbag.py:545} INFO - Filling up the DagBag from /home/airflow/.local/lib/python3.12/site-packages/airflow/example_dags/example_python_operator.py
[2024-07-13T01:56:22.139+0000] {processor.py:840} INFO - DAG(s) 'example_python_operator' retrieved from /home/airflow/.local/lib/python3.12/site-packages/airflow/example_dags/example_python_operator.py
[2024-07-13T01:56:22.163+0000] {logging_mixin.py:188} INFO - [2024-07-13T01:56:22.163+0000] {dag.py:3096} INFO - Sync 1 DAGs
[2024-07-13T01:56:22.177+0000] {logging_mixin.py:188} INFO - [2024-07-13T01:56:22.176+0000] {dag.py:3954} INFO - Setting next_dagrun for example_python_operator to None, run_after=None
[2024-07-13T01:56:22.205+0000] {processor.py:183} INFO - Processing /home/airflow/.local/lib/python3.12/site-packages/airflow/example_dags/example_python_operator.py took 0.084 seconds
[2024-07-13T02:00:47.315+0000] {processor.py:161} INFO - Started process (PID=75) to work on /home/airflow/.local/lib/python3.12/site-packages/airflow/example_dags/example_python_operator.py
[2024-07-13T02:00:47.316+0000] {processor.py:830} INFO - Processing file /home/airflow/.local/lib/python3.12/site-packages/airflow/example_dags/example_python_operator.py for tasks to queue
[2024-07-13T02:00:47.318+0000] {logging_mixin.py:188} INFO - [2024-07-13T02:00:47.317+0000] {dagbag.py:545} INFO - Filling up the DagBag from /home/airflow/.local/lib/python3.12/site-packages/airflow/example_dags/example_python_operator.py
[2024-07-13T02:00:47.328+0000] {processor.py:840} INFO - DAG(s) 'example_python_operator' retrieved from /home/airflow/.local/lib/python3.12/site-packages/airflow/example_dags/example_python_operator.py
[2024-07-13T02:00:47.465+0000] {logging_mixin.py:188} INFO - [2024-07-13T02:00:47.464+0000] {dag.py:3096} INFO - Sync 1 DAGs
[2024-07-13T02:00:47.476+0000] {logging_mixin.py:188} INFO - [2024-07-13T02:00:47.475+0000] {dag.py:3954} INFO - Setting next_dagrun for example_python_operator to None, run_after=None
[2024-07-13T02:00:47.502+0000] {processor.py:183} INFO - Processing /home/airflow/.local/lib/python3.12/site-packages/airflow/example_dags/example_python_operator.py took 0.193 seconds
[2024-07-13T02:01:17.941+0000] {processor.py:161} INFO - Started process (PID=136) to work on /home/airflow/.local/lib/python3.12/site-packages/airflow/example_dags/example_python_operator.py
[2024-07-13T02:01:17.942+0000] {processor.py:830} INFO - Processing file /home/airflow/.local/lib/python3.12/site-packages/airflow/example_dags/example_python_operator.py for tasks to queue
[2024-07-13T02:01:17.944+0000] {logging_mixin.py:188} INFO - [2024-07-13T02:01:17.943+0000] {dagbag.py:545} INFO - Filling up the DagBag from /home/airflow/.local/lib/python3.12/site-packages/airflow/example_dags/example_python_operator.py
[2024-07-13T02:01:17.954+0000] {processor.py:840} INFO - DAG(s) 'example_python_operator' retrieved from /home/airflow/.local/lib/python3.12/site-packages/airflow/example_dags/example_python_operator.py
[2024-07-13T02:01:17.982+0000] {logging_mixin.py:188} INFO - [2024-07-13T02:01:17.982+0000] {dag.py:3096} INFO - Sync 1 DAGs
[2024-07-13T02:01:18.010+0000] {logging_mixin.py:188} INFO - [2024-07-13T02:01:18.009+0000] {dag.py:3954} INFO - Setting next_dagrun for example_python_operator to None, run_after=None
[2024-07-13T02:01:18.034+0000] {processor.py:183} INFO - Processing /home/airflow/.local/lib/python3.12/site-packages/airflow/example_dags/example_python_operator.py took 0.098 seconds
[2024-07-13T02:01:49.447+0000] {processor.py:161} INFO - Started process (PID=197) to work on /home/airflow/.local/lib/python3.12/site-packages/airflow/example_dags/example_python_operator.py
[2024-07-13T02:01:49.448+0000] {processor.py:830} INFO - Processing file /home/airflow/.local/lib/python3.12/site-packages/airflow/example_dags/example_python_operator.py for tasks to queue
[2024-07-13T02:01:49.449+0000] {logging_mixin.py:188} INFO - [2024-07-13T02:01:49.448+0000] {dagbag.py:545} INFO - Filling up the DagBag from /home/airflow/.local/lib/python3.12/site-packages/airflow/example_dags/example_python_operator.py
[2024-07-13T02:01:49.460+0000] {processor.py:840} INFO - DAG(s) 'example_python_operator' retrieved from /home/airflow/.local/lib/python3.12/site-packages/airflow/example_dags/example_python_operator.py
[2024-07-13T02:01:49.520+0000] {logging_mixin.py:188} INFO - [2024-07-13T02:01:49.520+0000] {dag.py:3096} INFO - Sync 1 DAGs
[2024-07-13T02:01:49.559+0000] {logging_mixin.py:188} INFO - [2024-07-13T02:01:49.559+0000] {dag.py:3954} INFO - Setting next_dagrun for example_python_operator to None, run_after=None
[2024-07-13T02:01:49.609+0000] {processor.py:183} INFO - Processing /home/airflow/.local/lib/python3.12/site-packages/airflow/example_dags/example_python_operator.py took 0.168 seconds
[2024-07-13T02:02:20.787+0000] {processor.py:161} INFO - Started process (PID=259) to work on /home/airflow/.local/lib/python3.12/site-packages/airflow/example_dags/example_python_operator.py
[2024-07-13T02:02:20.789+0000] {processor.py:830} INFO - Processing file /home/airflow/.local/lib/python3.12/site-packages/airflow/example_dags/example_python_operator.py for tasks to queue
[2024-07-13T02:02:20.790+0000] {logging_mixin.py:188} INFO - [2024-07-13T02:02:20.789+0000] {dagbag.py:545} INFO - Filling up the DagBag from /home/airflow/.local/lib/python3.12/site-packages/airflow/example_dags/example_python_operator.py
[2024-07-13T02:02:20.814+0000] {processor.py:840} INFO - DAG(s) 'example_python_operator' retrieved from /home/airflow/.local/lib/python3.12/site-packages/airflow/example_dags/example_python_operator.py
[2024-07-13T02:02:20.869+0000] {logging_mixin.py:188} INFO - [2024-07-13T02:02:20.869+0000] {dag.py:3096} INFO - Sync 1 DAGs
[2024-07-13T02:02:20.896+0000] {logging_mixin.py:188} INFO - [2024-07-13T02:02:20.896+0000] {dag.py:3954} INFO - Setting next_dagrun for example_python_operator to None, run_after=None
[2024-07-13T02:02:20.941+0000] {processor.py:183} INFO - Processing /home/airflow/.local/lib/python3.12/site-packages/airflow/example_dags/example_python_operator.py took 0.176 seconds
[2024-07-13T02:02:51.032+0000] {processor.py:161} INFO - Started process (PID=321) to work on /home/airflow/.local/lib/python3.12/site-packages/airflow/example_dags/example_python_operator.py
[2024-07-13T02:02:51.032+0000] {processor.py:830} INFO - Processing file /home/airflow/.local/lib/python3.12/site-packages/airflow/example_dags/example_python_operator.py for tasks to queue
[2024-07-13T02:02:51.033+0000] {logging_mixin.py:188} INFO - [2024-07-13T02:02:51.033+0000] {dagbag.py:545} INFO - Filling up the DagBag from /home/airflow/.local/lib/python3.12/site-packages/airflow/example_dags/example_python_operator.py
[2024-07-13T02:02:51.044+0000] {processor.py:840} INFO - DAG(s) 'example_python_operator' retrieved from /home/airflow/.local/lib/python3.12/site-packages/airflow/example_dags/example_python_operator.py
[2024-07-13T02:02:51.086+0000] {logging_mixin.py:188} INFO - [2024-07-13T02:02:51.086+0000] {dag.py:3096} INFO - Sync 1 DAGs
[2024-07-13T02:02:51.099+0000] {logging_mixin.py:188} INFO - [2024-07-13T02:02:51.099+0000] {dag.py:3954} INFO - Setting next_dagrun for example_python_operator to None, run_after=None
[2024-07-13T02:02:51.125+0000] {processor.py:183} INFO - Processing /home/airflow/.local/lib/python3.12/site-packages/airflow/example_dags/example_python_operator.py took 0.099 seconds
[2024-07-13T02:03:21.591+0000] {processor.py:161} INFO - Started process (PID=382) to work on /home/airflow/.local/lib/python3.12/site-packages/airflow/example_dags/example_python_operator.py
[2024-07-13T02:03:21.592+0000] {processor.py:830} INFO - Processing file /home/airflow/.local/lib/python3.12/site-packages/airflow/example_dags/example_python_operator.py for tasks to queue
[2024-07-13T02:03:21.593+0000] {logging_mixin.py:188} INFO - [2024-07-13T02:03:21.593+0000] {dagbag.py:545} INFO - Filling up the DagBag from /home/airflow/.local/lib/python3.12/site-packages/airflow/example_dags/example_python_operator.py
[2024-07-13T02:03:21.606+0000] {processor.py:840} INFO - DAG(s) 'example_python_operator' retrieved from /home/airflow/.local/lib/python3.12/site-packages/airflow/example_dags/example_python_operator.py
[2024-07-13T02:03:21.623+0000] {logging_mixin.py:188} INFO - [2024-07-13T02:03:21.623+0000] {dag.py:3096} INFO - Sync 1 DAGs
[2024-07-13T02:03:21.632+0000] {logging_mixin.py:188} INFO - [2024-07-13T02:03:21.632+0000] {dag.py:3954} INFO - Setting next_dagrun for example_python_operator to None, run_after=None
[2024-07-13T02:03:21.657+0000] {processor.py:183} INFO - Processing /home/airflow/.local/lib/python3.12/site-packages/airflow/example_dags/example_python_operator.py took 0.072 seconds
[2024-07-13T02:03:52.132+0000] {processor.py:161} INFO - Started process (PID=443) to work on /home/airflow/.local/lib/python3.12/site-packages/airflow/example_dags/example_python_operator.py
[2024-07-13T02:03:52.133+0000] {processor.py:830} INFO - Processing file /home/airflow/.local/lib/python3.12/site-packages/airflow/example_dags/example_python_operator.py for tasks to queue
[2024-07-13T02:03:52.134+0000] {logging_mixin.py:188} INFO - [2024-07-13T02:03:52.133+0000] {dagbag.py:545} INFO - Filling up the DagBag from /home/airflow/.local/lib/python3.12/site-packages/airflow/example_dags/example_python_operator.py
[2024-07-13T02:03:52.145+0000] {processor.py:840} INFO - DAG(s) 'example_python_operator' retrieved from /home/airflow/.local/lib/python3.12/site-packages/airflow/example_dags/example_python_operator.py
[2024-07-13T02:03:52.168+0000] {logging_mixin.py:188} INFO - [2024-07-13T02:03:52.168+0000] {dag.py:3096} INFO - Sync 1 DAGs
[2024-07-13T02:03:52.189+0000] {logging_mixin.py:188} INFO - [2024-07-13T02:03:52.188+0000] {dag.py:3954} INFO - Setting next_dagrun for example_python_operator to None, run_after=None
[2024-07-13T02:03:52.218+0000] {processor.py:183} INFO - Processing /home/airflow/.local/lib/python3.12/site-packages/airflow/example_dags/example_python_operator.py took 0.092 seconds
[2024-07-13T02:04:22.519+0000] {processor.py:161} INFO - Started process (PID=506) to work on /home/airflow/.local/lib/python3.12/site-packages/airflow/example_dags/example_python_operator.py
[2024-07-13T02:04:22.524+0000] {processor.py:830} INFO - Processing file /home/airflow/.local/lib/python3.12/site-packages/airflow/example_dags/example_python_operator.py for tasks to queue
[2024-07-13T02:04:22.525+0000] {logging_mixin.py:188} INFO - [2024-07-13T02:04:22.524+0000] {dagbag.py:545} INFO - Filling up the DagBag from /home/airflow/.local/lib/python3.12/site-packages/airflow/example_dags/example_python_operator.py
[2024-07-13T02:04:22.536+0000] {processor.py:840} INFO - DAG(s) 'example_python_operator' retrieved from /home/airflow/.local/lib/python3.12/site-packages/airflow/example_dags/example_python_operator.py
[2024-07-13T02:04:22.556+0000] {logging_mixin.py:188} INFO - [2024-07-13T02:04:22.556+0000] {dag.py:3096} INFO - Sync 1 DAGs
[2024-07-13T02:04:22.567+0000] {logging_mixin.py:188} INFO - [2024-07-13T02:04:22.566+0000] {dag.py:3954} INFO - Setting next_dagrun for example_python_operator to None, run_after=None
[2024-07-13T02:04:22.590+0000] {processor.py:183} INFO - Processing /home/airflow/.local/lib/python3.12/site-packages/airflow/example_dags/example_python_operator.py took 0.076 seconds
[2024-07-13T02:04:53.928+0000] {processor.py:161} INFO - Started process (PID=567) to work on /home/airflow/.local/lib/python3.12/site-packages/airflow/example_dags/example_python_operator.py
[2024-07-13T02:04:53.929+0000] {processor.py:830} INFO - Processing file /home/airflow/.local/lib/python3.12/site-packages/airflow/example_dags/example_python_operator.py for tasks to queue
[2024-07-13T02:04:53.930+0000] {logging_mixin.py:188} INFO - [2024-07-13T02:04:53.929+0000] {dagbag.py:545} INFO - Filling up the DagBag from /home/airflow/.local/lib/python3.12/site-packages/airflow/example_dags/example_python_operator.py
[2024-07-13T02:04:53.940+0000] {processor.py:840} INFO - DAG(s) 'example_python_operator' retrieved from /home/airflow/.local/lib/python3.12/site-packages/airflow/example_dags/example_python_operator.py
[2024-07-13T02:04:53.967+0000] {logging_mixin.py:188} INFO - [2024-07-13T02:04:53.966+0000] {dag.py:3096} INFO - Sync 1 DAGs
[2024-07-13T02:04:53.982+0000] {logging_mixin.py:188} INFO - [2024-07-13T02:04:53.981+0000] {dag.py:3954} INFO - Setting next_dagrun for example_python_operator to None, run_after=None
[2024-07-13T02:04:54.010+0000] {processor.py:183} INFO - Processing /home/airflow/.local/lib/python3.12/site-packages/airflow/example_dags/example_python_operator.py took 0.088 seconds
[2024-07-13T02:05:25.051+0000] {processor.py:161} INFO - Started process (PID=627) to work on /home/airflow/.local/lib/python3.12/site-packages/airflow/example_dags/example_python_operator.py
[2024-07-13T02:05:25.052+0000] {processor.py:830} INFO - Processing file /home/airflow/.local/lib/python3.12/site-packages/airflow/example_dags/example_python_operator.py for tasks to queue
[2024-07-13T02:05:25.053+0000] {logging_mixin.py:188} INFO - [2024-07-13T02:05:25.053+0000] {dagbag.py:545} INFO - Filling up the DagBag from /home/airflow/.local/lib/python3.12/site-packages/airflow/example_dags/example_python_operator.py
[2024-07-13T02:05:25.063+0000] {processor.py:840} INFO - DAG(s) 'example_python_operator' retrieved from /home/airflow/.local/lib/python3.12/site-packages/airflow/example_dags/example_python_operator.py
[2024-07-13T02:05:25.087+0000] {logging_mixin.py:188} INFO - [2024-07-13T02:05:25.087+0000] {dag.py:3096} INFO - Sync 1 DAGs
[2024-07-13T02:05:25.100+0000] {logging_mixin.py:188} INFO - [2024-07-13T02:05:25.100+0000] {dag.py:3954} INFO - Setting next_dagrun for example_python_operator to None, run_after=None
[2024-07-13T02:05:25.128+0000] {processor.py:183} INFO - Processing /home/airflow/.local/lib/python3.12/site-packages/airflow/example_dags/example_python_operator.py took 0.082 seconds
[2024-07-13T02:05:55.698+0000] {processor.py:161} INFO - Started process (PID=686) to work on /home/airflow/.local/lib/python3.12/site-packages/airflow/example_dags/example_python_operator.py
[2024-07-13T02:05:55.698+0000] {processor.py:830} INFO - Processing file /home/airflow/.local/lib/python3.12/site-packages/airflow/example_dags/example_python_operator.py for tasks to queue
[2024-07-13T02:05:55.699+0000] {logging_mixin.py:188} INFO - [2024-07-13T02:05:55.699+0000] {dagbag.py:545} INFO - Filling up the DagBag from /home/airflow/.local/lib/python3.12/site-packages/airflow/example_dags/example_python_operator.py
[2024-07-13T02:05:55.710+0000] {processor.py:840} INFO - DAG(s) 'example_python_operator' retrieved from /home/airflow/.local/lib/python3.12/site-packages/airflow/example_dags/example_python_operator.py
[2024-07-13T02:05:55.738+0000] {logging_mixin.py:188} INFO - [2024-07-13T02:05:55.737+0000] {dag.py:3096} INFO - Sync 1 DAGs
[2024-07-13T02:05:55.752+0000] {logging_mixin.py:188} INFO - [2024-07-13T02:05:55.752+0000] {dag.py:3954} INFO - Setting next_dagrun for example_python_operator to None, run_after=None
[2024-07-13T02:05:55.776+0000] {processor.py:183} INFO - Processing /home/airflow/.local/lib/python3.12/site-packages/airflow/example_dags/example_python_operator.py took 0.085 seconds
[2024-07-13T02:06:28.820+0000] {processor.py:161} INFO - Started process (PID=747) to work on /home/airflow/.local/lib/python3.12/site-packages/airflow/example_dags/example_python_operator.py
[2024-07-13T02:06:28.821+0000] {processor.py:830} INFO - Processing file /home/airflow/.local/lib/python3.12/site-packages/airflow/example_dags/example_python_operator.py for tasks to queue
[2024-07-13T02:06:28.822+0000] {logging_mixin.py:188} INFO - [2024-07-13T02:06:28.821+0000] {dagbag.py:545} INFO - Filling up the DagBag from /home/airflow/.local/lib/python3.12/site-packages/airflow/example_dags/example_python_operator.py
[2024-07-13T02:06:28.863+0000] {processor.py:840} INFO - DAG(s) 'example_python_operator' retrieved from /home/airflow/.local/lib/python3.12/site-packages/airflow/example_dags/example_python_operator.py
[2024-07-13T02:06:28.939+0000] {logging_mixin.py:188} INFO - [2024-07-13T02:06:28.939+0000] {dag.py:3096} INFO - Sync 1 DAGs
[2024-07-13T02:06:28.961+0000] {logging_mixin.py:188} INFO - [2024-07-13T02:06:28.960+0000] {dag.py:3954} INFO - Setting next_dagrun for example_python_operator to None, run_after=None
[2024-07-13T02:06:29.049+0000] {processor.py:183} INFO - Processing /home/airflow/.local/lib/python3.12/site-packages/airflow/example_dags/example_python_operator.py took 0.251 seconds
[2024-07-13T02:06:59.320+0000] {processor.py:161} INFO - Started process (PID=808) to work on /home/airflow/.local/lib/python3.12/site-packages/airflow/example_dags/example_python_operator.py
[2024-07-13T02:06:59.321+0000] {processor.py:830} INFO - Processing file /home/airflow/.local/lib/python3.12/site-packages/airflow/example_dags/example_python_operator.py for tasks to queue
[2024-07-13T02:06:59.322+0000] {logging_mixin.py:188} INFO - [2024-07-13T02:06:59.321+0000] {dagbag.py:545} INFO - Filling up the DagBag from /home/airflow/.local/lib/python3.12/site-packages/airflow/example_dags/example_python_operator.py
[2024-07-13T02:06:59.333+0000] {processor.py:840} INFO - DAG(s) 'example_python_operator' retrieved from /home/airflow/.local/lib/python3.12/site-packages/airflow/example_dags/example_python_operator.py
[2024-07-13T02:06:59.355+0000] {logging_mixin.py:188} INFO - [2024-07-13T02:06:59.355+0000] {dag.py:3096} INFO - Sync 1 DAGs
[2024-07-13T02:06:59.377+0000] {logging_mixin.py:188} INFO - [2024-07-13T02:06:59.377+0000] {dag.py:3954} INFO - Setting next_dagrun for example_python_operator to None, run_after=None
[2024-07-13T02:06:59.407+0000] {processor.py:183} INFO - Processing /home/airflow/.local/lib/python3.12/site-packages/airflow/example_dags/example_python_operator.py took 0.092 seconds
[2024-07-13T02:07:29.661+0000] {processor.py:161} INFO - Started process (PID=870) to work on /home/airflow/.local/lib/python3.12/site-packages/airflow/example_dags/example_python_operator.py
[2024-07-13T02:07:29.665+0000] {processor.py:830} INFO - Processing file /home/airflow/.local/lib/python3.12/site-packages/airflow/example_dags/example_python_operator.py for tasks to queue
[2024-07-13T02:07:29.666+0000] {logging_mixin.py:188} INFO - [2024-07-13T02:07:29.666+0000] {dagbag.py:545} INFO - Filling up the DagBag from /home/airflow/.local/lib/python3.12/site-packages/airflow/example_dags/example_python_operator.py
[2024-07-13T02:07:29.678+0000] {processor.py:840} INFO - DAG(s) 'example_python_operator' retrieved from /home/airflow/.local/lib/python3.12/site-packages/airflow/example_dags/example_python_operator.py
[2024-07-13T02:07:29.702+0000] {logging_mixin.py:188} INFO - [2024-07-13T02:07:29.702+0000] {dag.py:3096} INFO - Sync 1 DAGs
[2024-07-13T02:07:29.721+0000] {logging_mixin.py:188} INFO - [2024-07-13T02:07:29.721+0000] {dag.py:3954} INFO - Setting next_dagrun for example_python_operator to None, run_after=None
[2024-07-13T02:07:29.751+0000] {processor.py:183} INFO - Processing /home/airflow/.local/lib/python3.12/site-packages/airflow/example_dags/example_python_operator.py took 0.096 seconds
[2024-07-13T02:08:00.087+0000] {processor.py:161} INFO - Started process (PID=931) to work on /home/airflow/.local/lib/python3.12/site-packages/airflow/example_dags/example_python_operator.py
[2024-07-13T02:08:00.088+0000] {processor.py:830} INFO - Processing file /home/airflow/.local/lib/python3.12/site-packages/airflow/example_dags/example_python_operator.py for tasks to queue
[2024-07-13T02:08:00.089+0000] {logging_mixin.py:188} INFO - [2024-07-13T02:08:00.089+0000] {dagbag.py:545} INFO - Filling up the DagBag from /home/airflow/.local/lib/python3.12/site-packages/airflow/example_dags/example_python_operator.py
[2024-07-13T02:08:00.100+0000] {processor.py:840} INFO - DAG(s) 'example_python_operator' retrieved from /home/airflow/.local/lib/python3.12/site-packages/airflow/example_dags/example_python_operator.py
[2024-07-13T02:08:00.126+0000] {logging_mixin.py:188} INFO - [2024-07-13T02:08:00.126+0000] {dag.py:3096} INFO - Sync 1 DAGs
[2024-07-13T02:08:00.137+0000] {logging_mixin.py:188} INFO - [2024-07-13T02:08:00.136+0000] {dag.py:3954} INFO - Setting next_dagrun for example_python_operator to None, run_after=None
[2024-07-13T02:08:00.162+0000] {processor.py:183} INFO - Processing /home/airflow/.local/lib/python3.12/site-packages/airflow/example_dags/example_python_operator.py took 0.081 seconds
[2024-07-13T02:08:31.004+0000] {processor.py:161} INFO - Started process (PID=999) to work on /home/airflow/.local/lib/python3.12/site-packages/airflow/example_dags/example_python_operator.py
[2024-07-13T02:08:31.005+0000] {processor.py:830} INFO - Processing file /home/airflow/.local/lib/python3.12/site-packages/airflow/example_dags/example_python_operator.py for tasks to queue
[2024-07-13T02:08:31.005+0000] {logging_mixin.py:188} INFO - [2024-07-13T02:08:31.005+0000] {dagbag.py:545} INFO - Filling up the DagBag from /home/airflow/.local/lib/python3.12/site-packages/airflow/example_dags/example_python_operator.py
[2024-07-13T02:08:31.016+0000] {processor.py:840} INFO - DAG(s) 'example_python_operator' retrieved from /home/airflow/.local/lib/python3.12/site-packages/airflow/example_dags/example_python_operator.py
[2024-07-13T02:08:31.042+0000] {logging_mixin.py:188} INFO - [2024-07-13T02:08:31.041+0000] {dag.py:3096} INFO - Sync 1 DAGs
[2024-07-13T02:08:31.051+0000] {logging_mixin.py:188} INFO - [2024-07-13T02:08:31.051+0000] {dag.py:3954} INFO - Setting next_dagrun for example_python_operator to None, run_after=None
[2024-07-13T02:08:31.073+0000] {processor.py:183} INFO - Processing /home/airflow/.local/lib/python3.12/site-packages/airflow/example_dags/example_python_operator.py took 0.075 seconds
[2024-07-13T02:09:01.947+0000] {processor.py:161} INFO - Started process (PID=1060) to work on /home/airflow/.local/lib/python3.12/site-packages/airflow/example_dags/example_python_operator.py
[2024-07-13T02:09:01.947+0000] {processor.py:830} INFO - Processing file /home/airflow/.local/lib/python3.12/site-packages/airflow/example_dags/example_python_operator.py for tasks to queue
[2024-07-13T02:09:01.948+0000] {logging_mixin.py:188} INFO - [2024-07-13T02:09:01.948+0000] {dagbag.py:545} INFO - Filling up the DagBag from /home/airflow/.local/lib/python3.12/site-packages/airflow/example_dags/example_python_operator.py
[2024-07-13T02:09:01.960+0000] {processor.py:840} INFO - DAG(s) 'example_python_operator' retrieved from /home/airflow/.local/lib/python3.12/site-packages/airflow/example_dags/example_python_operator.py
[2024-07-13T02:09:01.985+0000] {logging_mixin.py:188} INFO - [2024-07-13T02:09:01.985+0000] {dag.py:3096} INFO - Sync 1 DAGs
[2024-07-13T02:09:01.998+0000] {logging_mixin.py:188} INFO - [2024-07-13T02:09:01.998+0000] {dag.py:3954} INFO - Setting next_dagrun for example_python_operator to None, run_after=None
[2024-07-13T02:09:02.029+0000] {processor.py:183} INFO - Processing /home/airflow/.local/lib/python3.12/site-packages/airflow/example_dags/example_python_operator.py took 0.089 seconds
