[2024-07-13T01:31:00.973+0000] {processor.py:161} INFO - Started process (PID=79) to work on /home/airflow/.local/lib/python3.12/site-packages/airflow/example_dags/example_bash_operator.py
[2024-07-13T01:31:00.978+0000] {processor.py:830} INFO - Processing file /home/airflow/.local/lib/python3.12/site-packages/airflow/example_dags/example_bash_operator.py for tasks to queue
[2024-07-13T01:31:00.984+0000] {logging_mixin.py:188} INFO - [2024-07-13T01:31:00.984+0000] {dagbag.py:545} INFO - Filling up the DagBag from /home/airflow/.local/lib/python3.12/site-packages/airflow/example_dags/example_bash_operator.py
[2024-07-13T01:31:00.997+0000] {processor.py:840} INFO - DAG(s) 'example_bash_operator' retrieved from /home/airflow/.local/lib/python3.12/site-packages/airflow/example_dags/example_bash_operator.py
[2024-07-13T01:31:01.218+0000] {logging_mixin.py:188} INFO - [2024-07-13T01:31:01.218+0000] {dag.py:3096} INFO - Sync 1 DAGs
[2024-07-13T01:31:01.312+0000] {logging_mixin.py:188} INFO - [2024-07-13T01:31:01.312+0000] {dag.py:3954} INFO - Setting next_dagrun for example_bash_operator to 2024-07-12 00:00:00+00:00, run_after=2024-07-13 00:00:00+00:00
[2024-07-13T01:31:01.370+0000] {processor.py:183} INFO - Processing /home/airflow/.local/lib/python3.12/site-packages/airflow/example_dags/example_bash_operator.py took 0.411 seconds
[2024-07-13T01:31:31.903+0000] {processor.py:161} INFO - Started process (PID=140) to work on /home/airflow/.local/lib/python3.12/site-packages/airflow/example_dags/example_bash_operator.py
[2024-07-13T01:31:31.904+0000] {processor.py:830} INFO - Processing file /home/airflow/.local/lib/python3.12/site-packages/airflow/example_dags/example_bash_operator.py for tasks to queue
[2024-07-13T01:31:31.905+0000] {logging_mixin.py:188} INFO - [2024-07-13T01:31:31.905+0000] {dagbag.py:545} INFO - Filling up the DagBag from /home/airflow/.local/lib/python3.12/site-packages/airflow/example_dags/example_bash_operator.py
[2024-07-13T01:31:31.914+0000] {processor.py:840} INFO - DAG(s) 'example_bash_operator' retrieved from /home/airflow/.local/lib/python3.12/site-packages/airflow/example_dags/example_bash_operator.py
[2024-07-13T01:31:31.937+0000] {logging_mixin.py:188} INFO - [2024-07-13T01:31:31.937+0000] {dag.py:3096} INFO - Sync 1 DAGs
[2024-07-13T01:31:31.959+0000] {logging_mixin.py:188} INFO - [2024-07-13T01:31:31.958+0000] {dag.py:3954} INFO - Setting next_dagrun for example_bash_operator to 2024-07-12 00:00:00+00:00, run_after=2024-07-13 00:00:00+00:00
[2024-07-13T01:31:31.984+0000] {processor.py:183} INFO - Processing /home/airflow/.local/lib/python3.12/site-packages/airflow/example_dags/example_bash_operator.py took 0.087 seconds
[2024-07-13T01:32:02.030+0000] {processor.py:161} INFO - Started process (PID=198) to work on /home/airflow/.local/lib/python3.12/site-packages/airflow/example_dags/example_bash_operator.py
[2024-07-13T01:32:02.030+0000] {processor.py:830} INFO - Processing file /home/airflow/.local/lib/python3.12/site-packages/airflow/example_dags/example_bash_operator.py for tasks to queue
[2024-07-13T01:32:02.032+0000] {logging_mixin.py:188} INFO - [2024-07-13T01:32:02.031+0000] {dagbag.py:545} INFO - Filling up the DagBag from /home/airflow/.local/lib/python3.12/site-packages/airflow/example_dags/example_bash_operator.py
[2024-07-13T01:32:02.040+0000] {processor.py:840} INFO - DAG(s) 'example_bash_operator' retrieved from /home/airflow/.local/lib/python3.12/site-packages/airflow/example_dags/example_bash_operator.py
[2024-07-13T01:32:02.061+0000] {logging_mixin.py:188} INFO - [2024-07-13T01:32:02.061+0000] {dag.py:3096} INFO - Sync 1 DAGs
[2024-07-13T01:32:02.079+0000] {logging_mixin.py:188} INFO - [2024-07-13T01:32:02.079+0000] {dag.py:3954} INFO - Setting next_dagrun for example_bash_operator to 2024-07-12 00:00:00+00:00, run_after=2024-07-13 00:00:00+00:00
[2024-07-13T01:32:02.100+0000] {processor.py:183} INFO - Processing /home/airflow/.local/lib/python3.12/site-packages/airflow/example_dags/example_bash_operator.py took 0.075 seconds
[2024-07-13T01:32:32.964+0000] {processor.py:161} INFO - Started process (PID=259) to work on /home/airflow/.local/lib/python3.12/site-packages/airflow/example_dags/example_bash_operator.py
[2024-07-13T01:32:32.967+0000] {processor.py:830} INFO - Processing file /home/airflow/.local/lib/python3.12/site-packages/airflow/example_dags/example_bash_operator.py for tasks to queue
[2024-07-13T01:32:32.969+0000] {logging_mixin.py:188} INFO - [2024-07-13T01:32:32.969+0000] {dagbag.py:545} INFO - Filling up the DagBag from /home/airflow/.local/lib/python3.12/site-packages/airflow/example_dags/example_bash_operator.py
[2024-07-13T01:32:32.981+0000] {processor.py:840} INFO - DAG(s) 'example_bash_operator' retrieved from /home/airflow/.local/lib/python3.12/site-packages/airflow/example_dags/example_bash_operator.py
[2024-07-13T01:32:33.012+0000] {logging_mixin.py:188} INFO - [2024-07-13T01:32:33.011+0000] {dag.py:3096} INFO - Sync 1 DAGs
[2024-07-13T01:32:33.036+0000] {logging_mixin.py:188} INFO - [2024-07-13T01:32:33.036+0000] {dag.py:3954} INFO - Setting next_dagrun for example_bash_operator to 2024-07-12 00:00:00+00:00, run_after=2024-07-13 00:00:00+00:00
[2024-07-13T01:32:33.063+0000] {processor.py:183} INFO - Processing /home/airflow/.local/lib/python3.12/site-packages/airflow/example_dags/example_bash_operator.py took 0.104 seconds
[2024-07-13T01:33:03.432+0000] {processor.py:161} INFO - Started process (PID=320) to work on /home/airflow/.local/lib/python3.12/site-packages/airflow/example_dags/example_bash_operator.py
[2024-07-13T01:33:03.433+0000] {processor.py:830} INFO - Processing file /home/airflow/.local/lib/python3.12/site-packages/airflow/example_dags/example_bash_operator.py for tasks to queue
[2024-07-13T01:33:03.434+0000] {logging_mixin.py:188} INFO - [2024-07-13T01:33:03.434+0000] {dagbag.py:545} INFO - Filling up the DagBag from /home/airflow/.local/lib/python3.12/site-packages/airflow/example_dags/example_bash_operator.py
[2024-07-13T01:33:03.446+0000] {processor.py:840} INFO - DAG(s) 'example_bash_operator' retrieved from /home/airflow/.local/lib/python3.12/site-packages/airflow/example_dags/example_bash_operator.py
[2024-07-13T01:33:03.478+0000] {logging_mixin.py:188} INFO - [2024-07-13T01:33:03.478+0000] {dag.py:3096} INFO - Sync 1 DAGs
[2024-07-13T01:33:03.504+0000] {logging_mixin.py:188} INFO - [2024-07-13T01:33:03.504+0000] {dag.py:3954} INFO - Setting next_dagrun for example_bash_operator to 2024-07-12 00:00:00+00:00, run_after=2024-07-13 00:00:00+00:00
[2024-07-13T01:33:03.531+0000] {processor.py:183} INFO - Processing /home/airflow/.local/lib/python3.12/site-packages/airflow/example_dags/example_bash_operator.py took 0.104 seconds
[2024-07-13T01:33:33.814+0000] {processor.py:161} INFO - Started process (PID=380) to work on /home/airflow/.local/lib/python3.12/site-packages/airflow/example_dags/example_bash_operator.py
[2024-07-13T01:33:33.823+0000] {processor.py:830} INFO - Processing file /home/airflow/.local/lib/python3.12/site-packages/airflow/example_dags/example_bash_operator.py for tasks to queue
[2024-07-13T01:33:33.835+0000] {logging_mixin.py:188} INFO - [2024-07-13T01:33:33.834+0000] {dagbag.py:545} INFO - Filling up the DagBag from /home/airflow/.local/lib/python3.12/site-packages/airflow/example_dags/example_bash_operator.py
[2024-07-13T01:33:33.865+0000] {processor.py:840} INFO - DAG(s) 'example_bash_operator' retrieved from /home/airflow/.local/lib/python3.12/site-packages/airflow/example_dags/example_bash_operator.py
[2024-07-13T01:33:33.983+0000] {logging_mixin.py:188} INFO - [2024-07-13T01:33:33.983+0000] {dag.py:3096} INFO - Sync 1 DAGs
[2024-07-13T01:33:34.033+0000] {logging_mixin.py:188} INFO - [2024-07-13T01:33:34.032+0000] {dag.py:3954} INFO - Setting next_dagrun for example_bash_operator to 2024-07-12 00:00:00+00:00, run_after=2024-07-13 00:00:00+00:00
[2024-07-13T01:33:34.090+0000] {processor.py:183} INFO - Processing /home/airflow/.local/lib/python3.12/site-packages/airflow/example_dags/example_bash_operator.py took 0.290 seconds
[2024-07-13T01:34:05.017+0000] {processor.py:161} INFO - Started process (PID=442) to work on /home/airflow/.local/lib/python3.12/site-packages/airflow/example_dags/example_bash_operator.py
[2024-07-13T01:34:05.043+0000] {processor.py:830} INFO - Processing file /home/airflow/.local/lib/python3.12/site-packages/airflow/example_dags/example_bash_operator.py for tasks to queue
[2024-07-13T01:34:05.051+0000] {logging_mixin.py:188} INFO - [2024-07-13T01:34:05.050+0000] {dagbag.py:545} INFO - Filling up the DagBag from /home/airflow/.local/lib/python3.12/site-packages/airflow/example_dags/example_bash_operator.py
[2024-07-13T01:34:05.110+0000] {processor.py:840} INFO - DAG(s) 'example_bash_operator' retrieved from /home/airflow/.local/lib/python3.12/site-packages/airflow/example_dags/example_bash_operator.py
[2024-07-13T01:34:05.252+0000] {logging_mixin.py:188} INFO - [2024-07-13T01:34:05.251+0000] {dag.py:3096} INFO - Sync 1 DAGs
[2024-07-13T01:34:05.469+0000] {logging_mixin.py:188} INFO - [2024-07-13T01:34:05.468+0000] {dag.py:3954} INFO - Setting next_dagrun for example_bash_operator to 2024-07-12 00:00:00+00:00, run_after=2024-07-13 00:00:00+00:00
[2024-07-13T01:34:05.597+0000] {processor.py:183} INFO - Processing /home/airflow/.local/lib/python3.12/site-packages/airflow/example_dags/example_bash_operator.py took 0.597 seconds
[2024-07-13T01:34:35.997+0000] {processor.py:161} INFO - Started process (PID=504) to work on /home/airflow/.local/lib/python3.12/site-packages/airflow/example_dags/example_bash_operator.py
[2024-07-13T01:34:35.998+0000] {processor.py:830} INFO - Processing file /home/airflow/.local/lib/python3.12/site-packages/airflow/example_dags/example_bash_operator.py for tasks to queue
[2024-07-13T01:34:36.000+0000] {logging_mixin.py:188} INFO - [2024-07-13T01:34:35.999+0000] {dagbag.py:545} INFO - Filling up the DagBag from /home/airflow/.local/lib/python3.12/site-packages/airflow/example_dags/example_bash_operator.py
[2024-07-13T01:34:36.011+0000] {processor.py:840} INFO - DAG(s) 'example_bash_operator' retrieved from /home/airflow/.local/lib/python3.12/site-packages/airflow/example_dags/example_bash_operator.py
[2024-07-13T01:34:36.042+0000] {logging_mixin.py:188} INFO - [2024-07-13T01:34:36.042+0000] {dag.py:3096} INFO - Sync 1 DAGs
[2024-07-13T01:34:36.068+0000] {logging_mixin.py:188} INFO - [2024-07-13T01:34:36.067+0000] {dag.py:3954} INFO - Setting next_dagrun for example_bash_operator to 2024-07-12 00:00:00+00:00, run_after=2024-07-13 00:00:00+00:00
[2024-07-13T01:34:36.093+0000] {processor.py:183} INFO - Processing /home/airflow/.local/lib/python3.12/site-packages/airflow/example_dags/example_bash_operator.py took 0.101 seconds
[2024-07-13T01:35:06.164+0000] {processor.py:161} INFO - Started process (PID=565) to work on /home/airflow/.local/lib/python3.12/site-packages/airflow/example_dags/example_bash_operator.py
[2024-07-13T01:35:06.165+0000] {processor.py:830} INFO - Processing file /home/airflow/.local/lib/python3.12/site-packages/airflow/example_dags/example_bash_operator.py for tasks to queue
[2024-07-13T01:35:06.167+0000] {logging_mixin.py:188} INFO - [2024-07-13T01:35:06.166+0000] {dagbag.py:545} INFO - Filling up the DagBag from /home/airflow/.local/lib/python3.12/site-packages/airflow/example_dags/example_bash_operator.py
[2024-07-13T01:35:06.180+0000] {processor.py:840} INFO - DAG(s) 'example_bash_operator' retrieved from /home/airflow/.local/lib/python3.12/site-packages/airflow/example_dags/example_bash_operator.py
[2024-07-13T01:35:06.216+0000] {logging_mixin.py:188} INFO - [2024-07-13T01:35:06.216+0000] {dag.py:3096} INFO - Sync 1 DAGs
[2024-07-13T01:35:06.240+0000] {logging_mixin.py:188} INFO - [2024-07-13T01:35:06.240+0000] {dag.py:3954} INFO - Setting next_dagrun for example_bash_operator to 2024-07-12 00:00:00+00:00, run_after=2024-07-13 00:00:00+00:00
[2024-07-13T01:35:06.273+0000] {processor.py:183} INFO - Processing /home/airflow/.local/lib/python3.12/site-packages/airflow/example_dags/example_bash_operator.py took 0.120 seconds
[2024-07-13T01:35:37.103+0000] {processor.py:161} INFO - Started process (PID=626) to work on /home/airflow/.local/lib/python3.12/site-packages/airflow/example_dags/example_bash_operator.py
[2024-07-13T01:35:37.104+0000] {processor.py:830} INFO - Processing file /home/airflow/.local/lib/python3.12/site-packages/airflow/example_dags/example_bash_operator.py for tasks to queue
[2024-07-13T01:35:37.106+0000] {logging_mixin.py:188} INFO - [2024-07-13T01:35:37.106+0000] {dagbag.py:545} INFO - Filling up the DagBag from /home/airflow/.local/lib/python3.12/site-packages/airflow/example_dags/example_bash_operator.py
[2024-07-13T01:35:37.124+0000] {processor.py:840} INFO - DAG(s) 'example_bash_operator' retrieved from /home/airflow/.local/lib/python3.12/site-packages/airflow/example_dags/example_bash_operator.py
[2024-07-13T01:35:37.156+0000] {logging_mixin.py:188} INFO - [2024-07-13T01:35:37.156+0000] {dag.py:3096} INFO - Sync 1 DAGs
[2024-07-13T01:35:37.203+0000] {logging_mixin.py:188} INFO - [2024-07-13T01:35:37.203+0000] {dag.py:3954} INFO - Setting next_dagrun for example_bash_operator to 2024-07-12 00:00:00+00:00, run_after=2024-07-13 00:00:00+00:00
[2024-07-13T01:35:37.233+0000] {processor.py:183} INFO - Processing /home/airflow/.local/lib/python3.12/site-packages/airflow/example_dags/example_bash_operator.py took 0.136 seconds
[2024-07-13T01:36:07.286+0000] {processor.py:161} INFO - Started process (PID=686) to work on /home/airflow/.local/lib/python3.12/site-packages/airflow/example_dags/example_bash_operator.py
[2024-07-13T01:36:07.287+0000] {processor.py:830} INFO - Processing file /home/airflow/.local/lib/python3.12/site-packages/airflow/example_dags/example_bash_operator.py for tasks to queue
[2024-07-13T01:36:07.289+0000] {logging_mixin.py:188} INFO - [2024-07-13T01:36:07.289+0000] {dagbag.py:545} INFO - Filling up the DagBag from /home/airflow/.local/lib/python3.12/site-packages/airflow/example_dags/example_bash_operator.py
[2024-07-13T01:36:07.302+0000] {processor.py:840} INFO - DAG(s) 'example_bash_operator' retrieved from /home/airflow/.local/lib/python3.12/site-packages/airflow/example_dags/example_bash_operator.py
[2024-07-13T01:36:07.326+0000] {logging_mixin.py:188} INFO - [2024-07-13T01:36:07.326+0000] {dag.py:3096} INFO - Sync 1 DAGs
[2024-07-13T01:36:07.352+0000] {logging_mixin.py:188} INFO - [2024-07-13T01:36:07.352+0000] {dag.py:3954} INFO - Setting next_dagrun for example_bash_operator to 2024-07-12 00:00:00+00:00, run_after=2024-07-13 00:00:00+00:00
[2024-07-13T01:36:07.379+0000] {processor.py:183} INFO - Processing /home/airflow/.local/lib/python3.12/site-packages/airflow/example_dags/example_bash_operator.py took 0.101 seconds
[2024-07-13T01:36:37.736+0000] {processor.py:161} INFO - Started process (PID=748) to work on /home/airflow/.local/lib/python3.12/site-packages/airflow/example_dags/example_bash_operator.py
[2024-07-13T01:36:37.738+0000] {processor.py:830} INFO - Processing file /home/airflow/.local/lib/python3.12/site-packages/airflow/example_dags/example_bash_operator.py for tasks to queue
[2024-07-13T01:36:37.746+0000] {logging_mixin.py:188} INFO - [2024-07-13T01:36:37.745+0000] {dagbag.py:545} INFO - Filling up the DagBag from /home/airflow/.local/lib/python3.12/site-packages/airflow/example_dags/example_bash_operator.py
[2024-07-13T01:36:37.772+0000] {processor.py:840} INFO - DAG(s) 'example_bash_operator' retrieved from /home/airflow/.local/lib/python3.12/site-packages/airflow/example_dags/example_bash_operator.py
[2024-07-13T01:36:37.801+0000] {logging_mixin.py:188} INFO - [2024-07-13T01:36:37.801+0000] {dag.py:3096} INFO - Sync 1 DAGs
[2024-07-13T01:36:37.839+0000] {logging_mixin.py:188} INFO - [2024-07-13T01:36:37.839+0000] {dag.py:3954} INFO - Setting next_dagrun for example_bash_operator to 2024-07-12 00:00:00+00:00, run_after=2024-07-13 00:00:00+00:00
[2024-07-13T01:36:37.905+0000] {processor.py:183} INFO - Processing /home/airflow/.local/lib/python3.12/site-packages/airflow/example_dags/example_bash_operator.py took 0.174 seconds
[2024-07-13T01:37:07.958+0000] {processor.py:161} INFO - Started process (PID=809) to work on /home/airflow/.local/lib/python3.12/site-packages/airflow/example_dags/example_bash_operator.py
[2024-07-13T01:37:07.959+0000] {processor.py:830} INFO - Processing file /home/airflow/.local/lib/python3.12/site-packages/airflow/example_dags/example_bash_operator.py for tasks to queue
[2024-07-13T01:37:07.961+0000] {logging_mixin.py:188} INFO - [2024-07-13T01:37:07.961+0000] {dagbag.py:545} INFO - Filling up the DagBag from /home/airflow/.local/lib/python3.12/site-packages/airflow/example_dags/example_bash_operator.py
[2024-07-13T01:37:07.984+0000] {processor.py:840} INFO - DAG(s) 'example_bash_operator' retrieved from /home/airflow/.local/lib/python3.12/site-packages/airflow/example_dags/example_bash_operator.py
[2024-07-13T01:37:08.049+0000] {logging_mixin.py:188} INFO - [2024-07-13T01:37:08.048+0000] {dag.py:3096} INFO - Sync 1 DAGs
[2024-07-13T01:37:08.087+0000] {logging_mixin.py:188} INFO - [2024-07-13T01:37:08.086+0000] {dag.py:3954} INFO - Setting next_dagrun for example_bash_operator to 2024-07-12 00:00:00+00:00, run_after=2024-07-13 00:00:00+00:00
[2024-07-13T01:37:08.122+0000] {processor.py:183} INFO - Processing /home/airflow/.local/lib/python3.12/site-packages/airflow/example_dags/example_bash_operator.py took 0.171 seconds
[2024-07-13T01:37:38.467+0000] {processor.py:161} INFO - Started process (PID=870) to work on /home/airflow/.local/lib/python3.12/site-packages/airflow/example_dags/example_bash_operator.py
[2024-07-13T01:37:38.468+0000] {processor.py:830} INFO - Processing file /home/airflow/.local/lib/python3.12/site-packages/airflow/example_dags/example_bash_operator.py for tasks to queue
[2024-07-13T01:37:38.469+0000] {logging_mixin.py:188} INFO - [2024-07-13T01:37:38.469+0000] {dagbag.py:545} INFO - Filling up the DagBag from /home/airflow/.local/lib/python3.12/site-packages/airflow/example_dags/example_bash_operator.py
[2024-07-13T01:37:38.483+0000] {processor.py:840} INFO - DAG(s) 'example_bash_operator' retrieved from /home/airflow/.local/lib/python3.12/site-packages/airflow/example_dags/example_bash_operator.py
[2024-07-13T01:37:38.518+0000] {logging_mixin.py:188} INFO - [2024-07-13T01:37:38.518+0000] {dag.py:3096} INFO - Sync 1 DAGs
[2024-07-13T01:37:38.548+0000] {logging_mixin.py:188} INFO - [2024-07-13T01:37:38.548+0000] {dag.py:3954} INFO - Setting next_dagrun for example_bash_operator to 2024-07-12 00:00:00+00:00, run_after=2024-07-13 00:00:00+00:00
[2024-07-13T01:37:38.576+0000] {processor.py:183} INFO - Processing /home/airflow/.local/lib/python3.12/site-packages/airflow/example_dags/example_bash_operator.py took 0.116 seconds
[2024-07-13T01:38:08.802+0000] {processor.py:161} INFO - Started process (PID=931) to work on /home/airflow/.local/lib/python3.12/site-packages/airflow/example_dags/example_bash_operator.py
[2024-07-13T01:38:08.803+0000] {processor.py:830} INFO - Processing file /home/airflow/.local/lib/python3.12/site-packages/airflow/example_dags/example_bash_operator.py for tasks to queue
[2024-07-13T01:38:08.804+0000] {logging_mixin.py:188} INFO - [2024-07-13T01:38:08.804+0000] {dagbag.py:545} INFO - Filling up the DagBag from /home/airflow/.local/lib/python3.12/site-packages/airflow/example_dags/example_bash_operator.py
[2024-07-13T01:38:08.813+0000] {processor.py:840} INFO - DAG(s) 'example_bash_operator' retrieved from /home/airflow/.local/lib/python3.12/site-packages/airflow/example_dags/example_bash_operator.py
[2024-07-13T01:38:08.833+0000] {logging_mixin.py:188} INFO - [2024-07-13T01:38:08.833+0000] {dag.py:3096} INFO - Sync 1 DAGs
[2024-07-13T01:38:09.001+0000] {logging_mixin.py:188} INFO - [2024-07-13T01:38:09.000+0000] {dag.py:3954} INFO - Setting next_dagrun for example_bash_operator to 2024-07-12 00:00:00+00:00, run_after=2024-07-13 00:00:00+00:00
[2024-07-13T01:38:09.024+0000] {processor.py:183} INFO - Processing /home/airflow/.local/lib/python3.12/site-packages/airflow/example_dags/example_bash_operator.py took 0.227 seconds
[2024-07-13T01:38:39.711+0000] {processor.py:161} INFO - Started process (PID=992) to work on /home/airflow/.local/lib/python3.12/site-packages/airflow/example_dags/example_bash_operator.py
[2024-07-13T01:38:39.712+0000] {processor.py:830} INFO - Processing file /home/airflow/.local/lib/python3.12/site-packages/airflow/example_dags/example_bash_operator.py for tasks to queue
[2024-07-13T01:38:39.713+0000] {logging_mixin.py:188} INFO - [2024-07-13T01:38:39.713+0000] {dagbag.py:545} INFO - Filling up the DagBag from /home/airflow/.local/lib/python3.12/site-packages/airflow/example_dags/example_bash_operator.py
[2024-07-13T01:38:39.726+0000] {processor.py:840} INFO - DAG(s) 'example_bash_operator' retrieved from /home/airflow/.local/lib/python3.12/site-packages/airflow/example_dags/example_bash_operator.py
[2024-07-13T01:38:39.758+0000] {logging_mixin.py:188} INFO - [2024-07-13T01:38:39.757+0000] {dag.py:3096} INFO - Sync 1 DAGs
[2024-07-13T01:38:39.947+0000] {logging_mixin.py:188} INFO - [2024-07-13T01:38:39.947+0000] {dag.py:3954} INFO - Setting next_dagrun for example_bash_operator to 2024-07-12 00:00:00+00:00, run_after=2024-07-13 00:00:00+00:00
[2024-07-13T01:38:39.971+0000] {processor.py:183} INFO - Processing /home/airflow/.local/lib/python3.12/site-packages/airflow/example_dags/example_bash_operator.py took 0.267 seconds
[2024-07-13T01:39:10.043+0000] {processor.py:161} INFO - Started process (PID=1051) to work on /home/airflow/.local/lib/python3.12/site-packages/airflow/example_dags/example_bash_operator.py
[2024-07-13T01:39:10.044+0000] {processor.py:830} INFO - Processing file /home/airflow/.local/lib/python3.12/site-packages/airflow/example_dags/example_bash_operator.py for tasks to queue
[2024-07-13T01:39:10.045+0000] {logging_mixin.py:188} INFO - [2024-07-13T01:39:10.045+0000] {dagbag.py:545} INFO - Filling up the DagBag from /home/airflow/.local/lib/python3.12/site-packages/airflow/example_dags/example_bash_operator.py
[2024-07-13T01:39:10.054+0000] {processor.py:840} INFO - DAG(s) 'example_bash_operator' retrieved from /home/airflow/.local/lib/python3.12/site-packages/airflow/example_dags/example_bash_operator.py
[2024-07-13T01:39:10.074+0000] {logging_mixin.py:188} INFO - [2024-07-13T01:39:10.074+0000] {dag.py:3096} INFO - Sync 1 DAGs
[2024-07-13T01:39:10.095+0000] {logging_mixin.py:188} INFO - [2024-07-13T01:39:10.095+0000] {dag.py:3954} INFO - Setting next_dagrun for example_bash_operator to 2024-07-12 00:00:00+00:00, run_after=2024-07-13 00:00:00+00:00
[2024-07-13T01:39:10.243+0000] {processor.py:183} INFO - Processing /home/airflow/.local/lib/python3.12/site-packages/airflow/example_dags/example_bash_operator.py took 0.204 seconds
[2024-07-13T01:43:04.698+0000] {processor.py:161} INFO - Started process (PID=72) to work on /home/airflow/.local/lib/python3.12/site-packages/airflow/example_dags/example_bash_operator.py
[2024-07-13T01:43:04.700+0000] {processor.py:830} INFO - Processing file /home/airflow/.local/lib/python3.12/site-packages/airflow/example_dags/example_bash_operator.py for tasks to queue
[2024-07-13T01:43:04.702+0000] {logging_mixin.py:188} INFO - [2024-07-13T01:43:04.702+0000] {dagbag.py:545} INFO - Filling up the DagBag from /home/airflow/.local/lib/python3.12/site-packages/airflow/example_dags/example_bash_operator.py
[2024-07-13T01:43:04.718+0000] {processor.py:840} INFO - DAG(s) 'example_bash_operator' retrieved from /home/airflow/.local/lib/python3.12/site-packages/airflow/example_dags/example_bash_operator.py
[2024-07-13T01:43:04.849+0000] {logging_mixin.py:188} INFO - [2024-07-13T01:43:04.848+0000] {dag.py:3096} INFO - Sync 1 DAGs
[2024-07-13T01:43:04.872+0000] {logging_mixin.py:188} INFO - [2024-07-13T01:43:04.872+0000] {dag.py:3954} INFO - Setting next_dagrun for example_bash_operator to 2024-07-12 00:00:00+00:00, run_after=2024-07-13 00:00:00+00:00
[2024-07-13T01:43:04.902+0000] {processor.py:183} INFO - Processing /home/airflow/.local/lib/python3.12/site-packages/airflow/example_dags/example_bash_operator.py took 0.210 seconds
[2024-07-13T01:43:35.737+0000] {processor.py:161} INFO - Started process (PID=134) to work on /home/airflow/.local/lib/python3.12/site-packages/airflow/example_dags/example_bash_operator.py
[2024-07-13T01:43:35.741+0000] {processor.py:830} INFO - Processing file /home/airflow/.local/lib/python3.12/site-packages/airflow/example_dags/example_bash_operator.py for tasks to queue
[2024-07-13T01:43:35.743+0000] {logging_mixin.py:188} INFO - [2024-07-13T01:43:35.743+0000] {dagbag.py:545} INFO - Filling up the DagBag from /home/airflow/.local/lib/python3.12/site-packages/airflow/example_dags/example_bash_operator.py
[2024-07-13T01:43:35.755+0000] {processor.py:840} INFO - DAG(s) 'example_bash_operator' retrieved from /home/airflow/.local/lib/python3.12/site-packages/airflow/example_dags/example_bash_operator.py
[2024-07-13T01:43:35.781+0000] {logging_mixin.py:188} INFO - [2024-07-13T01:43:35.781+0000] {dag.py:3096} INFO - Sync 1 DAGs
[2024-07-13T01:43:35.803+0000] {logging_mixin.py:188} INFO - [2024-07-13T01:43:35.803+0000] {dag.py:3954} INFO - Setting next_dagrun for example_bash_operator to 2024-07-12 00:00:00+00:00, run_after=2024-07-13 00:00:00+00:00
[2024-07-13T01:43:35.827+0000] {processor.py:183} INFO - Processing /home/airflow/.local/lib/python3.12/site-packages/airflow/example_dags/example_bash_operator.py took 0.095 seconds
[2024-07-13T01:44:08.804+0000] {processor.py:161} INFO - Started process (PID=195) to work on /home/airflow/.local/lib/python3.12/site-packages/airflow/example_dags/example_bash_operator.py
[2024-07-13T01:44:08.805+0000] {processor.py:830} INFO - Processing file /home/airflow/.local/lib/python3.12/site-packages/airflow/example_dags/example_bash_operator.py for tasks to queue
[2024-07-13T01:44:08.811+0000] {logging_mixin.py:188} INFO - [2024-07-13T01:44:08.810+0000] {dagbag.py:545} INFO - Filling up the DagBag from /home/airflow/.local/lib/python3.12/site-packages/airflow/example_dags/example_bash_operator.py
[2024-07-13T01:44:08.855+0000] {processor.py:840} INFO - DAG(s) 'example_bash_operator' retrieved from /home/airflow/.local/lib/python3.12/site-packages/airflow/example_dags/example_bash_operator.py
[2024-07-13T01:44:08.919+0000] {logging_mixin.py:188} INFO - [2024-07-13T01:44:08.919+0000] {dag.py:3096} INFO - Sync 1 DAGs
[2024-07-13T01:44:08.972+0000] {logging_mixin.py:188} INFO - [2024-07-13T01:44:08.972+0000] {dag.py:3954} INFO - Setting next_dagrun for example_bash_operator to 2024-07-12 00:00:00+00:00, run_after=2024-07-13 00:00:00+00:00
[2024-07-13T01:44:09.011+0000] {processor.py:183} INFO - Processing /home/airflow/.local/lib/python3.12/site-packages/airflow/example_dags/example_bash_operator.py took 0.224 seconds
[2024-07-13T01:44:39.571+0000] {processor.py:161} INFO - Started process (PID=253) to work on /home/airflow/.local/lib/python3.12/site-packages/airflow/example_dags/example_bash_operator.py
[2024-07-13T01:44:39.578+0000] {processor.py:830} INFO - Processing file /home/airflow/.local/lib/python3.12/site-packages/airflow/example_dags/example_bash_operator.py for tasks to queue
[2024-07-13T01:44:39.579+0000] {logging_mixin.py:188} INFO - [2024-07-13T01:44:39.579+0000] {dagbag.py:545} INFO - Filling up the DagBag from /home/airflow/.local/lib/python3.12/site-packages/airflow/example_dags/example_bash_operator.py
[2024-07-13T01:44:39.598+0000] {processor.py:840} INFO - DAG(s) 'example_bash_operator' retrieved from /home/airflow/.local/lib/python3.12/site-packages/airflow/example_dags/example_bash_operator.py
[2024-07-13T01:44:39.707+0000] {logging_mixin.py:188} INFO - [2024-07-13T01:44:39.707+0000] {dag.py:3096} INFO - Sync 1 DAGs
[2024-07-13T01:44:39.772+0000] {logging_mixin.py:188} INFO - [2024-07-13T01:44:39.772+0000] {dag.py:3954} INFO - Setting next_dagrun for example_bash_operator to 2024-07-12 00:00:00+00:00, run_after=2024-07-13 00:00:00+00:00
[2024-07-13T01:44:39.831+0000] {processor.py:183} INFO - Processing /home/airflow/.local/lib/python3.12/site-packages/airflow/example_dags/example_bash_operator.py took 0.274 seconds
[2024-07-13T01:45:09.925+0000] {processor.py:161} INFO - Started process (PID=314) to work on /home/airflow/.local/lib/python3.12/site-packages/airflow/example_dags/example_bash_operator.py
[2024-07-13T01:45:09.926+0000] {processor.py:830} INFO - Processing file /home/airflow/.local/lib/python3.12/site-packages/airflow/example_dags/example_bash_operator.py for tasks to queue
[2024-07-13T01:45:09.927+0000] {logging_mixin.py:188} INFO - [2024-07-13T01:45:09.927+0000] {dagbag.py:545} INFO - Filling up the DagBag from /home/airflow/.local/lib/python3.12/site-packages/airflow/example_dags/example_bash_operator.py
[2024-07-13T01:45:09.935+0000] {processor.py:840} INFO - DAG(s) 'example_bash_operator' retrieved from /home/airflow/.local/lib/python3.12/site-packages/airflow/example_dags/example_bash_operator.py
[2024-07-13T01:45:09.958+0000] {logging_mixin.py:188} INFO - [2024-07-13T01:45:09.958+0000] {dag.py:3096} INFO - Sync 1 DAGs
[2024-07-13T01:45:09.978+0000] {logging_mixin.py:188} INFO - [2024-07-13T01:45:09.977+0000] {dag.py:3954} INFO - Setting next_dagrun for example_bash_operator to 2024-07-12 00:00:00+00:00, run_after=2024-07-13 00:00:00+00:00
[2024-07-13T01:45:10.001+0000] {processor.py:183} INFO - Processing /home/airflow/.local/lib/python3.12/site-packages/airflow/example_dags/example_bash_operator.py took 0.080 seconds
[2024-07-13T01:45:40.671+0000] {processor.py:161} INFO - Started process (PID=375) to work on /home/airflow/.local/lib/python3.12/site-packages/airflow/example_dags/example_bash_operator.py
[2024-07-13T01:45:40.672+0000] {processor.py:830} INFO - Processing file /home/airflow/.local/lib/python3.12/site-packages/airflow/example_dags/example_bash_operator.py for tasks to queue
[2024-07-13T01:45:40.674+0000] {logging_mixin.py:188} INFO - [2024-07-13T01:45:40.673+0000] {dagbag.py:545} INFO - Filling up the DagBag from /home/airflow/.local/lib/python3.12/site-packages/airflow/example_dags/example_bash_operator.py
[2024-07-13T01:45:40.687+0000] {processor.py:840} INFO - DAG(s) 'example_bash_operator' retrieved from /home/airflow/.local/lib/python3.12/site-packages/airflow/example_dags/example_bash_operator.py
[2024-07-13T01:45:40.728+0000] {logging_mixin.py:188} INFO - [2024-07-13T01:45:40.727+0000] {dag.py:3096} INFO - Sync 1 DAGs
[2024-07-13T01:45:40.750+0000] {logging_mixin.py:188} INFO - [2024-07-13T01:45:40.749+0000] {dag.py:3954} INFO - Setting next_dagrun for example_bash_operator to 2024-07-12 00:00:00+00:00, run_after=2024-07-13 00:00:00+00:00
[2024-07-13T01:45:40.785+0000] {processor.py:183} INFO - Processing /home/airflow/.local/lib/python3.12/site-packages/airflow/example_dags/example_bash_operator.py took 0.120 seconds
[2024-07-13T01:46:11.315+0000] {processor.py:161} INFO - Started process (PID=436) to work on /home/airflow/.local/lib/python3.12/site-packages/airflow/example_dags/example_bash_operator.py
[2024-07-13T01:46:11.316+0000] {processor.py:830} INFO - Processing file /home/airflow/.local/lib/python3.12/site-packages/airflow/example_dags/example_bash_operator.py for tasks to queue
[2024-07-13T01:46:11.317+0000] {logging_mixin.py:188} INFO - [2024-07-13T01:46:11.317+0000] {dagbag.py:545} INFO - Filling up the DagBag from /home/airflow/.local/lib/python3.12/site-packages/airflow/example_dags/example_bash_operator.py
[2024-07-13T01:46:11.329+0000] {processor.py:840} INFO - DAG(s) 'example_bash_operator' retrieved from /home/airflow/.local/lib/python3.12/site-packages/airflow/example_dags/example_bash_operator.py
[2024-07-13T01:46:11.358+0000] {logging_mixin.py:188} INFO - [2024-07-13T01:46:11.358+0000] {dag.py:3096} INFO - Sync 1 DAGs
[2024-07-13T01:46:11.381+0000] {logging_mixin.py:188} INFO - [2024-07-13T01:46:11.381+0000] {dag.py:3954} INFO - Setting next_dagrun for example_bash_operator to 2024-07-12 00:00:00+00:00, run_after=2024-07-13 00:00:00+00:00
[2024-07-13T01:46:11.528+0000] {processor.py:183} INFO - Processing /home/airflow/.local/lib/python3.12/site-packages/airflow/example_dags/example_bash_operator.py took 0.219 seconds
[2024-07-13T01:46:41.614+0000] {processor.py:161} INFO - Started process (PID=497) to work on /home/airflow/.local/lib/python3.12/site-packages/airflow/example_dags/example_bash_operator.py
[2024-07-13T01:46:41.615+0000] {processor.py:830} INFO - Processing file /home/airflow/.local/lib/python3.12/site-packages/airflow/example_dags/example_bash_operator.py for tasks to queue
[2024-07-13T01:46:41.616+0000] {logging_mixin.py:188} INFO - [2024-07-13T01:46:41.616+0000] {dagbag.py:545} INFO - Filling up the DagBag from /home/airflow/.local/lib/python3.12/site-packages/airflow/example_dags/example_bash_operator.py
[2024-07-13T01:46:41.625+0000] {processor.py:840} INFO - DAG(s) 'example_bash_operator' retrieved from /home/airflow/.local/lib/python3.12/site-packages/airflow/example_dags/example_bash_operator.py
[2024-07-13T01:46:41.646+0000] {logging_mixin.py:188} INFO - [2024-07-13T01:46:41.646+0000] {dag.py:3096} INFO - Sync 1 DAGs
[2024-07-13T01:46:41.663+0000] {logging_mixin.py:188} INFO - [2024-07-13T01:46:41.663+0000] {dag.py:3954} INFO - Setting next_dagrun for example_bash_operator to 2024-07-12 00:00:00+00:00, run_after=2024-07-13 00:00:00+00:00
[2024-07-13T01:46:41.686+0000] {processor.py:183} INFO - Processing /home/airflow/.local/lib/python3.12/site-packages/airflow/example_dags/example_bash_operator.py took 0.076 seconds
[2024-07-13T01:47:12.317+0000] {processor.py:161} INFO - Started process (PID=558) to work on /home/airflow/.local/lib/python3.12/site-packages/airflow/example_dags/example_bash_operator.py
[2024-07-13T01:47:12.319+0000] {processor.py:830} INFO - Processing file /home/airflow/.local/lib/python3.12/site-packages/airflow/example_dags/example_bash_operator.py for tasks to queue
[2024-07-13T01:47:12.321+0000] {logging_mixin.py:188} INFO - [2024-07-13T01:47:12.321+0000] {dagbag.py:545} INFO - Filling up the DagBag from /home/airflow/.local/lib/python3.12/site-packages/airflow/example_dags/example_bash_operator.py
[2024-07-13T01:47:12.335+0000] {processor.py:840} INFO - DAG(s) 'example_bash_operator' retrieved from /home/airflow/.local/lib/python3.12/site-packages/airflow/example_dags/example_bash_operator.py
[2024-07-13T01:47:12.368+0000] {logging_mixin.py:188} INFO - [2024-07-13T01:47:12.368+0000] {dag.py:3096} INFO - Sync 1 DAGs
[2024-07-13T01:47:12.392+0000] {logging_mixin.py:188} INFO - [2024-07-13T01:47:12.392+0000] {dag.py:3954} INFO - Setting next_dagrun for example_bash_operator to 2024-07-12 00:00:00+00:00, run_after=2024-07-13 00:00:00+00:00
[2024-07-13T01:47:12.414+0000] {processor.py:183} INFO - Processing /home/airflow/.local/lib/python3.12/site-packages/airflow/example_dags/example_bash_operator.py took 0.105 seconds
[2024-07-13T01:47:42.553+0000] {processor.py:161} INFO - Started process (PID=620) to work on /home/airflow/.local/lib/python3.12/site-packages/airflow/example_dags/example_bash_operator.py
[2024-07-13T01:47:42.563+0000] {processor.py:830} INFO - Processing file /home/airflow/.local/lib/python3.12/site-packages/airflow/example_dags/example_bash_operator.py for tasks to queue
[2024-07-13T01:47:42.564+0000] {logging_mixin.py:188} INFO - [2024-07-13T01:47:42.564+0000] {dagbag.py:545} INFO - Filling up the DagBag from /home/airflow/.local/lib/python3.12/site-packages/airflow/example_dags/example_bash_operator.py
[2024-07-13T01:47:42.593+0000] {processor.py:840} INFO - DAG(s) 'example_bash_operator' retrieved from /home/airflow/.local/lib/python3.12/site-packages/airflow/example_dags/example_bash_operator.py
[2024-07-13T01:47:42.635+0000] {logging_mixin.py:188} INFO - [2024-07-13T01:47:42.635+0000] {dag.py:3096} INFO - Sync 1 DAGs
[2024-07-13T01:47:42.658+0000] {logging_mixin.py:188} INFO - [2024-07-13T01:47:42.658+0000] {dag.py:3954} INFO - Setting next_dagrun for example_bash_operator to 2024-07-12 00:00:00+00:00, run_after=2024-07-13 00:00:00+00:00
[2024-07-13T01:47:42.707+0000] {processor.py:183} INFO - Processing /home/airflow/.local/lib/python3.12/site-packages/airflow/example_dags/example_bash_operator.py took 0.162 seconds
[2024-07-13T01:48:13.491+0000] {processor.py:161} INFO - Started process (PID=681) to work on /home/airflow/.local/lib/python3.12/site-packages/airflow/example_dags/example_bash_operator.py
[2024-07-13T01:48:13.501+0000] {processor.py:830} INFO - Processing file /home/airflow/.local/lib/python3.12/site-packages/airflow/example_dags/example_bash_operator.py for tasks to queue
[2024-07-13T01:48:13.506+0000] {logging_mixin.py:188} INFO - [2024-07-13T01:48:13.505+0000] {dagbag.py:545} INFO - Filling up the DagBag from /home/airflow/.local/lib/python3.12/site-packages/airflow/example_dags/example_bash_operator.py
[2024-07-13T01:48:13.559+0000] {processor.py:840} INFO - DAG(s) 'example_bash_operator' retrieved from /home/airflow/.local/lib/python3.12/site-packages/airflow/example_dags/example_bash_operator.py
[2024-07-13T01:48:13.723+0000] {logging_mixin.py:188} INFO - [2024-07-13T01:48:13.723+0000] {dag.py:3096} INFO - Sync 1 DAGs
[2024-07-13T01:48:13.776+0000] {logging_mixin.py:188} INFO - [2024-07-13T01:48:13.775+0000] {dag.py:3954} INFO - Setting next_dagrun for example_bash_operator to 2024-07-12 00:00:00+00:00, run_after=2024-07-13 00:00:00+00:00
[2024-07-13T01:48:13.850+0000] {processor.py:183} INFO - Processing /home/airflow/.local/lib/python3.12/site-packages/airflow/example_dags/example_bash_operator.py took 0.385 seconds
[2024-07-13T01:48:44.044+0000] {processor.py:161} INFO - Started process (PID=742) to work on /home/airflow/.local/lib/python3.12/site-packages/airflow/example_dags/example_bash_operator.py
[2024-07-13T01:48:44.045+0000] {processor.py:830} INFO - Processing file /home/airflow/.local/lib/python3.12/site-packages/airflow/example_dags/example_bash_operator.py for tasks to queue
[2024-07-13T01:48:44.047+0000] {logging_mixin.py:188} INFO - [2024-07-13T01:48:44.046+0000] {dagbag.py:545} INFO - Filling up the DagBag from /home/airflow/.local/lib/python3.12/site-packages/airflow/example_dags/example_bash_operator.py
[2024-07-13T01:48:44.203+0000] {processor.py:840} INFO - DAG(s) 'example_bash_operator' retrieved from /home/airflow/.local/lib/python3.12/site-packages/airflow/example_dags/example_bash_operator.py
[2024-07-13T01:48:44.230+0000] {logging_mixin.py:188} INFO - [2024-07-13T01:48:44.230+0000] {dag.py:3096} INFO - Sync 1 DAGs
[2024-07-13T01:48:44.251+0000] {logging_mixin.py:188} INFO - [2024-07-13T01:48:44.251+0000] {dag.py:3954} INFO - Setting next_dagrun for example_bash_operator to 2024-07-12 00:00:00+00:00, run_after=2024-07-13 00:00:00+00:00
[2024-07-13T01:48:44.287+0000] {processor.py:183} INFO - Processing /home/airflow/.local/lib/python3.12/site-packages/airflow/example_dags/example_bash_operator.py took 0.248 seconds
[2024-07-13T01:49:14.531+0000] {processor.py:161} INFO - Started process (PID=803) to work on /home/airflow/.local/lib/python3.12/site-packages/airflow/example_dags/example_bash_operator.py
[2024-07-13T01:49:14.531+0000] {processor.py:830} INFO - Processing file /home/airflow/.local/lib/python3.12/site-packages/airflow/example_dags/example_bash_operator.py for tasks to queue
[2024-07-13T01:49:14.533+0000] {logging_mixin.py:188} INFO - [2024-07-13T01:49:14.533+0000] {dagbag.py:545} INFO - Filling up the DagBag from /home/airflow/.local/lib/python3.12/site-packages/airflow/example_dags/example_bash_operator.py
[2024-07-13T01:49:14.545+0000] {processor.py:840} INFO - DAG(s) 'example_bash_operator' retrieved from /home/airflow/.local/lib/python3.12/site-packages/airflow/example_dags/example_bash_operator.py
[2024-07-13T01:49:14.569+0000] {logging_mixin.py:188} INFO - [2024-07-13T01:49:14.568+0000] {dag.py:3096} INFO - Sync 1 DAGs
[2024-07-13T01:49:14.588+0000] {logging_mixin.py:188} INFO - [2024-07-13T01:49:14.587+0000] {dag.py:3954} INFO - Setting next_dagrun for example_bash_operator to 2024-07-12 00:00:00+00:00, run_after=2024-07-13 00:00:00+00:00
[2024-07-13T01:49:14.615+0000] {processor.py:183} INFO - Processing /home/airflow/.local/lib/python3.12/site-packages/airflow/example_dags/example_bash_operator.py took 0.093 seconds
[2024-07-13T01:49:44.656+0000] {processor.py:161} INFO - Started process (PID=862) to work on /home/airflow/.local/lib/python3.12/site-packages/airflow/example_dags/example_bash_operator.py
[2024-07-13T01:49:44.657+0000] {processor.py:830} INFO - Processing file /home/airflow/.local/lib/python3.12/site-packages/airflow/example_dags/example_bash_operator.py for tasks to queue
[2024-07-13T01:49:44.659+0000] {logging_mixin.py:188} INFO - [2024-07-13T01:49:44.659+0000] {dagbag.py:545} INFO - Filling up the DagBag from /home/airflow/.local/lib/python3.12/site-packages/airflow/example_dags/example_bash_operator.py
[2024-07-13T01:49:44.671+0000] {processor.py:840} INFO - DAG(s) 'example_bash_operator' retrieved from /home/airflow/.local/lib/python3.12/site-packages/airflow/example_dags/example_bash_operator.py
[2024-07-13T01:49:44.702+0000] {logging_mixin.py:188} INFO - [2024-07-13T01:49:44.701+0000] {dag.py:3096} INFO - Sync 1 DAGs
[2024-07-13T01:49:44.724+0000] {logging_mixin.py:188} INFO - [2024-07-13T01:49:44.724+0000] {dag.py:3954} INFO - Setting next_dagrun for example_bash_operator to 2024-07-12 00:00:00+00:00, run_after=2024-07-13 00:00:00+00:00
[2024-07-13T01:49:44.750+0000] {processor.py:183} INFO - Processing /home/airflow/.local/lib/python3.12/site-packages/airflow/example_dags/example_bash_operator.py took 0.100 seconds
[2024-07-13T01:50:15.268+0000] {processor.py:161} INFO - Started process (PID=922) to work on /home/airflow/.local/lib/python3.12/site-packages/airflow/example_dags/example_bash_operator.py
[2024-07-13T01:50:15.269+0000] {processor.py:830} INFO - Processing file /home/airflow/.local/lib/python3.12/site-packages/airflow/example_dags/example_bash_operator.py for tasks to queue
[2024-07-13T01:50:15.270+0000] {logging_mixin.py:188} INFO - [2024-07-13T01:50:15.270+0000] {dagbag.py:545} INFO - Filling up the DagBag from /home/airflow/.local/lib/python3.12/site-packages/airflow/example_dags/example_bash_operator.py
[2024-07-13T01:50:15.282+0000] {processor.py:840} INFO - DAG(s) 'example_bash_operator' retrieved from /home/airflow/.local/lib/python3.12/site-packages/airflow/example_dags/example_bash_operator.py
[2024-07-13T01:50:15.312+0000] {logging_mixin.py:188} INFO - [2024-07-13T01:50:15.311+0000] {dag.py:3096} INFO - Sync 1 DAGs
[2024-07-13T01:50:15.335+0000] {logging_mixin.py:188} INFO - [2024-07-13T01:50:15.335+0000] {dag.py:3954} INFO - Setting next_dagrun for example_bash_operator to 2024-07-12 00:00:00+00:00, run_after=2024-07-13 00:00:00+00:00
[2024-07-13T01:50:15.366+0000] {processor.py:183} INFO - Processing /home/airflow/.local/lib/python3.12/site-packages/airflow/example_dags/example_bash_operator.py took 0.104 seconds
[2024-07-13T01:50:45.460+0000] {processor.py:161} INFO - Started process (PID=982) to work on /home/airflow/.local/lib/python3.12/site-packages/airflow/example_dags/example_bash_operator.py
[2024-07-13T01:50:45.461+0000] {processor.py:830} INFO - Processing file /home/airflow/.local/lib/python3.12/site-packages/airflow/example_dags/example_bash_operator.py for tasks to queue
[2024-07-13T01:50:45.463+0000] {logging_mixin.py:188} INFO - [2024-07-13T01:50:45.462+0000] {dagbag.py:545} INFO - Filling up the DagBag from /home/airflow/.local/lib/python3.12/site-packages/airflow/example_dags/example_bash_operator.py
[2024-07-13T01:50:45.475+0000] {processor.py:840} INFO - DAG(s) 'example_bash_operator' retrieved from /home/airflow/.local/lib/python3.12/site-packages/airflow/example_dags/example_bash_operator.py
[2024-07-13T01:50:45.506+0000] {logging_mixin.py:188} INFO - [2024-07-13T01:50:45.506+0000] {dag.py:3096} INFO - Sync 1 DAGs
[2024-07-13T01:50:45.531+0000] {logging_mixin.py:188} INFO - [2024-07-13T01:50:45.531+0000] {dag.py:3954} INFO - Setting next_dagrun for example_bash_operator to 2024-07-12 00:00:00+00:00, run_after=2024-07-13 00:00:00+00:00
[2024-07-13T01:50:45.555+0000] {processor.py:183} INFO - Processing /home/airflow/.local/lib/python3.12/site-packages/airflow/example_dags/example_bash_operator.py took 0.100 seconds
[2024-07-13T01:51:16.041+0000] {processor.py:161} INFO - Started process (PID=1043) to work on /home/airflow/.local/lib/python3.12/site-packages/airflow/example_dags/example_bash_operator.py
[2024-07-13T01:51:16.041+0000] {processor.py:830} INFO - Processing file /home/airflow/.local/lib/python3.12/site-packages/airflow/example_dags/example_bash_operator.py for tasks to queue
[2024-07-13T01:51:16.043+0000] {logging_mixin.py:188} INFO - [2024-07-13T01:51:16.043+0000] {dagbag.py:545} INFO - Filling up the DagBag from /home/airflow/.local/lib/python3.12/site-packages/airflow/example_dags/example_bash_operator.py
[2024-07-13T01:51:16.055+0000] {processor.py:840} INFO - DAG(s) 'example_bash_operator' retrieved from /home/airflow/.local/lib/python3.12/site-packages/airflow/example_dags/example_bash_operator.py
[2024-07-13T01:51:16.088+0000] {logging_mixin.py:188} INFO - [2024-07-13T01:51:16.087+0000] {dag.py:3096} INFO - Sync 1 DAGs
[2024-07-13T01:51:16.116+0000] {logging_mixin.py:188} INFO - [2024-07-13T01:51:16.116+0000] {dag.py:3954} INFO - Setting next_dagrun for example_bash_operator to 2024-07-12 00:00:00+00:00, run_after=2024-07-13 00:00:00+00:00
[2024-07-13T01:51:16.142+0000] {processor.py:183} INFO - Processing /home/airflow/.local/lib/python3.12/site-packages/airflow/example_dags/example_bash_operator.py took 0.107 seconds
[2024-07-13T01:51:46.539+0000] {processor.py:161} INFO - Started process (PID=1105) to work on /home/airflow/.local/lib/python3.12/site-packages/airflow/example_dags/example_bash_operator.py
[2024-07-13T01:51:46.540+0000] {processor.py:830} INFO - Processing file /home/airflow/.local/lib/python3.12/site-packages/airflow/example_dags/example_bash_operator.py for tasks to queue
[2024-07-13T01:51:46.542+0000] {logging_mixin.py:188} INFO - [2024-07-13T01:51:46.542+0000] {dagbag.py:545} INFO - Filling up the DagBag from /home/airflow/.local/lib/python3.12/site-packages/airflow/example_dags/example_bash_operator.py
[2024-07-13T01:51:46.554+0000] {processor.py:840} INFO - DAG(s) 'example_bash_operator' retrieved from /home/airflow/.local/lib/python3.12/site-packages/airflow/example_dags/example_bash_operator.py
[2024-07-13T01:51:46.587+0000] {logging_mixin.py:188} INFO - [2024-07-13T01:51:46.587+0000] {dag.py:3096} INFO - Sync 1 DAGs
[2024-07-13T01:51:46.612+0000] {logging_mixin.py:188} INFO - [2024-07-13T01:51:46.612+0000] {dag.py:3954} INFO - Setting next_dagrun for example_bash_operator to 2024-07-12 00:00:00+00:00, run_after=2024-07-13 00:00:00+00:00
[2024-07-13T01:51:46.636+0000] {processor.py:183} INFO - Processing /home/airflow/.local/lib/python3.12/site-packages/airflow/example_dags/example_bash_operator.py took 0.102 seconds
[2024-07-13T01:52:16.907+0000] {processor.py:161} INFO - Started process (PID=1165) to work on /home/airflow/.local/lib/python3.12/site-packages/airflow/example_dags/example_bash_operator.py
[2024-07-13T01:52:16.911+0000] {processor.py:830} INFO - Processing file /home/airflow/.local/lib/python3.12/site-packages/airflow/example_dags/example_bash_operator.py for tasks to queue
[2024-07-13T01:52:16.918+0000] {logging_mixin.py:188} INFO - [2024-07-13T01:52:16.918+0000] {dagbag.py:545} INFO - Filling up the DagBag from /home/airflow/.local/lib/python3.12/site-packages/airflow/example_dags/example_bash_operator.py
[2024-07-13T01:52:16.973+0000] {processor.py:840} INFO - DAG(s) 'example_bash_operator' retrieved from /home/airflow/.local/lib/python3.12/site-packages/airflow/example_dags/example_bash_operator.py
[2024-07-13T01:52:17.063+0000] {logging_mixin.py:188} INFO - [2024-07-13T01:52:17.063+0000] {dag.py:3096} INFO - Sync 1 DAGs
[2024-07-13T01:52:17.155+0000] {logging_mixin.py:188} INFO - [2024-07-13T01:52:17.155+0000] {dag.py:3954} INFO - Setting next_dagrun for example_bash_operator to 2024-07-12 00:00:00+00:00, run_after=2024-07-13 00:00:00+00:00
[2024-07-13T01:52:17.207+0000] {processor.py:183} INFO - Processing /home/airflow/.local/lib/python3.12/site-packages/airflow/example_dags/example_bash_operator.py took 0.324 seconds
[2024-07-13T01:52:48.249+0000] {processor.py:161} INFO - Started process (PID=1226) to work on /home/airflow/.local/lib/python3.12/site-packages/airflow/example_dags/example_bash_operator.py
[2024-07-13T01:52:48.253+0000] {processor.py:830} INFO - Processing file /home/airflow/.local/lib/python3.12/site-packages/airflow/example_dags/example_bash_operator.py for tasks to queue
[2024-07-13T01:52:48.255+0000] {logging_mixin.py:188} INFO - [2024-07-13T01:52:48.255+0000] {dagbag.py:545} INFO - Filling up the DagBag from /home/airflow/.local/lib/python3.12/site-packages/airflow/example_dags/example_bash_operator.py
[2024-07-13T01:52:48.293+0000] {processor.py:840} INFO - DAG(s) 'example_bash_operator' retrieved from /home/airflow/.local/lib/python3.12/site-packages/airflow/example_dags/example_bash_operator.py
[2024-07-13T01:52:48.352+0000] {logging_mixin.py:188} INFO - [2024-07-13T01:52:48.352+0000] {dag.py:3096} INFO - Sync 1 DAGs
[2024-07-13T01:52:48.436+0000] {logging_mixin.py:188} INFO - [2024-07-13T01:52:48.436+0000] {dag.py:3954} INFO - Setting next_dagrun for example_bash_operator to 2024-07-12 00:00:00+00:00, run_after=2024-07-13 00:00:00+00:00
[2024-07-13T01:52:48.519+0000] {processor.py:183} INFO - Processing /home/airflow/.local/lib/python3.12/site-packages/airflow/example_dags/example_bash_operator.py took 0.298 seconds
[2024-07-13T01:53:19.235+0000] {processor.py:161} INFO - Started process (PID=1293) to work on /home/airflow/.local/lib/python3.12/site-packages/airflow/example_dags/example_bash_operator.py
[2024-07-13T01:53:19.249+0000] {processor.py:830} INFO - Processing file /home/airflow/.local/lib/python3.12/site-packages/airflow/example_dags/example_bash_operator.py for tasks to queue
[2024-07-13T01:53:19.262+0000] {logging_mixin.py:188} INFO - [2024-07-13T01:53:19.261+0000] {dagbag.py:545} INFO - Filling up the DagBag from /home/airflow/.local/lib/python3.12/site-packages/airflow/example_dags/example_bash_operator.py
[2024-07-13T01:53:19.287+0000] {processor.py:840} INFO - DAG(s) 'example_bash_operator' retrieved from /home/airflow/.local/lib/python3.12/site-packages/airflow/example_dags/example_bash_operator.py
[2024-07-13T01:53:19.368+0000] {logging_mixin.py:188} INFO - [2024-07-13T01:53:19.367+0000] {dag.py:3096} INFO - Sync 1 DAGs
[2024-07-13T01:53:19.420+0000] {logging_mixin.py:188} INFO - [2024-07-13T01:53:19.420+0000] {dag.py:3954} INFO - Setting next_dagrun for example_bash_operator to 2024-07-12 00:00:00+00:00, run_after=2024-07-13 00:00:00+00:00
[2024-07-13T01:53:19.458+0000] {processor.py:183} INFO - Processing /home/airflow/.local/lib/python3.12/site-packages/airflow/example_dags/example_bash_operator.py took 0.241 seconds
[2024-07-13T01:53:49.765+0000] {processor.py:161} INFO - Started process (PID=1354) to work on /home/airflow/.local/lib/python3.12/site-packages/airflow/example_dags/example_bash_operator.py
[2024-07-13T01:53:49.766+0000] {processor.py:830} INFO - Processing file /home/airflow/.local/lib/python3.12/site-packages/airflow/example_dags/example_bash_operator.py for tasks to queue
[2024-07-13T01:53:49.768+0000] {logging_mixin.py:188} INFO - [2024-07-13T01:53:49.767+0000] {dagbag.py:545} INFO - Filling up the DagBag from /home/airflow/.local/lib/python3.12/site-packages/airflow/example_dags/example_bash_operator.py
[2024-07-13T01:53:49.780+0000] {processor.py:840} INFO - DAG(s) 'example_bash_operator' retrieved from /home/airflow/.local/lib/python3.12/site-packages/airflow/example_dags/example_bash_operator.py
[2024-07-13T01:53:49.822+0000] {logging_mixin.py:188} INFO - [2024-07-13T01:53:49.822+0000] {dag.py:3096} INFO - Sync 1 DAGs
[2024-07-13T01:53:49.850+0000] {logging_mixin.py:188} INFO - [2024-07-13T01:53:49.849+0000] {dag.py:3954} INFO - Setting next_dagrun for example_bash_operator to 2024-07-12 00:00:00+00:00, run_after=2024-07-13 00:00:00+00:00
[2024-07-13T01:53:49.872+0000] {processor.py:183} INFO - Processing /home/airflow/.local/lib/python3.12/site-packages/airflow/example_dags/example_bash_operator.py took 0.112 seconds
[2024-07-13T01:54:20.136+0000] {processor.py:161} INFO - Started process (PID=1417) to work on /home/airflow/.local/lib/python3.12/site-packages/airflow/example_dags/example_bash_operator.py
[2024-07-13T01:54:20.137+0000] {processor.py:830} INFO - Processing file /home/airflow/.local/lib/python3.12/site-packages/airflow/example_dags/example_bash_operator.py for tasks to queue
[2024-07-13T01:54:20.139+0000] {logging_mixin.py:188} INFO - [2024-07-13T01:54:20.138+0000] {dagbag.py:545} INFO - Filling up the DagBag from /home/airflow/.local/lib/python3.12/site-packages/airflow/example_dags/example_bash_operator.py
[2024-07-13T01:54:20.151+0000] {processor.py:840} INFO - DAG(s) 'example_bash_operator' retrieved from /home/airflow/.local/lib/python3.12/site-packages/airflow/example_dags/example_bash_operator.py
[2024-07-13T01:54:20.182+0000] {logging_mixin.py:188} INFO - [2024-07-13T01:54:20.182+0000] {dag.py:3096} INFO - Sync 1 DAGs
[2024-07-13T01:54:20.203+0000] {logging_mixin.py:188} INFO - [2024-07-13T01:54:20.203+0000] {dag.py:3954} INFO - Setting next_dagrun for example_bash_operator to 2024-07-12 00:00:00+00:00, run_after=2024-07-13 00:00:00+00:00
[2024-07-13T01:54:20.231+0000] {processor.py:183} INFO - Processing /home/airflow/.local/lib/python3.12/site-packages/airflow/example_dags/example_bash_operator.py took 0.100 seconds
[2024-07-13T01:54:50.332+0000] {processor.py:161} INFO - Started process (PID=1478) to work on /home/airflow/.local/lib/python3.12/site-packages/airflow/example_dags/example_bash_operator.py
[2024-07-13T01:54:50.333+0000] {processor.py:830} INFO - Processing file /home/airflow/.local/lib/python3.12/site-packages/airflow/example_dags/example_bash_operator.py for tasks to queue
[2024-07-13T01:54:50.334+0000] {logging_mixin.py:188} INFO - [2024-07-13T01:54:50.334+0000] {dagbag.py:545} INFO - Filling up the DagBag from /home/airflow/.local/lib/python3.12/site-packages/airflow/example_dags/example_bash_operator.py
[2024-07-13T01:54:50.346+0000] {processor.py:840} INFO - DAG(s) 'example_bash_operator' retrieved from /home/airflow/.local/lib/python3.12/site-packages/airflow/example_dags/example_bash_operator.py
[2024-07-13T01:54:50.443+0000] {logging_mixin.py:188} INFO - [2024-07-13T01:54:50.443+0000] {dag.py:3096} INFO - Sync 1 DAGs
[2024-07-13T01:54:50.486+0000] {logging_mixin.py:188} INFO - [2024-07-13T01:54:50.486+0000] {dag.py:3954} INFO - Setting next_dagrun for example_bash_operator to 2024-07-12 00:00:00+00:00, run_after=2024-07-13 00:00:00+00:00
[2024-07-13T01:54:50.515+0000] {processor.py:183} INFO - Processing /home/airflow/.local/lib/python3.12/site-packages/airflow/example_dags/example_bash_operator.py took 0.189 seconds
[2024-07-13T01:55:20.549+0000] {processor.py:161} INFO - Started process (PID=1540) to work on /home/airflow/.local/lib/python3.12/site-packages/airflow/example_dags/example_bash_operator.py
[2024-07-13T01:55:20.550+0000] {processor.py:830} INFO - Processing file /home/airflow/.local/lib/python3.12/site-packages/airflow/example_dags/example_bash_operator.py for tasks to queue
[2024-07-13T01:55:20.552+0000] {logging_mixin.py:188} INFO - [2024-07-13T01:55:20.551+0000] {dagbag.py:545} INFO - Filling up the DagBag from /home/airflow/.local/lib/python3.12/site-packages/airflow/example_dags/example_bash_operator.py
[2024-07-13T01:55:20.565+0000] {processor.py:840} INFO - DAG(s) 'example_bash_operator' retrieved from /home/airflow/.local/lib/python3.12/site-packages/airflow/example_dags/example_bash_operator.py
[2024-07-13T01:55:20.598+0000] {logging_mixin.py:188} INFO - [2024-07-13T01:55:20.598+0000] {dag.py:3096} INFO - Sync 1 DAGs
[2024-07-13T01:55:20.625+0000] {logging_mixin.py:188} INFO - [2024-07-13T01:55:20.625+0000] {dag.py:3954} INFO - Setting next_dagrun for example_bash_operator to 2024-07-12 00:00:00+00:00, run_after=2024-07-13 00:00:00+00:00
[2024-07-13T01:55:20.652+0000] {processor.py:183} INFO - Processing /home/airflow/.local/lib/python3.12/site-packages/airflow/example_dags/example_bash_operator.py took 0.109 seconds
[2024-07-13T01:55:51.274+0000] {processor.py:161} INFO - Started process (PID=1602) to work on /home/airflow/.local/lib/python3.12/site-packages/airflow/example_dags/example_bash_operator.py
[2024-07-13T01:55:51.275+0000] {processor.py:830} INFO - Processing file /home/airflow/.local/lib/python3.12/site-packages/airflow/example_dags/example_bash_operator.py for tasks to queue
[2024-07-13T01:55:51.279+0000] {logging_mixin.py:188} INFO - [2024-07-13T01:55:51.278+0000] {dagbag.py:545} INFO - Filling up the DagBag from /home/airflow/.local/lib/python3.12/site-packages/airflow/example_dags/example_bash_operator.py
[2024-07-13T01:55:51.295+0000] {processor.py:840} INFO - DAG(s) 'example_bash_operator' retrieved from /home/airflow/.local/lib/python3.12/site-packages/airflow/example_dags/example_bash_operator.py
[2024-07-13T01:55:51.329+0000] {logging_mixin.py:188} INFO - [2024-07-13T01:55:51.329+0000] {dag.py:3096} INFO - Sync 1 DAGs
[2024-07-13T01:55:51.351+0000] {logging_mixin.py:188} INFO - [2024-07-13T01:55:51.351+0000] {dag.py:3954} INFO - Setting next_dagrun for example_bash_operator to 2024-07-12 00:00:00+00:00, run_after=2024-07-13 00:00:00+00:00
[2024-07-13T01:55:51.376+0000] {processor.py:183} INFO - Processing /home/airflow/.local/lib/python3.12/site-packages/airflow/example_dags/example_bash_operator.py took 0.107 seconds
[2024-07-13T01:56:21.883+0000] {processor.py:161} INFO - Started process (PID=1664) to work on /home/airflow/.local/lib/python3.12/site-packages/airflow/example_dags/example_bash_operator.py
[2024-07-13T01:56:21.884+0000] {processor.py:830} INFO - Processing file /home/airflow/.local/lib/python3.12/site-packages/airflow/example_dags/example_bash_operator.py for tasks to queue
[2024-07-13T01:56:21.886+0000] {logging_mixin.py:188} INFO - [2024-07-13T01:56:21.885+0000] {dagbag.py:545} INFO - Filling up the DagBag from /home/airflow/.local/lib/python3.12/site-packages/airflow/example_dags/example_bash_operator.py
[2024-07-13T01:56:21.899+0000] {processor.py:840} INFO - DAG(s) 'example_bash_operator' retrieved from /home/airflow/.local/lib/python3.12/site-packages/airflow/example_dags/example_bash_operator.py
[2024-07-13T01:56:21.929+0000] {logging_mixin.py:188} INFO - [2024-07-13T01:56:21.929+0000] {dag.py:3096} INFO - Sync 1 DAGs
[2024-07-13T01:56:21.952+0000] {logging_mixin.py:188} INFO - [2024-07-13T01:56:21.952+0000] {dag.py:3954} INFO - Setting next_dagrun for example_bash_operator to 2024-07-12 00:00:00+00:00, run_after=2024-07-13 00:00:00+00:00
[2024-07-13T01:56:21.977+0000] {processor.py:183} INFO - Processing /home/airflow/.local/lib/python3.12/site-packages/airflow/example_dags/example_bash_operator.py took 0.100 seconds
[2024-07-13T02:00:46.761+0000] {processor.py:161} INFO - Started process (PID=72) to work on /home/airflow/.local/lib/python3.12/site-packages/airflow/example_dags/example_bash_operator.py
[2024-07-13T02:00:46.762+0000] {processor.py:830} INFO - Processing file /home/airflow/.local/lib/python3.12/site-packages/airflow/example_dags/example_bash_operator.py for tasks to queue
[2024-07-13T02:00:46.764+0000] {logging_mixin.py:188} INFO - [2024-07-13T02:00:46.764+0000] {dagbag.py:545} INFO - Filling up the DagBag from /home/airflow/.local/lib/python3.12/site-packages/airflow/example_dags/example_bash_operator.py
[2024-07-13T02:00:46.778+0000] {processor.py:840} INFO - DAG(s) 'example_bash_operator' retrieved from /home/airflow/.local/lib/python3.12/site-packages/airflow/example_dags/example_bash_operator.py
[2024-07-13T02:00:46.980+0000] {logging_mixin.py:188} INFO - [2024-07-13T02:00:46.980+0000] {dag.py:3096} INFO - Sync 1 DAGs
[2024-07-13T02:00:47.010+0000] {logging_mixin.py:188} INFO - [2024-07-13T02:00:47.010+0000] {dag.py:3954} INFO - Setting next_dagrun for example_bash_operator to 2024-07-12 00:00:00+00:00, run_after=2024-07-13 00:00:00+00:00
[2024-07-13T02:00:47.049+0000] {processor.py:183} INFO - Processing /home/airflow/.local/lib/python3.12/site-packages/airflow/example_dags/example_bash_operator.py took 0.294 seconds
[2024-07-13T02:01:17.676+0000] {processor.py:161} INFO - Started process (PID=133) to work on /home/airflow/.local/lib/python3.12/site-packages/airflow/example_dags/example_bash_operator.py
[2024-07-13T02:01:17.677+0000] {processor.py:830} INFO - Processing file /home/airflow/.local/lib/python3.12/site-packages/airflow/example_dags/example_bash_operator.py for tasks to queue
[2024-07-13T02:01:17.679+0000] {logging_mixin.py:188} INFO - [2024-07-13T02:01:17.678+0000] {dagbag.py:545} INFO - Filling up the DagBag from /home/airflow/.local/lib/python3.12/site-packages/airflow/example_dags/example_bash_operator.py
[2024-07-13T02:01:17.691+0000] {processor.py:840} INFO - DAG(s) 'example_bash_operator' retrieved from /home/airflow/.local/lib/python3.12/site-packages/airflow/example_dags/example_bash_operator.py
[2024-07-13T02:01:17.722+0000] {logging_mixin.py:188} INFO - [2024-07-13T02:01:17.722+0000] {dag.py:3096} INFO - Sync 1 DAGs
[2024-07-13T02:01:17.742+0000] {logging_mixin.py:188} INFO - [2024-07-13T02:01:17.742+0000] {dag.py:3954} INFO - Setting next_dagrun for example_bash_operator to 2024-07-12 00:00:00+00:00, run_after=2024-07-13 00:00:00+00:00
[2024-07-13T02:01:17.780+0000] {processor.py:183} INFO - Processing /home/airflow/.local/lib/python3.12/site-packages/airflow/example_dags/example_bash_operator.py took 0.110 seconds
[2024-07-13T02:01:49.054+0000] {processor.py:161} INFO - Started process (PID=194) to work on /home/airflow/.local/lib/python3.12/site-packages/airflow/example_dags/example_bash_operator.py
[2024-07-13T02:01:49.064+0000] {processor.py:830} INFO - Processing file /home/airflow/.local/lib/python3.12/site-packages/airflow/example_dags/example_bash_operator.py for tasks to queue
[2024-07-13T02:01:49.065+0000] {logging_mixin.py:188} INFO - [2024-07-13T02:01:49.065+0000] {dagbag.py:545} INFO - Filling up the DagBag from /home/airflow/.local/lib/python3.12/site-packages/airflow/example_dags/example_bash_operator.py
[2024-07-13T02:01:49.086+0000] {processor.py:840} INFO - DAG(s) 'example_bash_operator' retrieved from /home/airflow/.local/lib/python3.12/site-packages/airflow/example_dags/example_bash_operator.py
[2024-07-13T02:01:49.213+0000] {logging_mixin.py:188} INFO - [2024-07-13T02:01:49.213+0000] {dag.py:3096} INFO - Sync 1 DAGs
[2024-07-13T02:01:49.263+0000] {logging_mixin.py:188} INFO - [2024-07-13T02:01:49.263+0000] {dag.py:3954} INFO - Setting next_dagrun for example_bash_operator to 2024-07-12 00:00:00+00:00, run_after=2024-07-13 00:00:00+00:00
[2024-07-13T02:01:49.302+0000] {processor.py:183} INFO - Processing /home/airflow/.local/lib/python3.12/site-packages/airflow/example_dags/example_bash_operator.py took 0.256 seconds
[2024-07-13T02:02:20.325+0000] {processor.py:161} INFO - Started process (PID=256) to work on /home/airflow/.local/lib/python3.12/site-packages/airflow/example_dags/example_bash_operator.py
[2024-07-13T02:02:20.326+0000] {processor.py:830} INFO - Processing file /home/airflow/.local/lib/python3.12/site-packages/airflow/example_dags/example_bash_operator.py for tasks to queue
[2024-07-13T02:02:20.326+0000] {logging_mixin.py:188} INFO - [2024-07-13T02:02:20.326+0000] {dagbag.py:545} INFO - Filling up the DagBag from /home/airflow/.local/lib/python3.12/site-packages/airflow/example_dags/example_bash_operator.py
[2024-07-13T02:02:20.338+0000] {processor.py:840} INFO - DAG(s) 'example_bash_operator' retrieved from /home/airflow/.local/lib/python3.12/site-packages/airflow/example_dags/example_bash_operator.py
[2024-07-13T02:02:20.371+0000] {logging_mixin.py:188} INFO - [2024-07-13T02:02:20.371+0000] {dag.py:3096} INFO - Sync 1 DAGs
[2024-07-13T02:02:20.399+0000] {logging_mixin.py:188} INFO - [2024-07-13T02:02:20.398+0000] {dag.py:3954} INFO - Setting next_dagrun for example_bash_operator to 2024-07-12 00:00:00+00:00, run_after=2024-07-13 00:00:00+00:00
[2024-07-13T02:02:20.423+0000] {processor.py:183} INFO - Processing /home/airflow/.local/lib/python3.12/site-packages/airflow/example_dags/example_bash_operator.py took 0.104 seconds
[2024-07-13T02:02:50.860+0000] {processor.py:161} INFO - Started process (PID=318) to work on /home/airflow/.local/lib/python3.12/site-packages/airflow/example_dags/example_bash_operator.py
[2024-07-13T02:02:50.861+0000] {processor.py:830} INFO - Processing file /home/airflow/.local/lib/python3.12/site-packages/airflow/example_dags/example_bash_operator.py for tasks to queue
[2024-07-13T02:02:50.862+0000] {logging_mixin.py:188} INFO - [2024-07-13T02:02:50.862+0000] {dagbag.py:545} INFO - Filling up the DagBag from /home/airflow/.local/lib/python3.12/site-packages/airflow/example_dags/example_bash_operator.py
[2024-07-13T02:02:50.874+0000] {processor.py:840} INFO - DAG(s) 'example_bash_operator' retrieved from /home/airflow/.local/lib/python3.12/site-packages/airflow/example_dags/example_bash_operator.py
[2024-07-13T02:02:50.908+0000] {logging_mixin.py:188} INFO - [2024-07-13T02:02:50.907+0000] {dag.py:3096} INFO - Sync 1 DAGs
[2024-07-13T02:02:50.931+0000] {logging_mixin.py:188} INFO - [2024-07-13T02:02:50.931+0000] {dag.py:3954} INFO - Setting next_dagrun for example_bash_operator to 2024-07-12 00:00:00+00:00, run_after=2024-07-13 00:00:00+00:00
[2024-07-13T02:02:50.957+0000] {processor.py:183} INFO - Processing /home/airflow/.local/lib/python3.12/site-packages/airflow/example_dags/example_bash_operator.py took 0.103 seconds
[2024-07-13T02:03:21.336+0000] {processor.py:161} INFO - Started process (PID=379) to work on /home/airflow/.local/lib/python3.12/site-packages/airflow/example_dags/example_bash_operator.py
[2024-07-13T02:03:21.337+0000] {processor.py:830} INFO - Processing file /home/airflow/.local/lib/python3.12/site-packages/airflow/example_dags/example_bash_operator.py for tasks to queue
[2024-07-13T02:03:21.339+0000] {logging_mixin.py:188} INFO - [2024-07-13T02:03:21.338+0000] {dagbag.py:545} INFO - Filling up the DagBag from /home/airflow/.local/lib/python3.12/site-packages/airflow/example_dags/example_bash_operator.py
[2024-07-13T02:03:21.359+0000] {processor.py:840} INFO - DAG(s) 'example_bash_operator' retrieved from /home/airflow/.local/lib/python3.12/site-packages/airflow/example_dags/example_bash_operator.py
[2024-07-13T02:03:21.412+0000] {logging_mixin.py:188} INFO - [2024-07-13T02:03:21.412+0000] {dag.py:3096} INFO - Sync 1 DAGs
[2024-07-13T02:03:21.432+0000] {logging_mixin.py:188} INFO - [2024-07-13T02:03:21.432+0000] {dag.py:3954} INFO - Setting next_dagrun for example_bash_operator to 2024-07-12 00:00:00+00:00, run_after=2024-07-13 00:00:00+00:00
[2024-07-13T02:03:21.457+0000] {processor.py:183} INFO - Processing /home/airflow/.local/lib/python3.12/site-packages/airflow/example_dags/example_bash_operator.py took 0.132 seconds
[2024-07-13T02:03:51.964+0000] {processor.py:161} INFO - Started process (PID=440) to work on /home/airflow/.local/lib/python3.12/site-packages/airflow/example_dags/example_bash_operator.py
[2024-07-13T02:03:51.965+0000] {processor.py:830} INFO - Processing file /home/airflow/.local/lib/python3.12/site-packages/airflow/example_dags/example_bash_operator.py for tasks to queue
[2024-07-13T02:03:51.966+0000] {logging_mixin.py:188} INFO - [2024-07-13T02:03:51.966+0000] {dagbag.py:545} INFO - Filling up the DagBag from /home/airflow/.local/lib/python3.12/site-packages/airflow/example_dags/example_bash_operator.py
[2024-07-13T02:03:51.980+0000] {processor.py:840} INFO - DAG(s) 'example_bash_operator' retrieved from /home/airflow/.local/lib/python3.12/site-packages/airflow/example_dags/example_bash_operator.py
[2024-07-13T02:03:52.012+0000] {logging_mixin.py:188} INFO - [2024-07-13T02:03:52.012+0000] {dag.py:3096} INFO - Sync 1 DAGs
[2024-07-13T02:03:52.037+0000] {logging_mixin.py:188} INFO - [2024-07-13T02:03:52.037+0000] {dag.py:3954} INFO - Setting next_dagrun for example_bash_operator to 2024-07-12 00:00:00+00:00, run_after=2024-07-13 00:00:00+00:00
[2024-07-13T02:03:52.064+0000] {processor.py:183} INFO - Processing /home/airflow/.local/lib/python3.12/site-packages/airflow/example_dags/example_bash_operator.py took 0.106 seconds
[2024-07-13T02:04:22.166+0000] {processor.py:161} INFO - Started process (PID=503) to work on /home/airflow/.local/lib/python3.12/site-packages/airflow/example_dags/example_bash_operator.py
[2024-07-13T02:04:22.166+0000] {processor.py:830} INFO - Processing file /home/airflow/.local/lib/python3.12/site-packages/airflow/example_dags/example_bash_operator.py for tasks to queue
[2024-07-13T02:04:22.167+0000] {logging_mixin.py:188} INFO - [2024-07-13T02:04:22.167+0000] {dagbag.py:545} INFO - Filling up the DagBag from /home/airflow/.local/lib/python3.12/site-packages/airflow/example_dags/example_bash_operator.py
[2024-07-13T02:04:22.179+0000] {processor.py:840} INFO - DAG(s) 'example_bash_operator' retrieved from /home/airflow/.local/lib/python3.12/site-packages/airflow/example_dags/example_bash_operator.py
[2024-07-13T02:04:22.210+0000] {logging_mixin.py:188} INFO - [2024-07-13T02:04:22.209+0000] {dag.py:3096} INFO - Sync 1 DAGs
[2024-07-13T02:04:22.234+0000] {logging_mixin.py:188} INFO - [2024-07-13T02:04:22.234+0000] {dag.py:3954} INFO - Setting next_dagrun for example_bash_operator to 2024-07-12 00:00:00+00:00, run_after=2024-07-13 00:00:00+00:00
[2024-07-13T02:04:22.260+0000] {processor.py:183} INFO - Processing /home/airflow/.local/lib/python3.12/site-packages/airflow/example_dags/example_bash_operator.py took 0.101 seconds
[2024-07-13T02:04:53.250+0000] {processor.py:161} INFO - Started process (PID=564) to work on /home/airflow/.local/lib/python3.12/site-packages/airflow/example_dags/example_bash_operator.py
[2024-07-13T02:04:53.259+0000] {processor.py:830} INFO - Processing file /home/airflow/.local/lib/python3.12/site-packages/airflow/example_dags/example_bash_operator.py for tasks to queue
[2024-07-13T02:04:53.265+0000] {logging_mixin.py:188} INFO - [2024-07-13T02:04:53.264+0000] {dagbag.py:545} INFO - Filling up the DagBag from /home/airflow/.local/lib/python3.12/site-packages/airflow/example_dags/example_bash_operator.py
[2024-07-13T02:04:53.345+0000] {processor.py:840} INFO - DAG(s) 'example_bash_operator' retrieved from /home/airflow/.local/lib/python3.12/site-packages/airflow/example_dags/example_bash_operator.py
[2024-07-13T02:04:53.474+0000] {logging_mixin.py:188} INFO - [2024-07-13T02:04:53.474+0000] {dag.py:3096} INFO - Sync 1 DAGs
[2024-07-13T02:04:53.515+0000] {logging_mixin.py:188} INFO - [2024-07-13T02:04:53.515+0000] {dag.py:3954} INFO - Setting next_dagrun for example_bash_operator to 2024-07-12 00:00:00+00:00, run_after=2024-07-13 00:00:00+00:00
[2024-07-13T02:04:53.545+0000] {processor.py:183} INFO - Processing /home/airflow/.local/lib/python3.12/site-packages/airflow/example_dags/example_bash_operator.py took 0.302 seconds
[2024-07-13T02:05:23.785+0000] {processor.py:161} INFO - Started process (PID=622) to work on /home/airflow/.local/lib/python3.12/site-packages/airflow/example_dags/example_bash_operator.py
[2024-07-13T02:05:23.786+0000] {processor.py:830} INFO - Processing file /home/airflow/.local/lib/python3.12/site-packages/airflow/example_dags/example_bash_operator.py for tasks to queue
[2024-07-13T02:05:23.787+0000] {logging_mixin.py:188} INFO - [2024-07-13T02:05:23.786+0000] {dagbag.py:545} INFO - Filling up the DagBag from /home/airflow/.local/lib/python3.12/site-packages/airflow/example_dags/example_bash_operator.py
[2024-07-13T02:05:23.799+0000] {processor.py:840} INFO - DAG(s) 'example_bash_operator' retrieved from /home/airflow/.local/lib/python3.12/site-packages/airflow/example_dags/example_bash_operator.py
[2024-07-13T02:05:23.832+0000] {logging_mixin.py:188} INFO - [2024-07-13T02:05:23.832+0000] {dag.py:3096} INFO - Sync 1 DAGs
[2024-07-13T02:05:23.857+0000] {logging_mixin.py:188} INFO - [2024-07-13T02:05:23.856+0000] {dag.py:3954} INFO - Setting next_dagrun for example_bash_operator to 2024-07-12 00:00:00+00:00, run_after=2024-07-13 00:00:00+00:00
[2024-07-13T02:05:23.885+0000] {processor.py:183} INFO - Processing /home/airflow/.local/lib/python3.12/site-packages/airflow/example_dags/example_bash_operator.py took 0.106 seconds
[2024-07-13T02:05:54.333+0000] {processor.py:161} INFO - Started process (PID=683) to work on /home/airflow/.local/lib/python3.12/site-packages/airflow/example_dags/example_bash_operator.py
[2024-07-13T02:05:54.334+0000] {processor.py:830} INFO - Processing file /home/airflow/.local/lib/python3.12/site-packages/airflow/example_dags/example_bash_operator.py for tasks to queue
[2024-07-13T02:05:54.335+0000] {logging_mixin.py:188} INFO - [2024-07-13T02:05:54.335+0000] {dagbag.py:545} INFO - Filling up the DagBag from /home/airflow/.local/lib/python3.12/site-packages/airflow/example_dags/example_bash_operator.py
[2024-07-13T02:05:54.353+0000] {processor.py:840} INFO - DAG(s) 'example_bash_operator' retrieved from /home/airflow/.local/lib/python3.12/site-packages/airflow/example_dags/example_bash_operator.py
[2024-07-13T02:05:54.451+0000] {logging_mixin.py:188} INFO - [2024-07-13T02:05:54.451+0000] {dag.py:3096} INFO - Sync 1 DAGs
[2024-07-13T02:05:54.482+0000] {logging_mixin.py:188} INFO - [2024-07-13T02:05:54.482+0000] {dag.py:3954} INFO - Setting next_dagrun for example_bash_operator to 2024-07-12 00:00:00+00:00, run_after=2024-07-13 00:00:00+00:00
[2024-07-13T02:05:54.514+0000] {processor.py:183} INFO - Processing /home/airflow/.local/lib/python3.12/site-packages/airflow/example_dags/example_bash_operator.py took 0.188 seconds
[2024-07-13T02:06:28.419+0000] {processor.py:161} INFO - Started process (PID=744) to work on /home/airflow/.local/lib/python3.12/site-packages/airflow/example_dags/example_bash_operator.py
[2024-07-13T02:06:28.423+0000] {processor.py:830} INFO - Processing file /home/airflow/.local/lib/python3.12/site-packages/airflow/example_dags/example_bash_operator.py for tasks to queue
[2024-07-13T02:06:28.431+0000] {logging_mixin.py:188} INFO - [2024-07-13T02:06:28.430+0000] {dagbag.py:545} INFO - Filling up the DagBag from /home/airflow/.local/lib/python3.12/site-packages/airflow/example_dags/example_bash_operator.py
[2024-07-13T02:06:28.460+0000] {processor.py:840} INFO - DAG(s) 'example_bash_operator' retrieved from /home/airflow/.local/lib/python3.12/site-packages/airflow/example_dags/example_bash_operator.py
[2024-07-13T02:06:28.546+0000] {logging_mixin.py:188} INFO - [2024-07-13T02:06:28.545+0000] {dag.py:3096} INFO - Sync 1 DAGs
[2024-07-13T02:06:28.617+0000] {logging_mixin.py:188} INFO - [2024-07-13T02:06:28.617+0000] {dag.py:3954} INFO - Setting next_dagrun for example_bash_operator to 2024-07-12 00:00:00+00:00, run_after=2024-07-13 00:00:00+00:00
[2024-07-13T02:06:28.680+0000] {processor.py:183} INFO - Processing /home/airflow/.local/lib/python3.12/site-packages/airflow/example_dags/example_bash_operator.py took 0.298 seconds
[2024-07-13T02:06:59.152+0000] {processor.py:161} INFO - Started process (PID=805) to work on /home/airflow/.local/lib/python3.12/site-packages/airflow/example_dags/example_bash_operator.py
[2024-07-13T02:06:59.153+0000] {processor.py:830} INFO - Processing file /home/airflow/.local/lib/python3.12/site-packages/airflow/example_dags/example_bash_operator.py for tasks to queue
[2024-07-13T02:06:59.154+0000] {logging_mixin.py:188} INFO - [2024-07-13T02:06:59.153+0000] {dagbag.py:545} INFO - Filling up the DagBag from /home/airflow/.local/lib/python3.12/site-packages/airflow/example_dags/example_bash_operator.py
[2024-07-13T02:06:59.165+0000] {processor.py:840} INFO - DAG(s) 'example_bash_operator' retrieved from /home/airflow/.local/lib/python3.12/site-packages/airflow/example_dags/example_bash_operator.py
[2024-07-13T02:06:59.199+0000] {logging_mixin.py:188} INFO - [2024-07-13T02:06:59.199+0000] {dag.py:3096} INFO - Sync 1 DAGs
[2024-07-13T02:06:59.224+0000] {logging_mixin.py:188} INFO - [2024-07-13T02:06:59.223+0000] {dag.py:3954} INFO - Setting next_dagrun for example_bash_operator to 2024-07-12 00:00:00+00:00, run_after=2024-07-13 00:00:00+00:00
[2024-07-13T02:06:59.252+0000] {processor.py:183} INFO - Processing /home/airflow/.local/lib/python3.12/site-packages/airflow/example_dags/example_bash_operator.py took 0.105 seconds
[2024-07-13T02:07:29.498+0000] {processor.py:161} INFO - Started process (PID=867) to work on /home/airflow/.local/lib/python3.12/site-packages/airflow/example_dags/example_bash_operator.py
[2024-07-13T02:07:29.502+0000] {processor.py:830} INFO - Processing file /home/airflow/.local/lib/python3.12/site-packages/airflow/example_dags/example_bash_operator.py for tasks to queue
[2024-07-13T02:07:29.503+0000] {logging_mixin.py:188} INFO - [2024-07-13T02:07:29.503+0000] {dagbag.py:545} INFO - Filling up the DagBag from /home/airflow/.local/lib/python3.12/site-packages/airflow/example_dags/example_bash_operator.py
[2024-07-13T02:07:29.515+0000] {processor.py:840} INFO - DAG(s) 'example_bash_operator' retrieved from /home/airflow/.local/lib/python3.12/site-packages/airflow/example_dags/example_bash_operator.py
[2024-07-13T02:07:29.546+0000] {logging_mixin.py:188} INFO - [2024-07-13T02:07:29.545+0000] {dag.py:3096} INFO - Sync 1 DAGs
[2024-07-13T02:07:29.570+0000] {logging_mixin.py:188} INFO - [2024-07-13T02:07:29.570+0000] {dag.py:3954} INFO - Setting next_dagrun for example_bash_operator to 2024-07-12 00:00:00+00:00, run_after=2024-07-13 00:00:00+00:00
[2024-07-13T02:07:29.597+0000] {processor.py:183} INFO - Processing /home/airflow/.local/lib/python3.12/site-packages/airflow/example_dags/example_bash_operator.py took 0.112 seconds
[2024-07-13T02:07:59.931+0000] {processor.py:161} INFO - Started process (PID=928) to work on /home/airflow/.local/lib/python3.12/site-packages/airflow/example_dags/example_bash_operator.py
[2024-07-13T02:07:59.932+0000] {processor.py:830} INFO - Processing file /home/airflow/.local/lib/python3.12/site-packages/airflow/example_dags/example_bash_operator.py for tasks to queue
[2024-07-13T02:07:59.933+0000] {logging_mixin.py:188} INFO - [2024-07-13T02:07:59.932+0000] {dagbag.py:545} INFO - Filling up the DagBag from /home/airflow/.local/lib/python3.12/site-packages/airflow/example_dags/example_bash_operator.py
[2024-07-13T02:07:59.944+0000] {processor.py:840} INFO - DAG(s) 'example_bash_operator' retrieved from /home/airflow/.local/lib/python3.12/site-packages/airflow/example_dags/example_bash_operator.py
[2024-07-13T02:07:59.979+0000] {logging_mixin.py:188} INFO - [2024-07-13T02:07:59.979+0000] {dag.py:3096} INFO - Sync 1 DAGs
[2024-07-13T02:08:00.004+0000] {logging_mixin.py:188} INFO - [2024-07-13T02:08:00.004+0000] {dag.py:3954} INFO - Setting next_dagrun for example_bash_operator to 2024-07-12 00:00:00+00:00, run_after=2024-07-13 00:00:00+00:00
[2024-07-13T02:08:00.030+0000] {processor.py:183} INFO - Processing /home/airflow/.local/lib/python3.12/site-packages/airflow/example_dags/example_bash_operator.py took 0.105 seconds
[2024-07-13T02:08:30.784+0000] {processor.py:161} INFO - Started process (PID=996) to work on /home/airflow/.local/lib/python3.12/site-packages/airflow/example_dags/example_bash_operator.py
[2024-07-13T02:08:30.785+0000] {processor.py:830} INFO - Processing file /home/airflow/.local/lib/python3.12/site-packages/airflow/example_dags/example_bash_operator.py for tasks to queue
[2024-07-13T02:08:30.786+0000] {logging_mixin.py:188} INFO - [2024-07-13T02:08:30.786+0000] {dagbag.py:545} INFO - Filling up the DagBag from /home/airflow/.local/lib/python3.12/site-packages/airflow/example_dags/example_bash_operator.py
[2024-07-13T02:08:30.797+0000] {processor.py:840} INFO - DAG(s) 'example_bash_operator' retrieved from /home/airflow/.local/lib/python3.12/site-packages/airflow/example_dags/example_bash_operator.py
[2024-07-13T02:08:30.828+0000] {logging_mixin.py:188} INFO - [2024-07-13T02:08:30.828+0000] {dag.py:3096} INFO - Sync 1 DAGs
[2024-07-13T02:08:30.853+0000] {logging_mixin.py:188} INFO - [2024-07-13T02:08:30.853+0000] {dag.py:3954} INFO - Setting next_dagrun for example_bash_operator to 2024-07-12 00:00:00+00:00, run_after=2024-07-13 00:00:00+00:00
[2024-07-13T02:08:30.880+0000] {processor.py:183} INFO - Processing /home/airflow/.local/lib/python3.12/site-packages/airflow/example_dags/example_bash_operator.py took 0.102 seconds
[2024-07-13T02:09:01.695+0000] {processor.py:161} INFO - Started process (PID=1057) to work on /home/airflow/.local/lib/python3.12/site-packages/airflow/example_dags/example_bash_operator.py
[2024-07-13T02:09:01.696+0000] {processor.py:830} INFO - Processing file /home/airflow/.local/lib/python3.12/site-packages/airflow/example_dags/example_bash_operator.py for tasks to queue
[2024-07-13T02:09:01.711+0000] {logging_mixin.py:188} INFO - [2024-07-13T02:09:01.710+0000] {dagbag.py:545} INFO - Filling up the DagBag from /home/airflow/.local/lib/python3.12/site-packages/airflow/example_dags/example_bash_operator.py
[2024-07-13T02:09:01.753+0000] {processor.py:840} INFO - DAG(s) 'example_bash_operator' retrieved from /home/airflow/.local/lib/python3.12/site-packages/airflow/example_dags/example_bash_operator.py
[2024-07-13T02:09:01.834+0000] {logging_mixin.py:188} INFO - [2024-07-13T02:09:01.832+0000] {dag.py:3096} INFO - Sync 1 DAGs
[2024-07-13T02:09:01.868+0000] {logging_mixin.py:188} INFO - [2024-07-13T02:09:01.868+0000] {dag.py:3954} INFO - Setting next_dagrun for example_bash_operator to 2024-07-12 00:00:00+00:00, run_after=2024-07-13 00:00:00+00:00
[2024-07-13T02:09:01.899+0000] {processor.py:183} INFO - Processing /home/airflow/.local/lib/python3.12/site-packages/airflow/example_dags/example_bash_operator.py took 0.218 seconds
