[2024-07-13T01:30:54.335+0000] {processor.py:161} INFO - Started process (PID=69) to work on /home/airflow/.local/lib/python3.12/site-packages/airflow/example_dags/example_dynamic_task_mapping_with_no_taskflow_operators.py
[2024-07-13T01:30:54.336+0000] {processor.py:830} INFO - Processing file /home/airflow/.local/lib/python3.12/site-packages/airflow/example_dags/example_dynamic_task_mapping_with_no_taskflow_operators.py for tasks to queue
[2024-07-13T01:30:54.340+0000] {logging_mixin.py:188} INFO - [2024-07-13T01:30:54.339+0000] {dagbag.py:545} INFO - Filling up the DagBag from /home/airflow/.local/lib/python3.12/site-packages/airflow/example_dags/example_dynamic_task_mapping_with_no_taskflow_operators.py
[2024-07-13T01:30:54.348+0000] {processor.py:840} INFO - DAG(s) 'example_dynamic_task_mapping_with_no_taskflow_operators' retrieved from /home/airflow/.local/lib/python3.12/site-packages/airflow/example_dags/example_dynamic_task_mapping_with_no_taskflow_operators.py
[2024-07-13T01:30:54.548+0000] {logging_mixin.py:188} INFO - [2024-07-13T01:30:54.547+0000] {dag.py:3096} INFO - Sync 1 DAGs
[2024-07-13T01:30:54.568+0000] {logging_mixin.py:188} INFO - [2024-07-13T01:30:54.568+0000] {dag.py:3954} INFO - Setting next_dagrun for example_dynamic_task_mapping_with_no_taskflow_operators to 2024-07-12 00:00:00+00:00, run_after=2024-07-13 00:00:00+00:00
[2024-07-13T01:30:54.604+0000] {processor.py:183} INFO - Processing /home/airflow/.local/lib/python3.12/site-packages/airflow/example_dags/example_dynamic_task_mapping_with_no_taskflow_operators.py took 0.291 seconds
[2024-07-13T01:31:25.313+0000] {processor.py:161} INFO - Started process (PID=127) to work on /home/airflow/.local/lib/python3.12/site-packages/airflow/example_dags/example_dynamic_task_mapping_with_no_taskflow_operators.py
[2024-07-13T01:31:25.314+0000] {processor.py:830} INFO - Processing file /home/airflow/.local/lib/python3.12/site-packages/airflow/example_dags/example_dynamic_task_mapping_with_no_taskflow_operators.py for tasks to queue
[2024-07-13T01:31:25.315+0000] {logging_mixin.py:188} INFO - [2024-07-13T01:31:25.315+0000] {dagbag.py:545} INFO - Filling up the DagBag from /home/airflow/.local/lib/python3.12/site-packages/airflow/example_dags/example_dynamic_task_mapping_with_no_taskflow_operators.py
[2024-07-13T01:31:25.320+0000] {processor.py:840} INFO - DAG(s) 'example_dynamic_task_mapping_with_no_taskflow_operators' retrieved from /home/airflow/.local/lib/python3.12/site-packages/airflow/example_dags/example_dynamic_task_mapping_with_no_taskflow_operators.py
[2024-07-13T01:31:25.334+0000] {logging_mixin.py:188} INFO - [2024-07-13T01:31:25.334+0000] {dag.py:3096} INFO - Sync 1 DAGs
[2024-07-13T01:31:25.350+0000] {logging_mixin.py:188} INFO - [2024-07-13T01:31:25.350+0000] {dag.py:3954} INFO - Setting next_dagrun for example_dynamic_task_mapping_with_no_taskflow_operators to 2024-07-12 00:00:00+00:00, run_after=2024-07-13 00:00:00+00:00
[2024-07-13T01:31:25.372+0000] {processor.py:183} INFO - Processing /home/airflow/.local/lib/python3.12/site-packages/airflow/example_dags/example_dynamic_task_mapping_with_no_taskflow_operators.py took 0.063 seconds
[2024-07-13T01:31:55.446+0000] {processor.py:161} INFO - Started process (PID=188) to work on /home/airflow/.local/lib/python3.12/site-packages/airflow/example_dags/example_dynamic_task_mapping_with_no_taskflow_operators.py
[2024-07-13T01:31:55.447+0000] {processor.py:830} INFO - Processing file /home/airflow/.local/lib/python3.12/site-packages/airflow/example_dags/example_dynamic_task_mapping_with_no_taskflow_operators.py for tasks to queue
[2024-07-13T01:31:55.448+0000] {logging_mixin.py:188} INFO - [2024-07-13T01:31:55.448+0000] {dagbag.py:545} INFO - Filling up the DagBag from /home/airflow/.local/lib/python3.12/site-packages/airflow/example_dags/example_dynamic_task_mapping_with_no_taskflow_operators.py
[2024-07-13T01:31:55.454+0000] {processor.py:840} INFO - DAG(s) 'example_dynamic_task_mapping_with_no_taskflow_operators' retrieved from /home/airflow/.local/lib/python3.12/site-packages/airflow/example_dags/example_dynamic_task_mapping_with_no_taskflow_operators.py
[2024-07-13T01:31:55.468+0000] {logging_mixin.py:188} INFO - [2024-07-13T01:31:55.468+0000] {dag.py:3096} INFO - Sync 1 DAGs
[2024-07-13T01:31:55.485+0000] {logging_mixin.py:188} INFO - [2024-07-13T01:31:55.485+0000] {dag.py:3954} INFO - Setting next_dagrun for example_dynamic_task_mapping_with_no_taskflow_operators to 2024-07-12 00:00:00+00:00, run_after=2024-07-13 00:00:00+00:00
[2024-07-13T01:31:55.506+0000] {processor.py:183} INFO - Processing /home/airflow/.local/lib/python3.12/site-packages/airflow/example_dags/example_dynamic_task_mapping_with_no_taskflow_operators.py took 0.066 seconds
[2024-07-13T01:32:26.373+0000] {processor.py:161} INFO - Started process (PID=249) to work on /home/airflow/.local/lib/python3.12/site-packages/airflow/example_dags/example_dynamic_task_mapping_with_no_taskflow_operators.py
[2024-07-13T01:32:26.373+0000] {processor.py:830} INFO - Processing file /home/airflow/.local/lib/python3.12/site-packages/airflow/example_dags/example_dynamic_task_mapping_with_no_taskflow_operators.py for tasks to queue
[2024-07-13T01:32:26.375+0000] {logging_mixin.py:188} INFO - [2024-07-13T01:32:26.374+0000] {dagbag.py:545} INFO - Filling up the DagBag from /home/airflow/.local/lib/python3.12/site-packages/airflow/example_dags/example_dynamic_task_mapping_with_no_taskflow_operators.py
[2024-07-13T01:32:26.380+0000] {processor.py:840} INFO - DAG(s) 'example_dynamic_task_mapping_with_no_taskflow_operators' retrieved from /home/airflow/.local/lib/python3.12/site-packages/airflow/example_dags/example_dynamic_task_mapping_with_no_taskflow_operators.py
[2024-07-13T01:32:26.395+0000] {logging_mixin.py:188} INFO - [2024-07-13T01:32:26.394+0000] {dag.py:3096} INFO - Sync 1 DAGs
[2024-07-13T01:32:26.411+0000] {logging_mixin.py:188} INFO - [2024-07-13T01:32:26.411+0000] {dag.py:3954} INFO - Setting next_dagrun for example_dynamic_task_mapping_with_no_taskflow_operators to 2024-07-12 00:00:00+00:00, run_after=2024-07-13 00:00:00+00:00
[2024-07-13T01:32:26.431+0000] {processor.py:183} INFO - Processing /home/airflow/.local/lib/python3.12/site-packages/airflow/example_dags/example_dynamic_task_mapping_with_no_taskflow_operators.py took 0.064 seconds
[2024-07-13T01:32:56.720+0000] {processor.py:161} INFO - Started process (PID=310) to work on /home/airflow/.local/lib/python3.12/site-packages/airflow/example_dags/example_dynamic_task_mapping_with_no_taskflow_operators.py
[2024-07-13T01:32:56.721+0000] {processor.py:830} INFO - Processing file /home/airflow/.local/lib/python3.12/site-packages/airflow/example_dags/example_dynamic_task_mapping_with_no_taskflow_operators.py for tasks to queue
[2024-07-13T01:32:56.731+0000] {logging_mixin.py:188} INFO - [2024-07-13T01:32:56.730+0000] {dagbag.py:545} INFO - Filling up the DagBag from /home/airflow/.local/lib/python3.12/site-packages/airflow/example_dags/example_dynamic_task_mapping_with_no_taskflow_operators.py
[2024-07-13T01:32:56.737+0000] {processor.py:840} INFO - DAG(s) 'example_dynamic_task_mapping_with_no_taskflow_operators' retrieved from /home/airflow/.local/lib/python3.12/site-packages/airflow/example_dags/example_dynamic_task_mapping_with_no_taskflow_operators.py
[2024-07-13T01:32:56.766+0000] {logging_mixin.py:188} INFO - [2024-07-13T01:32:56.766+0000] {dag.py:3096} INFO - Sync 1 DAGs
[2024-07-13T01:32:56.804+0000] {logging_mixin.py:188} INFO - [2024-07-13T01:32:56.804+0000] {dag.py:3954} INFO - Setting next_dagrun for example_dynamic_task_mapping_with_no_taskflow_operators to 2024-07-12 00:00:00+00:00, run_after=2024-07-13 00:00:00+00:00
[2024-07-13T01:32:56.871+0000] {processor.py:183} INFO - Processing /home/airflow/.local/lib/python3.12/site-packages/airflow/example_dags/example_dynamic_task_mapping_with_no_taskflow_operators.py took 0.162 seconds
[2024-07-13T01:33:27.734+0000] {processor.py:161} INFO - Started process (PID=370) to work on /home/airflow/.local/lib/python3.12/site-packages/airflow/example_dags/example_dynamic_task_mapping_with_no_taskflow_operators.py
[2024-07-13T01:33:27.734+0000] {processor.py:830} INFO - Processing file /home/airflow/.local/lib/python3.12/site-packages/airflow/example_dags/example_dynamic_task_mapping_with_no_taskflow_operators.py for tasks to queue
[2024-07-13T01:33:27.736+0000] {logging_mixin.py:188} INFO - [2024-07-13T01:33:27.736+0000] {dagbag.py:545} INFO - Filling up the DagBag from /home/airflow/.local/lib/python3.12/site-packages/airflow/example_dags/example_dynamic_task_mapping_with_no_taskflow_operators.py
[2024-07-13T01:33:27.741+0000] {processor.py:840} INFO - DAG(s) 'example_dynamic_task_mapping_with_no_taskflow_operators' retrieved from /home/airflow/.local/lib/python3.12/site-packages/airflow/example_dags/example_dynamic_task_mapping_with_no_taskflow_operators.py
[2024-07-13T01:33:27.755+0000] {logging_mixin.py:188} INFO - [2024-07-13T01:33:27.755+0000] {dag.py:3096} INFO - Sync 1 DAGs
[2024-07-13T01:33:27.772+0000] {logging_mixin.py:188} INFO - [2024-07-13T01:33:27.772+0000] {dag.py:3954} INFO - Setting next_dagrun for example_dynamic_task_mapping_with_no_taskflow_operators to 2024-07-12 00:00:00+00:00, run_after=2024-07-13 00:00:00+00:00
[2024-07-13T01:33:27.798+0000] {processor.py:183} INFO - Processing /home/airflow/.local/lib/python3.12/site-packages/airflow/example_dags/example_dynamic_task_mapping_with_no_taskflow_operators.py took 0.068 seconds
[2024-07-13T01:33:58.108+0000] {processor.py:161} INFO - Started process (PID=432) to work on /home/airflow/.local/lib/python3.12/site-packages/airflow/example_dags/example_dynamic_task_mapping_with_no_taskflow_operators.py
[2024-07-13T01:33:58.109+0000] {processor.py:830} INFO - Processing file /home/airflow/.local/lib/python3.12/site-packages/airflow/example_dags/example_dynamic_task_mapping_with_no_taskflow_operators.py for tasks to queue
[2024-07-13T01:33:58.111+0000] {logging_mixin.py:188} INFO - [2024-07-13T01:33:58.110+0000] {dagbag.py:545} INFO - Filling up the DagBag from /home/airflow/.local/lib/python3.12/site-packages/airflow/example_dags/example_dynamic_task_mapping_with_no_taskflow_operators.py
[2024-07-13T01:33:58.116+0000] {processor.py:840} INFO - DAG(s) 'example_dynamic_task_mapping_with_no_taskflow_operators' retrieved from /home/airflow/.local/lib/python3.12/site-packages/airflow/example_dags/example_dynamic_task_mapping_with_no_taskflow_operators.py
[2024-07-13T01:33:58.130+0000] {logging_mixin.py:188} INFO - [2024-07-13T01:33:58.130+0000] {dag.py:3096} INFO - Sync 1 DAGs
[2024-07-13T01:33:58.146+0000] {logging_mixin.py:188} INFO - [2024-07-13T01:33:58.145+0000] {dag.py:3954} INFO - Setting next_dagrun for example_dynamic_task_mapping_with_no_taskflow_operators to 2024-07-12 00:00:00+00:00, run_after=2024-07-13 00:00:00+00:00
[2024-07-13T01:33:58.168+0000] {processor.py:183} INFO - Processing /home/airflow/.local/lib/python3.12/site-packages/airflow/example_dags/example_dynamic_task_mapping_with_no_taskflow_operators.py took 0.064 seconds
[2024-07-13T01:34:28.448+0000] {processor.py:161} INFO - Started process (PID=494) to work on /home/airflow/.local/lib/python3.12/site-packages/airflow/example_dags/example_dynamic_task_mapping_with_no_taskflow_operators.py
[2024-07-13T01:34:28.448+0000] {processor.py:830} INFO - Processing file /home/airflow/.local/lib/python3.12/site-packages/airflow/example_dags/example_dynamic_task_mapping_with_no_taskflow_operators.py for tasks to queue
[2024-07-13T01:34:28.450+0000] {logging_mixin.py:188} INFO - [2024-07-13T01:34:28.449+0000] {dagbag.py:545} INFO - Filling up the DagBag from /home/airflow/.local/lib/python3.12/site-packages/airflow/example_dags/example_dynamic_task_mapping_with_no_taskflow_operators.py
[2024-07-13T01:34:28.454+0000] {processor.py:840} INFO - DAG(s) 'example_dynamic_task_mapping_with_no_taskflow_operators' retrieved from /home/airflow/.local/lib/python3.12/site-packages/airflow/example_dags/example_dynamic_task_mapping_with_no_taskflow_operators.py
[2024-07-13T01:34:28.468+0000] {logging_mixin.py:188} INFO - [2024-07-13T01:34:28.468+0000] {dag.py:3096} INFO - Sync 1 DAGs
[2024-07-13T01:34:28.484+0000] {logging_mixin.py:188} INFO - [2024-07-13T01:34:28.484+0000] {dag.py:3954} INFO - Setting next_dagrun for example_dynamic_task_mapping_with_no_taskflow_operators to 2024-07-12 00:00:00+00:00, run_after=2024-07-13 00:00:00+00:00
[2024-07-13T01:34:28.504+0000] {processor.py:183} INFO - Processing /home/airflow/.local/lib/python3.12/site-packages/airflow/example_dags/example_dynamic_task_mapping_with_no_taskflow_operators.py took 0.062 seconds
[2024-07-13T01:34:58.686+0000] {processor.py:161} INFO - Started process (PID=555) to work on /home/airflow/.local/lib/python3.12/site-packages/airflow/example_dags/example_dynamic_task_mapping_with_no_taskflow_operators.py
[2024-07-13T01:34:58.687+0000] {processor.py:830} INFO - Processing file /home/airflow/.local/lib/python3.12/site-packages/airflow/example_dags/example_dynamic_task_mapping_with_no_taskflow_operators.py for tasks to queue
[2024-07-13T01:34:58.688+0000] {logging_mixin.py:188} INFO - [2024-07-13T01:34:58.688+0000] {dagbag.py:545} INFO - Filling up the DagBag from /home/airflow/.local/lib/python3.12/site-packages/airflow/example_dags/example_dynamic_task_mapping_with_no_taskflow_operators.py
[2024-07-13T01:34:58.693+0000] {processor.py:840} INFO - DAG(s) 'example_dynamic_task_mapping_with_no_taskflow_operators' retrieved from /home/airflow/.local/lib/python3.12/site-packages/airflow/example_dags/example_dynamic_task_mapping_with_no_taskflow_operators.py
[2024-07-13T01:34:58.707+0000] {logging_mixin.py:188} INFO - [2024-07-13T01:34:58.707+0000] {dag.py:3096} INFO - Sync 1 DAGs
[2024-07-13T01:34:58.723+0000] {logging_mixin.py:188} INFO - [2024-07-13T01:34:58.723+0000] {dag.py:3954} INFO - Setting next_dagrun for example_dynamic_task_mapping_with_no_taskflow_operators to 2024-07-12 00:00:00+00:00, run_after=2024-07-13 00:00:00+00:00
[2024-07-13T01:34:58.747+0000] {processor.py:183} INFO - Processing /home/airflow/.local/lib/python3.12/site-packages/airflow/example_dags/example_dynamic_task_mapping_with_no_taskflow_operators.py took 0.065 seconds
[2024-07-13T01:35:29.327+0000] {processor.py:161} INFO - Started process (PID=616) to work on /home/airflow/.local/lib/python3.12/site-packages/airflow/example_dags/example_dynamic_task_mapping_with_no_taskflow_operators.py
[2024-07-13T01:35:29.328+0000] {processor.py:830} INFO - Processing file /home/airflow/.local/lib/python3.12/site-packages/airflow/example_dags/example_dynamic_task_mapping_with_no_taskflow_operators.py for tasks to queue
[2024-07-13T01:35:29.330+0000] {logging_mixin.py:188} INFO - [2024-07-13T01:35:29.329+0000] {dagbag.py:545} INFO - Filling up the DagBag from /home/airflow/.local/lib/python3.12/site-packages/airflow/example_dags/example_dynamic_task_mapping_with_no_taskflow_operators.py
[2024-07-13T01:35:29.336+0000] {processor.py:840} INFO - DAG(s) 'example_dynamic_task_mapping_with_no_taskflow_operators' retrieved from /home/airflow/.local/lib/python3.12/site-packages/airflow/example_dags/example_dynamic_task_mapping_with_no_taskflow_operators.py
[2024-07-13T01:35:29.356+0000] {logging_mixin.py:188} INFO - [2024-07-13T01:35:29.356+0000] {dag.py:3096} INFO - Sync 1 DAGs
[2024-07-13T01:35:29.379+0000] {logging_mixin.py:188} INFO - [2024-07-13T01:35:29.379+0000] {dag.py:3954} INFO - Setting next_dagrun for example_dynamic_task_mapping_with_no_taskflow_operators to 2024-07-12 00:00:00+00:00, run_after=2024-07-13 00:00:00+00:00
[2024-07-13T01:35:29.459+0000] {processor.py:183} INFO - Processing /home/airflow/.local/lib/python3.12/site-packages/airflow/example_dags/example_dynamic_task_mapping_with_no_taskflow_operators.py took 0.143 seconds
[2024-07-13T01:35:59.609+0000] {processor.py:161} INFO - Started process (PID=677) to work on /home/airflow/.local/lib/python3.12/site-packages/airflow/example_dags/example_dynamic_task_mapping_with_no_taskflow_operators.py
[2024-07-13T01:35:59.610+0000] {processor.py:830} INFO - Processing file /home/airflow/.local/lib/python3.12/site-packages/airflow/example_dags/example_dynamic_task_mapping_with_no_taskflow_operators.py for tasks to queue
[2024-07-13T01:35:59.612+0000] {logging_mixin.py:188} INFO - [2024-07-13T01:35:59.611+0000] {dagbag.py:545} INFO - Filling up the DagBag from /home/airflow/.local/lib/python3.12/site-packages/airflow/example_dags/example_dynamic_task_mapping_with_no_taskflow_operators.py
[2024-07-13T01:35:59.616+0000] {processor.py:840} INFO - DAG(s) 'example_dynamic_task_mapping_with_no_taskflow_operators' retrieved from /home/airflow/.local/lib/python3.12/site-packages/airflow/example_dags/example_dynamic_task_mapping_with_no_taskflow_operators.py
[2024-07-13T01:35:59.632+0000] {logging_mixin.py:188} INFO - [2024-07-13T01:35:59.632+0000] {dag.py:3096} INFO - Sync 1 DAGs
[2024-07-13T01:35:59.653+0000] {logging_mixin.py:188} INFO - [2024-07-13T01:35:59.652+0000] {dag.py:3954} INFO - Setting next_dagrun for example_dynamic_task_mapping_with_no_taskflow_operators to 2024-07-12 00:00:00+00:00, run_after=2024-07-13 00:00:00+00:00
[2024-07-13T01:35:59.682+0000] {processor.py:183} INFO - Processing /home/airflow/.local/lib/python3.12/site-packages/airflow/example_dags/example_dynamic_task_mapping_with_no_taskflow_operators.py took 0.077 seconds
[2024-07-13T01:36:29.715+0000] {processor.py:161} INFO - Started process (PID=739) to work on /home/airflow/.local/lib/python3.12/site-packages/airflow/example_dags/example_dynamic_task_mapping_with_no_taskflow_operators.py
[2024-07-13T01:36:29.716+0000] {processor.py:830} INFO - Processing file /home/airflow/.local/lib/python3.12/site-packages/airflow/example_dags/example_dynamic_task_mapping_with_no_taskflow_operators.py for tasks to queue
[2024-07-13T01:36:29.731+0000] {logging_mixin.py:188} INFO - [2024-07-13T01:36:29.730+0000] {dagbag.py:545} INFO - Filling up the DagBag from /home/airflow/.local/lib/python3.12/site-packages/airflow/example_dags/example_dynamic_task_mapping_with_no_taskflow_operators.py
[2024-07-13T01:36:29.737+0000] {processor.py:840} INFO - DAG(s) 'example_dynamic_task_mapping_with_no_taskflow_operators' retrieved from /home/airflow/.local/lib/python3.12/site-packages/airflow/example_dags/example_dynamic_task_mapping_with_no_taskflow_operators.py
[2024-07-13T01:36:29.783+0000] {logging_mixin.py:188} INFO - [2024-07-13T01:36:29.783+0000] {dag.py:3096} INFO - Sync 1 DAGs
[2024-07-13T01:36:29.814+0000] {logging_mixin.py:188} INFO - [2024-07-13T01:36:29.813+0000] {dag.py:3954} INFO - Setting next_dagrun for example_dynamic_task_mapping_with_no_taskflow_operators to 2024-07-12 00:00:00+00:00, run_after=2024-07-13 00:00:00+00:00
[2024-07-13T01:36:29.840+0000] {processor.py:183} INFO - Processing /home/airflow/.local/lib/python3.12/site-packages/airflow/example_dags/example_dynamic_task_mapping_with_no_taskflow_operators.py took 0.131 seconds
[2024-07-13T01:36:59.956+0000] {processor.py:161} INFO - Started process (PID=799) to work on /home/airflow/.local/lib/python3.12/site-packages/airflow/example_dags/example_dynamic_task_mapping_with_no_taskflow_operators.py
[2024-07-13T01:36:59.957+0000] {processor.py:830} INFO - Processing file /home/airflow/.local/lib/python3.12/site-packages/airflow/example_dags/example_dynamic_task_mapping_with_no_taskflow_operators.py for tasks to queue
[2024-07-13T01:36:59.960+0000] {logging_mixin.py:188} INFO - [2024-07-13T01:36:59.960+0000] {dagbag.py:545} INFO - Filling up the DagBag from /home/airflow/.local/lib/python3.12/site-packages/airflow/example_dags/example_dynamic_task_mapping_with_no_taskflow_operators.py
[2024-07-13T01:36:59.970+0000] {processor.py:840} INFO - DAG(s) 'example_dynamic_task_mapping_with_no_taskflow_operators' retrieved from /home/airflow/.local/lib/python3.12/site-packages/airflow/example_dags/example_dynamic_task_mapping_with_no_taskflow_operators.py
[2024-07-13T01:36:59.993+0000] {logging_mixin.py:188} INFO - [2024-07-13T01:36:59.992+0000] {dag.py:3096} INFO - Sync 1 DAGs
[2024-07-13T01:37:00.014+0000] {logging_mixin.py:188} INFO - [2024-07-13T01:37:00.013+0000] {dag.py:3954} INFO - Setting next_dagrun for example_dynamic_task_mapping_with_no_taskflow_operators to 2024-07-12 00:00:00+00:00, run_after=2024-07-13 00:00:00+00:00
[2024-07-13T01:37:00.175+0000] {processor.py:183} INFO - Processing /home/airflow/.local/lib/python3.12/site-packages/airflow/example_dags/example_dynamic_task_mapping_with_no_taskflow_operators.py took 0.229 seconds
[2024-07-13T01:37:31.109+0000] {processor.py:161} INFO - Started process (PID=858) to work on /home/airflow/.local/lib/python3.12/site-packages/airflow/example_dags/example_dynamic_task_mapping_with_no_taskflow_operators.py
[2024-07-13T01:37:31.110+0000] {processor.py:830} INFO - Processing file /home/airflow/.local/lib/python3.12/site-packages/airflow/example_dags/example_dynamic_task_mapping_with_no_taskflow_operators.py for tasks to queue
[2024-07-13T01:37:31.111+0000] {logging_mixin.py:188} INFO - [2024-07-13T01:37:31.111+0000] {dagbag.py:545} INFO - Filling up the DagBag from /home/airflow/.local/lib/python3.12/site-packages/airflow/example_dags/example_dynamic_task_mapping_with_no_taskflow_operators.py
[2024-07-13T01:37:31.116+0000] {processor.py:840} INFO - DAG(s) 'example_dynamic_task_mapping_with_no_taskflow_operators' retrieved from /home/airflow/.local/lib/python3.12/site-packages/airflow/example_dags/example_dynamic_task_mapping_with_no_taskflow_operators.py
[2024-07-13T01:37:31.131+0000] {logging_mixin.py:188} INFO - [2024-07-13T01:37:31.130+0000] {dag.py:3096} INFO - Sync 1 DAGs
[2024-07-13T01:37:31.146+0000] {logging_mixin.py:188} INFO - [2024-07-13T01:37:31.146+0000] {dag.py:3954} INFO - Setting next_dagrun for example_dynamic_task_mapping_with_no_taskflow_operators to 2024-07-12 00:00:00+00:00, run_after=2024-07-13 00:00:00+00:00
[2024-07-13T01:37:31.167+0000] {processor.py:183} INFO - Processing /home/airflow/.local/lib/python3.12/site-packages/airflow/example_dags/example_dynamic_task_mapping_with_no_taskflow_operators.py took 0.062 seconds
[2024-07-13T01:38:01.487+0000] {processor.py:161} INFO - Started process (PID=919) to work on /home/airflow/.local/lib/python3.12/site-packages/airflow/example_dags/example_dynamic_task_mapping_with_no_taskflow_operators.py
[2024-07-13T01:38:01.487+0000] {processor.py:830} INFO - Processing file /home/airflow/.local/lib/python3.12/site-packages/airflow/example_dags/example_dynamic_task_mapping_with_no_taskflow_operators.py for tasks to queue
[2024-07-13T01:38:01.489+0000] {logging_mixin.py:188} INFO - [2024-07-13T01:38:01.489+0000] {dagbag.py:545} INFO - Filling up the DagBag from /home/airflow/.local/lib/python3.12/site-packages/airflow/example_dags/example_dynamic_task_mapping_with_no_taskflow_operators.py
[2024-07-13T01:38:01.493+0000] {processor.py:840} INFO - DAG(s) 'example_dynamic_task_mapping_with_no_taskflow_operators' retrieved from /home/airflow/.local/lib/python3.12/site-packages/airflow/example_dags/example_dynamic_task_mapping_with_no_taskflow_operators.py
[2024-07-13T01:38:01.508+0000] {logging_mixin.py:188} INFO - [2024-07-13T01:38:01.508+0000] {dag.py:3096} INFO - Sync 1 DAGs
[2024-07-13T01:38:01.524+0000] {logging_mixin.py:188} INFO - [2024-07-13T01:38:01.524+0000] {dag.py:3954} INFO - Setting next_dagrun for example_dynamic_task_mapping_with_no_taskflow_operators to 2024-07-12 00:00:00+00:00, run_after=2024-07-13 00:00:00+00:00
[2024-07-13T01:38:01.550+0000] {processor.py:183} INFO - Processing /home/airflow/.local/lib/python3.12/site-packages/airflow/example_dags/example_dynamic_task_mapping_with_no_taskflow_operators.py took 0.069 seconds
[2024-07-13T01:38:31.893+0000] {processor.py:161} INFO - Started process (PID=980) to work on /home/airflow/.local/lib/python3.12/site-packages/airflow/example_dags/example_dynamic_task_mapping_with_no_taskflow_operators.py
[2024-07-13T01:38:31.894+0000] {processor.py:830} INFO - Processing file /home/airflow/.local/lib/python3.12/site-packages/airflow/example_dags/example_dynamic_task_mapping_with_no_taskflow_operators.py for tasks to queue
[2024-07-13T01:38:31.895+0000] {logging_mixin.py:188} INFO - [2024-07-13T01:38:31.895+0000] {dagbag.py:545} INFO - Filling up the DagBag from /home/airflow/.local/lib/python3.12/site-packages/airflow/example_dags/example_dynamic_task_mapping_with_no_taskflow_operators.py
[2024-07-13T01:38:31.900+0000] {processor.py:840} INFO - DAG(s) 'example_dynamic_task_mapping_with_no_taskflow_operators' retrieved from /home/airflow/.local/lib/python3.12/site-packages/airflow/example_dags/example_dynamic_task_mapping_with_no_taskflow_operators.py
[2024-07-13T01:38:31.915+0000] {logging_mixin.py:188} INFO - [2024-07-13T01:38:31.915+0000] {dag.py:3096} INFO - Sync 1 DAGs
[2024-07-13T01:38:31.937+0000] {logging_mixin.py:188} INFO - [2024-07-13T01:38:31.937+0000] {dag.py:3954} INFO - Setting next_dagrun for example_dynamic_task_mapping_with_no_taskflow_operators to 2024-07-12 00:00:00+00:00, run_after=2024-07-13 00:00:00+00:00
[2024-07-13T01:38:31.959+0000] {processor.py:183} INFO - Processing /home/airflow/.local/lib/python3.12/site-packages/airflow/example_dags/example_dynamic_task_mapping_with_no_taskflow_operators.py took 0.070 seconds
[2024-07-13T01:39:02.361+0000] {processor.py:161} INFO - Started process (PID=1042) to work on /home/airflow/.local/lib/python3.12/site-packages/airflow/example_dags/example_dynamic_task_mapping_with_no_taskflow_operators.py
[2024-07-13T01:39:02.362+0000] {processor.py:830} INFO - Processing file /home/airflow/.local/lib/python3.12/site-packages/airflow/example_dags/example_dynamic_task_mapping_with_no_taskflow_operators.py for tasks to queue
[2024-07-13T01:39:02.363+0000] {logging_mixin.py:188} INFO - [2024-07-13T01:39:02.363+0000] {dagbag.py:545} INFO - Filling up the DagBag from /home/airflow/.local/lib/python3.12/site-packages/airflow/example_dags/example_dynamic_task_mapping_with_no_taskflow_operators.py
[2024-07-13T01:39:02.368+0000] {processor.py:840} INFO - DAG(s) 'example_dynamic_task_mapping_with_no_taskflow_operators' retrieved from /home/airflow/.local/lib/python3.12/site-packages/airflow/example_dags/example_dynamic_task_mapping_with_no_taskflow_operators.py
[2024-07-13T01:39:02.383+0000] {logging_mixin.py:188} INFO - [2024-07-13T01:39:02.383+0000] {dag.py:3096} INFO - Sync 1 DAGs
[2024-07-13T01:39:02.399+0000] {logging_mixin.py:188} INFO - [2024-07-13T01:39:02.399+0000] {dag.py:3954} INFO - Setting next_dagrun for example_dynamic_task_mapping_with_no_taskflow_operators to 2024-07-12 00:00:00+00:00, run_after=2024-07-13 00:00:00+00:00
[2024-07-13T01:39:02.421+0000] {processor.py:183} INFO - Processing /home/airflow/.local/lib/python3.12/site-packages/airflow/example_dags/example_dynamic_task_mapping_with_no_taskflow_operators.py took 0.064 seconds
[2024-07-13T01:39:32.903+0000] {processor.py:161} INFO - Started process (PID=1103) to work on /home/airflow/.local/lib/python3.12/site-packages/airflow/example_dags/example_dynamic_task_mapping_with_no_taskflow_operators.py
[2024-07-13T01:39:32.915+0000] {processor.py:830} INFO - Processing file /home/airflow/.local/lib/python3.12/site-packages/airflow/example_dags/example_dynamic_task_mapping_with_no_taskflow_operators.py for tasks to queue
[2024-07-13T01:39:32.917+0000] {logging_mixin.py:188} INFO - [2024-07-13T01:39:32.917+0000] {dagbag.py:545} INFO - Filling up the DagBag from /home/airflow/.local/lib/python3.12/site-packages/airflow/example_dags/example_dynamic_task_mapping_with_no_taskflow_operators.py
[2024-07-13T01:39:32.924+0000] {processor.py:840} INFO - DAG(s) 'example_dynamic_task_mapping_with_no_taskflow_operators' retrieved from /home/airflow/.local/lib/python3.12/site-packages/airflow/example_dags/example_dynamic_task_mapping_with_no_taskflow_operators.py
[2024-07-13T01:39:32.975+0000] {logging_mixin.py:188} INFO - [2024-07-13T01:39:32.975+0000] {dag.py:3096} INFO - Sync 1 DAGs
[2024-07-13T01:39:33.019+0000] {logging_mixin.py:188} INFO - [2024-07-13T01:39:33.018+0000] {dag.py:3954} INFO - Setting next_dagrun for example_dynamic_task_mapping_with_no_taskflow_operators to 2024-07-12 00:00:00+00:00, run_after=2024-07-13 00:00:00+00:00
[2024-07-13T01:39:33.083+0000] {processor.py:183} INFO - Processing /home/airflow/.local/lib/python3.12/site-packages/airflow/example_dags/example_dynamic_task_mapping_with_no_taskflow_operators.py took 0.192 seconds
[2024-07-13T01:43:02.968+0000] {processor.py:161} INFO - Started process (PID=62) to work on /home/airflow/.local/lib/python3.12/site-packages/airflow/example_dags/example_dynamic_task_mapping_with_no_taskflow_operators.py
[2024-07-13T01:43:02.972+0000] {processor.py:830} INFO - Processing file /home/airflow/.local/lib/python3.12/site-packages/airflow/example_dags/example_dynamic_task_mapping_with_no_taskflow_operators.py for tasks to queue
[2024-07-13T01:43:02.974+0000] {logging_mixin.py:188} INFO - [2024-07-13T01:43:02.973+0000] {dagbag.py:545} INFO - Filling up the DagBag from /home/airflow/.local/lib/python3.12/site-packages/airflow/example_dags/example_dynamic_task_mapping_with_no_taskflow_operators.py
[2024-07-13T01:43:02.981+0000] {processor.py:840} INFO - DAG(s) 'example_dynamic_task_mapping_with_no_taskflow_operators' retrieved from /home/airflow/.local/lib/python3.12/site-packages/airflow/example_dags/example_dynamic_task_mapping_with_no_taskflow_operators.py
[2024-07-13T01:43:03.227+0000] {logging_mixin.py:188} INFO - [2024-07-13T01:43:03.226+0000] {dag.py:3096} INFO - Sync 1 DAGs
[2024-07-13T01:43:03.260+0000] {logging_mixin.py:188} INFO - [2024-07-13T01:43:03.260+0000] {dag.py:3954} INFO - Setting next_dagrun for example_dynamic_task_mapping_with_no_taskflow_operators to 2024-07-12 00:00:00+00:00, run_after=2024-07-13 00:00:00+00:00
[2024-07-13T01:43:03.285+0000] {processor.py:183} INFO - Processing /home/airflow/.local/lib/python3.12/site-packages/airflow/example_dags/example_dynamic_task_mapping_with_no_taskflow_operators.py took 0.323 seconds
[2024-07-13T01:43:34.281+0000] {processor.py:161} INFO - Started process (PID=124) to work on /home/airflow/.local/lib/python3.12/site-packages/airflow/example_dags/example_dynamic_task_mapping_with_no_taskflow_operators.py
[2024-07-13T01:43:34.293+0000] {processor.py:830} INFO - Processing file /home/airflow/.local/lib/python3.12/site-packages/airflow/example_dags/example_dynamic_task_mapping_with_no_taskflow_operators.py for tasks to queue
[2024-07-13T01:43:34.294+0000] {logging_mixin.py:188} INFO - [2024-07-13T01:43:34.294+0000] {dagbag.py:545} INFO - Filling up the DagBag from /home/airflow/.local/lib/python3.12/site-packages/airflow/example_dags/example_dynamic_task_mapping_with_no_taskflow_operators.py
[2024-07-13T01:43:34.299+0000] {processor.py:840} INFO - DAG(s) 'example_dynamic_task_mapping_with_no_taskflow_operators' retrieved from /home/airflow/.local/lib/python3.12/site-packages/airflow/example_dags/example_dynamic_task_mapping_with_no_taskflow_operators.py
[2024-07-13T01:43:34.316+0000] {logging_mixin.py:188} INFO - [2024-07-13T01:43:34.316+0000] {dag.py:3096} INFO - Sync 1 DAGs
[2024-07-13T01:43:34.334+0000] {logging_mixin.py:188} INFO - [2024-07-13T01:43:34.334+0000] {dag.py:3954} INFO - Setting next_dagrun for example_dynamic_task_mapping_with_no_taskflow_operators to 2024-07-12 00:00:00+00:00, run_after=2024-07-13 00:00:00+00:00
[2024-07-13T01:43:34.356+0000] {processor.py:183} INFO - Processing /home/airflow/.local/lib/python3.12/site-packages/airflow/example_dags/example_dynamic_task_mapping_with_no_taskflow_operators.py took 0.080 seconds
[2024-07-13T01:44:05.352+0000] {processor.py:161} INFO - Started process (PID=182) to work on /home/airflow/.local/lib/python3.12/site-packages/airflow/example_dags/example_dynamic_task_mapping_with_no_taskflow_operators.py
[2024-07-13T01:44:05.353+0000] {processor.py:830} INFO - Processing file /home/airflow/.local/lib/python3.12/site-packages/airflow/example_dags/example_dynamic_task_mapping_with_no_taskflow_operators.py for tasks to queue
[2024-07-13T01:44:05.355+0000] {logging_mixin.py:188} INFO - [2024-07-13T01:44:05.355+0000] {dagbag.py:545} INFO - Filling up the DagBag from /home/airflow/.local/lib/python3.12/site-packages/airflow/example_dags/example_dynamic_task_mapping_with_no_taskflow_operators.py
[2024-07-13T01:44:05.379+0000] {processor.py:840} INFO - DAG(s) 'example_dynamic_task_mapping_with_no_taskflow_operators' retrieved from /home/airflow/.local/lib/python3.12/site-packages/airflow/example_dags/example_dynamic_task_mapping_with_no_taskflow_operators.py
[2024-07-13T01:44:05.443+0000] {logging_mixin.py:188} INFO - [2024-07-13T01:44:05.443+0000] {dag.py:3096} INFO - Sync 1 DAGs
[2024-07-13T01:44:05.495+0000] {logging_mixin.py:188} INFO - [2024-07-13T01:44:05.494+0000] {dag.py:3954} INFO - Setting next_dagrun for example_dynamic_task_mapping_with_no_taskflow_operators to 2024-07-12 00:00:00+00:00, run_after=2024-07-13 00:00:00+00:00
[2024-07-13T01:44:05.586+0000] {processor.py:183} INFO - Processing /home/airflow/.local/lib/python3.12/site-packages/airflow/example_dags/example_dynamic_task_mapping_with_no_taskflow_operators.py took 0.248 seconds
[2024-07-13T01:44:35.809+0000] {processor.py:161} INFO - Started process (PID=243) to work on /home/airflow/.local/lib/python3.12/site-packages/airflow/example_dags/example_dynamic_task_mapping_with_no_taskflow_operators.py
[2024-07-13T01:44:35.811+0000] {processor.py:830} INFO - Processing file /home/airflow/.local/lib/python3.12/site-packages/airflow/example_dags/example_dynamic_task_mapping_with_no_taskflow_operators.py for tasks to queue
[2024-07-13T01:44:35.814+0000] {logging_mixin.py:188} INFO - [2024-07-13T01:44:35.814+0000] {dagbag.py:545} INFO - Filling up the DagBag from /home/airflow/.local/lib/python3.12/site-packages/airflow/example_dags/example_dynamic_task_mapping_with_no_taskflow_operators.py
[2024-07-13T01:44:35.825+0000] {processor.py:840} INFO - DAG(s) 'example_dynamic_task_mapping_with_no_taskflow_operators' retrieved from /home/airflow/.local/lib/python3.12/site-packages/airflow/example_dags/example_dynamic_task_mapping_with_no_taskflow_operators.py
[2024-07-13T01:44:35.866+0000] {logging_mixin.py:188} INFO - [2024-07-13T01:44:35.866+0000] {dag.py:3096} INFO - Sync 1 DAGs
[2024-07-13T01:44:35.910+0000] {logging_mixin.py:188} INFO - [2024-07-13T01:44:35.909+0000] {dag.py:3954} INFO - Setting next_dagrun for example_dynamic_task_mapping_with_no_taskflow_operators to 2024-07-12 00:00:00+00:00, run_after=2024-07-13 00:00:00+00:00
[2024-07-13T01:44:35.950+0000] {processor.py:183} INFO - Processing /home/airflow/.local/lib/python3.12/site-packages/airflow/example_dags/example_dynamic_task_mapping_with_no_taskflow_operators.py took 0.147 seconds
[2024-07-13T01:45:06.146+0000] {processor.py:161} INFO - Started process (PID=303) to work on /home/airflow/.local/lib/python3.12/site-packages/airflow/example_dags/example_dynamic_task_mapping_with_no_taskflow_operators.py
[2024-07-13T01:45:06.151+0000] {processor.py:830} INFO - Processing file /home/airflow/.local/lib/python3.12/site-packages/airflow/example_dags/example_dynamic_task_mapping_with_no_taskflow_operators.py for tasks to queue
[2024-07-13T01:45:06.152+0000] {logging_mixin.py:188} INFO - [2024-07-13T01:45:06.152+0000] {dagbag.py:545} INFO - Filling up the DagBag from /home/airflow/.local/lib/python3.12/site-packages/airflow/example_dags/example_dynamic_task_mapping_with_no_taskflow_operators.py
[2024-07-13T01:45:06.159+0000] {processor.py:840} INFO - DAG(s) 'example_dynamic_task_mapping_with_no_taskflow_operators' retrieved from /home/airflow/.local/lib/python3.12/site-packages/airflow/example_dags/example_dynamic_task_mapping_with_no_taskflow_operators.py
[2024-07-13T01:45:06.179+0000] {logging_mixin.py:188} INFO - [2024-07-13T01:45:06.179+0000] {dag.py:3096} INFO - Sync 1 DAGs
[2024-07-13T01:45:06.205+0000] {logging_mixin.py:188} INFO - [2024-07-13T01:45:06.205+0000] {dag.py:3954} INFO - Setting next_dagrun for example_dynamic_task_mapping_with_no_taskflow_operators to 2024-07-12 00:00:00+00:00, run_after=2024-07-13 00:00:00+00:00
[2024-07-13T01:45:06.252+0000] {processor.py:183} INFO - Processing /home/airflow/.local/lib/python3.12/site-packages/airflow/example_dags/example_dynamic_task_mapping_with_no_taskflow_operators.py took 0.118 seconds
[2024-07-13T01:45:37.032+0000] {processor.py:161} INFO - Started process (PID=365) to work on /home/airflow/.local/lib/python3.12/site-packages/airflow/example_dags/example_dynamic_task_mapping_with_no_taskflow_operators.py
[2024-07-13T01:45:37.033+0000] {processor.py:830} INFO - Processing file /home/airflow/.local/lib/python3.12/site-packages/airflow/example_dags/example_dynamic_task_mapping_with_no_taskflow_operators.py for tasks to queue
[2024-07-13T01:45:37.035+0000] {logging_mixin.py:188} INFO - [2024-07-13T01:45:37.034+0000] {dagbag.py:545} INFO - Filling up the DagBag from /home/airflow/.local/lib/python3.12/site-packages/airflow/example_dags/example_dynamic_task_mapping_with_no_taskflow_operators.py
[2024-07-13T01:45:37.044+0000] {processor.py:840} INFO - DAG(s) 'example_dynamic_task_mapping_with_no_taskflow_operators' retrieved from /home/airflow/.local/lib/python3.12/site-packages/airflow/example_dags/example_dynamic_task_mapping_with_no_taskflow_operators.py
[2024-07-13T01:45:37.078+0000] {logging_mixin.py:188} INFO - [2024-07-13T01:45:37.078+0000] {dag.py:3096} INFO - Sync 1 DAGs
[2024-07-13T01:45:37.102+0000] {logging_mixin.py:188} INFO - [2024-07-13T01:45:37.102+0000] {dag.py:3954} INFO - Setting next_dagrun for example_dynamic_task_mapping_with_no_taskflow_operators to 2024-07-12 00:00:00+00:00, run_after=2024-07-13 00:00:00+00:00
[2024-07-13T01:45:37.139+0000] {processor.py:183} INFO - Processing /home/airflow/.local/lib/python3.12/site-packages/airflow/example_dags/example_dynamic_task_mapping_with_no_taskflow_operators.py took 0.114 seconds
[2024-07-13T01:46:07.270+0000] {processor.py:161} INFO - Started process (PID=426) to work on /home/airflow/.local/lib/python3.12/site-packages/airflow/example_dags/example_dynamic_task_mapping_with_no_taskflow_operators.py
[2024-07-13T01:46:07.270+0000] {processor.py:830} INFO - Processing file /home/airflow/.local/lib/python3.12/site-packages/airflow/example_dags/example_dynamic_task_mapping_with_no_taskflow_operators.py for tasks to queue
[2024-07-13T01:46:07.272+0000] {logging_mixin.py:188} INFO - [2024-07-13T01:46:07.272+0000] {dagbag.py:545} INFO - Filling up the DagBag from /home/airflow/.local/lib/python3.12/site-packages/airflow/example_dags/example_dynamic_task_mapping_with_no_taskflow_operators.py
[2024-07-13T01:46:07.279+0000] {processor.py:840} INFO - DAG(s) 'example_dynamic_task_mapping_with_no_taskflow_operators' retrieved from /home/airflow/.local/lib/python3.12/site-packages/airflow/example_dags/example_dynamic_task_mapping_with_no_taskflow_operators.py
[2024-07-13T01:46:07.300+0000] {logging_mixin.py:188} INFO - [2024-07-13T01:46:07.299+0000] {dag.py:3096} INFO - Sync 1 DAGs
[2024-07-13T01:46:07.317+0000] {logging_mixin.py:188} INFO - [2024-07-13T01:46:07.317+0000] {dag.py:3954} INFO - Setting next_dagrun for example_dynamic_task_mapping_with_no_taskflow_operators to 2024-07-12 00:00:00+00:00, run_after=2024-07-13 00:00:00+00:00
[2024-07-13T01:46:07.342+0000] {processor.py:183} INFO - Processing /home/airflow/.local/lib/python3.12/site-packages/airflow/example_dags/example_dynamic_task_mapping_with_no_taskflow_operators.py took 0.079 seconds
[2024-07-13T01:46:37.657+0000] {processor.py:161} INFO - Started process (PID=487) to work on /home/airflow/.local/lib/python3.12/site-packages/airflow/example_dags/example_dynamic_task_mapping_with_no_taskflow_operators.py
[2024-07-13T01:46:37.665+0000] {processor.py:830} INFO - Processing file /home/airflow/.local/lib/python3.12/site-packages/airflow/example_dags/example_dynamic_task_mapping_with_no_taskflow_operators.py for tasks to queue
[2024-07-13T01:46:37.667+0000] {logging_mixin.py:188} INFO - [2024-07-13T01:46:37.667+0000] {dagbag.py:545} INFO - Filling up the DagBag from /home/airflow/.local/lib/python3.12/site-packages/airflow/example_dags/example_dynamic_task_mapping_with_no_taskflow_operators.py
[2024-07-13T01:46:37.675+0000] {processor.py:840} INFO - DAG(s) 'example_dynamic_task_mapping_with_no_taskflow_operators' retrieved from /home/airflow/.local/lib/python3.12/site-packages/airflow/example_dags/example_dynamic_task_mapping_with_no_taskflow_operators.py
[2024-07-13T01:46:37.707+0000] {logging_mixin.py:188} INFO - [2024-07-13T01:46:37.707+0000] {dag.py:3096} INFO - Sync 1 DAGs
[2024-07-13T01:46:37.731+0000] {logging_mixin.py:188} INFO - [2024-07-13T01:46:37.731+0000] {dag.py:3954} INFO - Setting next_dagrun for example_dynamic_task_mapping_with_no_taskflow_operators to 2024-07-12 00:00:00+00:00, run_after=2024-07-13 00:00:00+00:00
[2024-07-13T01:46:37.765+0000] {processor.py:183} INFO - Processing /home/airflow/.local/lib/python3.12/site-packages/airflow/example_dags/example_dynamic_task_mapping_with_no_taskflow_operators.py took 0.123 seconds
[2024-07-13T01:47:08.640+0000] {processor.py:161} INFO - Started process (PID=548) to work on /home/airflow/.local/lib/python3.12/site-packages/airflow/example_dags/example_dynamic_task_mapping_with_no_taskflow_operators.py
[2024-07-13T01:47:08.650+0000] {processor.py:830} INFO - Processing file /home/airflow/.local/lib/python3.12/site-packages/airflow/example_dags/example_dynamic_task_mapping_with_no_taskflow_operators.py for tasks to queue
[2024-07-13T01:47:08.652+0000] {logging_mixin.py:188} INFO - [2024-07-13T01:47:08.651+0000] {dagbag.py:545} INFO - Filling up the DagBag from /home/airflow/.local/lib/python3.12/site-packages/airflow/example_dags/example_dynamic_task_mapping_with_no_taskflow_operators.py
[2024-07-13T01:47:08.659+0000] {processor.py:840} INFO - DAG(s) 'example_dynamic_task_mapping_with_no_taskflow_operators' retrieved from /home/airflow/.local/lib/python3.12/site-packages/airflow/example_dags/example_dynamic_task_mapping_with_no_taskflow_operators.py
[2024-07-13T01:47:08.691+0000] {logging_mixin.py:188} INFO - [2024-07-13T01:47:08.691+0000] {dag.py:3096} INFO - Sync 1 DAGs
[2024-07-13T01:47:08.714+0000] {logging_mixin.py:188} INFO - [2024-07-13T01:47:08.713+0000] {dag.py:3954} INFO - Setting next_dagrun for example_dynamic_task_mapping_with_no_taskflow_operators to 2024-07-12 00:00:00+00:00, run_after=2024-07-13 00:00:00+00:00
[2024-07-13T01:47:08.744+0000] {processor.py:183} INFO - Processing /home/airflow/.local/lib/python3.12/site-packages/airflow/example_dags/example_dynamic_task_mapping_with_no_taskflow_operators.py took 0.109 seconds
[2024-07-13T01:47:39.287+0000] {processor.py:161} INFO - Started process (PID=610) to work on /home/airflow/.local/lib/python3.12/site-packages/airflow/example_dags/example_dynamic_task_mapping_with_no_taskflow_operators.py
[2024-07-13T01:47:39.306+0000] {processor.py:830} INFO - Processing file /home/airflow/.local/lib/python3.12/site-packages/airflow/example_dags/example_dynamic_task_mapping_with_no_taskflow_operators.py for tasks to queue
[2024-07-13T01:47:39.328+0000] {logging_mixin.py:188} INFO - [2024-07-13T01:47:39.307+0000] {dagbag.py:545} INFO - Filling up the DagBag from /home/airflow/.local/lib/python3.12/site-packages/airflow/example_dags/example_dynamic_task_mapping_with_no_taskflow_operators.py
[2024-07-13T01:47:39.357+0000] {processor.py:840} INFO - DAG(s) 'example_dynamic_task_mapping_with_no_taskflow_operators' retrieved from /home/airflow/.local/lib/python3.12/site-packages/airflow/example_dags/example_dynamic_task_mapping_with_no_taskflow_operators.py
[2024-07-13T01:47:39.536+0000] {logging_mixin.py:188} INFO - [2024-07-13T01:47:39.534+0000] {dag.py:3096} INFO - Sync 1 DAGs
[2024-07-13T01:47:39.655+0000] {logging_mixin.py:188} INFO - [2024-07-13T01:47:39.655+0000] {dag.py:3954} INFO - Setting next_dagrun for example_dynamic_task_mapping_with_no_taskflow_operators to 2024-07-12 00:00:00+00:00, run_after=2024-07-13 00:00:00+00:00
[2024-07-13T01:47:39.714+0000] {processor.py:183} INFO - Processing /home/airflow/.local/lib/python3.12/site-packages/airflow/example_dags/example_dynamic_task_mapping_with_no_taskflow_operators.py took 0.454 seconds
[2024-07-13T01:48:09.806+0000] {processor.py:161} INFO - Started process (PID=671) to work on /home/airflow/.local/lib/python3.12/site-packages/airflow/example_dags/example_dynamic_task_mapping_with_no_taskflow_operators.py
[2024-07-13T01:48:09.806+0000] {processor.py:830} INFO - Processing file /home/airflow/.local/lib/python3.12/site-packages/airflow/example_dags/example_dynamic_task_mapping_with_no_taskflow_operators.py for tasks to queue
[2024-07-13T01:48:09.808+0000] {logging_mixin.py:188} INFO - [2024-07-13T01:48:09.808+0000] {dagbag.py:545} INFO - Filling up the DagBag from /home/airflow/.local/lib/python3.12/site-packages/airflow/example_dags/example_dynamic_task_mapping_with_no_taskflow_operators.py
[2024-07-13T01:48:09.812+0000] {processor.py:840} INFO - DAG(s) 'example_dynamic_task_mapping_with_no_taskflow_operators' retrieved from /home/airflow/.local/lib/python3.12/site-packages/airflow/example_dags/example_dynamic_task_mapping_with_no_taskflow_operators.py
[2024-07-13T01:48:09.828+0000] {logging_mixin.py:188} INFO - [2024-07-13T01:48:09.828+0000] {dag.py:3096} INFO - Sync 1 DAGs
[2024-07-13T01:48:09.844+0000] {logging_mixin.py:188} INFO - [2024-07-13T01:48:09.844+0000] {dag.py:3954} INFO - Setting next_dagrun for example_dynamic_task_mapping_with_no_taskflow_operators to 2024-07-12 00:00:00+00:00, run_after=2024-07-13 00:00:00+00:00
[2024-07-13T01:48:09.865+0000] {processor.py:183} INFO - Processing /home/airflow/.local/lib/python3.12/site-packages/airflow/example_dags/example_dynamic_task_mapping_with_no_taskflow_operators.py took 0.064 seconds
[2024-07-13T01:48:40.453+0000] {processor.py:161} INFO - Started process (PID=732) to work on /home/airflow/.local/lib/python3.12/site-packages/airflow/example_dags/example_dynamic_task_mapping_with_no_taskflow_operators.py
[2024-07-13T01:48:40.454+0000] {processor.py:830} INFO - Processing file /home/airflow/.local/lib/python3.12/site-packages/airflow/example_dags/example_dynamic_task_mapping_with_no_taskflow_operators.py for tasks to queue
[2024-07-13T01:48:40.455+0000] {logging_mixin.py:188} INFO - [2024-07-13T01:48:40.455+0000] {dagbag.py:545} INFO - Filling up the DagBag from /home/airflow/.local/lib/python3.12/site-packages/airflow/example_dags/example_dynamic_task_mapping_with_no_taskflow_operators.py
[2024-07-13T01:48:40.462+0000] {processor.py:840} INFO - DAG(s) 'example_dynamic_task_mapping_with_no_taskflow_operators' retrieved from /home/airflow/.local/lib/python3.12/site-packages/airflow/example_dags/example_dynamic_task_mapping_with_no_taskflow_operators.py
[2024-07-13T01:48:40.482+0000] {logging_mixin.py:188} INFO - [2024-07-13T01:48:40.482+0000] {dag.py:3096} INFO - Sync 1 DAGs
[2024-07-13T01:48:40.504+0000] {logging_mixin.py:188} INFO - [2024-07-13T01:48:40.503+0000] {dag.py:3954} INFO - Setting next_dagrun for example_dynamic_task_mapping_with_no_taskflow_operators to 2024-07-12 00:00:00+00:00, run_after=2024-07-13 00:00:00+00:00
[2024-07-13T01:48:40.530+0000] {processor.py:183} INFO - Processing /home/airflow/.local/lib/python3.12/site-packages/airflow/example_dags/example_dynamic_task_mapping_with_no_taskflow_operators.py took 0.083 seconds
[2024-07-13T01:49:10.595+0000] {processor.py:161} INFO - Started process (PID=790) to work on /home/airflow/.local/lib/python3.12/site-packages/airflow/example_dags/example_dynamic_task_mapping_with_no_taskflow_operators.py
[2024-07-13T01:49:10.596+0000] {processor.py:830} INFO - Processing file /home/airflow/.local/lib/python3.12/site-packages/airflow/example_dags/example_dynamic_task_mapping_with_no_taskflow_operators.py for tasks to queue
[2024-07-13T01:49:10.597+0000] {logging_mixin.py:188} INFO - [2024-07-13T01:49:10.597+0000] {dagbag.py:545} INFO - Filling up the DagBag from /home/airflow/.local/lib/python3.12/site-packages/airflow/example_dags/example_dynamic_task_mapping_with_no_taskflow_operators.py
[2024-07-13T01:49:10.602+0000] {processor.py:840} INFO - DAG(s) 'example_dynamic_task_mapping_with_no_taskflow_operators' retrieved from /home/airflow/.local/lib/python3.12/site-packages/airflow/example_dags/example_dynamic_task_mapping_with_no_taskflow_operators.py
[2024-07-13T01:49:10.623+0000] {logging_mixin.py:188} INFO - [2024-07-13T01:49:10.623+0000] {dag.py:3096} INFO - Sync 1 DAGs
[2024-07-13T01:49:10.648+0000] {logging_mixin.py:188} INFO - [2024-07-13T01:49:10.648+0000] {dag.py:3954} INFO - Setting next_dagrun for example_dynamic_task_mapping_with_no_taskflow_operators to 2024-07-12 00:00:00+00:00, run_after=2024-07-13 00:00:00+00:00
[2024-07-13T01:49:10.673+0000] {processor.py:183} INFO - Processing /home/airflow/.local/lib/python3.12/site-packages/airflow/example_dags/example_dynamic_task_mapping_with_no_taskflow_operators.py took 0.082 seconds
[2024-07-13T01:49:41.047+0000] {processor.py:161} INFO - Started process (PID=851) to work on /home/airflow/.local/lib/python3.12/site-packages/airflow/example_dags/example_dynamic_task_mapping_with_no_taskflow_operators.py
[2024-07-13T01:49:41.048+0000] {processor.py:830} INFO - Processing file /home/airflow/.local/lib/python3.12/site-packages/airflow/example_dags/example_dynamic_task_mapping_with_no_taskflow_operators.py for tasks to queue
[2024-07-13T01:49:41.049+0000] {logging_mixin.py:188} INFO - [2024-07-13T01:49:41.049+0000] {dagbag.py:545} INFO - Filling up the DagBag from /home/airflow/.local/lib/python3.12/site-packages/airflow/example_dags/example_dynamic_task_mapping_with_no_taskflow_operators.py
[2024-07-13T01:49:41.055+0000] {processor.py:840} INFO - DAG(s) 'example_dynamic_task_mapping_with_no_taskflow_operators' retrieved from /home/airflow/.local/lib/python3.12/site-packages/airflow/example_dags/example_dynamic_task_mapping_with_no_taskflow_operators.py
[2024-07-13T01:49:41.088+0000] {logging_mixin.py:188} INFO - [2024-07-13T01:49:41.087+0000] {dag.py:3096} INFO - Sync 1 DAGs
[2024-07-13T01:49:41.112+0000] {logging_mixin.py:188} INFO - [2024-07-13T01:49:41.112+0000] {dag.py:3954} INFO - Setting next_dagrun for example_dynamic_task_mapping_with_no_taskflow_operators to 2024-07-12 00:00:00+00:00, run_after=2024-07-13 00:00:00+00:00
[2024-07-13T01:49:41.141+0000] {processor.py:183} INFO - Processing /home/airflow/.local/lib/python3.12/site-packages/airflow/example_dags/example_dynamic_task_mapping_with_no_taskflow_operators.py took 0.107 seconds
[2024-07-13T01:50:11.802+0000] {processor.py:161} INFO - Started process (PID=913) to work on /home/airflow/.local/lib/python3.12/site-packages/airflow/example_dags/example_dynamic_task_mapping_with_no_taskflow_operators.py
[2024-07-13T01:50:11.803+0000] {processor.py:830} INFO - Processing file /home/airflow/.local/lib/python3.12/site-packages/airflow/example_dags/example_dynamic_task_mapping_with_no_taskflow_operators.py for tasks to queue
[2024-07-13T01:50:11.806+0000] {logging_mixin.py:188} INFO - [2024-07-13T01:50:11.805+0000] {dagbag.py:545} INFO - Filling up the DagBag from /home/airflow/.local/lib/python3.12/site-packages/airflow/example_dags/example_dynamic_task_mapping_with_no_taskflow_operators.py
[2024-07-13T01:50:11.812+0000] {processor.py:840} INFO - DAG(s) 'example_dynamic_task_mapping_with_no_taskflow_operators' retrieved from /home/airflow/.local/lib/python3.12/site-packages/airflow/example_dags/example_dynamic_task_mapping_with_no_taskflow_operators.py
[2024-07-13T01:50:11.836+0000] {logging_mixin.py:188} INFO - [2024-07-13T01:50:11.836+0000] {dag.py:3096} INFO - Sync 1 DAGs
[2024-07-13T01:50:11.860+0000] {logging_mixin.py:188} INFO - [2024-07-13T01:50:11.859+0000] {dag.py:3954} INFO - Setting next_dagrun for example_dynamic_task_mapping_with_no_taskflow_operators to 2024-07-12 00:00:00+00:00, run_after=2024-07-13 00:00:00+00:00
[2024-07-13T01:50:11.901+0000] {processor.py:183} INFO - Processing /home/airflow/.local/lib/python3.12/site-packages/airflow/example_dags/example_dynamic_task_mapping_with_no_taskflow_operators.py took 0.104 seconds
[2024-07-13T01:50:43.008+0000] {processor.py:161} INFO - Started process (PID=973) to work on /home/airflow/.local/lib/python3.12/site-packages/airflow/example_dags/example_dynamic_task_mapping_with_no_taskflow_operators.py
[2024-07-13T01:50:43.009+0000] {processor.py:830} INFO - Processing file /home/airflow/.local/lib/python3.12/site-packages/airflow/example_dags/example_dynamic_task_mapping_with_no_taskflow_operators.py for tasks to queue
[2024-07-13T01:50:43.012+0000] {logging_mixin.py:188} INFO - [2024-07-13T01:50:43.012+0000] {dagbag.py:545} INFO - Filling up the DagBag from /home/airflow/.local/lib/python3.12/site-packages/airflow/example_dags/example_dynamic_task_mapping_with_no_taskflow_operators.py
[2024-07-13T01:50:43.019+0000] {processor.py:840} INFO - DAG(s) 'example_dynamic_task_mapping_with_no_taskflow_operators' retrieved from /home/airflow/.local/lib/python3.12/site-packages/airflow/example_dags/example_dynamic_task_mapping_with_no_taskflow_operators.py
[2024-07-13T01:50:43.052+0000] {logging_mixin.py:188} INFO - [2024-07-13T01:50:43.052+0000] {dag.py:3096} INFO - Sync 1 DAGs
[2024-07-13T01:50:43.076+0000] {logging_mixin.py:188} INFO - [2024-07-13T01:50:43.076+0000] {dag.py:3954} INFO - Setting next_dagrun for example_dynamic_task_mapping_with_no_taskflow_operators to 2024-07-12 00:00:00+00:00, run_after=2024-07-13 00:00:00+00:00
[2024-07-13T01:50:43.105+0000] {processor.py:183} INFO - Processing /home/airflow/.local/lib/python3.12/site-packages/airflow/example_dags/example_dynamic_task_mapping_with_no_taskflow_operators.py took 0.116 seconds
[2024-07-13T01:51:13.648+0000] {processor.py:161} INFO - Started process (PID=1034) to work on /home/airflow/.local/lib/python3.12/site-packages/airflow/example_dags/example_dynamic_task_mapping_with_no_taskflow_operators.py
[2024-07-13T01:51:13.649+0000] {processor.py:830} INFO - Processing file /home/airflow/.local/lib/python3.12/site-packages/airflow/example_dags/example_dynamic_task_mapping_with_no_taskflow_operators.py for tasks to queue
[2024-07-13T01:51:13.650+0000] {logging_mixin.py:188} INFO - [2024-07-13T01:51:13.650+0000] {dagbag.py:545} INFO - Filling up the DagBag from /home/airflow/.local/lib/python3.12/site-packages/airflow/example_dags/example_dynamic_task_mapping_with_no_taskflow_operators.py
[2024-07-13T01:51:13.656+0000] {processor.py:840} INFO - DAG(s) 'example_dynamic_task_mapping_with_no_taskflow_operators' retrieved from /home/airflow/.local/lib/python3.12/site-packages/airflow/example_dags/example_dynamic_task_mapping_with_no_taskflow_operators.py
[2024-07-13T01:51:13.676+0000] {logging_mixin.py:188} INFO - [2024-07-13T01:51:13.675+0000] {dag.py:3096} INFO - Sync 1 DAGs
[2024-07-13T01:51:13.698+0000] {logging_mixin.py:188} INFO - [2024-07-13T01:51:13.698+0000] {dag.py:3954} INFO - Setting next_dagrun for example_dynamic_task_mapping_with_no_taskflow_operators to 2024-07-12 00:00:00+00:00, run_after=2024-07-13 00:00:00+00:00
[2024-07-13T01:51:13.728+0000] {processor.py:183} INFO - Processing /home/airflow/.local/lib/python3.12/site-packages/airflow/example_dags/example_dynamic_task_mapping_with_no_taskflow_operators.py took 0.085 seconds
[2024-07-13T01:51:44.101+0000] {processor.py:161} INFO - Started process (PID=1096) to work on /home/airflow/.local/lib/python3.12/site-packages/airflow/example_dags/example_dynamic_task_mapping_with_no_taskflow_operators.py
[2024-07-13T01:51:44.102+0000] {processor.py:830} INFO - Processing file /home/airflow/.local/lib/python3.12/site-packages/airflow/example_dags/example_dynamic_task_mapping_with_no_taskflow_operators.py for tasks to queue
[2024-07-13T01:51:44.104+0000] {logging_mixin.py:188} INFO - [2024-07-13T01:51:44.103+0000] {dagbag.py:545} INFO - Filling up the DagBag from /home/airflow/.local/lib/python3.12/site-packages/airflow/example_dags/example_dynamic_task_mapping_with_no_taskflow_operators.py
[2024-07-13T01:51:44.111+0000] {processor.py:840} INFO - DAG(s) 'example_dynamic_task_mapping_with_no_taskflow_operators' retrieved from /home/airflow/.local/lib/python3.12/site-packages/airflow/example_dags/example_dynamic_task_mapping_with_no_taskflow_operators.py
[2024-07-13T01:51:44.131+0000] {logging_mixin.py:188} INFO - [2024-07-13T01:51:44.131+0000] {dag.py:3096} INFO - Sync 1 DAGs
[2024-07-13T01:51:44.153+0000] {logging_mixin.py:188} INFO - [2024-07-13T01:51:44.153+0000] {dag.py:3954} INFO - Setting next_dagrun for example_dynamic_task_mapping_with_no_taskflow_operators to 2024-07-12 00:00:00+00:00, run_after=2024-07-13 00:00:00+00:00
[2024-07-13T01:51:44.177+0000] {processor.py:183} INFO - Processing /home/airflow/.local/lib/python3.12/site-packages/airflow/example_dags/example_dynamic_task_mapping_with_no_taskflow_operators.py took 0.088 seconds
[2024-07-13T01:52:15.134+0000] {processor.py:161} INFO - Started process (PID=1156) to work on /home/airflow/.local/lib/python3.12/site-packages/airflow/example_dags/example_dynamic_task_mapping_with_no_taskflow_operators.py
[2024-07-13T01:52:15.135+0000] {processor.py:830} INFO - Processing file /home/airflow/.local/lib/python3.12/site-packages/airflow/example_dags/example_dynamic_task_mapping_with_no_taskflow_operators.py for tasks to queue
[2024-07-13T01:52:15.137+0000] {logging_mixin.py:188} INFO - [2024-07-13T01:52:15.137+0000] {dagbag.py:545} INFO - Filling up the DagBag from /home/airflow/.local/lib/python3.12/site-packages/airflow/example_dags/example_dynamic_task_mapping_with_no_taskflow_operators.py
[2024-07-13T01:52:15.144+0000] {processor.py:840} INFO - DAG(s) 'example_dynamic_task_mapping_with_no_taskflow_operators' retrieved from /home/airflow/.local/lib/python3.12/site-packages/airflow/example_dags/example_dynamic_task_mapping_with_no_taskflow_operators.py
[2024-07-13T01:52:15.188+0000] {logging_mixin.py:188} INFO - [2024-07-13T01:52:15.187+0000] {dag.py:3096} INFO - Sync 1 DAGs
[2024-07-13T01:52:15.211+0000] {logging_mixin.py:188} INFO - [2024-07-13T01:52:15.211+0000] {dag.py:3954} INFO - Setting next_dagrun for example_dynamic_task_mapping_with_no_taskflow_operators to 2024-07-12 00:00:00+00:00, run_after=2024-07-13 00:00:00+00:00
[2024-07-13T01:52:15.266+0000] {processor.py:183} INFO - Processing /home/airflow/.local/lib/python3.12/site-packages/airflow/example_dags/example_dynamic_task_mapping_with_no_taskflow_operators.py took 0.137 seconds
[2024-07-13T01:52:45.435+0000] {processor.py:161} INFO - Started process (PID=1217) to work on /home/airflow/.local/lib/python3.12/site-packages/airflow/example_dags/example_dynamic_task_mapping_with_no_taskflow_operators.py
[2024-07-13T01:52:45.438+0000] {processor.py:830} INFO - Processing file /home/airflow/.local/lib/python3.12/site-packages/airflow/example_dags/example_dynamic_task_mapping_with_no_taskflow_operators.py for tasks to queue
[2024-07-13T01:52:45.440+0000] {logging_mixin.py:188} INFO - [2024-07-13T01:52:45.439+0000] {dagbag.py:545} INFO - Filling up the DagBag from /home/airflow/.local/lib/python3.12/site-packages/airflow/example_dags/example_dynamic_task_mapping_with_no_taskflow_operators.py
[2024-07-13T01:52:45.447+0000] {processor.py:840} INFO - DAG(s) 'example_dynamic_task_mapping_with_no_taskflow_operators' retrieved from /home/airflow/.local/lib/python3.12/site-packages/airflow/example_dags/example_dynamic_task_mapping_with_no_taskflow_operators.py
[2024-07-13T01:52:45.482+0000] {logging_mixin.py:188} INFO - [2024-07-13T01:52:45.482+0000] {dag.py:3096} INFO - Sync 1 DAGs
[2024-07-13T01:52:45.528+0000] {logging_mixin.py:188} INFO - [2024-07-13T01:52:45.527+0000] {dag.py:3954} INFO - Setting next_dagrun for example_dynamic_task_mapping_with_no_taskflow_operators to 2024-07-12 00:00:00+00:00, run_after=2024-07-13 00:00:00+00:00
[2024-07-13T01:52:45.562+0000] {processor.py:183} INFO - Processing /home/airflow/.local/lib/python3.12/site-packages/airflow/example_dags/example_dynamic_task_mapping_with_no_taskflow_operators.py took 0.141 seconds
[2024-07-13T01:53:15.615+0000] {processor.py:161} INFO - Started process (PID=1278) to work on /home/airflow/.local/lib/python3.12/site-packages/airflow/example_dags/example_dynamic_task_mapping_with_no_taskflow_operators.py
[2024-07-13T01:53:15.616+0000] {processor.py:830} INFO - Processing file /home/airflow/.local/lib/python3.12/site-packages/airflow/example_dags/example_dynamic_task_mapping_with_no_taskflow_operators.py for tasks to queue
[2024-07-13T01:53:15.617+0000] {logging_mixin.py:188} INFO - [2024-07-13T01:53:15.617+0000] {dagbag.py:545} INFO - Filling up the DagBag from /home/airflow/.local/lib/python3.12/site-packages/airflow/example_dags/example_dynamic_task_mapping_with_no_taskflow_operators.py
[2024-07-13T01:53:15.622+0000] {processor.py:840} INFO - DAG(s) 'example_dynamic_task_mapping_with_no_taskflow_operators' retrieved from /home/airflow/.local/lib/python3.12/site-packages/airflow/example_dags/example_dynamic_task_mapping_with_no_taskflow_operators.py
[2024-07-13T01:53:15.637+0000] {logging_mixin.py:188} INFO - [2024-07-13T01:53:15.637+0000] {dag.py:3096} INFO - Sync 1 DAGs
[2024-07-13T01:53:15.653+0000] {logging_mixin.py:188} INFO - [2024-07-13T01:53:15.653+0000] {dag.py:3954} INFO - Setting next_dagrun for example_dynamic_task_mapping_with_no_taskflow_operators to 2024-07-12 00:00:00+00:00, run_after=2024-07-13 00:00:00+00:00
[2024-07-13T01:53:15.676+0000] {processor.py:183} INFO - Processing /home/airflow/.local/lib/python3.12/site-packages/airflow/example_dags/example_dynamic_task_mapping_with_no_taskflow_operators.py took 0.065 seconds
[2024-07-13T01:53:46.062+0000] {processor.py:161} INFO - Started process (PID=1339) to work on /home/airflow/.local/lib/python3.12/site-packages/airflow/example_dags/example_dynamic_task_mapping_with_no_taskflow_operators.py
[2024-07-13T01:53:46.063+0000] {processor.py:830} INFO - Processing file /home/airflow/.local/lib/python3.12/site-packages/airflow/example_dags/example_dynamic_task_mapping_with_no_taskflow_operators.py for tasks to queue
[2024-07-13T01:53:46.065+0000] {logging_mixin.py:188} INFO - [2024-07-13T01:53:46.065+0000] {dagbag.py:545} INFO - Filling up the DagBag from /home/airflow/.local/lib/python3.12/site-packages/airflow/example_dags/example_dynamic_task_mapping_with_no_taskflow_operators.py
[2024-07-13T01:53:46.072+0000] {processor.py:840} INFO - DAG(s) 'example_dynamic_task_mapping_with_no_taskflow_operators' retrieved from /home/airflow/.local/lib/python3.12/site-packages/airflow/example_dags/example_dynamic_task_mapping_with_no_taskflow_operators.py
[2024-07-13T01:53:46.092+0000] {logging_mixin.py:188} INFO - [2024-07-13T01:53:46.092+0000] {dag.py:3096} INFO - Sync 1 DAGs
[2024-07-13T01:53:46.131+0000] {logging_mixin.py:188} INFO - [2024-07-13T01:53:46.131+0000] {dag.py:3954} INFO - Setting next_dagrun for example_dynamic_task_mapping_with_no_taskflow_operators to 2024-07-12 00:00:00+00:00, run_after=2024-07-13 00:00:00+00:00
[2024-07-13T01:53:46.186+0000] {processor.py:183} INFO - Processing /home/airflow/.local/lib/python3.12/site-packages/airflow/example_dags/example_dynamic_task_mapping_with_no_taskflow_operators.py took 0.129 seconds
[2024-07-13T01:54:16.538+0000] {processor.py:161} INFO - Started process (PID=1400) to work on /home/airflow/.local/lib/python3.12/site-packages/airflow/example_dags/example_dynamic_task_mapping_with_no_taskflow_operators.py
[2024-07-13T01:54:16.539+0000] {processor.py:830} INFO - Processing file /home/airflow/.local/lib/python3.12/site-packages/airflow/example_dags/example_dynamic_task_mapping_with_no_taskflow_operators.py for tasks to queue
[2024-07-13T01:54:16.541+0000] {logging_mixin.py:188} INFO - [2024-07-13T01:54:16.540+0000] {dagbag.py:545} INFO - Filling up the DagBag from /home/airflow/.local/lib/python3.12/site-packages/airflow/example_dags/example_dynamic_task_mapping_with_no_taskflow_operators.py
[2024-07-13T01:54:16.549+0000] {processor.py:840} INFO - DAG(s) 'example_dynamic_task_mapping_with_no_taskflow_operators' retrieved from /home/airflow/.local/lib/python3.12/site-packages/airflow/example_dags/example_dynamic_task_mapping_with_no_taskflow_operators.py
[2024-07-13T01:54:16.594+0000] {logging_mixin.py:188} INFO - [2024-07-13T01:54:16.594+0000] {dag.py:3096} INFO - Sync 1 DAGs
[2024-07-13T01:54:16.620+0000] {logging_mixin.py:188} INFO - [2024-07-13T01:54:16.620+0000] {dag.py:3954} INFO - Setting next_dagrun for example_dynamic_task_mapping_with_no_taskflow_operators to 2024-07-12 00:00:00+00:00, run_after=2024-07-13 00:00:00+00:00
[2024-07-13T01:54:16.680+0000] {processor.py:183} INFO - Processing /home/airflow/.local/lib/python3.12/site-packages/airflow/example_dags/example_dynamic_task_mapping_with_no_taskflow_operators.py took 0.148 seconds
[2024-07-13T01:54:46.804+0000] {processor.py:161} INFO - Started process (PID=1463) to work on /home/airflow/.local/lib/python3.12/site-packages/airflow/example_dags/example_dynamic_task_mapping_with_no_taskflow_operators.py
[2024-07-13T01:54:46.804+0000] {processor.py:830} INFO - Processing file /home/airflow/.local/lib/python3.12/site-packages/airflow/example_dags/example_dynamic_task_mapping_with_no_taskflow_operators.py for tasks to queue
[2024-07-13T01:54:46.806+0000] {logging_mixin.py:188} INFO - [2024-07-13T01:54:46.805+0000] {dagbag.py:545} INFO - Filling up the DagBag from /home/airflow/.local/lib/python3.12/site-packages/airflow/example_dags/example_dynamic_task_mapping_with_no_taskflow_operators.py
[2024-07-13T01:54:46.810+0000] {processor.py:840} INFO - DAG(s) 'example_dynamic_task_mapping_with_no_taskflow_operators' retrieved from /home/airflow/.local/lib/python3.12/site-packages/airflow/example_dags/example_dynamic_task_mapping_with_no_taskflow_operators.py
[2024-07-13T01:54:46.825+0000] {logging_mixin.py:188} INFO - [2024-07-13T01:54:46.825+0000] {dag.py:3096} INFO - Sync 1 DAGs
[2024-07-13T01:54:46.841+0000] {logging_mixin.py:188} INFO - [2024-07-13T01:54:46.841+0000] {dag.py:3954} INFO - Setting next_dagrun for example_dynamic_task_mapping_with_no_taskflow_operators to 2024-07-12 00:00:00+00:00, run_after=2024-07-13 00:00:00+00:00
[2024-07-13T01:54:46.861+0000] {processor.py:183} INFO - Processing /home/airflow/.local/lib/python3.12/site-packages/airflow/example_dags/example_dynamic_task_mapping_with_no_taskflow_operators.py took 0.062 seconds
[2024-07-13T01:55:16.928+0000] {processor.py:161} INFO - Started process (PID=1524) to work on /home/airflow/.local/lib/python3.12/site-packages/airflow/example_dags/example_dynamic_task_mapping_with_no_taskflow_operators.py
[2024-07-13T01:55:16.928+0000] {processor.py:830} INFO - Processing file /home/airflow/.local/lib/python3.12/site-packages/airflow/example_dags/example_dynamic_task_mapping_with_no_taskflow_operators.py for tasks to queue
[2024-07-13T01:55:16.930+0000] {logging_mixin.py:188} INFO - [2024-07-13T01:55:16.929+0000] {dagbag.py:545} INFO - Filling up the DagBag from /home/airflow/.local/lib/python3.12/site-packages/airflow/example_dags/example_dynamic_task_mapping_with_no_taskflow_operators.py
[2024-07-13T01:55:16.934+0000] {processor.py:840} INFO - DAG(s) 'example_dynamic_task_mapping_with_no_taskflow_operators' retrieved from /home/airflow/.local/lib/python3.12/site-packages/airflow/example_dags/example_dynamic_task_mapping_with_no_taskflow_operators.py
[2024-07-13T01:55:16.949+0000] {logging_mixin.py:188} INFO - [2024-07-13T01:55:16.949+0000] {dag.py:3096} INFO - Sync 1 DAGs
[2024-07-13T01:55:16.966+0000] {logging_mixin.py:188} INFO - [2024-07-13T01:55:16.966+0000] {dag.py:3954} INFO - Setting next_dagrun for example_dynamic_task_mapping_with_no_taskflow_operators to 2024-07-12 00:00:00+00:00, run_after=2024-07-13 00:00:00+00:00
[2024-07-13T01:55:16.989+0000] {processor.py:183} INFO - Processing /home/airflow/.local/lib/python3.12/site-packages/airflow/example_dags/example_dynamic_task_mapping_with_no_taskflow_operators.py took 0.065 seconds
[2024-07-13T01:55:47.801+0000] {processor.py:161} INFO - Started process (PID=1586) to work on /home/airflow/.local/lib/python3.12/site-packages/airflow/example_dags/example_dynamic_task_mapping_with_no_taskflow_operators.py
[2024-07-13T01:55:47.802+0000] {processor.py:830} INFO - Processing file /home/airflow/.local/lib/python3.12/site-packages/airflow/example_dags/example_dynamic_task_mapping_with_no_taskflow_operators.py for tasks to queue
[2024-07-13T01:55:47.804+0000] {logging_mixin.py:188} INFO - [2024-07-13T01:55:47.804+0000] {dagbag.py:545} INFO - Filling up the DagBag from /home/airflow/.local/lib/python3.12/site-packages/airflow/example_dags/example_dynamic_task_mapping_with_no_taskflow_operators.py
[2024-07-13T01:55:47.811+0000] {processor.py:840} INFO - DAG(s) 'example_dynamic_task_mapping_with_no_taskflow_operators' retrieved from /home/airflow/.local/lib/python3.12/site-packages/airflow/example_dags/example_dynamic_task_mapping_with_no_taskflow_operators.py
[2024-07-13T01:55:47.831+0000] {logging_mixin.py:188} INFO - [2024-07-13T01:55:47.831+0000] {dag.py:3096} INFO - Sync 1 DAGs
[2024-07-13T01:55:47.851+0000] {logging_mixin.py:188} INFO - [2024-07-13T01:55:47.851+0000] {dag.py:3954} INFO - Setting next_dagrun for example_dynamic_task_mapping_with_no_taskflow_operators to 2024-07-12 00:00:00+00:00, run_after=2024-07-13 00:00:00+00:00
[2024-07-13T01:55:47.874+0000] {processor.py:183} INFO - Processing /home/airflow/.local/lib/python3.12/site-packages/airflow/example_dags/example_dynamic_task_mapping_with_no_taskflow_operators.py took 0.079 seconds
[2024-07-13T01:56:18.362+0000] {processor.py:161} INFO - Started process (PID=1648) to work on /home/airflow/.local/lib/python3.12/site-packages/airflow/example_dags/example_dynamic_task_mapping_with_no_taskflow_operators.py
[2024-07-13T01:56:18.363+0000] {processor.py:830} INFO - Processing file /home/airflow/.local/lib/python3.12/site-packages/airflow/example_dags/example_dynamic_task_mapping_with_no_taskflow_operators.py for tasks to queue
[2024-07-13T01:56:18.365+0000] {logging_mixin.py:188} INFO - [2024-07-13T01:56:18.365+0000] {dagbag.py:545} INFO - Filling up the DagBag from /home/airflow/.local/lib/python3.12/site-packages/airflow/example_dags/example_dynamic_task_mapping_with_no_taskflow_operators.py
[2024-07-13T01:56:18.373+0000] {processor.py:840} INFO - DAG(s) 'example_dynamic_task_mapping_with_no_taskflow_operators' retrieved from /home/airflow/.local/lib/python3.12/site-packages/airflow/example_dags/example_dynamic_task_mapping_with_no_taskflow_operators.py
[2024-07-13T01:56:18.408+0000] {logging_mixin.py:188} INFO - [2024-07-13T01:56:18.408+0000] {dag.py:3096} INFO - Sync 1 DAGs
[2024-07-13T01:56:18.428+0000] {logging_mixin.py:188} INFO - [2024-07-13T01:56:18.427+0000] {dag.py:3954} INFO - Setting next_dagrun for example_dynamic_task_mapping_with_no_taskflow_operators to 2024-07-12 00:00:00+00:00, run_after=2024-07-13 00:00:00+00:00
[2024-07-13T01:56:18.463+0000] {processor.py:183} INFO - Processing /home/airflow/.local/lib/python3.12/site-packages/airflow/example_dags/example_dynamic_task_mapping_with_no_taskflow_operators.py took 0.107 seconds
[2024-07-13T02:00:45.351+0000] {processor.py:161} INFO - Started process (PID=62) to work on /home/airflow/.local/lib/python3.12/site-packages/airflow/example_dags/example_dynamic_task_mapping_with_no_taskflow_operators.py
[2024-07-13T02:00:45.352+0000] {processor.py:830} INFO - Processing file /home/airflow/.local/lib/python3.12/site-packages/airflow/example_dags/example_dynamic_task_mapping_with_no_taskflow_operators.py for tasks to queue
[2024-07-13T02:00:45.354+0000] {logging_mixin.py:188} INFO - [2024-07-13T02:00:45.354+0000] {dagbag.py:545} INFO - Filling up the DagBag from /home/airflow/.local/lib/python3.12/site-packages/airflow/example_dags/example_dynamic_task_mapping_with_no_taskflow_operators.py
[2024-07-13T02:00:45.360+0000] {processor.py:840} INFO - DAG(s) 'example_dynamic_task_mapping_with_no_taskflow_operators' retrieved from /home/airflow/.local/lib/python3.12/site-packages/airflow/example_dags/example_dynamic_task_mapping_with_no_taskflow_operators.py
[2024-07-13T02:00:45.480+0000] {logging_mixin.py:188} INFO - [2024-07-13T02:00:45.480+0000] {dag.py:3096} INFO - Sync 1 DAGs
[2024-07-13T02:00:45.505+0000] {logging_mixin.py:188} INFO - [2024-07-13T02:00:45.505+0000] {dag.py:3954} INFO - Setting next_dagrun for example_dynamic_task_mapping_with_no_taskflow_operators to 2024-07-12 00:00:00+00:00, run_after=2024-07-13 00:00:00+00:00
[2024-07-13T02:00:45.528+0000] {processor.py:183} INFO - Processing /home/airflow/.local/lib/python3.12/site-packages/airflow/example_dags/example_dynamic_task_mapping_with_no_taskflow_operators.py took 0.183 seconds
[2024-07-13T02:01:15.839+0000] {processor.py:161} INFO - Started process (PID=123) to work on /home/airflow/.local/lib/python3.12/site-packages/airflow/example_dags/example_dynamic_task_mapping_with_no_taskflow_operators.py
[2024-07-13T02:01:15.840+0000] {processor.py:830} INFO - Processing file /home/airflow/.local/lib/python3.12/site-packages/airflow/example_dags/example_dynamic_task_mapping_with_no_taskflow_operators.py for tasks to queue
[2024-07-13T02:01:15.842+0000] {logging_mixin.py:188} INFO - [2024-07-13T02:01:15.841+0000] {dagbag.py:545} INFO - Filling up the DagBag from /home/airflow/.local/lib/python3.12/site-packages/airflow/example_dags/example_dynamic_task_mapping_with_no_taskflow_operators.py
[2024-07-13T02:01:15.848+0000] {processor.py:840} INFO - DAG(s) 'example_dynamic_task_mapping_with_no_taskflow_operators' retrieved from /home/airflow/.local/lib/python3.12/site-packages/airflow/example_dags/example_dynamic_task_mapping_with_no_taskflow_operators.py
[2024-07-13T02:01:15.883+0000] {logging_mixin.py:188} INFO - [2024-07-13T02:01:15.883+0000] {dag.py:3096} INFO - Sync 1 DAGs
[2024-07-13T02:01:15.908+0000] {logging_mixin.py:188} INFO - [2024-07-13T02:01:15.908+0000] {dag.py:3954} INFO - Setting next_dagrun for example_dynamic_task_mapping_with_no_taskflow_operators to 2024-07-12 00:00:00+00:00, run_after=2024-07-13 00:00:00+00:00
[2024-07-13T02:01:15.932+0000] {processor.py:183} INFO - Processing /home/airflow/.local/lib/python3.12/site-packages/airflow/example_dags/example_dynamic_task_mapping_with_no_taskflow_operators.py took 0.103 seconds
[2024-07-13T02:01:47.103+0000] {processor.py:161} INFO - Started process (PID=184) to work on /home/airflow/.local/lib/python3.12/site-packages/airflow/example_dags/example_dynamic_task_mapping_with_no_taskflow_operators.py
[2024-07-13T02:01:47.111+0000] {processor.py:830} INFO - Processing file /home/airflow/.local/lib/python3.12/site-packages/airflow/example_dags/example_dynamic_task_mapping_with_no_taskflow_operators.py for tasks to queue
[2024-07-13T02:01:47.112+0000] {logging_mixin.py:188} INFO - [2024-07-13T02:01:47.112+0000] {dagbag.py:545} INFO - Filling up the DagBag from /home/airflow/.local/lib/python3.12/site-packages/airflow/example_dags/example_dynamic_task_mapping_with_no_taskflow_operators.py
[2024-07-13T02:01:47.144+0000] {processor.py:840} INFO - DAG(s) 'example_dynamic_task_mapping_with_no_taskflow_operators' retrieved from /home/airflow/.local/lib/python3.12/site-packages/airflow/example_dags/example_dynamic_task_mapping_with_no_taskflow_operators.py
[2024-07-13T02:01:47.216+0000] {logging_mixin.py:188} INFO - [2024-07-13T02:01:47.215+0000] {dag.py:3096} INFO - Sync 1 DAGs
[2024-07-13T02:01:47.295+0000] {logging_mixin.py:188} INFO - [2024-07-13T02:01:47.295+0000] {dag.py:3954} INFO - Setting next_dagrun for example_dynamic_task_mapping_with_no_taskflow_operators to 2024-07-12 00:00:00+00:00, run_after=2024-07-13 00:00:00+00:00
[2024-07-13T02:01:47.397+0000] {processor.py:183} INFO - Processing /home/airflow/.local/lib/python3.12/site-packages/airflow/example_dags/example_dynamic_task_mapping_with_no_taskflow_operators.py took 0.316 seconds
[2024-07-13T02:02:17.718+0000] {processor.py:161} INFO - Started process (PID=246) to work on /home/airflow/.local/lib/python3.12/site-packages/airflow/example_dags/example_dynamic_task_mapping_with_no_taskflow_operators.py
[2024-07-13T02:02:17.719+0000] {processor.py:830} INFO - Processing file /home/airflow/.local/lib/python3.12/site-packages/airflow/example_dags/example_dynamic_task_mapping_with_no_taskflow_operators.py for tasks to queue
[2024-07-13T02:02:17.734+0000] {logging_mixin.py:188} INFO - [2024-07-13T02:02:17.734+0000] {dagbag.py:545} INFO - Filling up the DagBag from /home/airflow/.local/lib/python3.12/site-packages/airflow/example_dags/example_dynamic_task_mapping_with_no_taskflow_operators.py
[2024-07-13T02:02:17.760+0000] {processor.py:840} INFO - DAG(s) 'example_dynamic_task_mapping_with_no_taskflow_operators' retrieved from /home/airflow/.local/lib/python3.12/site-packages/airflow/example_dags/example_dynamic_task_mapping_with_no_taskflow_operators.py
[2024-07-13T02:02:17.805+0000] {logging_mixin.py:188} INFO - [2024-07-13T02:02:17.805+0000] {dag.py:3096} INFO - Sync 1 DAGs
[2024-07-13T02:02:17.836+0000] {logging_mixin.py:188} INFO - [2024-07-13T02:02:17.836+0000] {dag.py:3954} INFO - Setting next_dagrun for example_dynamic_task_mapping_with_no_taskflow_operators to 2024-07-12 00:00:00+00:00, run_after=2024-07-13 00:00:00+00:00
[2024-07-13T02:02:17.863+0000] {processor.py:183} INFO - Processing /home/airflow/.local/lib/python3.12/site-packages/airflow/example_dags/example_dynamic_task_mapping_with_no_taskflow_operators.py took 0.174 seconds
[2024-07-13T02:02:47.924+0000] {processor.py:161} INFO - Started process (PID=308) to work on /home/airflow/.local/lib/python3.12/site-packages/airflow/example_dags/example_dynamic_task_mapping_with_no_taskflow_operators.py
[2024-07-13T02:02:47.925+0000] {processor.py:830} INFO - Processing file /home/airflow/.local/lib/python3.12/site-packages/airflow/example_dags/example_dynamic_task_mapping_with_no_taskflow_operators.py for tasks to queue
[2024-07-13T02:02:47.926+0000] {logging_mixin.py:188} INFO - [2024-07-13T02:02:47.926+0000] {dagbag.py:545} INFO - Filling up the DagBag from /home/airflow/.local/lib/python3.12/site-packages/airflow/example_dags/example_dynamic_task_mapping_with_no_taskflow_operators.py
[2024-07-13T02:02:47.935+0000] {processor.py:840} INFO - DAG(s) 'example_dynamic_task_mapping_with_no_taskflow_operators' retrieved from /home/airflow/.local/lib/python3.12/site-packages/airflow/example_dags/example_dynamic_task_mapping_with_no_taskflow_operators.py
[2024-07-13T02:02:47.954+0000] {logging_mixin.py:188} INFO - [2024-07-13T02:02:47.954+0000] {dag.py:3096} INFO - Sync 1 DAGs
[2024-07-13T02:02:47.976+0000] {logging_mixin.py:188} INFO - [2024-07-13T02:02:47.976+0000] {dag.py:3954} INFO - Setting next_dagrun for example_dynamic_task_mapping_with_no_taskflow_operators to 2024-07-12 00:00:00+00:00, run_after=2024-07-13 00:00:00+00:00
[2024-07-13T02:02:48.002+0000] {processor.py:183} INFO - Processing /home/airflow/.local/lib/python3.12/site-packages/airflow/example_dags/example_dynamic_task_mapping_with_no_taskflow_operators.py took 0.083 seconds
[2024-07-13T02:03:18.044+0000] {processor.py:161} INFO - Started process (PID=368) to work on /home/airflow/.local/lib/python3.12/site-packages/airflow/example_dags/example_dynamic_task_mapping_with_no_taskflow_operators.py
[2024-07-13T02:03:18.044+0000] {processor.py:830} INFO - Processing file /home/airflow/.local/lib/python3.12/site-packages/airflow/example_dags/example_dynamic_task_mapping_with_no_taskflow_operators.py for tasks to queue
[2024-07-13T02:03:18.045+0000] {logging_mixin.py:188} INFO - [2024-07-13T02:03:18.045+0000] {dagbag.py:545} INFO - Filling up the DagBag from /home/airflow/.local/lib/python3.12/site-packages/airflow/example_dags/example_dynamic_task_mapping_with_no_taskflow_operators.py
[2024-07-13T02:03:18.052+0000] {processor.py:840} INFO - DAG(s) 'example_dynamic_task_mapping_with_no_taskflow_operators' retrieved from /home/airflow/.local/lib/python3.12/site-packages/airflow/example_dags/example_dynamic_task_mapping_with_no_taskflow_operators.py
[2024-07-13T02:03:18.073+0000] {logging_mixin.py:188} INFO - [2024-07-13T02:03:18.072+0000] {dag.py:3096} INFO - Sync 1 DAGs
[2024-07-13T02:03:18.102+0000] {logging_mixin.py:188} INFO - [2024-07-13T02:03:18.102+0000] {dag.py:3954} INFO - Setting next_dagrun for example_dynamic_task_mapping_with_no_taskflow_operators to 2024-07-12 00:00:00+00:00, run_after=2024-07-13 00:00:00+00:00
[2024-07-13T02:03:18.135+0000] {processor.py:183} INFO - Processing /home/airflow/.local/lib/python3.12/site-packages/airflow/example_dags/example_dynamic_task_mapping_with_no_taskflow_operators.py took 0.096 seconds
[2024-07-13T02:03:48.197+0000] {processor.py:161} INFO - Started process (PID=429) to work on /home/airflow/.local/lib/python3.12/site-packages/airflow/example_dags/example_dynamic_task_mapping_with_no_taskflow_operators.py
[2024-07-13T02:03:48.198+0000] {processor.py:830} INFO - Processing file /home/airflow/.local/lib/python3.12/site-packages/airflow/example_dags/example_dynamic_task_mapping_with_no_taskflow_operators.py for tasks to queue
[2024-07-13T02:03:48.199+0000] {logging_mixin.py:188} INFO - [2024-07-13T02:03:48.199+0000] {dagbag.py:545} INFO - Filling up the DagBag from /home/airflow/.local/lib/python3.12/site-packages/airflow/example_dags/example_dynamic_task_mapping_with_no_taskflow_operators.py
[2024-07-13T02:03:48.205+0000] {processor.py:840} INFO - DAG(s) 'example_dynamic_task_mapping_with_no_taskflow_operators' retrieved from /home/airflow/.local/lib/python3.12/site-packages/airflow/example_dags/example_dynamic_task_mapping_with_no_taskflow_operators.py
[2024-07-13T02:03:48.222+0000] {logging_mixin.py:188} INFO - [2024-07-13T02:03:48.221+0000] {dag.py:3096} INFO - Sync 1 DAGs
[2024-07-13T02:03:48.237+0000] {logging_mixin.py:188} INFO - [2024-07-13T02:03:48.237+0000] {dag.py:3954} INFO - Setting next_dagrun for example_dynamic_task_mapping_with_no_taskflow_operators to 2024-07-12 00:00:00+00:00, run_after=2024-07-13 00:00:00+00:00
[2024-07-13T02:03:48.259+0000] {processor.py:183} INFO - Processing /home/airflow/.local/lib/python3.12/site-packages/airflow/example_dags/example_dynamic_task_mapping_with_no_taskflow_operators.py took 0.068 seconds
[2024-07-13T02:04:19.468+0000] {processor.py:161} INFO - Started process (PID=493) to work on /home/airflow/.local/lib/python3.12/site-packages/airflow/example_dags/example_dynamic_task_mapping_with_no_taskflow_operators.py
[2024-07-13T02:04:19.469+0000] {processor.py:830} INFO - Processing file /home/airflow/.local/lib/python3.12/site-packages/airflow/example_dags/example_dynamic_task_mapping_with_no_taskflow_operators.py for tasks to queue
[2024-07-13T02:04:19.471+0000] {logging_mixin.py:188} INFO - [2024-07-13T02:04:19.470+0000] {dagbag.py:545} INFO - Filling up the DagBag from /home/airflow/.local/lib/python3.12/site-packages/airflow/example_dags/example_dynamic_task_mapping_with_no_taskflow_operators.py
[2024-07-13T02:04:19.478+0000] {processor.py:840} INFO - DAG(s) 'example_dynamic_task_mapping_with_no_taskflow_operators' retrieved from /home/airflow/.local/lib/python3.12/site-packages/airflow/example_dags/example_dynamic_task_mapping_with_no_taskflow_operators.py
[2024-07-13T02:04:19.495+0000] {logging_mixin.py:188} INFO - [2024-07-13T02:04:19.495+0000] {dag.py:3096} INFO - Sync 1 DAGs
[2024-07-13T02:04:19.519+0000] {logging_mixin.py:188} INFO - [2024-07-13T02:04:19.519+0000] {dag.py:3954} INFO - Setting next_dagrun for example_dynamic_task_mapping_with_no_taskflow_operators to 2024-07-12 00:00:00+00:00, run_after=2024-07-13 00:00:00+00:00
[2024-07-13T02:04:19.544+0000] {processor.py:183} INFO - Processing /home/airflow/.local/lib/python3.12/site-packages/airflow/example_dags/example_dynamic_task_mapping_with_no_taskflow_operators.py took 0.082 seconds
[2024-07-13T02:04:50.608+0000] {processor.py:161} INFO - Started process (PID=553) to work on /home/airflow/.local/lib/python3.12/site-packages/airflow/example_dags/example_dynamic_task_mapping_with_no_taskflow_operators.py
[2024-07-13T02:04:50.618+0000] {processor.py:830} INFO - Processing file /home/airflow/.local/lib/python3.12/site-packages/airflow/example_dags/example_dynamic_task_mapping_with_no_taskflow_operators.py for tasks to queue
[2024-07-13T02:04:50.619+0000] {logging_mixin.py:188} INFO - [2024-07-13T02:04:50.618+0000] {dagbag.py:545} INFO - Filling up the DagBag from /home/airflow/.local/lib/python3.12/site-packages/airflow/example_dags/example_dynamic_task_mapping_with_no_taskflow_operators.py
[2024-07-13T02:04:50.633+0000] {processor.py:840} INFO - DAG(s) 'example_dynamic_task_mapping_with_no_taskflow_operators' retrieved from /home/airflow/.local/lib/python3.12/site-packages/airflow/example_dags/example_dynamic_task_mapping_with_no_taskflow_operators.py
[2024-07-13T02:04:50.665+0000] {logging_mixin.py:188} INFO - [2024-07-13T02:04:50.665+0000] {dag.py:3096} INFO - Sync 1 DAGs
[2024-07-13T02:04:50.692+0000] {logging_mixin.py:188} INFO - [2024-07-13T02:04:50.692+0000] {dag.py:3954} INFO - Setting next_dagrun for example_dynamic_task_mapping_with_no_taskflow_operators to 2024-07-12 00:00:00+00:00, run_after=2024-07-13 00:00:00+00:00
[2024-07-13T02:04:50.733+0000] {processor.py:183} INFO - Processing /home/airflow/.local/lib/python3.12/site-packages/airflow/example_dags/example_dynamic_task_mapping_with_no_taskflow_operators.py took 0.132 seconds
[2024-07-13T02:05:20.848+0000] {processor.py:161} INFO - Started process (PID=612) to work on /home/airflow/.local/lib/python3.12/site-packages/airflow/example_dags/example_dynamic_task_mapping_with_no_taskflow_operators.py
[2024-07-13T02:05:20.849+0000] {processor.py:830} INFO - Processing file /home/airflow/.local/lib/python3.12/site-packages/airflow/example_dags/example_dynamic_task_mapping_with_no_taskflow_operators.py for tasks to queue
[2024-07-13T02:05:20.850+0000] {logging_mixin.py:188} INFO - [2024-07-13T02:05:20.849+0000] {dagbag.py:545} INFO - Filling up the DagBag from /home/airflow/.local/lib/python3.12/site-packages/airflow/example_dags/example_dynamic_task_mapping_with_no_taskflow_operators.py
[2024-07-13T02:05:20.857+0000] {processor.py:840} INFO - DAG(s) 'example_dynamic_task_mapping_with_no_taskflow_operators' retrieved from /home/airflow/.local/lib/python3.12/site-packages/airflow/example_dags/example_dynamic_task_mapping_with_no_taskflow_operators.py
[2024-07-13T02:05:20.874+0000] {logging_mixin.py:188} INFO - [2024-07-13T02:05:20.874+0000] {dag.py:3096} INFO - Sync 1 DAGs
[2024-07-13T02:05:20.897+0000] {logging_mixin.py:188} INFO - [2024-07-13T02:05:20.897+0000] {dag.py:3954} INFO - Setting next_dagrun for example_dynamic_task_mapping_with_no_taskflow_operators to 2024-07-12 00:00:00+00:00, run_after=2024-07-13 00:00:00+00:00
[2024-07-13T02:05:20.922+0000] {processor.py:183} INFO - Processing /home/airflow/.local/lib/python3.12/site-packages/airflow/example_dags/example_dynamic_task_mapping_with_no_taskflow_operators.py took 0.080 seconds
[2024-07-13T02:05:53.030+0000] {processor.py:161} INFO - Started process (PID=673) to work on /home/airflow/.local/lib/python3.12/site-packages/airflow/example_dags/example_dynamic_task_mapping_with_no_taskflow_operators.py
[2024-07-13T02:05:53.038+0000] {processor.py:830} INFO - Processing file /home/airflow/.local/lib/python3.12/site-packages/airflow/example_dags/example_dynamic_task_mapping_with_no_taskflow_operators.py for tasks to queue
[2024-07-13T02:05:53.039+0000] {logging_mixin.py:188} INFO - [2024-07-13T02:05:53.039+0000] {dagbag.py:545} INFO - Filling up the DagBag from /home/airflow/.local/lib/python3.12/site-packages/airflow/example_dags/example_dynamic_task_mapping_with_no_taskflow_operators.py
[2024-07-13T02:05:53.066+0000] {processor.py:840} INFO - DAG(s) 'example_dynamic_task_mapping_with_no_taskflow_operators' retrieved from /home/airflow/.local/lib/python3.12/site-packages/airflow/example_dags/example_dynamic_task_mapping_with_no_taskflow_operators.py
[2024-07-13T02:05:53.118+0000] {logging_mixin.py:188} INFO - [2024-07-13T02:05:53.118+0000] {dag.py:3096} INFO - Sync 1 DAGs
[2024-07-13T02:05:53.237+0000] {logging_mixin.py:188} INFO - [2024-07-13T02:05:53.235+0000] {dag.py:3954} INFO - Setting next_dagrun for example_dynamic_task_mapping_with_no_taskflow_operators to 2024-07-12 00:00:00+00:00, run_after=2024-07-13 00:00:00+00:00
[2024-07-13T02:05:53.399+0000] {processor.py:183} INFO - Processing /home/airflow/.local/lib/python3.12/site-packages/airflow/example_dags/example_dynamic_task_mapping_with_no_taskflow_operators.py took 0.405 seconds
[2024-07-13T02:06:24.004+0000] {processor.py:161} INFO - Started process (PID=734) to work on /home/airflow/.local/lib/python3.12/site-packages/airflow/example_dags/example_dynamic_task_mapping_with_no_taskflow_operators.py
[2024-07-13T02:06:24.004+0000] {processor.py:830} INFO - Processing file /home/airflow/.local/lib/python3.12/site-packages/airflow/example_dags/example_dynamic_task_mapping_with_no_taskflow_operators.py for tasks to queue
[2024-07-13T02:06:24.005+0000] {logging_mixin.py:188} INFO - [2024-07-13T02:06:24.005+0000] {dagbag.py:545} INFO - Filling up the DagBag from /home/airflow/.local/lib/python3.12/site-packages/airflow/example_dags/example_dynamic_task_mapping_with_no_taskflow_operators.py
[2024-07-13T02:06:24.384+0000] {processor.py:840} INFO - DAG(s) 'example_dynamic_task_mapping_with_no_taskflow_operators' retrieved from /home/airflow/.local/lib/python3.12/site-packages/airflow/example_dags/example_dynamic_task_mapping_with_no_taskflow_operators.py
[2024-07-13T02:06:24.462+0000] {logging_mixin.py:188} INFO - [2024-07-13T02:06:24.461+0000] {dag.py:3096} INFO - Sync 1 DAGs
[2024-07-13T02:06:24.565+0000] {logging_mixin.py:188} INFO - [2024-07-13T02:06:24.565+0000] {dag.py:3954} INFO - Setting next_dagrun for example_dynamic_task_mapping_with_no_taskflow_operators to 2024-07-12 00:00:00+00:00, run_after=2024-07-13 00:00:00+00:00
[2024-07-13T02:06:24.631+0000] {processor.py:183} INFO - Processing /home/airflow/.local/lib/python3.12/site-packages/airflow/example_dags/example_dynamic_task_mapping_with_no_taskflow_operators.py took 0.633 seconds
[2024-07-13T02:06:55.303+0000] {processor.py:161} INFO - Started process (PID=795) to work on /home/airflow/.local/lib/python3.12/site-packages/airflow/example_dags/example_dynamic_task_mapping_with_no_taskflow_operators.py
[2024-07-13T02:06:55.303+0000] {processor.py:830} INFO - Processing file /home/airflow/.local/lib/python3.12/site-packages/airflow/example_dags/example_dynamic_task_mapping_with_no_taskflow_operators.py for tasks to queue
[2024-07-13T02:06:55.304+0000] {logging_mixin.py:188} INFO - [2024-07-13T02:06:55.304+0000] {dagbag.py:545} INFO - Filling up the DagBag from /home/airflow/.local/lib/python3.12/site-packages/airflow/example_dags/example_dynamic_task_mapping_with_no_taskflow_operators.py
[2024-07-13T02:06:55.311+0000] {processor.py:840} INFO - DAG(s) 'example_dynamic_task_mapping_with_no_taskflow_operators' retrieved from /home/airflow/.local/lib/python3.12/site-packages/airflow/example_dags/example_dynamic_task_mapping_with_no_taskflow_operators.py
[2024-07-13T02:06:55.333+0000] {logging_mixin.py:188} INFO - [2024-07-13T02:06:55.333+0000] {dag.py:3096} INFO - Sync 1 DAGs
[2024-07-13T02:06:55.368+0000] {logging_mixin.py:188} INFO - [2024-07-13T02:06:55.368+0000] {dag.py:3954} INFO - Setting next_dagrun for example_dynamic_task_mapping_with_no_taskflow_operators to 2024-07-12 00:00:00+00:00, run_after=2024-07-13 00:00:00+00:00
[2024-07-13T02:06:55.395+0000] {processor.py:183} INFO - Processing /home/airflow/.local/lib/python3.12/site-packages/airflow/example_dags/example_dynamic_task_mapping_with_no_taskflow_operators.py took 0.098 seconds
[2024-07-13T02:07:25.786+0000] {processor.py:161} INFO - Started process (PID=857) to work on /home/airflow/.local/lib/python3.12/site-packages/airflow/example_dags/example_dynamic_task_mapping_with_no_taskflow_operators.py
[2024-07-13T02:07:25.790+0000] {processor.py:830} INFO - Processing file /home/airflow/.local/lib/python3.12/site-packages/airflow/example_dags/example_dynamic_task_mapping_with_no_taskflow_operators.py for tasks to queue
[2024-07-13T02:07:25.791+0000] {logging_mixin.py:188} INFO - [2024-07-13T02:07:25.791+0000] {dagbag.py:545} INFO - Filling up the DagBag from /home/airflow/.local/lib/python3.12/site-packages/airflow/example_dags/example_dynamic_task_mapping_with_no_taskflow_operators.py
[2024-07-13T02:07:25.798+0000] {processor.py:840} INFO - DAG(s) 'example_dynamic_task_mapping_with_no_taskflow_operators' retrieved from /home/airflow/.local/lib/python3.12/site-packages/airflow/example_dags/example_dynamic_task_mapping_with_no_taskflow_operators.py
[2024-07-13T02:07:25.822+0000] {logging_mixin.py:188} INFO - [2024-07-13T02:07:25.822+0000] {dag.py:3096} INFO - Sync 1 DAGs
[2024-07-13T02:07:25.845+0000] {logging_mixin.py:188} INFO - [2024-07-13T02:07:25.845+0000] {dag.py:3954} INFO - Setting next_dagrun for example_dynamic_task_mapping_with_no_taskflow_operators to 2024-07-12 00:00:00+00:00, run_after=2024-07-13 00:00:00+00:00
[2024-07-13T02:07:25.869+0000] {processor.py:183} INFO - Processing /home/airflow/.local/lib/python3.12/site-packages/airflow/example_dags/example_dynamic_task_mapping_with_no_taskflow_operators.py took 0.089 seconds
[2024-07-13T02:07:56.204+0000] {processor.py:161} INFO - Started process (PID=918) to work on /home/airflow/.local/lib/python3.12/site-packages/airflow/example_dags/example_dynamic_task_mapping_with_no_taskflow_operators.py
[2024-07-13T02:07:56.204+0000] {processor.py:830} INFO - Processing file /home/airflow/.local/lib/python3.12/site-packages/airflow/example_dags/example_dynamic_task_mapping_with_no_taskflow_operators.py for tasks to queue
[2024-07-13T02:07:56.205+0000] {logging_mixin.py:188} INFO - [2024-07-13T02:07:56.205+0000] {dagbag.py:545} INFO - Filling up the DagBag from /home/airflow/.local/lib/python3.12/site-packages/airflow/example_dags/example_dynamic_task_mapping_with_no_taskflow_operators.py
[2024-07-13T02:07:56.213+0000] {processor.py:840} INFO - DAG(s) 'example_dynamic_task_mapping_with_no_taskflow_operators' retrieved from /home/airflow/.local/lib/python3.12/site-packages/airflow/example_dags/example_dynamic_task_mapping_with_no_taskflow_operators.py
[2024-07-13T02:07:56.232+0000] {logging_mixin.py:188} INFO - [2024-07-13T02:07:56.232+0000] {dag.py:3096} INFO - Sync 1 DAGs
[2024-07-13T02:07:56.256+0000] {logging_mixin.py:188} INFO - [2024-07-13T02:07:56.256+0000] {dag.py:3954} INFO - Setting next_dagrun for example_dynamic_task_mapping_with_no_taskflow_operators to 2024-07-12 00:00:00+00:00, run_after=2024-07-13 00:00:00+00:00
[2024-07-13T02:07:56.282+0000] {processor.py:183} INFO - Processing /home/airflow/.local/lib/python3.12/site-packages/airflow/example_dags/example_dynamic_task_mapping_with_no_taskflow_operators.py took 0.085 seconds
[2024-07-13T02:08:27.041+0000] {processor.py:161} INFO - Started process (PID=980) to work on /home/airflow/.local/lib/python3.12/site-packages/airflow/example_dags/example_dynamic_task_mapping_with_no_taskflow_operators.py
[2024-07-13T02:08:27.042+0000] {processor.py:830} INFO - Processing file /home/airflow/.local/lib/python3.12/site-packages/airflow/example_dags/example_dynamic_task_mapping_with_no_taskflow_operators.py for tasks to queue
[2024-07-13T02:08:27.043+0000] {logging_mixin.py:188} INFO - [2024-07-13T02:08:27.043+0000] {dagbag.py:545} INFO - Filling up the DagBag from /home/airflow/.local/lib/python3.12/site-packages/airflow/example_dags/example_dynamic_task_mapping_with_no_taskflow_operators.py
[2024-07-13T02:08:27.053+0000] {processor.py:840} INFO - DAG(s) 'example_dynamic_task_mapping_with_no_taskflow_operators' retrieved from /home/airflow/.local/lib/python3.12/site-packages/airflow/example_dags/example_dynamic_task_mapping_with_no_taskflow_operators.py
[2024-07-13T02:08:27.079+0000] {logging_mixin.py:188} INFO - [2024-07-13T02:08:27.079+0000] {dag.py:3096} INFO - Sync 1 DAGs
[2024-07-13T02:08:27.103+0000] {logging_mixin.py:188} INFO - [2024-07-13T02:08:27.103+0000] {dag.py:3954} INFO - Setting next_dagrun for example_dynamic_task_mapping_with_no_taskflow_operators to 2024-07-12 00:00:00+00:00, run_after=2024-07-13 00:00:00+00:00
[2024-07-13T02:08:27.233+0000] {processor.py:183} INFO - Processing /home/airflow/.local/lib/python3.12/site-packages/airflow/example_dags/example_dynamic_task_mapping_with_no_taskflow_operators.py took 0.198 seconds
[2024-07-13T02:08:57.962+0000] {processor.py:161} INFO - Started process (PID=1041) to work on /home/airflow/.local/lib/python3.12/site-packages/airflow/example_dags/example_dynamic_task_mapping_with_no_taskflow_operators.py
[2024-07-13T02:08:57.963+0000] {processor.py:830} INFO - Processing file /home/airflow/.local/lib/python3.12/site-packages/airflow/example_dags/example_dynamic_task_mapping_with_no_taskflow_operators.py for tasks to queue
[2024-07-13T02:08:57.964+0000] {logging_mixin.py:188} INFO - [2024-07-13T02:08:57.964+0000] {dagbag.py:545} INFO - Filling up the DagBag from /home/airflow/.local/lib/python3.12/site-packages/airflow/example_dags/example_dynamic_task_mapping_with_no_taskflow_operators.py
[2024-07-13T02:08:57.971+0000] {processor.py:840} INFO - DAG(s) 'example_dynamic_task_mapping_with_no_taskflow_operators' retrieved from /home/airflow/.local/lib/python3.12/site-packages/airflow/example_dags/example_dynamic_task_mapping_with_no_taskflow_operators.py
[2024-07-13T02:08:57.996+0000] {logging_mixin.py:188} INFO - [2024-07-13T02:08:57.996+0000] {dag.py:3096} INFO - Sync 1 DAGs
[2024-07-13T02:08:58.034+0000] {logging_mixin.py:188} INFO - [2024-07-13T02:08:58.034+0000] {dag.py:3954} INFO - Setting next_dagrun for example_dynamic_task_mapping_with_no_taskflow_operators to 2024-07-12 00:00:00+00:00, run_after=2024-07-13 00:00:00+00:00
[2024-07-13T02:08:58.059+0000] {processor.py:183} INFO - Processing /home/airflow/.local/lib/python3.12/site-packages/airflow/example_dags/example_dynamic_task_mapping_with_no_taskflow_operators.py took 0.103 seconds
