[2024-07-13T01:30:49.628+0000] {processor.py:161} INFO - Started process (PID=63) to work on /home/airflow/.local/lib/python3.12/site-packages/airflow/example_dags/example_complex.py
[2024-07-13T01:30:49.629+0000] {processor.py:830} INFO - Processing file /home/airflow/.local/lib/python3.12/site-packages/airflow/example_dags/example_complex.py for tasks to queue
[2024-07-13T01:30:49.632+0000] {logging_mixin.py:188} INFO - [2024-07-13T01:30:49.631+0000] {dagbag.py:545} INFO - Filling up the DagBag from /home/airflow/.local/lib/python3.12/site-packages/airflow/example_dags/example_complex.py
[2024-07-13T01:30:49.650+0000] {processor.py:840} INFO - DAG(s) 'example_complex' retrieved from /home/airflow/.local/lib/python3.12/site-packages/airflow/example_dags/example_complex.py
[2024-07-13T01:30:50.125+0000] {logging_mixin.py:188} INFO - [2024-07-13T01:30:50.125+0000] {dag.py:3096} INFO - Sync 1 DAGs
[2024-07-13T01:30:50.178+0000] {logging_mixin.py:188} INFO - [2024-07-13T01:30:50.178+0000] {dag.py:3954} INFO - Setting next_dagrun for example_complex to None, run_after=None
[2024-07-13T01:30:50.245+0000] {processor.py:183} INFO - Processing /home/airflow/.local/lib/python3.12/site-packages/airflow/example_dags/example_complex.py took 0.623 seconds
[2024-07-13T01:31:20.961+0000] {processor.py:161} INFO - Started process (PID=121) to work on /home/airflow/.local/lib/python3.12/site-packages/airflow/example_dags/example_complex.py
[2024-07-13T01:31:20.962+0000] {processor.py:830} INFO - Processing file /home/airflow/.local/lib/python3.12/site-packages/airflow/example_dags/example_complex.py for tasks to queue
[2024-07-13T01:31:20.963+0000] {logging_mixin.py:188} INFO - [2024-07-13T01:31:20.963+0000] {dagbag.py:545} INFO - Filling up the DagBag from /home/airflow/.local/lib/python3.12/site-packages/airflow/example_dags/example_complex.py
[2024-07-13T01:31:20.977+0000] {processor.py:840} INFO - DAG(s) 'example_complex' retrieved from /home/airflow/.local/lib/python3.12/site-packages/airflow/example_dags/example_complex.py
[2024-07-13T01:31:21.031+0000] {logging_mixin.py:188} INFO - [2024-07-13T01:31:21.031+0000] {dag.py:3096} INFO - Sync 1 DAGs
[2024-07-13T01:31:21.046+0000] {logging_mixin.py:188} INFO - [2024-07-13T01:31:21.045+0000] {dag.py:3954} INFO - Setting next_dagrun for example_complex to None, run_after=None
[2024-07-13T01:31:21.071+0000] {processor.py:183} INFO - Processing /home/airflow/.local/lib/python3.12/site-packages/airflow/example_dags/example_complex.py took 0.115 seconds
[2024-07-13T01:31:51.982+0000] {processor.py:161} INFO - Started process (PID=182) to work on /home/airflow/.local/lib/python3.12/site-packages/airflow/example_dags/example_complex.py
[2024-07-13T01:31:51.983+0000] {processor.py:830} INFO - Processing file /home/airflow/.local/lib/python3.12/site-packages/airflow/example_dags/example_complex.py for tasks to queue
[2024-07-13T01:31:51.984+0000] {logging_mixin.py:188} INFO - [2024-07-13T01:31:51.984+0000] {dagbag.py:545} INFO - Filling up the DagBag from /home/airflow/.local/lib/python3.12/site-packages/airflow/example_dags/example_complex.py
[2024-07-13T01:31:51.996+0000] {processor.py:840} INFO - DAG(s) 'example_complex' retrieved from /home/airflow/.local/lib/python3.12/site-packages/airflow/example_dags/example_complex.py
[2024-07-13T01:31:52.035+0000] {logging_mixin.py:188} INFO - [2024-07-13T01:31:52.034+0000] {dag.py:3096} INFO - Sync 1 DAGs
[2024-07-13T01:31:52.049+0000] {logging_mixin.py:188} INFO - [2024-07-13T01:31:52.049+0000] {dag.py:3954} INFO - Setting next_dagrun for example_complex to None, run_after=None
[2024-07-13T01:31:52.075+0000] {processor.py:183} INFO - Processing /home/airflow/.local/lib/python3.12/site-packages/airflow/example_dags/example_complex.py took 0.098 seconds
[2024-07-13T01:32:22.704+0000] {processor.py:161} INFO - Started process (PID=243) to work on /home/airflow/.local/lib/python3.12/site-packages/airflow/example_dags/example_complex.py
[2024-07-13T01:32:22.714+0000] {processor.py:830} INFO - Processing file /home/airflow/.local/lib/python3.12/site-packages/airflow/example_dags/example_complex.py for tasks to queue
[2024-07-13T01:32:22.717+0000] {logging_mixin.py:188} INFO - [2024-07-13T01:32:22.717+0000] {dagbag.py:545} INFO - Filling up the DagBag from /home/airflow/.local/lib/python3.12/site-packages/airflow/example_dags/example_complex.py
[2024-07-13T01:32:22.790+0000] {processor.py:840} INFO - DAG(s) 'example_complex' retrieved from /home/airflow/.local/lib/python3.12/site-packages/airflow/example_dags/example_complex.py
[2024-07-13T01:32:22.959+0000] {logging_mixin.py:188} INFO - [2024-07-13T01:32:22.958+0000] {dag.py:3096} INFO - Sync 1 DAGs
[2024-07-13T01:32:23.008+0000] {logging_mixin.py:188} INFO - [2024-07-13T01:32:23.008+0000] {dag.py:3954} INFO - Setting next_dagrun for example_complex to None, run_after=None
[2024-07-13T01:32:23.082+0000] {processor.py:183} INFO - Processing /home/airflow/.local/lib/python3.12/site-packages/airflow/example_dags/example_complex.py took 0.405 seconds
[2024-07-13T01:32:53.663+0000] {processor.py:161} INFO - Started process (PID=304) to work on /home/airflow/.local/lib/python3.12/site-packages/airflow/example_dags/example_complex.py
[2024-07-13T01:32:53.682+0000] {processor.py:830} INFO - Processing file /home/airflow/.local/lib/python3.12/site-packages/airflow/example_dags/example_complex.py for tasks to queue
[2024-07-13T01:32:53.684+0000] {logging_mixin.py:188} INFO - [2024-07-13T01:32:53.684+0000] {dagbag.py:545} INFO - Filling up the DagBag from /home/airflow/.local/lib/python3.12/site-packages/airflow/example_dags/example_complex.py
[2024-07-13T01:32:53.718+0000] {processor.py:840} INFO - DAG(s) 'example_complex' retrieved from /home/airflow/.local/lib/python3.12/site-packages/airflow/example_dags/example_complex.py
[2024-07-13T01:32:53.827+0000] {logging_mixin.py:188} INFO - [2024-07-13T01:32:53.827+0000] {dag.py:3096} INFO - Sync 1 DAGs
[2024-07-13T01:32:53.896+0000] {logging_mixin.py:188} INFO - [2024-07-13T01:32:53.896+0000] {dag.py:3954} INFO - Setting next_dagrun for example_complex to None, run_after=None
[2024-07-13T01:32:53.963+0000] {processor.py:183} INFO - Processing /home/airflow/.local/lib/python3.12/site-packages/airflow/example_dags/example_complex.py took 0.306 seconds
[2024-07-13T01:33:24.338+0000] {processor.py:161} INFO - Started process (PID=364) to work on /home/airflow/.local/lib/python3.12/site-packages/airflow/example_dags/example_complex.py
[2024-07-13T01:33:24.339+0000] {processor.py:830} INFO - Processing file /home/airflow/.local/lib/python3.12/site-packages/airflow/example_dags/example_complex.py for tasks to queue
[2024-07-13T01:33:24.341+0000] {logging_mixin.py:188} INFO - [2024-07-13T01:33:24.340+0000] {dagbag.py:545} INFO - Filling up the DagBag from /home/airflow/.local/lib/python3.12/site-packages/airflow/example_dags/example_complex.py
[2024-07-13T01:33:24.353+0000] {processor.py:840} INFO - DAG(s) 'example_complex' retrieved from /home/airflow/.local/lib/python3.12/site-packages/airflow/example_dags/example_complex.py
[2024-07-13T01:33:24.392+0000] {logging_mixin.py:188} INFO - [2024-07-13T01:33:24.392+0000] {dag.py:3096} INFO - Sync 1 DAGs
[2024-07-13T01:33:24.407+0000] {logging_mixin.py:188} INFO - [2024-07-13T01:33:24.407+0000] {dag.py:3954} INFO - Setting next_dagrun for example_complex to None, run_after=None
[2024-07-13T01:33:24.450+0000] {processor.py:183} INFO - Processing /home/airflow/.local/lib/python3.12/site-packages/airflow/example_dags/example_complex.py took 0.117 seconds
[2024-07-13T01:33:54.681+0000] {processor.py:161} INFO - Started process (PID=426) to work on /home/airflow/.local/lib/python3.12/site-packages/airflow/example_dags/example_complex.py
[2024-07-13T01:33:54.682+0000] {processor.py:830} INFO - Processing file /home/airflow/.local/lib/python3.12/site-packages/airflow/example_dags/example_complex.py for tasks to queue
[2024-07-13T01:33:54.684+0000] {logging_mixin.py:188} INFO - [2024-07-13T01:33:54.684+0000] {dagbag.py:545} INFO - Filling up the DagBag from /home/airflow/.local/lib/python3.12/site-packages/airflow/example_dags/example_complex.py
[2024-07-13T01:33:54.696+0000] {processor.py:840} INFO - DAG(s) 'example_complex' retrieved from /home/airflow/.local/lib/python3.12/site-packages/airflow/example_dags/example_complex.py
[2024-07-13T01:33:54.734+0000] {logging_mixin.py:188} INFO - [2024-07-13T01:33:54.734+0000] {dag.py:3096} INFO - Sync 1 DAGs
[2024-07-13T01:33:54.748+0000] {logging_mixin.py:188} INFO - [2024-07-13T01:33:54.748+0000] {dag.py:3954} INFO - Setting next_dagrun for example_complex to None, run_after=None
[2024-07-13T01:33:54.778+0000] {processor.py:183} INFO - Processing /home/airflow/.local/lib/python3.12/site-packages/airflow/example_dags/example_complex.py took 0.102 seconds
[2024-07-13T01:34:25.084+0000] {processor.py:161} INFO - Started process (PID=488) to work on /home/airflow/.local/lib/python3.12/site-packages/airflow/example_dags/example_complex.py
[2024-07-13T01:34:25.085+0000] {processor.py:830} INFO - Processing file /home/airflow/.local/lib/python3.12/site-packages/airflow/example_dags/example_complex.py for tasks to queue
[2024-07-13T01:34:25.087+0000] {logging_mixin.py:188} INFO - [2024-07-13T01:34:25.087+0000] {dagbag.py:545} INFO - Filling up the DagBag from /home/airflow/.local/lib/python3.12/site-packages/airflow/example_dags/example_complex.py
[2024-07-13T01:34:25.099+0000] {processor.py:840} INFO - DAG(s) 'example_complex' retrieved from /home/airflow/.local/lib/python3.12/site-packages/airflow/example_dags/example_complex.py
[2024-07-13T01:34:25.137+0000] {logging_mixin.py:188} INFO - [2024-07-13T01:34:25.137+0000] {dag.py:3096} INFO - Sync 1 DAGs
[2024-07-13T01:34:25.155+0000] {logging_mixin.py:188} INFO - [2024-07-13T01:34:25.155+0000] {dag.py:3954} INFO - Setting next_dagrun for example_complex to None, run_after=None
[2024-07-13T01:34:25.190+0000] {processor.py:183} INFO - Processing /home/airflow/.local/lib/python3.12/site-packages/airflow/example_dags/example_complex.py took 0.111 seconds
[2024-07-13T01:34:55.231+0000] {processor.py:161} INFO - Started process (PID=549) to work on /home/airflow/.local/lib/python3.12/site-packages/airflow/example_dags/example_complex.py
[2024-07-13T01:34:55.232+0000] {processor.py:830} INFO - Processing file /home/airflow/.local/lib/python3.12/site-packages/airflow/example_dags/example_complex.py for tasks to queue
[2024-07-13T01:34:55.234+0000] {logging_mixin.py:188} INFO - [2024-07-13T01:34:55.234+0000] {dagbag.py:545} INFO - Filling up the DagBag from /home/airflow/.local/lib/python3.12/site-packages/airflow/example_dags/example_complex.py
[2024-07-13T01:34:55.247+0000] {processor.py:840} INFO - DAG(s) 'example_complex' retrieved from /home/airflow/.local/lib/python3.12/site-packages/airflow/example_dags/example_complex.py
[2024-07-13T01:34:55.285+0000] {logging_mixin.py:188} INFO - [2024-07-13T01:34:55.285+0000] {dag.py:3096} INFO - Sync 1 DAGs
[2024-07-13T01:34:55.299+0000] {logging_mixin.py:188} INFO - [2024-07-13T01:34:55.299+0000] {dag.py:3954} INFO - Setting next_dagrun for example_complex to None, run_after=None
[2024-07-13T01:34:55.333+0000] {processor.py:183} INFO - Processing /home/airflow/.local/lib/python3.12/site-packages/airflow/example_dags/example_complex.py took 0.107 seconds
[2024-07-13T01:35:25.567+0000] {processor.py:161} INFO - Started process (PID=610) to work on /home/airflow/.local/lib/python3.12/site-packages/airflow/example_dags/example_complex.py
[2024-07-13T01:35:25.568+0000] {processor.py:830} INFO - Processing file /home/airflow/.local/lib/python3.12/site-packages/airflow/example_dags/example_complex.py for tasks to queue
[2024-07-13T01:35:25.570+0000] {logging_mixin.py:188} INFO - [2024-07-13T01:35:25.570+0000] {dagbag.py:545} INFO - Filling up the DagBag from /home/airflow/.local/lib/python3.12/site-packages/airflow/example_dags/example_complex.py
[2024-07-13T01:35:25.594+0000] {processor.py:840} INFO - DAG(s) 'example_complex' retrieved from /home/airflow/.local/lib/python3.12/site-packages/airflow/example_dags/example_complex.py
[2024-07-13T01:35:25.671+0000] {logging_mixin.py:188} INFO - [2024-07-13T01:35:25.671+0000] {dag.py:3096} INFO - Sync 1 DAGs
[2024-07-13T01:35:25.686+0000] {logging_mixin.py:188} INFO - [2024-07-13T01:35:25.685+0000] {dag.py:3954} INFO - Setting next_dagrun for example_complex to None, run_after=None
[2024-07-13T01:35:25.712+0000] {processor.py:183} INFO - Processing /home/airflow/.local/lib/python3.12/site-packages/airflow/example_dags/example_complex.py took 0.151 seconds
[2024-07-13T01:35:55.923+0000] {processor.py:161} INFO - Started process (PID=671) to work on /home/airflow/.local/lib/python3.12/site-packages/airflow/example_dags/example_complex.py
[2024-07-13T01:35:55.924+0000] {processor.py:830} INFO - Processing file /home/airflow/.local/lib/python3.12/site-packages/airflow/example_dags/example_complex.py for tasks to queue
[2024-07-13T01:35:55.925+0000] {logging_mixin.py:188} INFO - [2024-07-13T01:35:55.925+0000] {dagbag.py:545} INFO - Filling up the DagBag from /home/airflow/.local/lib/python3.12/site-packages/airflow/example_dags/example_complex.py
[2024-07-13T01:35:55.945+0000] {processor.py:840} INFO - DAG(s) 'example_complex' retrieved from /home/airflow/.local/lib/python3.12/site-packages/airflow/example_dags/example_complex.py
[2024-07-13T01:35:55.985+0000] {logging_mixin.py:188} INFO - [2024-07-13T01:35:55.985+0000] {dag.py:3096} INFO - Sync 1 DAGs
[2024-07-13T01:35:56.000+0000] {logging_mixin.py:188} INFO - [2024-07-13T01:35:56.000+0000] {dag.py:3954} INFO - Setting next_dagrun for example_complex to None, run_after=None
[2024-07-13T01:35:56.168+0000] {processor.py:183} INFO - Processing /home/airflow/.local/lib/python3.12/site-packages/airflow/example_dags/example_complex.py took 0.252 seconds
[2024-07-13T01:36:26.508+0000] {processor.py:161} INFO - Started process (PID=731) to work on /home/airflow/.local/lib/python3.12/site-packages/airflow/example_dags/example_complex.py
[2024-07-13T01:36:26.509+0000] {processor.py:830} INFO - Processing file /home/airflow/.local/lib/python3.12/site-packages/airflow/example_dags/example_complex.py for tasks to queue
[2024-07-13T01:36:26.511+0000] {logging_mixin.py:188} INFO - [2024-07-13T01:36:26.511+0000] {dagbag.py:545} INFO - Filling up the DagBag from /home/airflow/.local/lib/python3.12/site-packages/airflow/example_dags/example_complex.py
[2024-07-13T01:36:26.522+0000] {processor.py:840} INFO - DAG(s) 'example_complex' retrieved from /home/airflow/.local/lib/python3.12/site-packages/airflow/example_dags/example_complex.py
[2024-07-13T01:36:26.563+0000] {logging_mixin.py:188} INFO - [2024-07-13T01:36:26.563+0000] {dag.py:3096} INFO - Sync 1 DAGs
[2024-07-13T01:36:26.577+0000] {logging_mixin.py:188} INFO - [2024-07-13T01:36:26.577+0000] {dag.py:3954} INFO - Setting next_dagrun for example_complex to None, run_after=None
[2024-07-13T01:36:26.604+0000] {processor.py:183} INFO - Processing /home/airflow/.local/lib/python3.12/site-packages/airflow/example_dags/example_complex.py took 0.101 seconds
[2024-07-13T01:36:57.091+0000] {processor.py:161} INFO - Started process (PID=791) to work on /home/airflow/.local/lib/python3.12/site-packages/airflow/example_dags/example_complex.py
[2024-07-13T01:36:57.092+0000] {processor.py:830} INFO - Processing file /home/airflow/.local/lib/python3.12/site-packages/airflow/example_dags/example_complex.py for tasks to queue
[2024-07-13T01:36:57.094+0000] {logging_mixin.py:188} INFO - [2024-07-13T01:36:57.093+0000] {dagbag.py:545} INFO - Filling up the DagBag from /home/airflow/.local/lib/python3.12/site-packages/airflow/example_dags/example_complex.py
[2024-07-13T01:36:57.106+0000] {processor.py:840} INFO - DAG(s) 'example_complex' retrieved from /home/airflow/.local/lib/python3.12/site-packages/airflow/example_dags/example_complex.py
[2024-07-13T01:36:57.145+0000] {logging_mixin.py:188} INFO - [2024-07-13T01:36:57.145+0000] {dag.py:3096} INFO - Sync 1 DAGs
[2024-07-13T01:36:57.162+0000] {logging_mixin.py:188} INFO - [2024-07-13T01:36:57.162+0000] {dag.py:3954} INFO - Setting next_dagrun for example_complex to None, run_after=None
[2024-07-13T01:36:57.187+0000] {processor.py:183} INFO - Processing /home/airflow/.local/lib/python3.12/site-packages/airflow/example_dags/example_complex.py took 0.102 seconds
[2024-07-13T01:37:27.636+0000] {processor.py:161} INFO - Started process (PID=852) to work on /home/airflow/.local/lib/python3.12/site-packages/airflow/example_dags/example_complex.py
[2024-07-13T01:37:27.637+0000] {processor.py:830} INFO - Processing file /home/airflow/.local/lib/python3.12/site-packages/airflow/example_dags/example_complex.py for tasks to queue
[2024-07-13T01:37:27.639+0000] {logging_mixin.py:188} INFO - [2024-07-13T01:37:27.639+0000] {dagbag.py:545} INFO - Filling up the DagBag from /home/airflow/.local/lib/python3.12/site-packages/airflow/example_dags/example_complex.py
[2024-07-13T01:37:27.650+0000] {processor.py:840} INFO - DAG(s) 'example_complex' retrieved from /home/airflow/.local/lib/python3.12/site-packages/airflow/example_dags/example_complex.py
[2024-07-13T01:37:27.688+0000] {logging_mixin.py:188} INFO - [2024-07-13T01:37:27.688+0000] {dag.py:3096} INFO - Sync 1 DAGs
[2024-07-13T01:37:27.701+0000] {logging_mixin.py:188} INFO - [2024-07-13T01:37:27.701+0000] {dag.py:3954} INFO - Setting next_dagrun for example_complex to None, run_after=None
[2024-07-13T01:37:27.728+0000] {processor.py:183} INFO - Processing /home/airflow/.local/lib/python3.12/site-packages/airflow/example_dags/example_complex.py took 0.097 seconds
[2024-07-13T01:37:58.099+0000] {processor.py:161} INFO - Started process (PID=913) to work on /home/airflow/.local/lib/python3.12/site-packages/airflow/example_dags/example_complex.py
[2024-07-13T01:37:58.100+0000] {processor.py:830} INFO - Processing file /home/airflow/.local/lib/python3.12/site-packages/airflow/example_dags/example_complex.py for tasks to queue
[2024-07-13T01:37:58.102+0000] {logging_mixin.py:188} INFO - [2024-07-13T01:37:58.102+0000] {dagbag.py:545} INFO - Filling up the DagBag from /home/airflow/.local/lib/python3.12/site-packages/airflow/example_dags/example_complex.py
[2024-07-13T01:37:58.126+0000] {processor.py:840} INFO - DAG(s) 'example_complex' retrieved from /home/airflow/.local/lib/python3.12/site-packages/airflow/example_dags/example_complex.py
[2024-07-13T01:37:58.180+0000] {logging_mixin.py:188} INFO - [2024-07-13T01:37:58.179+0000] {dag.py:3096} INFO - Sync 1 DAGs
[2024-07-13T01:37:58.192+0000] {logging_mixin.py:188} INFO - [2024-07-13T01:37:58.192+0000] {dag.py:3954} INFO - Setting next_dagrun for example_complex to None, run_after=None
[2024-07-13T01:37:58.222+0000] {processor.py:183} INFO - Processing /home/airflow/.local/lib/python3.12/site-packages/airflow/example_dags/example_complex.py took 0.128 seconds
[2024-07-13T01:38:28.510+0000] {processor.py:161} INFO - Started process (PID=974) to work on /home/airflow/.local/lib/python3.12/site-packages/airflow/example_dags/example_complex.py
[2024-07-13T01:38:28.511+0000] {processor.py:830} INFO - Processing file /home/airflow/.local/lib/python3.12/site-packages/airflow/example_dags/example_complex.py for tasks to queue
[2024-07-13T01:38:28.513+0000] {logging_mixin.py:188} INFO - [2024-07-13T01:38:28.513+0000] {dagbag.py:545} INFO - Filling up the DagBag from /home/airflow/.local/lib/python3.12/site-packages/airflow/example_dags/example_complex.py
[2024-07-13T01:38:28.525+0000] {processor.py:840} INFO - DAG(s) 'example_complex' retrieved from /home/airflow/.local/lib/python3.12/site-packages/airflow/example_dags/example_complex.py
[2024-07-13T01:38:28.563+0000] {logging_mixin.py:188} INFO - [2024-07-13T01:38:28.563+0000] {dag.py:3096} INFO - Sync 1 DAGs
[2024-07-13T01:38:28.586+0000] {logging_mixin.py:188} INFO - [2024-07-13T01:38:28.585+0000] {dag.py:3954} INFO - Setting next_dagrun for example_complex to None, run_after=None
[2024-07-13T01:38:28.609+0000] {processor.py:183} INFO - Processing /home/airflow/.local/lib/python3.12/site-packages/airflow/example_dags/example_complex.py took 0.105 seconds
[2024-07-13T01:38:58.993+0000] {processor.py:161} INFO - Started process (PID=1036) to work on /home/airflow/.local/lib/python3.12/site-packages/airflow/example_dags/example_complex.py
[2024-07-13T01:38:58.994+0000] {processor.py:830} INFO - Processing file /home/airflow/.local/lib/python3.12/site-packages/airflow/example_dags/example_complex.py for tasks to queue
[2024-07-13T01:38:58.996+0000] {logging_mixin.py:188} INFO - [2024-07-13T01:38:58.996+0000] {dagbag.py:545} INFO - Filling up the DagBag from /home/airflow/.local/lib/python3.12/site-packages/airflow/example_dags/example_complex.py
[2024-07-13T01:38:59.008+0000] {processor.py:840} INFO - DAG(s) 'example_complex' retrieved from /home/airflow/.local/lib/python3.12/site-packages/airflow/example_dags/example_complex.py
[2024-07-13T01:38:59.044+0000] {logging_mixin.py:188} INFO - [2024-07-13T01:38:59.044+0000] {dag.py:3096} INFO - Sync 1 DAGs
[2024-07-13T01:38:59.058+0000] {logging_mixin.py:188} INFO - [2024-07-13T01:38:59.058+0000] {dag.py:3954} INFO - Setting next_dagrun for example_complex to None, run_after=None
[2024-07-13T01:38:59.083+0000] {processor.py:183} INFO - Processing /home/airflow/.local/lib/python3.12/site-packages/airflow/example_dags/example_complex.py took 0.096 seconds
[2024-07-13T01:39:29.197+0000] {processor.py:161} INFO - Started process (PID=1096) to work on /home/airflow/.local/lib/python3.12/site-packages/airflow/example_dags/example_complex.py
[2024-07-13T01:39:29.211+0000] {processor.py:830} INFO - Processing file /home/airflow/.local/lib/python3.12/site-packages/airflow/example_dags/example_complex.py for tasks to queue
[2024-07-13T01:39:29.213+0000] {logging_mixin.py:188} INFO - [2024-07-13T01:39:29.212+0000] {dagbag.py:545} INFO - Filling up the DagBag from /home/airflow/.local/lib/python3.12/site-packages/airflow/example_dags/example_complex.py
[2024-07-13T01:39:29.241+0000] {processor.py:840} INFO - DAG(s) 'example_complex' retrieved from /home/airflow/.local/lib/python3.12/site-packages/airflow/example_dags/example_complex.py
[2024-07-13T01:39:29.376+0000] {logging_mixin.py:188} INFO - [2024-07-13T01:39:29.376+0000] {dag.py:3096} INFO - Sync 1 DAGs
[2024-07-13T01:39:29.437+0000] {logging_mixin.py:188} INFO - [2024-07-13T01:39:29.437+0000] {dag.py:3954} INFO - Setting next_dagrun for example_complex to None, run_after=None
[2024-07-13T01:39:29.519+0000] {processor.py:183} INFO - Processing /home/airflow/.local/lib/python3.12/site-packages/airflow/example_dags/example_complex.py took 0.339 seconds
[2024-07-13T01:43:01.632+0000] {processor.py:161} INFO - Started process (PID=56) to work on /home/airflow/.local/lib/python3.12/site-packages/airflow/example_dags/example_complex.py
[2024-07-13T01:43:01.643+0000] {processor.py:830} INFO - Processing file /home/airflow/.local/lib/python3.12/site-packages/airflow/example_dags/example_complex.py for tasks to queue
[2024-07-13T01:43:01.649+0000] {logging_mixin.py:188} INFO - [2024-07-13T01:43:01.648+0000] {dagbag.py:545} INFO - Filling up the DagBag from /home/airflow/.local/lib/python3.12/site-packages/airflow/example_dags/example_complex.py
[2024-07-13T01:43:01.731+0000] {processor.py:840} INFO - DAG(s) 'example_complex' retrieved from /home/airflow/.local/lib/python3.12/site-packages/airflow/example_dags/example_complex.py
[2024-07-13T01:43:02.066+0000] {logging_mixin.py:188} INFO - [2024-07-13T01:43:02.066+0000] {dag.py:3096} INFO - Sync 1 DAGs
[2024-07-13T01:43:02.085+0000] {logging_mixin.py:188} INFO - [2024-07-13T01:43:02.085+0000] {dag.py:3954} INFO - Setting next_dagrun for example_complex to None, run_after=None
[2024-07-13T01:43:02.120+0000] {processor.py:183} INFO - Processing /home/airflow/.local/lib/python3.12/site-packages/airflow/example_dags/example_complex.py took 0.502 seconds
[2024-07-13T01:43:32.552+0000] {processor.py:161} INFO - Started process (PID=118) to work on /home/airflow/.local/lib/python3.12/site-packages/airflow/example_dags/example_complex.py
[2024-07-13T01:43:32.567+0000] {processor.py:830} INFO - Processing file /home/airflow/.local/lib/python3.12/site-packages/airflow/example_dags/example_complex.py for tasks to queue
[2024-07-13T01:43:32.569+0000] {logging_mixin.py:188} INFO - [2024-07-13T01:43:32.568+0000] {dagbag.py:545} INFO - Filling up the DagBag from /home/airflow/.local/lib/python3.12/site-packages/airflow/example_dags/example_complex.py
[2024-07-13T01:43:32.586+0000] {processor.py:840} INFO - DAG(s) 'example_complex' retrieved from /home/airflow/.local/lib/python3.12/site-packages/airflow/example_dags/example_complex.py
[2024-07-13T01:43:32.624+0000] {logging_mixin.py:188} INFO - [2024-07-13T01:43:32.624+0000] {dag.py:3096} INFO - Sync 1 DAGs
[2024-07-13T01:43:32.641+0000] {logging_mixin.py:188} INFO - [2024-07-13T01:43:32.641+0000] {dag.py:3954} INFO - Setting next_dagrun for example_complex to None, run_after=None
[2024-07-13T01:43:32.671+0000] {processor.py:183} INFO - Processing /home/airflow/.local/lib/python3.12/site-packages/airflow/example_dags/example_complex.py took 0.123 seconds
[2024-07-13T01:44:03.303+0000] {processor.py:161} INFO - Started process (PID=176) to work on /home/airflow/.local/lib/python3.12/site-packages/airflow/example_dags/example_complex.py
[2024-07-13T01:44:03.304+0000] {processor.py:830} INFO - Processing file /home/airflow/.local/lib/python3.12/site-packages/airflow/example_dags/example_complex.py for tasks to queue
[2024-07-13T01:44:03.312+0000] {logging_mixin.py:188} INFO - [2024-07-13T01:44:03.312+0000] {dagbag.py:545} INFO - Filling up the DagBag from /home/airflow/.local/lib/python3.12/site-packages/airflow/example_dags/example_complex.py
[2024-07-13T01:44:03.328+0000] {processor.py:840} INFO - DAG(s) 'example_complex' retrieved from /home/airflow/.local/lib/python3.12/site-packages/airflow/example_dags/example_complex.py
[2024-07-13T01:44:03.398+0000] {logging_mixin.py:188} INFO - [2024-07-13T01:44:03.398+0000] {dag.py:3096} INFO - Sync 1 DAGs
[2024-07-13T01:44:03.424+0000] {logging_mixin.py:188} INFO - [2024-07-13T01:44:03.424+0000] {dag.py:3954} INFO - Setting next_dagrun for example_complex to None, run_after=None
[2024-07-13T01:44:03.464+0000] {processor.py:183} INFO - Processing /home/airflow/.local/lib/python3.12/site-packages/airflow/example_dags/example_complex.py took 0.176 seconds
[2024-07-13T01:44:33.546+0000] {processor.py:161} INFO - Started process (PID=237) to work on /home/airflow/.local/lib/python3.12/site-packages/airflow/example_dags/example_complex.py
[2024-07-13T01:44:33.547+0000] {processor.py:830} INFO - Processing file /home/airflow/.local/lib/python3.12/site-packages/airflow/example_dags/example_complex.py for tasks to queue
[2024-07-13T01:44:33.548+0000] {logging_mixin.py:188} INFO - [2024-07-13T01:44:33.548+0000] {dagbag.py:545} INFO - Filling up the DagBag from /home/airflow/.local/lib/python3.12/site-packages/airflow/example_dags/example_complex.py
[2024-07-13T01:44:33.555+0000] {processor.py:840} INFO - DAG(s) 'example_complex' retrieved from /home/airflow/.local/lib/python3.12/site-packages/airflow/example_dags/example_complex.py
[2024-07-13T01:44:33.581+0000] {logging_mixin.py:188} INFO - [2024-07-13T01:44:33.581+0000] {dag.py:3096} INFO - Sync 1 DAGs
[2024-07-13T01:44:33.594+0000] {logging_mixin.py:188} INFO - [2024-07-13T01:44:33.593+0000] {dag.py:3954} INFO - Setting next_dagrun for example_complex to None, run_after=None
[2024-07-13T01:44:33.614+0000] {processor.py:183} INFO - Processing /home/airflow/.local/lib/python3.12/site-packages/airflow/example_dags/example_complex.py took 0.072 seconds
[2024-07-13T01:45:03.653+0000] {processor.py:161} INFO - Started process (PID=298) to work on /home/airflow/.local/lib/python3.12/site-packages/airflow/example_dags/example_complex.py
[2024-07-13T01:45:03.654+0000] {processor.py:830} INFO - Processing file /home/airflow/.local/lib/python3.12/site-packages/airflow/example_dags/example_complex.py for tasks to queue
[2024-07-13T01:45:03.656+0000] {logging_mixin.py:188} INFO - [2024-07-13T01:45:03.656+0000] {dagbag.py:545} INFO - Filling up the DagBag from /home/airflow/.local/lib/python3.12/site-packages/airflow/example_dags/example_complex.py
[2024-07-13T01:45:03.670+0000] {processor.py:840} INFO - DAG(s) 'example_complex' retrieved from /home/airflow/.local/lib/python3.12/site-packages/airflow/example_dags/example_complex.py
[2024-07-13T01:45:03.722+0000] {logging_mixin.py:188} INFO - [2024-07-13T01:45:03.721+0000] {dag.py:3096} INFO - Sync 1 DAGs
[2024-07-13T01:45:03.744+0000] {logging_mixin.py:188} INFO - [2024-07-13T01:45:03.744+0000] {dag.py:3954} INFO - Setting next_dagrun for example_complex to None, run_after=None
[2024-07-13T01:45:03.830+0000] {processor.py:183} INFO - Processing /home/airflow/.local/lib/python3.12/site-packages/airflow/example_dags/example_complex.py took 0.179 seconds
[2024-07-13T01:45:34.655+0000] {processor.py:161} INFO - Started process (PID=359) to work on /home/airflow/.local/lib/python3.12/site-packages/airflow/example_dags/example_complex.py
[2024-07-13T01:45:34.656+0000] {processor.py:830} INFO - Processing file /home/airflow/.local/lib/python3.12/site-packages/airflow/example_dags/example_complex.py for tasks to queue
[2024-07-13T01:45:34.659+0000] {logging_mixin.py:188} INFO - [2024-07-13T01:45:34.658+0000] {dagbag.py:545} INFO - Filling up the DagBag from /home/airflow/.local/lib/python3.12/site-packages/airflow/example_dags/example_complex.py
[2024-07-13T01:45:34.676+0000] {processor.py:840} INFO - DAG(s) 'example_complex' retrieved from /home/airflow/.local/lib/python3.12/site-packages/airflow/example_dags/example_complex.py
[2024-07-13T01:45:34.710+0000] {logging_mixin.py:188} INFO - [2024-07-13T01:45:34.709+0000] {dag.py:3096} INFO - Sync 1 DAGs
[2024-07-13T01:45:34.719+0000] {logging_mixin.py:188} INFO - [2024-07-13T01:45:34.719+0000] {dag.py:3954} INFO - Setting next_dagrun for example_complex to None, run_after=None
[2024-07-13T01:45:34.741+0000] {processor.py:183} INFO - Processing /home/airflow/.local/lib/python3.12/site-packages/airflow/example_dags/example_complex.py took 0.106 seconds
[2024-07-13T01:46:04.914+0000] {processor.py:161} INFO - Started process (PID=420) to work on /home/airflow/.local/lib/python3.12/site-packages/airflow/example_dags/example_complex.py
[2024-07-13T01:46:04.915+0000] {processor.py:830} INFO - Processing file /home/airflow/.local/lib/python3.12/site-packages/airflow/example_dags/example_complex.py for tasks to queue
[2024-07-13T01:46:04.917+0000] {logging_mixin.py:188} INFO - [2024-07-13T01:46:04.916+0000] {dagbag.py:545} INFO - Filling up the DagBag from /home/airflow/.local/lib/python3.12/site-packages/airflow/example_dags/example_complex.py
[2024-07-13T01:46:04.929+0000] {processor.py:840} INFO - DAG(s) 'example_complex' retrieved from /home/airflow/.local/lib/python3.12/site-packages/airflow/example_dags/example_complex.py
[2024-07-13T01:46:04.964+0000] {logging_mixin.py:188} INFO - [2024-07-13T01:46:04.963+0000] {dag.py:3096} INFO - Sync 1 DAGs
[2024-07-13T01:46:04.973+0000] {logging_mixin.py:188} INFO - [2024-07-13T01:46:04.973+0000] {dag.py:3954} INFO - Setting next_dagrun for example_complex to None, run_after=None
[2024-07-13T01:46:04.995+0000] {processor.py:183} INFO - Processing /home/airflow/.local/lib/python3.12/site-packages/airflow/example_dags/example_complex.py took 0.087 seconds
[2024-07-13T01:46:35.296+0000] {processor.py:161} INFO - Started process (PID=481) to work on /home/airflow/.local/lib/python3.12/site-packages/airflow/example_dags/example_complex.py
[2024-07-13T01:46:35.297+0000] {processor.py:830} INFO - Processing file /home/airflow/.local/lib/python3.12/site-packages/airflow/example_dags/example_complex.py for tasks to queue
[2024-07-13T01:46:35.298+0000] {logging_mixin.py:188} INFO - [2024-07-13T01:46:35.298+0000] {dagbag.py:545} INFO - Filling up the DagBag from /home/airflow/.local/lib/python3.12/site-packages/airflow/example_dags/example_complex.py
[2024-07-13T01:46:35.310+0000] {processor.py:840} INFO - DAG(s) 'example_complex' retrieved from /home/airflow/.local/lib/python3.12/site-packages/airflow/example_dags/example_complex.py
[2024-07-13T01:46:35.336+0000] {logging_mixin.py:188} INFO - [2024-07-13T01:46:35.336+0000] {dag.py:3096} INFO - Sync 1 DAGs
[2024-07-13T01:46:35.346+0000] {logging_mixin.py:188} INFO - [2024-07-13T01:46:35.345+0000] {dag.py:3954} INFO - Setting next_dagrun for example_complex to None, run_after=None
[2024-07-13T01:46:35.367+0000] {processor.py:183} INFO - Processing /home/airflow/.local/lib/python3.12/site-packages/airflow/example_dags/example_complex.py took 0.075 seconds
[2024-07-13T01:47:06.695+0000] {processor.py:161} INFO - Started process (PID=542) to work on /home/airflow/.local/lib/python3.12/site-packages/airflow/example_dags/example_complex.py
[2024-07-13T01:47:06.696+0000] {processor.py:830} INFO - Processing file /home/airflow/.local/lib/python3.12/site-packages/airflow/example_dags/example_complex.py for tasks to queue
[2024-07-13T01:47:06.702+0000] {logging_mixin.py:188} INFO - [2024-07-13T01:47:06.702+0000] {dagbag.py:545} INFO - Filling up the DagBag from /home/airflow/.local/lib/python3.12/site-packages/airflow/example_dags/example_complex.py
[2024-07-13T01:47:06.733+0000] {processor.py:840} INFO - DAG(s) 'example_complex' retrieved from /home/airflow/.local/lib/python3.12/site-packages/airflow/example_dags/example_complex.py
[2024-07-13T01:47:06.839+0000] {logging_mixin.py:188} INFO - [2024-07-13T01:47:06.839+0000] {dag.py:3096} INFO - Sync 1 DAGs
[2024-07-13T01:47:06.875+0000] {logging_mixin.py:188} INFO - [2024-07-13T01:47:06.875+0000] {dag.py:3954} INFO - Setting next_dagrun for example_complex to None, run_after=None
[2024-07-13T01:47:06.987+0000] {processor.py:183} INFO - Processing /home/airflow/.local/lib/python3.12/site-packages/airflow/example_dags/example_complex.py took 0.307 seconds
[2024-07-13T01:47:37.511+0000] {processor.py:161} INFO - Started process (PID=604) to work on /home/airflow/.local/lib/python3.12/site-packages/airflow/example_dags/example_complex.py
[2024-07-13T01:47:37.512+0000] {processor.py:830} INFO - Processing file /home/airflow/.local/lib/python3.12/site-packages/airflow/example_dags/example_complex.py for tasks to queue
[2024-07-13T01:47:37.514+0000] {logging_mixin.py:188} INFO - [2024-07-13T01:47:37.514+0000] {dagbag.py:545} INFO - Filling up the DagBag from /home/airflow/.local/lib/python3.12/site-packages/airflow/example_dags/example_complex.py
[2024-07-13T01:47:37.527+0000] {processor.py:840} INFO - DAG(s) 'example_complex' retrieved from /home/airflow/.local/lib/python3.12/site-packages/airflow/example_dags/example_complex.py
[2024-07-13T01:47:37.566+0000] {logging_mixin.py:188} INFO - [2024-07-13T01:47:37.565+0000] {dag.py:3096} INFO - Sync 1 DAGs
[2024-07-13T01:47:37.591+0000] {logging_mixin.py:188} INFO - [2024-07-13T01:47:37.587+0000] {dag.py:3954} INFO - Setting next_dagrun for example_complex to None, run_after=None
[2024-07-13T01:47:37.709+0000] {processor.py:183} INFO - Processing /home/airflow/.local/lib/python3.12/site-packages/airflow/example_dags/example_complex.py took 0.202 seconds
[2024-07-13T01:48:08.195+0000] {processor.py:161} INFO - Started process (PID=665) to work on /home/airflow/.local/lib/python3.12/site-packages/airflow/example_dags/example_complex.py
[2024-07-13T01:48:08.196+0000] {processor.py:830} INFO - Processing file /home/airflow/.local/lib/python3.12/site-packages/airflow/example_dags/example_complex.py for tasks to queue
[2024-07-13T01:48:08.198+0000] {logging_mixin.py:188} INFO - [2024-07-13T01:48:08.197+0000] {dagbag.py:545} INFO - Filling up the DagBag from /home/airflow/.local/lib/python3.12/site-packages/airflow/example_dags/example_complex.py
[2024-07-13T01:48:08.211+0000] {processor.py:840} INFO - DAG(s) 'example_complex' retrieved from /home/airflow/.local/lib/python3.12/site-packages/airflow/example_dags/example_complex.py
[2024-07-13T01:48:08.250+0000] {logging_mixin.py:188} INFO - [2024-07-13T01:48:08.250+0000] {dag.py:3096} INFO - Sync 1 DAGs
[2024-07-13T01:48:08.265+0000] {logging_mixin.py:188} INFO - [2024-07-13T01:48:08.265+0000] {dag.py:3954} INFO - Setting next_dagrun for example_complex to None, run_after=None
[2024-07-13T01:48:08.290+0000] {processor.py:183} INFO - Processing /home/airflow/.local/lib/python3.12/site-packages/airflow/example_dags/example_complex.py took 0.101 seconds
[2024-07-13T01:48:38.756+0000] {processor.py:161} INFO - Started process (PID=723) to work on /home/airflow/.local/lib/python3.12/site-packages/airflow/example_dags/example_complex.py
[2024-07-13T01:48:38.756+0000] {processor.py:830} INFO - Processing file /home/airflow/.local/lib/python3.12/site-packages/airflow/example_dags/example_complex.py for tasks to queue
[2024-07-13T01:48:38.758+0000] {logging_mixin.py:188} INFO - [2024-07-13T01:48:38.757+0000] {dagbag.py:545} INFO - Filling up the DagBag from /home/airflow/.local/lib/python3.12/site-packages/airflow/example_dags/example_complex.py
[2024-07-13T01:48:38.765+0000] {processor.py:840} INFO - DAG(s) 'example_complex' retrieved from /home/airflow/.local/lib/python3.12/site-packages/airflow/example_dags/example_complex.py
[2024-07-13T01:48:38.898+0000] {logging_mixin.py:188} INFO - [2024-07-13T01:48:38.898+0000] {dag.py:3096} INFO - Sync 1 DAGs
[2024-07-13T01:48:38.906+0000] {logging_mixin.py:188} INFO - [2024-07-13T01:48:38.906+0000] {dag.py:3954} INFO - Setting next_dagrun for example_complex to None, run_after=None
[2024-07-13T01:48:38.928+0000] {processor.py:183} INFO - Processing /home/airflow/.local/lib/python3.12/site-packages/airflow/example_dags/example_complex.py took 0.176 seconds
[2024-07-13T01:49:09.220+0000] {processor.py:161} INFO - Started process (PID=784) to work on /home/airflow/.local/lib/python3.12/site-packages/airflow/example_dags/example_complex.py
[2024-07-13T01:49:09.221+0000] {processor.py:830} INFO - Processing file /home/airflow/.local/lib/python3.12/site-packages/airflow/example_dags/example_complex.py for tasks to queue
[2024-07-13T01:49:09.222+0000] {logging_mixin.py:188} INFO - [2024-07-13T01:49:09.222+0000] {dagbag.py:545} INFO - Filling up the DagBag from /home/airflow/.local/lib/python3.12/site-packages/airflow/example_dags/example_complex.py
[2024-07-13T01:49:09.234+0000] {processor.py:840} INFO - DAG(s) 'example_complex' retrieved from /home/airflow/.local/lib/python3.12/site-packages/airflow/example_dags/example_complex.py
[2024-07-13T01:49:09.261+0000] {logging_mixin.py:188} INFO - [2024-07-13T01:49:09.261+0000] {dag.py:3096} INFO - Sync 1 DAGs
[2024-07-13T01:49:09.270+0000] {logging_mixin.py:188} INFO - [2024-07-13T01:49:09.270+0000] {dag.py:3954} INFO - Setting next_dagrun for example_complex to None, run_after=None
[2024-07-13T01:49:09.291+0000] {processor.py:183} INFO - Processing /home/airflow/.local/lib/python3.12/site-packages/airflow/example_dags/example_complex.py took 0.075 seconds
[2024-07-13T01:49:39.477+0000] {processor.py:161} INFO - Started process (PID=845) to work on /home/airflow/.local/lib/python3.12/site-packages/airflow/example_dags/example_complex.py
[2024-07-13T01:49:39.478+0000] {processor.py:830} INFO - Processing file /home/airflow/.local/lib/python3.12/site-packages/airflow/example_dags/example_complex.py for tasks to queue
[2024-07-13T01:49:39.480+0000] {logging_mixin.py:188} INFO - [2024-07-13T01:49:39.480+0000] {dagbag.py:545} INFO - Filling up the DagBag from /home/airflow/.local/lib/python3.12/site-packages/airflow/example_dags/example_complex.py
[2024-07-13T01:49:39.489+0000] {processor.py:840} INFO - DAG(s) 'example_complex' retrieved from /home/airflow/.local/lib/python3.12/site-packages/airflow/example_dags/example_complex.py
[2024-07-13T01:49:39.513+0000] {logging_mixin.py:188} INFO - [2024-07-13T01:49:39.513+0000] {dag.py:3096} INFO - Sync 1 DAGs
[2024-07-13T01:49:39.522+0000] {logging_mixin.py:188} INFO - [2024-07-13T01:49:39.522+0000] {dag.py:3954} INFO - Setting next_dagrun for example_complex to None, run_after=None
[2024-07-13T01:49:39.545+0000] {processor.py:183} INFO - Processing /home/airflow/.local/lib/python3.12/site-packages/airflow/example_dags/example_complex.py took 0.073 seconds
[2024-07-13T01:50:10.321+0000] {processor.py:161} INFO - Started process (PID=907) to work on /home/airflow/.local/lib/python3.12/site-packages/airflow/example_dags/example_complex.py
[2024-07-13T01:50:10.322+0000] {processor.py:830} INFO - Processing file /home/airflow/.local/lib/python3.12/site-packages/airflow/example_dags/example_complex.py for tasks to queue
[2024-07-13T01:50:10.324+0000] {logging_mixin.py:188} INFO - [2024-07-13T01:50:10.324+0000] {dagbag.py:545} INFO - Filling up the DagBag from /home/airflow/.local/lib/python3.12/site-packages/airflow/example_dags/example_complex.py
[2024-07-13T01:50:10.336+0000] {processor.py:840} INFO - DAG(s) 'example_complex' retrieved from /home/airflow/.local/lib/python3.12/site-packages/airflow/example_dags/example_complex.py
[2024-07-13T01:50:10.365+0000] {logging_mixin.py:188} INFO - [2024-07-13T01:50:10.365+0000] {dag.py:3096} INFO - Sync 1 DAGs
[2024-07-13T01:50:10.379+0000] {logging_mixin.py:188} INFO - [2024-07-13T01:50:10.379+0000] {dag.py:3954} INFO - Setting next_dagrun for example_complex to None, run_after=None
[2024-07-13T01:50:10.409+0000] {processor.py:183} INFO - Processing /home/airflow/.local/lib/python3.12/site-packages/airflow/example_dags/example_complex.py took 0.093 seconds
[2024-07-13T01:50:40.634+0000] {processor.py:161} INFO - Started process (PID=967) to work on /home/airflow/.local/lib/python3.12/site-packages/airflow/example_dags/example_complex.py
[2024-07-13T01:50:40.634+0000] {processor.py:830} INFO - Processing file /home/airflow/.local/lib/python3.12/site-packages/airflow/example_dags/example_complex.py for tasks to queue
[2024-07-13T01:50:40.637+0000] {logging_mixin.py:188} INFO - [2024-07-13T01:50:40.637+0000] {dagbag.py:545} INFO - Filling up the DagBag from /home/airflow/.local/lib/python3.12/site-packages/airflow/example_dags/example_complex.py
[2024-07-13T01:50:40.650+0000] {processor.py:840} INFO - DAG(s) 'example_complex' retrieved from /home/airflow/.local/lib/python3.12/site-packages/airflow/example_dags/example_complex.py
[2024-07-13T01:50:40.675+0000] {logging_mixin.py:188} INFO - [2024-07-13T01:50:40.675+0000] {dag.py:3096} INFO - Sync 1 DAGs
[2024-07-13T01:50:40.685+0000] {logging_mixin.py:188} INFO - [2024-07-13T01:50:40.685+0000] {dag.py:3954} INFO - Setting next_dagrun for example_complex to None, run_after=None
[2024-07-13T01:50:40.728+0000] {processor.py:183} INFO - Processing /home/airflow/.local/lib/python3.12/site-packages/airflow/example_dags/example_complex.py took 0.112 seconds
[2024-07-13T01:51:11.234+0000] {processor.py:161} INFO - Started process (PID=1028) to work on /home/airflow/.local/lib/python3.12/site-packages/airflow/example_dags/example_complex.py
[2024-07-13T01:51:11.234+0000] {processor.py:830} INFO - Processing file /home/airflow/.local/lib/python3.12/site-packages/airflow/example_dags/example_complex.py for tasks to queue
[2024-07-13T01:51:11.236+0000] {logging_mixin.py:188} INFO - [2024-07-13T01:51:11.235+0000] {dagbag.py:545} INFO - Filling up the DagBag from /home/airflow/.local/lib/python3.12/site-packages/airflow/example_dags/example_complex.py
[2024-07-13T01:51:11.243+0000] {processor.py:840} INFO - DAG(s) 'example_complex' retrieved from /home/airflow/.local/lib/python3.12/site-packages/airflow/example_dags/example_complex.py
[2024-07-13T01:51:11.273+0000] {logging_mixin.py:188} INFO - [2024-07-13T01:51:11.273+0000] {dag.py:3096} INFO - Sync 1 DAGs
[2024-07-13T01:51:11.284+0000] {logging_mixin.py:188} INFO - [2024-07-13T01:51:11.284+0000] {dag.py:3954} INFO - Setting next_dagrun for example_complex to None, run_after=None
[2024-07-13T01:51:11.305+0000] {processor.py:183} INFO - Processing /home/airflow/.local/lib/python3.12/site-packages/airflow/example_dags/example_complex.py took 0.077 seconds
[2024-07-13T01:51:41.682+0000] {processor.py:161} INFO - Started process (PID=1090) to work on /home/airflow/.local/lib/python3.12/site-packages/airflow/example_dags/example_complex.py
[2024-07-13T01:51:41.683+0000] {processor.py:830} INFO - Processing file /home/airflow/.local/lib/python3.12/site-packages/airflow/example_dags/example_complex.py for tasks to queue
[2024-07-13T01:51:41.685+0000] {logging_mixin.py:188} INFO - [2024-07-13T01:51:41.685+0000] {dagbag.py:545} INFO - Filling up the DagBag from /home/airflow/.local/lib/python3.12/site-packages/airflow/example_dags/example_complex.py
[2024-07-13T01:51:41.697+0000] {processor.py:840} INFO - DAG(s) 'example_complex' retrieved from /home/airflow/.local/lib/python3.12/site-packages/airflow/example_dags/example_complex.py
[2024-07-13T01:51:41.736+0000] {logging_mixin.py:188} INFO - [2024-07-13T01:51:41.735+0000] {dag.py:3096} INFO - Sync 1 DAGs
[2024-07-13T01:51:41.749+0000] {logging_mixin.py:188} INFO - [2024-07-13T01:51:41.749+0000] {dag.py:3954} INFO - Setting next_dagrun for example_complex to None, run_after=None
[2024-07-13T01:51:41.779+0000] {processor.py:183} INFO - Processing /home/airflow/.local/lib/python3.12/site-packages/airflow/example_dags/example_complex.py took 0.109 seconds
[2024-07-13T01:52:12.443+0000] {processor.py:161} INFO - Started process (PID=1150) to work on /home/airflow/.local/lib/python3.12/site-packages/airflow/example_dags/example_complex.py
[2024-07-13T01:52:12.443+0000] {processor.py:830} INFO - Processing file /home/airflow/.local/lib/python3.12/site-packages/airflow/example_dags/example_complex.py for tasks to queue
[2024-07-13T01:52:12.445+0000] {logging_mixin.py:188} INFO - [2024-07-13T01:52:12.444+0000] {dagbag.py:545} INFO - Filling up the DagBag from /home/airflow/.local/lib/python3.12/site-packages/airflow/example_dags/example_complex.py
[2024-07-13T01:52:12.469+0000] {processor.py:840} INFO - DAG(s) 'example_complex' retrieved from /home/airflow/.local/lib/python3.12/site-packages/airflow/example_dags/example_complex.py
[2024-07-13T01:52:12.557+0000] {logging_mixin.py:188} INFO - [2024-07-13T01:52:12.556+0000] {dag.py:3096} INFO - Sync 1 DAGs
[2024-07-13T01:52:12.589+0000] {logging_mixin.py:188} INFO - [2024-07-13T01:52:12.588+0000] {dag.py:3954} INFO - Setting next_dagrun for example_complex to None, run_after=None
[2024-07-13T01:52:12.631+0000] {processor.py:183} INFO - Processing /home/airflow/.local/lib/python3.12/site-packages/airflow/example_dags/example_complex.py took 0.195 seconds
[2024-07-13T01:52:42.885+0000] {processor.py:161} INFO - Started process (PID=1211) to work on /home/airflow/.local/lib/python3.12/site-packages/airflow/example_dags/example_complex.py
[2024-07-13T01:52:42.886+0000] {processor.py:830} INFO - Processing file /home/airflow/.local/lib/python3.12/site-packages/airflow/example_dags/example_complex.py for tasks to queue
[2024-07-13T01:52:42.889+0000] {logging_mixin.py:188} INFO - [2024-07-13T01:52:42.888+0000] {dagbag.py:545} INFO - Filling up the DagBag from /home/airflow/.local/lib/python3.12/site-packages/airflow/example_dags/example_complex.py
[2024-07-13T01:52:42.898+0000] {processor.py:840} INFO - DAG(s) 'example_complex' retrieved from /home/airflow/.local/lib/python3.12/site-packages/airflow/example_dags/example_complex.py
[2024-07-13T01:52:42.921+0000] {logging_mixin.py:188} INFO - [2024-07-13T01:52:42.921+0000] {dag.py:3096} INFO - Sync 1 DAGs
[2024-07-13T01:52:42.930+0000] {logging_mixin.py:188} INFO - [2024-07-13T01:52:42.930+0000] {dag.py:3954} INFO - Setting next_dagrun for example_complex to None, run_after=None
[2024-07-13T01:52:42.951+0000] {processor.py:183} INFO - Processing /home/airflow/.local/lib/python3.12/site-packages/airflow/example_dags/example_complex.py took 0.071 seconds
[2024-07-13T01:53:13.240+0000] {processor.py:161} INFO - Started process (PID=1272) to work on /home/airflow/.local/lib/python3.12/site-packages/airflow/example_dags/example_complex.py
[2024-07-13T01:53:13.241+0000] {processor.py:830} INFO - Processing file /home/airflow/.local/lib/python3.12/site-packages/airflow/example_dags/example_complex.py for tasks to queue
[2024-07-13T01:53:13.243+0000] {logging_mixin.py:188} INFO - [2024-07-13T01:53:13.242+0000] {dagbag.py:545} INFO - Filling up the DagBag from /home/airflow/.local/lib/python3.12/site-packages/airflow/example_dags/example_complex.py
[2024-07-13T01:53:13.252+0000] {processor.py:840} INFO - DAG(s) 'example_complex' retrieved from /home/airflow/.local/lib/python3.12/site-packages/airflow/example_dags/example_complex.py
[2024-07-13T01:53:13.284+0000] {logging_mixin.py:188} INFO - [2024-07-13T01:53:13.284+0000] {dag.py:3096} INFO - Sync 1 DAGs
[2024-07-13T01:53:13.294+0000] {logging_mixin.py:188} INFO - [2024-07-13T01:53:13.293+0000] {dag.py:3954} INFO - Setting next_dagrun for example_complex to None, run_after=None
[2024-07-13T01:53:13.317+0000] {processor.py:183} INFO - Processing /home/airflow/.local/lib/python3.12/site-packages/airflow/example_dags/example_complex.py took 0.082 seconds
[2024-07-13T01:53:43.673+0000] {processor.py:161} INFO - Started process (PID=1333) to work on /home/airflow/.local/lib/python3.12/site-packages/airflow/example_dags/example_complex.py
[2024-07-13T01:53:43.674+0000] {processor.py:830} INFO - Processing file /home/airflow/.local/lib/python3.12/site-packages/airflow/example_dags/example_complex.py for tasks to queue
[2024-07-13T01:53:43.676+0000] {logging_mixin.py:188} INFO - [2024-07-13T01:53:43.675+0000] {dagbag.py:545} INFO - Filling up the DagBag from /home/airflow/.local/lib/python3.12/site-packages/airflow/example_dags/example_complex.py
[2024-07-13T01:53:43.690+0000] {processor.py:840} INFO - DAG(s) 'example_complex' retrieved from /home/airflow/.local/lib/python3.12/site-packages/airflow/example_dags/example_complex.py
[2024-07-13T01:53:43.725+0000] {logging_mixin.py:188} INFO - [2024-07-13T01:53:43.725+0000] {dag.py:3096} INFO - Sync 1 DAGs
[2024-07-13T01:53:43.739+0000] {logging_mixin.py:188} INFO - [2024-07-13T01:53:43.739+0000] {dag.py:3954} INFO - Setting next_dagrun for example_complex to None, run_after=None
[2024-07-13T01:53:43.762+0000] {processor.py:183} INFO - Processing /home/airflow/.local/lib/python3.12/site-packages/airflow/example_dags/example_complex.py took 0.095 seconds
[2024-07-13T01:54:14.076+0000] {processor.py:161} INFO - Started process (PID=1394) to work on /home/airflow/.local/lib/python3.12/site-packages/airflow/example_dags/example_complex.py
[2024-07-13T01:54:14.080+0000] {processor.py:830} INFO - Processing file /home/airflow/.local/lib/python3.12/site-packages/airflow/example_dags/example_complex.py for tasks to queue
[2024-07-13T01:54:14.092+0000] {logging_mixin.py:188} INFO - [2024-07-13T01:54:14.092+0000] {dagbag.py:545} INFO - Filling up the DagBag from /home/airflow/.local/lib/python3.12/site-packages/airflow/example_dags/example_complex.py
[2024-07-13T01:54:14.115+0000] {processor.py:840} INFO - DAG(s) 'example_complex' retrieved from /home/airflow/.local/lib/python3.12/site-packages/airflow/example_dags/example_complex.py
[2024-07-13T01:54:14.152+0000] {logging_mixin.py:188} INFO - [2024-07-13T01:54:14.152+0000] {dag.py:3096} INFO - Sync 1 DAGs
[2024-07-13T01:54:14.167+0000] {logging_mixin.py:188} INFO - [2024-07-13T01:54:14.166+0000] {dag.py:3954} INFO - Setting next_dagrun for example_complex to None, run_after=None
[2024-07-13T01:54:14.202+0000] {processor.py:183} INFO - Processing /home/airflow/.local/lib/python3.12/site-packages/airflow/example_dags/example_complex.py took 0.132 seconds
[2024-07-13T01:54:44.275+0000] {processor.py:161} INFO - Started process (PID=1457) to work on /home/airflow/.local/lib/python3.12/site-packages/airflow/example_dags/example_complex.py
[2024-07-13T01:54:44.278+0000] {processor.py:830} INFO - Processing file /home/airflow/.local/lib/python3.12/site-packages/airflow/example_dags/example_complex.py for tasks to queue
[2024-07-13T01:54:44.280+0000] {logging_mixin.py:188} INFO - [2024-07-13T01:54:44.279+0000] {dagbag.py:545} INFO - Filling up the DagBag from /home/airflow/.local/lib/python3.12/site-packages/airflow/example_dags/example_complex.py
[2024-07-13T01:54:44.291+0000] {processor.py:840} INFO - DAG(s) 'example_complex' retrieved from /home/airflow/.local/lib/python3.12/site-packages/airflow/example_dags/example_complex.py
[2024-07-13T01:54:44.316+0000] {logging_mixin.py:188} INFO - [2024-07-13T01:54:44.316+0000] {dag.py:3096} INFO - Sync 1 DAGs
[2024-07-13T01:54:44.330+0000] {logging_mixin.py:188} INFO - [2024-07-13T01:54:44.329+0000] {dag.py:3954} INFO - Setting next_dagrun for example_complex to None, run_after=None
[2024-07-13T01:54:44.351+0000] {processor.py:183} INFO - Processing /home/airflow/.local/lib/python3.12/site-packages/airflow/example_dags/example_complex.py took 0.082 seconds
[2024-07-13T01:55:14.567+0000] {processor.py:161} INFO - Started process (PID=1518) to work on /home/airflow/.local/lib/python3.12/site-packages/airflow/example_dags/example_complex.py
[2024-07-13T01:55:14.568+0000] {processor.py:830} INFO - Processing file /home/airflow/.local/lib/python3.12/site-packages/airflow/example_dags/example_complex.py for tasks to queue
[2024-07-13T01:55:14.570+0000] {logging_mixin.py:188} INFO - [2024-07-13T01:55:14.569+0000] {dagbag.py:545} INFO - Filling up the DagBag from /home/airflow/.local/lib/python3.12/site-packages/airflow/example_dags/example_complex.py
[2024-07-13T01:55:14.581+0000] {processor.py:840} INFO - DAG(s) 'example_complex' retrieved from /home/airflow/.local/lib/python3.12/site-packages/airflow/example_dags/example_complex.py
[2024-07-13T01:55:14.604+0000] {logging_mixin.py:188} INFO - [2024-07-13T01:55:14.604+0000] {dag.py:3096} INFO - Sync 1 DAGs
[2024-07-13T01:55:14.614+0000] {logging_mixin.py:188} INFO - [2024-07-13T01:55:14.614+0000] {dag.py:3954} INFO - Setting next_dagrun for example_complex to None, run_after=None
[2024-07-13T01:55:14.635+0000] {processor.py:183} INFO - Processing /home/airflow/.local/lib/python3.12/site-packages/airflow/example_dags/example_complex.py took 0.073 seconds
[2024-07-13T01:55:45.497+0000] {processor.py:161} INFO - Started process (PID=1580) to work on /home/airflow/.local/lib/python3.12/site-packages/airflow/example_dags/example_complex.py
[2024-07-13T01:55:45.498+0000] {processor.py:830} INFO - Processing file /home/airflow/.local/lib/python3.12/site-packages/airflow/example_dags/example_complex.py for tasks to queue
[2024-07-13T01:55:45.500+0000] {logging_mixin.py:188} INFO - [2024-07-13T01:55:45.499+0000] {dagbag.py:545} INFO - Filling up the DagBag from /home/airflow/.local/lib/python3.12/site-packages/airflow/example_dags/example_complex.py
[2024-07-13T01:55:45.511+0000] {processor.py:840} INFO - DAG(s) 'example_complex' retrieved from /home/airflow/.local/lib/python3.12/site-packages/airflow/example_dags/example_complex.py
[2024-07-13T01:55:45.535+0000] {logging_mixin.py:188} INFO - [2024-07-13T01:55:45.534+0000] {dag.py:3096} INFO - Sync 1 DAGs
[2024-07-13T01:55:45.545+0000] {logging_mixin.py:188} INFO - [2024-07-13T01:55:45.544+0000] {dag.py:3954} INFO - Setting next_dagrun for example_complex to None, run_after=None
[2024-07-13T01:55:45.566+0000] {processor.py:183} INFO - Processing /home/airflow/.local/lib/python3.12/site-packages/airflow/example_dags/example_complex.py took 0.074 seconds
[2024-07-13T01:56:15.970+0000] {processor.py:161} INFO - Started process (PID=1642) to work on /home/airflow/.local/lib/python3.12/site-packages/airflow/example_dags/example_complex.py
[2024-07-13T01:56:15.970+0000] {processor.py:830} INFO - Processing file /home/airflow/.local/lib/python3.12/site-packages/airflow/example_dags/example_complex.py for tasks to queue
[2024-07-13T01:56:15.972+0000] {logging_mixin.py:188} INFO - [2024-07-13T01:56:15.971+0000] {dagbag.py:545} INFO - Filling up the DagBag from /home/airflow/.local/lib/python3.12/site-packages/airflow/example_dags/example_complex.py
[2024-07-13T01:56:15.987+0000] {processor.py:840} INFO - DAG(s) 'example_complex' retrieved from /home/airflow/.local/lib/python3.12/site-packages/airflow/example_dags/example_complex.py
[2024-07-13T01:56:16.017+0000] {logging_mixin.py:188} INFO - [2024-07-13T01:56:16.017+0000] {dag.py:3096} INFO - Sync 1 DAGs
[2024-07-13T01:56:16.026+0000] {logging_mixin.py:188} INFO - [2024-07-13T01:56:16.026+0000] {dag.py:3954} INFO - Setting next_dagrun for example_complex to None, run_after=None
[2024-07-13T01:56:16.053+0000] {processor.py:183} INFO - Processing /home/airflow/.local/lib/python3.12/site-packages/airflow/example_dags/example_complex.py took 0.087 seconds
[2024-07-13T02:00:44.042+0000] {processor.py:161} INFO - Started process (PID=56) to work on /home/airflow/.local/lib/python3.12/site-packages/airflow/example_dags/example_complex.py
[2024-07-13T02:00:44.048+0000] {processor.py:830} INFO - Processing file /home/airflow/.local/lib/python3.12/site-packages/airflow/example_dags/example_complex.py for tasks to queue
[2024-07-13T02:00:44.051+0000] {logging_mixin.py:188} INFO - [2024-07-13T02:00:44.050+0000] {dagbag.py:545} INFO - Filling up the DagBag from /home/airflow/.local/lib/python3.12/site-packages/airflow/example_dags/example_complex.py
[2024-07-13T02:00:44.114+0000] {processor.py:840} INFO - DAG(s) 'example_complex' retrieved from /home/airflow/.local/lib/python3.12/site-packages/airflow/example_dags/example_complex.py
[2024-07-13T02:00:44.516+0000] {logging_mixin.py:188} INFO - [2024-07-13T02:00:44.515+0000] {dag.py:3096} INFO - Sync 1 DAGs
[2024-07-13T02:00:44.612+0000] {logging_mixin.py:188} INFO - [2024-07-13T02:00:44.612+0000] {dag.py:3954} INFO - Setting next_dagrun for example_complex to None, run_after=None
[2024-07-13T02:00:44.709+0000] {processor.py:183} INFO - Processing /home/airflow/.local/lib/python3.12/site-packages/airflow/example_dags/example_complex.py took 0.683 seconds
[2024-07-13T02:01:15.039+0000] {processor.py:161} INFO - Started process (PID=117) to work on /home/airflow/.local/lib/python3.12/site-packages/airflow/example_dags/example_complex.py
[2024-07-13T02:01:15.039+0000] {processor.py:830} INFO - Processing file /home/airflow/.local/lib/python3.12/site-packages/airflow/example_dags/example_complex.py for tasks to queue
[2024-07-13T02:01:15.041+0000] {logging_mixin.py:188} INFO - [2024-07-13T02:01:15.041+0000] {dagbag.py:545} INFO - Filling up the DagBag from /home/airflow/.local/lib/python3.12/site-packages/airflow/example_dags/example_complex.py
[2024-07-13T02:01:15.053+0000] {processor.py:840} INFO - DAG(s) 'example_complex' retrieved from /home/airflow/.local/lib/python3.12/site-packages/airflow/example_dags/example_complex.py
[2024-07-13T02:01:15.092+0000] {logging_mixin.py:188} INFO - [2024-07-13T02:01:15.091+0000] {dag.py:3096} INFO - Sync 1 DAGs
[2024-07-13T02:01:15.105+0000] {logging_mixin.py:188} INFO - [2024-07-13T02:01:15.105+0000] {dag.py:3954} INFO - Setting next_dagrun for example_complex to None, run_after=None
[2024-07-13T02:01:15.133+0000] {processor.py:183} INFO - Processing /home/airflow/.local/lib/python3.12/site-packages/airflow/example_dags/example_complex.py took 0.100 seconds
[2024-07-13T02:01:46.024+0000] {processor.py:161} INFO - Started process (PID=178) to work on /home/airflow/.local/lib/python3.12/site-packages/airflow/example_dags/example_complex.py
[2024-07-13T02:01:46.031+0000] {processor.py:830} INFO - Processing file /home/airflow/.local/lib/python3.12/site-packages/airflow/example_dags/example_complex.py for tasks to queue
[2024-07-13T02:01:46.032+0000] {logging_mixin.py:188} INFO - [2024-07-13T02:01:46.031+0000] {dagbag.py:545} INFO - Filling up the DagBag from /home/airflow/.local/lib/python3.12/site-packages/airflow/example_dags/example_complex.py
[2024-07-13T02:01:46.064+0000] {processor.py:840} INFO - DAG(s) 'example_complex' retrieved from /home/airflow/.local/lib/python3.12/site-packages/airflow/example_dags/example_complex.py
[2024-07-13T02:01:46.227+0000] {logging_mixin.py:188} INFO - [2024-07-13T02:01:46.227+0000] {dag.py:3096} INFO - Sync 1 DAGs
[2024-07-13T02:01:46.271+0000] {logging_mixin.py:188} INFO - [2024-07-13T02:01:46.271+0000] {dag.py:3954} INFO - Setting next_dagrun for example_complex to None, run_after=None
[2024-07-13T02:01:46.333+0000] {processor.py:183} INFO - Processing /home/airflow/.local/lib/python3.12/site-packages/airflow/example_dags/example_complex.py took 0.324 seconds
[2024-07-13T02:02:17.277+0000] {processor.py:161} INFO - Started process (PID=240) to work on /home/airflow/.local/lib/python3.12/site-packages/airflow/example_dags/example_complex.py
[2024-07-13T02:02:17.282+0000] {processor.py:830} INFO - Processing file /home/airflow/.local/lib/python3.12/site-packages/airflow/example_dags/example_complex.py for tasks to queue
[2024-07-13T02:02:17.283+0000] {logging_mixin.py:188} INFO - [2024-07-13T02:02:17.283+0000] {dagbag.py:545} INFO - Filling up the DagBag from /home/airflow/.local/lib/python3.12/site-packages/airflow/example_dags/example_complex.py
[2024-07-13T02:02:17.305+0000] {processor.py:840} INFO - DAG(s) 'example_complex' retrieved from /home/airflow/.local/lib/python3.12/site-packages/airflow/example_dags/example_complex.py
[2024-07-13T02:02:17.379+0000] {logging_mixin.py:188} INFO - [2024-07-13T02:02:17.379+0000] {dag.py:3096} INFO - Sync 1 DAGs
[2024-07-13T02:02:17.399+0000] {logging_mixin.py:188} INFO - [2024-07-13T02:02:17.394+0000] {dag.py:3954} INFO - Setting next_dagrun for example_complex to None, run_after=None
[2024-07-13T02:02:17.435+0000] {processor.py:183} INFO - Processing /home/airflow/.local/lib/python3.12/site-packages/airflow/example_dags/example_complex.py took 0.175 seconds
[2024-07-13T02:02:47.485+0000] {processor.py:161} INFO - Started process (PID=302) to work on /home/airflow/.local/lib/python3.12/site-packages/airflow/example_dags/example_complex.py
[2024-07-13T02:02:47.486+0000] {processor.py:830} INFO - Processing file /home/airflow/.local/lib/python3.12/site-packages/airflow/example_dags/example_complex.py for tasks to queue
[2024-07-13T02:02:47.487+0000] {logging_mixin.py:188} INFO - [2024-07-13T02:02:47.487+0000] {dagbag.py:545} INFO - Filling up the DagBag from /home/airflow/.local/lib/python3.12/site-packages/airflow/example_dags/example_complex.py
[2024-07-13T02:02:47.500+0000] {processor.py:840} INFO - DAG(s) 'example_complex' retrieved from /home/airflow/.local/lib/python3.12/site-packages/airflow/example_dags/example_complex.py
[2024-07-13T02:02:47.550+0000] {logging_mixin.py:188} INFO - [2024-07-13T02:02:47.549+0000] {dag.py:3096} INFO - Sync 1 DAGs
[2024-07-13T02:02:47.564+0000] {logging_mixin.py:188} INFO - [2024-07-13T02:02:47.564+0000] {dag.py:3954} INFO - Setting next_dagrun for example_complex to None, run_after=None
[2024-07-13T02:02:47.589+0000] {processor.py:183} INFO - Processing /home/airflow/.local/lib/python3.12/site-packages/airflow/example_dags/example_complex.py took 0.109 seconds
[2024-07-13T02:03:17.720+0000] {processor.py:161} INFO - Started process (PID=363) to work on /home/airflow/.local/lib/python3.12/site-packages/airflow/example_dags/example_complex.py
[2024-07-13T02:03:17.720+0000] {processor.py:830} INFO - Processing file /home/airflow/.local/lib/python3.12/site-packages/airflow/example_dags/example_complex.py for tasks to queue
[2024-07-13T02:03:17.721+0000] {logging_mixin.py:188} INFO - [2024-07-13T02:03:17.721+0000] {dagbag.py:545} INFO - Filling up the DagBag from /home/airflow/.local/lib/python3.12/site-packages/airflow/example_dags/example_complex.py
[2024-07-13T02:03:17.733+0000] {processor.py:840} INFO - DAG(s) 'example_complex' retrieved from /home/airflow/.local/lib/python3.12/site-packages/airflow/example_dags/example_complex.py
[2024-07-13T02:03:17.773+0000] {logging_mixin.py:188} INFO - [2024-07-13T02:03:17.773+0000] {dag.py:3096} INFO - Sync 1 DAGs
[2024-07-13T02:03:17.787+0000] {logging_mixin.py:188} INFO - [2024-07-13T02:03:17.787+0000] {dag.py:3954} INFO - Setting next_dagrun for example_complex to None, run_after=None
[2024-07-13T02:03:17.811+0000] {processor.py:183} INFO - Processing /home/airflow/.local/lib/python3.12/site-packages/airflow/example_dags/example_complex.py took 0.096 seconds
[2024-07-13T02:03:47.880+0000] {processor.py:161} INFO - Started process (PID=424) to work on /home/airflow/.local/lib/python3.12/site-packages/airflow/example_dags/example_complex.py
[2024-07-13T02:03:47.881+0000] {processor.py:830} INFO - Processing file /home/airflow/.local/lib/python3.12/site-packages/airflow/example_dags/example_complex.py for tasks to queue
[2024-07-13T02:03:47.882+0000] {logging_mixin.py:188} INFO - [2024-07-13T02:03:47.882+0000] {dagbag.py:545} INFO - Filling up the DagBag from /home/airflow/.local/lib/python3.12/site-packages/airflow/example_dags/example_complex.py
[2024-07-13T02:03:47.895+0000] {processor.py:840} INFO - DAG(s) 'example_complex' retrieved from /home/airflow/.local/lib/python3.12/site-packages/airflow/example_dags/example_complex.py
[2024-07-13T02:03:47.934+0000] {logging_mixin.py:188} INFO - [2024-07-13T02:03:47.934+0000] {dag.py:3096} INFO - Sync 1 DAGs
[2024-07-13T02:03:47.949+0000] {logging_mixin.py:188} INFO - [2024-07-13T02:03:47.949+0000] {dag.py:3954} INFO - Setting next_dagrun for example_complex to None, run_after=None
[2024-07-13T02:03:47.978+0000] {processor.py:183} INFO - Processing /home/airflow/.local/lib/python3.12/site-packages/airflow/example_dags/example_complex.py took 0.103 seconds
[2024-07-13T02:04:18.886+0000] {processor.py:161} INFO - Started process (PID=487) to work on /home/airflow/.local/lib/python3.12/site-packages/airflow/example_dags/example_complex.py
[2024-07-13T02:04:18.887+0000] {processor.py:830} INFO - Processing file /home/airflow/.local/lib/python3.12/site-packages/airflow/example_dags/example_complex.py for tasks to queue
[2024-07-13T02:04:18.888+0000] {logging_mixin.py:188} INFO - [2024-07-13T02:04:18.888+0000] {dagbag.py:545} INFO - Filling up the DagBag from /home/airflow/.local/lib/python3.12/site-packages/airflow/example_dags/example_complex.py
[2024-07-13T02:04:18.902+0000] {processor.py:840} INFO - DAG(s) 'example_complex' retrieved from /home/airflow/.local/lib/python3.12/site-packages/airflow/example_dags/example_complex.py
[2024-07-13T02:04:18.935+0000] {logging_mixin.py:188} INFO - [2024-07-13T02:04:18.935+0000] {dag.py:3096} INFO - Sync 1 DAGs
[2024-07-13T02:04:18.949+0000] {logging_mixin.py:188} INFO - [2024-07-13T02:04:18.949+0000] {dag.py:3954} INFO - Setting next_dagrun for example_complex to None, run_after=None
[2024-07-13T02:04:18.981+0000] {processor.py:183} INFO - Processing /home/airflow/.local/lib/python3.12/site-packages/airflow/example_dags/example_complex.py took 0.100 seconds
[2024-07-13T02:04:49.843+0000] {processor.py:161} INFO - Started process (PID=546) to work on /home/airflow/.local/lib/python3.12/site-packages/airflow/example_dags/example_complex.py
[2024-07-13T02:04:49.854+0000] {processor.py:830} INFO - Processing file /home/airflow/.local/lib/python3.12/site-packages/airflow/example_dags/example_complex.py for tasks to queue
[2024-07-13T02:04:49.855+0000] {logging_mixin.py:188} INFO - [2024-07-13T02:04:49.854+0000] {dagbag.py:545} INFO - Filling up the DagBag from /home/airflow/.local/lib/python3.12/site-packages/airflow/example_dags/example_complex.py
[2024-07-13T02:04:49.864+0000] {processor.py:840} INFO - DAG(s) 'example_complex' retrieved from /home/airflow/.local/lib/python3.12/site-packages/airflow/example_dags/example_complex.py
[2024-07-13T02:04:49.891+0000] {logging_mixin.py:188} INFO - [2024-07-13T02:04:49.891+0000] {dag.py:3096} INFO - Sync 1 DAGs
[2024-07-13T02:04:49.917+0000] {logging_mixin.py:188} INFO - [2024-07-13T02:04:49.916+0000] {dag.py:3954} INFO - Setting next_dagrun for example_complex to None, run_after=None
[2024-07-13T02:04:49.954+0000] {processor.py:183} INFO - Processing /home/airflow/.local/lib/python3.12/site-packages/airflow/example_dags/example_complex.py took 0.116 seconds
[2024-07-13T02:05:20.452+0000] {processor.py:161} INFO - Started process (PID=606) to work on /home/airflow/.local/lib/python3.12/site-packages/airflow/example_dags/example_complex.py
[2024-07-13T02:05:20.453+0000] {processor.py:830} INFO - Processing file /home/airflow/.local/lib/python3.12/site-packages/airflow/example_dags/example_complex.py for tasks to queue
[2024-07-13T02:05:20.457+0000] {logging_mixin.py:188} INFO - [2024-07-13T02:05:20.453+0000] {dagbag.py:545} INFO - Filling up the DagBag from /home/airflow/.local/lib/python3.12/site-packages/airflow/example_dags/example_complex.py
[2024-07-13T02:05:20.476+0000] {processor.py:840} INFO - DAG(s) 'example_complex' retrieved from /home/airflow/.local/lib/python3.12/site-packages/airflow/example_dags/example_complex.py
[2024-07-13T02:05:20.514+0000] {logging_mixin.py:188} INFO - [2024-07-13T02:05:20.513+0000] {dag.py:3096} INFO - Sync 1 DAGs
[2024-07-13T02:05:20.525+0000] {logging_mixin.py:188} INFO - [2024-07-13T02:05:20.524+0000] {dag.py:3954} INFO - Setting next_dagrun for example_complex to None, run_after=None
[2024-07-13T02:05:20.551+0000] {processor.py:183} INFO - Processing /home/airflow/.local/lib/python3.12/site-packages/airflow/example_dags/example_complex.py took 0.105 seconds
[2024-07-13T02:05:51.618+0000] {processor.py:161} INFO - Started process (PID=667) to work on /home/airflow/.local/lib/python3.12/site-packages/airflow/example_dags/example_complex.py
[2024-07-13T02:05:51.619+0000] {processor.py:830} INFO - Processing file /home/airflow/.local/lib/python3.12/site-packages/airflow/example_dags/example_complex.py for tasks to queue
[2024-07-13T02:05:51.620+0000] {logging_mixin.py:188} INFO - [2024-07-13T02:05:51.620+0000] {dagbag.py:545} INFO - Filling up the DagBag from /home/airflow/.local/lib/python3.12/site-packages/airflow/example_dags/example_complex.py
[2024-07-13T02:05:51.660+0000] {processor.py:840} INFO - DAG(s) 'example_complex' retrieved from /home/airflow/.local/lib/python3.12/site-packages/airflow/example_dags/example_complex.py
[2024-07-13T02:05:51.843+0000] {logging_mixin.py:188} INFO - [2024-07-13T02:05:51.843+0000] {dag.py:3096} INFO - Sync 1 DAGs
[2024-07-13T02:05:52.001+0000] {logging_mixin.py:188} INFO - [2024-07-13T02:05:52.001+0000] {dag.py:3954} INFO - Setting next_dagrun for example_complex to None, run_after=None
[2024-07-13T02:05:52.259+0000] {processor.py:183} INFO - Processing /home/airflow/.local/lib/python3.12/site-packages/airflow/example_dags/example_complex.py took 0.665 seconds
[2024-07-13T02:06:22.967+0000] {processor.py:161} INFO - Started process (PID=728) to work on /home/airflow/.local/lib/python3.12/site-packages/airflow/example_dags/example_complex.py
[2024-07-13T02:06:22.968+0000] {processor.py:830} INFO - Processing file /home/airflow/.local/lib/python3.12/site-packages/airflow/example_dags/example_complex.py for tasks to queue
[2024-07-13T02:06:22.969+0000] {logging_mixin.py:188} INFO - [2024-07-13T02:06:22.968+0000] {dagbag.py:545} INFO - Filling up the DagBag from /home/airflow/.local/lib/python3.12/site-packages/airflow/example_dags/example_complex.py
[2024-07-13T02:06:23.158+0000] {processor.py:840} INFO - DAG(s) 'example_complex' retrieved from /home/airflow/.local/lib/python3.12/site-packages/airflow/example_dags/example_complex.py
[2024-07-13T02:06:23.188+0000] {logging_mixin.py:188} INFO - [2024-07-13T02:06:23.187+0000] {dag.py:3096} INFO - Sync 1 DAGs
[2024-07-13T02:06:23.198+0000] {logging_mixin.py:188} INFO - [2024-07-13T02:06:23.198+0000] {dag.py:3954} INFO - Setting next_dagrun for example_complex to None, run_after=None
[2024-07-13T02:06:23.222+0000] {processor.py:183} INFO - Processing /home/airflow/.local/lib/python3.12/site-packages/airflow/example_dags/example_complex.py took 0.262 seconds
[2024-07-13T02:06:53.962+0000] {processor.py:161} INFO - Started process (PID=789) to work on /home/airflow/.local/lib/python3.12/site-packages/airflow/example_dags/example_complex.py
[2024-07-13T02:06:53.963+0000] {processor.py:830} INFO - Processing file /home/airflow/.local/lib/python3.12/site-packages/airflow/example_dags/example_complex.py for tasks to queue
[2024-07-13T02:06:53.964+0000] {logging_mixin.py:188} INFO - [2024-07-13T02:06:53.964+0000] {dagbag.py:545} INFO - Filling up the DagBag from /home/airflow/.local/lib/python3.12/site-packages/airflow/example_dags/example_complex.py
[2024-07-13T02:06:53.977+0000] {processor.py:840} INFO - DAG(s) 'example_complex' retrieved from /home/airflow/.local/lib/python3.12/site-packages/airflow/example_dags/example_complex.py
[2024-07-13T02:06:54.015+0000] {logging_mixin.py:188} INFO - [2024-07-13T02:06:54.015+0000] {dag.py:3096} INFO - Sync 1 DAGs
[2024-07-13T02:06:54.027+0000] {logging_mixin.py:188} INFO - [2024-07-13T02:06:54.027+0000] {dag.py:3954} INFO - Setting next_dagrun for example_complex to None, run_after=None
[2024-07-13T02:06:54.054+0000] {processor.py:183} INFO - Processing /home/airflow/.local/lib/python3.12/site-packages/airflow/example_dags/example_complex.py took 0.097 seconds
[2024-07-13T02:07:24.448+0000] {processor.py:161} INFO - Started process (PID=851) to work on /home/airflow/.local/lib/python3.12/site-packages/airflow/example_dags/example_complex.py
[2024-07-13T02:07:24.453+0000] {processor.py:830} INFO - Processing file /home/airflow/.local/lib/python3.12/site-packages/airflow/example_dags/example_complex.py for tasks to queue
[2024-07-13T02:07:24.453+0000] {logging_mixin.py:188} INFO - [2024-07-13T02:07:24.453+0000] {dagbag.py:545} INFO - Filling up the DagBag from /home/airflow/.local/lib/python3.12/site-packages/airflow/example_dags/example_complex.py
[2024-07-13T02:07:24.466+0000] {processor.py:840} INFO - DAG(s) 'example_complex' retrieved from /home/airflow/.local/lib/python3.12/site-packages/airflow/example_dags/example_complex.py
[2024-07-13T02:07:24.505+0000] {logging_mixin.py:188} INFO - [2024-07-13T02:07:24.504+0000] {dag.py:3096} INFO - Sync 1 DAGs
[2024-07-13T02:07:24.516+0000] {logging_mixin.py:188} INFO - [2024-07-13T02:07:24.516+0000] {dag.py:3954} INFO - Setting next_dagrun for example_complex to None, run_after=None
[2024-07-13T02:07:24.541+0000] {processor.py:183} INFO - Processing /home/airflow/.local/lib/python3.12/site-packages/airflow/example_dags/example_complex.py took 0.099 seconds
[2024-07-13T02:07:54.793+0000] {processor.py:161} INFO - Started process (PID=912) to work on /home/airflow/.local/lib/python3.12/site-packages/airflow/example_dags/example_complex.py
[2024-07-13T02:07:54.794+0000] {processor.py:830} INFO - Processing file /home/airflow/.local/lib/python3.12/site-packages/airflow/example_dags/example_complex.py for tasks to queue
[2024-07-13T02:07:54.795+0000] {logging_mixin.py:188} INFO - [2024-07-13T02:07:54.795+0000] {dagbag.py:545} INFO - Filling up the DagBag from /home/airflow/.local/lib/python3.12/site-packages/airflow/example_dags/example_complex.py
[2024-07-13T02:07:54.809+0000] {processor.py:840} INFO - DAG(s) 'example_complex' retrieved from /home/airflow/.local/lib/python3.12/site-packages/airflow/example_dags/example_complex.py
[2024-07-13T02:07:54.867+0000] {logging_mixin.py:188} INFO - [2024-07-13T02:07:54.866+0000] {dag.py:3096} INFO - Sync 1 DAGs
[2024-07-13T02:07:54.882+0000] {logging_mixin.py:188} INFO - [2024-07-13T02:07:54.882+0000] {dag.py:3954} INFO - Setting next_dagrun for example_complex to None, run_after=None
[2024-07-13T02:07:54.922+0000] {processor.py:183} INFO - Processing /home/airflow/.local/lib/python3.12/site-packages/airflow/example_dags/example_complex.py took 0.135 seconds
[2024-07-13T02:08:25.592+0000] {processor.py:161} INFO - Started process (PID=974) to work on /home/airflow/.local/lib/python3.12/site-packages/airflow/example_dags/example_complex.py
[2024-07-13T02:08:25.593+0000] {processor.py:830} INFO - Processing file /home/airflow/.local/lib/python3.12/site-packages/airflow/example_dags/example_complex.py for tasks to queue
[2024-07-13T02:08:25.594+0000] {logging_mixin.py:188} INFO - [2024-07-13T02:08:25.594+0000] {dagbag.py:545} INFO - Filling up the DagBag from /home/airflow/.local/lib/python3.12/site-packages/airflow/example_dags/example_complex.py
[2024-07-13T02:08:25.621+0000] {processor.py:840} INFO - DAG(s) 'example_complex' retrieved from /home/airflow/.local/lib/python3.12/site-packages/airflow/example_dags/example_complex.py
[2024-07-13T02:08:25.700+0000] {logging_mixin.py:188} INFO - [2024-07-13T02:08:25.699+0000] {dag.py:3096} INFO - Sync 1 DAGs
[2024-07-13T02:08:25.712+0000] {logging_mixin.py:188} INFO - [2024-07-13T02:08:25.712+0000] {dag.py:3954} INFO - Setting next_dagrun for example_complex to None, run_after=None
[2024-07-13T02:08:25.736+0000] {processor.py:183} INFO - Processing /home/airflow/.local/lib/python3.12/site-packages/airflow/example_dags/example_complex.py took 0.158 seconds
[2024-07-13T02:08:56.632+0000] {processor.py:161} INFO - Started process (PID=1035) to work on /home/airflow/.local/lib/python3.12/site-packages/airflow/example_dags/example_complex.py
[2024-07-13T02:08:56.636+0000] {processor.py:830} INFO - Processing file /home/airflow/.local/lib/python3.12/site-packages/airflow/example_dags/example_complex.py for tasks to queue
[2024-07-13T02:08:56.637+0000] {logging_mixin.py:188} INFO - [2024-07-13T02:08:56.636+0000] {dagbag.py:545} INFO - Filling up the DagBag from /home/airflow/.local/lib/python3.12/site-packages/airflow/example_dags/example_complex.py
[2024-07-13T02:08:56.653+0000] {processor.py:840} INFO - DAG(s) 'example_complex' retrieved from /home/airflow/.local/lib/python3.12/site-packages/airflow/example_dags/example_complex.py
[2024-07-13T02:08:56.692+0000] {logging_mixin.py:188} INFO - [2024-07-13T02:08:56.692+0000] {dag.py:3096} INFO - Sync 1 DAGs
[2024-07-13T02:08:56.704+0000] {logging_mixin.py:188} INFO - [2024-07-13T02:08:56.704+0000] {dag.py:3954} INFO - Setting next_dagrun for example_complex to None, run_after=None
[2024-07-13T02:08:56.726+0000] {processor.py:183} INFO - Processing /home/airflow/.local/lib/python3.12/site-packages/airflow/example_dags/example_complex.py took 0.116 seconds
