[2024-07-13T01:30:37.574+0000] {processor.py:161} INFO - Started process (PID=34) to work on /opt/airflow/dags/sklearn_ml_pipeline.py
[2024-07-13T01:30:37.583+0000] {processor.py:830} INFO - Processing file /opt/airflow/dags/sklearn_ml_pipeline.py for tasks to queue
[2024-07-13T01:30:37.584+0000] {logging_mixin.py:188} INFO - [2024-07-13T01:30:37.584+0000] {dagbag.py:545} INFO - Filling up the DagBag from /opt/airflow/dags/sklearn_ml_pipeline.py
[2024-07-13T01:30:58.625+0000] {processor.py:840} INFO - DAG(s) 'dnd_classification_models' retrieved from /opt/airflow/dags/sklearn_ml_pipeline.py
[2024-07-13T01:30:59.316+0000] {logging_mixin.py:188} INFO - [2024-07-13T01:30:59.315+0000] {override.py:1829} INFO - Created Permission View: can read on DAG:dnd_classification_models
[2024-07-13T01:30:59.350+0000] {logging_mixin.py:188} INFO - [2024-07-13T01:30:59.350+0000] {override.py:1829} INFO - Created Permission View: can edit on DAG:dnd_classification_models
[2024-07-13T01:30:59.365+0000] {logging_mixin.py:188} INFO - [2024-07-13T01:30:59.364+0000] {override.py:1829} INFO - Created Permission View: can delete on DAG:dnd_classification_models
[2024-07-13T01:30:59.366+0000] {logging_mixin.py:188} INFO - [2024-07-13T01:30:59.365+0000] {dag.py:3096} INFO - Sync 1 DAGs
[2024-07-13T01:30:59.383+0000] {logging_mixin.py:188} INFO - [2024-07-13T01:30:59.383+0000] {dag.py:3118} INFO - Creating ORM DAG for dnd_classification_models
[2024-07-13T01:30:59.398+0000] {logging_mixin.py:188} INFO - [2024-07-13T01:30:59.398+0000] {dag.py:3954} INFO - Setting next_dagrun for dnd_classification_models to 2024-07-13 00:00:00+00:00, run_after=2024-07-14 00:00:00+00:00
[2024-07-13T01:30:59.466+0000] {processor.py:183} INFO - Processing /opt/airflow/dags/sklearn_ml_pipeline.py took 21.906 seconds
[2024-07-13T01:31:29.658+0000] {processor.py:161} INFO - Started process (PID=133) to work on /opt/airflow/dags/sklearn_ml_pipeline.py
[2024-07-13T01:31:29.660+0000] {processor.py:830} INFO - Processing file /opt/airflow/dags/sklearn_ml_pipeline.py for tasks to queue
[2024-07-13T01:31:29.665+0000] {logging_mixin.py:188} INFO - [2024-07-13T01:31:29.664+0000] {dagbag.py:545} INFO - Filling up the DagBag from /opt/airflow/dags/sklearn_ml_pipeline.py
[2024-07-13T01:31:33.972+0000] {processor.py:840} INFO - DAG(s) 'dnd_classification_models' retrieved from /opt/airflow/dags/sklearn_ml_pipeline.py
[2024-07-13T01:31:33.985+0000] {logging_mixin.py:188} INFO - [2024-07-13T01:31:33.985+0000] {dag.py:3096} INFO - Sync 1 DAGs
[2024-07-13T01:31:34.000+0000] {logging_mixin.py:188} INFO - [2024-07-13T01:31:34.000+0000] {dag.py:3954} INFO - Setting next_dagrun for dnd_classification_models to 2024-07-13 00:00:00+00:00, run_after=2024-07-14 00:00:00+00:00
[2024-07-13T01:31:34.020+0000] {processor.py:183} INFO - Processing /opt/airflow/dags/sklearn_ml_pipeline.py took 4.370 seconds
[2024-07-13T01:32:04.740+0000] {processor.py:161} INFO - Started process (PID=206) to work on /opt/airflow/dags/sklearn_ml_pipeline.py
[2024-07-13T01:32:04.741+0000] {processor.py:830} INFO - Processing file /opt/airflow/dags/sklearn_ml_pipeline.py for tasks to queue
[2024-07-13T01:32:04.742+0000] {logging_mixin.py:188} INFO - [2024-07-13T01:32:04.742+0000] {dagbag.py:545} INFO - Filling up the DagBag from /opt/airflow/dags/sklearn_ml_pipeline.py
[2024-07-13T01:32:07.451+0000] {processor.py:840} INFO - DAG(s) 'dnd_classification_models' retrieved from /opt/airflow/dags/sklearn_ml_pipeline.py
[2024-07-13T01:32:07.468+0000] {logging_mixin.py:188} INFO - [2024-07-13T01:32:07.468+0000] {dag.py:3096} INFO - Sync 1 DAGs
[2024-07-13T01:32:07.483+0000] {logging_mixin.py:188} INFO - [2024-07-13T01:32:07.483+0000] {dag.py:3954} INFO - Setting next_dagrun for dnd_classification_models to 2024-07-13 00:00:00+00:00, run_after=2024-07-14 00:00:00+00:00
[2024-07-13T01:32:07.515+0000] {processor.py:183} INFO - Processing /opt/airflow/dags/sklearn_ml_pipeline.py took 2.779 seconds
[2024-07-13T01:32:37.699+0000] {processor.py:161} INFO - Started process (PID=273) to work on /opt/airflow/dags/sklearn_ml_pipeline.py
[2024-07-13T01:32:37.700+0000] {processor.py:830} INFO - Processing file /opt/airflow/dags/sklearn_ml_pipeline.py for tasks to queue
[2024-07-13T01:32:37.702+0000] {logging_mixin.py:188} INFO - [2024-07-13T01:32:37.701+0000] {dagbag.py:545} INFO - Filling up the DagBag from /opt/airflow/dags/sklearn_ml_pipeline.py
[2024-07-13T01:32:40.670+0000] {processor.py:840} INFO - DAG(s) 'dnd_classification_models' retrieved from /opt/airflow/dags/sklearn_ml_pipeline.py
[2024-07-13T01:32:40.686+0000] {logging_mixin.py:188} INFO - [2024-07-13T01:32:40.685+0000] {dag.py:3096} INFO - Sync 1 DAGs
[2024-07-13T01:32:40.703+0000] {logging_mixin.py:188} INFO - [2024-07-13T01:32:40.703+0000] {dag.py:3954} INFO - Setting next_dagrun for dnd_classification_models to 2024-07-13 00:00:00+00:00, run_after=2024-07-14 00:00:00+00:00
[2024-07-13T01:32:40.725+0000] {processor.py:183} INFO - Processing /opt/airflow/dags/sklearn_ml_pipeline.py took 3.031 seconds
[2024-07-13T01:33:11.203+0000] {processor.py:161} INFO - Started process (PID=335) to work on /opt/airflow/dags/sklearn_ml_pipeline.py
[2024-07-13T01:33:11.204+0000] {processor.py:830} INFO - Processing file /opt/airflow/dags/sklearn_ml_pipeline.py for tasks to queue
[2024-07-13T01:33:11.206+0000] {logging_mixin.py:188} INFO - [2024-07-13T01:33:11.205+0000] {dagbag.py:545} INFO - Filling up the DagBag from /opt/airflow/dags/sklearn_ml_pipeline.py
[2024-07-13T01:33:13.347+0000] {processor.py:840} INFO - DAG(s) 'dnd_classification_models' retrieved from /opt/airflow/dags/sklearn_ml_pipeline.py
[2024-07-13T01:33:13.361+0000] {logging_mixin.py:188} INFO - [2024-07-13T01:33:13.360+0000] {dag.py:3096} INFO - Sync 1 DAGs
[2024-07-13T01:33:13.382+0000] {logging_mixin.py:188} INFO - [2024-07-13T01:33:13.382+0000] {dag.py:3954} INFO - Setting next_dagrun for dnd_classification_models to 2024-07-13 00:00:00+00:00, run_after=2024-07-14 00:00:00+00:00
[2024-07-13T01:33:13.402+0000] {processor.py:183} INFO - Processing /opt/airflow/dags/sklearn_ml_pipeline.py took 2.205 seconds
[2024-07-13T01:33:43.615+0000] {processor.py:161} INFO - Started process (PID=400) to work on /opt/airflow/dags/sklearn_ml_pipeline.py
[2024-07-13T01:33:43.618+0000] {processor.py:830} INFO - Processing file /opt/airflow/dags/sklearn_ml_pipeline.py for tasks to queue
[2024-07-13T01:33:43.619+0000] {logging_mixin.py:188} INFO - [2024-07-13T01:33:43.619+0000] {dagbag.py:545} INFO - Filling up the DagBag from /opt/airflow/dags/sklearn_ml_pipeline.py
[2024-07-13T01:33:45.353+0000] {processor.py:840} INFO - DAG(s) 'dnd_classification_models' retrieved from /opt/airflow/dags/sklearn_ml_pipeline.py
[2024-07-13T01:33:45.371+0000] {logging_mixin.py:188} INFO - [2024-07-13T01:33:45.370+0000] {dag.py:3096} INFO - Sync 1 DAGs
[2024-07-13T01:33:45.386+0000] {logging_mixin.py:188} INFO - [2024-07-13T01:33:45.386+0000] {dag.py:3954} INFO - Setting next_dagrun for dnd_classification_models to 2024-07-13 00:00:00+00:00, run_after=2024-07-14 00:00:00+00:00
[2024-07-13T01:33:45.405+0000] {processor.py:183} INFO - Processing /opt/airflow/dags/sklearn_ml_pipeline.py took 1.796 seconds
[2024-07-13T01:34:15.995+0000] {processor.py:161} INFO - Started process (PID=463) to work on /opt/airflow/dags/sklearn_ml_pipeline.py
[2024-07-13T01:34:15.995+0000] {processor.py:830} INFO - Processing file /opt/airflow/dags/sklearn_ml_pipeline.py for tasks to queue
[2024-07-13T01:34:15.997+0000] {logging_mixin.py:188} INFO - [2024-07-13T01:34:15.996+0000] {dagbag.py:545} INFO - Filling up the DagBag from /opt/airflow/dags/sklearn_ml_pipeline.py
[2024-07-13T01:34:17.749+0000] {processor.py:840} INFO - DAG(s) 'dnd_classification_models' retrieved from /opt/airflow/dags/sklearn_ml_pipeline.py
[2024-07-13T01:34:17.762+0000] {logging_mixin.py:188} INFO - [2024-07-13T01:34:17.762+0000] {dag.py:3096} INFO - Sync 1 DAGs
[2024-07-13T01:34:17.777+0000] {logging_mixin.py:188} INFO - [2024-07-13T01:34:17.777+0000] {dag.py:3954} INFO - Setting next_dagrun for dnd_classification_models to 2024-07-13 00:00:00+00:00, run_after=2024-07-14 00:00:00+00:00
[2024-07-13T01:34:17.798+0000] {processor.py:183} INFO - Processing /opt/airflow/dags/sklearn_ml_pipeline.py took 1.808 seconds
[2024-07-13T01:34:48.760+0000] {processor.py:161} INFO - Started process (PID=534) to work on /opt/airflow/dags/sklearn_ml_pipeline.py
[2024-07-13T01:34:48.761+0000] {processor.py:830} INFO - Processing file /opt/airflow/dags/sklearn_ml_pipeline.py for tasks to queue
[2024-07-13T01:34:48.762+0000] {logging_mixin.py:188} INFO - [2024-07-13T01:34:48.762+0000] {dagbag.py:545} INFO - Filling up the DagBag from /opt/airflow/dags/sklearn_ml_pipeline.py
[2024-07-13T01:34:50.868+0000] {processor.py:840} INFO - DAG(s) 'dnd_classification_models' retrieved from /opt/airflow/dags/sklearn_ml_pipeline.py
[2024-07-13T01:34:50.881+0000] {logging_mixin.py:188} INFO - [2024-07-13T01:34:50.881+0000] {dag.py:3096} INFO - Sync 1 DAGs
[2024-07-13T01:34:50.895+0000] {logging_mixin.py:188} INFO - [2024-07-13T01:34:50.895+0000] {dag.py:3954} INFO - Setting next_dagrun for dnd_classification_models to 2024-07-13 00:00:00+00:00, run_after=2024-07-14 00:00:00+00:00
[2024-07-13T01:34:50.916+0000] {processor.py:183} INFO - Processing /opt/airflow/dags/sklearn_ml_pipeline.py took 2.162 seconds
[2024-07-13T01:35:21.685+0000] {processor.py:161} INFO - Started process (PID=602) to work on /opt/airflow/dags/sklearn_ml_pipeline.py
[2024-07-13T01:35:21.698+0000] {processor.py:830} INFO - Processing file /opt/airflow/dags/sklearn_ml_pipeline.py for tasks to queue
[2024-07-13T01:35:21.700+0000] {logging_mixin.py:188} INFO - [2024-07-13T01:35:21.700+0000] {dagbag.py:545} INFO - Filling up the DagBag from /opt/airflow/dags/sklearn_ml_pipeline.py
[2024-07-13T01:35:25.437+0000] {processor.py:840} INFO - DAG(s) 'dnd_classification_models' retrieved from /opt/airflow/dags/sklearn_ml_pipeline.py
[2024-07-13T01:35:25.457+0000] {logging_mixin.py:188} INFO - [2024-07-13T01:35:25.456+0000] {dag.py:3096} INFO - Sync 1 DAGs
[2024-07-13T01:35:25.478+0000] {logging_mixin.py:188} INFO - [2024-07-13T01:35:25.478+0000] {dag.py:3954} INFO - Setting next_dagrun for dnd_classification_models to 2024-07-13 00:00:00+00:00, run_after=2024-07-14 00:00:00+00:00
[2024-07-13T01:35:25.502+0000] {processor.py:183} INFO - Processing /opt/airflow/dags/sklearn_ml_pipeline.py took 3.823 seconds
[2024-07-13T01:35:49.101+0000] {processor.py:161} INFO - Started process (PID=651) to work on /opt/airflow/dags/sklearn_ml_pipeline.py
[2024-07-13T01:35:49.107+0000] {processor.py:830} INFO - Processing file /opt/airflow/dags/sklearn_ml_pipeline.py for tasks to queue
[2024-07-13T01:35:49.109+0000] {logging_mixin.py:188} INFO - [2024-07-13T01:35:49.109+0000] {dagbag.py:545} INFO - Filling up the DagBag from /opt/airflow/dags/sklearn_ml_pipeline.py
[2024-07-13T01:35:55.130+0000] {processor.py:840} INFO - DAG(s) 'dnd_classification_models' retrieved from /opt/airflow/dags/sklearn_ml_pipeline.py
[2024-07-13T01:35:55.148+0000] {logging_mixin.py:188} INFO - [2024-07-13T01:35:55.148+0000] {taskinstance.py:2907} ERROR - {'DAG Id': 'dnd_classification_models', 'Task Id': 'register_model', 'Run Id': 'manual__2024-07-13T01:35:15.726648+00:00', 'Hostname': '64ae5f811ff0', 'External Executor Id': '3078722e-ce49-4005-812d-978bbe865b1e'}
[2024-07-13T01:35:55.185+0000] {logging_mixin.py:188} INFO - [2024-07-13T01:35:55.185+0000] {taskinstance.py:1206} INFO - Marking task as FAILED. dag_id=dnd_classification_models, task_id=register_model, run_id=manual__2024-07-13T01:35:15.726648+00:00, execution_date=20240713T013515, start_date=20240713T013544, end_date=20240713T013555
[2024-07-13T01:35:55.521+0000] {processor.py:791} INFO - Executed failure callback for <TaskInstance: dnd_classification_models.register_model manual__2024-07-13T01:35:15.726648+00:00 [failed]> in state failed
[2024-07-13T01:35:55.696+0000] {logging_mixin.py:188} INFO - [2024-07-13T01:35:55.695+0000] {dag.py:3096} INFO - Sync 1 DAGs
[2024-07-13T01:35:55.736+0000] {logging_mixin.py:188} INFO - [2024-07-13T01:35:55.736+0000] {dag.py:3954} INFO - Setting next_dagrun for dnd_classification_models to 2024-07-13 00:00:00+00:00, run_after=2024-07-14 00:00:00+00:00
[2024-07-13T01:35:55.853+0000] {processor.py:183} INFO - Processing /opt/airflow/dags/sklearn_ml_pipeline.py took 6.768 seconds
[2024-07-13T01:36:26.497+0000] {processor.py:161} INFO - Started process (PID=730) to work on /opt/airflow/dags/sklearn_ml_pipeline.py
[2024-07-13T01:36:26.498+0000] {processor.py:830} INFO - Processing file /opt/airflow/dags/sklearn_ml_pipeline.py for tasks to queue
[2024-07-13T01:36:26.500+0000] {logging_mixin.py:188} INFO - [2024-07-13T01:36:26.500+0000] {dagbag.py:545} INFO - Filling up the DagBag from /opt/airflow/dags/sklearn_ml_pipeline.py
[2024-07-13T01:36:28.514+0000] {processor.py:840} INFO - DAG(s) 'dnd_classification_models' retrieved from /opt/airflow/dags/sklearn_ml_pipeline.py
[2024-07-13T01:36:28.527+0000] {logging_mixin.py:188} INFO - [2024-07-13T01:36:28.527+0000] {dag.py:3096} INFO - Sync 1 DAGs
[2024-07-13T01:36:28.542+0000] {logging_mixin.py:188} INFO - [2024-07-13T01:36:28.542+0000] {dag.py:3954} INFO - Setting next_dagrun for dnd_classification_models to 2024-07-13 00:00:00+00:00, run_after=2024-07-14 00:00:00+00:00
[2024-07-13T01:36:28.563+0000] {processor.py:183} INFO - Processing /opt/airflow/dags/sklearn_ml_pipeline.py took 2.071 seconds
[2024-07-13T01:36:59.348+0000] {processor.py:161} INFO - Started process (PID=795) to work on /opt/airflow/dags/sklearn_ml_pipeline.py
[2024-07-13T01:36:59.349+0000] {processor.py:830} INFO - Processing file /opt/airflow/dags/sklearn_ml_pipeline.py for tasks to queue
[2024-07-13T01:36:59.351+0000] {logging_mixin.py:188} INFO - [2024-07-13T01:36:59.350+0000] {dagbag.py:545} INFO - Filling up the DagBag from /opt/airflow/dags/sklearn_ml_pipeline.py
[2024-07-13T01:37:02.465+0000] {processor.py:840} INFO - DAG(s) 'dnd_classification_models' retrieved from /opt/airflow/dags/sklearn_ml_pipeline.py
[2024-07-13T01:37:02.504+0000] {logging_mixin.py:188} INFO - [2024-07-13T01:37:02.503+0000] {dag.py:3096} INFO - Sync 1 DAGs
[2024-07-13T01:37:02.533+0000] {logging_mixin.py:188} INFO - [2024-07-13T01:37:02.532+0000] {dag.py:3954} INFO - Setting next_dagrun for dnd_classification_models to 2024-07-13 00:00:00+00:00, run_after=2024-07-14 00:00:00+00:00
[2024-07-13T01:37:02.555+0000] {processor.py:183} INFO - Processing /opt/airflow/dags/sklearn_ml_pipeline.py took 3.212 seconds
[2024-07-13T01:37:33.243+0000] {processor.py:161} INFO - Started process (PID=862) to work on /opt/airflow/dags/sklearn_ml_pipeline.py
[2024-07-13T01:37:33.244+0000] {processor.py:830} INFO - Processing file /opt/airflow/dags/sklearn_ml_pipeline.py for tasks to queue
[2024-07-13T01:37:33.245+0000] {logging_mixin.py:188} INFO - [2024-07-13T01:37:33.245+0000] {dagbag.py:545} INFO - Filling up the DagBag from /opt/airflow/dags/sklearn_ml_pipeline.py
[2024-07-13T01:37:35.035+0000] {processor.py:840} INFO - DAG(s) 'dnd_classification_models' retrieved from /opt/airflow/dags/sklearn_ml_pipeline.py
[2024-07-13T01:37:35.048+0000] {logging_mixin.py:188} INFO - [2024-07-13T01:37:35.048+0000] {dag.py:3096} INFO - Sync 1 DAGs
[2024-07-13T01:37:35.064+0000] {logging_mixin.py:188} INFO - [2024-07-13T01:37:35.063+0000] {dag.py:3954} INFO - Setting next_dagrun for dnd_classification_models to 2024-07-13 00:00:00+00:00, run_after=2024-07-14 00:00:00+00:00
[2024-07-13T01:37:35.093+0000] {processor.py:183} INFO - Processing /opt/airflow/dags/sklearn_ml_pipeline.py took 1.854 seconds
[2024-07-13T01:38:05.639+0000] {processor.py:161} INFO - Started process (PID=923) to work on /opt/airflow/dags/sklearn_ml_pipeline.py
[2024-07-13T01:38:05.640+0000] {processor.py:830} INFO - Processing file /opt/airflow/dags/sklearn_ml_pipeline.py for tasks to queue
[2024-07-13T01:38:05.642+0000] {logging_mixin.py:188} INFO - [2024-07-13T01:38:05.642+0000] {dagbag.py:545} INFO - Filling up the DagBag from /opt/airflow/dags/sklearn_ml_pipeline.py
[2024-07-13T01:38:07.492+0000] {processor.py:840} INFO - DAG(s) 'dnd_classification_models' retrieved from /opt/airflow/dags/sklearn_ml_pipeline.py
[2024-07-13T01:38:07.505+0000] {logging_mixin.py:188} INFO - [2024-07-13T01:38:07.505+0000] {dag.py:3096} INFO - Sync 1 DAGs
[2024-07-13T01:38:07.520+0000] {logging_mixin.py:188} INFO - [2024-07-13T01:38:07.520+0000] {dag.py:3954} INFO - Setting next_dagrun for dnd_classification_models to 2024-07-13 00:00:00+00:00, run_after=2024-07-14 00:00:00+00:00
[2024-07-13T01:38:07.541+0000] {processor.py:183} INFO - Processing /opt/airflow/dags/sklearn_ml_pipeline.py took 1.907 seconds
[2024-07-13T01:38:38.381+0000] {processor.py:161} INFO - Started process (PID=987) to work on /opt/airflow/dags/sklearn_ml_pipeline.py
[2024-07-13T01:38:38.382+0000] {processor.py:830} INFO - Processing file /opt/airflow/dags/sklearn_ml_pipeline.py for tasks to queue
[2024-07-13T01:38:38.383+0000] {logging_mixin.py:188} INFO - [2024-07-13T01:38:38.383+0000] {dagbag.py:545} INFO - Filling up the DagBag from /opt/airflow/dags/sklearn_ml_pipeline.py
[2024-07-13T01:38:40.336+0000] {processor.py:840} INFO - DAG(s) 'dnd_classification_models' retrieved from /opt/airflow/dags/sklearn_ml_pipeline.py
[2024-07-13T01:38:40.349+0000] {logging_mixin.py:188} INFO - [2024-07-13T01:38:40.348+0000] {dag.py:3096} INFO - Sync 1 DAGs
[2024-07-13T01:38:40.364+0000] {logging_mixin.py:188} INFO - [2024-07-13T01:38:40.364+0000] {dag.py:3954} INFO - Setting next_dagrun for dnd_classification_models to 2024-07-13 00:00:00+00:00, run_after=2024-07-14 00:00:00+00:00
[2024-07-13T01:38:40.392+0000] {processor.py:183} INFO - Processing /opt/airflow/dags/sklearn_ml_pipeline.py took 2.023 seconds
[2024-07-13T01:39:11.055+0000] {processor.py:161} INFO - Started process (PID=1052) to work on /opt/airflow/dags/sklearn_ml_pipeline.py
[2024-07-13T01:39:11.056+0000] {processor.py:830} INFO - Processing file /opt/airflow/dags/sklearn_ml_pipeline.py for tasks to queue
[2024-07-13T01:39:11.058+0000] {logging_mixin.py:188} INFO - [2024-07-13T01:39:11.058+0000] {dagbag.py:545} INFO - Filling up the DagBag from /opt/airflow/dags/sklearn_ml_pipeline.py
[2024-07-13T01:39:13.931+0000] {processor.py:840} INFO - DAG(s) 'dnd_classification_models' retrieved from /opt/airflow/dags/sklearn_ml_pipeline.py
[2024-07-13T01:39:13.948+0000] {logging_mixin.py:188} INFO - [2024-07-13T01:39:13.948+0000] {dag.py:3096} INFO - Sync 1 DAGs
[2024-07-13T01:39:13.977+0000] {logging_mixin.py:188} INFO - [2024-07-13T01:39:13.977+0000] {dag.py:3954} INFO - Setting next_dagrun for dnd_classification_models to 2024-07-13 00:00:00+00:00, run_after=2024-07-14 00:00:00+00:00
[2024-07-13T01:39:14.004+0000] {processor.py:183} INFO - Processing /opt/airflow/dags/sklearn_ml_pipeline.py took 2.954 seconds
[2024-07-13T01:42:49.313+0000] {processor.py:161} INFO - Started process (PID=33) to work on /opt/airflow/dags/sklearn_ml_pipeline.py
[2024-07-13T01:42:49.335+0000] {processor.py:830} INFO - Processing file /opt/airflow/dags/sklearn_ml_pipeline.py for tasks to queue
[2024-07-13T01:42:49.340+0000] {logging_mixin.py:188} INFO - [2024-07-13T01:42:49.338+0000] {dagbag.py:545} INFO - Filling up the DagBag from /opt/airflow/dags/sklearn_ml_pipeline.py
[2024-07-13T01:42:58.942+0000] {processor.py:840} INFO - DAG(s) 'dnd_classification_models' retrieved from /opt/airflow/dags/sklearn_ml_pipeline.py
[2024-07-13T01:42:59.247+0000] {logging_mixin.py:188} INFO - [2024-07-13T01:42:59.246+0000] {dag.py:3096} INFO - Sync 1 DAGs
[2024-07-13T01:42:59.297+0000] {logging_mixin.py:188} INFO - [2024-07-13T01:42:59.296+0000] {dag.py:3954} INFO - Setting next_dagrun for dnd_classification_models to 2024-07-13 00:00:00+00:00, run_after=2024-07-14 00:00:00+00:00
[2024-07-13T01:42:59.326+0000] {processor.py:183} INFO - Processing /opt/airflow/dags/sklearn_ml_pipeline.py took 10.021 seconds
[2024-07-13T01:43:30.067+0000] {processor.py:161} INFO - Started process (PID=105) to work on /opt/airflow/dags/sklearn_ml_pipeline.py
[2024-07-13T01:43:30.075+0000] {processor.py:830} INFO - Processing file /opt/airflow/dags/sklearn_ml_pipeline.py for tasks to queue
[2024-07-13T01:43:30.079+0000] {logging_mixin.py:188} INFO - [2024-07-13T01:43:30.078+0000] {dagbag.py:545} INFO - Filling up the DagBag from /opt/airflow/dags/sklearn_ml_pipeline.py
[2024-07-13T01:43:35.718+0000] {processor.py:840} INFO - DAG(s) 'dnd_classification_models' retrieved from /opt/airflow/dags/sklearn_ml_pipeline.py
[2024-07-13T01:43:35.735+0000] {logging_mixin.py:188} INFO - [2024-07-13T01:43:35.735+0000] {dag.py:3096} INFO - Sync 1 DAGs
[2024-07-13T01:43:35.756+0000] {logging_mixin.py:188} INFO - [2024-07-13T01:43:35.756+0000] {dag.py:3954} INFO - Setting next_dagrun for dnd_classification_models to 2024-07-13 00:00:00+00:00, run_after=2024-07-14 00:00:00+00:00
[2024-07-13T01:43:35.783+0000] {processor.py:183} INFO - Processing /opt/airflow/dags/sklearn_ml_pipeline.py took 5.746 seconds
[2024-07-13T01:44:05.966+0000] {processor.py:161} INFO - Started process (PID=186) to work on /opt/airflow/dags/sklearn_ml_pipeline.py
[2024-07-13T01:44:05.971+0000] {processor.py:830} INFO - Processing file /opt/airflow/dags/sklearn_ml_pipeline.py for tasks to queue
[2024-07-13T01:44:05.979+0000] {logging_mixin.py:188} INFO - [2024-07-13T01:44:05.979+0000] {dagbag.py:545} INFO - Filling up the DagBag from /opt/airflow/dags/sklearn_ml_pipeline.py
[2024-07-13T01:44:10.850+0000] {processor.py:840} INFO - DAG(s) 'dnd_classification_models' retrieved from /opt/airflow/dags/sklearn_ml_pipeline.py
[2024-07-13T01:44:10.927+0000] {logging_mixin.py:188} INFO - [2024-07-13T01:44:10.926+0000] {dag.py:3096} INFO - Sync 1 DAGs
[2024-07-13T01:44:10.967+0000] {logging_mixin.py:188} INFO - [2024-07-13T01:44:10.967+0000] {dag.py:3954} INFO - Setting next_dagrun for dnd_classification_models to 2024-07-13 00:00:00+00:00, run_after=2024-07-14 00:00:00+00:00
[2024-07-13T01:44:11.003+0000] {processor.py:183} INFO - Processing /opt/airflow/dags/sklearn_ml_pipeline.py took 5.051 seconds
[2024-07-13T01:44:41.446+0000] {processor.py:161} INFO - Started process (PID=266) to work on /opt/airflow/dags/sklearn_ml_pipeline.py
[2024-07-13T01:44:41.452+0000] {processor.py:830} INFO - Processing file /opt/airflow/dags/sklearn_ml_pipeline.py for tasks to queue
[2024-07-13T01:44:41.462+0000] {logging_mixin.py:188} INFO - [2024-07-13T01:44:41.462+0000] {dagbag.py:545} INFO - Filling up the DagBag from /opt/airflow/dags/sklearn_ml_pipeline.py
[2024-07-13T01:44:46.181+0000] {processor.py:840} INFO - DAG(s) 'dnd_classification_models' retrieved from /opt/airflow/dags/sklearn_ml_pipeline.py
[2024-07-13T01:44:46.216+0000] {logging_mixin.py:188} INFO - [2024-07-13T01:44:46.215+0000] {dag.py:3096} INFO - Sync 1 DAGs
[2024-07-13T01:44:46.247+0000] {logging_mixin.py:188} INFO - [2024-07-13T01:44:46.247+0000] {dag.py:3954} INFO - Setting next_dagrun for dnd_classification_models to 2024-07-13 00:00:00+00:00, run_after=2024-07-14 00:00:00+00:00
[2024-07-13T01:44:46.273+0000] {processor.py:183} INFO - Processing /opt/airflow/dags/sklearn_ml_pipeline.py took 4.852 seconds
[2024-07-13T01:45:17.104+0000] {processor.py:161} INFO - Started process (PID=330) to work on /opt/airflow/dags/sklearn_ml_pipeline.py
[2024-07-13T01:45:17.107+0000] {processor.py:830} INFO - Processing file /opt/airflow/dags/sklearn_ml_pipeline.py for tasks to queue
[2024-07-13T01:45:17.111+0000] {logging_mixin.py:188} INFO - [2024-07-13T01:45:17.111+0000] {dagbag.py:545} INFO - Filling up the DagBag from /opt/airflow/dags/sklearn_ml_pipeline.py
[2024-07-13T01:45:20.907+0000] {processor.py:840} INFO - DAG(s) 'dnd_classification_models' retrieved from /opt/airflow/dags/sklearn_ml_pipeline.py
[2024-07-13T01:45:20.955+0000] {logging_mixin.py:188} INFO - [2024-07-13T01:45:20.954+0000] {dag.py:3096} INFO - Sync 1 DAGs
[2024-07-13T01:45:21.020+0000] {logging_mixin.py:188} INFO - [2024-07-13T01:45:21.019+0000] {dag.py:3954} INFO - Setting next_dagrun for dnd_classification_models to 2024-07-13 00:00:00+00:00, run_after=2024-07-14 00:00:00+00:00
[2024-07-13T01:45:21.045+0000] {processor.py:183} INFO - Processing /opt/airflow/dags/sklearn_ml_pipeline.py took 3.964 seconds
[2024-07-13T01:45:51.243+0000] {processor.py:161} INFO - Started process (PID=397) to work on /opt/airflow/dags/sklearn_ml_pipeline.py
[2024-07-13T01:45:51.246+0000] {processor.py:830} INFO - Processing file /opt/airflow/dags/sklearn_ml_pipeline.py for tasks to queue
[2024-07-13T01:45:51.248+0000] {logging_mixin.py:188} INFO - [2024-07-13T01:45:51.248+0000] {dagbag.py:545} INFO - Filling up the DagBag from /opt/airflow/dags/sklearn_ml_pipeline.py
[2024-07-13T01:45:55.365+0000] {processor.py:840} INFO - DAG(s) 'dnd_classification_models' retrieved from /opt/airflow/dags/sklearn_ml_pipeline.py
[2024-07-13T01:45:55.436+0000] {logging_mixin.py:188} INFO - [2024-07-13T01:45:55.433+0000] {dag.py:3096} INFO - Sync 1 DAGs
[2024-07-13T01:45:55.494+0000] {logging_mixin.py:188} INFO - [2024-07-13T01:45:55.493+0000] {dag.py:3954} INFO - Setting next_dagrun for dnd_classification_models to 2024-07-13 00:00:00+00:00, run_after=2024-07-14 00:00:00+00:00
[2024-07-13T01:45:55.554+0000] {processor.py:183} INFO - Processing /opt/airflow/dags/sklearn_ml_pipeline.py took 4.321 seconds
[2024-07-13T01:46:26.047+0000] {processor.py:161} INFO - Started process (PID=460) to work on /opt/airflow/dags/sklearn_ml_pipeline.py
[2024-07-13T01:46:26.050+0000] {processor.py:830} INFO - Processing file /opt/airflow/dags/sklearn_ml_pipeline.py for tasks to queue
[2024-07-13T01:46:26.053+0000] {logging_mixin.py:188} INFO - [2024-07-13T01:46:26.052+0000] {dagbag.py:545} INFO - Filling up the DagBag from /opt/airflow/dags/sklearn_ml_pipeline.py
[2024-07-13T01:46:29.647+0000] {processor.py:840} INFO - DAG(s) 'dnd_classification_models' retrieved from /opt/airflow/dags/sklearn_ml_pipeline.py
[2024-07-13T01:46:29.687+0000] {logging_mixin.py:188} INFO - [2024-07-13T01:46:29.686+0000] {dag.py:3096} INFO - Sync 1 DAGs
[2024-07-13T01:46:29.723+0000] {logging_mixin.py:188} INFO - [2024-07-13T01:46:29.723+0000] {dag.py:3954} INFO - Setting next_dagrun for dnd_classification_models to 2024-07-13 00:00:00+00:00, run_after=2024-07-14 00:00:00+00:00
[2024-07-13T01:46:29.803+0000] {processor.py:183} INFO - Processing /opt/airflow/dags/sklearn_ml_pipeline.py took 3.766 seconds
[2024-07-13T01:47:00.455+0000] {processor.py:161} INFO - Started process (PID=524) to work on /opt/airflow/dags/sklearn_ml_pipeline.py
[2024-07-13T01:47:00.456+0000] {processor.py:830} INFO - Processing file /opt/airflow/dags/sklearn_ml_pipeline.py for tasks to queue
[2024-07-13T01:47:00.458+0000] {logging_mixin.py:188} INFO - [2024-07-13T01:47:00.458+0000] {dagbag.py:545} INFO - Filling up the DagBag from /opt/airflow/dags/sklearn_ml_pipeline.py
[2024-07-13T01:47:03.641+0000] {processor.py:840} INFO - DAG(s) 'dnd_classification_models' retrieved from /opt/airflow/dags/sklearn_ml_pipeline.py
[2024-07-13T01:47:03.731+0000] {logging_mixin.py:188} INFO - [2024-07-13T01:47:03.731+0000] {dag.py:3096} INFO - Sync 1 DAGs
[2024-07-13T01:47:03.830+0000] {logging_mixin.py:188} INFO - [2024-07-13T01:47:03.830+0000] {dag.py:3954} INFO - Setting next_dagrun for dnd_classification_models to 2024-07-13 00:00:00+00:00, run_after=2024-07-14 00:00:00+00:00
[2024-07-13T01:47:03.878+0000] {processor.py:183} INFO - Processing /opt/airflow/dags/sklearn_ml_pipeline.py took 3.427 seconds
[2024-07-13T01:47:34.073+0000] {processor.py:161} INFO - Started process (PID=588) to work on /opt/airflow/dags/sklearn_ml_pipeline.py
[2024-07-13T01:47:34.074+0000] {processor.py:830} INFO - Processing file /opt/airflow/dags/sklearn_ml_pipeline.py for tasks to queue
[2024-07-13T01:47:34.076+0000] {logging_mixin.py:188} INFO - [2024-07-13T01:47:34.076+0000] {dagbag.py:545} INFO - Filling up the DagBag from /opt/airflow/dags/sklearn_ml_pipeline.py
[2024-07-13T01:47:36.209+0000] {processor.py:840} INFO - DAG(s) 'dnd_classification_models' retrieved from /opt/airflow/dags/sklearn_ml_pipeline.py
[2024-07-13T01:47:36.226+0000] {logging_mixin.py:188} INFO - [2024-07-13T01:47:36.225+0000] {dag.py:3096} INFO - Sync 1 DAGs
[2024-07-13T01:47:36.260+0000] {logging_mixin.py:188} INFO - [2024-07-13T01:47:36.260+0000] {dag.py:3954} INFO - Setting next_dagrun for dnd_classification_models to 2024-07-13 00:00:00+00:00, run_after=2024-07-14 00:00:00+00:00
[2024-07-13T01:47:36.284+0000] {processor.py:183} INFO - Processing /opt/airflow/dags/sklearn_ml_pipeline.py took 2.216 seconds
[2024-07-13T01:48:06.566+0000] {processor.py:161} INFO - Started process (PID=656) to work on /opt/airflow/dags/sklearn_ml_pipeline.py
[2024-07-13T01:48:06.567+0000] {processor.py:830} INFO - Processing file /opt/airflow/dags/sklearn_ml_pipeline.py for tasks to queue
[2024-07-13T01:48:06.569+0000] {logging_mixin.py:188} INFO - [2024-07-13T01:48:06.569+0000] {dagbag.py:545} INFO - Filling up the DagBag from /opt/airflow/dags/sklearn_ml_pipeline.py
[2024-07-13T01:48:08.721+0000] {processor.py:840} INFO - DAG(s) 'dnd_classification_models' retrieved from /opt/airflow/dags/sklearn_ml_pipeline.py
[2024-07-13T01:48:08.740+0000] {logging_mixin.py:188} INFO - [2024-07-13T01:48:08.739+0000] {dag.py:3096} INFO - Sync 1 DAGs
[2024-07-13T01:48:08.760+0000] {logging_mixin.py:188} INFO - [2024-07-13T01:48:08.760+0000] {dag.py:3954} INFO - Setting next_dagrun for dnd_classification_models to 2024-07-13 00:00:00+00:00, run_after=2024-07-14 00:00:00+00:00
[2024-07-13T01:48:08.784+0000] {processor.py:183} INFO - Processing /opt/airflow/dags/sklearn_ml_pipeline.py took 2.223 seconds
[2024-07-13T01:48:39.368+0000] {processor.py:161} INFO - Started process (PID=726) to work on /opt/airflow/dags/sklearn_ml_pipeline.py
[2024-07-13T01:48:39.369+0000] {processor.py:830} INFO - Processing file /opt/airflow/dags/sklearn_ml_pipeline.py for tasks to queue
[2024-07-13T01:48:39.371+0000] {logging_mixin.py:188} INFO - [2024-07-13T01:48:39.371+0000] {dagbag.py:545} INFO - Filling up the DagBag from /opt/airflow/dags/sklearn_ml_pipeline.py
[2024-07-13T01:48:41.334+0000] {processor.py:840} INFO - DAG(s) 'dnd_classification_models' retrieved from /opt/airflow/dags/sklearn_ml_pipeline.py
[2024-07-13T01:48:41.347+0000] {logging_mixin.py:188} INFO - [2024-07-13T01:48:41.346+0000] {dag.py:3096} INFO - Sync 1 DAGs
[2024-07-13T01:48:41.362+0000] {logging_mixin.py:188} INFO - [2024-07-13T01:48:41.362+0000] {dag.py:3954} INFO - Setting next_dagrun for dnd_classification_models to 2024-07-13 00:00:00+00:00, run_after=2024-07-14 00:00:00+00:00
[2024-07-13T01:48:41.383+0000] {processor.py:183} INFO - Processing /opt/airflow/dags/sklearn_ml_pipeline.py took 2.022 seconds
[2024-07-13T01:49:11.712+0000] {processor.py:161} INFO - Started process (PID=792) to work on /opt/airflow/dags/sklearn_ml_pipeline.py
[2024-07-13T01:49:11.713+0000] {processor.py:830} INFO - Processing file /opt/airflow/dags/sklearn_ml_pipeline.py for tasks to queue
[2024-07-13T01:49:11.714+0000] {logging_mixin.py:188} INFO - [2024-07-13T01:49:11.714+0000] {dagbag.py:545} INFO - Filling up the DagBag from /opt/airflow/dags/sklearn_ml_pipeline.py
[2024-07-13T01:49:13.491+0000] {processor.py:840} INFO - DAG(s) 'dnd_classification_models' retrieved from /opt/airflow/dags/sklearn_ml_pipeline.py
[2024-07-13T01:49:13.504+0000] {logging_mixin.py:188} INFO - [2024-07-13T01:49:13.503+0000] {dag.py:3096} INFO - Sync 1 DAGs
[2024-07-13T01:49:13.519+0000] {logging_mixin.py:188} INFO - [2024-07-13T01:49:13.519+0000] {dag.py:3954} INFO - Setting next_dagrun for dnd_classification_models to 2024-07-13 00:00:00+00:00, run_after=2024-07-14 00:00:00+00:00
[2024-07-13T01:49:13.540+0000] {processor.py:183} INFO - Processing /opt/airflow/dags/sklearn_ml_pipeline.py took 1.833 seconds
[2024-07-13T01:49:44.448+0000] {processor.py:161} INFO - Started process (PID=859) to work on /opt/airflow/dags/sklearn_ml_pipeline.py
[2024-07-13T01:49:44.448+0000] {processor.py:830} INFO - Processing file /opt/airflow/dags/sklearn_ml_pipeline.py for tasks to queue
[2024-07-13T01:49:44.450+0000] {logging_mixin.py:188} INFO - [2024-07-13T01:49:44.449+0000] {dagbag.py:545} INFO - Filling up the DagBag from /opt/airflow/dags/sklearn_ml_pipeline.py
[2024-07-13T01:49:46.496+0000] {processor.py:840} INFO - DAG(s) 'dnd_classification_models' retrieved from /opt/airflow/dags/sklearn_ml_pipeline.py
[2024-07-13T01:49:46.509+0000] {logging_mixin.py:188} INFO - [2024-07-13T01:49:46.509+0000] {dag.py:3096} INFO - Sync 1 DAGs
[2024-07-13T01:49:46.524+0000] {logging_mixin.py:188} INFO - [2024-07-13T01:49:46.524+0000] {dag.py:3954} INFO - Setting next_dagrun for dnd_classification_models to 2024-07-13 00:00:00+00:00, run_after=2024-07-14 00:00:00+00:00
[2024-07-13T01:49:46.552+0000] {processor.py:183} INFO - Processing /opt/airflow/dags/sklearn_ml_pipeline.py took 2.109 seconds
[2024-07-13T01:50:16.639+0000] {processor.py:161} INFO - Started process (PID=925) to work on /opt/airflow/dags/sklearn_ml_pipeline.py
[2024-07-13T01:50:16.644+0000] {processor.py:830} INFO - Processing file /opt/airflow/dags/sklearn_ml_pipeline.py for tasks to queue
[2024-07-13T01:50:16.649+0000] {logging_mixin.py:188} INFO - [2024-07-13T01:50:16.648+0000] {dagbag.py:545} INFO - Filling up the DagBag from /opt/airflow/dags/sklearn_ml_pipeline.py
[2024-07-13T01:50:18.841+0000] {processor.py:840} INFO - DAG(s) 'dnd_classification_models' retrieved from /opt/airflow/dags/sklearn_ml_pipeline.py
[2024-07-13T01:50:18.854+0000] {logging_mixin.py:188} INFO - [2024-07-13T01:50:18.854+0000] {dag.py:3096} INFO - Sync 1 DAGs
[2024-07-13T01:50:18.870+0000] {logging_mixin.py:188} INFO - [2024-07-13T01:50:18.870+0000] {dag.py:3954} INFO - Setting next_dagrun for dnd_classification_models to 2024-07-13 00:00:00+00:00, run_after=2024-07-14 00:00:00+00:00
[2024-07-13T01:50:18.891+0000] {processor.py:183} INFO - Processing /opt/airflow/dags/sklearn_ml_pipeline.py took 2.262 seconds
[2024-07-13T01:50:49.109+0000] {processor.py:161} INFO - Started process (PID=995) to work on /opt/airflow/dags/sklearn_ml_pipeline.py
[2024-07-13T01:50:49.110+0000] {processor.py:830} INFO - Processing file /opt/airflow/dags/sklearn_ml_pipeline.py for tasks to queue
[2024-07-13T01:50:49.112+0000] {logging_mixin.py:188} INFO - [2024-07-13T01:50:49.112+0000] {dagbag.py:545} INFO - Filling up the DagBag from /opt/airflow/dags/sklearn_ml_pipeline.py
[2024-07-13T01:50:51.107+0000] {processor.py:840} INFO - DAG(s) 'dnd_classification_models' retrieved from /opt/airflow/dags/sklearn_ml_pipeline.py
[2024-07-13T01:50:51.121+0000] {logging_mixin.py:188} INFO - [2024-07-13T01:50:51.120+0000] {dag.py:3096} INFO - Sync 1 DAGs
[2024-07-13T01:50:51.136+0000] {logging_mixin.py:188} INFO - [2024-07-13T01:50:51.136+0000] {dag.py:3954} INFO - Setting next_dagrun for dnd_classification_models to 2024-07-13 00:00:00+00:00, run_after=2024-07-14 00:00:00+00:00
[2024-07-13T01:50:51.160+0000] {processor.py:183} INFO - Processing /opt/airflow/dags/sklearn_ml_pipeline.py took 2.057 seconds
[2024-07-13T01:51:21.992+0000] {processor.py:161} INFO - Started process (PID=1065) to work on /opt/airflow/dags/sklearn_ml_pipeline.py
[2024-07-13T01:51:21.993+0000] {processor.py:830} INFO - Processing file /opt/airflow/dags/sklearn_ml_pipeline.py for tasks to queue
[2024-07-13T01:51:21.998+0000] {logging_mixin.py:188} INFO - [2024-07-13T01:51:21.997+0000] {dagbag.py:545} INFO - Filling up the DagBag from /opt/airflow/dags/sklearn_ml_pipeline.py
[2024-07-13T01:51:23.913+0000] {processor.py:840} INFO - DAG(s) 'dnd_classification_models' retrieved from /opt/airflow/dags/sklearn_ml_pipeline.py
[2024-07-13T01:51:23.933+0000] {logging_mixin.py:188} INFO - [2024-07-13T01:51:23.933+0000] {dag.py:3096} INFO - Sync 1 DAGs
[2024-07-13T01:51:23.964+0000] {logging_mixin.py:188} INFO - [2024-07-13T01:51:23.964+0000] {dag.py:3954} INFO - Setting next_dagrun for dnd_classification_models to 2024-07-13 00:00:00+00:00, run_after=2024-07-14 00:00:00+00:00
[2024-07-13T01:51:23.998+0000] {processor.py:183} INFO - Processing /opt/airflow/dags/sklearn_ml_pipeline.py took 2.011 seconds
[2024-07-13T01:51:54.581+0000] {processor.py:161} INFO - Started process (PID=1125) to work on /opt/airflow/dags/sklearn_ml_pipeline.py
[2024-07-13T01:51:54.584+0000] {processor.py:830} INFO - Processing file /opt/airflow/dags/sklearn_ml_pipeline.py for tasks to queue
[2024-07-13T01:51:54.586+0000] {logging_mixin.py:188} INFO - [2024-07-13T01:51:54.585+0000] {dagbag.py:545} INFO - Filling up the DagBag from /opt/airflow/dags/sklearn_ml_pipeline.py
[2024-07-13T01:51:56.368+0000] {processor.py:840} INFO - DAG(s) 'dnd_classification_models' retrieved from /opt/airflow/dags/sklearn_ml_pipeline.py
[2024-07-13T01:51:56.381+0000] {logging_mixin.py:188} INFO - [2024-07-13T01:51:56.381+0000] {dag.py:3096} INFO - Sync 1 DAGs
[2024-07-13T01:51:56.396+0000] {logging_mixin.py:188} INFO - [2024-07-13T01:51:56.396+0000] {dag.py:3954} INFO - Setting next_dagrun for dnd_classification_models to 2024-07-13 00:00:00+00:00, run_after=2024-07-14 00:00:00+00:00
[2024-07-13T01:51:56.416+0000] {processor.py:183} INFO - Processing /opt/airflow/dags/sklearn_ml_pipeline.py took 1.844 seconds
[2024-07-13T01:52:26.963+0000] {processor.py:161} INFO - Started process (PID=1188) to work on /opt/airflow/dags/sklearn_ml_pipeline.py
[2024-07-13T01:52:26.963+0000] {processor.py:830} INFO - Processing file /opt/airflow/dags/sklearn_ml_pipeline.py for tasks to queue
[2024-07-13T01:52:26.965+0000] {logging_mixin.py:188} INFO - [2024-07-13T01:52:26.964+0000] {dagbag.py:545} INFO - Filling up the DagBag from /opt/airflow/dags/sklearn_ml_pipeline.py
[2024-07-13T01:52:28.608+0000] {processor.py:840} INFO - DAG(s) 'dnd_classification_models' retrieved from /opt/airflow/dags/sklearn_ml_pipeline.py
[2024-07-13T01:52:28.620+0000] {logging_mixin.py:188} INFO - [2024-07-13T01:52:28.620+0000] {dag.py:3096} INFO - Sync 1 DAGs
[2024-07-13T01:52:28.635+0000] {logging_mixin.py:188} INFO - [2024-07-13T01:52:28.635+0000] {dag.py:3954} INFO - Setting next_dagrun for dnd_classification_models to 2024-07-13 00:00:00+00:00, run_after=2024-07-14 00:00:00+00:00
[2024-07-13T01:52:28.659+0000] {processor.py:183} INFO - Processing /opt/airflow/dags/sklearn_ml_pipeline.py took 1.701 seconds
[2024-07-13T01:52:58.951+0000] {processor.py:161} INFO - Started process (PID=1249) to work on /opt/airflow/dags/sklearn_ml_pipeline.py
[2024-07-13T01:52:58.952+0000] {processor.py:830} INFO - Processing file /opt/airflow/dags/sklearn_ml_pipeline.py for tasks to queue
[2024-07-13T01:52:58.953+0000] {logging_mixin.py:188} INFO - [2024-07-13T01:52:58.953+0000] {dagbag.py:545} INFO - Filling up the DagBag from /opt/airflow/dags/sklearn_ml_pipeline.py
[2024-07-13T01:53:00.626+0000] {processor.py:840} INFO - DAG(s) 'dnd_classification_models' retrieved from /opt/airflow/dags/sklearn_ml_pipeline.py
[2024-07-13T01:53:00.639+0000] {logging_mixin.py:188} INFO - [2024-07-13T01:53:00.638+0000] {dag.py:3096} INFO - Sync 1 DAGs
[2024-07-13T01:53:00.656+0000] {logging_mixin.py:188} INFO - [2024-07-13T01:53:00.655+0000] {dag.py:3954} INFO - Setting next_dagrun for dnd_classification_models to 2024-07-13 00:00:00+00:00, run_after=2024-07-14 00:00:00+00:00
[2024-07-13T01:53:00.826+0000] {processor.py:183} INFO - Processing /opt/airflow/dags/sklearn_ml_pipeline.py took 1.880 seconds
[2024-07-13T01:53:31.376+0000] {processor.py:161} INFO - Started process (PID=1312) to work on /opt/airflow/dags/sklearn_ml_pipeline.py
[2024-07-13T01:53:31.377+0000] {processor.py:830} INFO - Processing file /opt/airflow/dags/sklearn_ml_pipeline.py for tasks to queue
[2024-07-13T01:53:31.378+0000] {logging_mixin.py:188} INFO - [2024-07-13T01:53:31.378+0000] {dagbag.py:545} INFO - Filling up the DagBag from /opt/airflow/dags/sklearn_ml_pipeline.py
[2024-07-13T01:53:32.868+0000] {processor.py:840} INFO - DAG(s) 'dnd_classification_models' retrieved from /opt/airflow/dags/sklearn_ml_pipeline.py
[2024-07-13T01:53:32.881+0000] {logging_mixin.py:188} INFO - [2024-07-13T01:53:32.880+0000] {dag.py:3096} INFO - Sync 1 DAGs
[2024-07-13T01:53:32.896+0000] {logging_mixin.py:188} INFO - [2024-07-13T01:53:32.896+0000] {dag.py:3954} INFO - Setting next_dagrun for dnd_classification_models to 2024-07-13 00:00:00+00:00, run_after=2024-07-14 00:00:00+00:00
[2024-07-13T01:53:33.058+0000] {processor.py:183} INFO - Processing /opt/airflow/dags/sklearn_ml_pipeline.py took 1.687 seconds
[2024-07-13T01:54:03.823+0000] {processor.py:161} INFO - Started process (PID=1373) to work on /opt/airflow/dags/sklearn_ml_pipeline.py
[2024-07-13T01:54:03.823+0000] {processor.py:830} INFO - Processing file /opt/airflow/dags/sklearn_ml_pipeline.py for tasks to queue
[2024-07-13T01:54:03.825+0000] {logging_mixin.py:188} INFO - [2024-07-13T01:54:03.825+0000] {dagbag.py:545} INFO - Filling up the DagBag from /opt/airflow/dags/sklearn_ml_pipeline.py
[2024-07-13T01:54:05.368+0000] {processor.py:840} INFO - DAG(s) 'dnd_classification_models' retrieved from /opt/airflow/dags/sklearn_ml_pipeline.py
[2024-07-13T01:54:05.381+0000] {logging_mixin.py:188} INFO - [2024-07-13T01:54:05.381+0000] {dag.py:3096} INFO - Sync 1 DAGs
[2024-07-13T01:54:05.396+0000] {logging_mixin.py:188} INFO - [2024-07-13T01:54:05.396+0000] {dag.py:3954} INFO - Setting next_dagrun for dnd_classification_models to 2024-07-13 00:00:00+00:00, run_after=2024-07-14 00:00:00+00:00
[2024-07-13T01:54:05.542+0000] {processor.py:183} INFO - Processing /opt/airflow/dags/sklearn_ml_pipeline.py took 1.725 seconds
[2024-07-13T01:54:36.173+0000] {processor.py:161} INFO - Started process (PID=1438) to work on /opt/airflow/dags/sklearn_ml_pipeline.py
[2024-07-13T01:54:36.173+0000] {processor.py:830} INFO - Processing file /opt/airflow/dags/sklearn_ml_pipeline.py for tasks to queue
[2024-07-13T01:54:36.175+0000] {logging_mixin.py:188} INFO - [2024-07-13T01:54:36.175+0000] {dagbag.py:545} INFO - Filling up the DagBag from /opt/airflow/dags/sklearn_ml_pipeline.py
[2024-07-13T01:54:37.838+0000] {processor.py:840} INFO - DAG(s) 'dnd_classification_models' retrieved from /opt/airflow/dags/sklearn_ml_pipeline.py
[2024-07-13T01:54:37.850+0000] {logging_mixin.py:188} INFO - [2024-07-13T01:54:37.850+0000] {dag.py:3096} INFO - Sync 1 DAGs
[2024-07-13T01:54:37.866+0000] {logging_mixin.py:188} INFO - [2024-07-13T01:54:37.866+0000] {dag.py:3954} INFO - Setting next_dagrun for dnd_classification_models to 2024-07-13 00:00:00+00:00, run_after=2024-07-14 00:00:00+00:00
[2024-07-13T01:54:38.020+0000] {processor.py:183} INFO - Processing /opt/airflow/dags/sklearn_ml_pipeline.py took 1.851 seconds
[2024-07-13T01:55:08.503+0000] {processor.py:161} INFO - Started process (PID=1500) to work on /opt/airflow/dags/sklearn_ml_pipeline.py
[2024-07-13T01:55:08.504+0000] {processor.py:830} INFO - Processing file /opt/airflow/dags/sklearn_ml_pipeline.py for tasks to queue
[2024-07-13T01:55:08.505+0000] {logging_mixin.py:188} INFO - [2024-07-13T01:55:08.505+0000] {dagbag.py:545} INFO - Filling up the DagBag from /opt/airflow/dags/sklearn_ml_pipeline.py
[2024-07-13T01:55:10.197+0000] {processor.py:840} INFO - DAG(s) 'dnd_classification_models' retrieved from /opt/airflow/dags/sklearn_ml_pipeline.py
[2024-07-13T01:55:10.211+0000] {logging_mixin.py:188} INFO - [2024-07-13T01:55:10.211+0000] {dag.py:3096} INFO - Sync 1 DAGs
[2024-07-13T01:55:10.226+0000] {logging_mixin.py:188} INFO - [2024-07-13T01:55:10.226+0000] {dag.py:3954} INFO - Setting next_dagrun for dnd_classification_models to 2024-07-13 00:00:00+00:00, run_after=2024-07-14 00:00:00+00:00
[2024-07-13T01:55:10.248+0000] {processor.py:183} INFO - Processing /opt/airflow/dags/sklearn_ml_pipeline.py took 1.749 seconds
[2024-07-13T01:55:40.871+0000] {processor.py:161} INFO - Started process (PID=1562) to work on /opt/airflow/dags/sklearn_ml_pipeline.py
[2024-07-13T01:55:40.872+0000] {processor.py:830} INFO - Processing file /opt/airflow/dags/sklearn_ml_pipeline.py for tasks to queue
[2024-07-13T01:55:40.874+0000] {logging_mixin.py:188} INFO - [2024-07-13T01:55:40.873+0000] {dagbag.py:545} INFO - Filling up the DagBag from /opt/airflow/dags/sklearn_ml_pipeline.py
[2024-07-13T01:55:42.935+0000] {processor.py:840} INFO - DAG(s) 'dnd_classification_models' retrieved from /opt/airflow/dags/sklearn_ml_pipeline.py
[2024-07-13T01:55:42.948+0000] {logging_mixin.py:188} INFO - [2024-07-13T01:55:42.948+0000] {dag.py:3096} INFO - Sync 1 DAGs
[2024-07-13T01:55:42.964+0000] {logging_mixin.py:188} INFO - [2024-07-13T01:55:42.963+0000] {dag.py:3954} INFO - Setting next_dagrun for dnd_classification_models to 2024-07-13 00:00:00+00:00, run_after=2024-07-14 00:00:00+00:00
[2024-07-13T01:55:42.984+0000] {processor.py:183} INFO - Processing /opt/airflow/dags/sklearn_ml_pipeline.py took 2.119 seconds
[2024-07-13T01:56:13.359+0000] {processor.py:161} INFO - Started process (PID=1632) to work on /opt/airflow/dags/sklearn_ml_pipeline.py
[2024-07-13T01:56:13.360+0000] {processor.py:830} INFO - Processing file /opt/airflow/dags/sklearn_ml_pipeline.py for tasks to queue
[2024-07-13T01:56:13.361+0000] {logging_mixin.py:188} INFO - [2024-07-13T01:56:13.361+0000] {dagbag.py:545} INFO - Filling up the DagBag from /opt/airflow/dags/sklearn_ml_pipeline.py
[2024-07-13T01:56:15.148+0000] {processor.py:840} INFO - DAG(s) 'dnd_classification_models' retrieved from /opt/airflow/dags/sklearn_ml_pipeline.py
[2024-07-13T01:56:15.161+0000] {logging_mixin.py:188} INFO - [2024-07-13T01:56:15.161+0000] {dag.py:3096} INFO - Sync 1 DAGs
[2024-07-13T01:56:15.177+0000] {logging_mixin.py:188} INFO - [2024-07-13T01:56:15.177+0000] {dag.py:3954} INFO - Setting next_dagrun for dnd_classification_models to 2024-07-13 00:00:00+00:00, run_after=2024-07-14 00:00:00+00:00
[2024-07-13T01:56:15.202+0000] {processor.py:183} INFO - Processing /opt/airflow/dags/sklearn_ml_pipeline.py took 1.849 seconds
[2024-07-13T02:00:32.579+0000] {processor.py:161} INFO - Started process (PID=33) to work on /opt/airflow/dags/sklearn_ml_pipeline.py
[2024-07-13T02:00:32.590+0000] {processor.py:830} INFO - Processing file /opt/airflow/dags/sklearn_ml_pipeline.py for tasks to queue
[2024-07-13T02:00:32.597+0000] {logging_mixin.py:188} INFO - [2024-07-13T02:00:32.596+0000] {dagbag.py:545} INFO - Filling up the DagBag from /opt/airflow/dags/sklearn_ml_pipeline.py
[2024-07-13T02:00:41.564+0000] {processor.py:840} INFO - DAG(s) 'dnd_RF_classification' retrieved from /opt/airflow/dags/sklearn_ml_pipeline.py
[2024-07-13T02:00:41.894+0000] {logging_mixin.py:188} INFO - [2024-07-13T02:00:41.893+0000] {override.py:1829} INFO - Created Permission View: can edit on DAG:dnd_RF_classification
[2024-07-13T02:00:41.920+0000] {logging_mixin.py:188} INFO - [2024-07-13T02:00:41.920+0000] {override.py:1829} INFO - Created Permission View: can delete on DAG:dnd_RF_classification
[2024-07-13T02:00:41.944+0000] {logging_mixin.py:188} INFO - [2024-07-13T02:00:41.943+0000] {override.py:1829} INFO - Created Permission View: can read on DAG:dnd_RF_classification
[2024-07-13T02:00:41.944+0000] {logging_mixin.py:188} INFO - [2024-07-13T02:00:41.944+0000] {dag.py:3096} INFO - Sync 1 DAGs
[2024-07-13T02:00:41.978+0000] {logging_mixin.py:188} INFO - [2024-07-13T02:00:41.977+0000] {dag.py:3118} INFO - Creating ORM DAG for dnd_RF_classification
[2024-07-13T02:00:42.001+0000] {logging_mixin.py:188} INFO - [2024-07-13T02:00:42.000+0000] {dag.py:3954} INFO - Setting next_dagrun for dnd_RF_classification to 2024-07-13 00:00:00+00:00, run_after=2024-07-14 00:00:00+00:00
[2024-07-13T02:00:42.059+0000] {processor.py:183} INFO - Processing /opt/airflow/dags/sklearn_ml_pipeline.py took 9.518 seconds
[2024-07-13T02:01:12.587+0000] {processor.py:161} INFO - Started process (PID=103) to work on /opt/airflow/dags/sklearn_ml_pipeline.py
[2024-07-13T02:01:12.595+0000] {processor.py:830} INFO - Processing file /opt/airflow/dags/sklearn_ml_pipeline.py for tasks to queue
[2024-07-13T02:01:12.597+0000] {logging_mixin.py:188} INFO - [2024-07-13T02:01:12.596+0000] {dagbag.py:545} INFO - Filling up the DagBag from /opt/airflow/dags/sklearn_ml_pipeline.py
[2024-07-13T02:01:15.653+0000] {processor.py:840} INFO - DAG(s) 'dnd_RF_classification' retrieved from /opt/airflow/dags/sklearn_ml_pipeline.py
[2024-07-13T02:01:15.671+0000] {logging_mixin.py:188} INFO - [2024-07-13T02:01:15.670+0000] {dag.py:3096} INFO - Sync 1 DAGs
[2024-07-13T02:01:15.709+0000] {logging_mixin.py:188} INFO - [2024-07-13T02:01:15.709+0000] {dag.py:3954} INFO - Setting next_dagrun for dnd_RF_classification to 2024-07-13 00:00:00+00:00, run_after=2024-07-14 00:00:00+00:00
[2024-07-13T02:01:15.753+0000] {processor.py:183} INFO - Processing /opt/airflow/dags/sklearn_ml_pipeline.py took 3.200 seconds
[2024-07-13T02:01:32.437+0000] {processor.py:161} INFO - Started process (PID=155) to work on /opt/airflow/dags/sklearn_ml_pipeline.py
[2024-07-13T02:01:32.437+0000] {processor.py:830} INFO - Processing file /opt/airflow/dags/sklearn_ml_pipeline.py for tasks to queue
[2024-07-13T02:01:32.438+0000] {logging_mixin.py:188} INFO - [2024-07-13T02:01:32.438+0000] {dagbag.py:545} INFO - Filling up the DagBag from /opt/airflow/dags/sklearn_ml_pipeline.py
[2024-07-13T02:01:34.499+0000] {processor.py:840} INFO - DAG(s) 'dnd_RF_classification' retrieved from /opt/airflow/dags/sklearn_ml_pipeline.py
[2024-07-13T02:01:34.525+0000] {logging_mixin.py:188} INFO - [2024-07-13T02:01:34.524+0000] {taskinstance.py:2907} ERROR - {'DAG Id': 'dnd_RF_classification', 'Task Id': 'hyperopt_experiment', 'Run Id': 'manual__2024-07-13T02:01:21.823071+00:00', 'Hostname': '64ae5f811ff0', 'External Executor Id': '19fadcfe-5f40-4a43-aacf-cbb92fa74076'}
[2024-07-13T02:01:34.545+0000] {logging_mixin.py:188} INFO - [2024-07-13T02:01:34.545+0000] {taskinstance.py:1206} INFO - Marking task as FAILED. dag_id=dnd_RF_classification, task_id=hyperopt_experiment, run_id=manual__2024-07-13T02:01:21.823071+00:00, execution_date=20240713T020121, start_date=20240713T020130, end_date=20240713T020134
[2024-07-13T02:01:34.575+0000] {processor.py:791} INFO - Executed failure callback for <TaskInstance: dnd_RF_classification.hyperopt_experiment manual__2024-07-13T02:01:21.823071+00:00 [failed]> in state failed
[2024-07-13T02:01:34.608+0000] {logging_mixin.py:188} INFO - [2024-07-13T02:01:34.608+0000] {dag.py:3096} INFO - Sync 1 DAGs
[2024-07-13T02:01:34.635+0000] {logging_mixin.py:188} INFO - [2024-07-13T02:01:34.635+0000] {dag.py:3954} INFO - Setting next_dagrun for dnd_RF_classification to 2024-07-13 00:00:00+00:00, run_after=2024-07-14 00:00:00+00:00
[2024-07-13T02:01:34.662+0000] {processor.py:183} INFO - Processing /opt/airflow/dags/sklearn_ml_pipeline.py took 2.229 seconds
[2024-07-13T02:02:05.031+0000] {processor.py:161} INFO - Started process (PID=217) to work on /opt/airflow/dags/sklearn_ml_pipeline.py
[2024-07-13T02:02:05.032+0000] {processor.py:830} INFO - Processing file /opt/airflow/dags/sklearn_ml_pipeline.py for tasks to queue
[2024-07-13T02:02:05.033+0000] {logging_mixin.py:188} INFO - [2024-07-13T02:02:05.033+0000] {dagbag.py:545} INFO - Filling up the DagBag from /opt/airflow/dags/sklearn_ml_pipeline.py
[2024-07-13T02:02:06.702+0000] {processor.py:840} INFO - DAG(s) 'dnd_RF_classification' retrieved from /opt/airflow/dags/sklearn_ml_pipeline.py
[2024-07-13T02:02:06.721+0000] {logging_mixin.py:188} INFO - [2024-07-13T02:02:06.721+0000] {dag.py:3096} INFO - Sync 1 DAGs
[2024-07-13T02:02:06.744+0000] {logging_mixin.py:188} INFO - [2024-07-13T02:02:06.744+0000] {dag.py:3954} INFO - Setting next_dagrun for dnd_RF_classification to 2024-07-13 00:00:00+00:00, run_after=2024-07-14 00:00:00+00:00
[2024-07-13T02:02:06.769+0000] {processor.py:183} INFO - Processing /opt/airflow/dags/sklearn_ml_pipeline.py took 1.743 seconds
[2024-07-13T02:02:37.345+0000] {processor.py:161} INFO - Started process (PID=281) to work on /opt/airflow/dags/sklearn_ml_pipeline.py
[2024-07-13T02:02:37.349+0000] {processor.py:830} INFO - Processing file /opt/airflow/dags/sklearn_ml_pipeline.py for tasks to queue
[2024-07-13T02:02:37.350+0000] {logging_mixin.py:188} INFO - [2024-07-13T02:02:37.350+0000] {dagbag.py:545} INFO - Filling up the DagBag from /opt/airflow/dags/sklearn_ml_pipeline.py
[2024-07-13T02:02:39.816+0000] {processor.py:840} INFO - DAG(s) 'dnd_RF_classification' retrieved from /opt/airflow/dags/sklearn_ml_pipeline.py
[2024-07-13T02:02:39.830+0000] {logging_mixin.py:188} INFO - [2024-07-13T02:02:39.829+0000] {dag.py:3096} INFO - Sync 1 DAGs
[2024-07-13T02:02:39.861+0000] {logging_mixin.py:188} INFO - [2024-07-13T02:02:39.861+0000] {dag.py:3954} INFO - Setting next_dagrun for dnd_RF_classification to 2024-07-13 00:00:00+00:00, run_after=2024-07-14 00:00:00+00:00
[2024-07-13T02:02:39.884+0000] {processor.py:183} INFO - Processing /opt/airflow/dags/sklearn_ml_pipeline.py took 2.544 seconds
[2024-07-13T02:03:10.857+0000] {processor.py:161} INFO - Started process (PID=345) to work on /opt/airflow/dags/sklearn_ml_pipeline.py
[2024-07-13T02:03:10.858+0000] {processor.py:830} INFO - Processing file /opt/airflow/dags/sklearn_ml_pipeline.py for tasks to queue
[2024-07-13T02:03:10.858+0000] {logging_mixin.py:188} INFO - [2024-07-13T02:03:10.858+0000] {dagbag.py:545} INFO - Filling up the DagBag from /opt/airflow/dags/sklearn_ml_pipeline.py
[2024-07-13T02:03:12.828+0000] {processor.py:840} INFO - DAG(s) 'dnd_RF_classification' retrieved from /opt/airflow/dags/sklearn_ml_pipeline.py
[2024-07-13T02:03:12.861+0000] {logging_mixin.py:188} INFO - [2024-07-13T02:03:12.860+0000] {dag.py:3096} INFO - Sync 1 DAGs
[2024-07-13T02:03:12.883+0000] {logging_mixin.py:188} INFO - [2024-07-13T02:03:12.883+0000] {dag.py:3954} INFO - Setting next_dagrun for dnd_RF_classification to 2024-07-13 00:00:00+00:00, run_after=2024-07-14 00:00:00+00:00
[2024-07-13T02:03:12.905+0000] {processor.py:183} INFO - Processing /opt/airflow/dags/sklearn_ml_pipeline.py took 2.052 seconds
[2024-07-13T02:03:43.484+0000] {processor.py:161} INFO - Started process (PID=408) to work on /opt/airflow/dags/sklearn_ml_pipeline.py
[2024-07-13T02:03:43.485+0000] {processor.py:830} INFO - Processing file /opt/airflow/dags/sklearn_ml_pipeline.py for tasks to queue
[2024-07-13T02:03:43.486+0000] {logging_mixin.py:188} INFO - [2024-07-13T02:03:43.486+0000] {dagbag.py:545} INFO - Filling up the DagBag from /opt/airflow/dags/sklearn_ml_pipeline.py
[2024-07-13T02:03:45.298+0000] {processor.py:840} INFO - DAG(s) 'dnd_RF_classification' retrieved from /opt/airflow/dags/sklearn_ml_pipeline.py
[2024-07-13T02:03:45.312+0000] {logging_mixin.py:188} INFO - [2024-07-13T02:03:45.311+0000] {dag.py:3096} INFO - Sync 1 DAGs
[2024-07-13T02:03:45.326+0000] {logging_mixin.py:188} INFO - [2024-07-13T02:03:45.326+0000] {dag.py:3954} INFO - Setting next_dagrun for dnd_RF_classification to 2024-07-13 00:00:00+00:00, run_after=2024-07-14 00:00:00+00:00
[2024-07-13T02:03:45.347+0000] {processor.py:183} INFO - Processing /opt/airflow/dags/sklearn_ml_pipeline.py took 1.868 seconds
[2024-07-13T02:04:15.843+0000] {processor.py:161} INFO - Started process (PID=474) to work on /opt/airflow/dags/sklearn_ml_pipeline.py
[2024-07-13T02:04:15.844+0000] {processor.py:830} INFO - Processing file /opt/airflow/dags/sklearn_ml_pipeline.py for tasks to queue
[2024-07-13T02:04:15.845+0000] {logging_mixin.py:188} INFO - [2024-07-13T02:04:15.844+0000] {dagbag.py:545} INFO - Filling up the DagBag from /opt/airflow/dags/sklearn_ml_pipeline.py
[2024-07-13T02:04:18.643+0000] {processor.py:840} INFO - DAG(s) 'dnd_RF_classification' retrieved from /opt/airflow/dags/sklearn_ml_pipeline.py
[2024-07-13T02:04:18.694+0000] {logging_mixin.py:188} INFO - [2024-07-13T02:04:18.694+0000] {dag.py:3096} INFO - Sync 1 DAGs
[2024-07-13T02:04:18.716+0000] {logging_mixin.py:188} INFO - [2024-07-13T02:04:18.716+0000] {dag.py:3954} INFO - Setting next_dagrun for dnd_RF_classification to 2024-07-13 00:00:00+00:00, run_after=2024-07-14 00:00:00+00:00
[2024-07-13T02:04:18.824+0000] {processor.py:183} INFO - Processing /opt/airflow/dags/sklearn_ml_pipeline.py took 2.986 seconds
[2024-07-13T02:04:49.739+0000] {processor.py:161} INFO - Started process (PID=544) to work on /opt/airflow/dags/sklearn_ml_pipeline.py
[2024-07-13T02:04:49.740+0000] {processor.py:830} INFO - Processing file /opt/airflow/dags/sklearn_ml_pipeline.py for tasks to queue
[2024-07-13T02:04:49.741+0000] {logging_mixin.py:188} INFO - [2024-07-13T02:04:49.741+0000] {dagbag.py:545} INFO - Filling up the DagBag from /opt/airflow/dags/sklearn_ml_pipeline.py
[2024-07-13T02:04:54.278+0000] {processor.py:840} INFO - DAG(s) 'dnd_RF_classification' retrieved from /opt/airflow/dags/sklearn_ml_pipeline.py
[2024-07-13T02:04:54.297+0000] {logging_mixin.py:188} INFO - [2024-07-13T02:04:54.296+0000] {dag.py:3096} INFO - Sync 1 DAGs
[2024-07-13T02:04:54.322+0000] {logging_mixin.py:188} INFO - [2024-07-13T02:04:54.322+0000] {dag.py:3954} INFO - Setting next_dagrun for dnd_RF_classification to 2024-07-13 00:00:00+00:00, run_after=2024-07-14 00:00:00+00:00
[2024-07-13T02:04:54.347+0000] {processor.py:183} INFO - Processing /opt/airflow/dags/sklearn_ml_pipeline.py took 4.613 seconds
[2024-07-13T02:05:24.916+0000] {processor.py:161} INFO - Started process (PID=624) to work on /opt/airflow/dags/sklearn_ml_pipeline.py
[2024-07-13T02:05:24.918+0000] {processor.py:830} INFO - Processing file /opt/airflow/dags/sklearn_ml_pipeline.py for tasks to queue
[2024-07-13T02:05:24.919+0000] {logging_mixin.py:188} INFO - [2024-07-13T02:05:24.919+0000] {dagbag.py:545} INFO - Filling up the DagBag from /opt/airflow/dags/sklearn_ml_pipeline.py
[2024-07-13T02:05:26.946+0000] {processor.py:840} INFO - DAG(s) 'dnd_RF_classification' retrieved from /opt/airflow/dags/sklearn_ml_pipeline.py
[2024-07-13T02:05:26.961+0000] {logging_mixin.py:188} INFO - [2024-07-13T02:05:26.961+0000] {dag.py:3096} INFO - Sync 1 DAGs
[2024-07-13T02:05:26.978+0000] {logging_mixin.py:188} INFO - [2024-07-13T02:05:26.978+0000] {dag.py:3954} INFO - Setting next_dagrun for dnd_RF_classification to 2024-07-13 00:00:00+00:00, run_after=2024-07-14 00:00:00+00:00
[2024-07-13T02:05:27.003+0000] {processor.py:183} INFO - Processing /opt/airflow/dags/sklearn_ml_pipeline.py took 2.092 seconds
[2024-07-13T02:05:57.254+0000] {processor.py:161} INFO - Started process (PID=697) to work on /opt/airflow/dags/sklearn_ml_pipeline.py
[2024-07-13T02:05:57.256+0000] {processor.py:830} INFO - Processing file /opt/airflow/dags/sklearn_ml_pipeline.py for tasks to queue
[2024-07-13T02:05:57.257+0000] {logging_mixin.py:188} INFO - [2024-07-13T02:05:57.256+0000] {dagbag.py:545} INFO - Filling up the DagBag from /opt/airflow/dags/sklearn_ml_pipeline.py
[2024-07-13T02:05:59.045+0000] {processor.py:840} INFO - DAG(s) 'dnd_RF_classification' retrieved from /opt/airflow/dags/sklearn_ml_pipeline.py
[2024-07-13T02:05:59.064+0000] {logging_mixin.py:188} INFO - [2024-07-13T02:05:59.064+0000] {dag.py:3096} INFO - Sync 1 DAGs
[2024-07-13T02:05:59.083+0000] {logging_mixin.py:188} INFO - [2024-07-13T02:05:59.082+0000] {dag.py:3954} INFO - Setting next_dagrun for dnd_RF_classification to 2024-07-13 00:00:00+00:00, run_after=2024-07-14 00:00:00+00:00
[2024-07-13T02:05:59.104+0000] {processor.py:183} INFO - Processing /opt/airflow/dags/sklearn_ml_pipeline.py took 1.855 seconds
[2024-07-13T02:06:30.953+0000] {processor.py:161} INFO - Started process (PID=764) to work on /opt/airflow/dags/sklearn_ml_pipeline.py
[2024-07-13T02:06:30.971+0000] {processor.py:830} INFO - Processing file /opt/airflow/dags/sklearn_ml_pipeline.py for tasks to queue
[2024-07-13T02:06:30.972+0000] {logging_mixin.py:188} INFO - [2024-07-13T02:06:30.971+0000] {dagbag.py:545} INFO - Filling up the DagBag from /opt/airflow/dags/sklearn_ml_pipeline.py
[2024-07-13T02:06:33.040+0000] {processor.py:840} INFO - DAG(s) 'dnd_RF_classification' retrieved from /opt/airflow/dags/sklearn_ml_pipeline.py
[2024-07-13T02:06:33.060+0000] {logging_mixin.py:188} INFO - [2024-07-13T02:06:33.059+0000] {dag.py:3096} INFO - Sync 1 DAGs
[2024-07-13T02:06:33.086+0000] {logging_mixin.py:188} INFO - [2024-07-13T02:06:33.086+0000] {dag.py:3954} INFO - Setting next_dagrun for dnd_RF_classification to 2024-07-13 00:00:00+00:00, run_after=2024-07-14 00:00:00+00:00
[2024-07-13T02:06:33.119+0000] {processor.py:183} INFO - Processing /opt/airflow/dags/sklearn_ml_pipeline.py took 2.171 seconds
[2024-07-13T02:07:03.317+0000] {processor.py:161} INFO - Started process (PID=828) to work on /opt/airflow/dags/sklearn_ml_pipeline.py
[2024-07-13T02:07:03.318+0000] {processor.py:830} INFO - Processing file /opt/airflow/dags/sklearn_ml_pipeline.py for tasks to queue
[2024-07-13T02:07:03.319+0000] {logging_mixin.py:188} INFO - [2024-07-13T02:07:03.319+0000] {dagbag.py:545} INFO - Filling up the DagBag from /opt/airflow/dags/sklearn_ml_pipeline.py
[2024-07-13T02:07:07.270+0000] {processor.py:840} INFO - DAG(s) 'dnd_RF_classification' retrieved from /opt/airflow/dags/sklearn_ml_pipeline.py
[2024-07-13T02:07:07.313+0000] {logging_mixin.py:188} INFO - [2024-07-13T02:07:07.313+0000] {dag.py:3096} INFO - Sync 1 DAGs
[2024-07-13T02:07:07.359+0000] {logging_mixin.py:188} INFO - [2024-07-13T02:07:07.358+0000] {dag.py:3954} INFO - Setting next_dagrun for dnd_RF_classification to 2024-07-13 00:00:00+00:00, run_after=2024-07-14 00:00:00+00:00
[2024-07-13T02:07:07.391+0000] {processor.py:183} INFO - Processing /opt/airflow/dags/sklearn_ml_pipeline.py took 4.088 seconds
[2024-07-13T02:07:37.919+0000] {processor.py:161} INFO - Started process (PID=889) to work on /opt/airflow/dags/sklearn_ml_pipeline.py
[2024-07-13T02:07:37.920+0000] {processor.py:830} INFO - Processing file /opt/airflow/dags/sklearn_ml_pipeline.py for tasks to queue
[2024-07-13T02:07:37.921+0000] {logging_mixin.py:188} INFO - [2024-07-13T02:07:37.920+0000] {dagbag.py:545} INFO - Filling up the DagBag from /opt/airflow/dags/sklearn_ml_pipeline.py
[2024-07-13T02:07:42.847+0000] {processor.py:840} INFO - DAG(s) 'dnd_RF_classification' retrieved from /opt/airflow/dags/sklearn_ml_pipeline.py
[2024-07-13T02:07:42.867+0000] {logging_mixin.py:188} INFO - [2024-07-13T02:07:42.866+0000] {dag.py:3096} INFO - Sync 1 DAGs
[2024-07-13T02:07:42.905+0000] {logging_mixin.py:188} INFO - [2024-07-13T02:07:42.905+0000] {dag.py:3954} INFO - Setting next_dagrun for dnd_RF_classification to 2024-07-13 00:00:00+00:00, run_after=2024-07-14 00:00:00+00:00
[2024-07-13T02:07:42.942+0000] {processor.py:183} INFO - Processing /opt/airflow/dags/sklearn_ml_pipeline.py took 5.028 seconds
[2024-07-13T02:08:13.855+0000] {processor.py:161} INFO - Started process (PID=954) to work on /opt/airflow/dags/sklearn_ml_pipeline.py
[2024-07-13T02:08:13.862+0000] {processor.py:830} INFO - Processing file /opt/airflow/dags/sklearn_ml_pipeline.py for tasks to queue
[2024-07-13T02:08:13.863+0000] {logging_mixin.py:188} INFO - [2024-07-13T02:08:13.863+0000] {dagbag.py:545} INFO - Filling up the DagBag from /opt/airflow/dags/sklearn_ml_pipeline.py
[2024-07-13T02:08:17.585+0000] {processor.py:840} INFO - DAG(s) 'dnd_RF_classification' retrieved from /opt/airflow/dags/sklearn_ml_pipeline.py
[2024-07-13T02:08:17.621+0000] {logging_mixin.py:188} INFO - [2024-07-13T02:08:17.620+0000] {dag.py:3096} INFO - Sync 1 DAGs
[2024-07-13T02:08:17.666+0000] {logging_mixin.py:188} INFO - [2024-07-13T02:08:17.666+0000] {dag.py:3954} INFO - Setting next_dagrun for dnd_RF_classification to 2024-07-13 00:00:00+00:00, run_after=2024-07-14 00:00:00+00:00
[2024-07-13T02:08:17.705+0000] {processor.py:183} INFO - Processing /opt/airflow/dags/sklearn_ml_pipeline.py took 3.855 seconds
[2024-07-13T02:08:48.505+0000] {processor.py:161} INFO - Started process (PID=1019) to work on /opt/airflow/dags/sklearn_ml_pipeline.py
[2024-07-13T02:08:48.506+0000] {processor.py:830} INFO - Processing file /opt/airflow/dags/sklearn_ml_pipeline.py for tasks to queue
[2024-07-13T02:08:48.506+0000] {logging_mixin.py:188} INFO - [2024-07-13T02:08:48.506+0000] {dagbag.py:545} INFO - Filling up the DagBag from /opt/airflow/dags/sklearn_ml_pipeline.py
[2024-07-13T02:08:50.247+0000] {processor.py:840} INFO - DAG(s) 'dnd_RF_classification' retrieved from /opt/airflow/dags/sklearn_ml_pipeline.py
[2024-07-13T02:08:50.260+0000] {logging_mixin.py:188} INFO - [2024-07-13T02:08:50.259+0000] {dag.py:3096} INFO - Sync 1 DAGs
[2024-07-13T02:08:50.276+0000] {logging_mixin.py:188} INFO - [2024-07-13T02:08:50.276+0000] {dag.py:3954} INFO - Setting next_dagrun for dnd_RF_classification to 2024-07-13 00:00:00+00:00, run_after=2024-07-14 00:00:00+00:00
[2024-07-13T02:08:50.297+0000] {processor.py:183} INFO - Processing /opt/airflow/dags/sklearn_ml_pipeline.py took 1.796 seconds
